10000 62 114.106 429.0 5.031 0.1924 56.7426 
20000 126 145.181 841.0 6.108 1.0838 69.9212 
30000 189 156.313 1273.0 6.756 2.2065 87.9003 
40000 244 171.899 1737.0 7.819 2.7198 95.6119 
50000 308 158.128 2193.0 7.162 2.5632 87.3823 
60000 370 157.885 2630.0 6.782 2.5789 80.1553 
70000 427 168.208 3100.0 7.753 2.7535 94.2336 
80000 489 163.68 3575.0 7.763 2.6796 104.7241 
90000 549 165.675 4061.0 7.982 2.7119 106.3521 
100000 608 171.243 4558.0 8.391 2.8148 99.1653 
110000 669 161.905 5088.0 8.263 2.66 93.4555 
120000 730 165.767 5577.0 8.385 2.721 94.035 
130000 792 164.188 6074.0 8.19 2.6925 93.207 
140000 852 165.619 6593.0 8.593 2.7135 97.3567 
150000 911 164.913 7124.0 8.694 2.6966 106.7376 
160000 970 168.34 7658.0 8.642 2.7684 114.829 
170000 1028 170.194 8212.0 9.259 2.7817 114.9417 
180000 1087 170.454 8722.0 8.983 2.7607 114.091 
190000 1145 174.719 9277.0 9.501 2.8173 112.5137 
200000 1203 171.374 9820.0 9.277 2.7695 110.9239 
210000 1260 173.458 10351.0 9.338 2.8067 107.462 
220000 1315 179.211 10882.0 9.546 2.8869 110.5318 
230000 1373 175.127 11417.0 9.372 2.8295 109.8611 
240000 1427 180.177 11980.0 10.053 2.9055 133.7849 
250000 1484 175.99 12555.0 9.653 2.8439 120.0119 
260000 1539 182.421 13136.0 10.343 2.9547 127.0432 
270000 1602 164.671 13687.0 9.053 2.6681 103.6239 
280000 1661 166.503 14240.0 9.417 2.7116 126.6724 
290000 1718 171.488 14834.0 10.041 2.7889 120.779 
300000 1775 174.506 15408.0 9.991 2.8317 127.1616 
310000 1829 178.341 15966.0 9.877 2.8815 136.6448 
320000 1888 171.98 16483.0 9.08 2.791 118.4099 
330000 1941 178.684 17035.0 9.637 2.8984 122.0156 
340000 2000 171.866 17571.0 9.683 2.7766 113.8188 
350000 2056 176.492 18157.0 9.867 2.8472 118.8659 
360000 2113 178.051 18735.0 10.181 2.8818 124.0477 
370000 2168 175.739 19295.0 9.811 2.8483 115.9549 
380000 2217 198.344 19920.0 12.011 3.2129 156.8481 
390000 2271 188.147 20509.0 11.038 3.0344 144.3023 
400000 2323 189.517 21137.0 11.615 3.057 141.1392 
410000 2379 180.28 21725.0 10.677 2.9179 128.777 
420000 2436 176.612 22309.0 10.317 2.8629 116.805 
430000 2488 184.475 22960.0 11.592 2.9876 135.0316 
440000 2543 180.06 23577.0 11.015 2.9081 133.7649 
450000 2596 189.898 24229.0 12.223 3.0574 154.7911 
460000 2645 203.669 24916.0 13.842 3.2859 179.1928 
470000 2696 200.834 25597.0 13.461 3.2449 174.9106 
480000 2745 197.565 26273.0 13.132 3.185 170.3318 
490000 2802 185.073 26911.0 11.851 2.9846 156.4261 
500000 2851 198.606 27550.0 12.714 3.2149 160.2602 
510000 2902 194.683 28125.0 11.819 3.1333 146.8117 
520000 2956 194.521 28754.0 12.253 3.1334 159.2517 
530000 3007 196.46 29331.0 11.537 3.1636 158.4293 
540000 3055 206.274 30037.0 13.878 3.3238 183.5798 
550000 3103 209.718 30740.0 14.516 3.3788 203.1172 
560000 3155 196.149 31410.0 13.405 3.158 176.2255 
570000 3204 200.807 32069.0 13.215 3.2399 174.2213 
580000 3254 201.504 32787.0 14.172 3.2522 178.0405 
590000 3303 207.958 33455.0 14.069 3.3596 192.3346 
600000 3351 209.762 34148.0 14.401 3.3956 192.6359 
610000 3403 201.123 34909.0 14.928 3.2529 204.1602 
620000 3450 208.928 35603.0 14.941 3.3681 205.555 
630000 3500 203.893 36269.0 13.879 3.2844 180.2097 
640000 3552 193.486 36905.0 12.581 3.1357 159.4116 
650000 3600 202.701 37544.0 12.76 3.2843 169.9405 
660000 3648 207.547 38177.0 13.402 3.35 174.8885 
670000 3699 197.434 38802.0 12.35 3.1989 157.8577 
680000 3747 205.074 39563.0 14.729 3.3073 189.8685 
690000 3793 217.78 40339.0 16.451 3.5067 240.0689 
700000 3840 211.422 41080.0 15.943 3.4029 225.537 
710000 3883 220.98 41918.0 17.657 3.5603 243.8537 
720000 3932 210.389 42627.0 15.51 3.397 216.2152 
730000 3976 217.769 43353.0 15.751 3.5128 220.825 
740000 4020 223.17 44068.0 16.079 3.6001 226.748 
750000 4064 224.971 44889.0 17.46 3.6395 235.2613 
