1000 9 59.771 -133.244 -7.138 0.0224 
2000 19 85.716 -202.534 -7.47 0.0321 
3000 29 95.635 -262.466 -6.473 0.0367 
4000 40 94.102 -312.555 -4.577 0.0359 
5000 50 94.334 -342.889 -3.663 0.0355 
6000 61 90.126 -367.642 -2.516 0.0338 
7000 71 100.074 -390.298 -2.044 0.0411 
8000 81 103.663 -406.507 -2.486 0.0456 
9000 87 116.719 -549.188 -10.45 0.1515 
10000 94 135.276 -756.007 -20.992 0.2725 
11000 99 175.072 -826.025 -19.524 0.4164 
12000 103 190.214 -850.624 -14.259 0.4723 
13000 109 182.981 -914.366 -13.019 0.4639 
14000 114 182.24 -957.749 -11.047 0.4651 
15000 118 191.223 -996.613 -10.072 0.5018 
16000 121 247.681 -1056.267 -13.07 0.7123 
17000 123 297.992 -1090.659 -14.427 0.9459 
18000 126 318.305 -1129.117 -13.819 0.9953 
19000 129 317.021 -1163.357 -13.146 0.971 
20000 132 326.653 -1175.805 -10.774 0.9965 
21000 135 320.446 -1222.83 -11.817 0.9781 
22000 140 279.506 -1235.495 -7.954 0.837 
23000 144 256.376 -1275.761 -8.168 0.7632 
24000 146 243.015 -1273.416 -7.944 0.7175 
25000 152 244.536 -1286.15 -4.964 0.7427 
26000 158 208.908 -1318.56 -4.836 0.6124 
27000 162 229.955 -1330.682 -4.124 0.6735 
28000 168 192.59 -1356.018 -3.348 0.5498 
29000 175 171.05 -1402.248 -5.751 0.4776 
30000 183 144.155 -1466.825 -7.02 0.3957 
31000 188 167.636 -1478.713 -5.941 0.4638 
32000 189 191.572 -1483.198 -5.348 0.5403 
33000 194 222.133 -1548.707 -9.513 0.6777 
34000 199 220.842 -1602.546 -10.074 0.667 
35000 201 198.412 -1625.317 -10.455 0.5948 
36000 203 277.913 -1617.917 -7.886 0.9434 
37000 205 369.0 -1604.449 -5.522 1.33 
38000 207 399.53 -1613.43 -4.7 1.4636 
39000 208 459.577 -1627.28 -5.792 1.6956 
40000 211 402.915 -1608.836 -2.475 1.4304 
41000 212 404.523 -1617.386 -2.776 1.4309 
42000 214 489.264 -1616.066 -2.492 1.8197 
43000 215 499.437 -1628.82 -3.339 1.874 
44000 218 496.861 -1628.678 -2.429 1.8672 
45000 221 441.728 -1626.444 -1.578 1.6152 
46000 223 431.269 -1636.04 -1.788 1.5472 
47000 227 383.556 -1647.35 -2.222 1.3337 
48000 231 349.871 -1629.615 -0.041 1.1668 
49000 235 311.626 -1620.947 0.726 1.0269 
50000 239 280.475 -1595.2 2.434 0.8965 
51000 241 307.215 -1592.929 2.514 1.0094 
52000 242 326.793 -1594.673 1.842 1.0899 
53000 246 360.684 -1600.984 0.958 1.2871 
54000 248 375.274 -1588.524 1.504 1.335 
55000 250 346.272 -1568.374 2.758 1.2048 
56000 252 430.23 -1550.29 4.369 1.569 
57000 253 482.107 -1543.986 4.733 1.7589 
58000 255 468.427 -1547.698 3.259 1.6668 
59000 257 487.966 -1538.454 3.412 1.7195 
60000 259 509.202 -1544.634 2.665 1.8097 
61000 260 521.182 -1532.552 3.298 1.8249 
62000 262 518.967 -1522.049 4.085 1.7923 
63000 266 455.257 -1518.29 3.069 1.5273 
64000 267 485.231 -1503.685 3.727 1.6536 
65000 268 536.708 -1498.985 3.944 1.943 
66000 269 555.637 -1495.976 3.795 2.0513 
67000 272 530.79 -1475.212 4.452 1.9418 
68000 273 577.711 -1472.324 4.851 2.1367 
69000 274 538.24 -1461.97 4.752 1.9733 
70000 276 579.924 -1454.897 5.09 2.2098 
71000 279 531.832 -1431.929 5.031 2.0169 
72000 280 570.948 -1426.618 5.416 2.1637 
73000 282 554.608 -1418.108 5.153 2.0587 
74000 283 568.147 -1409.213 5.332 2.0995 
75000 285 566.689 -1403.205 4.73 2.0494 
76000 286 604.52 -1394.488 5.47 2.4426 
77000 288 583.862 -1393.643 4.742 2.3048 
78000 290 571.758 -1391.434 3.941 2.2172 
79000 291 610.082 -1380.362 4.207 2.432 
80000 293 623.086 -1371.761 4.524 2.529 
81000 294 646.078 -1365.513 4.664 2.5782 
82000 295 681.47 -1368.197 3.657 2.8637 
83000 299 546.033 -1357.722 3.867 2.1968 
84000 301 534.387 -1352.186 3.76 2.1176 
85000 302 533.848 -1353.009 3.434 2.0944 
86000 304 544.077 -1348.035 2.82 2.1214 
87000 306 529.912 -1343.761 2.691 2.0532 
88000 308 523.449 -1338.443 2.97 2.0854 
89000 309 571.104 -1343.068 1.706 2.3095 
90000 310 613.994 -1342.613 1.797 2.5017 
91000 311 652.594 -1340.434 1.862 2.717 
92000 313 611.081 -1347.627 1.058 2.4597 
93000 315 632.576 -1357.282 -0.205 2.51 
94000 316 649.318 -1354.731 -0.199 2.5859 
95000 317 622.587 -1361.305 -0.458 2.4505 
96000 318 660.328 -1369.961 -0.711 2.6136 
97000 319 694.295 -1374.275 -1.34 2.7627 
98000 321 710.479 -1366.929 -1.897 2.8242 
99000 322 739.431 -1375.631 -1.501 3.0368 
100000 323 744.688 -1389.666 -2.2 3.0205 
