1000 11 17.192 -196.971 -3.528 0.0553 0.0 
2000 21 31.789 -394.718 -6.621 0.1104 0.0 
3000 34 43.187 -545.065 -7.745 0.1475 0.0 
4000 45 53.171 -686.963 -8.9 0.1783 0.0 
5000 52 65.192 -837.777 -10.565 0.2647 0.0 
6000 57 75.057 -904.322 -10.683 0.3414 0.0 
7000 63 87.954 -1004.074 -11.478 0.4333 0.0 
8000 68 95.991 -1095.72 -11.956 0.4907 0.0 
9000 74 104.873 -1201.382 -12.612 0.5844 0.0 
10000 82 109.783 -1442.046 -15.491 0.6639 0.0 
11000 89 111.682 -1749.287 -19.034 0.7086 0.0 
12000 94 119.862 -1807.033 -18.502 0.7982 0.0 
13000 95 137.465 -1817.541 -18.4 0.9974 0.0 
14000 96 154.556 -1832.876 -18.297 1.2062 0.0 
15000 98 165.301 -1919.078 -18.494 1.3213 0.0 
16000 101 179.136 -2023.396 -19.868 1.4512 0.0 
17000 106 181.996 -2142.463 -20.278 1.4777 0.0 
18000 113 177.506 -2373.375 -22.107 1.4426 0.0 
19000 120 172.746 -2576.292 -22.878 1.4037 0.0 
20000 127 169.527 -2821.008 -24.731 1.3807 0.0 
21000 135 163.068 -2985.401 -24.041 1.3287 0.0 
22000 142 158.495 -3177.132 -24.149 1.2931 0.0 
23000 150 155.004 -3334.126 -23.652 1.2662 0.0 
24000 158 149.907 -3453.31 -22.4 1.2274 0.0 
25000 165 149.897 -3532.492 -20.993 1.2278 0.0 
26000 170 153.553 -3600.796 -20.218 1.2611 0.0 
27000 174 158.49 -3689.42 -19.847 1.3047 0.0 
28000 179 166.54 -3762.147 -19.91 1.3773 0.0 
29000 182 170.829 -3876.578 -20.782 1.4136 0.0 
30000 186 179.356 -3983.471 -21.339 1.4906 0.0 
31000 189 189.406 -4043.362 -21.315 1.5873 0.0 
32000 193 193.98 -4089.093 -20.611 1.6332 0.0 
33000 196 196.153 -4098.504 -19.754 1.6558 0.0 
34000 199 210.84 -4091.507 -18.328 1.8054 0.0 
35000 201 222.164 -4129.221 -18.288 1.9232 0.0 
36000 204 228.343 -4161.394 -17.793 2.0201 0.0 
37000 207 235.542 -4171.888 -17.072 2.0989 0.0 
38000 209 241.253 -4196.857 -16.711 2.1542 0.0 
39000 210 242.928 -4221.116 -16.733 2.1674 0.0 
40000 213 265.125 -4246.555 -16.488 2.4062 0.0 
41000 214 278.303 -4270.161 -16.515 2.5609 0.0 
42000 217 276.787 -4303.569 -16.224 2.5375 0.0 
43000 218 291.251 -4315.892 -16.2 2.6935 0.0 
44000 219 305.426 -4322.923 -16.114 2.8721 0.0 
45000 220 319.317 -4335.573 -15.913 3.059 0.0 
46000 221 332.931 -4341.78 -15.846 3.2094 0.0 
47000 223 347.466 -4356.296 -15.455 3.3528 0.0 
48000 224 360.516 -4366.563 -15.384 3.5202 0.0 
49000 225 373.306 -4378.172 -15.305 3.6539 0.0 
50000 226 385.84 -4387.144 -15.143 3.7743 0.0 
51000 227 398.123 -4399.204 -15.054 3.92 0.0 
52000 228 410.161 -4409.438 -14.974 4.0535 0.0 
53000 229 421.957 -4422.595 -14.941 4.195 0.0 
54000 230 433.518 -4432.335 -14.855 4.3775 0.0 
55000 231 444.848 -4438.702 -14.729 4.4984 0.0 
56000 232 455.951 -4443.439 -14.497 4.6024 0.0 
57000 233 461.432 -4451.395 -14.379 4.6601 0.0 
58000 234 459.863 -4467.025 -14.101 4.6319 0.0 
59000 235 470.646 -4482.612 -14.159 4.7701 0.0 
60000 237 479.988 -4492.616 -14.023 4.8894 0.0 
61000 238 490.389 -4500.62 -13.918 5.0086 0.0 
62000 239 500.581 -4508.202 -13.77 5.1031 0.0 
63000 241 508.642 -4526.396 -13.62 5.1583 0.0 
64000 243 503.373 -4547.604 -13.33 5.0862 0.0 
65000 245 501.265 -4564.266 -13.214 5.0489 0.0 
66000 246 506.54 -4581.284 -13.192 5.104 0.0 
67000 248 509.831 -4596.822 -13.044 5.1301 0.0 
68000 250 518.161 -4616.579 -12.978 5.2289 0.0 
69000 251 520.578 -4625.26 -12.842 5.242 0.0 
70000 253 525.882 -4641.987 -12.746 5.3047 0.0 
71000 254 533.044 -4654.422 -12.798 5.3847 0.0 
72000 256 528.762 -4674.762 -12.533 5.322 0.0 
73000 258 530.604 -4687.401 -12.408 5.338 0.0 
74000 259 532.292 -4708.98 -12.419 5.3488 0.0 
75000 262 531.393 -4733.122 -12.298 5.3389 0.0 
76000 264 525.134 -4760.956 -12.247 5.2659 0.0 
77000 269 497.871 -4789.416 -11.742 4.9581 0.0 
78000 273 478.972 -4817.021 -11.321 4.7465 0.0 
79000 275 471.134 -4835.891 -11.279 4.6555 0.0 
80000 278 465.113 -4865.269 -11.183 4.5738 0.0 
81000 280 471.554 -4878.352 -11.003 4.6213 0.0 
82000 283 460.022 -4905.961 -10.936 4.4893 0.0 
83000 286 457.65 -4933.938 -10.879 4.4562 0.0 
84000 289 446.466 -4968.858 -10.741 4.338 0.0 
85000 294 424.872 -5006.953 -10.617 4.1035 0.0 
86000 298 411.183 -5045.648 -10.493 3.9547 0.0 
87000 303 390.673 -5101.975 -10.42 3.7357 0.0 
88000 308 374.989 -5138.166 -10.273 3.5619 0.0 
89000 310 375.918 -5158.714 -10.32 3.5635 0.0 
90000 312 380.53 -5186.102 -10.437 3.6081 0.0 
91000 316 374.173 -5229.506 -10.43 3.5416 0.0 
92000 318 370.48 -5247.075 -10.351 3.5 0.0 
93000 321 374.994 -5276.115 -10.19 3.5424 0.0 
94000 325 365.112 -5305.96 -10.139 3.4386 0.0 
95000 326 370.63 -5323.551 -10.092 3.4852 0.0 
96000 329 377.534 -5356.042 -10.291 3.5467 0.0 
97000 332 374.363 -5380.317 -10.138 3.5106 0.0 
98000 336 362.095 -5412.509 -9.898 3.3812 0.0 
99000 342 339.416 -5432.561 -9.205 3.1508 0.0 
100000 347 329.348 -5461.175 -8.953 3.0474 0.0 
101000 348 337.441 -5471.26 -8.916 3.1313 0.0 
102000 353 327.924 -5485.794 -8.362 3.0308 0.0 
103000 358 316.84 -5503.613 -7.915 2.9125 0.0 
104000 361 313.703 -5527.514 -7.813 2.8746 0.0 
105000 365 311.951 -5544.386 -7.609 2.8533 0.0 
106000 368 312.86 -5551.402 -7.355 2.8677 0.0 
107000 374 297.798 -5574.251 -6.899 2.712 0.0 
108000 376 296.6 -5588.118 -6.911 2.6972 0.0 
109000 377 310.668 -5590.345 -6.753 2.8537 0.0 
110000 379 326.965 -5596.685 -6.658 3.0518 0.0 
111000 380 340.426 -5588.723 -6.408 3.1952 0.0 
112000 383 337.324 -5594.107 -6.152 3.1657 0.0 
113000 390 313.786 -5626.533 -5.903 2.9233 0.0 
114000 395 299.901 -5638.566 -5.659 2.7772 0.0 
115000 398 301.249 -5647.938 -5.368 2.7858 0.0 
116000 401 302.363 -5650.664 -5.231 2.7906 0.0 
117000 402 306.455 -5644.916 -5.008 2.8319 0.0 
118000 404 315.872 -5636.107 -4.674 2.9589 0.0 
119000 407 322.083 -5618.718 -4.106 3.0316 0.0 
120000 408 335.641 -5610.638 -3.871 3.2134 0.0 
121000 412 333.603 -5601.282 -3.278 3.1929 0.0 
122000 414 326.162 -5605.665 -3.254 3.114 0.0 
123000 416 347.086 -5613.094 -3.231 3.3668 0.0 
124000 419 337.62 -5618.322 -3.073 3.2607 0.0 
125000 423 332.835 -5617.546 -2.874 3.2054 0.0 
126000 426 337.573 -5621.001 -2.875 3.2486 0.0 
127000 427 337.501 -5633.681 -2.846 3.2456 0.0 
128000 429 349.736 -5637.568 -2.91 3.4274 0.0 
129000 430 362.742 -5646.266 -3.014 3.5976 0.0 
130000 432 372.797 -5656.569 -3.199 3.7442 0.0 
131000 434 382.927 -5659.458 -3.059 3.8566 0.0 
132000 436 380.638 -5655.152 -2.849 3.8169 0.0 
133000 438 387.771 -5644.908 -2.687 3.8976 0.0 
134000 439 394.256 -5639.0 -2.394 3.9549 0.0 
135000 440 405.371 -5645.452 -2.294 4.0799 0.0 
136000 443 405.166 -5652.563 -2.477 4.0656 0.0 
137000 447 400.789 -5656.408 -2.309 4.012 0.0 
138000 448 406.534 -5650.65 -2.203 4.0874 0.0 
139000 450 409.187 -5641.932 -1.966 4.1025 0.0 
140000 452 413.266 -5620.749 -1.516 4.1349 0.0 
141000 454 414.144 -5603.914 -1.099 4.1329 0.0 
142000 455 421.381 -5606.489 -1.01 4.2235 0.0 
143000 456 431.614 -5608.804 -1.01 4.3244 0.0 
144000 458 446.102 -5611.054 -1.066 4.5025 0.0 
145000 459 446.86 -5620.509 -1.119 4.5043 0.0 
146000 460 457.923 -5620.548 -1.172 4.599 0.0 
147000 463 463.622 -5618.114 -1.091 4.6984 0.0 
148000 465 457.897 -5609.411 -0.861 4.624 0.0 
149000 470 438.892 -5599.336 -0.597 4.4133 0.0 
150000 472 440.617 -5583.35 -0.343 4.4392 0.0 
151000 474 436.606 -5588.604 -0.406 4.3912 0.0 
152000 476 442.96 -5574.977 -0.077 4.464 0.0 
153000 478 446.668 -5568.888 0.045 4.5156 0.0 
154000 481 441.538 -5570.135 0.021 4.4503 0.0 
155000 483 444.5 -5561.198 0.222 4.457 0.0 
156000 485 437.591 -5546.992 0.277 4.3753 0.0 
157000 490 420.386 -5533.598 0.675 4.1691 0.0 
158000 493 416.107 -5514.982 0.963 4.1178 0.0 
159000 496 411.04 -5504.156 1.107 4.0475 0.0 
160000 498 408.075 -5487.584 1.347 4.0191 0.0 
161000 501 411.512 -5467.725 1.748 4.0557 0.0 
162000 504 403.168 -5458.64 1.887 3.9567 0.0 
163000 508 394.143 -5463.837 1.63 3.8598 0.0 
164000 512 384.598 -5472.694 1.307 3.7501 0.0 
165000 516 373.516 -5443.594 1.74 3.6235 0.0 
166000 517 369.885 -5441.519 1.839 3.5832 0.0 
167000 519 383.378 -5434.331 1.743 3.759 0.0 
168000 521 391.716 -5445.833 1.347 3.8921 0.0 
169000 522 403.882 -5446.469 1.419 4.09 0.0 
170000 523 404.464 -5452.962 1.421 4.0904 0.0 
171000 525 421.527 -5450.871 1.33 4.3263 0.0 
172000 526 429.717 -5458.483 1.214 4.399 0.0 
173000 528 436.454 -5452.348 1.212 4.4461 0.0 
174000 529 439.245 -5450.865 1.222 4.4714 0.0 
175000 534 425.453 -5436.789 1.396 4.2914 0.0 
176000 536 416.476 -5426.783 1.601 4.1885 0.0 
177000 538 417.577 -5414.287 1.666 4.1801 0.0 
178000 540 432.174 -5408.662 1.627 4.3346 0.0 
179000 543 426.532 -5409.593 1.677 4.2537 0.0 
180000 549 399.239 -5388.966 1.844 3.9491 0.0 
181000 551 391.902 -5374.376 1.957 3.8669 0.0 
182000 554 396.515 -5367.824 1.915 3.9393 0.0 
183000 559 377.018 -5346.789 2.106 3.7223 0.0 
184000 562 376.603 -5332.752 2.427 3.7021 0.0 
185000 563 388.531 -5333.586 2.364 3.8455 0.0 
186000 567 378.277 -5313.27 2.526 3.7187 0.0 
187000 568 390.691 -5313.192 2.505 3.8936 0.0 
188000 574 363.907 -5296.959 2.435 3.5967 0.0 
189000 575 376.629 -5299.049 2.448 3.7317 0.0 
190000 577 374.598 -5294.928 2.51 3.703 0.0 
191000 578 387.106 -5296.503 2.322 3.8309 0.0 
192000 580 398.242 -5301.999 2.085 3.9513 0.0 
193000 582 400.865 -5302.692 1.979 3.9948 0.0 
194000 587 385.512 -5307.826 1.792 3.8169 0.0 
195000 590 380.872 -5313.889 1.524 3.7644 0.0 
196000 591 386.474 -5316.159 1.601 3.8349 0.0 
197000 594 384.312 -5314.674 1.262 3.8192 0.0 
198000 597 379.541 -5317.816 1.295 3.7763 0.0 
199000 599 387.131 -5316.022 1.229 3.866 0.0 
200000 602 383.257 -5320.811 0.969 3.8124 0.0 
201000 603 395.592 -5331.225 0.889 4.0145 0.0 
202000 606 391.764 -5333.061 0.856 3.955 0.0 
203000 607 391.748 -5340.524 0.738 3.9513 0.0 
204000 610 405.896 -5352.308 0.381 4.1501 0.0 
205000 612 400.75 -5351.97 0.394 4.0819 0.0 
206000 613 412.735 -5364.909 0.235 4.2379 0.0 
207000 617 403.748 -5390.432 -0.473 4.1297 0.0 
208000 618 410.933 -5436.964 -1.033 4.2219 0.0 
209000 620 409.996 -5461.099 -1.445 4.2024 0.0 
210000 622 417.54 -5456.58 -1.59 4.3 0.0 
211000 624 426.174 -5464.031 -1.901 4.3874 0.0 
212000 625 437.65 -5469.611 -1.905 4.5216 0.0 
213000 627 443.939 -5479.444 -1.868 4.5899 0.0 
214000 628 440.881 -5479.28 -1.831 4.5513 0.0 
215000 629 452.063 -5470.431 -1.793 4.6525 0.0 
216000 630 463.022 -5468.229 -1.528 4.76 0.0 
217000 633 466.532 -5461.103 -1.502 4.807 0.0 
218000 635 470.897 -5471.599 -1.472 4.9054 0.0 
219000 636 464.599 -5467.779 -1.382 4.8334 0.0 
220000 638 472.861 -5471.768 -1.372 4.9399 0.0 
221000 639 483.404 -5475.529 -1.434 5.0254 0.0 
222000 640 483.956 -5482.815 -1.396 5.0264 0.0 
223000 644 482.75 -5474.173 -1.377 5.0372 0.0 
224000 646 479.516 -5469.631 -1.21 4.9895 0.0 
225000 647 489.926 -5476.273 -1.291 5.0897 0.0 
226000 649 494.899 -5479.413 -1.262 5.1299 0.0 
227000 650 505.001 -5482.656 -1.306 5.2527 0.0 
228000 652 504.099 -5478.391 -1.193 5.2319 0.0 
229000 655 489.003 -5466.288 -0.988 5.0497 0.0 
230000 659 472.244 -5437.166 -0.298 4.8541 0.0 
231000 660 482.799 -5441.325 -0.356 4.9659 0.0 
232000 662 487.28 -5449.536 -0.446 5.0286 0.0 
233000 667 457.583 -5416.546 0.177 4.69 0.0 
234000 669 448.452 -5413.689 0.39 4.5806 0.0 
235000 670 459.483 -5406.768 0.299 4.6754 0.0 
236000 673 465.256 -5405.353 0.457 4.7227 0.0 
237000 676 452.323 -5390.746 0.755 4.5697 0.0 
238000 680 437.997 -5378.373 0.741 4.3914 0.0 
239000 683 433.203 -5351.026 1.187 4.3342 0.0 
240000 684 432.779 -5337.174 1.414 4.3322 0.0 
241000 688 430.07 -5310.439 1.914 4.2912 0.0 
242000 690 434.939 -5300.48 2.196 4.3189 0.0 
243000 691 434.16 -5290.01 2.161 4.3066 0.0 
244000 693 447.686 -5276.088 2.502 4.4371 0.0 
245000 695 438.731 -5250.629 2.72 4.3371 0.0 
246000 696 449.956 -5248.405 2.885 4.4801 0.0 
247000 697 460.957 -5242.727 2.794 4.6415 0.0 
248000 698 471.738 -5232.605 2.944 4.7464 0.0 
249000 700 467.592 -5227.627 3.189 4.6889 0.0 
250000 702 485.895 -5223.285 3.114 4.9328 0.0 
251000 703 496.177 -5225.379 2.984 5.0396 0.0 
252000 704 506.253 -5224.711 2.954 5.162 0.0 
253000 705 516.128 -5223.38 2.912 5.292 0.0 
254000 706 525.806 -5225.569 2.837 5.463 0.0 
255000 707 535.29 -5226.234 2.717 5.5766 0.0 
256000 709 521.559 -5212.817 2.788 5.4216 0.0 
257000 711 521.785 -5210.153 2.701 5.4424 0.0 
258000 713 522.223 -5206.95 2.648 5.4277 0.0 
259000 714 531.778 -5210.063 2.559 5.5241 0.0 
260000 715 541.143 -5213.338 2.486 5.6463 0.0 
261000 716 550.32 -5217.386 2.337 5.7905 0.0 
262000 717 559.313 -5216.129 2.277 5.8848 0.0 
263000 718 568.127 -5221.553 2.22 5.9497 0.0 
264000 719 576.765 -5222.742 2.055 6.1092 0.0 
265000 720 585.229 -5223.798 1.975 6.1895 0.0 
266000 722 583.574 -5221.654 1.948 6.2063 0.0 
267000 723 591.903 -5229.945 1.816 6.3121 0.0 
268000 724 600.065 -5228.336 1.691 6.4326 0.0 
269000 725 608.063 -5229.28 1.648 6.5308 0.0 
270000 727 605.444 -5229.726 1.567 6.5202 0.0 
271000 728 613.335 -5232.015 1.491 6.6271 0.0 
272000 731 598.928 -5238.245 1.329 6.4823 0.0 
273000 733 586.584 -5232.601 1.474 6.3276 0.0 
274000 735 592.955 -5222.531 1.402 6.3695 0.0 
275000 738 579.26 -5232.776 1.378 6.1763 0.0 
276000 739 572.955 -5238.924 1.308 6.0988 0.0 
277000 741 571.546 -5236.127 1.189 6.0974 0.0 
278000 743 570.133 -5234.726 1.111 6.06 0.0 
279000 744 578.73 -5240.601 1.069 6.1676 0.0 
280000 745 587.155 -5245.902 0.929 6.2366 0.0 
281000 747 585.664 -5242.46 0.891 6.2206 0.0 
282000 748 593.951 -5242.566 0.829 6.3339 0.0 
283000 749 602.072 -5244.656 0.755 6.4299 0.0 
284000 750 610.03 -5250.186 0.704 6.5311 0.0 
285000 752 607.513 -5244.304 0.756 6.489 0.0 
286000 753 615.363 -5245.951 0.656 6.588 0.0 
287000 754 623.056 -5250.307 0.565 6.6978 0.0 
288000 755 630.594 -5249.733 0.495 6.7821 0.0 
289000 757 626.843 -5245.19 0.684 6.7844 0.0 
290000 758 634.306 -5248.975 0.527 6.9219 0.0 
291000 759 641.62 -5248.681 0.555 6.9938 0.0 
292000 761 640.712 -5236.442 0.787 6.9857 0.0 
293000 763 634.482 -5247.829 0.532 6.8924 0.0 
294000 764 628.613 -5254.613 0.548 6.8175 0.0 
295000 765 636.04 -5261.938 0.434 6.8966 0.0 
296000 768 631.077 -5255.998 0.412 6.8227 0.0 
297000 769 638.456 -5262.323 0.283 6.9102 0.0 
298000 770 645.686 -5264.088 0.184 6.9944 0.0 
299000 771 647.253 -5265.614 0.073 6.9952 0.0 
300000 773 643.181 -5262.711 0.15 6.9434 0.0 
301000 774 650.318 -5269.453 0.009 7.047 0.0 
302000 775 657.311 -5269.718 -0.024 7.1036 0.0 
303000 777 652.702 -5275.541 -0.119 7.0627 0.0 
304000 779 648.555 -5279.975 -0.072 6.9971 0.0 
305000 780 655.584 -5289.115 -0.24 7.0558 0.0 
306000 781 662.472 -5291.005 -0.356 7.1553 0.0 
307000 783 651.14 -5288.912 -0.315 7.0074 0.0 
308000 785 646.935 -5289.748 -0.349 6.9788 0.0 
309000 787 644.336 -5278.87 0.006 6.9521 0.0 
310000 789 625.866 -5260.693 0.383 6.7371 0.0 
311000 790 633.348 -5265.036 0.282 6.8221 0.0 
312000 791 640.681 -5274.551 0.162 6.9012 0.0 
313000 794 627.021 -5257.87 0.225 6.7538 0.0 
314000 797 615.821 -5246.076 0.536 6.6006 0.0 
315000 803 564.388 -5194.828 1.417 6.01 0.0 
316000 806 546.688 -5173.943 1.709 5.7975 0.0 
317000 808 546.727 -5152.409 2.112 5.7765 0.0 
318000 811 524.704 -5123.816 2.46 5.5222 0.0 
319000 815 515.09 -5080.764 3.161 5.3732 0.0 
320000 817 506.501 -5056.66 3.465 5.2627 0.0 
321000 820 495.026 -5028.9 3.849 5.1231 0.0 
322000 823 492.566 -4997.559 4.239 5.0626 0.0 
323000 824 486.694 -5002.226 4.354 4.997 0.0 
324000 827 493.107 -4966.262 4.485 5.0261 0.0 
325000 832 467.91 -4923.18 5.114 4.7344 0.0 
326000 833 478.552 -4910.548 5.237 4.8506 0.0 
327000 834 472.721 -4906.225 5.311 4.7845 0.0 
328000 837 468.734 -4878.779 5.143 4.7623 0.0 
329000 839 471.813 -4855.791 5.445 4.7868 0.0 
330000 840 482.376 -4852.206 5.59 4.9016 0.0 
331000 842 490.574 -4834.714 5.623 4.9757 0.0 
332000 847 462.871 -4795.97 5.882 4.6624 0.0 
333000 848 473.614 -4796.121 5.702 4.7982 0.0 
334000 851 461.502 -4761.307 6.074 4.6529 0.0 
335000 853 465.747 -4760.712 5.762 4.7098 0.0 
336000 857 443.813 -4728.329 6.066 4.4662 0.0 
337000 859 447.418 -4728.018 5.798 4.4787 0.0 
338000 862 446.123 -4720.07 5.702 4.4762 0.0 
339000 863 457.2 -4727.23 5.526 4.6431 0.0 
340000 865 443.252 -4715.67 5.514 4.4922 0.0 
341000 869 433.719 -4696.567 5.284 4.4445 0.0 
342000 870 445.044 -4700.473 5.181 4.5553 0.0 
343000 873 447.551 -4684.622 5.351 4.6043 0.0 
344000 874 458.6 -4666.957 5.465 4.7079 0.0 
345000 875 469.428 -4671.266 5.318 4.8766 0.0 
346000 876 461.7 -4677.435 5.234 4.7926 0.0 
347000 879 456.451 -4675.196 4.87 4.745 0.0 
348000 880 467.322 -4678.586 4.708 4.8457 0.0 
349000 881 477.975 -4680.238 4.53 4.9892 0.0 
350000 886 458.852 -4653.246 4.533 4.8161 0.0 
351000 887 469.675 -4658.083 4.31 4.9771 0.0 
352000 888 480.281 -4663.633 4.173 5.1149 0.0 
353000 889 490.676 -4665.476 4.0 5.2283 0.0 
354000 890 500.862 -4665.169 3.868 5.3437 0.0 
355000 891 510.845 -4669.208 3.758 5.4617 0.0 
356000 892 520.628 -4668.631 3.627 5.5728 0.0 
357000 893 530.216 -4673.363 3.569 5.7051 0.0 
358000 894 539.611 -4672.922 3.422 5.8181 0.0 
359000 895 548.819 -4681.764 3.339 5.9394 0.0 
360000 896 557.843 -4673.776 3.202 6.0793 0.0 
361000 898 561.892 -4692.539 2.938 6.0972 0.0 
362000 899 570.654 -4693.824 2.836 6.2355 0.0 
363000 900 579.241 -4696.934 2.642 6.3615 0.0 
364000 901 587.656 -4699.281 2.537 6.4362 0.0 
365000 902 595.903 -4709.488 2.363 6.5533 0.0 
366000 903 603.985 -4709.477 2.313 6.6451 0.0 
367000 904 611.905 -4713.742 2.082 6.7449 0.0 
368000 905 607.567 -4720.879 2.022 6.6814 0.0 
369000 907 610.848 -4715.351 1.881 6.6842 0.0 
370000 908 618.631 -4726.911 1.819 6.7809 0.0 
371000 911 604.321 -4725.996 1.549 6.5848 0.0 
372000 912 601.075 -4734.731 1.457 6.5306 0.0 
373000 913 609.053 -4736.182 1.38 6.6395 0.0 
374000 914 616.872 -4743.01 1.328 6.7294 0.0 
375000 915 624.535 -4742.423 1.167 6.8182 0.0 
376000 916 632.044 -4747.506 1.166 6.9045 0.0 
377000 917 639.403 -4751.524 1.045 6.9933 0.0 
378000 918 646.615 -4753.772 0.952 7.0465 0.0 
379000 919 653.683 -4758.18 0.89 7.0913 0.0 
380000 920 660.609 -4761.902 0.792 7.1997 0.0 
381000 921 667.397 -4764.145 0.683 7.2725 0.0 
382000 922 674.049 -4768.642 0.627 7.3694 0.0 
383000 923 680.568 -4770.269 0.51 7.4734 0.0 
384000 924 686.957 -4773.434 0.473 7.5613 0.0 
385000 925 693.217 -4778.603 0.392 7.6313 0.0 
386000 926 699.353 -4784.526 0.278 7.6893 0.0 
387000 927 705.366 -4791.667 0.152 7.7544 0.0 
388000 929 708.414 -4788.763 -0.095 7.7449 0.0 
389000 930 704.485 -4802.0 -0.059 7.6869 0.0 
390000 932 703.28 -4810.41 -0.303 7.6657 0.0 
391000 933 699.014 -4822.994 -0.415 7.6051 0.0 
392000 934 705.034 -4831.617 -0.574 7.6693 0.0 
393000 935 710.933 -4835.794 -0.704 7.7065 0.0 
394000 936 716.714 -4844.526 -0.865 7.7961 0.0 
395000 937 722.38 -4856.503 -0.974 7.8329 0.0 
396000 938 727.933 -4863.274 -1.185 7.8682 0.0 
397000 939 733.374 -4873.586 -1.28 7.9369 0.0 
398000 940 738.706 -4879.888 -1.464 7.9709 0.0 
399000 941 743.932 -4882.761 -1.554 8.0259 0.0 
400000 942 749.054 -4885.589 -1.598 8.0947 0.0 
401000 943 754.073 -4896.476 -1.607 8.1481 0.0 
402000 944 758.991 -4905.306 -1.806 8.209 0.0 
403000 945 763.811 -4917.061 -1.959 8.2637 0.0 
404000 947 766.464 -4917.411 -2.171 8.2594 0.0 
405000 948 771.135 -4918.698 -2.256 8.3313 0.0 
406000 949 775.712 -4928.891 -2.382 8.4027 0.0 
407000 950 780.198 -4944.109 -2.529 8.4433 0.0 
408000 951 768.034 -4952.217 -2.376 8.3027 0.0 
409000 955 745.16 -4947.029 -2.303 8.0351 0.0 
410000 956 750.257 -4951.187 -2.387 8.0854 0.0 
411000 957 755.252 -4957.023 -2.421 8.1202 0.0 
412000 958 760.147 -4963.135 -2.419 8.1762 0.0 
413000 959 764.944 -4970.942 -2.519 8.237 0.0 
414000 960 769.645 -4972.173 -2.508 8.2733 0.0 
415000 961 756.632 -4962.94 -2.277 8.1271 0.0 
416000 962 761.499 -4961.223 -2.254 8.1705 0.0 
417000 963 766.269 -4954.651 -2.128 8.2141 0.0 
418000 966 757.591 -4936.908 -1.645 8.1079 0.0 
419000 967 750.699 -4932.115 -1.473 8.0262 0.0 
420000 968 755.685 -4941.325 -1.516 8.0797 0.0 
421000 969 760.571 -4950.82 -1.67 8.1193 0.0 
422000 970 765.36 -4956.467 -1.843 8.1805 0.0 
423000 971 770.052 -4969.551 -1.921 8.2247 0.0 
424000 972 774.651 -4973.397 -2.09 8.2501 0.0 
425000 973 779.158 -4977.099 -2.168 8.3217 0.0 
426000 974 783.575 -4983.553 -2.174 8.4192 0.0 
427000 975 787.904 -4981.753 -2.256 8.4853 0.0 
428000 976 792.146 -4983.507 -2.183 8.5366 0.0 
429000 977 796.303 -4984.04 -2.171 8.5948 0.0 
430000 978 800.377 -4984.801 -2.127 8.6022 0.0 
431000 980 799.042 -4977.229 -2.02 8.5808 0.0 
432000 981 794.381 -4974.255 -1.841 8.5105 0.0 
433000 983 784.383 -4965.395 -1.622 8.3928 0.0 
434000 984 788.696 -4964.411 -1.619 8.419 0.0 
435000 985 792.922 -4966.776 -1.58 8.4702 0.0 
436000 986 797.063 -4971.434 -1.556 8.5343 0.0 
437000 987 801.122 -4972.79 -1.657 8.5706 0.0 
438000 988 805.1 -4974.603 -1.661 8.6197 0.0 
439000 989 808.998 -4977.051 -1.643 8.6433 0.0 
440000 990 812.818 -4982.266 -1.716 8.7259 0.0 
441000 991 816.561 -4983.228 -1.725 8.7521 0.0 
442000 992 820.23 -4979.62 -1.596 8.8094 0.0 
443000 993 823.826 -4979.449 -1.566 8.8576 0.0 
444000 994 827.349 -4981.038 -1.524 8.8876 0.0 
445000 995 830.802 -4984.737 -1.572 8.9109 0.0 
446000 996 834.186 -4983.343 -1.568 8.9786 0.0 
447000 997 837.502 -4987.183 -1.555 8.9948 0.0 
448000 999 825.597 -4989.544 -1.511 8.8711 0.0 
449000 1000 826.925 -5015.492 -1.845 8.8825 0.0 
450000 1001 830.387 -5007.176 -1.785 8.937 0.0 
451000 1002 833.779 -5009.793 -1.901 9.0063 0.0 
452000 1003 837.103 -5017.723 -1.903 9.0465 0.0 
453000 1004 840.361 -5018.691 -1.967 9.1154 0.0 
454000 1005 843.554 -5017.825 -1.942 9.157 0.0 
455000 1006 846.683 -5018.94 -1.914 9.2126 0.0 
456000 1008 834.574 -5008.638 -1.595 9.0884 0.0 
457000 1009 837.883 -5014.233 -1.66 9.1473 0.0 
458000 1011 832.083 -5019.619 -1.576 9.0907 0.0 
459000 1012 828.861 -5011.849 -1.606 9.0308 0.0 
460000 1013 832.284 -5008.359 -1.499 9.0874 0.0 
461000 1015 821.382 -4999.081 -1.256 8.9842 0.0 
462000 1016 824.954 -5002.487 -1.292 8.9993 0.0 
463000 1017 828.455 -5009.002 -1.384 9.0558 0.0 
464000 1018 831.886 -5011.125 -1.391 9.1315 0.0 
465000 1019 835.248 -5012.751 -1.476 9.1812 0.0 
466000 1020 838.543 -5015.594 -1.455 9.2675 0.0 
467000 1021 841.772 -5013.592 -1.43 9.3189 0.0 
468000 1022 844.937 -5015.254 -1.389 9.3608 0.0 
469000 1023 842.438 -5007.534 -1.256 9.3412 0.0 
470000 1027 803.175 -4953.349 -0.088 8.8645 0.0 
471000 1030 774.989 -4913.772 0.727 8.5134 0.0 
472000 1031 779.489 -4900.737 0.837 8.5385 0.0 
473000 1033 763.995 -4876.647 1.409 8.3472 0.0 
474000 1035 758.381 -4851.862 1.876 8.2575 0.0 
475000 1036 763.213 -4835.17 2.124 8.2933 0.0 
476000 1037 765.749 -4814.883 2.469 8.2985 0.0 
477000 1038 770.434 -4803.206 2.678 8.3141 0.0 
478000 1039 761.385 -4795.549 2.87 8.2042 0.0 
479000 1040 766.157 -4778.756 2.946 8.2282 0.0 
480000 1041 770.834 -4767.113 3.227 8.24 0.0 
481000 1043 777.769 -4756.802 3.562 8.2657 0.0 
482000 1045 757.076 -4715.771 3.973 8.0286 0.0 
483000 1048 740.384 -4673.203 4.614 7.8203 0.0 
484000 1049 736.777 -4654.719 4.802 7.7653 0.0 
485000 1052 719.899 -4609.854 5.375 7.5539 0.0 
486000 1055 696.288 -4565.402 5.922 7.274 0.0 
487000 1057 681.381 -4535.951 6.342 7.0997 0.0 
488000 1058 687.753 -4527.51 6.493 7.1668 0.0 
489000 1059 693.998 -4533.959 6.306 7.2757 0.0 
490000 1060 700.118 -4538.366 6.079 7.3815 0.0 
491000 1061 706.116 -4546.101 5.888 7.4174 0.0 
492000 1062 711.993 -4541.317 5.625 7.5018 0.0 
493000 1063 717.753 -4543.193 5.58 7.5894 0.0 
494000 1064 723.398 -4537.883 5.443 7.6688 0.0 
495000 1065 720.37 -4526.454 5.618 7.6269 0.0 
496000 1067 721.004 -4495.032 5.899 7.604 0.0 
497000 1069 719.83 -4469.375 6.268 7.5632 0.0 
498000 1071 710.419 -4437.693 6.582 7.4318 0.0 
499000 1075 677.017 -4389.942 7.297 7.0504 0.0 
500000 1077 668.638 -4352.625 7.54 6.9562 0.0 
501000 1078 666.985 -4338.16 7.692 6.9373 0.0 
502000 1079 673.645 -4342.619 7.506 7.0218 0.0 
503000 1081 673.189 -4316.492 7.51 7.0063 0.0 
504000 1082 666.045 -4309.764 7.732 6.9244 0.0 
505000 1083 672.724 -4312.303 7.643 7.0364 0.0 
506000 1084 679.27 -4312.174 7.44 7.1269 0.0 
507000 1085 685.684 -4312.052 7.295 7.1928 0.0 
508000 1087 695.451 -4363.862 6.034 7.2989 0.0 
509000 1088 701.542 -4367.127 5.827 7.3752 0.0 
510000 1090 687.062 -4328.379 6.214 7.2036 0.0 
511000 1093 670.68 -4320.982 6.03 7.0061 0.0 
512000 1096 652.604 -4282.291 6.58 6.7887 0.0 
513000 1097 649.312 -4261.21 6.592 6.7395 0.0 
514000 1100 636.515 -4210.91 7.137 6.578 0.0 
515000 1101 633.005 -4195.378 7.317 6.5306 0.0 
516000 1102 636.585 -4190.891 7.487 6.5705 0.0 
517000 1103 643.413 -4190.616 7.427 6.6531 0.0 
518000 1104 650.545 -4189.739 7.252 6.7446 0.0 
519000 1108 631.227 -4126.883 7.661 6.5492 0.0 
520000 1111 618.042 -4082.454 8.023 6.3748 0.0 
521000 1112 625.681 -4067.322 8.191 6.4287 0.0 
522000 1115 609.552 -4042.015 8.52 6.2425 0.0 
523000 1118 591.93 -3989.264 8.839 6.0343 0.0 
524000 1126 518.523 -3933.638 8.448 5.2565 0.0 
525000 1131 492.723 -3884.569 8.928 4.9667 0.0 
526000 1139 438.477 -3785.069 9.376 4.4156 0.0 
527000 1140 446.788 -3756.53 9.548 4.4885 0.0 
528000 1142 442.393 -3719.212 9.814 4.4322 0.0 
529000 1144 452.061 -3691.59 10.082 4.5136 0.0 
530000 1145 462.22 -3672.432 10.14 4.6049 0.0 
531000 1146 472.976 -3661.831 10.281 4.7009 0.0 
532000 1149 456.895 -3613.374 10.505 4.5264 0.0 
533000 1153 450.074 -3564.737 10.935 4.4347 0.0 
534000 1156 439.534 -3503.058 11.225 4.3174 0.0 
535000 1157 445.424 -3489.191 11.307 4.3673 0.0 
536000 1159 452.009 -3459.33 11.448 4.4123 0.0 
537000 1163 441.915 -3418.019 11.612 4.3115 0.0 
538000 1165 443.741 -3392.408 11.717 4.3371 0.0 
539000 1170 411.625 -3316.843 11.708 4.0063 0.0 
540000 1172 423.525 -3301.639 11.817 4.1245 0.0 
541000 1175 411.718 -3254.124 11.857 4.0055 0.0 
542000 1176 417.144 -3242.057 11.841 4.0776 0.0 
543000 1179 424.909 -3209.916 11.982 4.1546 0.0 
544000 1181 427.539 -3180.467 12.104 4.1867 0.0 
545000 1183 425.93 -3132.277 12.248 4.1546 0.0 
546000 1187 417.169 -3105.107 12.124 4.0513 0.0 
547000 1189 415.109 -3061.91 12.302 4.0265 0.0 
548000 1190 426.807 -3052.671 12.254 4.1527 0.0 
549000 1192 429.893 -3024.486 12.294 4.1775 0.0 
550000 1195 424.385 -2971.621 12.536 4.1086 0.0 
551000 1196 435.897 -2958.857 12.595 4.2162 0.0 
552000 1199 434.975 -2921.94 12.871 4.1908 0.0 
553000 1200 438.456 -2894.174 12.959 4.2263 0.0 
554000 1201 441.827 -2894.486 12.868 4.2656 0.0 
555000 1206 429.176 -2835.518 12.486 4.1844 0.0 
556000 1207 440.593 -2829.086 12.543 4.2938 0.0 
557000 1208 451.781 -2818.568 12.468 4.4053 0.0 
558000 1213 431.418 -2757.197 12.629 4.1847 0.0 
559000 1217 415.828 -2699.439 12.64 4.017 0.0 
560000 1225 371.047 -2601.311 12.459 3.5634 0.0 
561000 1229 360.018 -2545.768 12.508 3.4423 0.0 
562000 1231 369.098 -2528.181 12.609 3.5245 0.0 
563000 1236 352.249 -2488.645 11.978 3.3505 0.0 
564000 1240 344.069 -2448.441 11.911 3.273 0.0 
565000 1244 337.162 -2405.021 11.94 3.1945 0.0 
566000 1254 294.55 -2314.703 11.485 2.7716 0.0 
567000 1262 269.107 -2226.268 11.398 2.515 0.0 
568000 1268 257.671 -2179.738 10.978 2.3963 0.0 
569000 1276 238.433 -2104.274 10.789 2.202 0.0 
570000 1284 220.392 -2011.0 10.784 2.0228 0.0 
571000 1293 202.896 -1928.65 10.638 1.8502 0.0 
572000 1302 187.402 -1856.133 10.217 1.701 0.0 
573000 1313 168.922 -1782.7 9.489 1.5243 0.0 
574000 1323 156.137 -1707.624 9.153 1.3979 0.0 
575000 1332 148.151 -1642.589 8.853 1.3191 0.0 
576000 1344 134.333 -1575.449 8.148 1.1865 0.0 
577000 1357 120.762 -1513.776 7.259 1.0584 0.0 
578000 1370 111.225 -1466.4 6.499 0.9672 0.0 
579000 1383 102.925 -1430.058 5.625 0.8892 0.0 
580000 1396 97.305 -1387.746 5.094 0.8371 0.0 
581000 1409 92.465 -1356.913 4.472 0.7975 0.0 
582000 1421 91.15 -1350.719 3.611 0.7831 0.0 
583000 1431 91.863 -1345.352 3.091 0.7871 0.0 
584000 1444 88.987 -1338.363 2.5 0.7583 0.0 
585000 1458 85.099 -1314.066 2.229 0.7222 0.0 
586000 1470 84.069 -1294.912 2.178 0.7116 0.0 
587000 1483 82.0 -1278.746 1.798 0.6936 0.0 
588000 1497 80.186 -1284.942 1.318 0.6766 0.0 
589000 1510 79.597 -1269.373 1.298 0.6734 0.0 
590000 1524 77.843 -1281.647 0.722 0.6586 0.0 
591000 1536 79.119 -1277.695 0.653 0.6684 0.0 
592000 1546 82.191 -1268.849 0.695 0.6953 0.0 
593000 1557 83.767 -1250.839 0.814 0.7082 0.0 
594000 1570 81.909 -1217.549 1.135 0.6918 0.0 
595000 1580 84.916 -1156.252 2.04 0.7172 0.0 
596000 1591 86.119 -1122.033 2.302 0.7266 0.0 
597000 1600 90.443 -1075.598 2.831 0.7649 0.0 
598000 1608 93.013 -1022.223 3.279 0.792 0.0 
599000 1620 93.259 -963.126 3.715 0.7987 0.0 
600000 1628 98.33 -916.36 3.936 0.8422 0.0 
601000 1635 100.383 -866.583 4.32 0.8603 0.0 
602000 1642 107.238 -836.639 4.228 0.9281 0.0 
603000 1644 109.633 -820.099 4.254 0.9495 0.0 
604000 1654 120.688 -781.887 4.501 1.0546 0.0 
605000 1664 115.193 -725.569 4.505 1.0 0.0 
606000 1672 118.241 -692.891 4.618 1.0266 0.0 
607000 1680 119.85 -640.893 4.834 1.044 0.0 
608000 1691 114.002 -599.25 4.655 0.9892 0.0 
609000 1701 110.754 -557.27 4.6 0.9566 0.0 
610000 1712 106.415 -493.066 4.844 0.9151 0.0 
611000 1723 103.139 -451.081 4.569 0.8838 0.0 
612000 1735 100.082 -360.06 5.245 0.8552 0.0 
613000 1745 99.195 -285.408 5.679 0.846 0.0 
614000 1757 96.233 -229.307 5.474 0.8194 0.0 
615000 1767 96.124 -144.587 5.77 0.8213 0.0 
616000 1779 94.455 -78.111 5.944 0.8085 0.0 
617000 1789 94.27 -2.102 6.093 0.806 0.0 
618000 1801 92.472 78.04 6.267 0.7886 0.0 
619000 1813 91.027 139.996 6.075 0.7741 0.0 
620000 1823 91.578 212.689 6.165 0.778 0.0 
621000 1834 91.126 290.382 6.312 0.7733 0.0 
622000 1846 90.434 360.221 6.382 0.7661 0.0 
623000 1857 89.275 432.203 6.225 0.7562 0.0 
624000 1868 90.219 507.046 6.436 0.7696 0.0 
625000 1876 96.225 571.681 6.731 0.8228 0.0 
626000 1883 96.354 630.303 6.722 0.8224 0.0 
627000 1892 103.972 664.404 6.502 0.8895 0.0 
628000 1903 101.518 732.151 6.449 0.8664 0.0 
629000 1912 102.017 800.244 6.558 0.8696 0.0 
630000 1921 103.996 863.026 6.514 0.8856 0.0 
631000 1933 100.652 904.39 6.013 0.8559 0.0 
632000 1941 103.965 964.304 6.244 0.8879 0.0 
633000 1951 101.683 1017.706 5.896 0.8706 0.0 
634000 1960 104.368 1058.987 5.861 0.894 0.0 
635000 1970 104.206 1133.249 6.117 0.8899 0.0 
636000 1978 107.484 1185.629 6.225 0.9173 0.0 
637000 1985 107.673 1266.638 6.595 0.9176 0.0 
638000 1991 118.395 1292.346 6.665 1.02 0.0 
639000 1998 120.106 1387.931 7.264 1.0341 0.0 
640000 2004 125.766 1432.246 7.358 1.0844 0.0 
641000 2006 141.354 1451.767 7.556 1.2389 0.0 
642000 2012 143.668 1514.304 7.84 1.258 0.0 
643000 2014 142.282 1537.263 7.88 1.2453 0.0 
644000 2016 159.258 1569.702 8.18 1.4098 0.0 
645000 2021 174.621 1594.827 8.065 1.5606 0.0 
646000 2025 168.812 1636.196 8.015 1.5055 0.0 
647000 2030 182.632 1675.26 8.15 1.641 0.0 
648000 2034 180.648 1702.967 8.216 1.6205 0.0 
649000 2036 195.81 1715.905 7.75 1.7911 0.0 
650000 2039 207.883 1724.33 7.628 1.9105 0.0 
651000 2040 208.545 1745.442 7.769 1.9155 0.0 
652000 2044 227.53 1775.346 7.878 2.089 0.0 
653000 2045 242.98 1767.171 7.683 2.2544 0.0 
654000 2047 247.943 1795.667 7.745 2.2861 0.0 
655000 2049 249.366 1815.124 7.801 2.2966 0.0 
656000 2054 251.934 1855.306 7.782 2.3138 0.0 
657000 2055 255.395 1870.036 7.947 2.3497 0.0 
658000 2059 268.31 1919.576 8.309 2.487 0.0 
659000 2061 269.212 1945.742 8.434 2.4952 0.0 
660000 2065 275.791 1983.588 8.56 2.5639 0.0 
661000 2067 287.666 1996.296 8.76 2.6736 0.0 
662000 2071 282.274 2048.643 8.818 2.6185 0.0 
663000 2072 285.589 2064.413 8.991 2.6443 0.0 
664000 2074 291.014 2087.704 9.043 2.6853 0.0 
665000 2080 289.286 2143.469 9.041 2.6671 0.0 
666000 2084 284.912 2182.03 9.182 2.6223 0.0 
667000 2086 294.858 2202.818 9.339 2.72 0.0 
668000 2087 308.961 2204.922 9.053 2.8741 0.0 
669000 2088 322.782 2197.801 8.751 3.096 0.0 
670000 2089 336.326 2191.896 8.443 3.2488 0.0 
671000 2090 349.6 2185.25 8.16 3.4204 0.0 
672000 2091 362.608 2190.722 8.149 3.595 0.0 
673000 2092 362.456 2197.826 8.297 3.5854 0.0 
674000 2093 375.207 2197.463 8.089 3.7263 0.0 
675000 2094 387.702 2196.089 7.942 3.8626 0.0 
676000 2096 401.289 2215.864 7.849 4.0296 0.0 
677000 2097 413.264 2207.345 7.597 4.192 0.0 
678000 2099 418.198 2217.303 7.263 4.2698 0.0 
679000 2101 423.478 2235.988 7.422 4.3211 0.0 
680000 2102 429.128 2221.235 7.037 4.3846 0.0 
681000 2103 440.546 2219.026 6.866 4.5161 0.0 
682000 2104 451.735 2208.726 6.583 4.6329 0.0 
683000 2105 462.7 2201.905 6.386 4.7462 0.0 
684000 2106 472.906 2193.361 5.973 4.8656 0.0 
685000 2107 483.448 2183.313 5.776 5.0245 0.0 
686000 2108 493.779 2177.3 5.478 5.1551 0.0 
687000 2110 495.365 2182.66 5.371 5.1992 0.0 
688000 2111 505.458 2178.789 5.138 5.3234 0.0 
689000 2112 515.349 2174.141 4.975 5.436 0.0 
690000 2114 515.961 2182.563 4.907 5.4708 0.0 
691000 2116 516.829 2193.491 4.848 5.4598 0.0 
692000 2117 511.492 2189.991 5.031 5.3958 0.0 
693000 2118 521.263 2186.128 4.796 5.5333 0.0 
694000 2119 530.837 2191.54 4.647 5.6425 0.0 
695000 2120 540.221 2189.655 4.668 5.744 0.0 
696000 2121 549.416 2188.401 4.555 5.8769 0.0 
697000 2122 558.428 2188.177 4.423 5.999 0.0 
698000 2123 567.259 2184.674 4.311 6.1309 0.0 
699000 2126 557.227 2210.151 4.441 6.0367 0.0 
700000 2127 566.083 2211.964 4.351 6.1639 0.0 
701000 2128 574.761 2214.664 4.262 6.2979 0.0 
702000 2129 583.266 2209.826 4.243 6.4307 0.0 
703000 2130 591.601 2206.779 4.084 6.5552 0.0 
704000 2135 566.091 2259.179 4.585 6.247 0.0 
705000 2138 538.558 2271.106 4.75 5.927 0.0 
706000 2143 519.823 2320.683 5.203 5.6793 0.0 
707000 2148 489.745 2385.916 5.938 5.3036 0.0 
708000 2152 462.574 2435.401 6.231 4.9816 0.0 
709000 2154 465.436 2440.12 6.222 5.0251 0.0 
710000 2156 468.684 2447.842 5.988 5.0355 0.0 
711000 2157 479.311 2445.242 5.874 5.1516 0.0 
712000 2158 489.724 2446.432 5.708 5.2833 0.0 
713000 2159 499.93 2444.918 5.596 5.4074 0.0 
714000 2160 509.931 2446.696 5.464 5.5444 0.0 
715000 2162 513.858 2428.591 5.219 5.5832 0.0 
716000 2163 523.581 2427.894 5.054 5.7109 0.0 
717000 2164 533.109 2430.816 5.025 5.814 0.0 
718000 2165 542.447 2425.669 4.831 5.9181 0.0 
719000 2166 551.598 2422.596 4.653 6.0674 0.0 
720000 2167 560.566 2423.927 4.583 6.1791 0.0 
721000 2168 553.775 2408.227 4.118 6.0942 0.0 
722000 2170 553.465 2417.654 4.098 6.115 0.0 
723000 2171 562.396 2415.288 3.986 6.2391 0.0 
724000 2172 571.148 2416.147 3.888 6.3228 0.0 
725000 2173 579.725 2415.571 3.824 6.4017 0.0 
726000 2175 579.828 2433.293 3.958 6.4178 0.0 
727000 2176 588.232 2433.549 3.88 6.5406 0.0 
728000 2177 596.467 2434.115 3.785 6.6683 0.0 
729000 2178 604.538 2433.949 3.73 6.754 0.0 
730000 2179 612.447 2434.19 3.638 6.8776 0.0 
731000 2180 620.198 2433.438 3.591 6.9565 0.0 
732000 2181 627.794 2435.929 3.504 7.0674 0.0 
733000 2182 635.238 2432.875 3.469 7.1634 0.0 
734000 2183 642.533 2428.267 3.33 7.2439 0.0 
735000 2184 649.683 2430.499 3.212 7.3357 0.0 
736000 2186 645.435 2448.013 3.411 7.313 0.0 
737000 2188 645.796 2467.976 3.653 7.3051 0.0 
738000 2189 652.88 2464.758 3.553 7.3752 0.0 
739000 2190 659.822 2471.815 3.529 7.4478 0.0 
740000 2191 666.626 2467.253 3.411 7.5614 0.0 
741000 2192 673.293 2459.01 3.214 7.6601 0.0 
742000 2193 679.828 2465.355 3.189 7.75 0.0 
743000 2194 686.231 2461.294 3.096 7.8394 0.0 
744000 2195 692.506 2454.488 2.922 7.952 0.0 
745000 2197 686.843 2460.322 3.181 7.8685 0.0 
746000 2198 693.106 2460.877 3.129 7.9138 0.0 
747000 2199 681.024 2465.535 3.209 7.7706 0.0 
748000 2201 675.776 2475.599 3.126 7.7126 0.0 
749000 2202 682.26 2471.947 3.077 7.8108 0.0 
750000 2203 688.615 2472.884 2.934 7.8981 0.0 
751000 2204 694.843 2470.435 2.91 7.967 0.0 
752000 2206 693.007 2488.203 3.013 7.9133 0.0 
753000 2207 699.147 2485.37 2.925 7.9766 0.0 
754000 2208 705.164 2478.409 2.825 8.04 0.0 
755000 2209 711.06 2481.814 2.71 8.1053 0.0 
756000 2211 704.442 2483.691 2.674 8.0311 0.0 
757000 2213 704.047 2479.102 2.619 8.011 0.0 
758000 2215 684.287 2505.734 2.93 7.7633 0.0 
759000 2216 690.601 2504.379 2.856 7.8183 0.0 
760000 2217 696.789 2495.079 2.709 7.874 0.0 
761000 2219 690.216 2504.325 2.695 7.8024 0.0 
762000 2221 689.944 2518.451 2.689 7.7543 0.0 
763000 2223 684.182 2516.179 2.607 7.6663 0.0 
764000 2224 682.799 2530.228 2.89 7.6291 0.0 
765000 2226 682.96 2525.2 2.726 7.5908 0.0 
766000 2229 651.255 2547.302 3.033 7.2165 0.0 
767000 2233 623.921 2574.982 3.266 6.9004 0.0 
768000 2234 631.443 2561.31 3.046 6.9756 0.0 
769000 2236 627.878 2569.601 2.891 6.9402 0.0 
770000 2237 635.32 2565.693 2.795 7.0032 0.0 
771000 2238 642.614 2563.012 2.607 7.0714 0.0 
772000 2239 649.761 2563.887 2.544 7.1443 0.0 
773000 2240 656.766 2560.956 2.511 7.2111 0.0 
774000 2241 663.631 2560.274 2.44 7.2725 0.0 
775000 2242 670.358 2556.202 2.286 7.3494 0.0 
776000 2243 676.951 2552.092 2.206 7.4282 0.0 
777000 2244 683.412 2548.883 2.147 7.5125 0.0 
778000 2245 689.744 2552.978 2.11 7.5804 0.0 
779000 2247 683.87 2564.071 2.102 7.5041 0.0 
780000 2250 654.952 2588.405 2.792 7.1605 0.0 
781000 2252 661.096 2586.782 2.561 7.2136 0.0 
782000 2254 642.296 2592.38 2.611 6.9912 0.0 
783000 2255 649.45 2588.857 2.526 7.0776 0.0 
784000 2256 656.461 2582.826 2.375 7.1551 0.0 
785000 2257 663.331 2584.676 2.248 7.218 0.0 
786000 2258 670.065 2586.227 2.246 7.2784 0.0 
787000 2259 676.663 2580.996 2.19 7.3758 0.0 
788000 2260 683.13 2582.292 2.045 7.4671 0.0 
789000 2261 689.468 2577.514 1.997 7.5667 0.0 
790000 2262 695.678 2580.374 1.998 7.6369 0.0 
791000 2264 694.529 2593.231 2.036 7.6281 0.0 
792000 2265 700.639 2587.291 1.901 7.7196 0.0 
793000 2266 706.626 2577.205 1.63 7.7925 0.0 
794000 2267 706.454 2559.304 1.504 7.7657 0.0 
795000 2268 712.324 2556.611 1.293 7.8373 0.0 
796000 2269 718.078 2554.136 1.208 7.898 0.0 
797000 2270 723.716 2552.107 1.159 7.9301 0.0 
798000 2271 729.242 2544.427 1.047 7.9868 0.0 
799000 2272 734.657 2540.795 0.887 8.0397 0.0 
800000 2273 739.964 2536.516 0.81 8.1143 0.0 
801000 2274 745.165 2532.891 0.666 8.2019 0.0 
802000 2275 750.262 2527.235 0.574 8.2667 0.0 
803000 2276 755.256 2522.449 0.452 8.2999 0.0 
804000 2278 746.428 2525.273 0.487 8.2321 0.0 
805000 2279 751.5 2523.34 0.441 8.2654 0.0 
806000 2280 756.47 2521.752 0.347 8.2962 0.0 
807000 2281 761.34 2521.138 0.305 8.3558 0.0 
808000 2282 766.113 2517.551 0.291 8.3991 0.0 
809000 2283 770.791 2518.64 0.232 8.4351 0.0 
810000 2284 775.375 2517.611 0.243 8.4968 0.0 
811000 2285 779.868 2516.271 0.221 8.5424 0.0 
812000 2286 784.27 2514.125 0.154 8.6664 0.0 
813000 2287 788.585 2513.149 0.096 8.7659 0.0 
814000 2288 792.813 2510.154 0.055 8.8134 0.0 
815000 2289 796.957 2506.022 0.049 8.9262 0.0 
816000 2290 801.018 2504.284 -0.028 9.0657 0.0 
817000 2291 804.998 2506.197 -0.075 9.1924 0.0 
818000 2292 808.898 2504.441 0.009 9.2711 0.0 
819000 2293 812.72 2504.522 -0.087 9.3263 0.0 
820000 2296 790.292 2537.796 0.509 9.0554 0.0 
821000 2297 794.487 2533.964 0.448 9.1136 0.0 
822000 2298 798.597 2533.273 0.47 9.1555 0.0 
823000 2299 802.625 2540.552 0.455 9.1895 0.0 
824000 2300 806.572 2552.661 0.789 9.2144 0.0 
825000 2301 810.441 2555.334 0.708 9.2626 0.0 
826000 2302 808.132 2561.254 1.036 9.2052 0.0 
827000 2304 803.75 2583.551 1.34 9.1355 0.0 
828000 2305 805.815 2592.009 1.44 9.1377 0.0 
829000 2306 806.319 2602.289 1.58 9.1488 0.0 
830000 2307 799.792 2605.073 1.867 9.0618 0.0 
831000 2308 803.797 2604.049 1.805 9.1085 0.0 
832000 2310 792.946 2611.26 1.943 8.9798 0.0 
833000 2312 787.026 2633.231 2.08 8.8963 0.0 
834000 2314 776.639 2639.229 2.184 8.7593 0.0 
835000 2315 781.107 2641.424 2.16 8.7852 0.0 
836000 2316 785.484 2643.55 2.105 8.8644 0.0 
837000 2317 789.775 2642.212 2.104 8.903 0.0 
838000 2318 793.979 2639.525 2.048 8.9554 0.0 
839000 2319 798.1 2642.663 1.979 9.0044 0.0 
840000 2323 760.394 2681.744 2.558 8.5487 0.0 
841000 2325 744.741 2713.278 3.109 8.3484 0.0 
842000 2326 744.706 2727.428 3.282 8.3171 0.0 
843000 2329 730.809 2758.722 3.73 8.1257 0.0 
844000 2330 722.693 2772.548 3.984 8.0205 0.0 
845000 2333 710.68 2815.911 4.454 7.8403 0.0 
846000 2334 712.847 2832.083 4.678 7.8556 0.0 
847000 2336 705.539 2864.445 5.196 7.7332 0.0 
848000 2338 698.64 2883.924 5.361 7.6254 0.0 
849000 2342 666.513 2931.005 5.83 7.2411 0.0 
850000 2344 662.652 2957.806 6.258 7.1722 0.0 
851000 2345 664.839 2980.729 6.419 7.1953 0.0 
852000 2346 671.542 2994.708 6.654 7.247 0.0 
853000 2348 666.589 3005.401 6.563 7.2164 0.0 
854000 2350 661.292 3020.507 6.648 7.1449 0.0 
855000 2353 637.74 3045.202 6.816 6.8684 0.0 
856000 2354 641.325 3051.218 6.891 6.9174 0.0 
857000 2355 648.499 3058.34 6.883 6.9904 0.0 
858000 2357 644.118 3072.024 6.874 6.9337 0.0 
859000 2360 630.507 3092.322 6.779 6.7709 0.0 
860000 2361 635.916 3091.657 6.658 6.8227 0.0 
861000 2362 643.198 3091.387 6.487 6.9085 0.0 
862000 2363 650.334 3093.497 6.368 6.9833 0.0 
863000 2364 657.328 3092.726 6.215 7.0952 0.0 
864000 2366 655.799 3064.911 5.678 7.0664 0.0 
865000 2367 662.683 3075.499 5.669 7.1308 0.0 
866000 2368 652.169 3080.43 5.757 7.0116 0.0 
867000 2370 648.183 3088.911 5.622 6.9982 0.0 
868000 2371 655.219 3082.932 5.499 7.1134 0.0 
869000 2372 662.115 3084.529 5.268 7.1786 0.0 
870000 2373 668.873 3093.202 5.274 7.2742 0.0 
871000 2376 663.459 3129.102 5.747 7.2734 0.0 
872000 2377 660.77 3152.18 5.974 7.2576 0.0 
873000 2379 660.014 3183.17 6.222 7.2238 0.0 
874000 2380 666.814 3197.033 6.433 7.2745 0.0 
875000 2384 638.581 3243.067 7.103 6.9211 0.0 
876000 2385 630.489 3265.027 7.324 6.8241 0.0 
877000 2387 635.542 3293.439 7.384 6.8962 0.0 
878000 2388 642.831 3292.965 7.254 7.0127 0.0 
879000 2389 649.975 3295.625 7.302 7.0543 0.0 
880000 2390 656.975 3298.536 7.042 7.1602 0.0 
881000 2391 663.836 3293.734 6.897 7.2562 0.0 
882000 2392 670.559 3292.242 6.652 7.3156 0.0 
883000 2395 641.668 3304.569 6.754 6.9773 0.0 
884000 2396 648.834 3305.048 6.571 7.0755 0.0 
885000 2398 644.361 3317.424 6.55 7.0426 0.0 
886000 2399 651.473 3323.356 6.414 7.1404 0.0 
887000 2400 658.444 3325.64 6.4 7.2196 0.0 
888000 2401 665.275 3324.859 6.302 7.3068 0.0 
889000 2403 660.51 3328.704 6.172 7.2742 0.0 
890000 2406 648.191 3363.544 6.274 7.1146 0.0 
891000 2409 632.209 3361.96 6.182 6.9687 0.0 
892000 2417 555.86 3454.853 6.808 6.08 0.0 
893000 2419 539.392 3478.129 7.096 5.8888 0.0 
894000 2420 548.604 3478.784 6.895 5.9881 0.0 
895000 2424 540.002 3511.793 7.171 5.9 0.0 
896000 2425 539.162 3527.853 7.238 5.88 0.0 
897000 2426 538.938 3530.942 7.196 5.8618 0.0 
898000 2428 556.876 3541.473 7.155 6.1371 0.0 
899000 2429 552.259 3557.575 7.272 6.0735 0.0 
900000 2430 561.214 3559.944 7.121 6.178 0.0 
901000 2431 569.989 3553.222 6.952 6.2789 0.0 
902000 2432 578.59 3545.454 6.646 6.3963 0.0 
903000 2433 587.018 3535.892 6.347 6.5075 0.0 
904000 2434 595.277 3538.456 6.087 6.6147 0.0 
905000 2435 603.372 3536.614 6.027 6.6894 0.0 
906000 2436 611.304 3534.03 5.867 6.8067 0.0 
907000 2437 619.078 3530.847 5.681 6.8822 0.0 
908000 2438 626.697 3525.104 5.517 6.9924 0.0 
909000 2439 634.163 3519.096 5.296 7.0866 0.0 
910000 2440 641.48 3514.407 5.068 7.1696 0.0 
911000 2441 648.65 3510.574 4.861 7.2238 0.0 
912000 2442 655.677 3503.33 4.73 7.2872 0.0 
913000 2443 662.563 3500.374 4.436 7.3784 0.0 
914000 2444 669.312 3499.256 4.323 7.4793 0.0 
915000 2445 675.926 3497.441 4.211 7.5707 0.0 
916000 2446 682.407 3500.827 4.112 7.6223 0.0 
917000 2448 685.104 3513.889 4.145 7.6279 0.0 
918000 2449 691.402 3502.041 3.901 7.7123 0.0 
919000 2450 687.994 3500.282 3.856 7.6599 0.0 
920000 2451 694.234 3498.362 3.786 7.7168 0.0 
921000 2452 700.349 3501.61 3.645 7.7562 0.0 
922000 2453 706.342 3501.599 3.62 7.8277 0.0 
923000 2454 712.216 3503.284 3.703 7.9001 0.0 
924000 2456 705.392 3510.052 3.622 7.7956 0.0 
925000 2457 711.284 3507.794 3.466 7.8506 0.0 
926000 2459 707.677 3521.406 3.547 7.7993 0.0 
927000 2462 690.834 3527.817 3.636 7.5704 0.0 
928000 2463 684.657 3556.119 3.916 7.4885 0.0 
929000 2465 680.865 3585.613 4.287 7.4056 0.0 
930000 2468 663.28 3612.948 4.659 7.187 0.0 
931000 2470 655.635 3644.898 4.959 7.1077 0.0 
932000 2473 630.919 3678.456 5.41 6.8206 0.0 
933000 2475 620.229 3699.811 5.581 6.6839 0.0 
934000 2477 624.988 3728.386 5.972 6.6955 0.0 
935000 2478 621.928 3744.142 6.097 6.6472 0.0 
936000 2479 629.49 3754.693 6.27 6.6957 0.0 
937000 2480 636.9 3759.922 6.356 6.7522 0.0 
938000 2482 635.799 3791.686 6.587 6.7352 0.0 
939000 2485 626.167 3828.613 6.928 6.5976 0.0 
940000 2486 626.484 3822.96 7.033 6.5844 0.0 
941000 2491 597.204 3845.582 6.693 6.225 0.0 
942000 2497 548.037 3901.358 7.034 5.6779 0.0 
943000 2500 531.74 3942.262 7.107 5.4832 0.0 
944000 2501 541.106 3954.56 7.218 5.5551 0.0 
945000 2504 527.536 3994.883 7.577 5.3941 0.0 
946000 2506 527.986 4008.168 7.714 5.3738 0.0 
947000 2511 493.407 4042.944 7.512 4.9993 0.0 
948000 2513 495.368 4075.7 7.82 4.9955 0.0 
949000 2515 500.233 4085.709 8.074 5.0293 0.0 
950000 2517 499.375 4120.295 8.307 5.0014 0.0 
951000 2518 494.827 4143.408 8.41 4.9494 0.0 
952000 2524 468.624 4203.496 8.512 4.6568 0.0 
953000 2530 433.896 4268.02 8.772 4.2847 0.0 
954000 2532 426.911 4287.008 8.919 4.2053 0.0 
955000 2537 415.837 4328.991 9.065 4.0881 0.0 
956000 2542 394.899 4387.463 9.201 3.8618 0.0 
957000 2546 380.201 4441.868 9.537 3.6962 0.0 
958000 2548 386.704 4464.545 9.486 3.7477 0.0 
959000 2550 392.602 4470.882 9.486 3.8133 0.0 
960000 2551 404.75 4473.466 9.293 3.9829 0.0 
961000 2556 379.705 4542.476 9.456 3.7169 0.0 
962000 2558 376.233 4570.42 9.685 3.6688 0.0 
963000 2561 384.832 4608.036 9.817 3.7363 0.0 
964000 2565 371.628 4661.885 10.113 3.5901 0.0 
965000 2566 375.755 4665.688 10.223 3.6218 0.0 
966000 2571 372.175 4718.325 10.338 3.5852 0.0 
967000 2572 384.732 4727.145 10.298 3.6985 0.0 
968000 2574 383.322 4755.56 10.258 3.6725 0.0 
969000 2575 385.356 4764.617 10.265 3.6855 0.0 
970000 2577 393.396 4797.288 10.328 3.7612 0.0 
971000 2579 401.717 4827.873 10.58 3.8352 0.0 
972000 2583 387.165 4889.324 10.878 3.6821 0.0 
973000 2584 399.422 4895.86 11.027 3.7982 0.0 
974000 2586 411.805 4915.346 10.848 3.9505 0.0 
975000 2588 414.047 4938.279 10.876 3.9642 0.0 
976000 2590 419.431 4943.368 10.553 4.0343 0.0 
977000 2591 414.002 4949.043 10.683 3.9781 0.0 
978000 2596 410.561 4996.986 10.617 3.9667 0.0 
979000 2597 422.35 4987.592 10.217 4.1025 0.0 
980000 2598 433.903 4993.136 10.123 4.2133 0.0 
981000 2604 400.31 5086.701 10.452 3.866 0.0 
982000 2606 390.072 5094.347 10.53 3.7591 0.0 
983000 2608 402.665 5122.066 10.32 3.9016 0.0 
984000 2611 404.168 5164.533 10.493 3.8945 0.0 
985000 2612 416.085 5167.682 10.622 3.9996 0.0 
986000 2613 427.763 5176.943 10.439 4.1324 0.0 
987000 2615 431.964 5190.951 10.371 4.1768 0.0 
988000 2618 419.155 5233.502 10.44 4.0422 0.0 
989000 2622 406.538 5271.238 10.393 3.9082 0.0 
990000 2623 408.888 5287.157 10.491 3.9234 0.0 
991000 2625 414.656 5313.836 10.621 3.9659 0.0 
992000 2627 432.295 5299.206 10.184 4.1306 0.0 
993000 2628 443.649 5296.252 10.012 4.2727 0.0 
994000 2637 384.889 5406.546 10.172 3.6892 0.0 
995000 2645 346.853 5495.176 10.175 3.3011 0.0 
996000 2647 348.059 5513.184 10.213 3.3005 0.0 
997000 2650 350.856 5541.371 10.049 3.3177 0.0 
998000 2653 351.735 5575.896 10.087 3.3108 0.0 
999000 2660 324.526 5654.268 10.48 3.0358 0.0 
1000000 2665 303.791 5729.809 10.668 2.83 0.0 
