1000 11 16.716 -418.127 -6.897 0.049 0.0 
2000 24 31.795 -775.639 -12.262 0.0936 0.0 
3000 35 42.822 -1193.004 -17.144 0.1235 0.0 
4000 46 51.118 -1637.928 -21.258 0.1463 0.0 
5000 57 60.066 -2063.422 -25.147 0.1884 0.0 
6000 70 64.68 -2391.78 -25.345 0.2023 0.0 
7000 82 68.363 -2789.812 -26.99 0.2107 0.0 
8000 93 72.49 -3229.173 -29.304 0.2244 0.0 
9000 106 73.713 -3493.549 -27.108 0.2878 0.0 
10000 119 74.427 -3954.002 -29.132 0.3562 0.0 
11000 127 79.447 -4008.018 -26.063 0.418 0.0 
12000 129 98.36 -4008.76 -24.871 0.6004 0.0 
13000 130 102.133 -3998.202 -24.35 0.6307 0.0 
14000 131 120.091 -4042.374 -23.633 0.7919 0.0 
15000 133 138.495 -4034.099 -23.456 0.9497 0.0 
16000 134 149.125 -4046.52 -22.986 1.0397 0.0 
17000 135 166.143 -4061.955 -22.772 1.2171 0.0 
18000 137 182.363 -4070.017 -22.104 1.371 0.0 
19000 141 201.068 -4103.809 -21.239 1.5624 0.0 
20000 145 204.281 -4188.514 -21.289 1.5841 0.0 
21000 150 203.69 -4319.505 -21.691 1.5746 0.0 
22000 155 203.075 -4473.251 -22.46 1.5657 0.0 
23000 159 203.22 -4566.906 -22.629 1.5817 0.0 
24000 165 203.96 -4687.953 -22.345 1.5975 0.0 
25000 169 205.383 -4750.173 -21.794 1.606 0.0 
26000 171 216.631 -4808.287 -21.913 1.706 0.0 
27000 175 221.86 -4860.739 -21.436 1.7464 0.0 
28000 177 228.128 -4923.62 -21.772 1.7973 0.0 
29000 179 239.886 -4992.922 -22.211 1.9037 0.0 
30000 182 248.525 -5041.722 -21.986 1.9805 0.0 
31000 186 248.061 -5108.163 -21.588 1.9701 0.0 
32000 190 245.665 -5157.517 -20.723 1.946 0.0 
33000 193 245.573 -5211.894 -20.534 1.9406 0.0 
34000 196 251.222 -5268.485 -20.579 1.9902 0.0 
35000 197 266.198 -5278.49 -20.367 2.1413 0.0 
36000 198 280.874 -5286.057 -20.135 2.315 0.0 
37000 200 295.152 -5300.889 -19.708 2.456 0.0 
38000 201 300.449 -5313.686 -19.497 2.5054 0.0 
39000 203 318.451 -5317.939 -18.884 2.6805 0.0 
40000 204 320.562 -5334.348 -18.636 2.6965 0.0 
41000 206 335.148 -5335.816 -18.082 2.8388 0.0 
42000 207 335.265 -5342.211 -17.816 2.8361 0.0 
43000 209 355.448 -5335.48 -17.07 3.0472 0.0 
44000 212 357.479 -5333.137 -15.962 3.0489 0.0 
45000 213 369.349 -5350.017 -15.979 3.1592 0.0 
46000 215 369.146 -5342.108 -15.265 3.1545 0.0 
47000 216 381.763 -5336.662 -14.875 3.2556 0.0 
48000 217 394.127 -5336.309 -14.517 3.3563 0.0 
49000 219 392.166 -5326.74 -13.81 3.3347 0.0 
50000 222 399.72 -5314.929 -12.67 3.423 0.0 
51000 223 404.846 -5301.011 -12.326 3.4708 0.0 
52000 225 413.654 -5291.385 -11.565 3.5494 0.0 
53000 226 410.161 -5284.921 -11.219 3.5153 0.0 
54000 228 418.119 -5266.983 -10.443 3.6017 0.0 
55000 231 422.132 -5232.81 -9.245 3.6271 0.0 
56000 233 428.076 -5231.273 -8.661 3.6691 0.0 
57000 237 406.0 -5200.315 -7.514 3.4653 0.0 
58000 239 412.062 -5179.884 -6.932 3.512 0.0 
59000 244 397.313 -5141.941 -5.331 3.3823 0.0 
60000 245 409.367 -5135.208 -4.987 3.4875 0.0 
61000 253 366.485 -5072.517 -3.16 3.1005 0.0 
62000 261 330.131 -5006.499 -1.52 2.7758 0.0 
63000 264 330.698 -4978.164 -0.874 2.7739 0.0 
64000 267 319.325 -4952.26 -0.321 2.6742 0.0 
65000 274 307.401 -4908.161 0.763 2.5564 0.0 
66000 282 279.62 -4833.016 1.963 2.3064 0.0 
67000 291 251.061 -4756.931 2.973 2.0539 0.0 
68000 302 219.354 -4668.064 4.049 1.7764 0.0 
69000 313 193.339 -4591.008 4.667 1.5501 0.0 
70000 325 170.554 -4508.645 5.126 1.3521 0.0 
71000 337 151.793 -4426.469 5.513 1.1906 0.0 
72000 348 139.644 -4357.8 5.637 1.0917 0.0 
73000 360 127.593 -4291.689 5.634 0.9875 0.0 
74000 372 117.783 -4231.019 5.534 0.9012 0.0 
75000 385 108.501 -4182.69 5.14 0.8216 0.0 
76000 397 102.593 -4155.242 4.484 0.77 0.0 
77000 411 95.288 -4135.674 3.709 0.7083 0.0 
78000 425 89.643 -4110.042 3.251 0.6605 0.0 
79000 439 85.597 -4102.348 2.559 0.6261 0.0 
80000 454 80.325 -4095.727 2.021 0.5843 0.0 
81000 467 79.559 -4104.331 1.384 0.5766 0.0 
82000 481 76.915 -4128.703 0.681 0.5587 0.0 
83000 494 77.508 -4174.193 -0.295 0.5629 0.0 
84000 507 76.409 -4206.917 -0.829 0.5556 0.0 
85000 522 74.366 -4262.945 -1.558 0.5374 0.0 
86000 535 74.849 -4336.208 -2.531 0.5402 0.0 
87000 551 72.274 -4423.893 -3.406 0.5197 0.0 
88000 563 73.974 -4516.916 -4.237 0.5299 0.0 
89000 577 73.079 -4712.685 -6.638 0.5223 0.0 
90000 590 73.703 -4939.948 -9.017 0.5262 0.0 
91000 605 72.876 -5210.112 -11.691 0.5206 0.0 
92000 621 69.625 -5694.716 -16.677 0.5005 0.0 
93000 636 69.208 -6232.213 -21.878 0.5003 0.0 
94000 651 68.796 -6811.769 -26.345 0.4965 0.0 
95000 665 68.353 -7377.332 -29.105 0.4917 0.0 
96000 680 68.753 -7971.907 -32.471 0.4937 0.0 
97000 695 67.833 -8540.158 -33.669 0.4864 0.0 
98000 709 68.197 -9147.625 -35.773 0.4886 0.0 
99000 724 68.094 -9719.152 -36.399 0.4872 0.0 
100000 741 66.15 -10268.699 -35.641 0.4744 0.0 
101000 755 66.914 -10838.891 -36.884 0.4808 0.0 
102000 770 66.781 -11374.524 -36.554 0.4812 0.0 
103000 785 66.089 -11939.047 -36.263 0.4801 0.0 
104000 801 66.445 -12551.351 -37.592 0.4817 0.0 
105000 815 66.629 -13143.768 -38.243 0.4822 0.0 
106000 830 66.752 -13721.598 -38.395 0.4815 0.0 
107000 846 66.512 -14310.403 -38.443 0.4788 0.0 
108000 861 66.542 -14896.619 -38.569 0.4787 0.0 
109000 875 67.092 -15480.185 -39.19 0.4835 0.0 
110000 891 66.11 -16058.789 -38.436 0.4754 0.0 
111000 905 66.207 -16656.968 -38.54 0.4768 0.0 
112000 920 66.985 -17209.877 -38.826 0.4833 0.0 
113000 934 68.157 -17813.607 -39.949 0.4959 0.0 
114000 948 68.591 -18424.128 -40.333 0.4985 0.0 
115000 963 69.132 -18987.903 -40.271 0.5013 0.0 
116000 978 67.538 -19504.817 -38.131 0.4885 0.0 
117000 992 68.356 -20093.502 -39.13 0.4945 0.0 
118000 1008 67.432 -20658.806 -38.532 0.487 0.0 
119000 1022 67.551 -21197.223 -38.064 0.4869 0.0 
120000 1037 68.183 -21802.748 -39.088 0.4906 0.0 
121000 1052 67.54 -22392.378 -39.061 0.4853 0.0 
122000 1067 67.021 -22973.166 -38.825 0.4823 0.0 
123000 1082 67.247 -23531.254 -38.723 0.4885 0.0 
124000 1096 67.601 -24107.023 -38.64 0.4915 0.0 
125000 1111 67.428 -24669.579 -38.483 0.4896 0.0 
126000 1127 66.607 -25255.974 -38.405 0.4832 0.0 
127000 1142 66.635 -25838.085 -38.641 0.4819 0.0 
128000 1156 67.646 -26458.707 -39.722 0.4879 0.0 
129000 1170 68.281 -27049.012 -40.188 0.4919 0.0 
130000 1186 67.261 -27658.75 -40.033 0.4832 0.0 
131000 1200 67.902 -28221.941 -39.734 0.488 0.0 
132000 1215 67.274 -28824.021 -39.67 0.4843 0.0 
133000 1231 66.824 -29407.997 -39.255 0.4865 0.0 
134000 1246 66.558 -30007.614 -39.38 0.485 0.0 
135000 1261 65.989 -30583.773 -38.596 0.4795 0.0 
136000 1275 67.33 -31155.496 -39.288 0.4882 0.0 
137000 1290 67.247 -31744.535 -39.192 0.4871 0.0 
138000 1304 68.101 -32356.629 -40.223 0.4929 0.0 
139000 1319 68.447 -32876.869 -39.335 0.4956 0.0 
140000 1334 68.277 -33467.52 -39.328 0.4948 0.0 
141000 1349 67.87 -34053.273 -39.352 0.4908 0.0 
142000 1364 67.831 -34632.866 -39.295 0.4926 0.0 
143000 1379 67.241 -35211.627 -38.947 0.4931 0.0 
144000 1393 68.086 -35788.287 -39.48 0.4996 0.0 
145000 1408 67.632 -36339.279 -38.55 0.4938 0.0 
146000 1423 67.097 -36913.574 -38.242 0.4886 0.0 
147000 1439 66.062 -37477.55 -37.51 0.4803 0.0 
148000 1453 67.168 -38091.497 -38.982 0.4868 0.0 
149000 1468 66.634 -38653.667 -38.343 0.482 0.0 
150000 1483 66.846 -39228.266 -38.336 0.4836 0.0 
151000 1498 66.969 -39784.752 -38.293 0.4839 0.0 
152000 1513 67.803 -40331.703 -38.359 0.4904 0.0 
153000 1527 68.527 -40912.712 -39.034 0.4997 0.0 
154000 1543 66.05 -41426.131 -36.532 0.4826 0.0 
155000 1558 66.365 -41919.084 -35.827 0.4841 0.0 
156000 1572 67.418 -42477.173 -36.525 0.4904 0.0 
157000 1587 67.85 -42984.748 -36.244 0.4924 0.0 
158000 1601 68.309 -43499.597 -36.207 0.4958 0.0 
159000 1615 68.405 -44014.367 -35.893 0.4966 0.0 
160000 1630 68.437 -44442.074 -34.387 0.4956 0.0 
161000 1645 68.096 -44856.751 -32.688 0.4927 0.0 
162000 1659 68.81 -45241.06 -31.219 0.4978 0.0 
163000 1674 68.542 -45597.145 -29.555 0.5001 0.0 
164000 1688 69.463 -45844.549 -26.674 0.5093 0.0 
165000 1702 69.559 -46158.599 -25.647 0.5097 0.0 
166000 1715 71.016 -46521.865 -25.782 0.5178 0.0 
167000 1729 71.08 -46844.774 -25.128 0.5177 0.0 
168000 1742 71.862 -47053.597 -22.993 0.523 0.0 
169000 1756 72.948 -47272.235 -21.452 0.5309 0.0 
170000 1768 74.232 -47444.108 -19.591 0.5401 0.0 
171000 1781 74.516 -47645.739 -17.829 0.5415 0.0 
172000 1794 75.489 -47899.377 -19.135 0.549 0.0 
173000 1810 72.573 -47998.63 -15.611 0.5296 0.0 
174000 1822 73.971 -48088.566 -13.722 0.5419 0.0 
175000 1837 72.326 -48181.083 -11.708 0.5291 0.0 
176000 1852 71.129 -48293.926 -10.69 0.5184 0.0 
177000 1867 70.09 -48400.148 -9.712 0.5086 0.0 
178000 1882 69.328 -48519.535 -9.288 0.5019 0.0 
179000 1897 68.521 -48635.483 -8.94 0.4947 0.0 
180000 1911 68.87 -48747.962 -8.617 0.496 0.0 
181000 1926 68.652 -48845.589 -8.109 0.4928 0.0 
182000 1939 70.281 -48936.317 -7.887 0.5041 0.0 
183000 1952 72.035 -49028.393 -7.617 0.517 0.0 
184000 1966 71.671 -49129.215 -7.458 0.5179 0.0 
185000 1980 72.377 -49222.113 -7.396 0.5221 0.0 
186000 1994 72.3 -49320.392 -7.33 0.5205 0.0 
187000 2008 71.87 -49427.01 -7.385 0.5158 0.0 
188000 2023 70.595 -49505.682 -6.863 0.5069 0.0 
189000 2036 71.233 -49569.454 -6.27 0.511 0.0 
190000 2049 73.02 -49690.617 -7.009 0.5228 0.0 
191000 2062 72.924 -49741.39 -6.349 0.5216 0.0 
192000 2076 73.411 -49838.118 -6.44 0.5259 0.0 
193000 2088 74.802 -49972.21 -7.348 0.5365 0.0 
194000 2102 74.5 -50083.221 -7.642 0.5389 0.0 
195000 2116 73.326 -50201.849 -7.7 0.5297 0.0 
196000 2130 73.576 -50319.755 -7.986 0.5298 0.0 
197000 2145 72.249 -50403.034 -7.446 0.5184 0.0 
198000 2158 72.595 -50494.78 -7.292 0.5199 0.0 
199000 2170 74.068 -50651.036 -8.372 0.5306 0.0 
200000 2184 74.489 -50802.19 -9.156 0.5327 0.0 
201000 2198 73.123 -50923.703 -8.932 0.5216 0.0 
202000 2212 73.409 -51095.502 -9.833 0.5229 0.0 
203000 2225 73.658 -51238.192 -10.106 0.5252 0.0 
204000 2239 73.726 -51347.852 -9.626 0.5421 0.0 
205000 2252 74.272 -51508.553 -10.209 0.5451 0.0 
206000 2266 73.481 -51695.823 -11.055 0.5358 0.0 
207000 2278 74.029 -51834.526 -10.703 0.5359 0.0 
208000 2293 73.508 -51980.003 -10.823 0.5303 0.0 
209000 2306 74.644 -52134.306 -11.086 0.5369 0.0 
210000 2318 75.783 -52288.678 -11.343 0.5428 0.0 
211000 2330 77.116 -52424.072 -11.27 0.5503 0.0 
212000 2343 76.71 -52524.461 -10.423 0.5535 0.0 
