1000 1 86.6 -23.0 -2.0 0.1542 
2000 2 154.04 -50.0 -3.9 0.2734 
3000 3 214.536 -78.0 -5.61 0.3803 
4000 5 317.984 -106.0 -8.534 0.5632 
5000 6 362.086 -133.0 -9.781 0.641 
6000 7 401.977 -161.0 -10.903 0.7114 
7000 9 470.072 -188.0 -12.821 0.832 
8000 10 504.964 -214.0 -13.639 0.8921 
9000 11 530.768 -242.0 -14.375 0.9379 
10000 12 553.491 -270.0 -15.038 0.9779 
11000 14 593.098 -297.0 -16.17 1.0475 
12000 15 610.188 -325.0 -16.653 1.0777 
13000 16 625.069 -353.0 -17.088 1.1042 
14000 18 650.636 -380.0 -17.831 1.1493 
15000 19 661.872 -408.0 -18.148 1.1692 
16000 20 671.685 -434.0 -18.433 1.1868 
17000 21 687.917 -456.0 -18.69 1.2141 
18000 23 715.463 -483.0 -19.039 1.2628 
19000 24 742.716 -503.0 -19.135 1.3105 
20000 25 744.645 -531.0 -19.322 1.3134 
21000 26 745.88 -559.0 -19.489 1.3153 
22000 28 748.773 -586.0 -19.776 1.3209 
23000 29 750.196 -614.0 -19.899 1.3238 
24000 30 750.976 -642.0 -20.009 1.3256 
25000 32 752.601 -669.0 -20.197 1.3269 
26000 33 753.041 -697.0 -20.277 1.3285 
27000 34 753.437 -723.0 -20.35 1.3297 
28000 35 778.393 -743.0 -20.415 1.3747 
29000 36 790.454 -768.0 -20.373 1.396 
30000 37 790.308 -790.0 -20.436 1.3953 
31000 39 813.07 -814.0 -20.453 1.4382 
32000 40 809.963 -839.0 -20.508 1.4323 
33000 41 816.566 -862.0 -20.557 1.4415 
34000 42 840.31 -879.0 -20.301 1.4861 
35000 43 866.379 -897.0 -20.271 1.5289 
36000 44 876.141 -919.0 -20.344 1.5467 
37000 45 876.627 -943.0 -20.41 1.5473 
38000 46 884.064 -963.0 -20.369 1.5584 
39000 47 893.458 -987.0 -20.332 1.5763 
40000 48 885.812 -1007.0 -20.399 1.5618 
41000 49 905.031 -1025.0 -20.259 1.5976 
42000 50 910.228 -1047.0 -20.233 1.6053 
43000 51 912.705 -1070.0 -20.31 1.609 
44000 52 927.234 -1087.0 -20.379 1.637 
45000 53 927.811 -1112.0 -20.241 1.6367 
46000 54 920.23 -1138.0 -20.317 1.6246 
47000 56 907.176 -1162.0 -20.447 1.6011 
48000 57 894.959 -1186.0 -20.502 1.5793 
49000 58 905.063 -1210.0 -20.552 1.5979 
50000 59 892.356 -1233.0 -20.597 1.5752 
51000 60 908.921 -1253.0 -20.637 1.6035 
52000 61 913.729 -1275.0 -20.573 1.6132 
53000 62 919.556 -1300.0 -20.616 1.622 
54000 63 912.6 -1321.0 -20.654 1.6114 
55000 65 899.126 -1347.0 -20.63 1.5874 
56000 66 890.814 -1372.0 -20.667 1.5719 
57000 67 880.232 -1398.0 -20.7 1.5561 
58000 68 897.309 -1418.0 -20.63 1.5856 
59000 69 887.078 -1445.0 -20.667 1.5674 
60000 71 865.643 -1472.0 -20.73 1.5299 
61000 72 860.979 -1498.0 -20.757 1.5206 
62000 73 894.081 -1512.0 -20.582 1.5815 
63000 74 883.573 -1535.0 -20.623 1.5624 
64000 75 886.016 -1560.0 -20.661 1.5667 
65000 76 882.114 -1583.0 -20.695 1.5609 
66000 77 888.003 -1603.0 -20.526 1.5704 
67000 78 889.102 -1625.0 -20.473 1.5724 
68000 79 897.792 -1647.0 -20.426 1.5889 
69000 80 898.613 -1672.0 -20.483 1.5903 
70000 82 884.346 -1698.0 -20.581 1.5648 
71000 83 894.712 -1719.0 -20.523 1.5811 
72000 84 889.241 -1743.0 -20.471 1.5728 
73000 85 891.217 -1767.0 -20.524 1.5761 
74000 86 894.795 -1786.0 -20.571 1.5817 
75000 87 899.215 -1809.0 -20.514 1.5917 
76000 88 911.994 -1828.0 -20.363 1.6142 
77000 89 905.695 -1850.0 -20.427 1.6011 
78000 90 908.625 -1876.0 -20.384 1.6085 
79000 91 898.263 -1900.0 -20.446 1.5892 
80000 93 902.753 -1921.0 -20.451 1.5947 
81000 94 900.377 -1945.0 -20.406 1.5898 
82000 95 886.14 -1967.0 -20.465 1.5644 
83000 96 907.026 -1989.0 -20.319 1.6027 
84000 97 909.223 -2009.0 -20.287 1.606 
85000 98 912.401 -2028.0 -20.358 1.6107 
86000 99 925.761 -2051.0 -20.322 1.6341 
87000 100 930.685 -2066.0 -20.29 1.6447 
88000 101 949.416 -2089.0 -20.261 1.6787 
89000 102 950.675 -2110.0 -20.335 1.6795 
90000 103 965.007 -2126.0 -20.301 1.7064 
91000 104 960.806 -2150.0 -20.271 1.6983 
92000 105 951.426 -2172.0 -20.344 1.6826 
93000 106 971.183 -2190.0 -20.21 1.7176 
94000 107 958.565 -2216.0 -20.289 1.6936 
95000 108 946.108 -2241.0 -20.36 1.6732 
96000 109 933.698 -2266.0 -20.424 1.65 
97000 110 922.728 -2287.0 -20.482 1.6325 
98000 112 925.16 -2311.0 -20.58 1.6349 
99000 113 917.844 -2332.0 -20.622 1.6233 
100000 114 926.359 -2354.0 -20.46 1.6389 
101000 115 928.723 -2375.0 -20.414 1.6416 
102000 116 942.951 -2390.0 -20.272 1.6689 
103000 117 944.156 -2414.0 -20.245 1.6695 
104000 118 941.44 -2435.0 -20.221 1.6645 
105000 119 934.696 -2459.0 -20.299 1.6534 
106000 120 935.127 -2480.0 -20.269 1.6529 
107000 121 932.514 -2505.0 -20.342 1.6484 
108000 122 920.863 -2525.0 -20.408 1.6291 
109000 123 947.276 -2543.0 -20.267 1.673 
110000 124 955.749 -2559.0 -20.14 1.6866 
111000 125 952.774 -2582.0 -20.126 1.6794 
112000 126 959.296 -2596.0 -20.114 1.6901 
113000 127 977.067 -2619.0 -19.902 1.7204 
114000 128 961.66 -2641.0 -20.012 1.6941 
115000 129 968.794 -2662.0 -20.111 1.7056 
116000 130 961.815 -2686.0 -20.1 1.6926 
117000 132 945.38 -2710.0 -20.171 1.6603 
118000 133 942.942 -2731.0 -20.154 1.6582 
119000 134 942.448 -2754.0 -20.238 1.6558 
120000 135 944.403 -2774.0 -20.214 1.6575 
121000 136 948.063 -2795.0 -20.293 1.665 
122000 137 953.656 -2815.0 -20.264 1.6748 
123000 138 951.891 -2836.0 -20.337 1.6704 
124000 139 955.902 -2860.0 -20.404 1.6782 
125000 140 954.512 -2875.0 -20.263 1.6743 
126000 141 956.16 -2899.0 -20.137 1.6781 
127000 142 966.044 -2919.0 -20.223 1.6945 
128000 143 964.64 -2943.0 -20.301 1.6936 
129000 144 950.176 -2966.0 -20.371 1.6669 
130000 145 959.958 -2984.0 -20.134 1.6833 
131000 146 963.862 -3006.0 -20.22 1.6908 
132000 147 945.976 -3027.0 -20.298 1.6589 
133000 148 959.579 -3050.0 -20.269 1.6844 
134000 149 945.321 -3071.0 -20.342 1.6581 
135000 150 946.389 -3094.0 -20.307 1.6614 
136000 152 932.745 -3117.0 -20.349 1.6343 
137000 153 927.37 -3142.0 -20.414 1.6262 
138000 154 922.233 -3164.0 -20.473 1.6184 
139000 155 941.41 -3182.0 -20.325 1.6537 
140000 156 944.469 -3203.0 -20.393 1.6581 
141000 157 958.922 -3219.0 -20.354 1.6854 
142000 158 959.33 -3239.0 -20.318 1.6851 
143000 159 966.597 -3260.0 -20.186 1.6982 
144000 160 952.237 -3286.0 -20.268 1.6753 
145000 161 960.713 -3305.0 -20.241 1.69 
146000 162 946.742 -3330.0 -20.317 1.6649 
147000 163 941.768 -3354.0 -20.285 1.6563 
148000 164 931.191 -3377.0 -20.357 1.6393 
149000 166 921.585 -3402.0 -20.389 1.6236 
150000 167 913.226 -3425.0 -20.45 1.6077 
151000 168 903.804 -3445.0 -20.505 1.5919 
152000 169 923.423 -3468.0 -20.455 1.6252 
153000 170 939.781 -3488.0 -20.509 1.6558 
154000 171 933.403 -3510.0 -20.558 1.6425 
155000 172 923.663 -3533.0 -20.502 1.627 
156000 173 919.696 -3560.0 -20.452 1.6203 
157000 174 908.327 -3583.0 -20.507 1.5994 
158000 175 907.794 -3608.0 -20.556 1.5985 
159000 177 901.343 -3630.0 -20.541 1.5883 
160000 178 906.009 -3652.0 -20.486 1.5955 
161000 179 903.508 -3673.0 -20.438 1.5917 
162000 180 897.857 -3695.0 -20.494 1.5832 
163000 181 909.771 -3717.0 -20.445 1.6049 
164000 182 924.994 -3736.0 -20.3 1.6309 
165000 183 918.495 -3759.0 -20.37 1.6207 
166000 184 918.545 -3784.0 -20.333 1.6203 
167000 185 905.791 -3810.0 -20.4 1.5985 
168000 186 897.212 -3827.0 -20.46 1.5856 
169000 187 915.591 -3847.0 -20.314 1.6184 
170000 189 916.798 -3873.0 -20.444 1.6214 
171000 190 916.219 -3894.0 -20.5 1.6241 
172000 191 917.297 -3916.0 -20.45 1.6261 
173000 192 910.067 -3942.0 -20.505 1.6124 
174000 193 910.46 -3960.0 -20.454 1.6163 
175000 194 926.214 -3981.0 -20.409 1.6438 
176000 195 924.293 -4005.0 -20.468 1.6409 
177000 196 936.464 -4023.0 -20.421 1.6614 
178000 197 941.017 -4045.0 -20.379 1.6695 
179000 198 929.215 -4072.0 -20.441 1.647 
180000 199 914.994 -4097.0 -20.497 1.621 
181000 201 910.495 -4120.0 -20.593 1.6124 
182000 202 916.546 -4140.0 -20.433 1.624 
183000 203 919.191 -4159.0 -20.39 1.627 
184000 204 914.172 -4182.0 -20.351 1.6187 
185000 205 921.055 -4205.0 -20.316 1.6312 
186000 206 923.349 -4227.0 -20.284 1.6338 
187000 207 915.014 -4247.0 -20.256 1.62 
188000 208 920.813 -4272.0 -20.33 1.6283 
189000 209 915.332 -4295.0 -20.397 1.6193 
190000 210 916.098 -4318.0 -20.358 1.6198 
191000 211 909.089 -4335.0 -20.422 1.6088 
192000 212 925.48 -4358.0 -20.28 1.6361 
193000 213 922.832 -4380.0 -20.252 1.6312 
194000 215 923.954 -4402.0 -20.294 1.634 
195000 215 923.954 -4416.0 -20.294 1.634 
196000 216 946.458 -4437.0 -19.964 1.6763 
197000 217 960.513 -4458.0 -20.068 1.7 
198000 219 942.625 -4482.0 -20.155 1.6688 
199000 220 935.563 -4503.0 -20.24 1.6566 
200000 221 931.106 -4527.0 -20.216 1.6482 
201000 222 946.396 -4546.0 -20.194 1.6733 
202000 223 969.056 -4562.0 -20.175 1.7126 
203000 224 964.051 -4586.0 -20.257 1.7031 
204000 225 955.645 -4607.0 -20.331 1.6883 
205000 226 976.081 -4622.0 -20.098 1.724 
206000 227 981.373 -4643.0 -20.188 1.733 
207000 228 983.436 -4664.0 -20.17 1.7374 
208000 229 988.792 -4683.0 -20.153 1.7464 
209000 230 971.913 -4708.0 -20.237 1.7183 
210000 231 953.722 -4732.0 -20.314 1.6863 
211000 232 975.049 -4750.0 -20.282 1.7232 
212000 233 981.144 -4768.0 -20.254 1.7336 
213000 234 965.03 -4793.0 -20.329 1.7038 
214000 235 956.627 -4819.0 -20.396 1.6892 
215000 236 943.464 -4845.0 -20.456 1.6676 
216000 237 931.318 -4865.0 -20.511 1.6447 
217000 239 924.887 -4891.0 -20.514 1.6331 
218000 239 924.887 -4906.0 -20.514 1.6331 
219000 241 924.449 -4931.0 -20.246 1.6335 
220000 241 924.449 -4946.0 -20.246 1.6335 
221000 243 936.424 -4971.0 -20.209 1.6529 
222000 244 944.781 -4992.0 -20.188 1.668 
223000 245 948.103 -5009.0 -20.17 1.6751 
224000 246 941.593 -5036.0 -20.153 1.6641 
225000 247 947.134 -5050.0 -20.037 1.6743 
226000 248 946.52 -5072.0 -19.934 1.6721 
227000 249 940.068 -5097.0 -20.04 1.6611 
228000 250 943.361 -5119.0 -20.136 1.6679 
229000 251 945.925 -5140.0 -20.023 1.6701 
230000 252 942.433 -5161.0 -20.12 1.6637 
231000 253 949.089 -5180.0 -20.208 1.676 
232000 254 962.98 -5197.0 -20.187 1.7026 
233000 255 968.082 -5216.0 -20.169 1.7116 
234000 256 980.674 -5238.0 -20.052 1.7322 
235000 257 980.107 -5256.0 -19.947 1.7326 
236000 258 969.796 -5281.0 -20.052 1.7151 
237000 259 962.316 -5303.0 -20.047 1.702 
238000 260 952.385 -5326.0 -20.042 1.6819 
239000 261 950.046 -5346.0 -20.138 1.6802 
240000 262 954.642 -5363.0 -20.124 1.686 
241000 263 975.478 -5380.0 -20.112 1.7224 
242000 264 977.83 -5402.0 -20.001 1.7269 
243000 265 981.747 -5426.0 -20.0 1.7342 
244000 266 965.372 -5442.0 -20.1 1.7075 
245000 267 981.635 -5467.0 -19.99 1.7343 
246000 268 965.371 -5488.0 -20.091 1.708 
247000 269 982.934 -5505.0 -20.082 1.7393 
248000 270 981.741 -5526.0 -20.074 1.7359 
249000 272 960.75 -5553.0 -20.25 1.7006 
250000 273 970.075 -5572.0 -20.325 1.7151 
251000 274 959.868 -5594.0 -20.292 1.6966 
252000 275 966.081 -5616.0 -20.363 1.7068 
253000 276 953.173 -5641.0 -20.427 1.6847 
254000 277 947.555 -5662.0 -20.484 1.6736 
255000 278 945.7 -5686.0 -20.436 1.6684 
256000 279 939.23 -5708.0 -20.492 1.6566 
257000 280 945.607 -5729.0 -20.343 1.6675 
258000 281 941.046 -5747.0 -20.309 1.6584 
259000 282 952.442 -5768.0 -20.278 1.6772 
260000 283 945.497 -5790.0 -20.25 1.6645 
261000 284 946.748 -5807.0 -20.225 1.6647 
262000 285 955.573 -5829.0 -20.103 1.6795 
263000 286 960.216 -5847.0 -20.192 1.6879 
264000 287 972.394 -5868.0 -20.073 1.7105 
265000 288 979.855 -5891.0 -20.066 1.7229 
266000 289 960.569 -5911.0 -20.159 1.6884 
267000 290 963.712 -5933.0 -20.143 1.6944 
268000 292 955.547 -5955.0 -20.116 1.6781 
269000 292 955.547 -5972.0 -20.116 1.6781 
270000 294 953.633 -5997.0 -20.104 1.6752 
271000 295 949.37 -6020.0 -20.194 1.6675 
272000 296 971.333 -6035.0 -20.074 1.7057 
273000 296 971.333 -6052.0 -20.074 1.7057 
274000 297 982.499 -6070.0 -19.967 1.7268 
275000 299 981.105 -6093.0 -19.883 1.7233 
276000 299 981.105 -6108.0 -19.883 1.7233 
277000 300 994.994 -6126.0 -19.795 1.7484 
278000 301 1009.495 -6148.0 -19.715 1.7739 
279000 302 994.945 -6167.0 -19.844 1.7461 
280000 303 1006.951 -6185.0 -19.659 1.7682 
281000 304 1003.056 -6209.0 -19.793 1.7636 
282000 305 993.45 -6230.0 -19.914 1.7476 
283000 307 978.015 -6254.0 -20.03 1.7207 
284000 308 986.313 -6272.0 -19.927 1.7358 
285000 309 969.682 -6294.0 -20.035 1.7091 
286000 310 972.514 -6314.0 -19.931 1.7124 
287000 310 972.514 -6329.0 -19.931 1.7124 
288000 311 998.162 -6348.0 -19.838 1.7599 
289000 312 1000.946 -6370.0 -19.854 1.7656 
290000 313 997.851 -6389.0 -19.869 1.7622 
291000 314 999.666 -6410.0 -19.882 1.7662 
292000 315 995.2 -6427.0 -19.894 1.7574 
293000 316 1013.28 -6445.0 -19.804 1.7894 
294000 317 1019.852 -6465.0 -19.824 1.803 
295000 318 1026.567 -6488.0 -19.942 1.8137 
296000 319 1013.31 -6506.0 -19.947 1.791 
297000 320 1003.979 -6528.0 -19.953 1.7743 
298000 321 1008.481 -6543.0 -19.957 1.7839 
299000 322 1034.333 -6559.0 -19.762 1.8261 
300000 323 1033.9 -6577.0 -19.785 1.8256 
301000 324 1051.71 -6592.0 -19.607 1.8585 
302000 325 1064.039 -6608.0 -19.646 1.8796 
303000 325 1064.039 -6625.0 -19.646 1.8796 
304000 327 1060.431 -6646.0 -19.623 1.8722 
305000 328 1043.488 -6669.0 -19.761 1.8426 
306000 329 1042.839 -6686.0 -19.685 1.8437 
307000 329 1042.839 -6701.0 -19.685 1.8437 
308000 330 1071.055 -6710.0 -19.317 1.8926 
309000 331 1083.45 -6730.0 -19.185 1.9131 
310000 332 1075.805 -6748.0 -19.166 1.8996 
311000 333 1094.124 -6761.0 -19.35 1.9315 
312000 334 1096.512 -6780.0 -19.415 1.9353 
313000 335 1094.261 -6801.0 -19.373 1.9293 
314000 336 1078.435 -6819.0 -19.436 1.8997 
315000 336 1078.435 -6837.0 -19.436 1.8997 
316000 337 1092.091 -6857.0 -19.492 1.9242 
317000 338 1092.182 -6872.0 -19.443 1.9218 
318000 339 1111.464 -6882.0 -19.199 1.9549 
319000 340 1122.718 -6895.0 -18.979 1.9755 
320000 341 1128.046 -6910.0 -18.881 1.9837 
321000 342 1117.841 -6932.0 -18.993 1.965 
322000 343 1084.157 -6958.0 -19.194 1.9055 
323000 344 1073.041 -6975.0 -19.274 1.8869 
324000 345 1066.337 -6994.0 -19.347 1.8753 
325000 346 1080.803 -7010.0 -19.212 1.8988 
326000 346 1080.803 -7022.0 -19.212 1.8988 
327000 347 1105.023 -7040.0 -18.991 1.9427 
328000 348 1098.621 -7058.0 -19.092 1.9308 
329000 349 1099.459 -7081.0 -19.183 1.9302 
330000 350 1085.313 -7098.0 -19.364 1.9071 
331000 351 1081.382 -7115.0 -19.428 1.8994 
332000 352 1102.643 -7132.0 -19.385 1.9363 
333000 352 1102.643 -7141.0 -19.385 1.9363 
334000 354 1114.531 -7162.0 -19.142 1.9588 
335000 354 1114.531 -7172.0 -19.142 1.9588 
336000 355 1146.678 -7186.0 -18.828 2.0148 
337000 356 1173.51 -7198.0 -18.745 2.0614 
338000 356 1173.51 -7213.0 -18.745 2.0614 
339000 357 1193.259 -7227.0 -18.671 2.0962 
340000 358 1182.033 -7241.0 -18.603 2.0755 
341000 359 1218.63 -7255.0 -18.643 2.1408 
342000 359 1218.63 -7265.0 -18.643 2.1408 
343000 360 1220.667 -7285.0 -18.379 2.1447 
344000 361 1196.4 -7298.0 -18.441 2.1014 
345000 362 1208.06 -7312.0 -18.497 2.1237 
346000 363 1229.954 -7329.0 -18.647 2.1607 
347000 364 1219.759 -7346.0 -18.682 2.1455 
348000 364 1219.759 -7359.0 -18.682 2.1455 
349000 365 1244.083 -7371.0 -18.514 2.1862 
350000 366 1249.575 -7386.0 -18.463 2.1957 
351000 367 1217.517 -7406.0 -18.716 2.1387 
352000 368 1210.565 -7423.0 -18.845 2.127 
353000 369 1203.909 -7442.0 -18.96 2.1156 
354000 369 1203.909 -7457.0 -18.96 2.1156 
355000 370 1198.318 -7468.0 -18.864 2.1061 
356000 371 1225.986 -7481.0 -18.578 2.1559 
357000 372 1215.688 -7501.0 -18.82 2.1382 
358000 372 1215.688 -7509.0 -18.82 2.1382 
359000 373 1251.419 -7525.0 -18.538 2.1997 
360000 374 1256.977 -7538.0 -18.584 2.2089 
361000 375 1241.879 -7555.0 -18.726 2.1836 
362000 376 1247.591 -7570.0 -18.753 2.1927 
363000 376 1247.591 -7585.0 -18.753 2.1927 
364000 377 1246.232 -7599.0 -18.878 2.1912 
365000 378 1256.909 -7617.0 -18.99 2.2083 
366000 379 1258.718 -7630.0 -18.991 2.2115 
367000 379 1258.718 -7642.0 -18.991 2.2115 
368000 380 1262.946 -7652.0 -18.692 2.2182 
369000 381 1278.152 -7671.0 -18.623 2.245 
370000 382 1283.936 -7685.0 -18.661 2.2568 
371000 383 1268.943 -7699.0 -18.594 2.2309 
372000 384 1240.149 -7721.0 -18.835 2.1789 
373000 384 1240.149 -7737.0 -18.835 2.1789 
374000 385 1227.934 -7754.0 -18.852 2.1582 
375000 386 1236.74 -7764.0 -18.866 2.1727 
376000 387 1229.966 -7783.0 -18.78 2.1604 
377000 388 1249.57 -7793.0 -18.602 2.1972 
378000 388 1249.57 -7806.0 -18.602 2.1972 
379000 389 1269.713 -7818.0 -18.542 2.2324 
380000 390 1296.141 -7830.0 -18.587 2.2804 
381000 390 1296.141 -7841.0 -18.587 2.2804 
382000 391 1308.427 -7856.0 -18.429 2.3018 
383000 392 1302.985 -7870.0 -18.186 2.2934 
384000 392 1302.985 -7880.0 -18.186 2.2934 
385000 393 1311.686 -7897.0 -18.167 2.3114 
386000 394 1305.517 -7908.0 -18.051 2.2992 
387000 395 1310.066 -7919.0 -18.045 2.3091 
388000 395 1310.066 -7932.0 -18.045 2.3091 
389000 396 1321.459 -7942.0 -17.941 2.3307 
390000 397 1331.813 -7959.0 -17.847 2.3484 
391000 398 1344.832 -7969.0 -17.862 2.3729 
392000 398 1344.832 -7982.0 -17.862 2.3729 
393000 399 1340.749 -7992.0 -17.776 2.3632 
394000 400 1347.474 -8007.0 -17.698 2.3749 
395000 400 1347.474 -8019.0 -17.698 2.3749 
396000 401 1361.626 -8032.0 -17.829 2.3982 
397000 402 1380.064 -8042.0 -17.746 2.431 
398000 402 1380.064 -8051.0 -17.746 2.431 
399000 403 1412.857 -8059.0 -17.671 2.4871 
400000 403 1412.857 -8069.0 -17.671 2.4871 
401000 404 1446.972 -8080.0 -17.604 2.549 
402000 405 1457.775 -8095.0 -17.644 2.5678 
403000 405 1457.775 -8098.0 -17.644 2.5678 
404000 406 1527.497 -8104.0 -17.279 2.6886 
405000 406 1527.497 -8114.0 -17.279 2.6886 
406000 407 1538.347 -8129.0 -17.351 2.7053 
407000 408 1526.013 -8142.0 -17.516 2.6823 
408000 408 1526.013 -8151.0 -17.516 2.6823 
409000 409 1545.611 -8163.0 -17.565 2.7172 
410000 409 1545.611 -8171.0 -17.565 2.7172 
411000 410 1579.15 -8181.0 -17.508 2.7758 
412000 411 1562.335 -8196.0 -17.657 2.7449 
413000 411 1562.335 -8208.0 -17.657 2.7449 
414000 412 1580.302 -8216.0 -17.592 2.774 
415000 412 1580.302 -8231.0 -17.592 2.774 
416000 413 1562.772 -8239.0 -17.932 2.7428 
417000 414 1589.094 -8249.0 -17.639 2.7875 
418000 414 1589.094 -8257.0 -17.639 2.7875 
419000 415 1614.385 -8261.0 -17.175 2.8327 
420000 415 1614.385 -8272.0 -17.175 2.8327 
421000 416 1648.846 -8276.0 -16.758 2.8927 
422000 416 1648.846 -8284.0 -16.758 2.8927 
423000 417 1668.662 -8293.0 -16.682 2.9299 
424000 417 1668.662 -8299.0 -16.682 2.9299 
425000 418 1701.296 -8307.0 -16.314 2.9862 
426000 418 1701.296 -8319.0 -16.314 2.9862 
427000 419 1685.366 -8330.0 -16.482 2.9591 
428000 420 1682.229 -8340.0 -16.534 2.953 
429000 420 1682.229 -8353.0 -16.534 2.953 
430000 421 1655.907 -8359.0 -16.681 2.9058 
431000 422 1656.416 -8375.0 -16.613 2.9063 
432000 422 1656.416 -8388.0 -16.613 2.9063 
433000 423 1625.474 -8399.0 -16.751 2.8529 
434000 424 1610.727 -8412.0 -16.976 2.825 
435000 425 1584.754 -8426.0 -16.979 2.7802 
436000 425 1584.754 -8434.0 -16.979 2.7802 
437000 426 1599.179 -8443.0 -16.581 2.8034 
438000 426 1599.179 -8455.0 -16.581 2.8034 
439000 427 1585.061 -8466.0 -16.823 2.7803 
440000 428 1577.755 -8480.0 -16.84 2.7644 
441000 428 1577.755 -8490.0 -16.84 2.7644 
442000 429 1565.379 -8506.0 -16.856 2.7446 
443000 430 1540.541 -8518.0 -17.171 2.7 
444000 430 1540.541 -8528.0 -17.171 2.7 
445000 431 1542.787 -8537.0 -17.154 2.7034 
446000 432 1577.009 -8547.0 -17.138 2.7639 
447000 432 1577.009 -8553.0 -17.138 2.7639 
448000 433 1603.608 -8560.0 -16.624 2.8091 
449000 433 1603.608 -8572.0 -16.624 2.8091 
450000 434 1589.547 -8582.0 -16.762 2.7861 
451000 434 1589.547 -8588.0 -16.762 2.7861 
452000 435 1626.692 -8600.0 -16.386 2.8495 
453000 436 1604.823 -8614.0 -16.647 2.8116 
454000 436 1604.823 -8623.0 -16.647 2.8116 
455000 437 1595.341 -8630.0 -16.583 2.7961 
456000 438 1598.607 -8641.0 -16.624 2.8027 
457000 438 1598.607 -8648.0 -16.624 2.8027 
458000 439 1641.246 -8658.0 -16.562 2.8778 
459000 439 1641.246 -8670.0 -16.562 2.8778 
460000 440 1660.621 -8681.0 -16.906 2.9106 
461000 440 1660.621 -8693.0 -16.906 2.9106 
462000 441 1645.759 -8701.0 -17.015 2.8852 
463000 442 1653.583 -8711.0 -16.914 2.8974 
464000 442 1653.583 -8721.0 -16.914 2.8974 
465000 443 1675.925 -8727.0 -16.522 2.9376 
466000 443 1675.925 -8741.0 -16.522 2.9376 
467000 444 1659.932 -8754.0 -16.87 2.91 
468000 445 1650.639 -8764.0 -16.983 2.8931 
469000 445 1650.639 -8775.0 -16.983 2.8931 
470000 446 1644.075 -8789.0 -17.285 2.8804 
471000 446 1644.075 -8794.0 -17.285 2.8804 
472000 447 1678.668 -8804.0 -17.356 2.9429 
473000 447 1678.668 -8817.0 -17.356 2.9429 
474000 448 1687.301 -8825.0 -17.521 2.9586 
475000 449 1705.671 -8838.0 -17.669 2.9893 
476000 449 1705.671 -8844.0 -17.669 2.9893 
477000 450 1718.604 -8853.0 -17.302 3.0141 
478000 450 1718.604 -8860.0 -17.302 3.0141 
479000 451 1752.043 -8869.0 -17.072 3.0721 
480000 451 1752.043 -8876.0 -17.072 3.0721 
481000 452 1739.639 -8885.0 -16.764 3.048 
482000 452 1739.639 -8900.0 -16.764 3.048 
483000 453 1718.175 -8912.0 -17.088 3.0134 
484000 454 1729.358 -8919.0 -16.979 3.0376 
485000 454 1729.358 -8934.0 -16.979 3.0376 
486000 455 1702.922 -8941.0 -17.381 2.9921 
487000 456 1698.53 -8955.0 -17.343 2.9864 
488000 456 1698.53 -8963.0 -17.343 2.9864 
489000 457 1707.177 -8973.0 -17.209 3.0033 
490000 457 1707.177 -8980.0 -17.209 3.0033 
491000 458 1713.959 -8989.0 -16.888 3.0171 
492000 458 1713.959 -9000.0 -16.888 3.0171 
493000 459 1710.563 -9008.0 -17.099 3.0122 
494000 459 1710.563 -9016.0 -17.099 3.0122 
495000 460 1743.907 -9023.0 -16.789 3.0722 
496000 460 1743.907 -9029.0 -16.789 3.0722 
497000 461 1761.116 -9034.0 -16.51 3.1041 
498000 461 1761.116 -9043.0 -16.51 3.1041 
499000 462 1789.805 -9055.0 -16.259 3.1556 
500000 462 1789.805 -9063.0 -16.259 3.1556 
501000 463 1795.224 -9073.0 -16.533 3.1667 
502000 463 1795.224 -9075.0 -16.533 3.1667 
503000 464 1825.602 -9086.0 -16.08 3.2223 
504000 465 1791.842 -9100.0 -16.472 3.1617 
505000 465 1791.842 -9111.0 -16.472 3.1617 
506000 466 1773.357 -9125.0 -16.625 3.1297 
507000 467 1754.822 -9132.0 -16.762 3.0955 
508000 467 1754.822 -9139.0 -16.762 3.0955 
509000 468 1789.939 -9143.0 -16.086 3.1584 
510000 468 1789.939 -9145.0 -16.086 3.1584 
511000 468 1789.939 -9151.0 -16.086 3.1584 
512000 469 1824.146 -9159.0 -15.477 3.2162 
513000 470 1832.531 -9166.0 -15.23 3.2324 
514000 470 1832.531 -9173.0 -15.23 3.2324 
515000 471 1835.078 -9184.0 -15.307 3.2394 
516000 471 1835.078 -9194.0 -15.307 3.2394 
517000 472 1843.87 -9198.0 -15.276 3.2541 
518000 472 1843.87 -9205.0 -15.276 3.2541 
519000 472 1843.87 -9208.0 -15.276 3.2541 
520000 473 1907.483 -9214.0 -14.948 3.3641 
521000 473 1907.483 -9223.0 -14.948 3.3641 
522000 474 1902.435 -9238.0 -15.054 3.3574 
523000 475 1858.591 -9247.0 -15.348 3.2786 
524000 476 1799.432 -9266.0 -15.813 3.1743 
525000 476 1799.432 -9274.0 -15.813 3.1743 
526000 477 1776.189 -9286.0 -15.832 3.1323 
527000 478 1726.07 -9297.0 -15.949 3.044 
528000 478 1726.07 -9311.0 -15.949 3.044 
529000 479 1749.663 -9316.0 -16.154 3.0873 
530000 479 1749.663 -9326.0 -16.154 3.0873 
531000 480 1739.497 -9331.0 -16.239 3.0664 
532000 480 1739.497 -9337.0 -16.239 3.0664 
533000 481 1780.747 -9346.0 -15.615 3.139 
534000 481 1780.747 -9354.0 -15.615 3.139 
535000 482 1766.472 -9366.0 -15.553 3.1142 
536000 483 1734.625 -9380.0 -15.798 3.0572 
537000 484 1703.463 -9394.0 -16.218 3.002 
538000 484 1703.463 -9398.0 -16.218 3.002 
539000 485 1711.916 -9411.0 -15.896 3.017 
540000 485 1711.916 -9424.0 -15.896 3.017 
541000 486 1699.525 -9432.0 -16.107 2.9972 
542000 487 1656.672 -9446.0 -16.096 2.9215 
543000 487 1656.672 -9453.0 -16.096 2.9215 
544000 488 1671.805 -9462.0 -15.986 2.9474 
545000 489 1655.925 -9475.0 -16.188 2.9182 
546000 489 1655.925 -9491.0 -16.188 2.9182 
547000 490 1619.432 -9502.0 -16.669 2.8525 
548000 491 1608.689 -9516.0 -16.702 2.8363 
549000 491 1608.689 -9519.0 -16.702 2.8363 
550000 492 1632.12 -9526.0 -16.232 2.8788 
551000 492 1632.12 -9538.0 -16.232 2.8788 
552000 493 1637.908 -9542.0 -16.309 2.8905 
553000 493 1637.908 -9551.0 -16.309 2.8905 
554000 494 1661.117 -9559.0 -15.878 2.935 
555000 494 1661.117 -9560.0 -15.878 2.935 
556000 495 1696.005 -9571.0 -15.29 2.998 
557000 495 1696.005 -9575.0 -15.29 2.998 
558000 496 1719.205 -9584.0 -15.061 3.0405 
559000 497 1719.884 -9594.0 -15.155 3.0418 
560000 497 1719.884 -9606.0 -15.155 3.0418 
561000 498 1706.896 -9616.0 -15.239 3.0196 
562000 499 1685.106 -9630.0 -15.716 2.984 
563000 499 1685.106 -9642.0 -15.716 2.984 
564000 500 1681.996 -9653.0 -16.144 2.9795 
565000 500 1681.996 -9666.0 -16.144 2.9795 
566000 501 1667.996 -9677.0 -16.53 2.9553 
567000 502 1671.697 -9687.0 -16.477 2.9615 
568000 502 1671.697 -9702.0 -16.477 2.9615 
569000 503 1648.427 -9714.0 -16.929 2.9233 
570000 504 1626.584 -9728.0 -17.036 2.8847 
571000 504 1626.584 -9732.0 -17.036 2.8847 
572000 505 1648.826 -9743.0 -16.932 2.9234 
573000 505 1648.826 -9753.0 -16.932 2.9234 
574000 506 1661.743 -9758.0 -16.839 2.9477 
575000 506 1661.743 -9766.0 -16.839 2.9477 
576000 507 1680.369 -9773.0 -16.455 2.9832 
577000 507 1680.369 -9781.0 -16.455 2.9832 
578000 508 1713.432 -9794.0 -16.11 3.0401 
579000 509 1673.989 -9807.0 -16.599 2.9728 
580000 509 1673.989 -9815.0 -16.599 2.9728 
581000 510 1670.59 -9824.0 -16.439 2.9647 
582000 511 1671.531 -9836.0 -16.495 2.9695 
583000 511 1671.531 -9852.0 -16.495 2.9695 
584000 512 1646.378 -9860.0 -16.946 2.9255 
585000 512 1646.378 -9866.0 -16.946 2.9255 
586000 513 1669.84 -9879.0 -16.451 2.9646 
587000 514 1648.656 -9887.0 -16.806 2.929 
588000 514 1648.656 -9894.0 -16.806 2.929 
589000 515 1693.99 -9900.0 -16.125 3.0081 
590000 515 1693.99 -9911.0 -16.125 3.0081 
591000 516 1724.291 -9915.0 -16.213 3.0632 
592000 516 1724.291 -9926.0 -16.213 3.0632 
593000 517 1721.762 -9933.0 -16.291 3.0576 
594000 517 1721.762 -9944.0 -16.291 3.0576 
595000 518 1754.886 -9946.0 -16.162 3.1162 
596000 518 1754.886 -9952.0 -16.162 3.1162 
597000 519 1821.397 -9958.0 -15.646 3.2343 
598000 519 1821.397 -9972.0 -15.646 3.2343 
599000 520 1786.058 -9985.0 -15.981 3.1704 
600000 521 1762.752 -9997.0 -16.283 3.1319 
601000 521 1762.752 -10005.0 -16.283 3.1319 
602000 522 1772.077 -10016.0 -16.355 3.1471 
603000 522 1772.077 -10031.0 -16.355 3.1471 
604000 523 1733.969 -10040.0 -16.72 3.0799 
605000 524 1709.672 -10057.0 -16.948 3.0379 
606000 525 1681.805 -10071.0 -17.253 2.9882 
607000 525 1681.805 -10082.0 -17.253 2.9882 
608000 526 1679.524 -10093.0 -17.328 2.9844 
609000 526 1679.524 -10107.0 -17.328 2.9844 
610000 527 1680.872 -10115.0 -17.695 2.9868 
611000 527 1680.872 -10128.0 -17.695 2.9868 
612000 528 1688.585 -10139.0 -17.825 3.0012 
613000 529 1680.726 -10154.0 -18.143 2.9862 
614000 529 1680.726 -10166.0 -18.143 2.9862 
615000 530 1668.254 -10178.0 -18.428 2.9641 
616000 530 1668.254 -10182.0 -18.428 2.9641 
617000 531 1686.928 -10199.0 -18.086 2.9982 
618000 532 1659.235 -10213.0 -18.377 2.9475 
619000 532 1659.235 -10225.0 -18.377 2.9475 
620000 533 1649.812 -10242.0 -18.539 2.93 
621000 534 1643.831 -10248.0 -18.685 2.9213 
622000 534 1643.831 -10253.0 -18.685 2.9213 
623000 535 1711.448 -10261.0 -18.217 3.0405 
624000 535 1711.448 -10271.0 -18.217 3.0405 
625000 536 1699.503 -10280.0 -18.295 3.0178 
626000 536 1699.503 -10282.0 -18.295 3.0178 
627000 536 1699.503 -10289.0 -18.295 3.0178 
628000 537 1778.853 -10301.0 -17.366 3.1601 
629000 538 1749.067 -10310.0 -17.629 3.1055 
630000 538 1749.067 -10319.0 -17.629 3.1055 
631000 539 1774.561 -10325.0 -17.166 3.1517 
632000 539 1774.561 -10334.0 -17.166 3.1517 
633000 540 1782.405 -10348.0 -17.35 3.1643 
634000 540 1782.405 -10358.0 -17.35 3.1643 
635000 541 1780.664 -10370.0 -17.415 3.1621 
636000 542 1763.298 -10378.0 -17.573 3.1325 
637000 542 1763.298 -10384.0 -17.573 3.1325 
638000 543 1798.368 -10391.0 -17.016 3.1933 
639000 543 1798.368 -10399.0 -17.016 3.1933 
640000 543 1798.368 -10404.0 -17.016 3.1933 
641000 544 1829.031 -10416.0 -16.814 3.2492 
642000 545 1836.428 -10427.0 -17.233 3.2602 
643000 545 1836.428 -10438.0 -17.233 3.2602 
644000 546 1828.185 -10452.0 -17.51 3.2466 
645000 546 1828.185 -10461.0 -17.51 3.2466 
646000 547 1794.767 -10473.0 -17.559 3.188 
647000 548 1788.39 -10486.0 -17.903 3.1753 
648000 548 1788.39 -10497.0 -17.903 3.1753 
649000 549 1773.851 -10507.0 -17.712 3.1501 
650000 549 1773.851 -10516.0 -17.712 3.1501 
651000 550 1762.066 -10527.0 -17.841 3.1293 
652000 550 1762.066 -10540.0 -17.841 3.1293 
653000 551 1769.459 -10549.0 -18.157 3.1413 
654000 551 1769.459 -10554.0 -18.157 3.1413 
655000 552 1793.013 -10568.0 -17.741 3.1841 
656000 553 1789.612 -10574.0 -17.967 3.1787 
657000 553 1789.612 -10583.0 -17.967 3.1787 
658000 554 1798.251 -10594.0 -17.771 3.1953 
659000 554 1798.251 -10608.0 -17.771 3.1953 
660000 555 1781.326 -10616.0 -17.993 3.1631 
661000 555 1781.326 -10626.0 -17.993 3.1631 
662000 556 1781.893 -10632.0 -17.794 3.1645 
663000 556 1781.893 -10640.0 -17.794 3.1645 
664000 557 1813.104 -10652.0 -17.615 3.2219 
665000 557 1813.104 -10656.0 -17.615 3.2219 
666000 558 1839.793 -10660.0 -17.253 3.2681 
667000 558 1839.793 -10671.0 -17.253 3.2681 
668000 559 1849.814 -10677.0 -17.028 3.2854 
669000 559 1849.814 -10685.0 -17.028 3.2854 
670000 560 1865.933 -10693.0 -16.925 3.3149 
671000 561 1847.839 -10704.0 -16.833 3.2826 
672000 561 1847.839 -10711.0 -16.833 3.2826 
673000 562 1828.256 -10725.0 -16.949 3.2482 
674000 562 1828.256 -10724.0 -16.949 3.2482 
675000 563 1882.43 -10735.0 -16.454 3.3421 
676000 563 1882.43 -10746.0 -16.454 3.3421 
677000 564 1856.887 -10757.0 -16.809 3.2976 
678000 564 1856.887 -10760.0 -16.809 3.2976 
679000 565 1884.398 -10770.0 -16.328 3.3473 
680000 565 1884.398 -10779.0 -16.328 3.3473 
681000 566 1907.058 -10787.0 -16.595 3.386 
682000 566 1907.058 -10790.0 -16.595 3.386 
683000 566 1907.058 -10800.0 -16.595 3.386 
684000 567 1942.053 -10814.0 -16.536 3.4479 
685000 568 1895.547 -10827.0 -16.982 3.3618 
686000 568 1895.547 -10834.0 -16.982 3.3618 
687000 569 1918.293 -10838.0 -16.784 3.3989 
688000 569 1918.293 -10845.0 -16.784 3.3989 
689000 570 1929.363 -10855.0 -16.706 3.4168 
690000 570 1929.363 -10858.0 -16.706 3.4168 
691000 570 1929.363 -10863.0 -16.706 3.4168 
692000 571 1982.827 -10875.0 -16.335 3.5061 
693000 572 1969.644 -10881.0 -16.202 3.4787 
694000 572 1969.644 -10884.0 -16.202 3.4787 
695000 572 1969.644 -10891.0 -16.202 3.4787 
696000 573 1991.58 -10900.0 -15.881 3.5167 
697000 573 1991.58 -10908.0 -15.881 3.5167 
698000 574 1984.922 -10915.0 -15.893 3.5024 
699000 574 1984.922 -10927.0 -15.893 3.5024 
700000 575 1993.03 -10934.0 -16.104 3.5138 
701000 575 1993.03 -10944.0 -16.104 3.5138 
702000 576 1994.527 -10953.0 -16.394 3.5126 
703000 576 1994.527 -10960.0 -16.394 3.5126 
704000 577 1988.674 -10966.0 -16.254 3.5039 
705000 577 1988.674 -10973.0 -16.254 3.5039 
706000 578 2036.407 -10980.0 -15.929 3.5855 
707000 578 2036.407 -10986.0 -15.929 3.5855 
708000 579 2054.166 -10993.0 -15.936 3.6159 
709000 579 2054.166 -11000.0 -15.936 3.6159 
710000 579 2054.166 -11002.0 -15.936 3.6159 
711000 580 2094.649 -11005.0 -15.742 3.6857 
712000 580 2094.649 -11009.0 -15.742 3.6857 
713000 580 2094.649 -11011.0 -15.742 3.6857 
714000 581 2203.284 -11014.0 -15.068 3.8762 
715000 581 2203.284 -11017.0 -15.068 3.8762 
716000 581 2203.284 -11017.0 -15.068 3.8762 
717000 581 2203.284 -11019.0 -15.068 3.8762 
718000 582 2342.456 -11028.0 -14.161 4.12 
719000 583 2289.11 -11041.0 -14.645 4.0269 
720000 583 2289.11 -11054.0 -14.645 4.0269 
721000 584 2225.899 -11060.0 -15.181 3.915 
722000 584 2225.899 -11074.0 -15.181 3.915 
723000 585 2166.309 -11084.0 -15.563 3.8103 
724000 585 2166.309 -11094.0 -15.563 3.8103 
725000 586 2146.478 -11105.0 -15.806 3.773 
726000 587 2119.431 -11114.0 -16.026 3.7258 
727000 587 2119.431 -11121.0 -16.026 3.7258 
728000 587 2119.431 -11131.0 -16.026 3.7258 
729000 588 2124.488 -11138.0 -16.323 3.734 
730000 588 2124.488 -11144.0 -16.323 3.734 
731000 589 2184.839 -11147.0 -16.191 3.8381 
732000 589 2184.839 -11155.0 -16.191 3.8381 
733000 589 2184.839 -11159.0 -16.191 3.8381 
734000 590 2238.455 -11164.0 -15.972 3.9338 
735000 590 2238.455 -11171.0 -15.972 3.9338 
736000 590 2238.455 -11177.0 -15.972 3.9338 
737000 591 2304.009 -11186.0 -16.475 4.046 
738000 591 2304.009 -11192.0 -16.475 4.046 
739000 591 2304.009 -11197.0 -16.475 4.046 
740000 592 2332.908 -11205.0 -16.327 4.0979 
741000 592 2332.908 -11211.0 -16.327 4.0979 
742000 593 2339.618 -11219.0 -16.394 4.1066 
743000 593 2339.618 -11224.0 -16.394 4.1066 
744000 593 2339.618 -11227.0 -16.394 4.1066 
745000 594 2407.156 -11230.0 -16.255 4.2266 
746000 594 2407.156 -11230.0 -16.255 4.2266 
747000 594 2407.156 -11235.0 -16.255 4.2266 
748000 595 2510.44 -11239.0 -15.529 4.4092 
749000 595 2510.44 -11242.0 -15.529 4.4092 
750000 595 2510.44 -11246.0 -15.529 4.4092 
751000 596 2555.796 -11250.0 -15.076 4.4892 
752000 596 2555.796 -11259.0 -15.076 4.4892 
753000 596 2555.796 -11265.0 -15.076 4.4892 
754000 597 2542.517 -11266.0 -15.069 4.4675 
755000 597 2542.517 -11268.0 -15.069 4.4675 
756000 597 2542.517 -11275.0 -15.069 4.4675 
757000 598 2578.165 -11278.0 -14.762 4.5294 
758000 598 2578.165 -11288.0 -14.762 4.5294 
759000 599 2562.448 -11296.0 -14.986 4.5034 
760000 599 2562.448 -11302.0 -14.986 4.5034 
761000 599 2562.448 -11306.0 -14.986 4.5034 
762000 600 2611.704 -11310.0 -14.987 4.5932 
763000 600 2611.704 -11317.0 -14.987 4.5932 
764000 600 2611.704 -11321.0 -14.987 4.5932 
765000 601 2613.433 -11329.0 -14.988 4.5978 
766000 601 2613.433 -11336.0 -14.988 4.5978 
767000 601 2613.433 -11338.0 -14.988 4.5978 
768000 602 2628.29 -11344.0 -14.99 4.6223 
769000 602 2628.29 -11349.0 -14.99 4.6223 
770000 603 2600.661 -11362.0 -15.091 4.5757 
771000 603 2600.661 -11373.0 -15.091 4.5757 
772000 604 2519.895 -11380.0 -15.682 4.4337 
773000 604 2519.895 -11383.0 -15.682 4.4337 
774000 605 2538.905 -11393.0 -15.713 4.4663 
775000 605 2538.905 -11398.0 -15.713 4.4663 
776000 605 2538.905 -11402.0 -15.713 4.4663 
777000 606 2564.415 -11408.0 -15.442 4.5117 
778000 606 2564.415 -11418.0 -15.442 4.5117 
779000 607 2509.373 -11428.0 -15.898 4.4132 
780000 607 2509.373 -11436.0 -15.898 4.4132 
781000 607 2509.373 -11441.0 -15.898 4.4132 
782000 608 2485.136 -11447.0 -16.008 4.3717 
783000 608 2485.136 -11456.0 -16.008 4.3717 
784000 609 2497.622 -11459.0 -16.007 4.3991 
785000 609 2497.622 -11467.0 -16.007 4.3991 
786000 609 2497.622 -11471.0 -16.007 4.3991 
787000 610 2512.26 -11479.0 -16.007 4.427 
788000 610 2512.26 -11483.0 -16.007 4.427 
789000 611 2523.334 -11492.0 -16.106 4.4516 
790000 611 2523.334 -11497.0 -16.106 4.4516 
791000 611 2523.334 -11506.0 -16.106 4.4516 
792000 612 2505.601 -11510.0 -16.295 4.4219 
793000 612 2505.601 -11515.0 -16.295 4.4219 
794000 612 2505.601 -11521.0 -16.295 4.4219 
795000 613 2537.841 -11525.0 -15.966 4.4816 
796000 613 2537.841 -11528.0 -15.966 4.4816 
797000 614 2563.857 -11534.0 -15.569 4.5303 
798000 614 2563.857 -11537.0 -15.569 4.5303 
799000 614 2563.857 -11546.0 -15.569 4.5303 
800000 615 2522.071 -11552.0 -15.312 4.4592 
801000 615 2522.071 -11559.0 -15.312 4.4592 
802000 616 2541.164 -11560.0 -15.181 4.4951 
803000 616 2541.164 -11566.0 -15.181 4.4951 
804000 616 2541.164 -11573.0 -15.181 4.4951 
805000 617 2547.947 -11581.0 -15.063 4.508 
806000 617 2547.947 -11591.0 -15.063 4.508 
807000 618 2508.453 -11593.0 -15.357 4.4403 
808000 618 2508.453 -11602.0 -15.357 4.4403 
809000 619 2504.207 -11609.0 -15.421 4.4333 
810000 619 2504.207 -11624.0 -15.421 4.4333 
811000 620 2406.187 -11630.0 -15.679 4.2587 
812000 620 2406.187 -11633.0 -15.679 4.2587 
813000 620 2406.187 -11635.0 -15.679 4.2587 
814000 621 2500.068 -11636.0 -15.011 4.4214 
815000 621 2500.068 -11643.0 -15.011 4.4214 
816000 622 2458.461 -11653.0 -15.31 4.3486 
817000 622 2458.461 -11658.0 -15.31 4.3486 
818000 622 2458.461 -11659.0 -15.31 4.3486 
819000 622 2458.461 -11660.0 -15.31 4.3486 
820000 623 2560.415 -11659.0 -14.379 4.5261 
821000 623 2560.415 -11659.0 -14.379 4.5261 
822000 623 2560.415 -11659.0 -14.379 4.5261 
823000 623 2560.415 -11665.0 -14.379 4.5261 
824000 624 2669.574 -11665.0 -13.541 4.7164 
825000 624 2669.574 -11667.0 -13.541 4.7164 
826000 624 2669.574 -11671.0 -13.541 4.7164 
827000 625 2730.716 -11679.0 -13.087 4.8252 
828000 625 2730.716 -11686.0 -13.087 4.8252 
829000 626 2717.645 -11689.0 -13.178 4.8023 
830000 626 2717.645 -11689.0 -13.178 4.8023 
831000 626 2717.645 -11696.0 -13.178 4.8023 
832000 627 2710.08 -11708.0 -13.36 4.7887 
833000 627 2710.08 -11713.0 -13.36 4.7887 
834000 627 2710.08 -11718.0 -13.36 4.7887 
835000 628 2704.972 -11721.0 -13.624 4.7828 
836000 628 2704.972 -11730.0 -13.624 4.7828 
837000 628 2704.972 -11732.0 -13.624 4.7828 
838000 629 2718.175 -11739.0 -13.562 4.8079 
839000 629 2718.175 -11744.0 -13.562 4.8079 
840000 629 2718.175 -11747.0 -13.562 4.8079 
841000 630 2746.557 -11752.0 -13.706 4.8589 
842000 630 2746.557 -11761.0 -13.706 4.8589 
843000 631 2747.802 -11763.0 -13.935 4.8645 
844000 631 2747.802 -11770.0 -13.935 4.8645 
845000 631 2747.802 -11772.0 -13.935 4.8645 
846000 631 2747.802 -11777.0 -13.935 4.8645 
847000 632 2821.222 -11783.0 -13.942 4.9956 
848000 632 2821.222 -11792.0 -13.942 4.9956 
849000 633 2772.599 -11801.0 -14.647 4.9097 
850000 633 2772.599 -11804.0 -14.647 4.9097 
851000 633 2772.599 -11808.0 -14.647 4.9097 
852000 634 2789.539 -11812.0 -14.483 4.9409 
853000 634 2789.539 -11814.0 -14.483 4.9409 
854000 634 2789.539 -11818.0 -14.483 4.9409 
855000 635 2831.785 -11824.0 -14.134 5.0143 
856000 635 2831.785 -11828.0 -14.134 5.0143 
857000 635 2831.785 -11838.0 -14.134 5.0143 
858000 636 2791.807 -11842.0 -14.221 4.9409 
859000 636 2791.807 -11846.0 -14.221 4.9409 
860000 636 2791.807 -11852.0 -14.221 4.9409 
861000 637 2804.726 -11858.0 -14.199 4.9619 
862000 637 2804.726 -11863.0 -14.199 4.9619 
863000 638 2780.054 -11868.0 -14.279 4.9203 
864000 638 2780.054 -11871.0 -14.279 4.9203 
865000 638 2780.054 -11875.0 -14.279 4.9203 
866000 639 2813.648 -11882.0 -14.151 4.984 
867000 639 2813.648 -11886.0 -14.151 4.984 
868000 639 2813.648 -11896.0 -14.151 4.984 
869000 640 2780.183 -11905.0 -14.636 4.9254 
870000 640 2780.183 -11912.0 -14.636 4.9254 
871000 641 2769.765 -11915.0 -14.772 4.9092 
872000 641 2769.765 -11922.0 -14.772 4.9092 
873000 641 2769.765 -11928.0 -14.772 4.9092 
874000 642 2772.589 -11935.0 -15.295 4.9159 
875000 642 2772.589 -11940.0 -15.295 4.9159 
876000 642 2772.589 -11948.0 -15.295 4.9159 
877000 643 2763.63 -11954.0 -15.566 4.9013 
878000 643 2763.63 -11957.0 -15.566 4.9013 
879000 643 2763.63 -11962.0 -15.566 4.9013 
880000 644 2778.567 -11970.0 -15.309 4.9264 
881000 644 2778.567 -11972.0 -15.309 4.9264 
882000 644 2778.567 -11977.0 -15.309 4.9264 
883000 645 2789.41 -11980.0 -14.978 4.9482 
884000 645 2789.41 -11984.0 -14.978 4.9482 
885000 645 2789.41 -11989.0 -14.978 4.9482 
886000 646 2797.069 -11994.0 -14.58 4.9616 
887000 646 2797.069 -11996.0 -14.58 4.9616 
888000 647 2793.562 -12004.0 -14.522 4.9573 
889000 647 2793.562 -12008.0 -14.522 4.9573 
890000 647 2793.562 -12010.0 -14.522 4.9573 
891000 648 2795.006 -12017.0 -14.37 4.9612 
892000 648 2795.006 -12020.0 -14.37 4.9612 
893000 648 2795.006 -12024.0 -14.37 4.9612 
894000 648 2795.006 -12027.0 -14.37 4.9612 
895000 649 2848.805 -12033.0 -14.133 5.0573 
896000 649 2848.805 -12036.0 -14.133 5.0573 
897000 650 2846.725 -12042.0 -14.02 5.0538 
898000 650 2846.725 -12047.0 -14.02 5.0538 
899000 650 2846.725 -12050.0 -14.02 5.0538 
900000 650 2846.725 -12053.0 -14.02 5.0538 
901000 651 2916.252 -12055.0 -13.918 5.1791 
902000 651 2916.252 -12058.0 -13.918 5.1791 
903000 651 2916.252 -12060.0 -13.918 5.1791 
904000 652 2971.727 -12065.0 -13.526 5.2774 
905000 652 2971.727 -12065.0 -13.526 5.2774 
906000 652 2971.727 -12069.0 -13.526 5.2774 
907000 653 2952.554 -12077.0 -13.573 5.2445 
908000 653 2952.554 -12082.0 -13.573 5.2445 
909000 653 2952.554 -12087.0 -13.573 5.2445 
910000 653 2952.554 -12089.0 -13.573 5.2445 
911000 654 3003.199 -12096.0 -13.316 5.3344 
912000 654 3003.199 -12097.0 -13.316 5.3344 
913000 654 3003.199 -12098.0 -13.316 5.3344 
914000 655 3027.579 -12104.0 -13.184 5.3772 
915000 655 3027.579 -12110.0 -13.184 5.3772 
916000 656 2979.021 -12115.0 -13.266 5.2916 
917000 656 2979.021 -12117.0 -13.266 5.2916 
918000 656 2979.021 -12125.0 -13.266 5.2916 
919000 657 2977.919 -12129.0 -13.239 5.2892 
920000 657 2977.919 -12134.0 -13.239 5.2892 
921000 657 2977.919 -12140.0 -13.239 5.2892 
922000 658 2933.627 -12144.0 -13.315 5.2115 
923000 658 2933.627 -12149.0 -13.315 5.2115 
924000 658 2933.627 -12154.0 -13.315 5.2115 
925000 659 2936.664 -12161.0 -13.284 5.2179 
926000 659 2936.664 -12167.0 -13.284 5.2179 
927000 659 2936.664 -12172.0 -13.284 5.2179 
928000 660 2928.598 -12179.0 -13.956 5.2028 
929000 660 2928.598 -12184.0 -13.956 5.2028 
930000 660 2928.598 -12190.0 -13.956 5.2028 
931000 661 2929.538 -12195.0 -14.26 5.2049 
932000 661 2929.538 -12202.0 -14.26 5.2049 
933000 662 2903.784 -12205.0 -14.234 5.1593 
934000 662 2903.784 -12211.0 -14.234 5.1593 
935000 662 2903.784 -12219.0 -14.234 5.1593 
936000 663 2909.806 -12222.0 -14.311 5.1652 
937000 663 2909.806 -12228.0 -14.311 5.1652 
938000 663 2909.806 -12234.0 -14.311 5.1652 
939000 664 2868.225 -12241.0 -14.28 5.0898 
940000 664 2868.225 -12251.0 -14.28 5.0898 
941000 665 2808.403 -12256.0 -14.852 4.9813 
942000 665 2808.403 -12260.0 -14.852 4.9813 
943000 665 2808.403 -12264.0 -14.852 4.9813 
944000 666 2800.463 -12271.0 -14.366 4.9644 
945000 666 2800.463 -12280.0 -14.366 4.9644 
946000 667 2773.316 -12284.0 -14.63 4.9145 
947000 667 2773.316 -12294.0 -14.63 4.9145 
948000 668 2688.385 -12303.0 -15.267 4.7621 
949000 668 2688.385 -12306.0 -15.267 4.7621 
950000 668 2688.385 -12310.0 -15.267 4.7621 
951000 669 2669.846 -12319.0 -14.84 4.7252 
952000 669 2669.846 -12323.0 -14.84 4.7252 
953000 670 2679.062 -12327.0 -14.656 4.7401 
954000 670 2679.062 -12330.0 -14.656 4.7401 
955000 670 2679.062 -12342.0 -14.656 4.7401 
956000 671 2624.355 -12346.0 -14.89 4.6394 
957000 671 2624.355 -12349.0 -14.89 4.6394 
958000 672 2635.62 -12353.0 -14.201 4.6591 
959000 672 2635.62 -12362.0 -14.201 4.6591 
960000 673 2566.858 -12371.0 -14.581 4.5356 
961000 673 2566.858 -12376.0 -14.581 4.5356 
962000 673 2566.858 -12384.0 -14.581 4.5356 
963000 674 2544.572 -12388.0 -14.823 4.4942 
964000 674 2544.572 -12392.0 -14.823 4.4942 
965000 675 2571.815 -12399.0 -14.541 4.5411 
966000 675 2571.815 -12403.0 -14.541 4.5411 
967000 675 2571.815 -12406.0 -14.541 4.5411 
968000 676 2607.233 -12410.0 -14.187 4.6028 
969000 676 2607.233 -12415.0 -14.187 4.6028 
970000 676 2607.233 -12418.0 -14.187 4.6028 
971000 676 2607.233 -12420.0 -14.187 4.6028 
972000 677 2658.11 -12435.0 -13.868 4.6934 
973000 678 2539.499 -12440.0 -14.381 4.482 
974000 678 2539.499 -12444.0 -14.381 4.482 
975000 678 2539.499 -12447.0 -14.381 4.482 
976000 679 2576.749 -12452.0 -13.843 4.5473 
977000 679 2576.749 -12457.0 -13.843 4.5473 
978000 680 2577.974 -12464.0 -13.959 4.5477 
979000 680 2577.974 -12469.0 -13.959 4.5477 
980000 680 2577.974 -12473.0 -13.959 4.5477 
981000 681 2583.677 -12478.0 -13.863 4.5582 
982000 681 2583.677 -12483.0 -13.863 4.5582 
983000 681 2583.677 -12486.0 -13.863 4.5582 
984000 682 2617.209 -12489.0 -13.477 4.6139 
985000 682 2617.209 -12494.0 -13.477 4.6139 
986000 682 2617.209 -12496.0 -13.477 4.6139 
987000 683 2657.788 -12502.0 -13.329 4.6859 
988000 683 2657.788 -12511.0 -13.329 4.6859 
989000 684 2616.409 -12519.0 -13.996 4.6138 
990000 684 2616.409 -12525.0 -13.996 4.6138 
991000 684 2616.409 -12528.0 -13.996 4.6138 
992000 685 2635.268 -12533.0 -13.896 4.644 
993000 685 2635.268 -12544.0 -13.896 4.644 
994000 686 2585.642 -12553.0 -14.407 4.5571 
995000 686 2585.642 -12561.0 -14.407 4.5571 
996000 686 2585.642 -12563.0 -14.407 4.5571 
997000 687 2574.277 -12573.0 -14.466 4.5363 
998000 687 2574.277 -12582.0 -14.466 4.5363 
999000 688 2521.45 -12589.0 -14.92 4.4432 
1000000 688 2521.45 -12594.0 -14.92 4.4432 
1001000 689 2527.805 -12598.0 -14.628 4.4564 
1002000 689 2527.805 -12609.0 -14.628 4.4564 
1003000 690 2477.524 -12617.0 -15.165 4.3649 
1004000 690 2477.524 -12623.0 -15.165 4.3649 
1005000 690 2477.524 -12627.0 -15.165 4.3649 
1006000 691 2510.672 -12632.0 -14.948 4.4231 
1007000 691 2510.672 -12636.0 -14.948 4.4231 
1008000 691 2510.672 -12642.0 -14.948 4.4231 
1009000 692 2493.405 -12654.0 -14.754 4.3942 
1010000 692 2493.405 -12659.0 -14.754 4.3942 
1011000 693 2452.564 -12663.0 -15.078 4.3196 
1012000 693 2452.564 -12668.0 -15.078 4.3196 
1013000 693 2452.564 -12671.0 -15.078 4.3196 
1014000 694 2499.108 -12675.0 -14.67 4.3997 
1015000 694 2499.108 -12680.0 -14.67 4.3997 
1016000 695 2517.897 -12688.0 -14.603 4.4323 
1017000 695 2517.897 -12692.0 -14.603 4.4323 
1018000 695 2517.897 -12694.0 -14.603 4.4323 
1019000 696 2578.007 -12698.0 -14.343 4.5382 
1020000 696 2578.007 -12702.0 -14.343 4.5382 
1021000 696 2578.007 -12708.0 -14.343 4.5382 
1022000 697 2615.507 -12714.0 -14.409 4.6048 
1023000 697 2615.507 -12721.0 -14.409 4.6048 
1024000 697 2615.507 -12725.0 -14.409 4.6048 
1025000 698 2618.056 -12732.0 -14.568 4.6115 
1026000 698 2618.056 -12734.0 -14.568 4.6115 
1027000 698 2618.056 -12737.0 -14.568 4.6115 
1028000 699 2680.35 -12743.0 -14.211 4.7205 
1029000 699 2680.35 -12750.0 -14.211 4.7205 
1030000 700 2633.215 -12754.0 -14.29 4.6377 
1031000 700 2633.215 -12767.0 -14.29 4.6377 
1032000 701 2549.794 -12777.0 -14.861 4.4916 
1033000 701 2549.794 -12783.0 -14.861 4.4916 
1034000 701 2549.794 -12788.0 -14.861 4.4916 
1035000 702 2553.714 -12794.0 -14.775 4.5023 
1036000 702 2553.714 -12798.0 -14.775 4.5023 
1037000 703 2563.743 -12803.0 -14.697 4.519 
1038000 703 2563.743 -12805.0 -14.697 4.519 
1039000 703 2563.743 -12809.0 -14.697 4.519 
1040000 703 2563.743 -12811.0 -14.697 4.519 
1041000 704 2639.169 -12817.0 -14.128 4.6542 
1042000 704 2639.169 -12831.0 -14.128 4.6542 
1043000 705 2556.752 -12834.0 -14.715 4.5121 
1044000 705 2556.752 -12839.0 -14.715 4.5121 
1045000 706 2581.677 -12842.0 -14.143 4.5547 
1046000 706 2581.677 -12847.0 -14.143 4.5547 
1047000 706 2581.677 -12852.0 -14.143 4.5547 
1048000 707 2581.909 -12860.0 -14.329 4.5587 
1049000 707 2581.909 -12865.0 -14.329 4.5587 
1050000 708 2542.818 -12874.0 -14.396 4.4896 
1051000 708 2542.818 -12879.0 -14.396 4.4896 
1052000 709 2496.936 -12892.0 -14.657 4.4081 
1053000 709 2496.936 -12897.0 -14.657 4.4081 
1054000 709 2496.936 -12901.0 -14.657 4.4081 
1055000 710 2543.643 -12905.0 -14.691 4.4909 
1056000 710 2543.643 -12904.0 -14.691 4.4909 
1057000 710 2543.643 -12912.0 -14.691 4.4909 
1058000 711 2536.478 -12921.0 -14.222 4.4805 
1059000 711 2536.478 -12931.0 -14.222 4.4805 
1060000 712 2471.431 -12943.0 -14.7 4.3639 
1061000 712 2471.431 -12945.0 -14.7 4.3639 
1062000 713 2500.787 -12946.0 -14.53 4.4158 
1063000 713 2500.787 -12953.0 -14.53 4.4158 
1064000 713 2500.787 -12955.0 -14.53 4.4158 
1065000 714 2523.709 -12964.0 -14.477 4.4523 
1066000 714 2523.709 -12974.0 -14.477 4.4523 
1067000 715 2508.938 -12976.0 -14.629 4.4249 
1068000 715 2508.938 -12978.0 -14.629 4.4249 
1069000 715 2508.938 -12982.0 -14.629 4.4249 
1070000 716 2528.444 -12987.0 -14.066 4.4557 
1071000 716 2528.444 -12996.0 -14.066 4.4557 
1072000 717 2474.7 -13005.0 -14.459 4.3575 
1073000 717 2474.7 -13005.0 -14.459 4.3575 
1074000 717 2474.7 -13008.0 -14.459 4.3575 
1075000 718 2514.43 -13015.0 -14.114 4.4268 
1076000 718 2514.43 -13022.0 -14.114 4.4268 
1077000 719 2507.687 -13030.0 -14.302 4.4128 
1078000 719 2507.687 -13035.0 -14.302 4.4128 
1079000 719 2507.687 -13037.0 -14.302 4.4128 
1080000 719 2507.687 -13041.0 -14.302 4.4128 
1081000 720 2568.918 -13051.0 -14.072 4.5174 
1082000 720 2568.918 -13060.0 -14.072 4.5174 
1083000 721 2587.926 -13060.0 -14.365 4.551 
1084000 721 2587.926 -13062.0 -14.365 4.551 
1085000 721 2587.926 -13065.0 -14.365 4.551 
1086000 721 2587.926 -13069.0 -14.365 4.551 
1087000 722 2649.234 -13073.0 -14.028 4.6568 
1088000 722 2649.234 -13074.0 -14.028 4.6568 
1089000 722 2649.234 -13075.0 -14.028 4.6568 
1090000 723 2752.91 -13080.0 -13.425 4.8376 
1091000 723 2752.91 -13088.0 -13.425 4.8376 
1092000 723 2752.91 -13094.0 -13.425 4.8376 
1093000 724 2749.219 -13100.0 -13.983 4.8291 
1094000 724 2749.219 -13106.0 -13.983 4.8291 
1095000 724 2749.219 -13113.0 -13.983 4.8291 
1096000 725 2753.097 -13118.0 -14.285 4.8356 
1097000 725 2753.097 -13121.0 -14.285 4.8356 
1098000 725 2753.097 -13124.0 -14.285 4.8356 
1099000 726 2796.688 -13129.0 -14.056 4.9111 
1100000 726 2796.688 -13133.0 -14.056 4.9111 
1101000 726 2796.688 -13136.0 -14.056 4.9111 
1102000 727 2842.419 -13140.0 -14.051 4.9887 
1103000 727 2842.419 -13145.0 -14.051 4.9887 
1104000 727 2842.419 -13146.0 -14.051 4.9887 
1105000 728 2874.177 -13152.0 -13.745 5.0442 
1106000 728 2874.177 -13155.0 -13.745 5.0442 
1107000 728 2874.177 -13162.0 -13.745 5.0442 
1108000 728 2874.177 -13163.0 -13.745 5.0442 
1109000 729 2926.859 -13166.0 -13.671 5.134 
1110000 729 2926.859 -13170.0 -13.671 5.134 
1111000 729 2926.859 -13172.0 -13.671 5.134 
1112000 730 2917.973 -13176.0 -13.204 5.1171 
1113000 730 2917.973 -13177.0 -13.204 5.1171 
1114000 730 2917.973 -13177.0 -13.204 5.1171 
1115000 731 2995.276 -13179.0 -12.483 5.2525 
1116000 731 2995.276 -13182.0 -12.483 5.2525 
1117000 731 2995.276 -13182.0 -12.483 5.2525 
1118000 731 2995.276 -13182.0 -12.483 5.2525 
1119000 732 3105.348 -13185.0 -11.735 5.4455 
1120000 732 3105.348 -13189.0 -11.735 5.4455 
1121000 732 3105.348 -13194.0 -11.735 5.4455 
1122000 732 3105.348 -13196.0 -11.735 5.4455 
1123000 733 3117.414 -13198.0 -11.862 5.4695 
1124000 733 3117.414 -13201.0 -11.862 5.4695 
1125000 733 3117.414 -13205.0 -11.862 5.4695 
1126000 733 3117.414 -13207.0 -11.862 5.4695 
1127000 734 3202.372 -13211.0 -11.775 5.6185 
1128000 734 3202.372 -13215.0 -11.775 5.6185 
1129000 734 3202.372 -13219.0 -11.775 5.6185 
1130000 735 3207.235 -13220.0 -11.898 5.6302 
1131000 735 3207.235 -13223.0 -11.898 5.6302 
1132000 735 3207.235 -13224.0 -11.898 5.6302 
1133000 735 3207.235 -13229.0 -11.898 5.6302 
1134000 736 3271.011 -13233.0 -11.508 5.7455 
1135000 736 3271.011 -13236.0 -11.508 5.7455 
1136000 736 3271.011 -13242.0 -11.508 5.7455 
1137000 737 3247.41 -13246.0 -11.857 5.7097 
1138000 737 3247.41 -13249.0 -11.857 5.7097 
1139000 737 3247.41 -13252.0 -11.857 5.7097 
1140000 738 3250.669 -13256.0 -11.672 5.7159 
1141000 738 3250.669 -13260.0 -11.672 5.7159 
1142000 738 3250.669 -13264.0 -11.672 5.7159 
1143000 739 3245.902 -13267.0 -11.804 5.7097 
1144000 739 3245.902 -13269.0 -11.804 5.7097 
1145000 739 3245.902 -13273.0 -11.804 5.7097 
1146000 739 3245.902 -13276.0 -11.804 5.7097 
1147000 740 3280.012 -13280.0 -11.724 5.7719 
1148000 740 3280.012 -13286.0 -11.724 5.7719 
1149000 740 3280.012 -13290.0 -11.724 5.7719 
1150000 741 3302.811 -13293.0 -11.952 5.8114 
1151000 741 3302.811 -13297.0 -11.952 5.8114 
1152000 742 3186.93 -13309.0 -12.356 5.6035 
1153000 742 3186.93 -13313.0 -12.356 5.6035 
1154000 742 3186.93 -13320.0 -12.356 5.6035 
1155000 743 3121.837 -13327.0 -12.521 5.4874 
1156000 743 3121.837 -13335.0 -12.521 5.4874 
1157000 743 3121.837 -13337.0 -12.521 5.4874 
1158000 744 3107.653 -13341.0 -12.969 5.4626 
1159000 744 3107.653 -13349.0 -12.969 5.4626 
1160000 745 3057.888 -13358.0 -13.572 5.372 
1161000 745 3057.888 -13370.0 -13.572 5.372 
1162000 745 3057.888 -13374.0 -13.572 5.372 
1163000 746 2963.999 -13378.0 -13.915 5.207 
1164000 746 2963.999 -13382.0 -13.915 5.207 
1165000 746 2963.999 -13386.0 -13.915 5.207 
1166000 747 3022.399 -13389.0 -13.823 5.3055 
1167000 747 3022.399 -13396.0 -13.823 5.3055 
1168000 748 2942.059 -13402.0 -13.941 5.1654 
1169000 748 2942.059 -13404.0 -13.941 5.1654 
1170000 748 2942.059 -13409.0 -13.941 5.1654 
1171000 748 2942.059 -13413.0 -13.941 5.1654 
1172000 749 2998.453 -13417.0 -13.847 5.2638 
1173000 749 2998.453 -13420.0 -13.847 5.2638 
1174000 749 2998.453 -13421.0 -13.847 5.2638 
1175000 749 2998.453 -13423.0 -13.847 5.2638 
1176000 750 3092.708 -13427.0 -13.262 5.4281 
1177000 750 3092.708 -13430.0 -13.262 5.4281 
1178000 750 3092.708 -13431.0 -13.262 5.4281 
1179000 751 3130.137 -13433.0 -12.836 5.4939 
1180000 751 3130.137 -13435.0 -12.836 5.4939 
1181000 751 3130.137 -13437.0 -12.836 5.4939 
1182000 751 3130.137 -13441.0 -12.836 5.4939 
1183000 752 3182.023 -13443.0 -12.452 5.5828 
1184000 752 3182.023 -13443.0 -12.452 5.5828 
1185000 752 3182.023 -13446.0 -12.452 5.5828 
1186000 753 3200.421 -13452.0 -12.007 5.6165 
1187000 753 3200.421 -13455.0 -12.007 5.6165 
1188000 753 3200.421 -13454.0 -12.007 5.6165 
1189000 753 3200.421 -13457.0 -12.007 5.6165 
1190000 754 3262.979 -13459.0 -11.806 5.7257 
1191000 754 3262.979 -13469.0 -11.806 5.7257 
1192000 754 3262.979 -13471.0 -11.806 5.7257 
1193000 755 3237.181 -13476.0 -12.026 5.6796 
1194000 755 3237.181 -13480.0 -12.026 5.6796 
1195000 755 3237.181 -13481.0 -12.026 5.6796 
1196000 755 3237.181 -13485.0 -12.026 5.6796 
1197000 756 3275.963 -13490.0 -12.123 5.7537 
1198000 756 3275.963 -13490.0 -12.123 5.7537 
1199000 756 3275.963 -13494.0 -12.123 5.7537 
1200000 756 3275.963 -13496.0 -12.123 5.7537 
1201000 757 3332.367 -13495.0 -11.911 5.8604 
1202000 757 3332.367 -13498.0 -11.911 5.8604 
1203000 757 3332.367 -13503.0 -11.911 5.8604 
1204000 758 3343.03 -13508.0 -11.72 5.8853 
1205000 758 3343.03 -13509.0 -11.72 5.8853 
1206000 758 3343.03 -13510.0 -11.72 5.8853 
1207000 758 3343.03 -13513.0 -11.72 5.8853 
1208000 759 3392.527 -13516.0 -11.348 5.9784 
1209000 759 3392.527 -13520.0 -11.348 5.9784 
1210000 759 3392.527 -13522.0 -11.348 5.9784 
1211000 760 3403.974 -13526.0 -11.313 6.0047 
1212000 760 3403.974 -13531.0 -11.313 6.0047 
1213000 760 3403.974 -13531.0 -11.313 6.0047 
1214000 760 3403.974 -13532.0 -11.313 6.0047 
1215000 761 3452.077 -13532.0 -10.682 6.0952 
1216000 761 3452.077 -13534.0 -10.682 6.0952 
1217000 761 3452.077 -13535.0 -10.682 6.0952 
1218000 762 3403.969 -13542.0 -10.614 6.0146 
1219000 762 3403.969 -13544.0 -10.614 6.0146 
1220000 762 3403.969 -13550.0 -10.614 6.0146 
1221000 763 3322.472 -13555.0 -10.652 5.8747 
1222000 763 3322.472 -13560.0 -10.652 5.8747 
1223000 763 3322.472 -13561.0 -10.652 5.8747 
1224000 764 3309.825 -13563.0 -10.587 5.8546 
1225000 764 3309.825 -13565.0 -10.587 5.8546 
1226000 764 3309.825 -13570.0 -10.587 5.8546 
1227000 765 3276.943 -13578.0 -10.528 5.8024 
1228000 765 3276.943 -13580.0 -10.528 5.8024 
1229000 765 3276.943 -13581.0 -10.528 5.8024 
1230000 766 3266.048 -13581.0 -10.475 5.7842 
1231000 766 3266.048 -13586.0 -10.475 5.7842 
1232000 766 3266.048 -13591.0 -10.475 5.7842 
1233000 767 3256.243 -13593.0 -10.428 5.7706 
1234000 767 3256.243 -13599.0 -10.428 5.7706 
1235000 767 3256.243 -13607.0 -10.428 5.7706 
1236000 768 3195.219 -13614.0 -11.385 5.6661 
1237000 768 3195.219 -13617.0 -11.385 5.6661 
1238000 768 3195.219 -13619.0 -11.385 5.6661 
1239000 769 3220.497 -13623.0 -11.347 5.7114 
1240000 769 3220.497 -13625.0 -11.347 5.7114 
1241000 769 3220.497 -13627.0 -11.347 5.7114 
1242000 769 3220.497 -13629.0 -11.347 5.7114 
1243000 770 3247.247 -13631.0 -10.912 5.7593 
1244000 770 3247.247 -13632.0 -10.912 5.7593 
1245000 770 3247.247 -13632.0 -10.912 5.7593 
1246000 770 3247.247 -13632.0 -10.912 5.7593 
1247000 771 3305.623 -13633.0 -10.021 5.8594 
1248000 771 3305.623 -13636.0 -10.021 5.8594 
1249000 771 3305.623 -13635.0 -10.021 5.8594 
1250000 772 3331.36 -13638.0 -9.619 5.9029 
1251000 772 3331.36 -13641.0 -9.619 5.9029 
1252000 772 3331.36 -13642.0 -9.619 5.9029 
1253000 772 3331.36 -13644.0 -9.619 5.9029 
1254000 773 3327.424 -13649.0 -9.457 5.8922 
1255000 773 3327.424 -13656.0 -9.457 5.8922 
1256000 774 3244.982 -13661.0 -9.811 5.7472 
1257000 774 3244.982 -13666.0 -9.811 5.7472 
1258000 774 3244.982 -13671.0 -9.811 5.7472 
1259000 775 3161.584 -13676.0 -10.13 5.598 
1260000 775 3161.584 -13684.0 -10.13 5.598 
1261000 776 3068.625 -13689.0 -10.617 5.4319 
1262000 776 3068.625 -13686.0 -10.617 5.4319 
1263000 776 3068.625 -13688.0 -10.617 5.4319 
1264000 777 3072.063 -13694.0 -10.055 5.4419 
1265000 777 3072.063 -13694.0 -10.055 5.4419 
1266000 777 3072.063 -13697.0 -10.055 5.4419 
1267000 778 3038.157 -13707.0 -9.85 5.3821 
1268000 778 3038.157 -13718.0 -9.85 5.3821 
1269000 779 2962.441 -13719.0 -10.865 5.2497 
1270000 779 2962.441 -13721.0 -10.865 5.2497 
1271000 779 2962.441 -13724.0 -10.865 5.2497 
1272000 780 3002.997 -13724.0 -10.178 5.3215 
1273000 780 3002.997 -13726.0 -10.178 5.3215 
1274000 780 3002.997 -13729.0 -10.178 5.3215 
1275000 780 3002.997 -13728.0 -10.178 5.3215 
1276000 781 3030.097 -13731.0 -9.66 5.3715 
1277000 781 3030.097 -13735.0 -9.66 5.3715 
1278000 781 3030.097 -13734.0 -9.66 5.3715 
1279000 782 3028.887 -13741.0 -9.394 5.368 
1280000 782 3028.887 -13740.0 -9.394 5.368 
1281000 782 3028.887 -13739.0 -9.394 5.368 
1282000 783 3043.499 -13742.0 -8.755 5.3965 
1283000 783 3043.499 -13746.0 -8.755 5.3965 
1284000 783 3043.499 -13751.0 -8.755 5.3965 
1285000 784 3026.149 -13751.0 -9.079 5.3666 
1286000 784 3026.149 -13751.0 -9.079 5.3666 
1287000 784 3026.149 -13749.0 -9.079 5.3666 
1288000 785 3085.334 -13751.0 -8.072 5.4742 
1289000 785 3085.334 -13751.0 -8.072 5.4742 
1290000 785 3085.334 -13753.0 -8.072 5.4742 
1291000 785 3085.334 -13753.0 -8.072 5.4742 
1292000 785 3085.334 -13752.0 -8.072 5.4742 
1293000 786 3231.101 -13757.0 -7.564 5.7331 
1294000 786 3231.101 -13765.0 -7.564 5.7331 
1295000 786 3231.101 -13772.0 -7.564 5.7331 
1296000 787 3191.59 -13775.0 -8.808 5.6645 
1297000 787 3191.59 -13775.0 -8.808 5.6645 
1298000 787 3191.59 -13776.0 -8.808 5.6645 
1299000 788 3252.431 -13777.0 -8.327 5.7733 
1300000 788 3252.431 -13776.0 -8.327 5.7733 
1301000 788 3252.431 -13776.0 -8.327 5.7733 
1302000 788 3252.431 -13775.0 -8.327 5.7733 
1303000 789 3334.488 -13778.0 -7.594 5.921 
1304000 789 3334.488 -13782.0 -7.594 5.921 
1305000 789 3334.488 -13786.0 -7.594 5.921 
1306000 789 3334.488 -13788.0 -7.594 5.921 
1307000 790 3310.939 -13796.0 -8.035 5.8787 
1308000 790 3310.939 -13798.0 -8.035 5.8787 
1309000 790 3310.939 -13799.0 -8.035 5.8787 
1310000 791 3321.546 -13805.0 -8.431 5.8986 
1311000 791 3321.546 -13812.0 -8.431 5.8986 
1312000 792 3234.991 -13822.0 -9.588 5.7446 
1313000 792 3234.991 -13820.0 -9.588 5.7446 
1314000 792 3234.991 -13819.0 -9.588 5.7446 
1315000 792 3234.991 -13822.0 -9.588 5.7446 
1316000 792 3234.991 -13822.0 -9.588 5.7446 
1317000 793 3342.592 -13826.0 -8.73 5.9324 
1318000 793 3342.592 -13827.0 -8.73 5.9324 
1319000 793 3342.592 -13828.0 -8.73 5.9324 
1320000 794 3312.033 -13836.0 -8.557 5.8722 
1321000 794 3312.033 -13835.0 -8.557 5.8722 
1322000 794 3312.033 -13844.0 -8.557 5.8722 
1323000 795 3270.429 -13853.0 -9.101 5.7962 
1324000 795 3270.429 -13852.0 -9.101 5.7962 
1325000 795 3270.429 -13854.0 -9.101 5.7962 
1326000 796 3249.486 -13856.0 -9.291 5.7561 
1327000 796 3249.486 -13862.0 -9.291 5.7561 
1328000 796 3249.486 -13866.0 -9.291 5.7561 
1329000 797 3254.538 -13868.0 -9.462 5.7625 
1330000 797 3254.538 -13872.0 -9.462 5.7625 
1331000 797 3254.538 -13873.0 -9.462 5.7625 
1332000 798 3222.984 -13881.0 -9.616 5.7036 
1333000 798 3222.984 -13883.0 -9.616 5.7036 
1334000 798 3222.984 -13884.0 -9.616 5.7036 
1335000 799 3209.086 -13889.0 -9.654 5.6763 
1336000 799 3209.086 -13894.0 -9.654 5.6763 
1337000 799 3209.086 -13894.0 -9.654 5.6763 
1338000 799 3209.086 -13893.0 -9.654 5.6763 
1339000 800 3262.577 -13896.0 -9.389 5.7716 
1340000 800 3262.577 -13898.0 -9.389 5.7716 
1341000 800 3262.577 -13898.0 -9.389 5.7716 
1342000 800 3262.577 -13899.0 -9.389 5.7716 
1343000 801 3330.419 -13903.0 -8.95 5.8939 
1344000 801 3330.419 -13914.0 -8.95 5.8939 
1345000 802 3212.977 -13916.0 -9.855 5.6875 
1346000 802 3212.977 -13918.0 -9.855 5.6875 
1347000 802 3212.977 -13914.0 -9.855 5.6875 
1348000 802 3212.977 -13915.0 -9.855 5.6875 
1349000 803 3275.08 -13919.0 -8.769 5.7995 
1350000 803 3275.08 -13921.0 -8.769 5.7995 
1351000 803 3275.08 -13926.0 -8.769 5.7995 
1352000 804 3295.672 -13928.0 -8.892 5.8372 
1353000 804 3295.672 -13931.0 -8.892 5.8372 
1354000 804 3295.672 -13940.0 -8.892 5.8372 
1355000 805 3226.805 -13944.0 -9.503 5.7152 
1356000 805 3226.805 -13942.0 -9.503 5.7152 
1357000 805 3226.805 -13946.0 -9.503 5.7152 
1358000 806 3237.924 -13945.0 -9.153 5.7357 
1359000 806 3237.924 -13945.0 -9.153 5.7357 
1360000 806 3237.924 -13947.0 -9.153 5.7357 
1361000 806 3237.924 -13945.0 -9.153 5.7357 
1362000 807 3283.832 -13953.0 -8.138 5.8135 
1363000 807 3283.832 -13960.0 -8.138 5.8135 
1364000 808 3214.349 -13960.0 -8.724 5.6912 
1365000 808 3214.349 -13962.0 -8.724 5.6912 
1366000 808 3214.349 -13963.0 -8.724 5.6912 
1367000 808 3214.349 -13964.0 -8.724 5.6912 
1368000 809 3249.914 -13966.0 -8.451 5.7563 
1369000 809 3249.914 -13966.0 -8.451 5.7563 
1370000 809 3249.914 -13966.0 -8.451 5.7563 
1371000 810 3266.622 -13970.0 -8.006 5.7882 
1372000 810 3266.622 -13978.0 -8.006 5.7882 
1373000 810 3266.622 -13977.0 -8.006 5.7882 
1374000 810 3266.622 -13977.0 -8.006 5.7882 
1375000 811 3259.36 -13980.0 -8.106 5.7775 
1376000 811 3259.36 -13982.0 -8.106 5.7775 
1377000 811 3259.36 -13979.0 -8.106 5.7775 
1378000 812 3309.424 -13981.0 -7.495 5.8641 
1379000 812 3309.424 -13978.0 -7.495 5.8641 
1380000 812 3309.424 -13979.0 -7.495 5.8641 
1381000 812 3309.424 -13980.0 -7.495 5.8641 
1382000 813 3346.382 -13975.0 -6.246 5.927 
1383000 813 3346.382 -13971.0 -6.246 5.927 
1384000 813 3346.382 -13969.0 -6.246 5.927 
1385000 814 3333.343 -13968.0 -4.721 5.902 
1386000 814 3333.343 -13970.0 -4.721 5.902 
1387000 814 3333.343 -13976.0 -4.721 5.902 
1388000 815 3257.609 -13980.0 -5.449 5.7664 
1389000 815 3257.609 -13981.0 -5.449 5.7664 
1390000 815 3257.609 -13982.0 -5.449 5.7664 
1391000 816 3285.048 -13980.0 -5.104 5.8127 
1392000 816 3285.048 -13982.0 -5.104 5.8127 
1393000 816 3285.048 -13982.0 -5.104 5.8127 
1394000 816 3285.048 -13987.0 -5.104 5.8127 
1395000 817 3279.143 -13987.0 -5.194 5.7988 
1396000 817 3279.143 -13991.0 -5.194 5.7988 
1397000 817 3279.143 -13991.0 -5.194 5.7988 
1398000 818 3285.329 -13995.0 -5.374 5.8066 
1399000 818 3285.329 -14003.0 -5.374 5.8066 
1400000 818 3285.329 -14008.0 -5.374 5.8066 
1401000 819 3247.496 -14010.0 -6.337 5.7384 
1402000 819 3247.496 -14008.0 -6.337 5.7384 
1403000 819 3247.496 -14011.0 -6.337 5.7384 
1404000 820 3261.547 -14016.0 -6.403 5.7591 
1405000 820 3261.547 -14018.0 -6.403 5.7591 
1406000 820 3261.547 -14021.0 -6.403 5.7591 
1407000 820 3261.547 -14019.0 -6.403 5.7591 
1408000 821 3334.892 -14018.0 -5.863 5.8862 
1409000 821 3334.892 -14020.0 -5.863 5.8862 
1410000 821 3334.892 -14012.0 -5.863 5.8862 
1411000 822 3309.003 -14014.0 -4.877 5.8418 
1412000 822 3309.003 -14017.0 -4.877 5.8418 
1413000 822 3309.003 -14013.0 -4.877 5.8418 
1414000 822 3309.003 -14013.0 -4.877 5.8418 
1415000 823 3325.102 -14016.0 -4.189 5.8679 
1416000 823 3325.102 -14019.0 -4.189 5.8679 
1417000 824 3212.292 -14024.0 -5.17 5.6691 
1418000 824 3212.292 -14022.0 -5.17 5.6691 
1419000 824 3212.292 -14025.0 -5.17 5.6691 
1420000 824 3212.292 -14024.0 -5.17 5.6691 
1421000 825 3254.063 -14025.0 -4.553 5.7403 
1422000 825 3254.063 -14035.0 -4.553 5.7403 
1423000 826 3161.257 -14040.0 -5.598 5.5751 
1424000 826 3161.257 -14043.0 -5.598 5.5751 
1425000 826 3161.257 -14044.0 -5.598 5.5751 
1426000 827 3106.431 -14051.0 -5.638 5.4792 
1427000 827 3106.431 -14057.0 -5.638 5.4792 
1428000 828 3013.088 -14056.0 -6.374 5.3143 
1429000 828 3013.088 -14059.0 -6.374 5.3143 
1430000 828 3013.088 -14062.0 -6.374 5.3143 
1431000 829 3039.779 -14061.0 -6.137 5.3589 
1432000 829 3039.779 -14065.0 -6.137 5.3589 
1433000 829 3039.779 -14065.0 -6.137 5.3589 
1434000 830 3080.901 -14067.0 -6.023 5.4308 
1435000 830 3080.901 -14070.0 -6.023 5.4308 
1436000 830 3080.901 -14074.0 -6.023 5.4308 
1437000 830 3080.901 -14079.0 -6.023 5.4308 
1438000 831 3081.911 -14081.0 -6.721 5.4319 
1439000 831 3081.911 -14080.0 -6.721 5.4319 
1440000 831 3081.911 -14076.0 -6.721 5.4319 
1441000 831 3081.911 -14077.0 -6.721 5.4319 
1442000 832 3170.82 -14080.0 -5.649 5.5875 
1443000 832 3170.82 -14080.0 -5.649 5.5875 
1444000 832 3170.82 -14081.0 -5.649 5.5875 
1445000 833 3166.038 -14087.0 -5.784 5.5771 
1446000 833 3166.038 -14089.0 -5.784 5.5771 
1447000 833 3166.038 -14088.0 -5.784 5.5771 
1448000 834 3174.234 -14089.0 -5.905 5.5863 
1449000 834 3174.234 -14087.0 -5.905 5.5863 
1450000 834 3174.234 -14093.0 -5.905 5.5863 
1451000 835 3200.011 -14093.0 -5.515 5.6327 
1452000 835 3200.011 -14096.0 -5.515 5.6327 
1453000 835 3200.011 -14098.0 -5.515 5.6327 
1454000 835 3200.011 -14101.0 -5.515 5.6327 
1455000 836 3230.91 -14103.0 -5.863 5.6843 
1456000 836 3230.91 -14106.0 -5.863 5.6843 
1457000 836 3230.91 -14102.0 -5.863 5.6843 
1458000 837 3254.519 -14103.0 -5.577 5.7249 
1459000 837 3254.519 -14105.0 -5.577 5.7249 
1460000 837 3254.519 -14110.0 -5.577 5.7249 
1461000 838 3214.267 -14114.0 -5.919 5.6503 
1462000 838 3214.267 -14119.0 -5.919 5.6503 
1463000 838 3214.267 -14121.0 -5.919 5.6503 
1464000 838 3214.267 -14120.0 -5.919 5.6503 
1465000 839 3234.14 -14118.0 -6.127 5.6837 
1466000 839 3234.14 -14117.0 -6.127 5.6837 
1467000 839 3234.14 -14118.0 -6.127 5.6837 
1468000 840 3290.026 -14120.0 -5.315 5.7776 
1469000 840 3290.026 -14123.0 -5.315 5.7776 
1470000 840 3290.026 -14125.0 -5.315 5.7776 
1471000 841 3271.724 -14127.0 -5.583 5.7428 
1472000 841 3271.724 -14129.0 -5.583 5.7428 
1473000 841 3271.724 -14126.0 -5.583 5.7428 
1474000 841 3271.724 -14130.0 -5.583 5.7428 
1475000 841 3271.724 -14127.0 -5.583 5.7428 
1476000 842 3350.751 -14137.0 -4.925 5.8803 
1477000 842 3350.751 -14138.0 -4.925 5.8803 
1478000 843 3274.676 -14138.0 -5.732 5.7445 
1479000 843 3274.676 -14138.0 -5.732 5.7445 
1480000 843 3274.676 -14136.0 -5.732 5.7445 
1481000 843 3274.676 -14136.0 -5.732 5.7445 
1482000 844 3332.808 -14138.0 -4.759 5.8475 
1483000 844 3332.808 -14138.0 -4.759 5.8475 
1484000 844 3332.808 -14136.0 -4.759 5.8475 
1485000 844 3332.808 -14135.0 -4.759 5.8475 
1486000 845 3416.928 -14140.0 -4.583 5.9927 
1487000 845 3416.928 -14142.0 -4.583 5.9927 
1488000 845 3416.928 -14143.0 -4.583 5.9927 
1489000 845 3416.928 -14139.0 -4.583 5.9927 
1490000 845 3416.928 -14137.0 -4.583 5.9927 
1491000 846 3523.235 -14138.0 -3.825 6.1773 
1492000 846 3523.235 -14139.0 -3.825 6.1773 
1493000 846 3523.235 -14143.0 -3.825 6.1773 
1494000 847 3554.711 -14142.0 -4.142 6.2331 
1495000 847 3554.711 -14141.0 -4.142 6.2331 
1496000 847 3554.711 -14137.0 -4.142 6.2331 
1497000 847 3554.711 -14138.0 -4.142 6.2331 
1498000 847 3554.711 -14140.0 -4.142 6.2331 
1499000 848 3618.94 -14141.0 -3.528 6.3449 
1500000 848 3618.94 -14138.0 -3.528 6.3449 
1501000 848 3618.94 -14135.0 -3.528 6.3449 
1502000 849 3638.846 -14136.0 -2.775 6.3804 
1503000 849 3638.846 -14139.0 -2.775 6.3804 
1504000 849 3638.846 -14138.0 -2.775 6.3804 
1505000 849 3638.846 -14136.0 -2.775 6.3804 
1506000 849 3638.846 -14132.0 -2.775 6.3804 
1507000 850 3746.762 -14133.0 -2.098 6.5698 
1508000 850 3746.762 -14133.0 -2.098 6.5698 
1509000 850 3746.762 -14128.0 -2.098 6.5698 
1510000 851 3671.085 -14121.0 -0.788 6.4371 
1511000 851 3671.085 -14124.0 -0.788 6.4371 
1512000 851 3671.085 -14124.0 -0.788 6.4371 
1513000 851 3671.085 -14120.0 -0.788 6.4371 
1514000 851 3671.085 -14121.0 -0.788 6.4371 
1515000 852 3789.477 -14119.0 -0.509 6.6455 
1516000 852 3789.477 -14115.0 -0.509 6.6455 
1517000 852 3789.477 -14110.0 -0.509 6.6455 
1518000 853 3738.729 -14108.0 0.542 6.5583 
1519000 853 3738.729 -14112.0 0.542 6.5583 
1520000 853 3738.729 -14112.0 0.542 6.5583 
1521000 853 3738.729 -14111.0 0.542 6.5583 
1522000 854 3777.556 -14114.0 -0.012 6.6257 
1523000 854 3777.556 -14116.0 -0.012 6.6257 
1524000 854 3777.556 -14110.0 -0.012 6.6257 
1525000 854 3777.556 -14111.0 -0.012 6.6257 
1526000 855 3765.201 -14110.0 0.389 6.6011 
1527000 855 3765.201 -14111.0 0.389 6.6011 
1528000 855 3765.201 -14110.0 0.389 6.6011 
1529000 855 3765.201 -14112.0 0.389 6.6011 
1530000 856 3769.481 -14114.0 -0.05 6.6078 
1531000 856 3769.481 -14114.0 -0.05 6.6078 
1532000 856 3769.481 -14113.0 -0.05 6.6078 
1533000 857 3733.333 -14110.0 0.255 6.544 
1534000 857 3733.333 -14117.0 0.255 6.544 
1535000 857 3733.333 -14120.0 0.255 6.544 
1536000 858 3606.499 -14122.0 -0.771 6.3214 
1537000 858 3606.499 -14125.0 -0.771 6.3214 
1538000 858 3606.499 -14128.0 -0.771 6.3214 
1539000 859 3575.349 -14128.0 -1.494 6.2669 
1540000 859 3575.349 -14129.0 -1.494 6.2669 
1541000 859 3575.349 -14128.0 -1.494 6.2669 
1542000 859 3575.349 -14127.0 -1.494 6.2669 
1543000 860 3626.814 -14128.0 -1.144 6.3574 
1544000 860 3626.814 -14127.0 -1.144 6.3574 
1545000 860 3626.814 -14123.0 -1.144 6.3574 
1546000 861 3578.033 -14117.0 -0.03 6.2753 
1547000 861 3578.033 -14115.0 -0.03 6.2753 
1548000 861 3578.033 -14110.0 -0.03 6.2753 
1549000 861 3578.033 -14114.0 -0.03 6.2753 
1550000 862 3591.03 -14115.0 0.273 6.3008 
1551000 862 3591.03 -14117.0 0.273 6.3008 
1552000 862 3591.03 -14122.0 0.273 6.3008 
1553000 863 3545.127 -14127.0 -0.754 6.2236 
1554000 863 3545.127 -14132.0 -0.754 6.2236 
1555000 863 3545.127 -14131.0 -0.754 6.2236 
1556000 863 3545.127 -14131.0 -0.754 6.2236 
1557000 864 3541.914 -14131.0 -1.379 6.2187 
1558000 864 3541.914 -14131.0 -1.379 6.2187 
1559000 864 3541.914 -14140.0 -1.379 6.2187 
1560000 865 3501.523 -14144.0 -2.541 6.151 
1561000 865 3501.523 -14145.0 -2.541 6.151 
1562000 865 3501.523 -14146.0 -2.541 6.151 
1563000 866 3503.07 -14155.0 -3.187 6.1539 
1564000 866 3503.07 -14156.0 -3.187 6.1539 
1565000 866 3503.07 -14155.0 -3.187 6.1539 
1566000 866 3503.07 -14158.0 -3.187 6.1539 
1567000 867 3479.263 -14164.0 -3.468 6.1151 
1568000 867 3479.263 -14167.0 -3.468 6.1151 
1569000 867 3479.263 -14165.0 -3.468 6.1151 
1570000 868 3460.337 -14168.0 -3.921 6.0808 
1571000 868 3460.337 -14168.0 -3.921 6.0808 
1572000 868 3460.337 -14170.0 -3.921 6.0808 
1573000 868 3460.337 -14172.0 -3.921 6.0808 
1574000 869 3500.103 -14172.0 -4.129 6.1522 
1575000 869 3500.103 -14175.0 -4.129 6.1522 
1576000 869 3500.103 -14178.0 -4.129 6.1522 
1577000 869 3500.103 -14176.0 -4.129 6.1522 
1578000 870 3578.993 -14179.0 -4.216 6.2947 
1579000 870 3578.993 -14180.0 -4.216 6.2947 
1580000 870 3578.993 -14181.0 -4.216 6.2947 
1581000 870 3578.993 -14176.0 -4.216 6.2947 
1582000 871 3602.694 -14172.0 -3.395 6.3378 
1583000 871 3602.694 -14172.0 -3.395 6.3378 
1584000 871 3602.694 -14172.0 -3.395 6.3378 
1585000 871 3602.694 -14175.0 -3.395 6.3378 
1586000 872 3609.524 -14176.0 -3.255 6.3486 
1587000 872 3609.524 -14176.0 -3.255 6.3486 
1588000 872 3609.524 -14171.0 -3.255 6.3486 
1589000 873 3587.272 -14180.0 -3.13 6.3126 
1590000 873 3587.272 -14179.0 -3.13 6.3126 
1591000 873 3587.272 -14182.0 -3.13 6.3126 
1592000 873 3587.272 -14182.0 -3.13 6.3126 
1593000 874 3592.245 -14182.0 -3.317 6.3212 
1594000 874 3592.245 -14184.0 -3.317 6.3212 
1595000 874 3592.245 -14185.0 -3.317 6.3212 
1596000 874 3592.245 -14186.0 -3.317 6.3212 
1597000 875 3651.42 -14189.0 -3.385 6.4279 
1598000 875 3651.42 -14187.0 -3.385 6.4279 
1599000 875 3651.42 -14187.0 -3.385 6.4279 
1600000 875 3651.42 -14189.0 -3.385 6.4279 
1601000 876 3749.478 -14192.0 -3.546 6.6003 
1602000 876 3749.478 -14193.0 -3.546 6.6003 
1603000 876 3749.478 -14197.0 -3.546 6.6003 
1604000 876 3749.478 -14199.0 -3.546 6.6003 
1605000 877 3719.03 -14199.0 -3.892 6.5469 
1606000 877 3719.03 -14200.0 -3.892 6.5469 
1607000 877 3719.03 -14199.0 -3.892 6.5469 
1608000 877 3719.03 -14196.0 -3.892 6.5469 
1609000 878 3745.727 -14193.0 -3.103 6.5934 
1610000 878 3745.727 -14191.0 -3.103 6.5934 
1611000 878 3745.727 -14195.0 -3.103 6.5934 
1612000 878 3745.727 -14195.0 -3.103 6.5934 
1613000 879 3783.855 -14196.0 -2.992 6.6601 
1614000 879 3783.855 -14201.0 -2.992 6.6601 
1615000 879 3783.855 -14200.0 -2.992 6.6601 
1616000 880 3741.169 -14202.0 -3.193 6.5931 
1617000 880 3741.169 -14197.0 -3.193 6.5931 
1618000 880 3741.169 -14192.0 -3.193 6.5931 
1619000 881 3626.352 -14187.0 -1.474 6.3946 
1620000 881 3626.352 -14187.0 -1.474 6.3946 
1621000 881 3626.352 -14183.0 -1.474 6.3946 
1622000 882 3574.717 -14176.0 -0.326 6.307 
1623000 882 3574.717 -14169.0 -0.326 6.307 
1624000 882 3574.717 -14166.0 -0.326 6.307 
1625000 883 3503.945 -14166.0 1.006 6.1875 
1626000 883 3503.945 -14169.0 1.006 6.1875 
1627000 883 3503.945 -14173.0 1.006 6.1875 
1628000 883 3503.945 -14165.0 1.006 6.1875 
1629000 883 3503.945 -14162.0 1.006 6.1875 
1630000 884 3649.151 -14161.0 1.206 6.4485 
1631000 884 3649.151 -14158.0 1.206 6.4485 
1632000 884 3649.151 -14163.0 1.206 6.4485 
1633000 884 3649.151 -14161.0 1.206 6.4485 
1634000 885 3683.036 -14161.0 1.185 6.5117 
1635000 885 3683.036 -14153.0 1.185 6.5117 
1636000 885 3683.036 -14153.0 1.185 6.5117 
1637000 886 3680.932 -14154.0 1.767 6.5122 
1638000 886 3680.932 -14163.0 1.767 6.5122 
1639000 886 3680.932 -14164.0 1.767 6.5122 
1640000 887 3610.339 -14164.0 0.59 6.3898 
1641000 887 3610.339 -14164.0 0.59 6.3898 
1642000 887 3610.339 -14163.0 0.59 6.3898 
1643000 887 3610.339 -14168.0 0.59 6.3898 
1644000 887 3610.339 -14171.0 0.59 6.3898 
1645000 888 3675.505 -14176.0 -0.269 6.5089 
1646000 888 3675.505 -14179.0 -0.269 6.5089 
1647000 888 3675.505 -14179.0 -0.269 6.5089 
1648000 888 3675.505 -14180.0 -0.269 6.5089 
1649000 889 3706.355 -14182.0 -1.142 6.5628 
1650000 889 3706.355 -14183.0 -1.142 6.5628 
1651000 889 3706.355 -14186.0 -1.142 6.5628 
1652000 890 3719.719 -14187.0 -1.628 6.5814 
1653000 890 3719.719 -14186.0 -1.628 6.5814 
1654000 890 3719.719 -14187.0 -1.628 6.5814 
1655000 890 3719.719 -14187.0 -1.628 6.5814 
1656000 891 3706.347 -14190.0 -1.665 6.5545 
1657000 891 3706.347 -14189.0 -1.665 6.5545 
1658000 891 3706.347 -14188.0 -1.665 6.5545 
1659000 891 3706.347 -14186.0 -1.665 6.5545 
1660000 892 3693.412 -14188.0 -1.099 6.5341 
1661000 892 3693.412 -14188.0 -1.099 6.5341 
1662000 892 3693.412 -14183.0 -1.099 6.5341 
1663000 893 3671.771 -14179.0 -0.389 6.4967 
1664000 893 3671.771 -14178.0 -0.389 6.4967 
1665000 893 3671.771 -14176.0 -0.389 6.4967 
1666000 893 3671.771 -14169.0 -0.389 6.4967 
1667000 894 3647.194 -14170.0 0.75 6.4561 
1668000 894 3647.194 -14171.0 0.75 6.4561 
1669000 894 3647.194 -14167.0 0.75 6.4561 
1670000 894 3647.194 -14169.0 0.75 6.4561 
1671000 895 3764.375 -14166.0 0.875 6.6637 
1672000 895 3764.375 -14157.0 0.875 6.6637 
1673000 896 3597.437 -14146.0 2.788 6.3714 
1674000 896 3597.437 -14147.0 2.788 6.3714 
1675000 896 3597.437 -14152.0 2.788 6.3714 
1676000 896 3597.437 -14153.0 2.788 6.3714 
1677000 897 3572.493 -14147.0 1.909 6.3291 
1678000 897 3572.493 -14144.0 1.909 6.3291 
1679000 897 3572.493 -14145.0 1.909 6.3291 
1680000 898 3571.144 -14144.0 2.518 6.3281 
1681000 898 3571.144 -14144.0 2.518 6.3281 
1682000 898 3571.144 -14145.0 2.518 6.3281 
1683000 898 3571.144 -14146.0 2.518 6.3281 
1684000 899 3620.43 -14148.0 1.866 6.4143 
1685000 899 3620.43 -14145.0 1.866 6.4143 
1686000 899 3620.43 -14146.0 1.866 6.4143 
1687000 899 3620.43 -14145.0 1.866 6.4143 
1688000 900 3662.587 -14146.0 1.88 6.4913 
1689000 900 3662.587 -14148.0 1.88 6.4913 
1690000 900 3662.587 -14149.0 1.88 6.4913 
1691000 900 3662.587 -14148.0 1.88 6.4913 
1692000 900 3662.587 -14147.0 1.88 6.4913 
1693000 901 3778.028 -14148.0 1.492 6.6977 
1694000 901 3778.028 -14149.0 1.492 6.6977 
1695000 901 3778.028 -14149.0 1.492 6.6977 
1696000 901 3778.028 -14148.0 1.492 6.6977 
1697000 902 3770.225 -14147.0 1.242 6.6807 
1698000 902 3770.225 -14147.0 1.242 6.6807 
1699000 902 3770.225 -14142.0 1.242 6.6807 
1700000 903 3695.303 -14140.0 2.218 6.55 
1701000 903 3695.303 -14135.0 2.218 6.55 
1702000 903 3695.303 -14127.0 2.218 6.55 
1703000 904 3604.072 -14121.0 3.496 6.3901 
1704000 904 3604.072 -14119.0 3.496 6.3901 
1705000 904 3604.072 -14117.0 3.496 6.3901 
1706000 905 3599.865 -14116.0 3.947 6.3839 
1707000 905 3599.865 -14115.0 3.947 6.3839 
1708000 905 3599.865 -14113.0 3.947 6.3839 
1709000 905 3599.865 -14114.0 3.947 6.3839 
1710000 906 3580.979 -14113.0 3.852 6.3521 
1711000 906 3580.979 -14114.0 3.852 6.3521 
1712000 906 3580.979 -14110.0 3.852 6.3521 
1713000 906 3580.979 -14109.0 3.852 6.3521 
1714000 907 3622.581 -14103.0 3.867 6.4291 
1715000 907 3622.581 -14092.0 3.867 6.4291 
1716000 908 3479.523 -14088.0 5.38 6.1755 
1717000 908 3479.523 -14084.0 5.38 6.1755 
1718000 908 3479.523 -14082.0 5.38 6.1755 
1719000 909 3421.67 -14082.0 5.642 6.0703 
1720000 909 3421.67 -14074.0 5.642 6.0703 
1721000 909 3421.67 -14069.0 5.642 6.0703 
1722000 910 3409.903 -14067.0 6.378 6.0474 
1723000 910 3409.903 -14073.0 6.378 6.0474 
1724000 910 3409.903 -14074.0 6.378 6.0474 
1725000 911 3372.213 -14077.0 4.94 5.9833 
1726000 911 3372.213 -14075.0 4.94 5.9833 
1727000 911 3372.213 -14074.0 4.94 5.9833 
1728000 911 3372.213 -14069.0 4.94 5.9833 
1729000 912 3421.992 -14070.0 5.046 6.0712 
1730000 912 3421.992 -14061.0 5.046 6.0712 
1731000 912 3421.992 -14058.0 5.046 6.0712 
1732000 913 3395.193 -14060.0 5.542 6.0255 
1733000 913 3395.193 -14049.0 5.542 6.0255 
1734000 913 3395.193 -14048.0 5.542 6.0255 
1735000 914 3314.073 -14043.0 6.387 5.881 
1736000 914 3314.073 -14043.0 6.387 5.881 
1737000 914 3314.073 -14039.0 6.387 5.881 
1738000 914 3314.073 -14041.0 6.387 5.881 
1739000 915 3369.866 -14035.0 6.249 5.9807 
1740000 915 3369.866 -14033.0 6.249 5.9807 
1741000 916 3309.979 -14028.0 6.924 5.8756 
1742000 916 3309.979 -14027.0 6.924 5.8756 
1743000 916 3309.979 -14034.0 6.924 5.8756 
1744000 917 3205.181 -14049.0 4.931 5.6891 
1745000 917 3205.181 -14050.0 4.931 5.6891 
1746000 918 3144.363 -14052.0 3.438 5.5836 
1747000 918 3144.363 -14042.0 3.438 5.5836 
1748000 918 3144.363 -14038.0 3.438 5.5836 
1749000 919 3079.527 -14034.0 4.794 5.4673 
1750000 919 3079.527 -14035.0 4.794 5.4673 
1751000 919 3079.527 -14036.0 4.794 5.4673 
1752000 920 3098.574 -14036.0 4.015 5.5027 
1753000 920 3098.574 -14033.0 4.015 5.5027 
1754000 920 3098.574 -14040.0 4.015 5.5027 
1755000 920 3098.574 -14040.0 4.015 5.5027 
1756000 921 3204.817 -14039.0 3.313 5.6889 
1757000 921 3204.817 -14038.0 3.313 5.6889 
1758000 921 3204.817 -14039.0 3.313 5.6889 
1759000 921 3204.817 -14036.0 3.313 5.6889 
1760000 921 3204.817 -14032.0 3.313 5.6889 
1761000 922 3352.235 -14030.0 3.582 5.9518 
1762000 922 3352.235 -14025.0 3.582 5.9518 
1763000 923 3265.612 -14017.0 4.924 5.7969 
1764000 923 3265.612 -14015.0 4.924 5.7969 
1765000 923 3265.612 -14004.0 4.924 5.7969 
1766000 924 3191.65 -14000.0 6.232 5.6667 
1767000 924 3191.65 -14000.0 6.232 5.6667 
1768000 924 3191.65 -14000.0 6.232 5.6667 
1769000 924 3191.65 -14003.0 6.232 5.6667 
1770000 925 3285.385 -14001.0 5.208 5.8321 
1771000 925 3285.385 -13993.0 5.208 5.8321 
1772000 925 3285.385 -13993.0 5.208 5.8321 
1773000 926 3257.447 -13993.0 5.688 5.7846 
1774000 926 3257.447 -13993.0 5.688 5.7846 
1775000 926 3257.447 -13994.0 5.688 5.7846 
1776000 926 3257.447 -13993.0 5.688 5.7846 
1777000 926 3257.447 -13993.0 5.688 5.7846 
1778000 927 3382.202 -13993.0 5.019 6.0056 
1779000 927 3382.202 -13988.0 5.019 6.0056 
1780000 928 3335.482 -13979.0 6.017 5.9234 
1781000 928 3335.482 -13982.0 6.017 5.9234 
1782000 928 3335.482 -13975.0 6.017 5.9234 
1783000 929 3301.234 -13964.0 6.915 5.857 
1784000 929 3301.234 -13963.0 6.915 5.857 
1785000 929 3301.234 -13955.0 6.915 5.857 
1786000 929 3301.234 -13958.0 6.915 5.857 
1787000 929 3301.234 -13955.0 6.915 5.857 
1788000 930 3376.11 -13954.0 7.224 5.9867 
1789000 930 3376.11 -13952.0 7.224 5.9867 
1790000 930 3376.11 -13952.0 7.224 5.9867 
1791000 930 3376.11 -13950.0 7.224 5.9867 
1792000 931 3446.799 -13952.0 6.901 6.1081 
1793000 931 3446.799 -13951.0 6.901 6.1081 
1794000 931 3446.799 -13950.0 6.901 6.1081 
1795000 931 3446.799 -13949.0 6.901 6.1081 
1796000 932 3557.919 -13950.0 6.311 6.2973 
1797000 932 3557.919 -13954.0 6.311 6.2973 
1798000 932 3557.919 -13958.0 6.311 6.2973 
1799000 932 3557.919 -13958.0 6.311 6.2973 
1800000 932 3557.919 -13956.0 6.311 6.2973 
1801000 933 3728.127 -13945.0 6.08 6.5918 
1802000 933 3728.127 -13944.0 6.08 6.5918 
1803000 933 3728.127 -13945.0 6.08 6.5918 
1804000 933 3728.127 -13943.0 6.08 6.5918 
1805000 934 3729.315 -13940.0 5.872 6.5925 
1806000 934 3729.315 -13942.0 5.872 6.5925 
1807000 934 3729.315 -13946.0 5.872 6.5925 
1808000 934 3729.315 -13947.0 5.872 6.5925 
1809000 935 3763.483 -13950.0 4.485 6.6467 
1810000 935 3763.483 -13950.0 4.485 6.6467 
1811000 935 3763.483 -13955.0 4.485 6.6467 
1812000 936 3708.235 -13957.0 3.236 6.5465 
1813000 936 3708.235 -13956.0 3.236 6.5465 
1814000 936 3708.235 -13956.0 3.236 6.5465 
1815000 936 3708.235 -13955.0 3.236 6.5465 
1816000 937 3738.211 -13956.0 3.013 6.5984 
1817000 937 3738.211 -13954.0 3.013 6.5984 
1818000 937 3738.211 -13952.0 3.013 6.5984 
1819000 937 3738.211 -13949.0 3.013 6.5984 
1820000 938 3731.99 -13950.0 3.411 6.5817 
1821000 938 3731.99 -13949.0 3.411 6.5817 
1822000 938 3731.99 -13945.0 3.411 6.5817 
1823000 938 3731.99 -13946.0 3.411 6.5817 
1824000 938 3731.99 -13943.0 3.411 6.5817 
1825000 939 3815.091 -13937.0 3.77 6.7232 
1826000 939 3815.091 -13933.0 3.77 6.7232 
1827000 939 3815.091 -13930.0 3.77 6.7232 
1828000 940 3754.782 -13933.0 4.493 6.6128 
1829000 940 3754.782 -13930.0 4.493 6.6128 
1830000 940 3754.782 -13925.0 4.493 6.6128 
1831000 941 3667.404 -13927.0 5.044 6.4574 
1832000 941 3667.404 -13927.0 5.044 6.4574 
1833000 942 3566.764 -13927.0 3.94 6.2778 
1834000 942 3566.764 -13927.0 3.94 6.2778 
1835000 942 3566.764 -13923.0 3.94 6.2778 
1836000 942 3566.764 -13924.0 3.94 6.2778 
1837000 943 3569.887 -13919.0 4.146 6.2792 
1838000 943 3569.887 -13908.0 4.146 6.2792 
1839000 944 3423.298 -13903.0 5.731 6.0185 
1840000 944 3423.298 -13903.0 5.731 6.0185 
1841000 944 3423.298 -13898.0 5.731 6.0185 
1842000 944 3423.298 -13895.0 5.731 6.0185 
1843000 945 3432.469 -13887.0 5.958 6.0334 
1844000 945 3432.469 -13878.0 5.958 6.0334 
1845000 946 3302.122 -13876.0 7.262 5.8027 
1846000 946 3302.122 -13877.0 7.262 5.8027 
1847000 946 3302.122 -13870.0 7.262 5.8027 
1848000 946 3302.122 -13866.0 7.262 5.8027 
1849000 947 3357.91 -13867.0 7.536 5.9038 
1850000 947 3357.91 -13867.0 7.536 5.9038 
1851000 947 3357.91 -13866.0 7.536 5.9038 
1852000 947 3357.91 -13864.0 7.536 5.9038 
1853000 948 3409.719 -13863.0 6.882 5.9997 
1854000 948 3409.719 -13866.0 6.882 5.9997 
1855000 948 3409.719 -13864.0 6.882 5.9997 
1856000 949 3450.947 -13866.0 5.894 6.0706 
1857000 949 3450.947 -13868.0 5.894 6.0706 
1858000 949 3450.947 -13868.0 5.894 6.0706 
1859000 949 3450.947 -13870.0 5.894 6.0706 
1860000 950 3491.852 -13862.0 5.705 6.1456 
1861000 950 3491.852 -13862.0 5.705 6.1456 
1862000 950 3491.852 -13864.0 5.705 6.1456 
1863000 950 3491.852 -13864.0 5.705 6.1456 
1864000 951 3474.567 -13865.0 4.834 6.1161 
1865000 951 3474.567 -13866.0 4.834 6.1161 
1866000 951 3474.567 -13858.0 4.834 6.1161 
1867000 952 3447.81 -13858.0 5.051 6.0689 
1868000 952 3447.81 -13859.0 5.051 6.0689 
1869000 952 3447.81 -13859.0 5.051 6.0689 
1870000 952 3447.81 -13859.0 5.051 6.0689 
1871000 953 3508.329 -13859.0 4.446 6.1784 
1872000 953 3508.329 -13858.0 4.446 6.1784 
1873000 953 3508.329 -13857.0 4.446 6.1784 
1874000 953 3508.329 -13857.0 4.446 6.1784 
1875000 954 3623.196 -13857.0 4.201 6.3827 
1876000 954 3623.196 -13853.0 4.201 6.3827 
1877000 954 3623.196 -13846.0 4.201 6.3827 
1878000 955 3511.777 -13840.0 5.381 6.1839 
1879000 955 3511.777 -13841.0 5.381 6.1839 
1880000 955 3511.777 -13838.0 5.381 6.1839 
1881000 955 3511.777 -13841.0 5.381 6.1839 
1882000 956 3521.099 -13838.0 4.643 6.1955 
1883000 956 3521.099 -13832.0 4.643 6.1955 
1884000 957 3413.289 -13827.0 5.879 6.0068 
1885000 957 3413.289 -13830.0 5.879 6.0068 
1886000 957 3413.289 -13831.0 5.879 6.0068 
1887000 957 3413.289 -13834.0 5.879 6.0068 
1888000 958 3428.96 -13837.0 4.291 6.0288 
1889000 958 3428.96 -13839.0 4.291 6.0288 
1890000 958 3428.96 -13836.0 4.291 6.0288 
1891000 959 3466.664 -13837.0 3.662 6.0942 
1892000 959 3466.664 -13837.0 3.662 6.0942 
1893000 959 3466.664 -13836.0 3.662 6.0942 
1894000 959 3466.664 -13831.0 3.662 6.0942 
1895000 960 3485.798 -13829.0 4.196 6.1276 
1896000 960 3485.798 -13829.0 4.196 6.1276 
1897000 960 3485.798 -13829.0 4.196 6.1276 
1898000 960 3485.798 -13825.0 4.196 6.1276 
1899000 961 3538.018 -13828.0 3.976 6.2159 
1900000 961 3538.018 -13825.0 3.976 6.2159 
1901000 961 3538.018 -13826.0 3.976 6.2159 
1902000 961 3538.018 -13826.0 3.976 6.2159 
1903000 962 3597.216 -13825.0 3.778 6.3174 
1904000 962 3597.216 -13820.0 3.778 6.3174 
1905000 962 3597.216 -13809.0 3.778 6.3174 
1906000 963 3485.295 -13807.0 5.201 6.1222 
1907000 963 3485.295 -13806.0 5.201 6.1222 
1908000 963 3485.295 -13806.0 5.201 6.1222 
1909000 963 3485.295 -13806.0 5.201 6.1222 
1910000 964 3534.765 -13804.0 4.88 6.2069 
1911000 964 3534.765 -13805.0 4.88 6.2069 
1912000 964 3534.765 -13805.0 4.88 6.2069 
1913000 964 3534.765 -13804.0 4.88 6.2069 
1914000 965 3640.789 -13803.0 4.592 6.3916 
1915000 965 3640.789 -13802.0 4.592 6.3916 
1916000 965 3640.789 -13799.0 4.592 6.3916 
1917000 965 3640.789 -13798.0 4.592 6.3916 
1918000 966 3637.71 -13798.0 4.633 6.3842 
1919000 966 3637.71 -13801.0 4.633 6.3842 
1920000 966 3637.71 -13804.0 4.633 6.3842 
1921000 967 3611.639 -13803.0 3.47 6.3366 
1922000 967 3611.639 -13806.0 3.47 6.3366 
1923000 967 3611.639 -13806.0 3.47 6.3366 
1924000 967 3611.639 -13802.0 3.47 6.3366 
1925000 968 3638.075 -13798.0 3.723 6.3839 
1926000 968 3638.075 -13798.0 3.723 6.3839 
1927000 968 3638.075 -13795.0 3.723 6.3839 
1928000 968 3638.075 -13795.0 3.723 6.3839 
1929000 969 3658.267 -13795.0 3.751 6.4189 
1930000 969 3658.267 -13791.0 3.751 6.4189 
1931000 969 3658.267 -13791.0 3.751 6.4189 
1932000 969 3658.267 -13789.0 3.751 6.4189 
1933000 970 3719.441 -13788.0 4.076 6.5298 
1934000 970 3719.441 -13788.0 4.076 6.5298 
1935000 970 3719.441 -13785.0 4.076 6.5298 
1936000 970 3719.441 -13777.0 4.076 6.5298 
1937000 971 3692.097 -13782.0 4.768 6.4867 
1938000 971 3692.097 -13781.0 4.768 6.4867 
1939000 971 3692.097 -13776.0 4.768 6.4867 
1940000 971 3692.097 -13775.0 4.768 6.4867 
1941000 972 3715.087 -13774.0 4.591 6.5302 
1942000 972 3715.087 -13774.0 4.591 6.5302 
1943000 972 3715.087 -13773.0 4.591 6.5302 
1944000 972 3715.087 -13775.0 4.591 6.5302 
1945000 973 3765.978 -13774.0 3.932 6.6237 
1946000 973 3765.978 -13777.0 3.932 6.6237 
1947000 973 3765.978 -13774.0 3.932 6.6237 
1948000 973 3765.978 -13773.0 3.932 6.6237 
1949000 974 3843.38 -13771.0 4.139 6.7651 
1950000 974 3843.38 -13768.0 4.139 6.7651 
1951000 974 3843.38 -13765.0 4.139 6.7651 
1952000 974 3843.38 -13764.0 4.139 6.7651 
1953000 975 3806.242 -13764.0 4.525 6.7026 
1954000 975 3806.242 -13760.0 4.525 6.7026 
1955000 975 3806.242 -13758.0 4.525 6.7026 
1956000 975 3806.242 -13757.0 4.525 6.7026 
1957000 976 3870.118 -13759.0 4.472 6.8186 
1958000 976 3870.118 -13758.0 4.472 6.8186 
1959000 976 3870.118 -13757.0 4.472 6.8186 
1960000 976 3870.118 -13760.0 4.472 6.8186 
1961000 976 3870.118 -13759.0 4.472 6.8186 
1962000 977 3935.906 -13757.0 4.225 6.936 
1963000 977 3935.906 -13754.0 4.225 6.936 
1964000 977 3935.906 -13754.0 4.225 6.936 
1965000 977 3935.906 -13754.0 4.225 6.936 
1966000 978 3964.916 -13750.0 4.103 6.9897 
1967000 978 3964.916 -13756.0 4.103 6.9897 
1968000 978 3964.916 -13759.0 4.103 6.9897 
1969000 979 3870.124 -13760.0 3.092 6.8257 
1970000 979 3870.124 -13763.0 3.092 6.8257 
1971000 979 3870.124 -13759.0 3.092 6.8257 
1972000 979 3870.124 -13757.0 3.092 6.8257 
1973000 980 3898.512 -13754.0 3.183 6.8763 
1974000 980 3898.512 -13759.0 3.183 6.8763 
1975000 980 3898.512 -13761.0 3.183 6.8763 
1976000 981 3836.661 -13760.0 2.365 6.765 
1977000 981 3836.661 -13761.0 2.365 6.765 
1978000 981 3836.661 -13759.0 2.365 6.765 
1979000 981 3836.661 -13760.0 2.365 6.765 
1980000 981 3836.661 -13760.0 2.365 6.765 
1981000 982 3874.194 -13762.0 2.028 6.8272 
1982000 982 3874.194 -13761.0 2.028 6.8272 
1983000 982 3874.194 -13762.0 2.028 6.8272 
1984000 983 3862.675 -13764.0 1.526 6.8022 
1985000 983 3862.675 -13763.0 1.526 6.8022 
1986000 983 3862.675 -13764.0 1.526 6.8022 
1987000 983 3862.675 -13762.0 1.526 6.8022 
1988000 983 3862.675 -13762.0 1.526 6.8022 
1989000 984 3929.808 -13761.0 1.573 6.9154 
1990000 984 3929.808 -13759.0 1.573 6.9154 
1991000 984 3929.808 -13757.0 1.573 6.9154 
1992000 984 3929.808 -13758.0 1.573 6.9154 
1993000 985 3985.527 -13757.0 1.916 7.0134 
1994000 985 3985.527 -13756.0 1.916 7.0134 
1995000 985 3985.527 -13755.0 1.916 7.0134 
1996000 985 3985.527 -13757.0 1.916 7.0134 
1997000 985 3985.527 -13757.0 1.916 7.0134 
1998000 985 3985.527 -13757.0 1.916 7.0134 
1999000 986 4112.574 -13755.0 1.924 7.2337 
2000000 986 4112.574 -13752.0 1.924 7.2337 
2001000 986 4112.574 -13749.0 1.924 7.2337 
2002000 986 4112.574 -13748.0 1.924 7.2337 
2003000 987 4103.917 -13746.0 2.532 7.2145 
2004000 987 4103.917 -13744.0 2.532 7.2145 
2005000 987 4103.917 -13743.0 2.532 7.2145 
2006000 987 4103.917 -13746.0 2.532 7.2145 
2007000 988 4088.625 -13742.0 2.479 7.1854 
2008000 988 4088.625 -13742.0 2.479 7.1854 
2009000 988 4088.625 -13740.0 2.479 7.1854 
2010000 989 4038.463 -13736.0 3.031 7.0956 
2011000 989 4038.463 -13735.0 3.031 7.0956 
2012000 989 4038.463 -13732.0 3.031 7.0956 
2013000 989 4038.463 -13736.0 3.031 7.0956 
2014000 990 4033.416 -13742.0 2.228 7.0842 
2015000 990 4033.416 -13740.0 2.228 7.0842 
2016000 990 4033.416 -13739.0 2.228 7.0842 
2017000 990 4033.416 -13737.0 2.228 7.0842 
2018000 991 3991.775 -13734.0 2.705 7.0085 
2019000 991 3991.775 -13733.0 2.705 7.0085 
2020000 991 3991.775 -13730.0 2.705 7.0085 
2021000 992 3936.297 -13729.0 3.134 6.9106 
2022000 992 3936.297 -13729.0 3.134 6.9106 
2023000 992 3936.297 -13727.0 3.134 6.9106 
2024000 992 3936.297 -13723.0 3.134 6.9106 
2025000 993 3904.067 -13722.0 3.521 6.8525 
2026000 993 3904.067 -13721.0 3.521 6.8525 
2027000 993 3904.067 -13721.0 3.521 6.8525 
2028000 994 3818.261 -13714.0 3.569 6.7017 
2029000 994 3818.261 -13705.0 3.569 6.7017 
2030000 995 3653.635 -13698.0 5.012 6.4126 
2031000 995 3653.635 -13688.0 5.012 6.4126 
2032000 996 3501.471 -13679.0 6.511 6.1466 
2033000 996 3501.471 -13676.0 6.511 6.1466 
2034000 996 3501.471 -13669.0 6.511 6.1466 
2035000 997 3470.324 -13665.0 7.26 6.0914 
2036000 997 3470.324 -13656.0 7.26 6.0914 
2037000 997 3470.324 -13648.0 7.26 6.0914 
2038000 998 3354.092 -13647.0 8.434 5.8868 
2039000 998 3354.092 -13640.0 8.434 5.8868 
2040000 999 3268.582 -13631.0 9.09 5.736 
2041000 999 3268.582 -13633.0 9.09 5.736 
2042000 999 3268.582 -13631.0 9.09 5.736 
2043000 1000 3247.224 -13623.0 9.081 5.6993 
2044000 1000 3247.224 -13619.0 9.081 5.6993 
2045000 1000 3247.224 -13616.0 9.081 5.6993 
2046000 1001 3192.102 -13607.0 9.373 5.6009 
2047000 1001 3192.102 -13597.0 9.373 5.6009 
2048000 1002 3097.192 -13592.0 10.236 5.4361 
2049000 1002 3097.192 -13582.0 10.236 5.4361 
2050000 1003 3009.172 -13574.0 11.012 5.2814 
2051000 1003 3009.172 -13575.0 11.012 5.2814 
2052000 1003 3009.172 -13584.0 11.012 5.2814 
2053000 1004 2962.655 -13592.0 8.411 5.2004 
2054000 1004 2962.655 -13588.0 8.411 5.2004 
2055000 1004 2962.655 -13588.0 8.411 5.2004 
2056000 1004 2962.655 -13589.0 8.411 5.2004 
2057000 1005 3080.49 -13584.0 7.87 5.404 
2058000 1005 3080.49 -13584.0 7.87 5.404 
2059000 1005 3080.49 -13586.0 7.87 5.404 
2060000 1005 3080.49 -13584.0 7.87 5.404 
2061000 1006 3124.941 -13588.0 7.283 5.4826 
2062000 1006 3124.941 -13583.0 7.283 5.4826 
2063000 1006 3124.941 -13579.0 7.283 5.4826 
2064000 1007 3160.047 -13579.0 7.255 5.5442 
2065000 1007 3160.047 -13577.0 7.255 5.5442 
2066000 1008 3070.142 -13591.0 5.129 5.3877 
2067000 1008 3070.142 -13583.0 5.129 5.3877 
2068000 1008 3070.142 -13575.0 5.129 5.3877 
2069000 1009 2973.628 -13573.0 6.316 5.2173 
2070000 1009 2973.628 -13574.0 6.316 5.2173 
2071000 1009 2973.628 -13572.0 6.316 5.2173 
2072000 1010 2990.265 -13568.0 5.985 5.2477 
2073000 1010 2990.265 -13559.0 5.985 5.2477 
2074000 1011 2914.839 -13550.0 7.086 5.114 
2075000 1011 2914.839 -13551.0 7.086 5.114 
2076000 1011 2914.839 -13548.0 7.086 5.114 
2077000 1012 2929.655 -13544.0 7.378 5.1403 
2078000 1012 2929.655 -13544.0 7.378 5.1403 
2079000 1012 2929.655 -13541.0 7.378 5.1403 
2080000 1012 2929.655 -13539.0 7.378 5.1403 
2081000 1013 2996.389 -13540.0 7.24 5.2575 
2082000 1013 2996.389 -13545.0 7.24 5.2575 
2083000 1013 2996.389 -13546.0 7.24 5.2575 
2084000 1014 3009.45 -13544.0 5.516 5.2821 
2085000 1014 3009.45 -13546.0 5.516 5.2821 
2086000 1014 3009.45 -13544.0 5.516 5.2821 
2087000 1015 3083.005 -13542.0 5.564 5.4099 
2088000 1015 3083.005 -13542.0 5.564 5.4099 
2089000 1015 3083.005 -13543.0 5.564 5.4099 
2090000 1015 3083.005 -13543.0 5.564 5.4099 
2091000 1016 3177.705 -13544.0 4.808 5.5741 
2092000 1016 3177.705 -13539.0 4.808 5.5741 
2093000 1016 3177.705 -13529.0 4.808 5.5741 
2094000 1017 3074.234 -13525.0 6.027 5.3934 
2095000 1017 3074.234 -13523.0 6.027 5.3934 
2096000 1017 3074.234 -13524.0 6.027 5.3934 
2097000 1018 3137.011 -13521.0 6.024 5.5037 
2098000 1018 3137.011 -13512.0 6.024 5.5037 
2099000 1019 3028.81 -13502.0 7.322 5.3141 
