10000 59 165.842 447.0 7.238 0.23 
20000 120 155.326 879.0 5.826 0.9964 
30000 180 153.621 1319.0 5.506 0.9607 
40000 240 162.866 1768.0 7.19 1.0791 
50000 301 177.443 2212.0 7.835 1.3177 
60000 355 185.335 2703.0 9.37 1.3331 
70000 409 176.107 3200.0 8.446 1.2889 
80000 470 153.401 3684.0 7.17 1.0993 
90000 527 175.463 4186.0 9.496 1.2573 
100000 587 184.39 4704.0 9.605 1.3265 
110000 642 187.82 5187.0 9.379 1.3543 
120000 699 184.225 5693.0 10.386 1.3324 
130000 755 172.267 6212.0 7.951 1.2469 
140000 815 174.313 6700.0 9.959 1.2522 
150000 874 173.189 7173.0 8.651 1.2557 
160000 937 158.871 7671.0 8.489 1.1512 
170000 993 176.401 8220.0 8.92 1.2766 
180000 1048 180.49 8765.0 9.535 1.2985 
190000 1110 161.631 9271.0 7.893 1.1604 
200000 1161 188.356 9862.0 11.478 1.3481 
210000 1218 163.516 10437.0 9.471 1.1751 
220000 1276 180.33 11018.0 10.358 1.3031 
230000 1334 166.919 11586.0 9.047 1.1994 
240000 1390 172.009 12168.0 9.291 1.2327 
250000 1449 157.386 12695.0 8.461 1.1306 
260000 1505 200.581 13281.0 12.061 1.4406 
270000 1555 189.123 13890.0 11.792 1.3578 
280000 1610 172.188 14500.0 9.976 1.2421 
290000 1665 185.311 15115.0 10.118 1.3275 
300000 1719 195.094 15728.0 11.872 1.4064 
310000 1777 172.459 16298.0 9.86 1.2368 
320000 1831 169.768 16887.0 8.202 1.2196 
330000 1886 201.034 17467.0 12.802 1.4392 
340000 1943 172.499 18076.0 10.845 1.2474 
350000 1993 196.798 18712.0 12.509 1.4263 
360000 2045 177.233 19350.0 11.374 1.2762 
370000 2096 178.28 19963.0 9.76 1.2775 
380000 2151 187.481 20545.0 10.921 1.3501 
390000 2203 238.866 21176.0 14.891 1.7195 
400000 2253 194.288 21841.0 11.761 1.4021 
410000 2301 183.695 22443.0 10.547 1.3187 
420000 2350 180.962 23063.0 11.147 1.3124 
430000 2406 186.267 23645.0 10.873 1.347 
440000 2458 189.581 24284.0 12.574 1.3684 
450000 2506 188.958 24896.0 11.402 1.5322 
460000 2563 187.839 25491.0 12.386 1.5548 
470000 2614 198.116 26060.0 12.728 1.6316 
480000 2658 192.838 26728.0 13.429 1.5915 
490000 2706 199.095 27372.0 13.843 1.6435 
500000 2746 250.885 28066.0 18.807 2.0694 
510000 2790 200.528 28721.0 13.738 1.6574 
520000 2842 192.547 29438.0 12.357 1.5906 
530000 2886 206.273 30130.0 13.61 1.7049 
540000 2935 174.172 30777.0 10.522 1.4364 
550000 2975 246.415 31390.0 16.157 2.0431 
560000 3028 211.851 31994.0 13.05 1.7513 
570000 3071 212.245 32592.0 11.644 1.7552 
580000 3121 211.277 33273.0 14.947 1.7471 
590000 3168 216.302 33899.0 12.439 1.7918 
600000 3215 179.211 34635.0 13.046 1.4874 
610000 3262 226.211 35319.0 16.407 1.879 
620000 3304 270.891 35984.0 19.193 2.2371 
630000 3351 226.822 36669.0 15.224 1.8768 
640000 3393 277.402 37361.0 17.614 2.294 
650000 3437 225.645 38063.0 14.539 1.8636 
660000 3475 260.413 38793.0 19.006 2.1514 
670000 3513 244.655 39549.0 16.872 2.0245 
680000 3551 278.461 40251.0 19.85 2.2994 
690000 3590 263.278 40977.0 18.499 2.1761 
700000 3636 237.589 41687.0 16.368 1.9585 
710000 3675 242.522 42416.0 19.169 1.9963 
720000 3715 291.95 43119.0 20.579 2.4106 
730000 3758 255.312 43900.0 20.915 2.1103 
740000 3798 221.926 44580.0 14.916 1.835 
750000 3837 252.666 45342.0 19.302 2.0852 
760000 3875 268.252 46065.0 19.748 2.2172 
770000 3914 247.089 46809.0 16.888 2.0439 
780000 3952 267.464 47577.0 19.217 2.2102 
790000 3994 254.801 48343.0 19.91 2.1096 
800000 4031 282.292 49112.0 20.319 2.3315 
810000 4068 296.521 49897.0 21.619 2.4407 
820000 4106 238.529 50739.0 18.939 1.9774 
830000 4143 248.501 51560.0 20.074 2.0474 
840000 4185 245.832 52410.0 18.224 2.0274 
850000 4220 323.173 53228.0 27.443 2.6781 
860000 4253 284.518 53958.0 20.091 2.3579 
870000 4288 288.358 54819.0 26.127 2.3841 
880000 4323 303.353 55668.0 24.281 2.5072 
890000 4355 307.546 56542.0 27.488 2.5447 
900000 4388 313.212 57375.0 27.061 2.5944 
910000 4422 287.908 58267.0 22.777 2.3805 
920000 4458 284.938 59262.0 26.211 2.3565 
930000 4498 253.284 60174.0 24.609 2.1007 
940000 4535 278.549 61030.0 25.631 2.3109 
950000 4573 272.627 62050.0 27.013 2.255 
960000 4612 238.242 62959.0 23.212 1.9732 
970000 4650 255.852 63985.0 26.18 2.1167 
980000 4679 367.389 64842.0 28.555 3.0363 
990000 4712 329.515 65802.0 31.92 2.7224 
1000000 4746 295.348 66791.0 27.689 2.4437 
1010000 4779 302.871 67751.0 27.335 2.5018 
1020000 4814 299.411 68756.0 29.415 2.4836 
1030000 4850 295.175 69686.0 25.918 2.4343 
1040000 4886 263.695 70676.0 26.582 2.1777 
1050000 4920 260.898 71702.0 26.613 2.156 
1060000 4953 328.981 72665.0 29.937 2.7162 
1070000 4989 257.068 73675.0 24.85 2.1286 
1080000 5027 237.735 74739.0 25.905 1.962 
1090000 5058 327.748 75804.0 33.177 2.7004 
1100000 5092 291.851 76846.0 30.422 2.415 
1110000 5129 289.483 77898.0 31.959 2.3962 
1120000 5166 264.413 78933.0 26.461 2.1809 
1130000 5201 318.22 79897.0 31.339 2.6299 
1140000 5235 291.951 80922.0 28.88 2.4173 
1150000 5270 285.189 81945.0 27.967 2.3576 
1160000 5304 292.174 83003.0 30.228 2.4085 
1170000 5338 315.032 84016.0 29.145 2.6114 
1180000 5377 248.836 85087.0 26.138 2.0502 
1190000 5409 314.492 86114.0 30.15 2.6014 
1200000 5443 293.845 87193.0 33.75 2.4191 
1210000 5475 321.478 88258.0 33.787 2.6632 
1220000 5510 296.555 89352.0 32.942 2.4453 
1230000 5543 283.849 90383.0 26.946 2.347 
1240000 5574 340.242 91425.0 31.578 2.8121 
1250000 5608 269.811 92556.0 32.39 2.2353 
1260000 5642 347.593 93709.0 38.02 2.8739 
1270000 5676 310.12 94803.0 32.069 2.5623 
1280000 5714 286.996 95895.0 30.419 2.3734 
1290000 5747 304.765 96994.0 34.852 2.5185 
1300000 5782 303.052 98048.0 29.951 2.4986 
1310000 5819 267.16 99113.0 28.458 2.2115 
1320000 5852 295.177 100168.0 32.84 2.4337 
1330000 5889 250.138 101313.0 28.586 2.0681 
1340000 5921 315.318 102372.0 34.619 2.6015 
1350000 5953 340.016 103416.0 37.272 2.82 
1360000 5988 285.181 104438.0 30.428 2.3542 
1370000 6020 293.651 105549.0 33.903 2.4186 
1380000 6051 328.88 106635.0 34.77 2.7073 
1390000 6084 282.205 107628.0 27.415 2.3259 
1400000 6114 305.781 108682.0 32.628 2.5194 
1410000 6150 280.449 109744.0 28.681 2.3189 
1420000 6183 297.496 110822.0 30.24 2.4504 
1430000 6216 275.225 111900.0 29.063 2.2688 
1440000 6251 270.103 113028.0 32.318 2.2283 
1450000 6285 303.299 114172.0 31.961 2.5056 
1460000 6320 294.385 115238.0 32.23 2.4369 
1470000 6354 287.134 116334.0 30.44 2.3658 
1480000 6386 355.082 117442.0 39.146 2.9343 
1490000 6417 298.858 118497.0 31.291 2.4643 
1500000 6453 277.472 119661.0 31.44 2.2966 
1510000 6489 276.582 120853.0 30.185 2.2808 
1520000 6523 275.172 121975.0 32.584 2.2784 
1530000 6557 281.471 123092.0 29.671 2.3289 
1540000 6589 276.154 124300.0 33.512 2.2761 
1550000 6622 287.782 125430.0 34.483 2.3844 
1560000 6658 308.664 126575.0 34.882 2.5544 
1570000 6694 270.067 127703.0 31.765 2.2299 
1580000 6726 307.559 128800.0 33.375 2.553 
1590000 6760 306.292 129920.0 34.487 2.5374 
1600000 6790 361.347 130966.0 35.92 2.9855 
1610000 6818 341.316 131992.0 36.28 2.8154 
1620000 6851 299.266 133114.0 34.239 2.4697 
1630000 6885 305.89 134246.0 32.46 2.5337 
1640000 6917 317.553 135406.0 35.416 2.6136 
1650000 6949 298.108 136476.0 31.833 2.4546 
1660000 6982 322.329 137613.0 38.782 2.664 
1670000 7018 273.928 138794.0 31.503 2.2536 
1680000 7050 325.822 139929.0 33.979 2.7046 
1690000 7086 274.342 141054.0 32.355 2.2634 
1700000 7116 317.835 142111.0 33.744 2.6222 
1710000 7146 286.929 143293.0 33.532 2.3691 
1720000 7178 321.578 144441.0 37.801 2.6539 
1730000 7209 304.723 145590.0 32.029 2.5194 
1740000 7240 341.028 146753.0 40.617 2.8115 
1750000 7274 306.241 147943.0 36.225 2.5318 
1760000 7306 320.51 149148.0 39.845 2.6568 
1770000 7338 296.346 150299.0 33.742 2.4396 
1780000 7372 314.605 151424.0 35.993 2.5947 
1790000 7407 286.714 152645.0 33.099 2.3712 
1800000 7439 319.317 153787.0 37.657 2.6404 
1810000 7474 302.507 155021.0 36.763 2.5032 
1820000 7509 297.785 156170.0 33.702 2.4625 
1830000 7542 288.335 157355.0 32.104 2.3871 
1840000 7576 293.358 158631.0 40.8 2.4227 
1850000 7611 272.356 159815.0 31.978 2.2488 
1860000 7645 306.606 161027.0 37.228 2.5363 
1870000 7677 300.638 162256.0 36.45 2.4775 
1880000 7710 296.155 163430.0 33.511 2.4535 
1890000 7743 281.515 164681.0 34.35 2.3382 
1900000 7775 317.695 165855.0 37.788 2.6201 
1910000 7809 282.131 167163.0 36.514 2.3331 
1920000 7841 330.199 168390.0 39.473 2.7172 
1930000 7879 249.085 169652.0 30.18 2.0561 
1940000 7911 293.248 170920.0 36.788 2.4285 
1950000 7944 295.755 172159.0 35.966 2.4488 
1960000 7978 322.193 173409.0 41.214 2.6611 
1970000 8010 315.032 174600.0 35.597 2.595 
1980000 8043 293.276 175840.0 36.334 2.4159 
1990000 8076 293.695 177035.0 33.16 2.4341 
2000000 8106 356.991 178190.0 37.452 2.949 
2010000 8139 290.119 179372.0 32.234 2.3965 
2020000 8178 268.185 180523.0 29.49 2.2245 
2030000 8214 266.953 181722.0 30.876 2.2054 
2040000 8247 292.401 182910.0 32.902 2.4124 
2050000 8274 362.514 184035.0 38.312 2.9895 
2060000 8308 300.545 185219.0 36.335 2.4785 
2070000 8337 359.362 186361.0 38.201 2.9691 
2080000 8367 319.311 187471.0 35.874 2.6322 
2090000 8400 323.335 188645.0 35.228 2.6629 
2100000 8431 350.144 189807.0 40.962 2.8801 
2110000 8463 287.199 191019.0 32.942 2.3736 
2120000 8495 282.328 192157.0 35.134 2.3266 
2130000 8527 322.642 193364.0 41.7 2.663 
2140000 8558 328.42 194478.0 37.746 2.709 
2150000 8589 330.69 195752.0 37.137 2.733 
2160000 8621 319.412 196937.0 40.669 2.6468 
2170000 8655 292.083 198266.0 36.762 2.4123 
2180000 8688 287.365 199500.0 34.646 2.3739 
2190000 8718 323.715 200710.0 36.342 2.692 
2200000 8748 315.31 201868.0 35.821 2.6085 
2210000 8782 306.213 203096.0 40.113 2.5438 
2220000 8814 296.484 204357.0 35.946 2.4473 
2230000 8846 303.566 205612.0 35.956 2.509 
2240000 8874 356.362 206823.0 41.534 2.9532 
2250000 8904 324.864 207995.0 36.754 2.6894 
2260000 8939 304.901 209221.0 38.047 2.5271 
2270000 8970 296.553 210497.0 35.315 2.4441 
2280000 9004 286.402 211804.0 39.873 2.3697 
2290000 9042 257.031 213133.0 33.946 2.1248 
2300000 9075 263.373 214331.0 30.815 2.1746 
2310000 9106 310.313 215603.0 39.662 2.5639 
2320000 9137 337.819 216823.0 41.656 2.7919 
2330000 9168 313.495 218109.0 38.596 2.5945 
2340000 9201 292.66 219317.0 35.69 2.4193 
2350000 9235 291.213 220647.0 39.789 2.4059 
2360000 9268 318.371 221972.0 43.572 2.6249 
2370000 9303 276.154 223288.0 35.26 2.2831 
2380000 9336 305.042 224528.0 38.491 2.5121 
2390000 9369 288.573 225796.0 35.96 2.3903 
2400000 9401 300.913 227023.0 35.781 2.489 
2410000 9434 310.962 228233.0 38.029 2.559 
2420000 9466 329.121 229454.0 41.24 2.7201 
2430000 9495 333.997 230641.0 37.3 2.7581 
2440000 9528 306.562 231859.0 38.311 2.5322 
2450000 9563 308.027 233067.0 37.743 2.5391 
2460000 9595 322.948 234333.0 41.961 2.6725 
2470000 9630 282.082 235648.0 36.814 2.3254 
2480000 9662 311.075 236918.0 39.442 2.5711 
2490000 9696 287.166 238187.0 36.24 2.3671 
2500000 9727 328.953 239527.0 45.898 2.712 
2510000 9760 306.547 240729.0 40.161 2.5268 
2520000 9795 278.209 241968.0 34.622 2.297 
2530000 9827 312.558 243227.0 39.551 2.5835 
2540000 9861 304.567 244508.0 35.002 2.5177 
2550000 9896 284.619 245715.0 36.068 2.351 
2560000 9927 329.086 246952.0 37.766 2.7146 
2570000 9960 295.043 248190.0 34.875 2.4379 
2580000 9992 334.876 249442.0 42.635 2.7599 
2590000 10024 308.296 250731.0 40.461 2.5395 
2600000 10058 291.85 251997.0 36.213 2.3997 
2610000 10091 290.284 253245.0 35.927 2.4006 
2620000 10122 287.691 254496.0 35.086 2.3836 
2630000 10155 289.984 255740.0 35.327 2.3857 
2640000 10188 286.092 256997.0 35.159 2.3599 
2650000 10221 287.948 258200.0 34.987 2.3708 
2660000 10251 328.629 259462.0 36.325 2.7114 
2670000 10283 328.413 260535.0 35.669 2.7154 
2680000 10312 345.396 261686.0 41.511 2.8582 
2690000 10344 313.7 263021.0 39.061 2.5881 
2700000 10375 339.182 264184.0 42.31 2.7997 
2710000 10407 295.645 265443.0 37.27 2.4488 
2720000 10437 319.552 266649.0 38.231 2.6362 
2730000 10464 362.601 267832.0 39.366 2.9966 
2740000 10492 322.121 268936.0 37.661 2.6614 
2750000 10525 297.384 270144.0 32.251 2.4573 
2760000 10558 320.584 271471.0 43.709 2.6548 
2770000 10587 327.405 272690.0 39.155 2.7077 
2780000 10618 342.009 273966.0 43.821 2.8271 
2790000 10653 283.755 275213.0 36.345 2.3426 
2800000 10686 281.041 276572.0 35.931 2.3156 
2810000 10716 351.054 277760.0 40.189 2.908 
2820000 10747 311.756 278885.0 33.068 2.5781 
2830000 10779 315.572 280174.0 37.407 2.606 
2840000 10816 269.791 281440.0 32.317 2.2275 
2850000 10851 283.129 282734.0 34.422 2.3379 
2860000 10885 297.591 283918.0 35.779 2.4492 
2870000 10917 307.16 285115.0 37.104 2.5471 
2880000 10948 275.853 286337.0 33.286 2.2772 
2890000 10979 316.6 287587.0 38.712 2.6209 
2900000 11012 319.479 288837.0 39.339 2.6392 
2910000 11046 287.364 290155.0 36.846 2.3715 
2920000 11075 312.888 291343.0 37.914 2.5794 
2930000 11109 286.807 292640.0 35.952 2.3697 
2940000 11142 309.359 293967.0 39.33 2.5535 
2950000 11175 291.462 295309.0 37.595 2.4153 
2960000 11208 301.303 296553.0 37.016 2.4864 
2970000 11240 297.762 297874.0 40.153 2.4526 
2980000 11271 330.238 299135.0 39.118 2.7362 
2990000 11303 301.561 300366.0 39.047 2.4845 
3000000 11334 285.214 301691.0 36.746 2.3431 
3010000 11369 305.937 302992.0 39.826 2.5196 
3020000 11400 289.125 304305.0 36.567 2.3869 
3030000 11436 279.803 305626.0 35.662 2.3025 
3040000 11468 295.594 307009.0 41.119 2.4352 
3050000 11499 309.504 308335.0 38.736 2.5523 
3060000 11532 319.667 309611.0 38.956 2.6309 
3070000 11562 323.065 310927.0 39.96 2.668 
3080000 11595 312.046 312185.0 37.443 2.5792 
3090000 11624 341.113 313498.0 44.883 2.8238 
3100000 11656 308.561 314798.0 41.801 2.5524 
3110000 11687 334.277 316126.0 43.926 2.7602 
3120000 11719 334.569 317489.0 46.203 2.7538 
3130000 11750 356.365 318791.0 45.335 2.751 
3140000 11783 307.329 320181.0 42.575 2.2246 
3150000 11815 334.594 321566.0 46.574 2.413 
3160000 11851 271.123 322911.0 37.678 1.9533 
