1000 10 16.823 -17.397 -0.321 0.0058 
2000 23 30.322 -34.664 -0.55 0.0102 
3000 35 42.187 -61.162 -0.905 0.0145 
4000 46 52.531 -88.589 -1.227 0.0179 
5000 57 60.07 -108.853 -1.358 0.0205 
6000 68 65.4 -128.142 -1.442 0.0222 
7000 78 72.369 -146.959 -1.525 0.0246 
8000 89 76.084 -167.394 -1.593 0.0257 
9000 100 78.103 -195.376 -1.763 0.1181 
10000 110 81.903 -212.785 -1.78 0.2266 
11000 122 83.318 -232.689 -1.758 0.3214 
12000 131 86.264 -249.765 -1.777 0.3919 
13000 141 89.334 -265.868 -1.739 0.4534 
14000 151 91.34 -284.293 -1.765 0.4998 
15000 161 93.303 -298.934 -1.696 0.5342 
16000 172 93.737 -322.664 -1.808 0.5593 
17000 182 94.738 -343.0 -1.852 0.5821 
18000 193 94.354 -355.704 -1.713 0.5917 
19000 202 95.501 -372.165 -1.715 0.6105 
20000 214 94.229 -390.179 -1.689 0.6137 
21000 224 95.164 -406.847 -1.683 0.6286 
22000 230 92.698 -413.415 -1.636 0.6163 
23000 236 110.174 -423.206 -1.615 0.7653 
24000 247 106.149 -438.658 -1.588 0.7411 
25000 257 104.225 -451.687 -1.534 0.7328 
26000 268 103.155 -465.224 -1.465 0.7335 
27000 270 102.042 -467.879 -1.491 0.7254 
28000 280 115.258 -478.822 -1.398 0.8369 
29000 290 113.377 -493.37 -1.408 0.827 
30000 301 109.049 -509.695 -1.421 0.797 
31000 311 106.478 -525.477 -1.447 0.7816 
32000 321 105.869 -540.145 -1.444 0.7815 
33000 331 104.728 -552.691 -1.41 0.7725 
34000 342 101.761 -567.766 -1.402 0.751 
35000 352 101.09 -578.533 -1.336 0.7498 
36000 362 100.033 -590.765 -1.32 0.742 
37000 373 99.56 -604.484 -1.308 0.7363 
38000 382 101.076 -618.961 -1.353 0.7464 
39000 393 99.473 -629.916 -1.291 0.7349 
40000 403 99.725 -642.11 -1.274 0.7427 
41000 413 98.788 -655.197 -1.275 0.7373 
42000 423 100.402 -664.809 -1.23 0.7506 
43000 432 102.002 -673.885 -1.194 0.7644 
44000 441 103.124 -684.442 -1.188 0.7719 
45000 450 103.745 -693.952 -1.173 0.7762 
46000 461 102.208 -705.994 -1.153 0.7692 
47000 471 102.121 -716.275 -1.134 0.7701 
48000 481 100.521 -728.429 -1.148 0.7555 
49000 490 101.675 -741.466 -1.186 0.7617 
50000 500 101.401 -753.948 -1.204 0.7582 
51000 511 100.851 -766.78 -1.205 0.7529 
52000 521 100.951 -780.284 -1.235 0.7509 
53000 531 100.457 -791.87 -1.217 0.7521 
54000 540 102.075 -802.109 -1.207 0.7649 
55000 549 103.768 -811.767 -1.185 0.7771 
56000 559 102.283 -822.878 -1.167 0.7651 
57000 568 104.552 -829.913 -1.103 0.7826 
58000 578 104.138 -839.286 -1.077 0.777 
59000 587 105.381 -851.336 -1.119 0.7844 
60000 597 103.752 -861.401 -1.096 0.7708 
61000 606 104.471 -867.01 -1.018 0.776 
62000 615 105.418 -873.469 -0.971 0.7889 
63000 625 104.245 -880.183 -0.917 0.7848 
64000 635 103.774 -888.955 -0.913 0.778 
65000 645 104.217 -899.173 -0.931 0.7773 
66000 654 104.724 -907.876 -0.938 0.7822 
67000 663 104.879 -914.632 -0.906 0.7823 
68000 673 104.183 -922.245 -0.883 0.7738 
69000 683 103.962 -932.076 -0.896 0.7698 
70000 692 105.402 -940.032 -0.893 0.7773 
71000 701 105.24 -949.092 -0.908 0.7744 
72000 711 105.144 -956.335 -0.879 0.7716 
73000 719 107.399 -962.389 -0.857 0.7864 
74000 728 108.081 -968.075 -0.829 0.7901 
75000 737 109.015 -974.916 -0.808 0.7961 
76000 745 110.395 -983.567 -0.851 0.8087 
77000 754 112.042 -991.531 -0.859 0.8228 
78000 764 109.046 -999.43 -0.854 0.7986 
79000 774 107.711 -1006.921 -0.821 0.7874 
80000 784 107.182 -1014.345 -0.813 0.782 
81000 791 110.094 -1018.273 -0.781 0.8021 
82000 801 109.735 -1025.64 -0.773 0.7983 
83000 810 109.097 -1034.485 -0.806 0.793 
84000 818 110.991 -1038.045 -0.754 0.8059 
85000 827 112.853 -1048.017 -0.814 0.8192 
86000 835 114.14 -1052.995 -0.783 0.8308 
87000 843 115.665 -1057.704 -0.751 0.8435 
88000 851 116.32 -1065.65 -0.788 0.8474 
89000 860 115.663 -1073.614 -0.801 0.8407 
90000 868 115.035 -1076.711 -0.746 0.8344 
91000 877 115.284 -1080.699 -0.703 0.8354 
92000 886 116.003 -1088.984 -0.731 0.839 
93000 894 115.949 -1092.56 -0.693 0.8375 
94000 903 116.937 -1097.035 -0.656 0.8439 
95000 910 118.473 -1099.198 -0.621 0.855 
96000 918 119.517 -1106.558 -0.658 0.8651 
97000 927 119.185 -1112.059 -0.644 0.8643 
98000 936 116.709 -1115.816 -0.614 0.8452 
99000 947 112.809 -1122.671 -0.611 0.8156 
100000 954 116.879 -1125.663 -0.585 0.8452 
101000 962 117.583 -1129.302 -0.566 0.8496 
102000 969 120.697 -1131.522 -0.534 0.8719 
103000 976 122.979 -1134.54 -0.52 0.888 
104000 983 126.828 -1138.224 -0.524 0.916 
105000 991 126.68 -1141.684 -0.506 0.9151 
106000 999 125.856 -1143.642 -0.465 0.9103 
107000 1006 126.772 -1145.244 -0.438 0.9207 
108000 1016 122.821 -1150.415 -0.446 0.8909 
109000 1024 121.476 -1154.023 -0.457 0.881 
110000 1032 123.499 -1158.798 -0.475 0.8936 
111000 1039 124.518 -1160.172 -0.453 0.9003 
112000 1048 124.364 -1165.097 -0.45 0.899 
113000 1054 128.776 -1166.242 -0.422 0.9316 
114000 1061 131.084 -1168.267 -0.403 0.9479 
115000 1068 130.731 -1170.049 -0.393 0.9458 
116000 1075 133.107 -1171.719 -0.364 0.965 
117000 1080 135.963 -1170.963 -0.336 0.9895 
118000 1088 137.73 -1179.091 -0.415 1.0048 
119000 1096 133.974 -1182.143 -0.429 0.9762 
120000 1103 135.88 -1188.554 -0.477 0.99 
121000 1107 134.957 -1191.276 -0.514 0.9824 
122000 1109 151.553 -1190.864 -0.482 1.1277 
123000 1114 164.335 -1192.406 -0.444 1.2339 
124000 1122 158.364 -1197.106 -0.463 1.1838 
125000 1130 153.453 -1200.884 -0.467 1.1434 
126000 1134 151.739 -1199.365 -0.431 1.1286 
127000 1135 168.704 -1198.053 -0.396 1.2835 
128000 1139 183.317 -1198.1 -0.337 1.3938 
129000 1140 199.651 -1196.712 -0.307 1.5235 
130000 1144 194.791 -1196.95 -0.301 1.4813 
131000 1145 210.895 -1195.985 -0.275 1.6207 
132000 1147 221.386 -1197.451 -0.305 1.7208 
133000 1149 234.879 -1196.626 -0.281 1.8386 
134000 1153 242.524 -1199.123 -0.275 1.908 
135000 1156 237.698 -1197.219 -0.248 1.8648 
136000 1159 249.15 -1198.126 -0.226 1.9662 
137000 1163 246.325 -1198.907 -0.242 1.9375 
138000 1166 257.546 -1200.719 -0.252 2.0263 
139000 1170 256.747 -1203.712 -0.291 2.0112 
140000 1175 249.72 -1203.609 -0.267 1.9488 
141000 1177 262.211 -1203.158 -0.24 2.0662 
142000 1178 276.967 -1202.329 -0.215 2.1903 
143000 1183 266.537 -1204.085 -0.231 2.1056 
144000 1185 263.302 -1203.912 -0.234 2.0787 
145000 1186 278.036 -1202.795 -0.21 2.2036 
146000 1191 285.793 -1203.414 -0.179 2.2627 
147000 1192 283.218 -1202.606 -0.186 2.241 
148000 1197 290.356 -1203.599 -0.168 2.2915 
149000 1200 286.621 -1203.832 -0.179 2.2562 
150000 1201 300.889 -1202.942 -0.158 2.3793 
151000 1202 314.871 -1202.304 -0.141 2.5223 
152000 1203 328.573 -1202.547 -0.127 2.6357 
153000 1204 342.002 -1200.839 -0.115 2.7596 
154000 1206 351.199 -1200.234 -0.087 2.8373 
155000 1207 364.175 -1200.172 -0.079 2.9409 
156000 1208 376.891 -1199.494 -0.073 3.0467 
157000 1209 389.353 -1199.343 -0.058 3.1683 
158000 1210 401.566 -1198.917 -0.065 3.2862 
159000 1211 413.535 -1198.396 -0.04 3.3793 
160000 1215 400.296 -1199.493 -0.064 3.2559 
161000 1216 412.29 -1199.293 -0.043 3.3618 
162000 1217 424.044 -1198.108 -0.036 3.4753 
163000 1219 430.372 -1199.222 -0.032 3.5503 
164000 1223 409.741 -1200.715 -0.069 3.369 
165000 1225 417.595 -1201.128 -0.087 3.4434 
166000 1226 429.243 -1200.257 -0.061 3.55 
167000 1227 440.659 -1201.383 -0.075 3.6774 
168000 1228 451.845 -1201.27 -0.081 3.794 
169000 1229 462.808 -1200.76 -0.067 3.8848 
170000 1230 473.552 -1200.992 -0.066 3.9889 
171000 1231 484.081 -1200.961 -0.065 4.0934 
172000 1232 494.4 -1200.389 -0.056 4.1944 
173000 1233 504.512 -1199.856 -0.048 4.3037 
174000 1234 514.421 -1199.48 -0.031 4.3912 
175000 1235 524.133 -1198.998 -0.025 4.4813 
176000 1236 533.65 -1198.177 -0.008 4.5647 
177000 1238 531.476 -1196.192 0.035 4.5351 
178000 1239 540.847 -1195.353 0.044 4.625 
179000 1240 550.03 -1194.264 0.065 4.7054 
180000 1241 550.889 -1192.797 0.095 4.7051 
181000 1242 559.871 -1191.432 0.112 4.7885 
182000 1244 560.96 -1192.876 0.078 4.7956 
183000 1248 538.797 -1197.942 -0.023 4.5837 
184000 1249 548.021 -1198.956 -0.038 4.6638 
185000 1251 543.453 -1199.924 -0.057 4.6197 
186000 1252 552.584 -1199.477 -0.04 4.7069 
187000 1253 558.812 -1197.822 -0.006 4.7603 
188000 1256 554.513 -1195.462 0.046 4.7195 
189000 1257 563.423 -1194.214 0.058 4.7931 
190000 1258 572.155 -1193.818 0.07 4.8794 
191000 1260 568.322 -1192.003 0.098 4.8444 
192000 1262 555.833 -1195.498 0.028 4.7269 
193000 1265 548.522 -1194.201 0.028 4.6705 
194000 1267 552.014 -1191.438 0.117 4.6856 
195000 1269 540.401 -1191.072 0.099 4.5759 
196000 1270 549.593 -1190.164 0.117 4.6644 
197000 1272 551.989 -1189.751 0.124 4.6845 
198000 1273 555.209 -1187.667 0.163 4.7066 
199000 1275 551.774 -1185.959 0.19 4.6694 
200000 1276 556.978 -1183.374 0.226 4.7236 
201000 1279 557.549 -1179.76 0.295 4.7054 
202000 1283 536.038 -1180.653 0.269 4.5034 
203000 1285 531.077 -1180.314 0.263 4.4559 
204000 1287 528.047 -1178.65 0.269 4.4211 
205000 1289 519.424 -1178.247 0.282 4.3416 
206000 1292 514.628 -1174.553 0.321 4.3002 
207000 1295 509.17 -1170.96 0.382 4.2448 
208000 1297 505.447 -1168.31 0.411 4.2026 
209000 1299 507.362 -1164.576 0.475 4.209 
210000 1302 495.877 -1162.556 0.481 4.0983 
211000 1304 493.525 -1157.621 0.56 4.0687 
212000 1307 487.509 -1154.222 0.594 4.0102 
213000 1309 487.155 -1152.545 0.605 3.9985 
214000 1311 480.895 -1151.299 0.626 3.9433 
215000 1314 481.776 -1152.664 0.558 3.9596 
216000 1315 484.881 -1149.388 0.588 3.9838 
217000 1317 490.552 -1145.393 0.659 4.0313 
218000 1319 485.464 -1142.884 0.667 3.9797 
219000 1322 478.244 -1139.308 0.703 3.9098 
220000 1326 466.307 -1136.351 0.722 3.7969 
221000 1328 467.668 -1132.05 0.782 3.8062 
222000 1329 478.315 -1131.054 0.787 3.8928 
223000 1331 475.7 -1125.552 0.842 3.8676 
224000 1333 472.884 -1120.819 0.9 3.8401 
225000 1335 479.917 -1117.197 0.953 3.8965 
226000 1338 471.573 -1113.239 0.979 3.8332 
227000 1339 477.582 -1110.48 0.998 3.8973 
228000 1342 473.93 -1105.046 1.061 3.8958 
229000 1343 484.452 -1105.622 1.03 4.0164 
230000 1345 484.567 -1101.429 1.067 4.0394 
231000 1346 490.955 -1098.539 1.083 4.107 
232000 1348 488.213 -1093.736 1.131 4.0789 
233000 1350 488.469 -1089.111 1.18 4.0881 
234000 1352 493.093 -1084.805 1.224 4.1433 
235000 1354 490.367 -1080.587 1.263 4.1414 
236000 1355 493.86 -1078.895 1.268 4.1866 
237000 1358 496.645 -1072.968 1.321 4.2621 
238000 1359 494.452 -1069.649 1.344 4.2418 
239000 1362 495.38 -1064.88 1.363 4.2444 
240000 1363 505.472 -1063.943 1.365 4.3524 
241000 1365 499.74 -1058.094 1.414 4.3179 
242000 1368 497.092 -1052.149 1.473 4.323 
243000 1370 497.231 -1047.223 1.506 4.3435 
244000 1371 500.326 -1044.497 1.508 4.3833 
245000 1374 496.239 -1040.485 1.51 4.3749 
246000 1375 496.954 -1037.648 1.525 4.3943 
247000 1377 505.035 -1035.074 1.529 4.5123 
248000 1378 506.374 -1031.965 1.545 4.5398 
249000 1381 505.632 -1025.458 1.594 4.5576 
250000 1384 495.327 -1021.577 1.58 4.459 
251000 1386 488.866 -1016.15 1.612 4.4034 
252000 1387 499.089 -1015.129 1.596 4.5205 
253000 1389 500.211 -1015.345 1.53 4.5461 
254000 1392 494.581 -1010.974 1.534 4.5063 
255000 1394 496.325 -1006.879 1.557 4.524 
256000 1395 494.458 -1003.369 1.575 4.508 
257000 1397 503.618 -1000.067 1.596 4.58 
258000 1400 492.582 -994.706 1.594 4.4528 
259000 1403 487.29 -987.756 1.654 4.3817 
260000 1405 482.364 -982.944 1.683 4.3224 
261000 1407 482.336 -978.937 1.708 4.302 
262000 1410 476.837 -971.649 1.721 4.2316 
263000 1413 471.308 -964.756 1.77 4.1594 
264000 1415 466.8 -959.713 1.798 4.1027 
265000 1418 456.146 -961.979 1.645 3.9948 
266000 1421 454.347 -954.783 1.682 3.9563 
267000 1422 449.76 -953.698 1.698 3.9107 
268000 1424 461.969 -950.812 1.668 4.003 
269000 1426 464.978 -945.308 1.697 4.016 
270000 1428 467.398 -940.082 1.739 4.0229 
271000 1431 465.516 -934.487 1.779 3.9888 
272000 1433 461.953 -932.47 1.72 3.9477 
273000 1436 459.061 -926.68 1.754 3.9056 
274000 1437 458.72 -923.289 1.768 3.8988 
275000 1439 464.496 -918.71 1.782 3.9491 
276000 1440 474.166 -916.349 1.795 4.0235 
277000 1441 484.003 -913.898 1.805 4.1051 
278000 1444 483.599 -907.193 1.852 4.0854 
279000 1446 484.498 -902.808 1.876 4.0851 
280000 1448 479.358 -896.299 1.913 4.0309 
281000 1451 472.055 -888.638 1.934 3.9531 
282000 1453 472.935 -883.287 1.966 3.9558 
283000 1457 455.338 -881.615 1.857 3.7961 
284000 1460 448.069 -876.862 1.833 3.7273 
285000 1464 437.159 -870.823 1.835 3.6179 
286000 1465 446.276 -866.327 1.853 3.6912 
287000 1469 433.754 -858.257 1.905 3.5716 
288000 1472 426.69 -852.321 1.887 3.504 
289000 1477 405.289 -858.173 1.601 3.3147 
290000 1480 393.856 -854.239 1.567 3.2131 
291000 1484 389.959 -850.386 1.543 3.1781 
292000 1487 386.852 -844.95 1.565 3.1456 
293000 1488 387.795 -840.285 1.591 3.151 
294000 1490 397.159 -835.969 1.612 3.2303 
295000 1491 396.956 -833.522 1.635 3.2256 
296000 1492 409.016 -831.752 1.632 3.3251 
297000 1495 421.1 -826.308 1.665 3.4265 
298000 1496 421.078 -822.717 1.682 3.4246 
299000 1498 423.158 -817.434 1.725 3.4332 
300000 1500 437.18 -813.088 1.738 3.5494 
301000 1502 436.865 -808.047 1.775 3.543 
302000 1505 434.601 -804.205 1.758 3.5216 
303000 1507 436.087 -798.467 1.792 3.5317 
304000 1511 419.769 -792.677 1.754 3.3904 
305000 1513 426.785 -789.295 1.791 3.4428 
306000 1516 412.613 -785.483 1.738 3.3213 
307000 1520 408.379 -776.921 1.783 3.2803 
308000 1523 401.93 -770.91 1.771 3.2224 
309000 1524 404.311 -768.234 1.787 3.2403 
310000 1526 414.209 -762.803 1.823 3.3172 
311000 1531 399.478 -755.307 1.822 3.1913 
312000 1534 396.165 -752.157 1.777 3.1653 
313000 1536 397.005 -745.844 1.811 3.1676 
314000 1537 394.685 -742.959 1.83 3.1465 
315000 1540 401.486 -737.294 1.82 3.2036 
316000 1541 410.316 -734.736 1.837 3.2852 
317000 1547 391.189 -727.795 1.797 3.1173 
318000 1552 368.523 -721.966 1.701 2.9273 
319000 1555 369.1 -717.771 1.702 2.9276 
320000 1561 347.644 -715.579 1.559 2.7503 
321000 1568 321.3 -717.458 1.323 2.5335 
322000 1572 310.865 -712.178 1.295 2.4457 
323000 1576 307.724 -709.499 1.236 2.4151 
324000 1581 296.384 -704.631 1.216 2.3181 
325000 1584 299.094 -700.831 1.229 2.3385 
326000 1585 313.112 -699.267 1.229 2.4508 
327000 1589 310.776 -692.281 1.291 2.4271 
328000 1590 315.1 -688.753 1.313 2.461 
329000 1591 328.798 -687.778 1.304 2.565 
330000 1594 330.92 -682.707 1.322 2.5838 
331000 1595 338.141 -680.604 1.347 2.6438 
332000 1600 337.096 -674.188 1.358 2.639 
333000 1604 327.171 -669.101 1.324 2.5552 
334000 1607 332.146 -666.942 1.321 2.5904 
335000 1609 326.685 -662.621 1.318 2.545 
336000 1613 331.673 -659.486 1.31 2.5827 
337000 1616 329.03 -656.648 1.272 2.5613 
338000 1619 326.921 -651.472 1.287 2.5433 
339000 1621 333.652 -646.704 1.334 2.6047 
340000 1622 346.439 -644.678 1.354 2.7178 
341000 1624 356.04 -640.243 1.387 2.7987 
342000 1626 358.376 -637.914 1.375 2.8232 
343000 1629 361.735 -631.655 1.435 2.85 
344000 1631 368.26 -627.479 1.464 2.9002 
345000 1633 366.593 -624.387 1.451 2.8896 
346000 1635 375.134 -619.833 1.478 2.9637 
347000 1637 382.255 -615.739 1.508 3.029 
348000 1638 394.61 -616.223 1.477 3.1833 
349000 1639 403.958 -613.894 1.479 3.3168 
350000 1640 410.999 -612.156 1.493 3.3821 
351000 1642 422.183 -613.807 1.408 3.4905 
352000 1643 429.739 -611.682 1.41 3.568 
353000 1645 437.704 -607.894 1.451 3.6308 
354000 1646 442.67 -604.493 1.461 3.6746 
355000 1649 440.469 -597.877 1.518 3.6487 
356000 1651 435.618 -594.302 1.515 3.6016 
357000 1654 434.221 -586.953 1.57 3.5879 
358000 1656 437.138 -582.464 1.603 3.6092 
359000 1657 445.356 -583.951 1.537 3.678 
360000 1660 445.587 -580.439 1.546 3.6767 
361000 1662 443.918 -573.336 1.581 3.6577 
362000 1667 424.065 -566.29 1.606 3.4795 
363000 1669 427.678 -561.505 1.631 3.5073 
364000 1670 439.124 -560.422 1.621 3.6071 
365000 1671 450.342 -560.579 1.586 3.7168 
366000 1673 440.506 -557.071 1.578 3.6317 
367000 1677 435.563 -547.748 1.64 3.5833 
368000 1681 420.263 -539.413 1.661 3.444 
369000 1683 415.133 -535.948 1.648 3.3966 
370000 1685 420.427 -530.983 1.694 3.4324 
371000 1687 422.683 -525.734 1.721 3.4468 
372000 1690 426.605 -519.5 1.776 3.473 
373000 1693 415.1 -512.994 1.771 3.3697 
374000 1697 405.795 -505.39 1.789 3.2858 
375000 1701 395.634 -500.865 1.76 3.198 
376000 1702 404.622 -496.682 1.783 3.2723 
377000 1705 404.38 -490.209 1.831 3.2651 
378000 1706 406.292 -486.195 1.842 3.2782 
379000 1709 403.157 -481.684 1.834 3.2498 
380000 1711 412.452 -478.429 1.823 3.3288 
381000 1714 407.717 -470.857 1.867 3.2842 
382000 1718 396.943 -463.078 1.883 3.1873 
383000 1721 390.614 -454.084 1.927 3.1284 
384000 1723 395.239 -448.564 1.952 3.1734 
385000 1726 386.952 -442.371 1.964 3.1028 
386000 1729 387.249 -449.661 1.96 3.1042 
387000 1733 378.49 -446.854 1.625 3.0278 
388000 1737 370.233 -445.213 1.562 2.9608 
389000 1739 370.628 -439.011 1.589 2.9616 
390000 1740 379.136 -436.324 1.601 3.0371 
391000 1741 389.253 -434.024 1.624 3.1241 
392000 1744 388.455 -430.323 1.604 3.1143 
393000 1746 396.092 -428.939 1.567 3.1828 
394000 1747 406.35 -426.138 1.585 3.2739 
395000 1750 407.951 -419.183 1.647 3.2819 
396000 1751 419.272 -416.758 1.667 3.3809 
397000 1752 421.386 -413.568 1.68 3.3959 
398000 1756 417.144 -409.802 1.64 3.3606 
399000 1757 421.861 -406.25 1.655 3.4021 
400000 1759 431.782 -402.089 1.686 3.4858 
401000 1761 431.554 -396.47 1.714 3.4846 
402000 1764 424.297 -391.455 1.721 3.4225 
403000 1766 431.351 -387.067 1.75 3.4843 
404000 1768 429.592 -381.652 1.782 3.467 
405000 1772 420.736 -375.037 1.79 3.3908 
406000 1774 419.728 -370.815 1.776 3.3774 
407000 1776 416.759 -368.232 1.751 3.3501 
408000 1778 425.979 -362.808 1.785 3.4222 
409000 1779 437.46 -362.346 1.782 3.5156 
410000 1781 440.562 -356.584 1.817 3.5379 
411000 1784 432.732 -351.673 1.807 3.4695 
412000 1787 428.186 -343.731 1.843 3.4307 
413000 1791 418.449 -341.208 1.782 3.3506 
414000 1792 424.14 -337.946 1.786 3.3947 
415000 1795 415.297 -331.644 1.791 3.3208 
416000 1799 410.318 -328.033 1.75 3.277 
417000 1803 397.662 -322.331 1.718 3.17 
418000 1805 390.295 -319.947 1.689 3.1078 
419000 1809 382.811 -317.357 1.598 3.0493 
420000 1812 388.801 -316.074 1.562 3.0945 
421000 1816 376.734 -312.292 1.494 2.9977 
422000 1817 382.799 -309.452 1.503 3.0466 
423000 1822 371.363 -309.732 1.375 2.9474 
424000 1825 369.761 -304.396 1.402 2.9292 
425000 1826 382.366 -303.539 1.393 3.0381 
426000 1827 391.839 -300.169 1.413 3.1273 
427000 1829 396.045 -295.718 1.439 3.1624 
428000 1832 391.101 -292.324 1.416 3.1166 
429000 1835 386.484 -291.095 1.381 3.0765 
430000 1837 390.93 -288.997 1.403 3.1119 
431000 1840 392.365 -285.671 1.341 3.1241 
432000 1841 403.498 -283.589 1.361 3.2505 
433000 1842 405.828 -281.241 1.38 3.2798 
434000 1844 414.543 -275.657 1.414 3.3992 
435000 1847 412.197 -270.905 1.43 3.4094 
436000 1848 414.073 -268.469 1.452 3.4447 
437000 1849 424.812 -267.195 1.472 3.5455 
438000 1852 433.965 -267.117 1.393 3.64 
439000 1853 445.286 -265.497 1.399 3.7387 
440000 1854 454.86 -262.772 1.418 3.8146 
441000 1857 446.916 -255.507 1.474 3.7358 
442000 1859 445.495 -248.978 1.52 3.7171 
443000 1861 450.49 -244.494 1.56 3.747 
444000 1865 432.708 -247.181 1.385 3.5867 
445000 1866 440.453 -244.757 1.404 3.651 
446000 1869 438.561 -240.11 1.404 3.6329 
447000 1871 434.275 -237.384 1.405 3.5886 
448000 1873 438.355 -232.373 1.455 3.6207 
449000 1875 443.415 -226.842 1.499 3.6627 
450000 1876 452.547 -224.273 1.517 3.7337 
451000 1879 452.275 -216.553 1.6 3.7201 
452000 1880 449.01 -213.258 1.62 3.6892 
453000 1882 461.381 -208.072 1.654 3.7935 
454000 1884 461.635 -203.157 1.689 3.7912 
455000 1886 467.694 -199.295 1.709 3.8383 
456000 1888 465.861 -193.587 1.74 3.8187 
457000 1891 457.541 -188.958 1.734 3.7502 
458000 1893 456.513 -184.863 1.761 3.7381 
459000 1894 467.383 -184.067 1.727 3.8357 
460000 1896 475.595 -181.403 1.732 3.9011 
461000 1897 476.463 -178.495 1.747 3.9058 
462000 1899 486.744 -174.795 1.754 3.9893 
463000 1901 487.947 -170.507 1.782 3.9963 
464000 1904 478.052 -161.382 1.833 3.908 
465000 1907 470.897 -154.795 1.878 3.8398 
466000 1908 470.979 -150.868 1.89 3.8407 
467000 1911 467.096 -146.061 1.878 3.805 
468000 1914 462.901 -139.3 1.904 3.7662 
469000 1916 459.689 -133.609 1.928 3.7326 
470000 1918 459.927 -128.575 1.958 3.7268 
471000 1919 460.148 -126.812 1.965 3.7281 
472000 1921 470.446 -123.428 1.948 3.8259 
473000 1925 460.194 -117.116 1.92 3.7337 
474000 1926 465.79 -114.086 1.926 3.7794 
475000 1927 465.334 -113.274 1.944 3.7724 
476000 1930 471.169 -106.575 1.924 3.8427 
477000 1932 471.093 -101.074 1.957 3.8389 
478000 1935 465.12 -95.64 1.945 3.7871 
479000 1937 463.327 -90.555 1.976 3.7767 
480000 1939 461.096 -87.442 1.996 3.7669 
481000 1941 471.077 -83.37 1.974 3.8654 
482000 1945 454.607 -78.626 1.922 3.7457 
483000 1946 462.835 -75.804 1.935 3.8495 
484000 1948 468.418 -72.078 1.945 3.9205 
485000 1950 468.465 -66.344 1.971 3.9187 
486000 1951 473.816 -62.554 1.989 3.971 
487000 1953 475.16 -56.84 2.011 3.9734 
488000 1955 473.395 -52.316 2.041 3.951 
489000 1957 479.642 -47.518 2.046 4.0045 
490000 1959 478.79 -42.286 2.067 3.9859 
491000 1960 484.574 -39.526 2.074 4.0332 
492000 1962 495.552 -36.21 2.094 4.1256 
493000 1963 489.261 -35.255 2.055 4.0709 
494000 1964 499.476 -33.678 2.029 4.1671 
495000 1967 505.267 -32.489 1.971 4.2005 
496000 1969 499.883 -26.356 1.985 4.1477 
497000 1972 490.212 -21.4 1.961 4.057 
498000 1973 500.408 -19.641 1.946 4.1461 
499000 1976 492.716 -12.63 1.99 4.0699 
500000 1978 488.574 -6.562 2.014 4.0269 
501000 1979 498.802 -4.9 2.004 4.1231 
502000 1981 497.57 -0.149 2.031 4.1117 
503000 1984 488.592 7.994 2.063 4.0271 
504000 1987 485.156 14.86 2.1 3.9924 
505000 1988 487.753 17.799 2.097 4.0124 
506000 1991 487.853 23.605 2.12 4.0045 
507000 1994 478.239 31.04 2.137 3.916 
508000 1995 478.154 35.129 2.145 3.912 
509000 1997 486.187 39.477 2.154 3.9784 
510000 2000 476.643 40.467 2.035 3.8899 
511000 2001 487.11 40.764 2.006 3.9789 
512000 2002 482.988 42.986 2.018 3.9424 
513000 2004 495.402 47.379 2.008 4.0454 
514000 2007 489.594 54.189 2.043 3.9902 
515000 2009 489.619 54.901 1.968 3.9815 
516000 2012 482.55 61.911 1.998 3.9211 
517000 2013 481.419 64.381 2.018 3.9098 
518000 2015 489.355 68.722 2.003 3.9705 
519000 2017 492.961 73.217 2.025 4.0026 
520000 2018 490.421 75.331 2.028 3.9812 
521000 2020 499.201 78.924 2.005 4.0629 
522000 2022 496.872 84.348 2.026 4.0402 
523000 2025 493.02 91.431 2.069 3.9998 
524000 2027 494.03 95.771 2.082 4.0058 
525000 2030 482.749 101.723 2.057 3.905 
526000 2032 481.485 106.458 2.075 3.8955 
527000 2034 475.829 111.585 2.095 3.8443 
528000 2037 474.596 119.255 2.108 3.8359 
529000 2040 468.186 127.525 2.146 3.7816 
530000 2042 468.022 132.498 2.169 3.7747 
531000 2044 467.27 138.427 2.19 3.7611 
532000 2046 466.697 143.575 2.212 3.7535 
533000 2048 470.839 147.933 2.216 3.7963 
534000 2050 475.459 152.07 2.233 3.8359 
535000 2052 476.236 149.882 2.102 3.8412 
536000 2054 476.812 156.028 2.119 3.848 
537000 2057 467.702 163.703 2.148 3.7677 
538000 2059 468.009 168.486 2.161 3.777 
539000 2060 475.049 171.555 2.16 3.8354 
540000 2062 475.632 176.354 2.171 3.8352 
541000 2065 474.409 182.549 2.197 3.8204 
542000 2066 479.181 186.734 2.196 3.869 
543000 2069 476.234 193.059 2.225 3.8779 
544000 2071 470.071 199.609 2.235 3.8431 
545000 2073 474.957 200.62 2.182 3.9258 
546000 2075 474.763 206.459 2.199 3.9556 
547000 2077 479.653 210.047 2.212 4.0444 
548000 2079 471.853 214.183 2.178 3.9922 
549000 2082 469.41 221.617 2.201 4.0103 
550000 2084 471.003 225.854 2.214 4.0559 
551000 2087 463.209 231.41 2.186 4.0145 
552000 2088 473.945 233.135 2.173 4.1305 
553000 2090 471.793 235.523 2.125 4.11 
554000 2093 464.629 242.966 2.146 4.044 
555000 2096 460.92 249.14 2.167 3.9972 
556000 2097 471.702 251.083 2.158 4.1063 
557000 2099 471.665 256.527 2.17 4.0945 
558000 2100 468.292 260.048 2.183 4.0591 
559000 2103 476.208 265.766 2.197 4.109 
560000 2105 471.804 272.117 2.212 4.0593 
561000 2108 468.218 278.902 2.234 4.0105 
562000 2109 473.294 283.273 2.247 4.0468 
563000 2112 468.261 290.507 2.27 3.9933 
564000 2113 473.396 293.308 2.27 4.0293 
565000 2116 468.487 299.956 2.277 3.9743 
566000 2118 469.049 305.171 2.283 3.9696 
567000 2119 469.728 307.315 2.285 3.9708 
568000 2122 472.833 313.565 2.277 3.9888 
569000 2123 473.656 316.811 2.28 3.9902 
570000 2127 467.945 323.668 2.257 3.934 
571000 2129 460.072 330.102 2.277 3.8595 
572000 2131 458.699 335.393 2.282 3.8435 
573000 2134 454.474 340.946 2.266 3.7957 
574000 2136 457.462 346.119 2.283 3.8091 
575000 2139 454.272 354.254 2.304 3.7721 
576000 2141 459.451 358.539 2.32 3.8084 
577000 2144 449.943 366.953 2.34 3.7185 
578000 2146 452.092 372.2 2.352 3.7305 
579000 2150 433.845 380.934 2.327 3.5678 
580000 2153 428.303 389.752 2.355 3.5132 
581000 2154 426.057 392.091 2.366 3.4914 
582000 2156 444.205 395.789 2.344 3.6503 
583000 2158 449.871 399.134 2.345 3.6959 
584000 2161 441.561 407.718 2.362 3.6199 
585000 2164 432.272 413.721 2.331 3.5367 
586000 2165 443.626 414.722 2.308 3.6429 
587000 2167 446.198 419.859 2.312 3.6599 
588000 2169 450.814 423.926 2.321 3.6942 
589000 2170 451.137 427.256 2.316 3.6952 
590000 2173 451.759 434.791 2.336 3.7223 
591000 2175 454.727 440.306 2.347 3.7826 
592000 2179 440.921 446.868 2.318 3.6916 
593000 2182 432.059 453.465 2.288 3.638 
594000 2184 433.117 458.949 2.293 3.6782 
595000 2187 432.053 464.676 2.311 3.6868 
596000 2191 417.997 474.7 2.323 3.5586 
597000 2192 422.077 479.19 2.33 3.5935 
598000 2194 430.8 483.404 2.341 3.6712 
599000 2197 422.503 489.995 2.32 3.5883 
600000 2198 430.453 492.683 2.324 3.6551 
601000 2200 438.807 496.201 2.316 3.7241 
602000 2202 435.654 501.27 2.319 3.6871 
603000 2206 426.375 512.102 2.342 3.5901 
604000 2209 422.132 518.581 2.363 3.5408 
605000 2211 422.481 523.396 2.335 3.5414 
606000 2214 413.053 529.426 2.308 3.4499 
607000 2217 415.859 531.462 2.25 3.4666 
608000 2220 404.033 538.054 2.216 3.3599 
609000 2222 401.171 540.995 2.181 3.3262 
610000 2223 413.027 543.231 2.192 3.4285 
611000 2225 425.244 548.652 2.205 3.5186 
612000 2228 421.894 556.833 2.232 3.4797 
613000 2231 417.173 564.23 2.255 3.4296 
614000 2232 415.35 567.41 2.267 3.4117 
615000 2235 421.226 575.352 2.291 3.4535 
616000 2236 425.761 578.025 2.296 3.4883 
617000 2240 421.823 583.507 2.243 3.4546 
618000 2244 408.948 591.468 2.232 3.3373 
619000 2246 412.264 596.454 2.237 3.3652 
620000 2247 423.879 598.271 2.23 3.4711 
621000 2248 423.282 601.788 2.236 3.4637 
622000 2250 436.856 606.753 2.251 3.5742 
623000 2253 430.827 611.152 2.21 3.521 
624000 2255 422.695 613.543 2.156 3.4489 
625000 2259 421.628 619.69 2.137 3.4334 
626000 2261 423.792 625.619 2.15 3.4511 
627000 2264 413.711 631.538 2.139 3.361 
628000 2267 410.114 634.541 2.065 3.3254 
629000 2269 411.671 639.71 2.082 3.3325 
630000 2272 411.339 647.574 2.123 3.321 
631000 2276 401.409 654.25 2.11 3.2313 
632000 2279 396.86 660.054 2.092 3.1928 
633000 2280 395.643 663.538 2.105 3.1808 
634000 2281 404.49 665.824 2.105 3.2607 
635000 2284 416.003 670.547 2.1 3.3607 
636000 2288 399.96 673.189 1.973 3.223 
637000 2290 396.342 678.842 1.988 3.1882 
638000 2292 398.12 683.474 2.018 3.2036 
639000 2294 407.175 687.249 2.005 3.2751 
640000 2298 397.57 692.704 1.948 3.1889 
641000 2301 399.467 695.991 1.939 3.2017 
642000 2303 402.324 701.365 1.952 3.2213 
643000 2306 389.861 705.269 1.893 3.1173 
644000 2311 380.699 711.53 1.86 3.038 
645000 2313 384.966 716.202 1.873 3.0763 
646000 2314 386.466 720.598 1.888 3.0873 
647000 2317 386.04 725.469 1.88 3.0796 
648000 2318 394.279 727.813 1.889 3.1488 
649000 2321 392.939 730.545 1.827 3.1392 
650000 2322 404.72 733.359 1.842 3.2526 
651000 2324 411.393 735.476 1.816 3.3455 
652000 2327 407.42 740.158 1.801 3.3237 
653000 2329 414.591 744.908 1.828 3.3904 
654000 2330 421.999 747.417 1.846 3.4573 
655000 2332 429.053 752.065 1.869 3.5191 
656000 2333 429.472 754.303 1.876 3.5203 
657000 2336 436.52 759.915 1.886 3.5814 
658000 2338 437.951 765.16 1.904 3.5911 
659000 2341 433.72 768.754 1.884 3.5532 
660000 2343 433.358 774.464 1.904 3.5461 
661000 2345 432.427 779.298 1.92 3.5358 
662000 2346 443.778 780.23 1.899 3.6406 
663000 2348 449.428 785.173 1.918 3.6826 
664000 2350 445.925 790.224 1.941 3.6499 
665000 2352 451.847 795.518 1.964 3.7004 
666000 2355 443.386 802.738 2.0 3.6201 
667000 2357 444.812 807.769 2.01 3.6297 
668000 2359 449.907 812.557 2.034 3.6719 
669000 2361 450.585 817.316 2.043 3.6718 
670000 2364 446.969 824.568 2.075 3.6358 
671000 2366 445.425 829.737 2.089 3.6219 
672000 2368 448.44 834.964 2.101 3.6527 
673000 2369 459.471 835.789 2.087 3.7471 
674000 2370 460.922 838.49 2.096 3.7593 
675000 2372 465.803 843.113 2.105 3.8038 
676000 2374 472.757 846.728 2.096 3.854 
677000 2378 460.208 853.577 2.09 3.7392 
678000 2380 457.131 859.52 2.096 3.7095 
679000 2382 457.323 864.758 2.118 3.7062 
680000 2383 454.696 866.986 2.121 3.6818 
681000 2386 456.278 871.171 2.082 3.71 
682000 2389 452.59 876.609 2.067 3.6773 
683000 2391 456.696 881.317 2.069 3.7125 
684000 2394 448.02 886.358 2.05 3.6358 
685000 2396 449.961 890.848 2.059 3.6486 
686000 2398 454.815 895.135 2.068 3.6798 
687000 2401 448.885 902.765 2.095 3.6277 
688000 2402 459.907 903.39 2.075 3.7144 
689000 2404 462.651 907.563 2.089 3.7441 
690000 2405 473.398 909.074 2.075 3.8341 
691000 2408 465.855 916.663 2.104 3.7655 
692000 2409 476.537 917.919 2.084 3.8701 
693000 2412 464.327 922.41 2.016 3.7635 
694000 2414 469.079 922.504 1.971 3.797 
695000 2415 468.538 926.392 1.984 3.7914 
696000 2416 479.167 927.638 1.966 3.8864 
697000 2418 485.094 932.466 1.982 3.9396 
698000 2419 495.392 932.824 1.958 4.0271 
699000 2420 505.364 935.45 1.964 4.124 
700000 2421 515.257 936.46 1.95 4.2113 
701000 2424 508.53 942.786 1.976 4.1509 
702000 2429 480.692 943.875 1.813 3.9116 
703000 2430 479.958 947.289 1.822 3.902 
704000 2433 478.548 954.337 1.855 3.8893 
705000 2434 480.697 956.528 1.862 3.9105 
706000 2436 489.092 961.929 1.879 3.9895 
707000 2438 489.781 966.45 1.911 3.9952 
708000 2439 498.565 968.825 1.912 4.079 
709000 2440 498.934 971.098 1.921 4.0814 
710000 2441 508.815 973.615 1.928 4.1764 
711000 2443 520.137 977.753 1.953 4.2768 
712000 2446 509.532 983.0 1.931 4.179 
713000 2448 503.442 987.92 1.946 4.1213 
714000 2449 513.373 989.487 1.933 4.2138 
715000 2451 521.1 992.76 1.96 4.302 
716000 2454 510.006 1000.678 1.995 4.2081 
717000 2456 505.971 1006.99 2.015 4.1714 
718000 2458 508.874 1011.188 2.038 4.1877 
719000 2460 500.77 1017.398 2.059 4.1149 
720000 2463 493.411 1025.072 2.093 4.0442 
721000 2465 491.443 1030.11 2.105 4.0249 
722000 2467 492.711 1035.454 2.12 4.0351 
723000 2469 494.107 1041.062 2.151 4.0395 
724000 2471 495.45 1046.285 2.165 4.048 
725000 2475 481.772 1054.942 2.2 3.9299 
726000 2477 478.707 1061.766 2.219 3.9016 
727000 2480 473.607 1068.428 2.248 3.8605 
728000 2482 470.89 1075.092 2.264 3.8342 
729000 2485 461.699 1080.749 2.235 3.7531 
730000 2488 452.645 1086.173 2.211 3.6732 
731000 2490 450.66 1088.621 2.179 3.6525 
732000 2491 461.647 1090.131 2.157 3.7494 
733000 2494 464.439 1093.876 2.135 3.7697 
734000 2496 462.876 1100.154 2.154 3.7548 
735000 2499 454.935 1108.149 2.183 3.6862 
