10000 57 122.644 441.0 5.468 0.1952 72.8303 
20000 117 152.245 873.0 6.508 0.8318 76.8052 
30000 179 162.464 1231.0 6.194 1.6524 71.7195 
40000 238 168.169 1695.0 7.487 1.915 84.6546 
50000 294 176.055 2130.0 7.646 2.0673 88.7303 
60000 358 161.038 2551.0 6.736 1.9048 77.2629 
70000 420 161.396 3081.0 8.049 1.9302 96.2093 
80000 483 161.301 3514.0 7.291 1.9267 96.4636 
90000 542 165.464 3987.0 7.821 1.9776 93.9907 
100000 606 159.445 4447.0 7.348 1.8946 86.3904 
110000 665 166.318 4953.0 8.38 1.9651 94.5304 
120000 729 159.142 5446.0 7.91 1.8882 88.5752 
130000 790 162.961 5918.0 7.815 1.9315 88.2625 
140000 840 189.539 6435.0 9.689 2.2564 127.9283 
150000 901 170.511 6972.0 9.037 2.0331 108.1081 
160000 963 165.132 7493.0 8.714 1.9649 113.1872 
170000 1023 165.693 8031.0 8.919 1.9756 106.442 
180000 1085 162.951 8581.0 8.817 1.9292 102.7126 
190000 1137 182.505 9139.0 10.081 2.1684 124.1274 
200000 1195 177.927 9678.0 9.561 2.1207 114.2251 
210000 1251 177.176 10202.0 9.396 2.1092 112.2997 
220000 1313 168.401 10737.0 8.845 1.9904 101.0759 
230000 1371 173.224 11242.0 9.049 2.0445 109.115 
240000 1426 176.875 11732.0 9.014 2.0933 133.5614 
250000 1485 169.473 12286.0 9.073 2.0069 131.4772 
260000 1545 164.744 12844.0 9.111 1.9616 112.2713 
270000 1599 178.89 13365.0 9.372 2.1225 117.9492 
280000 1655 177.401 13944.0 10.048 2.1006 115.902 
290000 1714 175.627 14475.0 9.603 2.0877 108.5017 
300000 1771 177.324 15049.0 9.922 2.103 109.3215 
310000 1822 189.2 15659.0 11.162 2.2484 136.4328 
320000 1873 194.388 16277.0 11.74 2.3075 149.7717 
330000 1930 181.761 16902.0 11.288 2.1558 134.0366 
340000 1984 182.568 17506.0 11.118 2.1529 133.9234 
350000 2035 191.878 18127.0 11.918 2.2816 150.3142 
360000 2090 187.326 18724.0 11.489 2.1418 144.3159 
370000 2144 182.888 19320.0 11.093 2.1539 131.4449 
380000 2196 193.018 19953.0 11.926 2.2939 140.6966 
390000 2247 193.83 20620.0 12.69 2.3141 158.8131 
400000 2297 197.522 21281.0 13.169 2.3567 169.5054 
410000 2351 187.269 21955.0 12.591 2.2357 154.815 
420000 2399 200.639 22669.0 14.185 2.3907 175.7902 
430000 2450 195.519 23316.0 13.017 2.3371 158.0221 
440000 2502 195.516 24006.0 13.449 2.3369 199.0733 
450000 2553 199.17 24723.0 14.041 2.3802 185.5285 
460000 2604 199.661 25385.0 13.733 2.3884 201.976 
470000 2649 211.435 26152.0 15.252 2.5267 217.9122 
480000 2691 222.71 26968.0 17.147 2.6609 235.3306 
490000 2743 203.285 27736.0 15.592 2.4325 214.7794 
500000 2796 191.57 28375.0 13.101 2.2915 204.0821 
510000 2844 205.104 29061.0 14.131 2.4509 231.8876 
520000 2894 202.501 29739.0 13.915 2.4233 201.9189 
530000 2938 216.879 30462.0 15.43 2.5581 227.1899 
540000 2981 225.843 31213.0 16.719 2.6928 271.5877 
550000 3027 224.004 32012.0 17.2 2.6785 247.7619 
560000 3074 218.554 32794.0 17.184 2.6162 250.9428 
570000 3117 227.811 33577.0 17.892 2.728 272.1458 
580000 3166 208.843 34369.0 16.286 2.4996 226.1822 
590000 3212 210.716 35177.0 16.769 2.5221 233.1235 
600000 3259 215.629 35997.0 17.282 2.5788 235.7345 
610000 3306 214.316 36803.0 17.223 2.5664 248.6964 
620000 3351 220.992 37577.0 17.484 2.6466 270.3915 
630000 3397 219.774 38349.0 17.05 2.6343 265.8964 
640000 3442 222.085 39162.0 17.356 2.6584 263.787 
650000 3486 223.853 40000.0 18.416 2.6788 268.5487 
660000 3528 232.141 40807.0 18.684 2.7759 267.5546 
670000 3574 224.349 41599.0 17.79 2.6863 246.1613 
680000 3618 222.497 42447.0 18.035 2.662 253.3081 
690000 3663 228.165 43295.0 19.228 2.7257 269.4778 
700000 3705 228.959 44131.0 18.876 2.7393 275.1312 
710000 3750 228.462 44952.0 18.849 2.733 302.3597 
720000 3797 220.506 45804.0 18.452 2.6408 267.4727 
730000 3846 207.136 46650.0 17.27 2.4809 235.7219 
740000 3893 212.876 47466.0 17.634 2.5463 236.8348 
750000 3935 221.144 48346.0 18.869 2.6468 261.8677 
760000 3979 228.037 49209.0 19.722 2.7243 325.3996 
770000 4025 219.683 50007.0 18.303 2.6255 255.0349 
780000 4068 229.62 50827.0 18.689 2.7444 284.4926 
790000 4112 228.536 51708.0 19.796 2.7304 280.9882 
800000 4155 223.459 52581.0 19.048 2.6698 271.7506 
810000 4196 236.921 53481.0 21.335 2.8369 309.3162 
820000 4239 236.422 54276.0 19.773 2.8286 272.6763 
830000 4276 254.128 55109.0 20.951 3.0414 305.6206 
840000 4318 246.355 55949.0 20.495 2.9437 302.0673 
850000 4356 257.478 56818.0 22.065 3.0756 356.9346 
860000 4393 261.26 57824.0 24.431 3.1219 378.8842 
870000 4434 251.19 58728.0 23.132 2.9982 346.267 
880000 4470 258.858 59607.0 22.874 3.0903 370.5501 
890000 4512 254.786 60514.0 22.772 3.0388 332.7719 
900000 4553 248.988 61389.0 22.068 2.9735 345.6415 
910000 4595 242.571 62329.0 22.061 2.8996 351.7161 
920000 4638 233.512 63242.0 21.383 2.7808 318.4604 
930000 4677 244.559 64131.0 21.944 2.9225 315.4342 
940000 4716 250.086 65056.0 22.52 2.9887 305.2849 
950000 4755 253.44 65959.0 23.073 3.0314 318.9032 
960000 4797 243.864 66902.0 22.68 2.9122 311.0765 
970000 4837 249.034 67874.0 23.824 2.9718 377.3641 
980000 4876 253.189 68905.0 25.11 3.0238 388.1289 
990000 4919 241.823 69814.0 22.701 2.8848 355.433 
1000000 4957 248.22 70841.0 24.55 2.9647 355.5082 
1010000 4998 244.678 71880.0 25.304 2.9241 448.4773 
1020000 5039 239.211 72936.0 24.868 2.8559 401.818 
1030000 5081 239.742 73992.0 24.998 2.8633 361.6143 
1040000 5121 243.302 75050.0 25.508 2.908 348.5024 
1050000 5162 243.866 76013.0 24.734 2.909 344.1126 
1060000 5201 250.768 77083.0 26.196 2.9914 414.1874 
1070000 5242 238.88 78206.0 25.848 2.8502 441.1709 
1080000 5278 258.908 79279.0 28.008 3.0951 476.9592 
1090000 5314 265.522 80375.0 28.893 3.1726 515.3126 
1100000 5355 251.842 81391.0 26.258 3.0096 465.281 
1110000 5399 241.147 82506.0 26.223 2.8775 390.0562 
1120000 5437 252.33 83588.0 27.338 3.0128 378.4766 
1130000 5475 251.992 84689.0 27.299 3.0106 421.9245 
1140000 5512 257.256 85689.0 27.235 3.0692 429.0442 
1150000 5551 258.947 86858.0 28.824 3.0858 506.3577 
1160000 5589 259.796 87945.0 28.415 3.0993 567.6248 
1170000 5625 267.252 89067.0 29.781 3.1896 592.4658 
1180000 5665 260.043 90162.0 28.707 3.1082 550.8586 
1190000 5704 263.334 91264.0 29.188 3.1418 608.1916 
1200000 5739 273.242 92259.0 28.602 3.2672 571.8735 
1210000 5781 253.044 93376.0 27.165 3.0193 475.9652 
1220000 5820 253.485 94456.0 27.186 3.0269 466.7122 
1230000 5861 246.158 95555.0 26.645 2.9369 434.7549 
1240000 5901 246.451 96598.0 25.919 2.9423 390.3656 
1250000 5944 240.987 97641.0 25.352 2.877 349.4969 
1260000 5987 234.751 98773.0 25.957 2.8037 361.211 
1270000 6030 233.313 99946.0 26.348 2.7876 357.0551 
1280000 6071 242.062 101036.0 26.828 2.8863 399.8846 
1290000 6112 244.856 102113.0 26.65 2.9173 404.4634 
1300000 6150 250.579 103179.0 27.039 2.9878 432.5205 
1310000 6188 254.753 104267.0 27.687 3.0386 421.9456 
1320000 6228 250.317 105373.0 27.2 2.9877 403.4246 
1330000 6268 251.184 106439.0 26.733 2.9943 406.7957 
1340000 6310 242.416 107515.0 25.966 2.8956 375.5231 
1350000 6349 250.004 108572.0 26.59 2.987 462.1548 
1360000 6393 233.078 109599.0 24.271 2.7797 394.2719 
1370000 6436 233.946 110626.0 24.135 2.7955 361.0729 
1380000 6476 242.851 111599.0 24.3 2.8981 347.0544 
1390000 6519 231.465 112515.0 21.931 2.7589 308.7073 
1400000 6558 243.145 113493.0 23.212 2.9036 332.738 
1410000 6600 239.165 114513.0 23.649 2.8519 369.1146 
1420000 6643 233.68 115536.0 23.839 2.7879 361.3471 
1430000 6679 257.667 116564.0 26.266 3.0787 382.2617 
1440000 6716 263.931 117531.0 26.736 3.1522 415.7541 
1450000 6756 252.394 118549.0 25.394 3.0102 384.0267 
1460000 6798 242.753 119507.0 23.802 2.8944 370.1704 
1470000 6836 253.715 120526.0 25.532 3.0296 379.5599 
1480000 6877 246.134 121565.0 25.005 2.9383 399.3497 
1490000 6914 259.695 122578.0 26.493 3.0977 424.0405 
1500000 6951 261.833 123633.0 26.817 3.1273 444.1523 
1510000 6991 259.133 124681.0 26.875 3.0903 433.107 
1520000 7026 271.197 125756.0 28.513 3.2289 434.785 
1530000 7066 261.818 126764.0 26.901 3.1177 441.2338 
1540000 7101 269.745 127750.0 27.086 3.217 474.1706 
1550000 7138 271.987 128707.0 26.613 3.2389 427.0403 
1560000 7174 277.142 129608.0 25.988 3.2976 417.7313 
1570000 7212 268.268 130490.0 24.352 3.1911 417.5854 
1580000 7250 267.374 131374.0 23.976 3.188 414.0331 
1590000 7285 277.741 132314.0 25.916 3.3155 426.155 
1600000 7320 281.033 133276.0 26.435 3.3495 402.9025 
1610000 7357 276.719 134231.0 26.283 3.3066 389.688 
1620000 7395 266.613 135171.0 24.774 3.1834 399.331 
1630000 7430 275.532 136185.0 27.079 3.2892 419.1692 
1640000 7464 283.221 137022.0 25.881 3.3753 406.7006 
1650000 7500 276.805 138009.0 25.926 3.3027 424.258 
1660000 7534 286.814 138890.0 26.191 3.42 469.1402 
1670000 7573 271.871 139917.0 26.301 3.2433 451.022 
1680000 7609 276.695 140976.0 28.262 3.2969 475.2017 
1690000 7645 277.939 142073.0 29.212 3.3089 496.0875 
1700000 7685 265.271 143134.0 28.2 3.1597 507.9866 
1710000 7726 252.153 144114.0 25.653 3.0067 416.2799 
1720000 7765 250.681 145181.0 25.851 2.9858 412.4329 
1730000 7804 259.576 146169.0 26.371 3.0934 407.2731 
1740000 7842 261.099 147113.0 25.405 3.1094 431.3947 
1750000 7881 261.171 148056.0 24.814 3.1117 393.0242 
1760000 7917 269.777 148995.0 25.321 3.2178 366.2292 
1770000 7956 258.918 149934.0 24.522 3.0933 354.4427 
1780000 7995 258.086 150965.0 25.355 3.0817 355.1635 
1790000 8035 246.082 151882.0 23.275 2.9389 368.5369 
1800000 8079 237.122 152954.0 24.104 2.828 369.0895 
1810000 8115 253.785 153947.0 25.266 3.0292 402.0863 
1820000 8156 252.599 154944.0 25.19 3.0063 394.3776 
1830000 8194 256.684 155982.0 26.245 3.0597 414.977 
1840000 8236 246.666 156981.0 25.296 2.9392 397.0555 
1850000 8277 246.664 157980.0 24.984 2.9395 388.4816 
1860000 8318 244.362 158964.0 24.639 2.9145 407.1264 
1870000 8358 245.203 159860.0 23.128 2.9212 344.8907 
1880000 8397 251.849 160893.0 24.517 3.0046 350.6505 
1890000 8439 243.758 161941.0 24.938 2.9063 352.8507 
1900000 8481 237.251 163057.0 25.366 2.8263 366.4977 
1910000 8523 235.351 164093.0 24.458 2.8067 358.3997 
1920000 8560 260.156 165057.0 25.886 3.1017 383.8283 
1930000 8599 259.389 166127.0 27.225 3.0915 384.4332 
1940000 8646 229.336 167169.0 23.685 2.7305 325.418 
1950000 8688 234.467 168240.0 24.896 2.7939 362.0357 
1960000 8732 230.309 169280.0 23.934 2.7437 359.1388 
1970000 8772 237.881 170297.0 24.218 2.8368 339.0375 
1980000 8813 237.04 171328.0 24.441 2.8226 343.8564 
1990000 8854 242.46 172274.0 23.998 2.8921 348.9975 
2000000 8895 242.814 173320.0 24.458 2.8912 350.7816 
2010000 8937 240.857 174351.0 24.777 2.8706 363.697 
2020000 8977 245.244 175373.0 24.802 2.9192 345.9732 
2030000 9018 244.238 176374.0 24.404 2.9074 332.6058 
2040000 9062 235.684 177426.0 24.117 2.8095 310.4609 
2050000 9103 239.09 178410.0 24.145 2.8492 323.5604 
2060000 9146 233.165 179423.0 23.705 2.778 321.3175 
2070000 9188 234.309 180392.0 23.334 2.7833 306.9358 
2080000 9230 239.245 181340.0 22.987 2.8479 314.5805 
2090000 9270 239.603 182249.0 21.936 2.8516 313.1684 
2100000 9312 238.671 183137.0 21.818 2.8364 312.8679 
2110000 9354 235.966 184046.0 21.284 2.8076 304.1399 
2120000 9396 237.866 184982.0 21.85 2.8324 322.4563 
2130000 9435 251.856 185895.0 22.998 3.0016 344.1825 
2140000 9477 243.638 186847.0 22.526 2.9032 312.7102 
2150000 9516 245.539 187712.0 21.518 2.9209 292.8401 
2160000 9559 244.319 188688.0 23.002 2.9043 343.6524 
2170000 9602 237.963 189627.0 22.458 2.8325 334.4012 
2180000 9643 241.109 190615.0 23.363 2.8507 360.2225 
2190000 9678 264.022 191475.0 24.185 3.1096 371.3978 
2200000 9714 263.534 192391.0 23.897 3.093 367.341 
2210000 9753 259.313 193202.0 22.321 3.0429 411.3385 
2220000 9793 254.278 194116.0 22.34 2.982 385.832 
2230000 9835 245.551 195072.0 22.993 2.8759 357.9671 
2240000 9879 239.214 195993.0 21.975 2.8005 331.0203 
2250000 9918 244.742 196940.0 22.343 2.8689 323.1414 
2260000 9960 240.133 197955.0 23.256 2.8215 348.2942 
2270000 9995 261.938 198900.0 25.045 3.0763 360.2546 
2280000 10035 256.065 199950.0 25.864 3.006 388.795 
2290000 10072 260.302 200930.0 26.158 3.0565 382.9907 
2300000 10110 261.014 201993.0 27.086 3.0658 415.918 
2310000 10147 263.104 203040.0 27.347 3.0901 425.4192 
2320000 10187 260.978 204101.0 27.337 3.059 394.5455 
2330000 10227 253.109 205137.0 25.975 2.9715 398.0224 
2340000 10271 237.761 206206.0 25.087 2.7853 384.1813 
2350000 10310 247.479 207171.0 25.002 2.9027 381.6168 
2360000 10349 250.935 208144.0 24.902 2.9417 451.1912 
2370000 10388 255.172 209164.0 25.847 2.9914 447.0103 
2380000 10429 248.721 210121.0 24.415 2.9176 421.2912 
2390000 10470 242.759 211053.0 22.992 2.8493 370.9024 
2400000 10512 235.477 211972.0 21.824 2.7633 330.3423 
2410000 10547 261.686 212875.0 23.941 3.0697 372.9086 
2420000 10582 276.324 213839.0 26.121 3.2398 415.767 
2430000 10620 265.052 214825.0 25.555 3.1132 392.9623 
2440000 10661 256.929 215811.0 25.356 3.0102 376.4393 
2450000 10700 257.625 216738.0 24.581 3.0261 361.3796 
2460000 10737 265.028 217625.0 24.064 3.1132 374.3971 
2470000 10773 269.511 218652.0 25.939 3.1601 422.9261 
2480000 10812 262.032 219624.0 25.291 3.0777 461.4758 
2490000 10852 256.327 220716.0 26.812 3.0079 446.0772 
2500000 10887 270.883 221623.0 26.31 3.1798 419.1627 
2510000 10925 266.945 222626.0 26.346 3.1337 427.3773 
2520000 10959 276.507 223613.0 26.82 3.2451 437.4334 
2530000 10995 281.091 224636.0 27.881 3.2968 457.7631 
2540000 11033 270.935 225728.0 28.642 3.1808 458.1001 
2550000 11073 258.486 226831.0 27.597 3.0272 460.9988 
2560000 11112 258.571 227846.0 26.969 3.0288 445.9039 
2570000 11151 251.616 228868.0 25.172 2.9545 416.0868 
2580000 11189 259.248 229796.0 25.331 3.0444 434.3979 
2590000 11229 256.055 230887.0 26.669 3.0068 481.5205 
2600000 11265 263.547 231939.0 27.466 3.0898 475.8905 
2610000 11303 261.329 232946.0 27.077 3.0676 445.3829 
2620000 11340 261.952 233986.0 26.685 3.0753 463.5651 
2630000 11379 257.743 235003.0 26.334 3.0296 437.7957 
2640000 11417 265.141 236011.0 27.048 3.1139 477.5279 
2650000 11452 270.731 236973.0 26.95 3.1803 528.6897 
2660000 11493 260.528 237897.0 24.848 3.06 469.4485 
2670000 11534 252.025 238893.0 24.515 2.9611 424.0727 
2680000 11571 258.071 239959.0 26.138 3.0266 423.4526 
2690000 11611 258.898 240860.0 25.163 3.0449 375.7528 
2700000 11649 260.246 241806.0 25.002 3.0544 384.4523 
2710000 11691 245.281 242786.0 23.859 2.8789 359.4885 
2720000 11725 265.572 243787.0 26.124 3.114 377.9241 
2730000 11762 271.901 244767.0 26.753 3.1968 398.7752 
2740000 11800 268.48 245764.0 26.649 3.1521 387.5747 
2750000 11837 270.033 246749.0 26.489 3.1702 378.3784 
2760000 11875 266.476 247666.0 25.266 3.1287 355.7394 
2770000 11916 249.105 248610.0 23.156 2.9199 349.4839 
2780000 11956 254.139 249588.0 24.666 2.9815 359.6707 
2790000 11997 247.014 250574.0 24.304 2.8978 353.56 
2800000 12036 248.123 251606.0 24.547 2.912 388.668 
2810000 12075 255.97 252495.0 24.16 3.0045 358.5995 
2820000 12111 260.331 253571.0 26.167 3.06 368.0087 
2830000 12144 278.209 254595.0 28.231 3.2713 427.3596 
2840000 12183 267.177 255602.0 26.996 3.1371 416.7803 
2850000 12219 270.571 256630.0 27.487 3.1763 398.6479 
