100 0 0.0 -8.438 0.0 0.0 
200 1 14.4 -31.581 -2.769 0.0097 
300 2 26.06 -29.73 -2.451 0.0176 
400 3 32.754 -31.316 -2.449 0.0216 
500 4 36.879 -43.981 -2.005 0.0242 
600 5 41.991 -70.799 -4.672 0.0272 
700 6 47.192 -94.861 -7.05 0.0304 
800 7 58.872 -114.224 -9.07 0.0387 
900 8 62.585 -137.148 -10.454 0.0412 
1000 9 66.627 -143.232 -10.06 0.0437 
1100 10 69.864 -159.71 -10.913 0.0454 
1200 11 70.178 -170.118 -10.731 0.0456 
1300 12 71.06 -177.664 -10.033 0.0462 
1400 13 75.854 -187.318 -9.991 0.0495 
1500 14 79.069 -214.73 -12.131 0.0515 
1600 15 78.162 -217.089 -11.103 0.0511 
1700 16 81.045 -215.777 -9.811 0.053 
1800 17 79.841 -239.427 -9.351 0.0521 
1900 19 81.011 -251.022 -10.274 0.0529 
2000 20 80.81 -256.641 -9.831 0.0525 
2100 21 82.629 -261.164 -9.026 0.054 
2200 22 86.766 -272.932 -9.631 0.0571 
2300 22 86.766 -297.671 -9.631 0.0571 
2400 24 87.321 -300.395 -10.393 0.0575 
2500 25 89.089 -318.334 -10.717 0.0592 
2600 26 87.48 -334.745 -10.983 0.058 
2700 27 88.232 -348.972 -11.917 0.0582 
2800 28 93.809 -346.589 -10.639 0.0618 
2900 29 94.328 -348.944 -9.797 0.062 
3000 30 95.695 -353.654 -9.268 0.0624 
3100 30 95.695 -359.191 -9.268 0.0624 
3200 31 100.025 -355.212 -8.69 0.0656 
3300 33 95.301 -364.937 -7.785 0.0624 
3400 34 92.171 -370.179 -7.085 0.0604 
3500 35 89.953 -378.845 -7.172 0.0593 
3600 36 95.158 -378.766 -6.445 0.063 
3700 37 95.142 -384.127 -6.441 0.0632 
3800 38 95.128 -396.975 -7.331 0.0633 
3900 40 90.004 -406.723 -7.13 0.0595 
4000 41 92.403 -431.822 -8.914 0.0612 
4100 42 90.263 -433.991 -8.041 0.0596 
4200 43 92.437 -444.464 -8.446 0.0722 
4300 44 94.193 -447.285 -7.874 0.0857 
4400 45 91.674 -449.273 -7.346 0.0901 
4500 45 91.674 -458.186 -7.346 0.0901 
4600 46 97.506 -459.611 -7.635 0.1103 
4700 47 99.356 -467.408 -6.901 0.1209 
4800 48 100.12 -472.671 -7.297 0.1286 
4900 49 100.008 -480.811 -6.808 0.1336 
5000 50 103.507 -510.144 -9.905 0.1458 
5100 51 101.957 -526.707 -9.168 0.1478 
5200 52 100.061 -547.107 -11.328 0.1493 
5300 53 98.455 -547.146 -10.545 0.1499 
5400 54 97.209 -546.922 -9.364 0.1513 
5500 55 97.288 -555.208 -8.382 0.1546 
5600 56 101.46 -556.029 -8.404 0.1659 
5700 57 100.714 -561.406 -7.673 0.1673 
5800 58 105.542 -602.776 -11.605 0.1802 
5900 59 103.288 -629.107 -12.335 0.1776 
6000 60 101.959 -650.699 -13.962 0.1768 
6100 61 105.163 -653.066 -12.796 0.1856 
6200 62 103.247 -660.152 -12.166 0.1836 
6300 63 99.622 -672.276 -11.257 0.1782 
6400 64 96.56 -683.988 -11.884 0.1737 
6500 66 95.114 -684.301 -10.082 0.173 
6600 67 92.702 -700.149 -10.626 0.1694 
6700 67 92.702 -722.054 -10.626 0.1694 
6800 69 96.079 -757.986 -14.08 0.1781 
6900 70 94.271 -762.361 -12.826 0.1754 
7000 71 95.944 -794.499 -14.966 0.1795 
7100 72 97.749 -794.666 -13.689 0.1831 
7200 73 96.075 -813.782 -13.964 0.1802 
7300 74 95.667 -818.392 -13.107 0.182 
7400 75 94.7 -824.405 -12.16 0.1807 
7500 76 96.03 -842.633 -13.082 0.183 
7600 77 94.827 -849.589 -11.767 0.1814 
7700 78 95.345 -863.589 -12.147 0.182 
7800 79 98.71 -870.777 -12.231 0.1893 
7900 80 98.639 -876.216 -11.154 0.191 
8000 81 98.575 -886.918 -11.408 0.1906 
8100 82 95.718 -888.81 -10.338 0.1857 
8200 83 97.646 -887.924 -9.562 0.1893 
8300 84 95.681 -889.905 -8.462 2.5973 
8400 85 102.413 -885.424 -7.399 11.8319 
8500 85 102.413 -906.56 -7.399 11.8319 
8600 86 104.272 -923.745 -9.554 17.6871 
8700 87 108.345 -925.642 -9.615 24.3355 
8800 88 107.91 -923.496 -8.635 27.9638 
8900 88 107.91 -922.123 -8.635 27.9638 
9000 89 113.119 -918.779 -7.26 34.4491 
9100 90 115.407 -934.643 -7.96 38.9152 
9200 91 114.567 -938.257 -7.536 41.2675 
9300 91 114.567 -947.728 -7.536 41.2675 
9400 92 117.21 -955.254 -8.32 45.3464 
9500 93 119.389 -957.375 -7.8 48.9435 
9600 94 122.25 -961.894 -7.646 52.6977 
9700 94 122.25 -964.149 -7.646 52.6977 
9800 95 124.825 -971.701 -7.784 56.0664 
9900 96 120.643 -975.662 -7.38 55.3083 
10000 97 119.478 -986.426 -7.668 56.1673 
10100 98 117.53 -993.536 -7.603 56.4088 
10200 99 118.477 -1009.009 -8.403 58.1833 
10300 100 118.53 -1006.709 -7.489 59.3287 
10400 101 117.877 -1013.965 -7.457 59.9507 
10500 101 117.877 -1012.211 -7.457 59.9507 
10600 102 121.789 -1013.0 -6.506 63.1323 
10700 103 122.91 -1026.178 -7.23 64.5886 
10800 104 120.519 -1024.909 -6.476 64.0944 
10900 105 117.467 -1018.634 -5.332 63.0572 
11000 106 117.92 -1038.819 -6.627 63.9948 
11100 106 117.92 -1039.247 -6.627 63.9948 
11200 107 118.328 -1039.941 -5.944 64.8501 
11300 108 120.196 -1045.276 -5.61 66.5067 
11400 108 120.196 -1043.239 -5.61 66.5067 
11500 109 125.576 -1033.285 -4.922 70.27 
11600 110 124.318 -1032.373 -3.364 69.9771 
11700 111 127.487 -1029.435 -3.077 72.2607 
11800 111 127.487 -1022.567 -3.077 72.2607 
11900 112 127.838 -1022.472 -1.605 72.8469 
12000 113 124.854 -1023.688 -1.995 71.4163 
12100 113 124.854 -1029.788 -1.995 71.4163 
12200 114 133.569 -1024.904 -1.952 76.9546 
12300 115 134.412 -1044.398 -3.706 77.7563 
12400 115 134.412 -1044.851 -3.706 77.7563 
12500 116 140.171 -1047.378 -3.533 81.5045 
12600 117 137.954 -1071.028 -5.687 80.3928 
12700 117 137.954 -1076.37 -5.687 80.3928 
12800 118 136.858 -1081.285 -5.536 79.9359 
12900 119 132.272 -1085.658 -5.63 77.3384 
13000 120 132.845 -1083.11 -5.498 78.9373 
13100 120 132.845 -1079.806 -5.498 78.9373 
13200 121 139.861 -1083.732 -4.584 83.0061 
13300 121 139.861 -1083.825 -4.584 83.0061 
13400 122 143.475 -1085.118 -3.984 85.0874 
13500 123 140.827 -1089.506 -4.481 83.4857 
13600 124 141.844 -1105.23 -5.514 84.029 
13700 124 141.844 -1111.138 -5.514 84.029 
13800 125 143.16 -1113.042 -5.665 84.7441 
13900 126 141.844 -1109.271 -4.822 83.8997 
14000 126 141.844 -1111.808 -4.822 83.8997 
14100 127 145.26 -1099.907 -3.799 85.8465 
14200 127 145.26 -1096.583 -3.799 85.8465 
14300 127 145.26 -1097.716 -3.799 85.8465 
14400 127 145.26 -1098.061 -3.799 85.8465 
14500 127 145.26 -1100.863 -3.799 85.8465 
