10000 624 16.458 -1707.685 -2.639 0.0135 
20000 1212 18.491 -2789.988 1.295 0.0705 
30000 1726 18.129 -1095.051 3.049 0.07 
40000 2274 18.297 1358.757 4.639 0.0708 
50000 2741 22.66 4178.424 7.024 0.0878 
60000 3175 23.846 7589.79 9.387 0.093 
70000 3588 25.347 11193.041 9.31 0.0993 
80000 3956 27.748 15026.014 10.74 0.1075 
90000 4313 28.13 19618.704 13.052 0.1109 
100000 4669 30.642 24081.639 14.272 0.1204 
110000 5008 30.855 28763.207 15.948 0.1202 
120000 5333 30.974 33889.519 16.355 0.1206 
130000 5616 36.863 38916.307 19.176 0.1432 
140000 5852 42.68 44602.602 24.468 0.1677 
150000 6084 41.398 50786.658 26.184 0.1626 
160000 6330 38.738 57116.983 24.355 0.1524 
170000 6583 36.94 63657.673 24.531 0.1452 
180000 6830 41.68 69836.261 27.112 0.1629 
190000 7058 41.283 75926.417 24.223 0.1621 
200000 7290 42.397 82167.566 26.985 0.1666 
210000 7535 42.163 88857.217 29.719 0.1656 
220000 7752 48.792 95376.693 32.047 0.1916 
230000 7980 44.123 101720.453 27.578 0.1737 
240000 8227 42.643 108562.737 31.818 0.1697 
250000 8455 45.501 115935.659 32.862 0.1776 
260000 8685 48.032 123368.69 34.41 0.1892 
270000 8913 46.191 131181.923 37.23 0.1818 
280000 9130 44.885 139462.369 37.295 0.1767 
290000 9355 42.732 147725.821 35.826 0.1666 
300000 9584 41.983 156145.1 34.879 0.1638 
310000 9804 45.68 164221.148 35.934 0.1788 
320000 10029 44.206 172192.907 35.374 0.1718 
330000 10255 43.328 180165.652 34.643 0.1688 
340000 10478 44.35 188010.098 36.42 0.1728 
350000 10694 43.89 195862.487 34.386 0.1728 
360000 10915 43.995 204051.678 38.225 0.1727 
370000 11148 41.946 212646.143 36.591 0.1649 
380000 11382 42.42 221269.425 35.971 0.1671 
390000 11609 43.712 229698.463 37.214 0.1722 
400000 11849 40.5 238639.079 36.455 0.1594 
410000 12090 42.443 247457.218 37.106 0.1674 
420000 12303 45.14 255963.791 39.304 0.178 
430000 12537 43.101 264336.334 35.933 0.1695 
440000 12775 43.496 273154.451 37.454 0.171 
450000 13005 44.038 282036.752 40.078 0.1718 
460000 13238 42.91 291360.841 40.128 0.1673 
470000 13461 44.814 300947.338 43.219 0.1745 
480000 13684 44.782 310221.797 41.118 0.1744 
490000 13890 46.808 318865.551 40.927 0.1834 
500000 14095 45.827 327594.714 39.76 0.1783 
510000 14311 45.095 336769.587 42.591 0.1754 
520000 14529 46.079 346048.191 43.186 0.1791 
530000 14755 43.914 355541.678 42.247 0.1707 
540000 14970 47.104 365015.67 44.391 0.1846 
550000 15198 43.646 374641.477 43.152 0.1723 
560000 15420 45.734 384284.4 44.015 0.18 
570000 15648 42.631 394262.521 42.821 0.1673 
580000 15891 42.46 404243.678 41.399 0.1671 
590000 16125 43.402 414453.708 44.517 0.1709 
600000 16355 43.993 424746.806 45.285 0.1728 
610000 16576 45.344 435188.558 47.733 0.1782 
620000 16796 44.837 445559.915 46.506 0.1765 
630000 17018 44.183 455921.0 45.447 0.1728 
640000 17241 45.54 466281.436 46.917 0.1773 
650000 17467 44.439 476966.058 47.275 0.1724 
