1000 1 7.98 -284.254 -3.554 0.0918 0.0 
2000 3 24.155 -668.982 -10.331 0.3194 0.0 
3000 4 45.952 -951.247 -16.344 0.5992 0.0 
4000 5 75.073 -1120.094 -21.234 1.0356 0.0 
5000 6 87.592 -1401.422 -25.374 1.2184 0.0 
6000 6 87.592 -1571.736 -25.374 1.2184 0.0 
7000 8 129.702 -1861.197 -34.382 2.0083 0.0 
8000 9 135.968 -2113.377 -37.462 2.1399 0.0 
9000 10 149.589 -2407.998 -41.025 2.4747 0.0 
10000 11 176.637 -2585.398 -45.944 3.0303 0.0 
11000 12 184.084 -2880.611 -48.916 3.1734 0.0 
12000 13 197.503 -3165.678 -53.276 3.4791 0.0 
13000 14 223.593 -3354.739 -57.924 3.9793 0.0 
14000 15 231.061 -3644.524 -60.93 4.1622 0.0 
15000 16 253.579 -3937.156 -66.903 4.7024 0.0 
16000 17 278.548 -4132.593 -71.41 5.1941 0.0 
17000 18 278.677 -4395.208 -72.634 5.2276 0.0 
18000 23 272.284 -5094.208 -79.045 6.2151 0.0 
19000 24 296.879 -5294.208 -83.472 8.2644 0.0 
20000 25 312.321 -5582.508 -88.074 9.631 0.0 
21000 25 312.321 -5721.818 -88.074 9.631 0.0 
22000 27 322.326 -6084.448 -91.343 10.885 0.0 
23000 30 327.185 -6524.479 -95.053 12.0545 0.0 
24000 31 350.681 -6719.394 -99.068 14.0974 0.0 
25000 34 352.291 -7168.172 -103.406 14.9854 0.0 
26000 38 328.657 -7623.925 -100.41 14.1879 0.0 
27000 39 352.124 -7812.471 -103.991 16.2377 0.0 
28000 39 352.124 -7939.602 -103.991 16.2377 0.0 
29000 40 375.121 -8126.268 -106.199 18.2919 0.0 
30000 41 397.659 -8318.093 -109.98 20.2202 0.0 
31000 41 397.659 -8516.201 -109.98 20.2202 0.0 
32000 42 419.746 -8669.521 -113.587 22.1227 0.0 
33000 43 441.391 -8850.22 -116.298 23.9808 0.0 
34000 43 441.391 -9050.22 -116.298 23.9808 0.0 
35000 44 462.603 -9235.477 -119.686 25.831 0.0 
36000 45 474.171 -9518.529 -123.157 26.9225 0.0 
37000 46 494.727 -9659.723 -125.191 28.738 0.0 
38000 49 482.856 -10129.172 -126.555 28.4779 0.0 
39000 50 484.758 -10202.529 -128.313 28.9835 0.0 
40000 51 495.243 -10168.786 -127.126 30.2163 0.0 
41000 54 499.768 -9393.067 -101.812 31.3953 0.0 
42000 67 401.273 -10132.961 -90.461 25.76 0.0 
43000 81 317.183 -11006.051 -83.569 20.8629 0.0 
44000 94 265.04 -11873.849 -79.937 17.9148 0.0 
45000 101 249.576 -12685.352 -84.387 17.1896 0.0 
46000 103 254.838 -13066.986 -87.764 17.7074 0.0 
47000 106 260.925 -13559.0 -92.496 18.3574 0.0 
48000 108 259.668 -13956.134 -94.471 18.3688 0.0 
49000 109 284.514 -14156.134 -98.59 20.3312 0.0 
50000 110 299.644 -14455.934 -102.778 21.5464 0.0 
51000 111 312.891 -14755.734 -106.566 22.6252 0.0 
52000 111 312.891 -14902.756 -106.566 22.6252 0.0 
53000 112 336.673 -15086.013 -109.06 24.4985 0.0 
54000 113 359.98 -15286.013 -112.875 26.3107 0.0 
55000 114 372.78 -15584.644 -116.614 27.3306 0.0 
56000 115 377.065 -15778.012 -118.602 27.7332 0.0 
57000 119 377.189 -16356.224 -120.754 27.9921 0.0 
58000 120 383.425 -16648.112 -122.794 28.5376 0.0 
59000 120 383.425 -16724.362 -122.794 28.5376 0.0 
60000 122 413.181 -17024.162 -126.49 30.9315 0.0 
61000 122 413.181 -17224.162 -126.49 30.9315 0.0 
62000 123 434.957 -17341.88 -129.968 32.626 0.0 
63000 125 447.992 -17629.695 -131.021 33.741 0.0 
64000 127 448.863 -17827.666 -133.474 33.9213 0.0 
65000 128 449.205 -17939.028 -129.144 34.0748 0.0 
66000 129 470.261 -17267.297 -117.592 35.9301 0.0 
67000 132 455.068 -17166.313 -107.959 34.9365 0.0 
68000 135 452.53 -16770.646 -94.097 34.9252 0.0 
69000 142 410.303 -16687.287 -81.704 31.8816 0.0 
70000 144 417.209 -16478.366 -72.624 32.5353 0.0 
71000 147 405.484 -15879.375 -63.186 31.7495 0.0 
72000 154 379.036 -14943.364 -29.479 29.9716 0.0 
73000 157 371.816 -13437.421 -7.013 29.581 0.0 
74000 164 346.029 -12183.578 26.358 27.8081 0.0 
75000 167 342.015 -10257.18 54.722 27.6839 0.0 
76000 170 342.771 -8246.552 93.954 27.9587 0.0 
77000 175 329.486 -6388.416 121.891 27.1123 0.0 
78000 178 328.681 -4004.481 159.009 27.2586 0.0 
79000 181 328.69 -1711.737 194.049 27.4602 0.0 
80000 184 329.185 221.63 221.323 27.6719 0.0 
81000 187 327.369 2760.487 252.331 27.7141 0.0 
82000 191 324.562 5309.367 290.64 27.7109 0.0 
83000 195 317.932 7551.133 309.503 27.3678 0.0 
84000 198 318.465 9786.505 334.237 27.6036 0.0 
85000 201 319.675 12013.905 357.911 27.859 0.0 
86000 204 318.092 14526.182 380.545 27.8383 0.0 
87000 208 317.733 16913.929 409.463 27.9636 0.0 
88000 211 314.425 19283.319 419.721 27.8226 0.0 
89000 214 313.338 21808.974 442.834 27.8623 0.0 
90000 218 312.675 24667.568 471.449 27.943 0.0 
91000 221 311.219 27328.797 491.55 27.941 0.0 
92000 224 312.27 29976.706 510.273 28.1593 0.0 
93000 228 308.991 32209.724 520.796 27.9869 0.0 
94000 231 309.826 34806.678 536.978 28.1539 0.0 
95000 234 310.729 37171.296 552.255 28.3426 0.0 
96000 238 310.027 39830.024 571.115 28.3977 0.0 
97000 241 310.012 42434.686 585.344 28.4722 0.0 
98000 244 310.94 44835.076 597.07 28.6358 0.0 
99000 248 308.653 47000.871 598.417 28.5466 0.0 
100000 251 306.966 49814.158 611.273 28.4593 0.0 
