1000 1 20.0 443.28 8.866 0.0679 0.0 
2000 2 39.6 858.944 17.002 0.1339 0.0 
3000 3 58.808 1302.496 25.533 0.2017 0.0 
4000 6 72.77 1776.618 32.256 0.2537 0.0 
5000 8 89.948 2269.754 40.73 0.348 0.0 
6000 9 108.149 2755.986 49.854 0.4536 0.0 
7000 10 118.606 3229.463 54.86 0.518 0.0 
8000 12 134.947 3733.032 62.838 0.6211 0.0 
9000 14 151.763 4067.875 68.35 0.7304 0.0 
10000 15 168.728 4419.538 74.103 0.8377 0.0 
11000 16 185.354 4919.448 82.382 0.9449 0.0 
12000 18 200.794 5446.166 91.25 1.0519 0.0 
13000 19 202.618 5950.583 92.046 1.0687 0.0 
14000 21 224.574 6422.335 102.993 1.2188 0.0 
15000 22 240.083 6783.567 108.589 1.3242 0.0 
16000 24 254.955 7285.38 116.16 1.4248 0.0 
17000 25 269.856 7646.918 121.384 1.5554 0.0 
18000 26 284.459 7887.588 123.798 1.7333 0.0 
19000 27 298.77 8170.325 127.088 1.9009 0.0 
20000 28 312.794 8455.29 130.107 2.0476 0.0 
21000 29 326.539 8690.558 132.061 2.2009 0.0 
22000 30 340.008 8978.776 135.366 2.3529 0.0 
23000 31 353.208 9290.671 138.524 2.4992 0.0 
24000 32 350.604 9581.494 137.543 2.4918 0.0 
25000 33 363.591 9851.348 140.407 2.6322 0.0 
26000 34 376.32 10147.151 143.145 2.7718 0.0 
27000 45 326.417 10609.367 123.121 2.4591 0.0 
28000 46 339.888 11156.664 131.638 2.601 0.0 
29000 48 346.469 11604.547 135.6 2.6948 0.0 
30000 49 353.839 12118.738 140.726 2.7819 0.0 
31000 50 366.763 12642.938 147.442 2.9172 0.0 
32000 51 379.427 13142.313 155.432 3.049 0.0 
33000 52 391.839 13596.343 162.262 3.1788 0.0 
34000 53 401.702 13981.454 165.84 3.2845 0.0 
35000 54 413.668 14408.356 170.699 3.4094 0.0 
36000 55 425.395 14887.739 176.148 3.5503 0.0 
37000 56 436.887 15430.443 181.973 3.6749 0.0 
38000 57 448.149 15956.002 190.298 3.7942 0.0 
39000 59 450.402 16362.233 191.964 3.8373 0.0 
40000 60 461.394 16839.382 196.605 3.9525 0.0 
41000 68 412.537 17255.042 176.286 3.5542 0.0 
42000 69 424.286 17706.058 181.205 3.6756 0.0 
43000 70 435.801 18131.569 186.98 3.8187 0.0 
44000 71 447.085 18439.129 190.505 3.9337 0.0 
45000 72 458.143 18791.523 193.06 4.0556 0.0 
46000 73 468.98 19158.456 196.132 4.1813 0.0 
47000 74 479.601 19641.288 200.718 4.2911 0.0 
48000 75 490.009 20055.412 205.618 4.3981 0.0 
49000 76 500.208 20475.11 210.349 4.499 0.0 
50000 77 510.204 20934.976 214.219 4.5985 0.0 
51000 78 520.0 21384.503 219.091 4.694 0.0 
52000 79 529.6 21765.506 223.32 4.7865 0.0 
53000 80 539.008 22217.461 226.334 4.8766 0.0 
54000 81 548.228 22721.854 231.37 4.96 0.0 
55000 82 557.263 23227.779 238.091 5.0399 0.0 
56000 83 566.118 23713.761 242.32 5.1182 0.0 
57000 84 574.796 24192.665 246.473 5.1979 0.0 
58000 85 583.3 24635.778 253.808 5.2734 0.0 
59000 86 591.634 25004.946 254.843 5.348 0.0 
60000 87 599.801 25349.738 256.231 5.4232 0.0 
61000 88 607.805 25967.756 261.093 5.4994 0.0 
62000 89 615.649 26549.183 267.398 5.5806 0.0 
63000 90 623.336 27165.386 275.197 5.6651 0.0 
64000 91 630.869 27779.7 281.333 5.737 0.0 
65000 92 638.252 28282.894 286.261 5.8024 0.0 
66000 93 645.487 28889.899 292.201 5.8656 0.0 
67000 94 648.197 29446.965 296.67 5.8879 0.0 
68000 95 655.233 29960.129 301.396 5.9472 0.0 
69000 96 662.129 30496.254 305.332 6.0113 0.0 
70000 100 636.465 31057.286 295.743 5.7735 0.0 
71000 106 587.141 31521.719 273.497 5.3234 0.0 
72000 107 594.218 32012.674 277.256 5.3834 0.0 
73000 109 591.567 32453.376 275.539 5.3554 0.0 
74000 111 586.063 32927.16 272.878 5.3049 0.0 
75000 119 515.798 33391.68 239.875 4.6659 0.0 
76000 127 462.049 33843.195 215.203 4.1781 0.0 
77000 170 207.509 34076.201 93.474 1.8767 0.0 
78000 211 103.801 34329.552 44.024 0.9357 0.0 
79000 217 102.32 34843.009 44.108 0.9212 0.0 
80000 221 114.513 35299.234 50.299 1.0302 0.0 
81000 222 132.222 35740.567 58.106 1.1906 0.0 
82000 223 149.578 36153.817 65.336 1.3484 0.0 
83000 224 166.586 36567.769 72.217 1.5026 0.0 
84000 225 183.255 37027.247 79.236 1.6561 0.0 
85000 226 199.109 37519.348 87.719 1.8064 0.0 
86000 227 215.127 37972.859 95.165 1.9542 0.0 
87000 228 230.825 38467.474 102.571 2.0979 0.0 
88000 229 246.208 38945.68 109.251 2.2359 0.0 
89000 230 261.284 39467.261 118.496 2.3698 0.0 
90000 231 276.058 39831.1 125.355 2.5024 0.0 
91000 232 290.537 40307.069 130.894 2.6329 0.0 
92000 233 304.726 40773.508 137.941 2.7614 0.0 
93000 234 318.632 41313.96 145.212 2.885 0.0 
94000 235 332.259 41838.26 152.399 3.0048 0.0 
95000 236 345.614 42264.876 159.539 3.1217 0.0 
96000 237 358.702 42846.826 167.687 3.2332 0.0 
97000 238 371.528 43439.748 173.284 3.3435 0.0 
98000 239 384.097 44170.761 185.454 3.4502 0.0 
99000 240 396.415 44697.934 192.418 3.5561 0.0 
100000 242 406.997 45336.276 201.253 3.645 0.0 
101000 243 418.857 45937.295 210.055 3.7512 0.0 
102000 244 430.48 46514.547 216.647 3.8543 0.0 
103000 245 441.871 47079.969 223.851 3.9531 0.0 
104000 246 453.033 47686.586 231.535 4.0489 0.0 
105000 247 463.972 48378.784 240.212 4.1414 0.0 
106000 248 474.693 48961.75 247.926 4.2335 0.0 
107000 249 479.079 49556.169 251.312 4.2702 0.0 
108000 251 480.228 50149.017 253.575 4.2775 0.0 
109000 252 490.623 50784.991 260.01 4.3685 0.0 
110000 253 500.811 51224.074 265.416 4.4648 0.0 
111000 254 510.794 51795.421 269.958 4.5539 0.0 
112000 256 511.207 52224.467 269.64 4.557 0.0 
113000 257 520.983 52765.395 273.511 4.6441 0.0 
114000 258 530.563 53332.708 280.715 4.7276 0.0 
115000 259 539.952 54028.291 287.569 4.8104 0.0 
116000 261 541.15 54536.878 288.939 4.8204 0.0 
117000 264 530.316 55126.566 284.293 4.7264 0.0 
118000 265 539.71 55722.019 290.196 4.815 0.0 
119000 266 547.235 56337.217 295.588 4.8815 0.0 
120000 267 556.291 56892.374 300.924 4.9606 0.0 
121000 268 565.165 57454.683 305.395 5.0663 0.0 
122000 269 573.862 57967.184 310.235 5.1462 0.0 
123000 270 582.384 58591.791 316.024 5.2522 0.0 
124000 271 590.737 59125.957 320.7 5.3446 0.0 
125000 272 598.922 59733.737 326.443 5.4327 0.0 
126000 273 596.083 60290.958 325.213 5.4124 0.0 
127000 274 604.162 60918.095 329.659 5.4859 0.0 
128000 275 612.079 61503.538 335.239 5.5558 0.0 
129000 277 620.6 62059.442 341.644 5.6303 0.0 
130000 278 628.188 62578.577 344.822 5.6988 0.0 
131000 279 633.544 63124.827 347.617 5.7476 0.0 
132000 281 631.487 63767.163 348.433 5.7404 0.0 
133000 282 632.257 64407.695 349.737 5.7577 0.0 
134000 283 639.612 64980.496 354.385 5.8486 0.0 
135000 284 646.819 65561.909 359.114 5.9154 0.0 
136000 285 653.883 66209.188 364.483 5.9802 0.0 
137000 286 660.805 66872.45 370.765 6.0445 0.0 
138000 287 667.589 67525.639 376.565 6.1038 0.0 
139000 288 674.237 68150.623 381.693 6.1617 0.0 
140000 289 671.573 68796.562 380.525 6.1387 0.0 
141000 290 678.141 69361.709 385.957 6.1932 0.0 
142000 291 684.578 69936.604 389.653 6.2489 0.0 
143000 294 677.721 70549.054 386.545 6.1773 0.0 
144000 296 664.187 71146.494 378.628 6.051 0.0 
145000 297 670.903 71793.867 384.01 6.1052 0.0 
146000 298 677.485 72412.775 388.9 6.1591 0.0 
147000 299 683.936 73012.202 393.662 6.2125 0.0 
148000 300 690.257 73652.915 397.758 6.2647 0.0 
149000 301 696.452 74281.151 402.541 6.3172 0.0 
150000 302 702.523 74896.036 407.061 6.378 0.0 
151000 303 708.472 75524.978 411.448 6.4292 0.0 
152000 304 714.303 76129.002 415.518 6.4779 0.0 
153000 305 720.017 76717.77 418.851 6.5266 0.0 
154000 306 725.616 77359.967 422.591 6.5736 0.0 
155000 307 731.104 77970.513 426.657 6.6197 0.0 
156000 308 736.482 78577.705 430.921 6.6647 0.0 
157000 309 741.752 79166.247 433.426 6.7104 0.0 
158000 310 746.917 79821.89 437.951 6.7602 0.0 
159000 311 743.439 80458.363 436.62 6.7295 0.0 
160000 312 748.57 81082.172 440.659 6.7744 0.0 
161000 313 753.599 81722.803 444.259 6.8178 0.0 
162000 315 759.556 82338.148 449.272 6.8672 0.0 
163000 316 764.365 82979.666 453.024 6.9103 0.0 
164000 317 753.778 83620.885 446.833 6.8144 0.0 
165000 319 752.968 84249.961 447.584 6.8029 0.0 
166000 325 691.028 84818.711 410.632 6.2465 0.0 
167000 326 688.827 85461.942 409.691 6.2255 0.0 
168000 330 656.524 86053.147 390.761 5.9312 0.0 
169000 333 641.115 86579.572 380.627 5.7911 0.0 
170000 336 621.096 87083.581 367.106 5.6409 0.0 
171000 338 618.601 87623.033 364.793 5.6239 0.0 
172000 340 614.727 88211.047 362.144 5.5889 0.0 
173000 341 622.433 88776.251 366.104 5.6607 0.0 
174000 342 612.784 89333.331 360.52 5.5738 0.0 
175000 343 620.528 89883.298 364.306 5.6478 0.0 
176000 344 628.118 90427.52 367.993 5.7148 0.0 
177000 346 629.024 90971.694 367.045 5.7193 0.0 
178000 347 636.444 91536.648 370.868 5.7833 0.0 
179000 348 640.315 92160.689 372.679 5.8169 0.0 
180000 349 647.509 92804.805 378.384 5.8788 0.0 
181000 350 654.558 93428.949 383.624 5.94 0.0 
182000 351 661.467 94034.613 388.379 6.0053 0.0 
183000 352 668.238 94680.101 392.681 6.0714 0.0 
184000 353 674.873 95245.689 397.426 6.1326 0.0 
185000 354 681.376 95753.872 400.764 6.1931 0.0 
186000 355 687.748 96392.364 402.978 6.2511 0.0 
187000 356 693.993 97071.462 408.234 6.3071 0.0 
188000 357 700.113 97685.86 413.505 6.3604 0.0 
189000 358 706.111 98206.271 417.418 6.4096 0.0 
190000 359 711.989 98662.192 418.579 6.4597 0.0 
191000 361 719.414 99289.045 422.011 6.5343 0.0 
192000 362 725.026 99929.596 426.436 6.583 0.0 
193000 363 729.265 100539.224 429.306 6.6176 0.0 
194000 364 734.68 101182.92 433.479 6.6617 0.0 
195000 365 736.846 101819.159 435.493 6.6812 0.0 
196000 367 727.745 102467.281 431.217 6.5944 0.0 
197000 368 733.19 103143.22 435.947 6.6408 0.0 
198000 369 738.527 103768.61 440.108 6.6919 0.0 
199000 370 743.756 104449.255 444.372 6.7404 0.0 
200000 371 748.881 105130.242 449.072 6.783 0.0 
201000 372 753.903 105779.571 453.071 6.8244 0.0 
202000 373 758.825 106417.244 456.883 6.8713 0.0 
203000 374 763.649 107014.583 460.142 6.915 0.0 
204000 375 768.376 107608.681 462.406 6.9561 0.0 
205000 376 773.008 108232.717 465.775 6.9972 0.0 
206000 377 777.548 108880.041 468.876 7.0394 0.0 
207000 378 781.997 109471.237 472.517 7.0829 0.0 
208000 379 786.357 109992.244 473.16 7.123 0.0 
209000 380 790.63 110391.894 472.088 7.1625 0.0 
210000 381 794.817 110918.729 473.246 7.2038 0.0 
211000 382 788.201 111434.111 468.104 7.1431 0.0 
212000 384 785.708 111928.315 464.1 7.1167 0.0 
213000 385 789.994 112420.227 464.558 7.1539 0.0 
214000 386 794.194 113007.114 466.653 7.1926 0.0 
215000 387 798.31 113534.719 468.238 7.2347 0.0 
216000 388 802.344 113993.566 467.316 7.274 0.0 
217000 389 806.297 114488.482 467.689 7.3063 0.0 
218000 390 810.171 114944.348 467.157 7.3364 0.0 
219000 391 813.968 115477.871 468.31 7.3665 0.0 
220000 392 817.689 115933.274 469.21 7.3963 0.0 
221000 393 821.335 116544.109 471.893 7.4238 0.0 
222000 394 824.908 117015.059 472.111 7.4531 0.0 
223000 395 828.41 117532.202 472.624 7.4913 0.0 
224000 396 831.842 118247.006 476.771 7.5197 0.0 
225000 397 835.205 119039.249 482.521 7.5564 0.0 
226000 398 838.501 119718.248 486.211 7.5907 0.0 
227000 399 841.731 120336.249 489.442 7.647 0.0 
228000 400 844.896 120814.998 489.071 7.6921 0.0 
229000 401 847.998 121546.874 494.352 7.7217 0.0 
230000 402 851.038 122229.294 498.635 7.7601 0.0 
231000 403 854.018 122858.749 500.624 7.7979 0.0 
232000 404 856.937 123544.535 504.005 7.824 0.0 
233000 405 859.798 124134.86 506.509 7.8478 0.0 
234000 406 862.602 124747.504 508.061 7.8673 0.0 
235000 407 865.35 125355.412 510.741 7.8878 0.0 
236000 408 868.043 126082.895 514.2 7.9141 0.0 
237000 409 870.683 126796.317 518.138 7.9409 0.0 
238000 410 873.269 127610.999 522.854 7.9711 0.0 
239000 411 875.804 128327.28 528.506 8.0039 0.0 
240000 412 878.287 128962.846 530.949 8.0232 0.0 
241000 413 880.722 129619.37 533.177 8.0402 0.0 
242000 414 883.107 130423.604 539.113 8.0624 0.0 
243000 415 885.445 131167.876 542.947 8.0803 0.0 
244000 416 887.736 131846.902 546.623 8.0985 0.0 
245000 417 889.981 132289.741 543.886 8.138 0.0 
246000 418 892.182 133017.157 546.965 8.1802 0.0 
247000 419 894.338 133680.482 549.363 8.2097 0.0 
248000 420 896.451 134308.576 551.249 8.2291 0.0 
249000 421 898.522 134926.628 552.66 8.2484 0.0 
250000 422 900.552 135579.801 554.547 8.2678 0.0 
251000 423 902.541 136276.505 557.269 8.2912 0.0 
252000 424 904.49 136890.988 557.913 8.3126 0.0 
253000 425 906.4 137627.925 561.674 8.3307 0.0 
254000 426 908.272 138089.125 559.967 8.347 0.0 
255000 427 910.107 138650.134 559.98 8.3681 0.0 
256000 428 911.905 139262.271 560.692 8.3789 0.0 
257000 429 913.667 139914.214 562.569 8.3919 0.0 
258000 430 915.393 140566.092 564.325 8.4035 0.0 
259000 431 917.085 141287.885 567.263 8.4162 0.0 
260000 432 918.744 142032.661 571.616 8.4256 0.0 
261000 434 907.201 142685.204 565.265 8.316 0.0 
262000 435 909.057 143312.034 566.504 8.334 0.0 
263000 436 910.876 143911.705 567.001 8.3485 0.0 
264000 437 912.659 144405.181 565.691 8.3611 0.0 
265000 438 914.406 144993.828 566.102 8.3767 0.0 
266000 439 916.117 145477.264 564.338 8.3891 0.0 
267000 440 917.795 146236.075 568.303 8.4068 0.0 
268000 441 919.439 146937.398 571.01 8.4225 0.0 
269000 442 921.05 147319.667 567.27 8.441 0.0 
270000 443 922.629 147873.676 566.794 8.4585 0.0 
271000 444 924.177 148298.246 564.136 8.4841 0.0 
272000 445 925.693 148946.926 565.754 8.5189 0.0 
273000 446 927.179 149557.125 566.863 8.5324 0.0 
274000 447 928.636 149970.894 563.619 8.5423 0.0 
275000 448 930.063 150544.585 563.726 8.5508 0.0 
276000 449 931.462 151230.488 566.234 8.5599 0.0 
277000 450 932.833 151904.22 568.461 8.5691 0.0 
278000 451 934.176 152526.915 569.643 8.5846 0.0 
279000 452 935.492 153034.342 568.188 8.5974 0.0 
280000 453 936.783 153620.236 568.506 8.6083 0.0 
281000 454 938.047 154325.496 571.29 8.6184 0.0 
282000 455 939.286 154986.024 573.189 8.6278 0.0 
283000 456 940.5 155602.275 573.866 8.6382 0.0 
284000 457 941.69 156406.844 578.495 8.6515 0.0 
285000 458 942.856 157097.829 580.887 8.6625 0.0 
286000 459 943.999 157790.074 583.052 8.6748 0.0 
287000 460 945.119 158472.615 585.116 8.6836 0.0 
288000 461 946.217 159130.496 586.489 8.6894 0.0 
289000 462 947.293 159858.164 589.334 8.6929 0.0 
290000 463 948.347 160571.07 591.74 8.6963 0.0 
291000 464 949.38 161272.29 593.951 8.7002 0.0 
292000 465 950.392 161957.166 595.769 8.7034 0.0 
293000 466 951.384 162657.441 597.922 8.707 0.0 
294000 467 952.357 163277.509 598.392 8.7171 0.0 
295000 468 953.31 163904.178 598.917 8.7245 0.0 
296000 469 954.243 164444.719 597.711 8.7277 0.0 
297000 470 955.159 164803.026 593.038 8.7341 0.0 
298000 471 956.055 165195.426 588.783 8.7393 0.0 
299000 472 956.934 165871.438 590.551 8.7429 0.0 
300000 473 957.796 166588.868 593.068 8.7472 0.0 
301000 474 958.64 167298.214 595.391 8.7559 0.0 
302000 475 959.467 168038.046 598.136 8.7693 0.0 
303000 476 960.278 168756.347 600.776 8.7806 0.0 
304000 477 961.072 169494.297 603.591 8.7898 0.0 
305000 478 961.851 170186.871 605.353 8.7955 0.0 
306000 479 962.614 170817.3 605.906 8.8008 0.0 
307000 480 963.361 171452.695 606.349 8.806 0.0 
308000 481 964.094 172162.534 608.295 8.8107 0.0 
309000 482 964.812 172740.751 607.705 8.817 0.0 
310000 483 965.516 173417.097 609.216 8.8239 0.0 
311000 484 966.206 174185.239 612.392 8.8333 0.0 
312000 485 966.881 174739.45 611.192 8.8369 0.0 
313000 486 967.544 175393.384 612.385 8.8381 0.0 
314000 487 968.193 175875.053 609.563 8.8443 0.0 
315000 488 968.829 176549.349 610.777 8.8462 0.0 
316000 489 969.453 177260.603 612.701 8.853 0.0 
317000 490 970.063 178065.069 616.645 8.8579 0.0 
318000 491 970.662 178719.517 617.472 8.8655 0.0 
319000 492 971.249 179370.975 618.162 8.8734 0.0 
320000 493 971.824 179895.292 616.142 8.879 0.0 
321000 494 972.388 180581.272 617.414 8.8835 0.0 
322000 495 972.94 181265.713 618.882 8.8879 0.0 
323000 496 973.481 181721.06 615.855 8.8963 0.0 
324000 497 974.011 182182.543 612.545 8.9029 0.0 
325000 498 974.531 182859.823 613.843 8.909 0.0 
326000 499 975.04 183607.883 616.577 8.9141 0.0 
327000 500 975.54 184298.852 618.05 8.9203 0.0 
328000 501 976.029 185062.093 620.98 8.9237 0.0 
329000 502 976.508 185802.159 623.39 8.9278 0.0 
330000 503 976.978 186715.087 629.332 8.9298 0.0 
331000 504 977.439 187462.892 631.367 8.9304 0.0 
332000 505 977.89 188247.32 634.462 8.9339 0.0 
333000 506 978.332 189040.423 637.787 8.9385 0.0 
334000 507 978.765 189811.963 640.327 8.945 0.0 
335000 508 979.19 190550.63 642.125 8.9498 0.0 
336000 509 979.606 191346.092 645.113 8.9515 0.0 
337000 510 980.014 192112.778 647.733 8.9652 0.0 
338000 511 980.414 192914.919 650.556 8.9812 0.0 
339000 512 980.806 193701.078 653.536 8.9873 0.0 
340000 513 981.189 194527.696 656.792 8.9886 0.0 
341000 514 981.566 195288.791 659.288 8.989 0.0 
342000 515 981.934 196042.845 660.795 8.9906 0.0 
343000 516 982.296 196805.164 663.215 8.9939 0.0 
344000 517 982.65 197619.609 665.863 8.9937 0.0 
345000 518 982.997 198370.279 667.448 8.992 0.0 
346000 519 983.337 199298.849 672.937 8.9903 0.0 
347000 520 983.67 200143.34 676.182 8.9922 0.0 
348000 521 983.997 200930.13 678.604 8.9932 0.0 
349000 522 984.317 201851.617 683.442 8.9931 0.0 
350000 523 984.63 202653.626 686.004 8.9947 0.0 
351000 524 984.938 203472.575 688.238 9.0036 0.0 
352000 525 985.239 204246.084 690.206 9.0023 0.0 
353000 526 985.534 205367.908 698.77 9.0042 0.0 
354000 527 985.824 205982.6 697.123 9.0043 0.0 
355000 528 986.107 206815.819 699.741 9.0037 0.0 
356000 529 986.385 207597.591 701.468 9.0106 0.0 
357000 530 986.657 208600.082 707.368 9.0136 0.0 
358000 531 986.924 209612.133 713.655 9.0149 0.0 
359000 532 987.186 210397.941 715.194 9.0209 0.0 
360000 533 987.442 211169.072 715.935 9.0241 0.0 
361000 534 987.693 212076.378 719.831 9.0277 0.0 
362000 535 987.939 212949.995 722.821 9.0281 0.0 
363000 536 988.18 213711.752 723.541 9.0292 0.0 
364000 537 988.417 214806.717 731.165 9.0301 0.0 
365000 538 988.649 215598.513 732.328 9.0296 0.0 
366000 539 988.876 216414.355 734.077 9.0324 0.0 
367000 540 989.098 217139.845 733.752 9.0414 0.0 
368000 541 989.316 217905.13 734.496 9.0407 0.0 
369000 542 989.53 218664.865 734.984 9.0415 0.0 
370000 543 989.739 219180.135 730.535 9.0431 0.0 
371000 544 989.944 220020.407 733.007 9.0461 0.0 
372000 545 990.145 220817.098 734.057 9.0486 0.0 
373000 546 990.343 221586.336 734.863 9.0518 0.0 
374000 547 990.536 222323.361 735.016 9.0595 0.0 
375000 548 990.725 222987.717 733.532 9.0668 0.0 
376000 549 990.911 223910.773 737.207 9.0709 0.0 
377000 550 991.092 224730.78 738.783 9.072 0.0 
378000 551 991.27 225811.144 745.719 9.0726 0.0 
379000 552 991.445 226622.685 747.206 9.0724 0.0 
380000 553 991.616 227529.945 750.271 9.0713 0.0 
381000 554 991.784 228441.959 753.359 9.0697 0.0 
382000 555 991.948 229160.95 753.002 9.0706 0.0 
383000 556 992.109 230182.746 758.17 9.0751 0.0 
384000 557 992.267 231088.64 761.004 9.0747 0.0 
385000 558 992.422 232007.932 764.567 9.0752 0.0 
386000 559 992.573 232883.259 766.571 9.0776 0.0 
387000 560 992.722 233671.361 767.056 9.0783 0.0 
388000 561 992.867 234448.662 767.241 9.0785 0.0 
389000 562 993.01 235246.716 767.856 9.0795 0.0 
390000 563 993.15 236071.457 768.952 9.0828 0.0 
391000 564 993.287 236862.534 769.48 9.088 0.0 
392000 565 993.421 237403.253 764.96 9.0884 0.0 
393000 566 993.553 238501.039 771.536 9.0896 0.0 
394000 567 993.682 239271.564 771.35 9.0885 0.0 
395000 568 993.808 240092.381 772.466 9.0874 0.0 
396000 569 993.932 240835.146 772.107 9.1018 0.0 
397000 570 994.053 241646.802 772.705 9.1224 0.0 
398000 571 994.172 242456.463 773.267 9.1258 0.0 
399000 572 994.289 243280.154 774.312 9.1306 0.0 
400000 573 994.403 244049.775 774.545 9.13 0.0 
401000 574 994.515 244839.601 774.645 9.1287 0.0 
402000 575 994.625 245611.042 774.692 9.1294 0.0 
403000 576 994.732 246430.852 775.279 9.1279 0.0 
404000 577 994.837 247321.16 777.658 9.1265 0.0 
405000 578 994.941 248127.603 778.138 9.1247 0.0 
406000 579 995.042 248895.166 778.217 9.1238 0.0 
407000 580 995.141 249664.298 778.209 9.1255 0.0 
408000 581 995.238 250492.495 778.677 9.1221 0.0 
409000 582 995.333 251336.313 780.392 9.1193 0.0 
410000 583 995.427 252123.877 780.605 9.1161 0.0 
411000 584 995.518 252895.56 780.045 9.1132 0.0 
412000 585 995.608 253668.222 780.326 9.1117 0.0 
413000 586 995.696 254658.231 784.219 9.1097 0.0 
414000 587 995.782 255425.878 783.819 9.1087 0.0 
415000 588 995.866 256509.573 789.956 9.1144 0.0 
416000 589 995.949 257498.324 793.966 9.1181 0.0 
417000 590 996.03 258192.101 792.208 9.1146 0.0 
418000 591 996.109 258970.711 791.67 9.1114 0.0 
419000 592 996.187 259768.166 792.252 9.1087 0.0 
420000 593 996.263 260532.32 791.224 9.1053 0.0 
421000 594 996.338 261326.588 791.414 9.1019 0.0 
422000 595 996.411 262142.77 791.88 9.0999 0.0 
423000 596 996.483 262941.881 792.06 9.103 0.0 
424000 597 996.553 263784.746 792.924 9.1008 0.0 
425000 598 996.622 264662.224 794.755 9.0979 0.0 
426000 599 996.69 265779.036 800.981 9.0985 0.0 
427000 600 996.756 266636.971 801.946 9.0964 0.0 
428000 601 996.821 267329.025 800.26 9.0949 0.0 
429000 602 996.885 268068.645 798.806 9.094 0.0 
430000 603 996.947 268919.705 799.578 9.0935 0.0 
431000 604 997.008 270163.707 808.504 9.0991 0.0 
432000 605 997.068 271400.04 817.473 9.1009 0.0 
433000 606 997.126 272259.066 818.101 9.1009 0.0 
434000 607 997.184 273137.882 819.158 9.1004 0.0 
435000 608 997.24 274353.399 827.183 9.1046 0.0 
436000 609 997.295 275172.631 826.94 9.1072 0.0 
437000 610 997.349 275923.514 825.509 9.1075 0.0 
438000 611 997.402 276758.923 825.645 9.1104 0.0 
439000 612 997.454 278045.763 835.025 9.1146 0.0 
440000 613 997.505 279211.011 841.447 9.1137 0.0 
441000 614 997.555 280348.532 847.353 9.1118 0.0 
442000 615 997.604 281149.269 846.653 9.1161 0.0 
443000 616 997.652 282347.029 853.695 9.1151 0.0 
444000 617 997.699 283153.989 852.33 9.1159 0.0 
445000 618 997.745 284260.289 857.732 9.1156 0.0 
446000 619 997.79 285386.68 863.514 9.1155 0.0 
447000 620 997.834 286206.599 862.168 9.1215 0.0 
448000 621 997.878 286991.49 860.4 9.1257 0.0 
449000 622 997.92 288219.066 867.881 9.1279 0.0 
450000 623 997.962 288936.894 865.24 9.1329 0.0 
451000 624 998.002 290117.8 871.487 9.1339 0.0 
452000 625 998.042 290907.137 869.893 9.1357 0.0 
453000 626 998.082 291794.689 869.941 9.134 0.0 
454000 627 998.12 293029.686 877.647 9.132 0.0 
455000 628 998.158 293748.191 874.064 9.1368 0.0 
456000 629 998.194 294594.113 873.585 9.1342 0.0 
457000 630 998.23 295433.94 872.66 9.1323 0.0 
458000 631 998.266 296291.108 872.535 9.1313 0.0 
459000 632 998.301 297140.578 872.138 9.1282 0.0 
460000 633 998.335 298007.166 871.937 9.1267 0.0 
461000 634 998.368 299273.236 879.921 9.1264 0.0 
462000 635 998.401 300077.258 878.515 9.1295 0.0 
463000 636 998.432 301373.041 886.731 9.1321 0.0 
464000 637 998.464 302192.113 885.035 9.1304 0.0 
465000 638 998.495 303214.128 888.374 9.1272 0.0 
466000 639 998.525 304360.857 893.091 9.124 0.0 
467000 640 998.554 305268.671 893.457 9.1211 0.0 
468000 641 998.583 306301.342 896.583 9.1196 0.0 
469000 642 998.611 307188.842 896.123 9.1171 0.0 
470000 643 998.639 308171.85 897.888 9.1163 0.0 
471000 644 998.666 309037.729 897.353 9.1201 0.0 
472000 645 998.693 310206.565 902.636 9.124 0.0 
473000 646 998.719 311052.77 901.931 9.1226 0.0 
474000 647 998.745 311880.418 899.908 9.1214 0.0 
475000 648 998.77 312869.702 901.919 9.12 0.0 
476000 649 998.795 313833.635 903.09 9.1195 0.0 
477000 650 998.819 315084.823 910.196 9.1183 0.0 
478000 651 998.842 316440.422 919.167 9.1209 0.0 
479000 652 998.865 317241.819 916.368 9.1263 0.0 
480000 653 998.888 318178.188 916.982 9.1286 0.0 
481000 654 998.91 318904.227 913.195 9.1292 0.0 
482000 655 998.932 320135.465 919.389 9.1294 0.0 
483000 656 998.954 321038.322 919.307 9.1309 0.0 
484000 657 998.974 322277.64 925.553 9.1312 0.0 
485000 658 998.995 323356.146 928.529 9.1368 0.0 
486000 659 999.015 324215.801 926.906 9.1362 0.0 
487000 660 999.035 324956.338 923.276 9.1406 0.0 
488000 661 999.054 326116.248 927.957 9.1429 0.0 
489000 662 999.073 326910.399 925.526 9.1415 0.0 
490000 663 999.092 327754.535 923.587 9.1404 0.0 
491000 664 999.11 328984.964 929.927 9.1397 0.0 
492000 665 999.128 329711.552 925.911 9.1417 0.0 
493000 666 999.145 330525.334 923.648 9.14 0.0 
494000 667 999.162 331623.313 927.537 9.1374 0.0 
495000 668 999.179 332406.34 924.531 9.14 0.0 
496000 669 999.195 333216.018 922.393 9.1402 0.0 
497000 670 999.211 334017.602 919.736 9.1385 0.0 
498000 671 999.227 334874.321 918.285 9.1362 0.0 
499000 672 999.243 335924.765 921.133 9.1344 0.0 
500000 673 999.258 336935.797 922.94 9.1333 0.0 
501000 674 999.273 338064.551 927.284 9.1325 0.0 
502000 675 999.287 339160.644 930.669 9.1327 0.0 
503000 676 999.301 339982.072 928.038 9.1401 0.0 
504000 677 999.315 340851.244 926.781 9.1424 0.0 
505000 678 999.329 342115.675 933.621 9.1426 0.0 
506000 679 999.342 342844.128 929.495 9.1435 0.0 
507000 680 999.356 343353.127 921.088 9.1453 0.0 
508000 681 999.368 344373.877 923.298 9.1454 0.0 
509000 682 999.381 345066.277 918.574 9.1469 0.0 
510000 683 999.393 345872.009 916.439 9.1487 0.0 
511000 684 999.406 346978.98 920.253 9.1548 0.0 
512000 685 999.418 347978.104 922.056 9.1561 0.0 
513000 686 999.429 349208.005 927.89 9.1517 0.0 
514000 687 999.441 350124.449 927.588 9.1482 0.0 
515000 688 999.452 351187.132 930.375 9.1444 0.0 
516000 689 999.463 352004.987 927.923 9.1406 0.0 
517000 690 999.473 353164.631 932.919 9.1374 0.0 
518000 691 999.484 354340.064 937.496 9.1342 0.0 
519000 692 999.494 355155.786 935.092 9.1371 0.0 
520000 693 999.504 355963.613 932.841 9.1373 0.0 
521000 694 999.514 356983.949 934.528 9.1335 0.0 
522000 695 999.524 358001.892 935.918 9.1298 0.0 
523000 696 999.534 358938.637 936.106 9.1268 0.0 
524000 697 999.543 359749.78 933.608 9.1231 0.0 
525000 698 999.552 360596.023 931.914 9.1196 0.0 
526000 699 999.561 361881.709 938.999 9.1181 0.0 
527000 700 999.57 362880.612 939.964 9.1236 0.0 
528000 701 999.578 363906.697 941.805 9.1263 0.0 
529000 702 999.587 365161.688 948.004 9.1246 0.0 
530000 703 999.595 366301.827 951.846 9.1241 0.0 
531000 704 999.603 367563.871 958.029 9.123 0.0 
532000 705 999.611 368298.933 953.492 9.1207 0.0 
533000 706 999.619 369469.412 957.82 9.1294 0.0 
534000 707 999.627 370641.786 962.048 9.1539 0.0 
535000 708 999.634 371872.469 967.487 9.1578 0.0 
536000 709 999.641 373171.162 974.146 9.1627 0.0 
537000 710 999.648 374479.921 981.27 9.1664 0.0 
538000 711 999.656 375705.243 985.708 9.1664 0.0 
539000 712 999.662 376543.966 983.067 9.1653 0.0 
540000 713 999.669 377733.279 986.674 9.1682 0.0 
541000 714 999.676 379001.985 992.466 9.1683 0.0 
542000 715 999.682 380267.579 997.883 9.1687 0.0 
543000 716 999.689 381459.391 1001.866 9.1749 0.0 
544000 717 999.695 382751.258 1007.588 9.1762 0.0 
545000 718 999.701 384095.204 1014.503 9.174 0.0 
546000 719 999.707 385320.718 1018.663 9.1721 0.0 
547000 720 999.713 386155.814 1014.986 9.1769 0.0 
548000 721 999.719 387282.393 1017.317 9.1759 0.0 
549000 722 999.724 388637.395 1023.975 9.1738 0.0 
550000 723 999.73 390028.036 1031.255 9.1778 0.0 
551000 724 999.735 391381.295 1037.9 9.181 0.0 
552000 725 999.74 392772.512 1045.016 9.1856 0.0 
553000 726 999.746 394107.606 1050.74 9.1892 0.0 
554000 727 999.751 395064.287 1048.883 9.1895 0.0 
555000 728 999.756 396449.657 1055.506 9.1968 0.0 
556000 729 999.761 397824.067 1062.191 9.1988 0.0 
557000 730 999.765 398942.29 1062.875 9.1997 0.0 
558000 731 999.77 400157.051 1065.99 9.1985 0.0 
559000 732 999.775 401245.866 1066.5 9.1998 0.0 
560000 733 999.779 402106.716 1062.366 9.1981 0.0 
561000 734 999.784 403450.585 1068.11 9.1934 0.0 
562000 735 999.788 404385.563 1065.183 9.1888 0.0 
563000 736 999.792 405838.988 1073.096 9.1848 0.0 
564000 737 999.796 406744.105 1069.736 9.1805 0.0 
565000 738 999.8 408204.605 1077.541 9.1768 0.0 
566000 739 999.804 409064.197 1073.633 9.1785 0.0 
567000 740 999.808 409877.743 1068.052 9.181 0.0 
568000 741 999.812 410739.626 1063.71 9.1814 0.0 
569000 742 999.816 412039.851 1068.664 9.1792 0.0 
570000 743 999.82 412758.523 1061.444 9.1776 0.0 
571000 744 999.823 414102.606 1067.121 9.175 0.0 
572000 745 999.827 415486.614 1073.298 9.1738 0.0 
573000 746 999.83 417009.865 1082.516 9.1735 0.0 
574000 747 999.834 418390.437 1088.749 9.1758 0.0 
575000 748 999.837 419700.48 1092.879 9.1809 0.0 
576000 749 999.84 421196.657 1100.965 9.1834 0.0 
577000 750 999.843 422660.983 1108.215 9.1841 0.0 
578000 751 999.846 424084.414 1114.373 9.185 0.0 
579000 752 999.85 425554.654 1121.914 9.1878 0.0 
580000 753 999.853 427039.279 1128.639 9.1889 0.0 
581000 754 999.855 428514.303 1135.75 9.1873 0.0 
582000 755 999.858 429628.578 1135.224 9.1865 0.0 
583000 756 999.861 430710.739 1134.705 9.1927 0.0 
584000 757 999.864 431453.625 1126.347 9.1921 0.0 
585000 758 999.867 432772.298 1130.435 9.1911 0.0 
586000 759 999.869 434181.189 1135.742 9.1912 0.0 
587000 760 999.872 434942.73 1128.099 9.1885 0.0 
588000 761 999.875 436473.489 1136.278 9.1856 0.0 
589000 762 999.877 437832.723 1141.17 9.1863 0.0 
590000 763 999.88 439178.685 1145.058 9.1845 0.0 
591000 764 999.882 439744.771 1133.285 9.1897 0.0 
592000 765 999.884 440445.712 1124.935 9.1907 0.0 
593000 766 999.887 441179.305 1116.839 9.1897 0.0 
594000 767 999.889 442560.93 1122.309 9.1886 0.0 
595000 768 999.891 443276.307 1114.244 9.191 0.0 
596000 769 999.893 444033.813 1106.98 9.1875 0.0 
597000 770 999.895 445504.867 1113.816 9.183 0.0 
598000 771 999.897 447009.04 1122.335 9.1806 0.0 
599000 772 999.9 448520.772 1130.292 9.182 0.0 
600000 773 999.902 449631.745 1129.236 9.2065 0.0 
601000 774 999.904 451088.323 1135.87 9.2063 0.0 
602000 775 999.905 452550.866 1142.704 9.2045 0.0 
603000 776 999.907 453677.805 1142.156 9.2016 0.0 
604000 777 999.909 455011.828 1146.2 9.199 0.0 
605000 778 999.911 456204.688 1146.846 9.1988 0.0 
606000 779 999.913 457500.065 1149.889 9.1979 0.0 
607000 780 999.915 458916.208 1155.631 9.2014 0.0 
608000 781 999.916 460274.57 1159.317 9.2018 0.0 
609000 782 999.918 461154.75 1153.714 9.2003 0.0 
610000 783 999.92 462474.949 1157.471 9.1991 0.0 
611000 784 999.921 463386.447 1152.408 9.1982 0.0 
612000 785 999.923 464646.22 1154.619 9.1964 0.0 
613000 786 999.924 465961.007 1157.75 9.194 0.0 
614000 787 999.926 466723.868 1149.837 9.1946 0.0 
615000 788 999.927 467477.739 1141.815 9.2004 0.0 
616000 789 999.929 468246.855 1134.363 9.2015 0.0 
617000 790 999.93 469513.753 1136.904 9.202 0.0 
618000 791 999.932 470921.052 1142.343 9.2017 0.0 
619000 792 999.933 472057.22 1142.572 9.1995 0.0 
620000 793 999.934 473112.67 1140.514 9.1972 0.0 
621000 794 999.936 474071.516 1136.913 9.1961 0.0 
622000 795 999.937 475405.976 1140.878 9.1951 0.0 
623000 796 999.938 476766.647 1145.156 9.199 0.0 
624000 797 999.939 478107.731 1149.489 9.1991 0.0 
625000 798 999.941 479496.516 1154.201 9.1983 0.0 
626000 799 999.942 480523.857 1152.04 9.198 0.0 
627000 800 999.943 481832.527 1154.544 9.1969 0.0 
628000 801 999.944 482784.938 1150.469 9.1968 0.0 
629000 802 999.945 483848.823 1148.837 9.1976 0.0 
630000 803 999.946 485088.486 1150.749 9.1994 0.0 
631000 804 999.947 486365.487 1153.274 9.2062 0.0 
632000 805 999.948 487610.045 1155.031 9.206 0.0 
633000 806 999.949 488947.608 1158.702 9.2037 0.0 
634000 807 999.95 490270.29 1161.786 9.201 0.0 
635000 808 999.951 491672.137 1166.524 9.2019 0.0 
636000 809 999.952 492977.436 1169.325 9.1997 0.0 
637000 810 999.953 494102.259 1168.62 9.2126 0.0 
638000 811 999.954 495272.97 1168.45 9.2431 0.0 
639000 812 999.955 496561.772 1171.016 9.2649 0.0 
640000 813 999.956 497790.149 1171.82 9.2682 0.0 
641000 814 999.957 499117.262 1175.204 9.2651 0.0 
642000 815 999.958 500378.52 1176.874 9.2612 0.0 
643000 816 999.959 501586.12 1177.457 9.2583 0.0 
644000 817 999.96 502861.986 1179.375 9.2555 0.0 
645000 818 999.96 503740.09 1173.688 9.2509 0.0 
646000 819 999.961 504945.201 1174.456 9.2496 0.0 
647000 820 999.962 506100.785 1173.708 9.2557 0.0 
648000 821 999.963 506728.775 1163.175 9.2547 0.0 
649000 822 999.963 507920.541 1163.559 9.2519 0.0 
650000 823 999.964 508622.41 1153.996 9.2482 0.0 
651000 824 999.965 509533.07 1149.08 9.2457 0.0 
652000 825 999.966 510350.777 1142.557 9.2431 0.0 
653000 826 999.966 511376.071 1140.71 9.2412 0.0 
654000 827 999.967 512489.875 1139.845 9.2414 0.0 
655000 828 999.968 513612.462 1139.471 9.244 0.0 
656000 829 999.968 514688.483 1137.871 9.2425 0.0 
657000 830 999.969 515936.984 1140.477 9.2415 0.0 
658000 831 999.97 517049.047 1139.931 9.2403 0.0 
659000 832 999.97 518401.282 1144.139 9.2393 0.0 
660000 833 999.971 519627.608 1146.185 9.2389 0.0 
661000 834 999.971 521054.74 1151.438 9.2381 0.0 
662000 835 999.972 522396.091 1155.467 9.2386 0.0 
663000 836 999.972 523741.025 1158.96 9.2416 0.0 
664000 837 999.973 525026.899 1161.413 9.2514 0.0 
665000 838 999.974 526285.119 1163.229 9.2525 0.0 
666000 839 999.974 527556.922 1165.445 9.2521 0.0 
667000 840 999.975 528840.061 1168.14 9.2525 0.0 
668000 841 999.975 529495.389 1157.931 9.2512 0.0 
669000 842 999.976 529998.437 1144.836 9.251 0.0 
670000 843 999.976 530408.616 1130.184 9.254 0.0 
671000 844 999.977 530892.442 1117.274 9.2608 0.0 
672000 845 999.977 531416.662 1105.466 9.2657 0.0 
673000 846 999.977 531961.1 1094.416 9.273 0.0 
674000 847 999.978 532728.874 1087.525 9.2748 0.0 
675000 848 999.978 533499.792 1080.813 9.2742 0.0 
676000 849 999.979 534900.293 1087.273 9.2744 0.0 
677000 850 999.979 536196.9 1091.74 9.2759 0.0 
678000 851 999.98 537090.429 1087.789 9.2838 0.0 
679000 852 999.98 538474.024 1093.555 9.2918 0.0 
680000 853 999.98 539757.131 1097.478 9.2971 0.0 
681000 854 999.981 540528.294 1090.765 9.2991 0.0 
682000 855 999.981 541357.623 1085.69 9.3005 0.0 
683000 856 999.982 542185.68 1080.751 9.2961 0.0 
684000 857 999.982 542806.822 1071.102 9.2918 0.0 
685000 858 999.982 544262.549 1078.763 9.288 0.0 
686000 859 999.983 545558.889 1083.315 9.2923 0.0 
687000 860 999.983 547036.515 1091.118 9.2902 0.0 
688000 861 999.983 548427.834 1097.286 9.2863 0.0 
689000 862 999.984 549180.935 1090.285 9.2834 0.0 
690000 863 999.984 550287.007 1090.616 9.2796 0.0 
691000 864 999.984 551765.674 1098.513 9.2763 0.0 
692000 865 999.985 552952.438 1100.341 9.2722 0.0 
693000 866 999.985 553956.822 1097.988 9.2685 0.0 
694000 867 999.985 555197.535 1101.099 9.2688 0.0 
695000 868 999.986 556546.376 1105.99 9.2653 0.0 
696000 869 999.986 557953.617 1112.006 9.2603 0.0 
697000 870 999.986 559408.895 1119.198 9.2539 0.0 
698000 871 999.986 560533.396 1119.062 9.2482 0.0 
699000 872 999.987 561237.815 1110.929 9.2439 0.0 
700000 873 999.987 562181.3 1107.372 9.2414 0.0 
701000 874 999.987 563451.299 1110.81 9.2399 0.0 
702000 875 999.987 564839.311 1116.494 9.2389 0.0 
703000 876 999.988 566302.865 1123.476 9.2365 0.0 
704000 877 999.988 567734.917 1129.259 9.2318 0.0 
705000 878 999.988 569201.427 1135.925 9.2269 0.0 
706000 879 999.988 570647.662 1142.483 9.223 0.0 
707000 880 999.989 572009.027 1147.061 9.2184 0.0 
708000 881 999.989 573622.901 1156.114 9.2135 0.0 
709000 882 999.989 574900.93 1158.672 9.2114 0.0 
710000 883 999.989 576346.96 1164.272 9.2107 0.0 
711000 884 999.99 577836.047 1170.905 9.2105 0.0 
712000 885 999.99 578546.009 1161.337 9.208 0.0 
713000 886 999.99 579309.753 1153.439 9.2055 0.0 
714000 887 999.99 580553.25 1155.778 9.2013 0.0 
715000 888 999.99 581359.19 1148.198 9.1989 0.0 
716000 889 999.991 582540.653 1149.066 9.1972 0.0 
717000 890 999.991 583267.838 1140.476 9.1949 0.0 
718000 891 999.991 584796.831 1148.291 9.1931 0.0 
719000 892 999.991 585447.338 1138.074 9.1948 0.0 
720000 893 999.991 586604.531 1138.487 9.192 0.0 
721000 894 999.991 587448.564 1132.979 9.1884 0.0 
722000 895 999.992 588032.906 1121.86 9.1857 0.0 
723000 896 999.992 588984.82 1118.437 9.1833 0.0 
724000 897 999.992 590174.46 1119.807 9.1807 0.0 
725000 898 999.992 591265.579 1119.194 9.1788 0.0 
726000 899 999.992 591937.235 1110.441 9.1806 0.0 
727000 900 999.992 593109.835 1111.637 9.182 0.0 
728000 901 999.993 594406.036 1115.013 9.1802 0.0 
729000 902 999.993 595719.977 1119.261 9.181 0.0 
730000 903 999.993 596688.261 1116.46 9.1778 0.0 
731000 904 999.993 597789.083 1115.884 9.1738 0.0 
732000 905 999.993 599117.871 1120.034 9.1698 0.0 
733000 906 999.993 600554.086 1126.474 9.1647 0.0 
734000 907 999.993 602064.454 1133.99 9.162 0.0 
735000 908 999.994 603383.682 1138.303 9.1628 0.0 
736000 909 999.994 604582.221 1138.978 9.1611 0.0 
737000 910 999.994 605854.102 1142.115 9.1584 0.0 
738000 911 999.994 606396.854 1129.898 9.1555 0.0 
739000 912 999.994 607662.224 1132.721 9.1553 0.0 
740000 913 999.994 608263.301 1122.007 9.1562 0.0 
741000 914 999.994 608965.225 1113.737 9.1569 0.0 
742000 915 999.994 609621.326 1104.676 9.1577 0.0 
743000 916 999.995 610243.427 1094.624 9.1649 0.0 
744000 917 999.995 610856.695 1085.411 9.1657 0.0 
745000 918 999.995 611556.826 1077.357 9.164 0.0 
746000 919 999.995 612284.403 1070.334 9.1632 0.0 
747000 920 999.995 613744.74 1078.288 9.1735 0.0 
748000 921 999.995 614961.784 1080.761 9.1925 0.0 
749000 922 999.995 616359.389 1086.956 9.1916 0.0 
750000 923 999.995 617545.059 1089.038 9.1907 0.0 
751000 924 999.995 618694.555 1090.125 9.1911 0.0 
752000 925 999.995 619687.948 1088.614 9.1903 0.0 
753000 926 999.996 620829.69 1089.408 9.1869 0.0 
754000 927 999.996 622002.698 1091.382 9.1838 0.0 
755000 928 999.996 623121.409 1091.712 9.1792 0.0 
756000 929 999.996 623803.915 1083.477 9.1747 0.0 
757000 930 999.996 624828.648 1082.45 9.1699 0.0 
758000 931 999.996 625771.886 1079.358 9.1675 0.0 
759000 932 999.996 626807.454 1078.488 9.1687 0.0 
760000 933 999.996 628043.354 1082.024 9.1654 0.0 
761000 934 999.996 629126.706 1082.055 9.1619 0.0 
762000 935 999.996 630560.509 1088.982 9.1596 0.0 
763000 936 999.996 631410.957 1083.793 9.1569 0.0 
764000 937 999.996 632526.013 1085.176 9.1571 0.0 
765000 938 999.996 633162.588 1075.698 9.1614 0.0 
766000 939 999.997 633697.973 1065.465 9.1609 0.0 
767000 940 999.997 634669.409 1063.313 9.1609 0.0 
768000 941 999.997 636134.527 1071.119 9.1553 0.0 
769000 942 999.997 637711.479 1081.612 9.1499 0.0 
770000 943 999.997 638806.33 1081.519 9.1469 0.0 
771000 944 999.997 639968.847 1083.378 9.1492 0.0 
772000 945 999.997 641421.718 1090.81 9.1446 0.0 
773000 946 999.997 642069.376 1082.095 9.1398 0.0 
774000 947 999.997 642803.972 1074.516 9.1379 0.0 
775000 948 999.997 644342.865 1084.361 9.1409 0.0 
776000 949 999.997 645114.318 1077.435 9.1387 0.0 
777000 950 999.997 645763.003 1069.539 9.1361 0.0 
778000 951 999.997 646441.337 1061.818 9.1308 0.0 
779000 952 999.997 647833.059 1068.218 9.1275 0.0 
780000 953 999.997 648685.887 1063.797 9.1234 0.0 
781000 954 999.997 649490.505 1058.577 9.1237 0.0 
782000 955 999.998 650302.929 1053.772 9.1232 0.0 
783000 956 999.998 651179.176 1049.975 9.1412 0.0 
784000 957 999.998 652023.745 1045.645 9.1553 0.0 
785000 958 999.998 653488.835 1054.022 9.1582 0.0 
786000 959 999.998 654306.896 1049.445 9.1563 0.0 
787000 960 999.998 655722.048 1056.639 9.1546 0.0 
788000 961 999.998 657220.178 1065.43 9.1527 0.0 
789000 962 999.998 658559.312 1071.092 9.149 0.0 
790000 963 999.998 659583.292 1070.41 9.1504 0.0 
791000 964 999.998 660443.958 1065.794 9.1549 0.0 
792000 965 999.998 661435.33 1064.436 9.1559 0.0 
793000 966 999.998 662749.182 1069.391 9.1564 0.0 
794000 967 999.998 664295.842 1079.005 9.1577 0.0 
795000 968 999.998 665500.813 1081.487 9.1565 0.0 
796000 969 999.998 666871.938 1087.307 9.1547 0.0 
797000 970 999.998 668445.38 1096.966 9.1503 0.0 
798000 971 999.998 669900.718 1104.205 9.1469 0.0 
799000 972 999.998 671459.66 1113.43 9.148 0.0 
800000 973 999.998 672306.539 1108.454 9.1442 0.0 
801000 974 999.998 673749.027 1114.76 9.1407 0.0 
802000 975 999.998 674473.29 1107.052 9.138 0.0 
803000 976 999.998 675656.494 1108.279 9.1355 0.0 
804000 977 999.998 677078.5 1114.627 9.1354 0.0 
805000 978 999.998 678395.23 1118.91 9.1358 0.0 
806000 979 999.998 679799.408 1124.287 9.1399 0.0 
807000 980 999.998 680990.978 1125.821 9.1425 0.0 
808000 981 999.999 681760.154 1118.372 9.1392 0.0 
809000 982 999.999 682745.287 1115.884 9.1345 0.0 
810000 983 999.999 683621.171 1111.877 9.1323 0.0 
811000 984 999.999 685006.803 1116.487 9.1336 0.0 
812000 985 999.999 686138.369 1116.946 9.1314 0.0 
813000 986 999.999 686943.216 1110.8 9.1309 0.0 
814000 987 999.999 687631.136 1102.651 9.1307 0.0 
815000 988 999.999 688475.098 1097.442 9.1406 0.0 
816000 989 999.999 689322.777 1091.977 9.1406 0.0 
817000 990 999.999 690394.718 1091.81 9.1392 0.0 
818000 991 999.999 691849.581 1099.078 9.1369 0.0 
819000 992 999.999 693029.026 1100.768 9.1355 0.0 
820000 993 999.999 694056.799 1099.162 9.1339 0.0 
821000 994 999.999 694994.938 1095.894 9.1333 0.0 
822000 995 999.999 696302.39 1100.201 9.1324 0.0 
823000 996 999.999 697305.683 1098.126 9.1364 0.0 
824000 997 999.999 698430.131 1098.673 9.1382 0.0 
825000 998 999.999 699649.401 1101.248 9.1374 0.0 
826000 999 999.999 701110.645 1108.852 9.1346 0.0 
827000 1000 999.999 702434.775 1112.755 9.1335 0.0 
828000 1001 999.999 703646.958 1115.109 9.1325 0.0 
829000 1002 999.999 704650.092 1112.93 9.1303 0.0 
830000 1003 999.999 705836.065 1113.937 9.1291 0.0 
831000 1004 999.999 707219.823 1119.545 9.1336 0.0 
832000 1005 999.999 708606.791 1124.556 9.1357 0.0 
833000 1006 999.999 710223.334 1134.16 9.1357 0.0 
834000 1007 999.999 711756.236 1142.784 9.1355 0.0 
835000 1008 999.999 713188.177 1148.42 9.1342 0.0 
836000 1009 999.999 714633.16 1153.99 9.1318 0.0 
837000 1010 999.999 715797.625 1154.501 9.1309 0.0 
838000 1011 999.999 717221.38 1159.737 9.1291 0.0 
839000 1012 999.999 718131.801 1154.824 9.1329 0.0 
840000 1013 999.999 719534.102 1159.75 9.1328 0.0 
841000 1014 999.999 720713.538 1160.3 9.1313 0.0 
842000 1015 999.999 721990.603 1162.425 9.1275 0.0 
843000 1016 999.999 722996.056 1159.533 9.1225 0.0 
844000 1017 999.999 724363.885 1163.532 9.1183 0.0 
845000 1018 999.999 725578.567 1164.62 9.1141 0.0 
846000 1019 999.999 726794.948 1165.939 9.1107 0.0 
847000 1020 999.999 728165.053 1169.635 9.111 0.0 
848000 1021 999.999 729418.025 1171.24 9.1123 0.0 
849000 1022 999.999 730707.454 1173.624 9.1121 0.0 
850000 1023 999.999 731639.821 1168.686 9.1129 0.0 
851000 1024 999.999 732278.603 1158.3 9.1105 0.0 
852000 1025 999.999 732748.303 1144.561 9.1082 0.0 
853000 1026 999.999 733765.034 1141.963 9.105 0.0 
854000 1027 999.999 735101.524 1145.505 9.1041 0.0 
855000 1028 999.999 736028.582 1141.365 9.105 0.0 
856000 1029 999.999 736682.948 1131.603 9.108 0.0 
857000 1030 999.999 737437.598 1123.952 9.1071 0.0 
858000 1031 999.999 738040.828 1113.721 9.1059 0.0 
859000 1032 999.999 739081.116 1112.191 9.1037 0.0 
860000 1033 999.999 740183.962 1112.02 9.1021 0.0 
861000 1034 999.999 741141.427 1108.919 9.1076 0.0 
862000 1035 1000.0 742107.931 1106.079 9.1076 0.0 
863000 1036 1000.0 743236.271 1106.673 9.1133 0.0 
864000 1037 1000.0 744337.815 1106.479 9.118 0.0 
865000 1038 1000.0 745347.885 1104.412 9.1183 0.0 
866000 1039 1000.0 746352.96 1102.963 9.1203 0.0 
867000 1040 1000.0 747088.427 1095.107 9.1243 0.0 
868000 1041 1000.0 748050.249 1092.759 9.1262 0.0 
869000 1042 1000.0 749121.022 1092.364 9.1258 0.0 
870000 1043 1000.0 750102.315 1089.705 9.1268 0.0 
871000 1044 1000.0 751159.817 1089.111 9.1315 0.0 
872000 1045 1000.0 752213.494 1088.47 9.1354 0.0 
873000 1046 1000.0 753495.473 1092.712 9.1356 0.0 
874000 1047 1000.0 754629.746 1093.417 9.1343 0.0 
875000 1048 1000.0 755941.78 1097.442 9.1353 0.0 
876000 1049 1000.0 756968.445 1096.132 9.1337 0.0 
877000 1050 1000.0 758402.514 1102.759 9.1351 0.0 
878000 1051 1000.0 759345.014 1099.612 9.137 0.0 
879000 1052 1000.0 760486.882 1100.599 9.138 0.0 
880000 1053 1000.0 761028.246 1089.477 9.1423 0.0 
881000 1054 1000.0 762074.405 1088.884 9.1441 0.0 
882000 1055 1000.0 763106.814 1087.453 9.1459 0.0 
883000 1056 1000.0 764297.621 1089.569 9.1496 0.0 
884000 1057 1000.0 765466.414 1091.111 9.149 0.0 
885000 1058 1000.0 766645.362 1092.658 9.1495 0.0 
886000 1059 1000.0 767730.578 1092.626 9.1516 0.0 
887000 1060 1000.0 768903.726 1094.211 9.1561 0.0 
888000 1061 1000.0 769970.03 1093.815 9.1579 0.0 
889000 1062 1000.0 771501.837 1102.602 9.1547 0.0 
890000 1063 1000.0 772439.597 1099.196 9.1549 0.0 
891000 1064 1000.0 773476.962 1098.04 9.1527 0.0 
892000 1065 1000.0 774873.189 1103.975 9.1495 0.0 
893000 1066 1000.0 775998.752 1104.453 9.1482 0.0 
894000 1067 1000.0 777254.068 1107.607 9.1474 0.0 
895000 1068 1000.0 778124.285 1102.681 9.1502 0.0 
896000 1069 1000.0 779194.003 1101.898 9.1529 0.0 
897000 1070 1000.0 780582.411 1108.059 9.1507 0.0 
898000 1071 1000.0 781923.639 1112.101 9.151 0.0 
899000 1072 1000.0 783235.953 1116.263 9.1521 0.0 
900000 1073 1000.0 784738.932 1124.035 9.1585 0.0 
901000 1074 1000.0 785436.857 1115.823 9.1568 0.0 
902000 1075 1000.0 786683.426 1118.26 9.1561 0.0 
903000 1076 1000.0 788118.931 1124.753 9.1595 0.0 
904000 1077 1000.0 788817.013 1115.837 9.1587 0.0 
905000 1078 1000.0 790202.342 1121.496 9.1546 0.0 
906000 1079 1000.0 790789.017 1110.707 9.1523 0.0 
907000 1080 1000.0 791814.695 1110.082 9.1499 0.0 
908000 1081 1000.0 792506.978 1101.502 9.1473 0.0 
909000 1082 1000.0 793156.706 1092.644 9.1457 0.0 
910000 1083 1000.0 794754.459 1102.498 9.1434 0.0 
911000 1084 1000.0 795344.225 1092.516 9.1437 0.0 
912000 1085 1000.0 796007.252 1083.609 9.146 0.0 
913000 1086 1000.0 797133.067 1084.811 9.1452 0.0 
914000 1087 983.02 797699.294 1063.916 8.9898 0.0 
915000 1088 983.359 799098.389 1054.201 8.9948 0.0 
916000 1089 983.692 800669.101 1063.424 8.9968 0.0 
917000 1090 984.018 802301.689 1073.304 8.9989 0.0 
918000 1091 984.338 803849.208 1084.787 9.0 0.0 
919000 1092 984.651 804455.614 1093.248 9.0029 0.0 
920000 1093 984.958 805288.222 1081.946 9.0107 0.0 
921000 1094 985.259 806397.0 1077.239 9.0191 0.0 
922000 1095 985.554 807688.557 1077.872 9.023 0.0 
923000 1096 985.843 808849.178 1082.836 9.0268 0.0 
924000 1097 986.126 810047.872 1084.684 9.0311 0.0 
925000 1098 986.403 810686.954 1086.547 9.0336 0.0 
926000 1099 986.675 811428.897 1076.884 9.0377 0.0 
927000 1100 986.942 812169.513 1070.442 9.0431 0.0 
928000 1101 987.203 812898.027 1063.749 9.0502 0.0 
929000 1102 987.459 813463.537 1057.063 9.0536 0.0 
930000 1103 987.71 814135.146 1046.976 9.0539 0.0 
931000 1104 987.956 815084.134 1039.556 9.0541 0.0 
932000 1105 988.196 815867.711 1038.391 9.0543 0.0 
933000 1106 988.433 816533.445 1032.904 9.0546 0.0 
934000 1107 988.664 817782.381 1025.361 9.0551 0.0 
935000 1108 988.891 819137.588 1030.998 9.0619 0.0 
936000 1109 989.113 820678.231 1038.566 9.0662 0.0 
937000 1110 989.331 821698.726 1047.535 9.0742 0.0 
938000 1111 989.544 822760.687 1046.11 9.0744 0.0 
939000 1112 989.753 824155.652 1046.511 9.0742 0.0 
940000 1113 989.958 825691.418 1055.095 9.073 0.0 
941000 1114 990.159 827024.593 1064.132 9.0714 0.0 
942000 1115 990.356 828165.503 1068.283 9.0699 0.0 
943000 1116 990.549 829364.093 1069.607 9.0706 0.0 
944000 1117 990.738 830531.53 1072.424 9.0742 0.0 
945000 1118 990.923 831704.149 1074.313 9.0779 0.0 
946000 1119 991.104 833048.079 1076.625 9.0787 0.0 
947000 1120 991.282 834395.824 1083.041 9.0789 0.0 
948000 1121 991.457 835117.064 1087.281 9.0801 0.0 
949000 1122 991.628 835891.722 1079.574 9.0823 0.0 
950000 1123 991.795 837218.375 1075.707 9.0813 0.0 
951000 1124 991.959 837956.416 1080.285 9.081 0.0 
952000 1125 992.12 838567.061 1071.465 9.0842 0.0 
953000 1126 992.277 839175.07 1062.248 9.0885 0.0 
954000 1127 992.432 839931.25 1052.954 9.0887 0.0 
955000 1128 992.583 840630.289 1047.291 9.0889 0.0 
956000 1129 992.732 841201.729 1040.137 9.0889 0.0 
957000 1130 992.877 841786.414 1030.61 9.0891 0.0 
958000 1131 993.019 842489.443 1021.942 9.0897 0.0 
959000 1132 993.159 843123.553 1015.581 9.0914 0.0 
960000 1133 993.296 843906.76 1007.879 9.0964 0.0 
961000 1134 993.43 844772.729 1003.925 9.1011 0.0 
962000 1135 993.561 845524.611 1000.862 9.1025 0.0 
963000 1136 993.69 846607.4 995.767 9.1053 0.0 
964000 1137 993.816 847510.655 998.971 9.1073 0.0 
965000 1138 993.94 848217.017 995.709 9.1099 0.0 
966000 1139 994.061 848934.709 989.657 9.1113 0.0 
967000 1140 994.18 849418.963 984.312 9.1107 0.0 
968000 1141 994.296 850138.465 973.806 9.1193 0.0 
969000 1142 994.41 850558.846 969.298 9.1253 0.0 
970000 1143 994.522 851442.976 957.643 9.1257 0.0 
971000 1144 994.632 852275.276 957.429 9.1327 0.0 
972000 1145 994.739 853111.038 954.881 9.1323 0.0 
973000 1146 994.844 853951.071 951.983 9.1334 0.0 
974000 1147 994.947 854940.812 949.853 9.1336 0.0 
975000 1148 995.049 856183.837 950.787 9.1317 0.0 
976000 1149 995.148 856785.815 957.39 9.1333 0.0 
977000 1150 995.245 857551.714 948.665 9.1343 0.0 
978000 1151 995.34 859020.934 945.657 9.1316 0.0 
979000 1152 995.433 859998.238 956.895 9.1294 0.0 
980000 1153 995.524 860786.342 956.767 9.128 0.0 
981000 1154 995.614 861618.358 952.814 9.1346 0.0 
982000 1155 995.702 862715.933 950.859 9.1349 0.0 
983000 1156 995.787 863633.244 953.687 9.1358 0.0 
984000 1157 995.872 864417.08 952.589 9.1443 0.0 
985000 1158 995.954 865214.87 949.466 9.1533 0.0 
986000 1159 996.035 865900.38 946.601 9.1585 0.0 
987000 1160 996.115 866675.915 941.016 9.1568 0.0 
988000 1161 996.192 867433.358 937.921 9.1606 0.0 
989000 1162 996.268 868240.946 934.31 9.1612 0.0 
990000 1163 996.343 869039.575 931.947 9.1588 0.0 
991000 1164 996.416 869789.624 929.274 9.1607 0.0 
992000 1165 996.488 870802.868 925.698 9.1664 0.0 
993000 1166 996.558 871591.015 927.599 9.1669 0.0 
994000 1167 996.627 872388.026 924.652 9.1712 0.0 
995000 1168 996.694 873056.474 921.933 9.1711 0.0 
996000 1169 996.76 873764.505 916.609 9.1707 0.0 
997000 1170 996.825 874542.154 912.627 9.1684 0.0 
998000 1171 996.889 875322.435 909.971 9.1657 0.0 
999000 1172 996.951 876139.439 907.551 9.1646 0.0 
1000000 1173 997.012 876884.298 905.438 9.1693 0.0 
