1000 9 17.714 -370.988 -6.743 0.072 0.0 
2000 19 33.517 -723.307 -12.135 0.1404 0.0 
3000 28 44.964 -1116.62 -17.148 0.1936 0.0 
4000 34 51.98 -1371.741 -20.482 0.2257 0.0 
5000 43 67.94 -1626.422 -21.361 0.3629 0.0 
6000 49 78.37 -1767.209 -21.704 0.4659 0.0 
7000 57 84.976 -2024.208 -22.679 0.5443 0.0 
8000 64 93.784 -2167.488 -22.726 0.6341 0.0 
9000 70 103.617 -2430.261 -25.546 0.8045 0.0 
10000 79 104.125 -2616.631 -24.42 0.8804 0.0 
11000 86 106.184 -2596.917 -20.868 0.9478 0.0 
12000 88 113.591 -2643.442 -20.811 1.0525 0.0 
13000 89 131.319 -2655.907 -20.698 1.3754 0.0 
14000 90 148.693 -2668.472 -20.612 1.6768 0.0 
15000 92 170.145 -2693.279 -20.214 2.0261 0.0 
16000 95 174.282 -2734.166 -19.945 2.086 0.0 
17000 98 191.532 -2773.807 -19.444 2.3637 0.0 
18000 104 187.237 -2888.743 -19.213 2.3406 0.0 
19000 110 186.259 -2982.641 -18.952 2.3256 0.0 
20000 116 185.45 -3060.743 -18.43 2.3022 0.0 
21000 122 183.481 -3119.614 -17.489 2.2729 0.0 
22000 127 182.915 -3216.144 -17.384 2.2623 0.0 
23000 132 185.304 -3260.775 -16.849 2.287 0.0 
24000 137 187.885 -3317.513 -16.266 2.3155 0.0 
25000 139 193.005 -3343.231 -15.949 2.3826 0.0 
26000 144 199.465 -3407.718 -15.904 2.4697 0.0 
27000 147 203.621 -3453.534 -15.696 2.5206 0.0 
28000 151 206.888 -3505.998 -15.523 2.5586 0.0 
29000 153 217.486 -3527.669 -15.244 2.6826 0.0 
30000 156 225.317 -3553.769 -14.999 2.7779 0.0 
31000 157 235.451 -3560.364 -14.965 2.9219 0.0 
32000 160 251.101 -3581.65 -14.462 3.146 0.0 
33000 162 257.199 -3611.059 -14.294 3.2217 0.0 
34000 165 262.872 -3648.908 -14.301 3.288 0.0 
35000 168 265.538 -3697.193 -14.315 3.3188 0.0 
36000 170 272.699 -3709.78 -14.01 3.3961 0.0 
37000 172 287.833 -3750.754 -14.343 3.6277 0.0 
38000 174 290.18 -3793.091 -14.425 3.6681 0.0 
39000 176 295.826 -3790.653 -14.17 3.7883 0.0 
40000 177 309.909 -3807.116 -13.889 3.9609 0.0 
41000 178 320.311 -3807.488 -13.737 4.0812 0.0 
42000 179 332.165 -3810.23 -13.425 4.2315 0.0 
43000 180 345.521 -3818.995 -13.423 4.3839 0.0 
44000 181 358.611 -3834.723 -13.31 4.542 0.0 
45000 182 371.439 -3845.322 -13.311 4.7075 0.0 
46000 183 384.01 -3857.585 -13.282 4.8844 0.0 
47000 184 396.33 -3870.953 -13.26 5.0248 0.0 
48000 185 408.403 -3881.221 -13.274 5.2135 0.0 
49000 186 420.235 -3893.504 -13.202 5.4132 0.0 
50000 187 431.83 -3906.156 -13.179 5.5723 0.0 
51000 188 443.194 -3915.956 -13.175 5.7268 0.0 
52000 189 454.33 -3927.672 -13.118 5.8538 0.0 
53000 190 465.243 -3939.777 -13.091 6.0099 0.0 
54000 191 475.939 -3948.743 -13.046 6.144 0.0 
55000 192 486.42 -3963.889 -13.006 6.3098 0.0 
56000 193 496.691 -3972.965 -13.029 6.4697 0.0 
57000 194 506.758 -3985.697 -12.931 6.5774 0.0 
58000 195 516.622 -3998.926 -12.927 6.7453 0.0 
59000 196 526.29 -4011.768 -12.948 6.8533 0.0 
60000 197 535.764 -4027.967 -12.946 6.981 0.0 
61000 198 545.049 -4042.951 -13.027 7.109 0.0 
62000 199 554.148 -4055.956 -13.048 7.2902 0.0 
63000 201 566.084 -4072.124 -13.026 7.4624 0.0 
64000 202 574.762 -4089.995 -13.125 7.5985 0.0 
65000 203 583.267 -4105.333 -13.149 7.7048 0.0 
66000 204 591.601 -4119.437 -13.178 7.8106 0.0 
67000 205 599.769 -4133.488 -13.208 7.8685 0.0 
68000 206 607.774 -4147.403 -13.212 7.9718 0.0 
69000 207 615.618 -4157.922 -13.168 8.0201 0.0 
70000 208 623.306 -4170.154 -13.161 8.0564 0.0 
71000 209 630.84 -4182.094 -13.124 8.0991 0.0 
72000 210 638.223 -4197.557 -13.18 8.1305 0.0 
73000 211 645.459 -4217.211 -13.295 8.1796 0.0 
74000 212 652.55 -4229.88 -13.29 8.2794 0.0 
75000 213 659.499 -4245.173 -13.335 8.36 0.0 
76000 214 666.309 -4257.865 -13.317 8.3818 0.0 
77000 215 672.982 -4271.96 -13.316 8.4117 0.0 
78000 216 679.523 -4281.289 -13.26 8.4732 0.0 
79000 217 685.932 -4296.591 -13.286 8.5267 0.0 
80000 218 692.214 -4308.998 -13.284 8.5414 0.0 
81000 219 698.369 -4323.09 -13.295 8.5727 0.0 
82000 220 704.402 -4338.535 -13.332 8.6056 0.0 
83000 221 710.314 -4350.324 -13.288 8.6422 0.0 
84000 222 716.108 -4359.899 -13.238 8.6657 0.0 
85000 223 721.786 -4377.652 -13.305 8.6939 0.0 
86000 224 710.95 -4390.495 -13.028 8.5487 0.0 
87000 225 716.731 -4401.752 -13.105 8.5828 0.0 
88000 226 722.396 -4416.474 -13.05 8.5925 0.0 
89000 227 727.948 -4431.133 -13.072 8.6004 0.0 
90000 228 733.389 -4449.515 -13.11 8.6167 0.0 
91000 229 738.722 -4461.76 -13.209 8.6511 0.0 
92000 230 743.947 -4472.72 -13.193 8.6778 0.0 
93000 232 740.007 -4483.979 -12.946 8.6009 0.0 
94000 233 745.207 -4494.178 -12.925 8.6288 0.0 
95000 234 750.303 -4507.539 -12.92 8.6769 0.0 
96000 236 744.011 -4524.608 -12.728 8.5364 0.0 
97000 237 749.13 -4534.716 -12.83 8.5837 0.0 
98000 238 754.148 -4548.122 -12.725 8.6021 0.0 
99000 240 749.563 -4558.92 -12.531 8.5242 0.0 
100000 241 754.572 -4571.564 -12.512 8.5425 0.0 
101000 242 759.481 -4588.306 -12.595 8.5807 0.0 
102000 243 764.291 -4606.171 -12.684 8.5982 0.0 
103000 244 769.005 -4623.397 -12.785 8.6524 0.0 
104000 245 773.625 -4634.205 -12.836 8.699 0.0 
105000 246 778.153 -4652.796 -12.87 8.7436 0.0 
106000 247 782.59 -4670.362 -12.96 8.7895 0.0 
107000 248 786.938 -4686.086 -13.017 8.81 0.0 
108000 249 784.279 -4709.239 -13.042 8.758 0.0 
109000 250 785.954 -4729.498 -13.232 8.7597 0.0 
110000 251 785.474 -4753.064 -13.221 8.7287 0.0 
111000 252 789.765 -4774.936 -13.39 8.7378 0.0 
112000 253 793.97 -4792.396 -13.58 8.7769 0.0 
113000 255 788.588 -4807.37 -13.508 8.6649 0.0 
114000 256 792.817 -4821.025 -13.494 8.6741 0.0 
115000 257 796.96 -4835.632 -13.555 8.7005 0.0 
116000 258 801.021 -4851.009 -13.508 8.7187 0.0 
117000 259 805.001 -4865.332 -13.569 8.7291 0.0 
118000 260 808.901 -4880.244 -13.57 8.7397 0.0 
119000 261 812.723 -4895.526 -13.664 8.7812 0.0 
120000 262 814.548 -4912.277 -13.676 8.7682 0.0 
121000 263 818.257 -4925.632 -13.686 8.7802 0.0 
122000 265 811.677 -4943.016 -13.559 8.6717 0.0 
123000 267 802.215 -4959.353 -13.392 8.56 0.0 
124000 268 806.171 -4976.882 -13.437 8.5975 0.0 
125000 269 810.047 -4995.469 -13.586 8.6481 0.0 
126000 270 813.846 -5013.207 -13.657 8.6821 0.0 
127000 271 817.569 -5032.655 -13.7 8.7011 0.0 
128000 272 821.218 -5043.165 -13.72 8.722 0.0 
129000 273 809.974 -5053.21 -13.438 8.5915 0.0 
130000 274 813.774 -5068.827 -13.397 8.638 0.0 
131000 277 797.755 -5078.526 -13.04 8.4295 0.0 
132000 278 801.799 -5092.642 -13.026 8.4566 0.0 
133000 280 791.641 -5114.152 -12.931 8.33 0.0 
134000 283 766.407 -5134.974 -12.615 8.0272 0.0 
135000 287 724.106 -5157.907 -12.096 7.5512 0.0 
136000 290 699.313 -5179.523 -11.738 7.2643 0.0 
137000 295 652.554 -5218.806 -11.428 6.7341 0.0 
138000 299 623.62 -5238.67 -10.912 6.3978 0.0 
139000 302 603.698 -5269.983 -10.86 6.1645 0.0 
140000 306 575.927 -5297.244 -10.571 5.8443 0.0 
141000 307 584.409 -5311.805 -10.608 5.9467 0.0 
142000 308 591.86 -5310.79 -10.469 6.05 0.0 
143000 311 579.467 -5307.928 -9.844 5.8913 0.0 
144000 312 587.878 -5321.643 -9.849 5.9967 0.0 
145000 313 596.12 -5330.726 -9.876 6.0866 0.0 
146000 314 604.198 -5333.817 -9.705 6.1614 0.0 
147000 315 612.114 -5344.252 -9.702 6.2435 0.0 
148000 316 619.871 -5353.642 -9.719 6.2974 0.0 
149000 317 627.474 -5355.009 -9.511 6.3584 0.0 
150000 318 634.924 -5365.599 -9.579 6.4109 0.0 
151000 319 642.226 -5381.599 -9.705 6.4833 0.0 
152000 320 649.381 -5393.995 -9.755 6.5478 0.0 
153000 321 656.394 -5409.909 -9.832 6.6139 0.0 
154000 322 663.266 -5431.033 -10.132 6.6642 0.0 
155000 323 670.001 -5446.431 -10.278 6.7494 0.0 
156000 324 676.601 -5466.841 -10.397 6.8186 0.0 
157000 325 678.609 -5492.251 -10.549 6.8192 0.0 
158000 326 684.476 -5517.897 -10.833 6.8693 0.0 
159000 327 688.247 -5538.563 -11.062 6.8981 0.0 
160000 328 694.482 -5556.461 -11.18 6.9478 0.0 
161000 329 700.592 -5570.055 -11.312 7.0252 0.0 
162000 330 706.58 -5591.546 -11.392 7.1182 0.0 
163000 331 712.449 -5609.945 -11.55 7.187 0.0 
164000 332 718.2 -5633.011 -11.743 7.2444 0.0 
165000 333 723.836 -5654.018 -11.939 7.2886 0.0 
166000 334 729.359 -5673.057 -12.129 7.3593 0.0 
167000 335 734.772 -5687.313 -12.27 7.4105 0.0 
168000 336 740.077 -5705.59 -12.324 7.4678 0.0 
169000 337 745.275 -5716.315 -12.395 7.5136 0.0 
170000 338 750.37 -5736.979 -12.388 7.5795 0.0 
171000 339 755.362 -5749.41 -12.523 7.6532 0.0 
172000 340 760.255 -5770.743 -12.571 7.7 0.0 
173000 341 765.05 -5786.102 -12.698 7.7457 0.0 
174000 342 769.749 -5804.065 -12.806 7.7856 0.0 
175000 343 774.354 -5814.165 -12.796 7.8181 0.0 
176000 344 778.867 -5823.381 -12.737 7.8651 0.0 
177000 345 783.289 -5836.703 -12.668 7.918 0.0 
178000 346 787.624 -5855.527 -12.748 7.9596 0.0 
179000 347 791.871 -5875.115 -12.919 8.0189 0.0 
180000 348 796.034 -5895.614 -13.042 8.0406 0.0 
181000 349 800.113 -5912.297 -13.226 8.0832 0.0 
182000 350 804.111 -5922.347 -13.194 8.1265 0.0 
183000 351 808.029 -5944.448 -13.184 8.1738 0.0 
184000 352 811.868 -5960.039 -13.315 8.2052 0.0 
185000 353 815.631 -5970.98 -13.35 8.2542 0.0 
186000 354 819.318 -5985.391 -13.324 8.3022 0.0 
187000 355 822.932 -6000.343 -13.346 8.3598 0.0 
188000 356 826.473 -6018.179 -13.391 8.4083 0.0 
189000 357 829.944 -6035.791 -13.458 8.4549 0.0 
190000 358 833.345 -6049.852 -13.566 8.4854 0.0 
191000 359 836.678 -6065.047 -13.571 8.5075 0.0 
192000 360 839.944 -6073.277 -13.579 8.5448 0.0 
193000 361 843.145 -6085.235 -13.432 8.5817 0.0 
194000 362 846.282 -6100.66 -13.498 8.6208 0.0 
195000 363 849.357 -6117.92 -13.559 8.641 0.0 
196000 364 852.37 -6132.201 -13.618 8.6722 0.0 
197000 365 855.322 -6132.803 -13.474 8.7081 0.0 
198000 366 858.216 -6151.729 -13.276 8.7533 0.0 
199000 367 861.052 -6180.211 -13.62 8.7848 0.0 
200000 368 863.83 -6208.688 -13.899 8.8267 0.0 
201000 369 866.554 -6222.71 -14.074 8.8563 0.0 
202000 370 869.223 -6234.89 -13.99 8.8747 0.0 
203000 371 871.838 -6247.441 -13.956 8.9176 0.0 
204000 372 874.402 -6259.834 -13.89 8.9382 0.0 
205000 374 866.838 -6266.257 -13.658 8.8361 0.0 
206000 376 848.903 -6277.464 -13.275 8.6264 0.0 
207000 378 833.875 -6285.279 -12.874 8.4391 0.0 
208000 379 834.337 -6291.332 -12.731 8.4576 0.0 
209000 380 837.65 -6305.165 -12.682 8.4887 0.0 
210000 381 840.897 -6319.554 -12.737 8.5268 0.0 
211000 382 844.08 -6334.473 -12.756 8.5318 0.0 
212000 383 847.198 -6352.514 -12.801 8.5632 0.0 
213000 384 850.254 -6368.24 -12.926 8.578 0.0 
214000 385 853.249 -6380.761 -12.977 8.602 0.0 
215000 386 856.184 -6399.778 -12.98 8.6041 0.0 
216000 387 859.06 -6418.771 -13.099 8.6168 0.0 
217000 388 861.879 -6438.815 -13.266 8.6489 0.0 
218000 390 856.513 -6464.853 -13.395 8.5715 0.0 
219000 392 841.312 -6481.644 -13.196 8.3861 0.0 
220000 393 833.506 -6502.527 -13.088 8.2956 0.0 
221000 394 836.836 -6518.164 -13.325 8.3075 0.0 
222000 395 840.099 -6526.955 -13.216 8.3397 0.0 
223000 396 843.297 -6540.713 -13.166 8.3661 0.0 
224000 397 846.431 -6552.306 -13.138 8.3847 0.0 
225000 398 849.503 -6570.415 -13.154 8.4093 0.0 
226000 399 848.173 -6583.308 -13.231 8.3791 0.0 
227000 400 851.209 -6598.203 -13.155 8.3976 0.0 
228000 401 854.185 -6612.542 -13.217 8.4347 0.0 
229000 402 857.101 -6624.22 -13.202 8.4475 0.0 
230000 403 859.959 -6637.171 -13.2 8.465 0.0 
231000 404 862.76 -6651.662 -13.198 8.4714 0.0 
232000 405 865.505 -6670.198 -13.259 8.4878 0.0 
233000 406 868.195 -6691.173 -13.342 8.5133 0.0 
234000 407 870.831 -6719.665 -13.535 8.5654 0.0 
235000 408 873.414 -6735.687 -13.786 8.722 0.0 
236000 409 875.946 -6752.183 -13.785 8.8242 0.0 
237000 410 878.427 -6762.616 -13.85 8.9696 0.0 
238000 411 880.859 -6781.186 -13.798 9.0438 0.0 
239000 412 883.241 -6793.295 -13.866 9.0979 0.0 
240000 413 885.577 -6806.908 -13.868 9.117 0.0 
241000 414 887.865 -6825.059 -13.875 9.1285 0.0 
242000 415 890.108 -6841.421 -13.962 9.1518 0.0 
243000 416 892.306 -6864.651 -14.039 9.1768 0.0 
244000 417 894.459 -6885.823 -14.199 9.1978 0.0 
245000 418 896.57 -6907.426 -14.35 9.2044 0.0 
246000 419 898.639 -6924.965 -14.462 9.2234 0.0 
247000 420 900.666 -6939.513 -14.538 9.229 0.0 
248000 421 902.653 -6962.061 -14.552 9.2418 0.0 
249000 422 904.6 -6979.789 -14.69 9.2629 0.0 
250000 423 906.508 -6994.283 -14.751 9.2859 0.0 
251000 424 908.378 -7006.314 -14.72 9.2903 0.0 
252000 425 910.21 -7018.222 -14.671 9.3178 0.0 
253000 426 912.006 -7028.178 -14.6 9.3301 0.0 
254000 427 913.766 -7040.846 -14.519 9.337 0.0 
255000 428 915.49 -7053.606 -14.469 9.3426 0.0 
256000 429 917.181 -7070.502 -14.463 9.3496 0.0 
257000 430 918.837 -7086.468 -14.52 9.3542 0.0 
258000 431 920.46 -7103.399 -14.548 9.3668 0.0 
259000 432 922.051 -7122.091 -14.593 9.3867 0.0 
260000 433 923.61 -7142.733 -14.659 9.379 0.0 
261000 434 925.138 -7156.491 -14.78 9.3952 0.0 
262000 435 926.635 -7166.812 -14.76 9.3975 0.0 
263000 436 928.102 -7176.43 -14.678 9.3981 0.0 
264000 437 929.54 -7187.6 -14.573 9.409 0.0 
265000 438 930.949 -7197.67 -14.495 9.4429 0.0 
266000 439 932.33 -7211.705 -14.405 9.4709 0.0 
267000 440 933.684 -7219.722 -14.393 9.4903 0.0 
268000 441 935.01 -7227.597 -14.277 9.5017 0.0 
269000 442 936.31 -7235.104 -14.13 9.5214 0.0 
270000 443 937.584 -7253.073 -14.013 9.5325 0.0 
271000 444 938.832 -7270.485 -14.128 9.5342 0.0 
272000 445 940.055 -7280.462 -14.17 9.5568 0.0 
273000 446 941.254 -7298.541 -14.09 9.567 0.0 
274000 447 942.429 -7314.86 -14.166 9.5777 0.0 
275000 448 943.581 -7333.682 -14.223 9.5692 0.0 
276000 449 944.709 -7345.388 -14.307 9.5937 0.0 
277000 450 945.815 -7357.962 -14.241 9.5939 0.0 
278000 451 946.899 -7375.987 -14.202 9.6089 0.0 
279000 452 947.961 -7390.1 -14.296 9.6217 0.0 
280000 453 949.001 -7404.277 -14.283 9.6166 0.0 
281000 454 950.021 -7420.773 -14.328 9.6077 0.0 
282000 455 951.021 -7428.666 -14.344 9.6113 0.0 
283000 456 952.001 -7436.586 -14.166 9.6112 0.0 
284000 457 952.961 -7451.243 -14.046 9.6066 0.0 
285000 458 953.901 -7465.012 -14.122 9.6016 0.0 
286000 459 954.823 -7474.254 -14.076 9.6126 0.0 
287000 460 955.727 -7490.118 -14.0 9.6485 0.0 
288000 461 956.612 -7504.639 -14.032 9.6741 0.0 
289000 462 957.48 -7523.662 -14.035 9.7022 0.0 
290000 463 958.33 -7541.336 -14.118 9.7179 0.0 
291000 464 959.164 -7556.476 -14.213 9.7146 0.0 
292000 465 959.981 -7572.412 -14.248 9.7319 0.0 
293000 466 960.781 -7584.408 -14.24 9.7335 0.0 
294000 467 961.565 -7597.327 -14.208 9.7203 0.0 
295000 468 962.334 -7613.885 -14.188 9.7266 0.0 
296000 469 963.087 -7638.958 -14.256 9.7302 0.0 
297000 470 960.546 -7656.002 -14.422 9.6754 0.0 
298000 472 958.908 -7680.518 -14.591 9.675 0.0 
299000 473 955.99 -7702.466 -14.698 9.6293 0.0 
300000 474 956.87 -7713.962 -14.712 9.6225 0.0 
301000 475 957.733 -7727.553 -14.637 9.6234 0.0 
302000 476 958.578 -7747.791 -14.714 9.6222 0.0 
303000 477 959.406 -7763.391 -14.795 9.6201 0.0 
304000 478 960.218 -7779.343 -14.814 9.6077 0.0 
305000 479 961.014 -7795.716 -14.876 9.5971 0.0 
306000 480 961.794 -7810.704 -14.908 9.6215 0.0 
307000 481 962.558 -7822.811 -14.866 9.6363 0.0 
308000 482 963.307 -7837.902 -14.759 9.6244 0.0 
309000 483 964.04 -7871.124 -15.076 9.6158 0.0 
310000 484 964.76 -7907.163 -15.493 9.6092 0.0 
311000 485 965.464 -7923.881 -15.591 9.6128 0.0 
312000 486 966.155 -7932.382 -15.535 9.6212 0.0 
313000 487 966.832 -7947.338 -15.434 9.6186 0.0 
314000 488 967.495 -7965.451 -15.433 9.63 0.0 
315000 489 968.146 -7976.443 -15.479 9.6185 0.0 
316000 490 968.783 -7986.449 -15.375 9.612 0.0 
317000 491 969.407 -7995.16 -15.247 9.6202 0.0 
318000 492 970.019 -7993.476 -15.129 9.6361 0.0 
319000 493 959.838 -7998.678 -14.522 9.5218 0.0 
320000 494 960.642 -8008.74 -14.407 9.5362 0.0 
321000 497 938.487 -8022.321 -13.958 9.3175 0.0 
322000 502 868.068 -8047.801 -13.059 8.5818 0.0 
323000 503 854.147 -8055.419 -12.638 8.4377 0.0 
324000 505 846.503 -8057.493 -12.392 8.3758 0.0 
325000 506 849.573 -8077.947 -12.551 8.4382 0.0 
326000 507 852.581 -8098.622 -12.673 8.4755 0.0 
327000 508 855.53 -8116.24 -12.821 8.5442 0.0 
328000 510 850.411 -8121.811 -12.557 8.5072 0.0 
329000 513 813.434 -8118.767 -11.646 8.1153 0.0 
330000 514 817.165 -8136.636 -11.803 8.143 0.0 
331000 515 820.822 -8129.365 -11.865 8.1688 0.0 
332000 516 824.406 -8128.182 -11.28 8.2085 0.0 
333000 517 827.257 -8129.93 -11.065 8.255 0.0 
334000 519 822.939 -8140.497 -10.848 8.2106 0.0 
335000 520 825.68 -8146.748 -10.791 8.2332 0.0 
336000 521 829.166 -8153.69 -10.761 8.2832 0.0 
337000 522 822.803 -8157.296 -10.545 8.2128 0.0 
338000 524 818.315 -8167.398 -10.328 8.168 0.0 
339000 525 817.629 -8169.305 -10.151 8.1752 0.0 
340000 526 811.996 -8174.255 -9.873 8.1082 0.0 
341000 527 815.756 -8190.538 -9.956 8.1592 0.0 
342000 529 817.439 -8184.46 -9.652 8.1676 0.0 
343000 530 816.23 -8191.854 -9.661 8.1529 0.0 
344000 532 797.974 -8193.419 -9.214 7.9556 0.0 
345000 534 792.042 -8191.766 -8.838 7.8969 0.0 
346000 535 792.341 -8204.597 -8.94 7.8867 0.0 
347000 536 790.494 -8203.514 -8.538 7.8654 0.0 
348000 537 794.684 -8217.645 -8.616 7.9238 0.0 
349000 538 798.79 -8226.097 -8.737 7.9973 0.0 
350000 539 802.815 -8236.793 -8.721 8.0155 0.0 
351000 540 806.758 -8249.017 -8.763 8.0431 0.0 
352000 541 810.623 -8265.051 -8.846 8.0942 0.0 
353000 542 814.411 -8283.239 -9.016 8.1301 0.0 
354000 543 818.123 -8300.958 -9.184 8.1718 0.0 
355000 544 821.76 -8313.735 -9.363 8.1951 0.0 
356000 545 825.325 -8329.027 -9.408 8.2385 0.0 
357000 546 825.958 -8345.514 -9.507 8.2425 0.0 
358000 547 829.439 -8350.254 -9.614 8.2942 0.0 
359000 548 832.85 -8367.012 -9.518 8.3297 0.0 
360000 549 836.193 -8377.765 -9.659 8.3664 0.0 
361000 550 839.47 -8392.01 -9.677 8.4066 0.0 
362000 552 829.707 -8396.904 -9.382 8.3112 0.0 
363000 553 833.112 -8411.097 -9.552 8.3623 0.0 
364000 554 836.45 -8422.49 -9.637 8.3829 0.0 
365000 555 839.721 -8435.655 -9.681 8.3945 0.0 
366000 556 842.927 -8448.764 -9.792 8.4318 0.0 
367000 557 846.068 -8460.112 -9.8 8.4962 0.0 
368000 558 849.147 -8479.543 -9.865 8.5204 0.0 
369000 559 852.164 -8494.718 -10.038 8.5522 0.0 
370000 560 855.121 -8510.777 -10.149 8.6053 0.0 
371000 561 858.018 -8529.374 -10.272 8.6439 0.0 
372000 562 860.858 -8547.782 -10.454 8.6801 0.0 
373000 563 863.641 -8561.446 -10.582 8.7157 0.0 
374000 564 866.368 -8578.489 -10.659 8.7384 0.0 
375000 565 869.041 -8596.646 -10.788 8.7642 0.0 
376000 566 871.66 -8606.458 -10.911 8.7932 0.0 
377000 567 874.227 -8617.012 -10.884 8.8606 0.0 
378000 568 876.742 -8631.688 -10.909 8.8706 0.0 
379000 569 879.207 -8641.723 -10.95 8.9168 0.0 
380000 570 881.623 -8658.495 -10.952 8.9398 0.0 
381000 572 871.031 -8634.094 -10.605 8.8446 0.0 
382000 573 870.95 -8641.133 -10.035 8.8437 0.0 
383000 574 873.531 -8655.918 -10.138 8.852 0.0 
384000 575 876.06 -8669.294 -10.234 8.8672 0.0 
385000 576 878.539 -8682.59 -10.312 8.9179 0.0 
386000 577 880.969 -8688.808 -10.358 8.9246 0.0 
387000 578 883.349 -8700.179 -10.215 8.9542 0.0 
388000 579 885.682 -8714.095 -10.283 8.9733 0.0 
389000 580 887.969 -8719.774 -10.351 9.0217 0.0 
390000 581 890.209 -8728.447 -10.265 9.0419 0.0 
391000 583 886.797 -8717.695 -9.851 8.977 0.0 
392000 584 889.061 -8706.458 -9.33 8.9776 0.0 
393000 585 891.28 -8703.247 -9.083 8.9944 0.0 
394000 586 893.454 -8697.111 -8.801 9.0235 0.0 
395000 587 895.585 -8695.113 -8.617 9.0574 0.0 
396000 590 861.897 -8652.6 -7.269 8.6822 0.0 
397000 591 860.139 -8636.189 -6.829 8.6532 0.0 
398000 593 842.83 -8617.603 -6.372 8.4581 0.0 
399000 595 835.118 -8598.189 -5.598 8.3512 0.0 
400000 597 816.854 -8577.487 -5.011 8.1482 0.0 
401000 599 808.175 -8557.528 -4.35 8.0393 0.0 
402000 602 781.166 -8517.153 -3.351 7.7378 0.0 
403000 604 758.191 -8498.408 -2.934 7.4926 0.0 
404000 607 747.054 -8468.795 -1.965 7.3552 0.0 
405000 609 735.516 -8436.281 -1.354 7.2255 0.0 
406000 610 727.506 -8421.788 -1.072 7.1348 0.0 
407000 614 703.577 -8395.079 -0.377 6.8608 0.0 
408000 617 678.227 -8364.025 0.177 6.5874 0.0 
409000 620 660.966 -8324.813 1.017 6.3937 0.0 
410000 621 652.967 -8305.425 1.18 6.3073 0.0 
411000 623 659.829 -8274.765 1.764 6.356 0.0 
412000 624 666.632 -8258.739 2.035 6.4002 0.0 
413000 627 645.499 -8224.897 2.719 6.1743 0.0 
414000 629 632.448 -8194.647 3.088 6.0365 0.0 
415000 631 636.44 -8171.205 3.581 6.053 0.0 
416000 634 618.947 -8140.255 3.976 5.865 0.0 
417000 636 612.28 -8115.859 4.226 5.7905 0.0 
418000 637 607.995 -8104.303 4.391 5.7436 0.0 
419000 639 619.198 -8086.165 4.677 5.85 0.0 
420000 642 600.492 -8059.921 4.818 5.6529 0.0 
421000 645 585.549 -8039.612 5.032 5.4934 0.0 
422000 646 581.878 -8026.464 5.03 5.4494 0.0 
423000 648 588.876 -8014.203 5.179 5.5215 0.0 
424000 650 586.11 -7992.395 5.39 5.4875 0.0 
425000 653 574.792 -7976.184 5.525 5.3711 0.0 
426000 654 582.116 -7959.279 5.655 5.4378 0.0 
427000 656 577.018 -7954.06 5.598 5.3798 0.0 
428000 658 576.641 -7941.713 5.622 5.3732 0.0 
429000 660 570.45 -7939.058 5.412 5.3058 0.0 
430000 662 566.792 -7941.537 5.162 5.2545 0.0 
431000 665 557.542 -7936.071 5.028 5.1555 0.0 
432000 666 566.391 -7930.773 5.048 5.2536 0.0 
433000 668 560.571 -7912.731 5.148 5.1938 0.0 
434000 670 557.682 -7892.869 5.323 5.1729 0.0 
435000 672 555.996 -7882.333 5.326 5.1433 0.0 
436000 675 544.513 -7868.703 5.264 5.0271 0.0 
437000 677 539.278 -7851.464 5.327 4.9684 0.0 
438000 680 530.153 -7846.707 5.227 4.8723 0.0 
439000 682 527.332 -7830.618 5.257 4.8461 0.0 
440000 684 520.97 -7823.559 5.219 4.7834 0.0 
441000 687 515.912 -7804.579 5.275 4.7383 0.0 
442000 689 517.507 -7790.003 5.428 4.7631 0.0 
443000 691 513.155 -7771.791 5.467 4.7222 0.0 
444000 694 506.23 -7760.297 5.49 4.6529 0.0 
445000 696 502.089 -7730.031 5.661 4.6028 0.0 
446000 698 495.583 -7717.505 5.848 4.5309 0.0 
447000 699 503.472 -7703.905 5.795 4.5942 0.0 
448000 701 509.614 -7682.801 6.023 4.6545 0.0 
449000 704 505.358 -7673.494 6.015 4.6009 0.0 
450000 706 495.264 -7653.025 6.091 4.4987 0.0 
451000 709 494.825 -7631.131 6.279 4.4768 0.0 
452000 711 484.909 -7600.891 6.437 4.3788 0.0 
453000 712 495.211 -7587.151 6.508 4.4679 0.0 
454000 713 497.126 -7574.421 6.683 4.491 0.0 
455000 719 474.296 -7528.843 6.867 4.2738 0.0 
456000 721 474.665 -7519.406 6.823 4.2827 0.0 
457000 724 466.24 -7510.412 6.622 4.2033 0.0 
458000 726 467.675 -7491.405 6.661 4.2062 0.0 
459000 731 443.333 -7449.293 6.804 3.9667 0.0 
460000 733 433.294 -7423.965 6.939 3.868 0.0 
461000 737 430.401 -7385.1 7.362 3.8268 0.0 
462000 741 418.049 -7358.531 7.366 3.6968 0.0 
463000 746 397.216 -7318.835 7.413 3.4948 0.0 
464000 747 393.971 -7290.743 7.467 3.4618 0.0 
465000 750 399.232 -7260.951 7.782 3.4942 0.0 
466000 753 398.407 -7251.077 7.663 3.4797 0.0 
467000 757 383.694 -7228.388 7.378 3.3361 0.0 
468000 760 381.184 -7208.56 7.347 3.3107 0.0 
469000 763 383.214 -7204.564 7.162 3.3212 0.0 
470000 766 377.474 -7196.355 6.876 3.2731 0.0 
471000 770 361.44 -7190.08 6.254 3.1213 0.0 
472000 771 369.191 -7180.01 6.388 3.1986 0.0 
473000 775 371.72 -7166.039 6.315 3.2292 0.0 
474000 778 362.586 -7148.141 6.234 3.1399 0.0 
475000 781 368.29 -7151.461 5.881 3.2419 0.0 
476000 783 365.502 -7150.664 5.562 3.2162 0.0 
477000 785 378.888 -7152.731 5.381 3.3829 0.0 
478000 788 363.88 -7160.091 4.959 3.2387 0.0 
479000 790 371.651 -7165.584 4.599 3.341 0.0 
480000 792 379.253 -7168.537 4.286 3.43 0.0 
481000 793 385.088 -7162.396 4.46 3.4908 0.0 
482000 797 384.134 -7164.776 3.914 3.5239 0.0 
483000 800 384.407 -7165.795 3.82 3.53 0.0 
484000 803 375.276 -7170.464 3.417 3.4292 0.0 
485000 806 378.979 -7185.188 2.967 3.4935 0.0 
486000 808 376.822 -7187.155 2.762 3.4646 0.0 
487000 810 384.9 -7198.767 2.447 3.5628 0.0 
488000 813 381.455 -7198.105 2.265 3.5103 0.0 
489000 814 383.526 -7191.173 2.41 3.5321 0.0 
490000 815 395.855 -7197.096 2.332 3.683 0.0 
491000 816 407.938 -7197.787 2.178 3.818 0.0 
492000 817 419.779 -7200.854 2.108 3.9396 0.0 
493000 818 428.804 -7202.664 2.088 4.0397 0.0 
494000 819 440.228 -7211.469 1.974 4.2126 0.0 
495000 820 451.423 -7217.462 1.752 4.3576 0.0 
496000 821 462.395 -7224.461 1.597 4.4458 0.0 
497000 822 473.147 -7230.249 1.417 4.5732 0.0 
498000 823 483.684 -7233.662 1.288 4.6884 0.0 
499000 824 494.01 -7235.838 1.198 4.785 0.0 
500000 825 504.13 -7240.873 1.116 4.8915 0.0 
501000 827 507.526 -7252.598 0.863 4.9482 0.0 
502000 828 517.376 -7264.999 0.643 5.0414 0.0 
503000 830 522.808 -7264.991 0.409 5.0937 0.0 
504000 831 532.352 -7268.676 0.304 5.1874 0.0 
505000 832 541.705 -7278.442 0.208 5.3011 0.0 
506000 833 550.871 -7290.666 0.013 5.3998 0.0 
507000 834 559.853 -7303.32 -0.262 5.5033 0.0 
508000 835 568.656 -7310.842 -0.507 5.6151 0.0 
509000 836 577.283 -7324.73 -0.706 5.7104 0.0 
510000 837 585.737 -7335.581 -0.909 5.8331 0.0 
511000 838 594.023 -7347.234 -1.11 5.9295 0.0 
512000 839 602.142 -7359.022 -1.326 6.0133 0.0 
513000 840 610.099 -7367.323 -1.519 6.0958 0.0 
514000 843 598.682 -7361.222 -1.238 5.9755 0.0 
515000 844 606.708 -7371.686 -1.631 6.0387 0.0 
516000 845 614.574 -7377.96 -1.653 6.1402 0.0 
517000 846 622.282 -7379.967 -1.814 6.2222 0.0 
518000 847 629.837 -7395.287 -1.817 6.3416 0.0 
519000 848 637.24 -7408.567 -2.069 6.4045 0.0 
520000 849 644.495 -7413.165 -2.259 6.471 0.0 
521000 850 651.605 -7420.175 -2.293 6.543 0.0 
522000 851 658.573 -7432.099 -2.434 6.6392 0.0 
523000 852 665.402 -7447.745 -2.594 6.7166 0.0 
524000 853 672.094 -7452.376 -2.843 6.7752 0.0 
525000 854 678.652 -7462.054 -2.898 6.8322 0.0 
526000 855 685.079 -7476.214 -3.037 6.9087 0.0 
527000 856 691.377 -7489.567 -3.283 6.9809 0.0 
528000 857 697.55 -7501.612 -3.462 7.018 0.0 
529000 859 684.198 -7506.323 -3.438 6.8577 0.0 
530000 861 684.265 -7523.381 -3.594 6.8274 0.0 
531000 863 671.5 -7525.513 -3.622 6.6764 0.0 
532000 864 677.65 -7530.765 -3.639 6.7645 0.0 
533000 865 684.097 -7537.778 -3.629 6.8131 0.0 
534000 866 690.415 -7543.03 -3.767 6.8718 0.0 
535000 867 696.607 -7547.485 -3.858 6.9491 0.0 
536000 869 691.342 -7555.107 -3.782 6.935 0.0 
537000 870 697.515 -7563.838 -3.853 7.0029 0.0 
538000 871 693.384 -7575.808 -3.82 6.9459 0.0 
539000 873 684.131 -7578.237 -3.807 6.8499 0.0 
540000 874 690.448 -7592.24 -3.82 6.9305 0.0 
541000 877 672.605 -7592.748 -3.768 6.7288 0.0 
542000 879 662.649 -7589.11 -3.618 6.6053 0.0 
543000 880 664.696 -7584.832 -3.451 6.6195 0.0 
544000 882 664.594 -7580.301 -3.244 6.6193 0.0 
545000 883 671.302 -7589.947 -3.258 6.7034 0.0 
546000 885 674.507 -7589.972 -3.38 6.7394 0.0 
547000 886 675.537 -7603.08 -3.38 6.7428 0.0 
548000 888 666.853 -7601.356 -3.359 6.6362 0.0 
549000 889 673.516 -7607.559 -3.348 6.7036 0.0 
550000 891 670.765 -7605.915 -3.293 6.6841 0.0 
551000 892 677.35 -7612.49 -3.339 6.754 0.0 
552000 893 683.803 -7620.033 -3.373 6.8589 0.0 
553000 895 679.116 -7623.726 -3.401 6.8029 0.0 
554000 897 673.364 -7642.305 -3.52 6.7253 0.0 
555000 898 679.897 -7646.523 -3.484 6.836 0.0 
556000 900 671.783 -7651.645 -3.573 6.741 0.0 
557000 901 678.347 -7671.509 -3.735 6.8083 0.0 
558000 902 667.94 -7682.62 -3.702 6.6966 0.0 
559000 904 672.39 -7686.273 -3.859 6.7595 0.0 
560000 905 676.762 -7693.638 -4.021 6.8168 0.0 
561000 906 683.227 -7698.285 -3.927 6.8855 0.0 
562000 907 689.562 -7703.714 -3.951 6.9838 0.0 
563000 908 695.771 -7715.604 -4.073 7.0458 0.0 
564000 909 701.856 -7721.811 -4.144 7.1453 0.0 
565000 910 707.819 -7728.559 -4.161 7.2473 0.0 
566000 913 690.616 -7733.989 -4.114 7.0502 0.0 
567000 914 696.804 -7744.766 -4.239 7.1105 0.0 
568000 915 702.868 -7750.602 -4.293 7.1504 0.0 
569000 916 708.811 -7756.783 -4.333 7.2089 0.0 
570000 917 714.634 -7760.554 -4.334 7.2708 0.0 
571000 918 720.342 -7763.533 -4.326 7.2934 0.0 
572000 919 725.935 -7766.849 -4.332 7.3548 0.0 
573000 920 731.416 -7770.204 -4.271 7.4005 0.0 
574000 921 736.788 -7771.486 -4.271 7.4386 0.0 
575000 922 742.052 -7775.899 -4.25 7.4729 0.0 
576000 923 747.211 -7783.372 -4.251 7.5517 0.0 
577000 924 752.267 -7790.881 -4.307 7.623 0.0 
578000 925 757.222 -7802.642 -4.371 7.7161 0.0 
579000 926 762.077 -7808.978 -4.458 7.7583 0.0 
580000 927 766.836 -7815.666 -4.506 7.8515 0.0 
581000 928 771.499 -7819.152 -4.546 7.909 0.0 
582000 929 776.069 -7822.883 -4.565 7.9721 0.0 
583000 930 780.548 -7823.662 -4.568 8.0566 0.0 
584000 931 780.717 -7822.517 -4.34 8.0624 0.0 
585000 932 785.102 -7824.704 -4.301 8.1197 0.0 
586000 933 789.4 -7824.662 -4.231 8.2072 0.0 
587000 934 793.612 -7825.202 -4.151 8.2493 0.0 
588000 935 797.74 -7823.452 -4.068 8.2792 0.0 
589000 936 801.785 -7827.807 -3.989 8.3296 0.0 
590000 938 793.734 -7819.001 -3.689 8.2507 0.0 
591000 939 797.86 -7822.507 -3.757 8.2905 0.0 
592000 940 801.903 -7823.72 -3.698 8.3309 0.0 
593000 941 805.865 -7825.208 -3.664 8.4089 0.0 
594000 943 797.292 -7823.048 -3.319 8.3234 0.0 
595000 944 801.346 -7830.64 -3.354 8.3721 0.0 
596000 945 805.32 -7829.432 -3.401 8.4158 0.0 
597000 946 809.213 -7834.927 -3.349 8.4237 0.0 
598000 947 813.029 -7838.347 -3.32 8.4701 0.0 
599000 949 787.229 -7818.369 -2.914 8.1838 0.0 
600000 951 777.455 -7819.541 -2.74 8.0483 0.0 
601000 954 764.073 -7796.581 -2.051 7.8893 0.0 
602000 955 768.791 -7796.173 -1.995 7.9236 0.0 
603000 959 726.456 -7760.686 -1.245 7.4438 0.0 
604000 960 714.447 -7764.759 -1.138 7.3145 0.0 
605000 963 695.915 -7747.545 -1.022 7.1229 0.0 
606000 964 701.996 -7735.702 -0.865 7.1797 0.0 
607000 971 641.783 -7698.686 0.243 6.4987 0.0 
608000 972 648.947 -7694.214 0.325 6.5659 0.0 
609000 973 637.628 -7692.807 0.365 6.4471 0.0 
610000 980 584.587 -7654.924 0.875 5.8992 0.0 
611000 982 569.946 -7650.448 1.038 5.7331 0.0 
612000 984 568.956 -7637.178 1.054 5.7118 0.0 
613000 989 541.701 -7616.555 1.325 5.4199 0.0 
614000 992 533.439 -7623.926 1.36 5.3234 0.0 
615000 998 486.761 -7606.588 1.553 4.8233 0.0 
616000 1001 480.632 -7609.02 1.449 4.7483 0.0 
617000 1010 420.001 -7592.382 1.513 4.1038 0.0 
618000 1018 374.189 -7564.163 1.696 3.6185 0.0 
619000 1026 336.579 -7530.232 2.069 3.2169 0.0 
620000 1032 318.183 -7496.637 2.509 3.0063 0.0 
621000 1038 298.967 -7445.92 3.141 2.7948 0.0 
622000 1041 303.606 -7468.469 2.67 2.8424 0.0 
623000 1048 282.447 -7425.96 3.125 2.6108 0.0 
624000 1058 249.078 -7419.901 2.579 2.2698 0.0 
625000 1067 226.9 -7400.631 2.551 2.0369 0.0 
626000 1073 218.258 -7358.105 2.976 1.9351 0.0 
627000 1080 208.498 -7331.691 3.123 1.8236 0.0 
628000 1089 193.607 -7302.485 3.221 1.6687 0.0 
629000 1095 188.721 -7257.242 3.665 1.6094 0.0 
630000 1105 174.338 -7261.423 2.925 1.4663 0.0 
631000 1107 170.761 -7265.667 2.642 1.4328 0.0 
632000 1109 186.319 -7257.807 2.71 1.5863 0.0 
633000 1112 200.01 -7248.143 2.658 1.7491 0.0 
634000 1114 213.249 -7250.156 2.513 1.8919 0.0 
635000 1117 223.419 -7243.514 2.396 2.0136 0.0 
636000 1118 238.951 -7247.728 2.31 2.2018 0.0 
637000 1120 251.468 -7294.814 1.589 2.3461 0.0 
638000 1122 246.118 -7294.314 1.466 2.2883 0.0 
639000 1124 257.431 -7298.055 1.288 2.4275 0.0 
640000 1125 272.283 -7298.015 1.209 2.6027 0.0 
641000 1126 286.837 -7302.828 1.173 2.7593 0.0 
642000 1130 289.062 -7306.557 0.924 2.7714 0.0 
643000 1132 298.855 -7310.885 0.614 2.8795 0.0 
644000 1136 301.61 -7316.943 0.735 2.8937 0.0 
645000 1137 315.578 -7322.829 0.627 3.0522 0.0 
646000 1138 329.267 -7320.709 0.668 3.1953 0.0 
647000 1139 324.421 -7314.82 0.689 3.1441 0.0 
648000 1140 337.933 -7332.95 0.684 3.2815 0.0 
649000 1144 336.821 -7323.165 0.395 3.27 0.0 
650000 1147 339.114 -7315.086 0.522 3.2913 0.0 
651000 1148 352.332 -7316.383 0.467 3.432 0.0 
652000 1149 365.285 -7316.091 0.437 3.5932 0.0 
653000 1150 377.979 -7318.933 0.385 3.7324 0.0 
654000 1151 390.42 -7321.994 0.341 3.8804 0.0 
655000 1152 402.611 -7324.664 0.258 4.0146 0.0 
656000 1154 407.988 -7320.599 0.368 4.0996 0.0 
657000 1155 419.828 -7325.114 0.249 4.234 0.0 
658000 1156 431.432 -7326.269 0.155 4.3581 0.0 
659000 1157 442.803 -7330.946 0.114 4.5202 0.0 
660000 1159 452.388 -7374.558 -0.6 4.6077 0.0 
661000 1162 436.479 -7383.761 -0.896 4.4203 0.0 
662000 1163 447.75 -7386.447 -0.933 4.5651 0.0 
663000 1164 458.795 -7391.206 -0.989 4.6929 0.0 
664000 1165 469.619 -7394.004 -1.056 4.8359 0.0 
665000 1168 468.657 -7421.126 -1.532 4.8308 0.0 
666000 1169 479.283 -7426.706 -1.546 4.9301 0.0 
667000 1170 489.698 -7432.848 -1.67 5.0362 0.0 
668000 1171 484.944 -7460.342 -2.075 4.9752 0.0 
669000 1173 488.58 -7473.627 -2.229 5.0221 0.0 
670000 1175 497.572 -7487.736 -2.578 5.0947 0.0 
671000 1176 494.641 -7483.778 -2.336 5.0501 0.0 
672000 1178 498.733 -7476.131 -2.04 5.0961 0.0 
673000 1180 502.783 -7487.782 -2.3 5.1586 0.0 
674000 1181 512.728 -7494.533 -2.386 5.2312 0.0 
675000 1182 522.473 -7501.494 -2.486 5.3157 0.0 
676000 1184 525.103 -7516.497 -2.791 5.3158 0.0 
677000 1185 534.601 -7523.384 -2.809 5.4089 0.0 
678000 1186 543.909 -7529.693 -2.906 5.4941 0.0 
679000 1187 553.031 -7536.727 -2.988 5.5663 0.0 
680000 1188 561.97 -7544.98 -3.102 5.6357 0.0 
681000 1189 570.731 -7552.283 -3.148 5.7315 0.0 
682000 1190 579.316 -7555.71 -3.246 5.804 0.0 
683000 1191 587.73 -7548.132 -3.13 5.8765 0.0 
684000 1192 595.975 -7544.068 -2.885 5.9704 0.0 
685000 1193 604.056 -7544.552 -2.886 6.0737 0.0 
686000 1194 611.975 -7544.382 -2.825 6.1797 0.0 
687000 1195 619.735 -7547.861 -2.716 6.2491 0.0 
688000 1196 627.34 -7554.544 -2.825 6.3246 0.0 
689000 1197 634.794 -7554.31 -2.802 6.4007 0.0 
690000 1198 642.098 -7553.876 -2.808 6.4888 0.0 
691000 1199 649.256 -7561.861 -2.769 6.5458 0.0 
692000 1200 656.271 -7569.98 -2.884 6.6449 0.0 
693000 1201 663.145 -7576.532 -2.958 6.7255 0.0 
694000 1202 669.882 -7585.567 -3.056 6.7743 0.0 
695000 1203 676.485 -7585.933 -3.099 6.8431 0.0 
696000 1204 682.955 -7596.372 -3.151 6.9174 0.0 
697000 1205 689.296 -7602.99 -3.204 6.9984 0.0 
698000 1206 695.51 -7606.705 -3.35 7.0308 0.0 
699000 1207 701.6 -7607.269 -3.285 7.1365 0.0 
700000 1208 707.568 -7614.553 -3.342 7.1952 0.0 
701000 1209 713.416 -7616.595 -3.348 7.2796 0.0 
702000 1210 719.148 -7620.688 -3.35 7.3543 0.0 
703000 1212 707.103 -7619.714 -3.022 7.2029 0.0 
704000 1213 712.961 -7629.656 -3.137 7.2351 0.0 
705000 1214 718.701 -7639.303 -3.276 7.3062 0.0 
706000 1215 724.327 -7651.585 -3.432 7.342 0.0 
707000 1216 725.801 -7664.454 -3.518 7.346 0.0 
708000 1217 731.285 -7676.743 -3.689 7.4021 0.0 
709000 1218 736.659 -7689.626 -3.878 7.4579 0.0 
710000 1219 739.086 -7696.974 -4.016 7.4736 0.0 
711000 1224 701.013 -7756.101 -4.726 7.046 0.0 
712000 1225 706.993 -7756.268 -4.754 7.1274 0.0 
713000 1226 712.853 -7765.907 -4.747 7.1771 0.0 
714000 1228 695.703 -7769.96 -4.775 6.991 0.0 
715000 1229 701.789 -7774.611 -4.768 7.0485 0.0 
716000 1231 700.218 -7796.193 -4.958 6.9979 0.0 
717000 1232 691.574 -7818.943 -5.164 6.9016 0.0 
718000 1234 686.528 -7814.737 -4.963 6.8593 0.0 
719000 1235 692.797 -7825.943 -5.028 6.9328 0.0 
720000 1236 698.941 -7833.86 -5.104 7.0069 0.0 
721000 1237 704.962 -7837.617 -5.166 7.0859 0.0 
722000 1238 710.863 -7849.657 -5.164 7.1511 0.0 
723000 1240 708.573 -7878.469 -5.658 7.0958 0.0 
724000 1242 706.01 -7880.792 -5.706 7.0366 0.0 
725000 1243 704.77 -7903.582 -5.758 7.0221 0.0 
726000 1246 692.753 -7915.095 -5.711 6.8759 0.0 
727000 1247 694.598 -7914.885 -5.739 6.8974 0.0 
728000 1249 684.867 -7925.835 -5.725 6.783 0.0 
729000 1250 683.91 -7943.053 -5.785 6.7718 0.0 
730000 1253 673.051 -7943.251 -5.726 6.635 0.0 
731000 1254 679.59 -7942.943 -5.661 6.6968 0.0 
732000 1255 685.998 -7949.136 -5.535 6.7835 0.0 
733000 1256 686.418 -7963.234 -5.547 6.7842 0.0 
734000 1257 690.91 -7967.418 -5.692 6.8161 0.0 
735000 1258 697.092 -7975.22 -5.592 6.8948 0.0 
736000 1259 703.15 -7976.496 -5.637 6.945 0.0 
737000 1260 709.087 -7987.325 -5.491 7.0317 0.0 
738000 1261 707.225 -7999.756 -5.489 7.0031 0.0 
739000 1262 713.081 -8003.351 -5.617 7.0857 0.0 
740000 1263 718.819 -8016.32 -5.552 7.1817 0.0 
741000 1264 724.443 -8010.45 -5.685 7.2304 0.0 
742000 1265 729.954 -8007.453 -5.472 7.2982 0.0 
743000 1266 735.355 -8016.881 -5.296 7.3833 0.0 
744000 1267 740.648 -8021.846 -5.389 7.4647 0.0 
745000 1268 745.835 -8031.427 -5.375 7.5251 0.0 
746000 1269 750.918 -8040.695 -5.486 7.5495 0.0 
747000 1270 755.9 -8048.5 -5.518 7.5869 0.0 
748000 1271 760.782 -8061.442 -5.575 7.6461 0.0 
749000 1272 765.566 -8064.953 -5.699 7.7145 0.0 
750000 1273 770.255 -8069.325 -5.683 7.7904 0.0 
751000 1274 774.849 -8071.525 -5.666 7.8654 0.0 
752000 1275 779.352 -8074.011 -5.604 7.9454 0.0 
753000 1276 783.765 -8077.632 -5.511 8.0022 0.0 
754000 1278 777.408 -8110.681 -6.0 7.9299 0.0 
755000 1279 781.86 -8113.158 -6.043 7.9889 0.0 
756000 1280 786.223 -8116.06 -5.954 8.0406 0.0 
757000 1281 790.498 -8122.748 -5.909 8.0537 0.0 
758000 1282 794.689 -8127.479 -5.93 8.0789 0.0 
759000 1283 798.795 -8128.871 -5.881 8.1353 0.0 
760000 1284 802.819 -8129.509 -5.784 8.1712 0.0 
761000 1285 806.762 -8135.791 -5.693 8.219 0.0 
762000 1286 805.707 -8158.736 -5.919 8.2068 0.0 
763000 1287 809.593 -8167.932 -6.022 8.2644 0.0 
764000 1289 815.633 -8187.764 -6.322 8.3121 0.0 
765000 1290 819.321 -8189.26 -6.178 8.3547 0.0 
766000 1291 822.934 -8194.287 -6.15 8.3801 0.0 
767000 1292 826.475 -8197.055 -6.096 8.4272 0.0 
768000 1293 814.206 -8216.726 -6.335 8.2923 0.0 
769000 1294 817.922 -8226.733 -6.277 8.3624 0.0 
770000 1295 821.563 -8234.461 -6.35 8.3979 0.0 
771000 1296 825.132 -8235.2 -6.353 8.4189 0.0 
772000 1297 828.629 -8243.271 -6.327 8.4805 0.0 
773000 1298 832.057 -8247.966 -6.338 8.5156 0.0 
774000 1299 835.416 -8247.941 -6.231 8.5585 0.0 
775000 1300 838.707 -8249.783 -6.206 8.5795 0.0 
776000 1301 841.933 -8255.159 -6.101 8.6494 0.0 
777000 1302 845.095 -8258.816 -6.045 8.6859 0.0 
778000 1303 848.193 -8261.487 -5.967 8.7032 0.0 
779000 1304 851.229 -8261.556 -5.925 8.7324 0.0 
780000 1305 854.204 -8264.661 -5.844 8.8035 0.0 
781000 1306 857.12 -8267.943 -5.777 8.8309 0.0 
782000 1307 859.978 -8269.913 -5.737 8.8684 0.0 
783000 1308 862.778 -8277.566 -5.649 8.9044 0.0 
784000 1309 865.523 -8277.284 -5.627 8.9426 0.0 
785000 1310 868.212 -8276.846 -5.482 8.9641 0.0 
786000 1311 870.848 -8282.085 -5.493 8.9897 0.0 
787000 1312 873.431 -8287.438 -5.5 9.0263 0.0 
788000 1313 875.962 -8293.514 -5.484 9.0337 0.0 
789000 1314 878.443 -8301.294 -5.48 9.0581 0.0 
790000 1315 880.874 -8302.914 -5.493 9.0833 0.0 
791000 1316 883.257 -8310.192 -5.462 9.1064 0.0 
792000 1317 885.592 -8314.533 -5.429 9.1346 0.0 
793000 1318 887.88 -8316.302 -5.485 9.1773 0.0 
794000 1319 890.122 -8324.791 -5.391 9.2024 0.0 
795000 1320 892.32 -8331.446 -5.501 9.2291 0.0 
796000 1321 894.473 -8337.883 -5.479 9.2603 0.0 
797000 1322 896.584 -8339.072 -5.456 9.2991 0.0 
798000 1323 898.652 -8341.114 -5.385 9.3262 0.0 
799000 1324 900.679 -8342.926 -5.335 9.3502 0.0 
800000 1325 902.666 -8347.279 -5.283 9.3553 0.0 
801000 1326 904.612 -8354.174 -5.239 9.3506 0.0 
802000 1327 906.52 -8361.075 -5.306 9.3721 0.0 
803000 1328 908.39 -8367.885 -5.326 9.388 0.0 
804000 1329 910.222 -8375.807 -5.336 9.3963 0.0 
805000 1330 912.017 -8380.514 -5.344 9.4033 0.0 
806000 1331 913.777 -8385.397 -5.376 9.4027 0.0 
807000 1332 915.502 -8395.856 -5.382 9.4316 0.0 
808000 1333 917.192 -8398.167 -5.447 9.4531 0.0 
809000 1334 918.848 -8398.44 -5.392 9.4814 0.0 
810000 1335 920.471 -8401.698 -5.256 9.4861 0.0 
811000 1336 922.061 -8412.798 -5.309 9.4987 0.0 
812000 1337 923.62 -8409.824 -5.356 9.5092 0.0 
813000 1339 918.825 -8395.684 -4.896 9.4462 0.0 
814000 1340 920.448 -8396.688 -4.958 9.4418 0.0 
815000 1341 922.039 -8400.872 -4.906 9.4687 0.0 
816000 1342 923.598 -8408.901 -4.892 9.4945 0.0 
817000 1343 925.127 -8411.366 -4.94 9.494 0.0 
818000 1345 910.992 -8422.836 -4.611 9.3649 0.0 
819000 1346 912.772 -8425.225 -4.66 9.3788 0.0 
820000 1347 914.516 -8432.785 -4.765 9.3841 0.0 
821000 1348 900.206 -8426.426 -4.423 9.2281 0.0 
822000 1350 899.438 -8431.297 -4.613 9.1925 0.0 
823000 1353 867.303 -8443.587 -4.388 8.8301 0.0 
824000 1354 861.717 -8449.269 -4.448 8.758 0.0 
825000 1356 846.162 -8461.696 -4.436 8.5668 0.0 
826000 1357 842.859 -8468.262 -4.53 8.5222 0.0 
827000 1358 846.002 -8483.741 -4.486 8.5253 0.0 
828000 1359 846.462 -8497.429 -4.691 8.5233 0.0 
829000 1361 847.282 -8486.372 -4.67 8.5464 0.0 
830000 1362 850.336 -8504.194 -4.814 8.6065 0.0 
831000 1363 841.07 -8502.268 -4.596 8.5007 0.0 
832000 1364 844.248 -8503.788 -4.612 8.5441 0.0 
833000 1366 834.056 -8518.947 -4.668 8.4329 0.0 
834000 1367 837.375 -8523.92 -4.644 8.4577 0.0 
835000 1369 825.563 -8525.508 -4.687 8.3253 0.0 
836000 1372 801.806 -8498.8 -4.019 8.1036 0.0 
837000 1373 805.77 -8506.225 -3.962 8.1517 0.0 
838000 1374 809.654 -8508.546 -3.963 8.221 0.0 
839000 1376 799.472 -8495.07 -3.638 8.1548 0.0 
840000 1377 788.263 -8495.104 -3.18 8.0301 0.0 
841000 1382 746.711 -8427.713 -1.81 7.5877 0.0 
842000 1386 707.649 -8366.434 -0.591 7.1479 0.0 
843000 1387 713.496 -8354.958 -0.333 7.1911 0.0 
844000 1390 691.78 -8315.544 0.509 6.9445 0.0 
845000 1391 697.944 -8305.882 0.745 6.9743 0.0 
846000 1393 683.108 -8288.222 1.091 6.8081 0.0 
847000 1395 672.22 -8265.386 1.367 6.6881 0.0 
848000 1396 678.775 -8275.906 1.337 6.7301 0.0 
849000 1397 685.2 -8285.37 1.145 6.7905 0.0 
850000 1398 685.196 -8284.885 1.197 6.7856 0.0 
851000 1399 691.492 -8283.148 1.166 6.8492 0.0 
852000 1403 664.536 -8234.208 1.813 6.5479 0.0 
853000 1405 660.38 -8227.429 1.976 6.4873 0.0 
854000 1407 657.049 -8213.35 2.101 6.4598 0.0 
855000 1409 654.13 -8206.597 2.209 6.4213 0.0 
856000 1410 649.308 -8198.558 2.371 6.3642 0.0 
857000 1415 617.401 -8139.8 3.394 6.0089 0.0 
858000 1420 571.197 -8067.834 4.199 5.5311 0.0 
859000 1422 573.661 -8042.203 4.612 5.5358 0.0 
860000 1428 521.548 -7968.802 5.395 5.0043 0.0 
861000 1436 468.928 -7882.276 6.523 4.4582 0.0 
862000 1441 440.691 -7812.662 7.084 4.1626 0.0 
863000 1446 413.986 -7774.555 7.156 3.8863 0.0 
864000 1448 422.752 -7759.396 7.345 3.9807 0.0 
865000 1451 413.067 -7713.156 7.638 3.8711 0.0 
866000 1456 393.984 -7661.515 7.713 3.6666 0.0 
867000 1457 406.104 -7646.695 7.859 3.7685 0.0 
868000 1461 395.753 -7602.826 8.317 3.6538 0.0 
869000 1464 379.389 -7563.842 8.461 3.4916 0.0 
870000 1471 360.094 -7508.644 8.691 3.2838 0.0 
871000 1475 348.604 -7472.058 8.342 3.1678 0.0 
872000 1479 337.529 -7451.262 8.291 3.0548 0.0 
873000 1480 346.979 -7482.021 7.708 3.1623 0.0 
874000 1485 340.801 -7420.806 7.823 3.1071 0.0 
875000 1494 303.528 -7331.295 8.428 2.7365 0.0 
876000 1498 299.101 -7282.046 8.528 2.6827 0.0 
877000 1505 277.19 -7204.819 8.815 2.4647 0.0 
878000 1507 287.813 -7209.281 8.522 2.5879 0.0 
879000 1516 258.771 -7134.084 8.588 2.3007 0.0 
880000 1520 246.372 -7086.787 8.683 2.1793 0.0 
881000 1524 252.598 -7060.187 8.389 2.2568 0.0 
882000 1528 257.166 -7046.46 8.314 2.3038 0.0 
883000 1537 233.114 -6962.779 8.422 2.0608 0.0 
884000 1546 211.717 -6896.37 8.145 1.8481 0.0 
885000 1557 189.148 -6838.826 7.675 1.6268 0.0 
886000 1566 175.284 -6790.509 7.286 1.4899 0.0 
887000 1578 154.939 -6734.277 6.744 1.2991 0.0 
888000 1584 157.533 -6684.762 6.937 1.3088 0.0 
889000 1594 146.553 -6615.172 6.787 1.203 0.0 
890000 1602 140.852 -6532.154 7.254 1.1459 0.0 
891000 1612 135.972 -6466.588 7.386 1.0946 0.0 
892000 1621 132.206 -6386.091 7.571 1.0543 0.0 
893000 1630 126.959 -6328.12 7.283 1.0046 0.0 
894000 1638 127.005 -6265.113 7.335 1.0005 0.0 
895000 1649 120.846 -6185.455 7.501 0.9452 0.0 
896000 1652 133.734 -6173.212 7.219 1.0643 0.0 
897000 1653 151.059 -6166.852 7.198 1.2282 0.0 
898000 1657 148.913 -6128.91 7.389 1.206 0.0 
899000 1661 162.818 -6101.586 7.231 1.3508 0.0 
900000 1662 179.561 -6111.319 6.859 1.5479 0.0 
901000 1664 193.971 -6113.51 6.577 1.7057 0.0 
902000 1666 205.627 -6092.386 6.744 1.82 0.0 
903000 1667 221.514 -6097.72 6.474 1.9774 0.0 
904000 1669 234.062 -6115.134 6.045 2.0839 0.0 
905000 1670 249.381 -6121.4 5.801 2.2413 0.0 
906000 1671 246.233 -6111.448 5.902 2.21 0.0 
907000 1672 261.309 -6117.41 5.71 2.4022 0.0 
908000 1675 272.569 -6129.537 4.956 2.5108 0.0 
909000 1676 287.118 -6132.95 4.809 2.6978 0.0 
910000 1677 301.376 -6136.052 4.628 2.8785 0.0 
911000 1678 315.348 -6143.677 4.493 3.0132 0.0 
912000 1679 329.041 -6149.645 4.239 3.1977 0.0 
913000 1681 337.231 -6139.648 4.277 3.2846 0.0 
914000 1682 350.486 -6142.002 4.025 3.4216 0.0 
915000 1683 363.477 -6145.489 3.916 3.569 0.0 
916000 1684 376.207 -6147.734 3.78 3.6837 0.0 
917000 1685 388.683 -6152.217 3.638 3.8229 0.0 
918000 1686 400.909 -6158.88 3.472 3.9651 0.0 
919000 1687 412.891 -6162.012 3.275 4.1114 0.0 
920000 1688 424.633 -6168.921 3.143 4.2254 0.0 
921000 1689 436.141 -6177.641 2.943 4.3147 0.0 
922000 1690 447.418 -6183.854 2.691 4.4629 0.0 
923000 1691 458.47 -6191.902 2.529 4.5806 0.0 
924000 1692 469.3 -6196.653 2.339 4.678 0.0 
925000 1693 479.914 -6199.577 2.171 4.7712 0.0 
926000 1694 490.316 -6199.229 2.113 4.8818 0.0 
927000 1695 500.51 -6206.179 2.062 4.9828 0.0 
928000 1696 510.499 -6210.053 1.874 5.0699 0.0 
929000 1699 504.716 -6180.458 2.198 5.0123 0.0 
930000 1700 513.502 -6183.024 2.225 5.1001 0.0 
931000 1701 523.232 -6189.861 2.06 5.18 0.0 
932000 1702 532.767 -6189.73 1.936 5.2558 0.0 
933000 1703 528.812 -6194.824 2.135 5.2038 0.0 
934000 1704 538.235 -6201.607 1.944 5.3017 0.0 
935000 1705 547.471 -6207.877 1.784 5.3802 0.0 
936000 1706 556.521 -6216.295 1.607 5.4399 0.0 
937000 1707 565.391 -6218.686 1.415 5.5341 0.0 
938000 1708 574.083 -6226.426 1.335 5.6521 0.0 
939000 1709 582.601 -6230.561 1.157 5.7583 0.0 
940000 1710 590.949 -6235.817 1.046 5.8131 0.0 
941000 1712 589.648 -6229.308 1.109 5.7788 0.0 
942000 1713 597.855 -6237.311 0.939 5.8763 0.0 
943000 1714 605.898 -6241.633 0.794 5.9542 0.0 
944000 1715 613.78 -6245.721 0.685 6.0151 0.0 
945000 1716 621.504 -6247.949 0.606 6.0881 0.0 
946000 1717 629.074 -6250.715 0.551 6.1342 0.0 
947000 1718 636.493 -6251.356 0.472 6.237 0.0 
948000 1719 643.763 -6234.912 0.509 6.3297 0.0 
949000 1725 597.933 -6179.852 1.648 5.8569 0.0 
950000 1726 605.974 -6179.053 1.691 5.9349 0.0 
951000 1727 613.855 -6178.776 1.589 5.991 0.0 
952000 1729 613.506 -6173.093 1.583 5.987 0.0 
953000 1730 621.236 -6185.231 1.45 6.0931 0.0 
954000 1731 628.811 -6181.771 1.357 6.1509 0.0 
955000 1732 636.235 -6194.922 1.212 6.2622 0.0 
956000 1733 629.13 -6190.592 1.261 6.1826 0.0 
957000 1736 621.425 -6170.962 1.481 6.0979 0.0 
958000 1737 628.996 -6179.247 1.339 6.1817 0.0 
959000 1739 616.47 -6159.635 1.663 6.0441 0.0 
960000 1740 620.44 -6158.577 1.818 6.074 0.0 
961000 1741 628.031 -6165.654 1.73 6.1489 0.0 
962000 1742 635.471 -6167.65 1.576 6.242 0.0 
963000 1743 642.761 -6160.788 1.479 6.2978 0.0 
964000 1744 649.906 -6163.272 1.595 6.3592 0.0 
965000 1746 645.97 -6157.266 1.642 6.3665 0.0 
966000 1747 653.05 -6157.694 1.551 6.4656 0.0 
967000 1748 659.989 -6156.96 1.465 6.5646 0.0 
968000 1749 666.79 -6153.976 1.627 6.6464 0.0 
969000 1750 673.454 -6157.308 1.486 6.7322 0.0 
970000 1751 679.985 -6160.662 1.39 6.8195 0.0 
971000 1753 680.577 -6170.799 1.078 6.8171 0.0 
972000 1754 686.966 -6163.224 1.111 6.9008 0.0 
973000 1755 693.226 -6167.309 1.016 6.9978 0.0 
974000 1757 687.095 -6161.705 1.058 6.9341 0.0 
975000 1760 669.463 -6151.508 1.311 6.7473 0.0 
976000 1761 676.074 -6147.187 1.253 6.825 0.0 
977000 1762 672.952 -6167.056 0.87 6.7803 0.0 
978000 1763 679.493 -6163.0 0.888 6.8718 0.0 
979000 1765 674.025 -6134.927 1.441 6.8281 0.0 
980000 1767 668.194 -6127.453 1.523 6.7797 0.0 
981000 1770 651.887 -6119.979 1.585 6.5961 0.0 
982000 1772 647.792 -6115.814 1.607 6.5342 0.0 
983000 1774 643.759 -6117.667 1.699 6.4683 0.0 
984000 1775 632.524 -6114.823 1.784 6.3512 0.0 
985000 1777 628.636 -6106.18 1.725 6.3256 0.0 
986000 1781 603.518 -6077.896 2.072 6.0591 0.0 
987000 1786 569.892 -6044.154 2.347 5.7327 0.0 
988000 1790 549.209 -6028.89 2.764 5.4829 0.0 
989000 1792 548.127 -6008.638 3.075 5.4501 0.0 
990000 1793 557.164 -5997.31 3.267 5.5369 0.0 
991000 1794 547.761 -5981.18 3.308 5.4391 0.0 
992000 1797 538.653 -5957.294 3.498 5.3174 0.0 
993000 1798 547.88 -5946.135 3.678 5.4022 0.0 
994000 1799 556.922 -5936.7 3.854 5.4779 0.0 
995000 1802 555.249 -5898.27 4.393 5.443 0.0 
996000 1805 544.059 -5888.277 4.49 5.321 0.0 
997000 1808 518.397 -5852.974 4.7 5.0558 0.0 
998000 1811 517.464 -5823.66 4.984 5.0284 0.0 
999000 1813 515.008 -5807.345 5.119 5.0418 0.0 
1000000 1815 519.131 -5788.587 5.533 5.0778 0.0 
