1000 56 18.074 -38.394 -0.652 0.0287 
2000 114 17.852 -76.824 -0.645 0.0387 
3000 171 18.804 -112.091 -0.713 0.0328 
4000 229 16.441 -159.274 -0.612 0.0313 
5000 286 17.425 -187.731 -0.56 0.0282 
6000 344 18.375 -223.407 -0.562 0.0538 
7000 397 18.223 -258.005 -0.672 0.0734 
8000 456 17.244 -286.207 -0.482 0.0274 
9000 505 25.714 -302.473 -0.153 0.1273 
10000 555 18.71 -314.738 -0.262 0.0902 
11000 602 20.256 -318.776 -0.104 0.0991 
12000 650 22.787 -318.247 0.26 0.1221 
13000 687 28.205 -300.033 0.386 0.1807 
14000 720 31.69 -275.667 0.775 0.1589 
15000 755 27.315 -254.873 0.459 0.135 
16000 790 27.142 -234.227 0.394 0.1323 
17000 826 28.407 -205.15 0.884 0.1382 
18000 859 31.523 -175.984 1.094 0.1548 
19000 881 44.173 -134.82 1.855 0.317 
20000 906 40.888 -105.586 1.311 0.2156 
21000 935 32.658 -61.134 1.479 0.2668 
22000 961 35.247 -11.245 1.658 0.1786 
23000 985 40.227 39.662 2.123 0.1899 
24000 1009 43.752 86.035 2.18 0.207 
25000 1033 38.641 138.059 2.057 0.181 
26000 1060 38.763 197.898 2.38 0.1822 
27000 1090 35.91 254.146 2.2 0.1679 
28000 1113 43.494 313.931 2.557 0.202 
29000 1138 40.111 370.802 2.307 0.1858 
30000 1163 39.36 434.53 2.256 0.1821 
31000 1189 39.002 498.705 2.58 0.1797 
32000 1217 36.307 560.626 2.16 0.1688 
33000 1239 40.166 633.236 2.813 0.1868 
34000 1263 44.31 699.498 2.996 0.2047 
35000 1288 40.74 772.326 3.04 0.1867 
36000 1312 40.202 845.057 2.924 0.1929 
37000 1335 45.653 922.979 3.609 0.4546 
38000 1359 40.439 996.69 2.977 0.2171 
39000 1384 39.0 1076.812 3.049 0.1865 
40000 1410 37.435 1154.924 2.831 0.1782 
41000 1436 37.414 1232.306 2.882 0.1935 
42000 1464 36.477 1308.818 2.867 0.1953 
43000 1490 38.466 1387.187 3.114 0.1815 
44000 1516 38.961 1469.908 3.227 0.1821 
45000 1541 39.298 1555.738 3.379 0.1827 
46000 1571 33.048 1632.508 2.601 0.1548 
47000 1596 41.024 1715.495 3.417 0.1891 
48000 1619 42.659 1800.858 3.64 0.2092 
49000 1641 43.855 1880.67 3.67 0.212 
50000 1664 43.855 1974.19 4.13 0.2035 
51000 1687 44.542 2060.482 3.885 0.2045 
52000 1711 40.124 2147.931 3.566 0.1853 
53000 1735 39.568 2234.497 3.397 0.1814 
54000 1764 33.122 2323.616 2.917 0.1521 
55000 1794 33.94 2410.63 2.983 0.159 
56000 1822 37.558 2501.974 3.407 0.1727 
57000 1845 42.677 2598.136 4.079 0.1958 
58000 1872 36.409 2693.151 3.484 0.1675 
59000 1900 34.851 2792.127 3.498 0.1627 
60000 1928 33.596 2890.402 3.338 0.1542 
61000 1956 36.449 2988.32 3.57 0.1702 
62000 1982 36.664 3089.588 3.75 0.1696 
63000 2011 34.111 3188.701 3.427 0.1602 
64000 2040 34.151 3285.734 3.274 0.1578 
65000 2071 32.215 3389.054 3.278 0.1487 
66000 2099 37.167 3484.841 3.59 0.1735 
67000 2126 36.298 3589.166 3.695 0.1665 
68000 2152 41.02 3694.168 4.249 0.1908 
69000 2174 46.733 3799.717 4.887 0.2148 
70000 2194 51.026 3904.088 5.242 0.2362 
71000 2214 47.669 4007.808 4.882 0.2199 
72000 2238 43.305 4117.839 4.734 0.2043 
73000 2263 38.038 4224.906 4.056 0.1767 
74000 2289 37.128 4331.237 3.984 0.1732 
75000 2316 36.979 4444.927 4.197 0.1714 
76000 2343 37.373 4554.807 4.088 0.1738 
77000 2367 38.895 4663.423 4.236 0.1808 
78000 2394 36.775 4771.513 3.977 0.1696 
79000 2423 32.792 4882.663 3.604 0.1517 
80000 2454 32.723 4993.205 3.63 0.151 
81000 2484 32.203 5103.066 3.507 0.1496 
82000 2513 34.508 5214.513 3.818 0.1595 
83000 2542 34.711 5328.398 3.858 0.1621 
84000 2575 28.847 5439.0 3.098 0.1331 
85000 2602 37.315 5551.365 4.171 0.1734 
86000 2630 35.34 5661.641 3.942 0.164 
87000 2658 35.288 5774.803 4.062 0.1638 
88000 2685 36.403 5885.522 4.044 0.1702 
89000 2709 41.241 5999.565 4.697 0.1916 
90000 2733 40.099 6116.436 4.661 0.1851 
91000 2757 44.915 6230.422 5.095 0.2058 
92000 2782 40.696 6348.202 4.782 0.1884 
93000 2804 42.188 6457.189 4.77 0.1949 
94000 2833 32.104 6572.937 3.68 0.1489 
95000 2862 34.964 6689.533 4.1 0.161 
96000 2890 34.765 6809.2 4.144 0.1613 
97000 2918 34.097 6930.171 4.193 0.1567 
98000 2948 33.545 7049.631 3.983 0.1569 
99000 2977 34.94 7170.462 4.2 0.1748 
100000 3005 36.357 7294.618 4.551 0.3647 
101000 3031 37.139 7417.663 4.559 0.1954 
102000 3059 37.22 7542.656 4.686 0.178 
103000 3087 36.056 7665.515 4.373 0.1698 
104000 3117 33.704 7789.495 4.172 0.1606 
