10000 554 18.488 90.942 3.912 0.1081 0.0 
20000 1080 22.88 2492.95 9.258 0.1705 0.0 
30000 1521 23.098 7105.065 11.066 0.1817 0.0 
40000 1925 25.436 12229.695 13.476 0.2003 0.0 
50000 2308 26.177 17954.134 15.78 0.1979 0.0 
60000 2658 29.703 24179.153 19.485 0.2318 0.0 
70000 2972 33.675 31066.953 23.402 0.2612 0.0 
80000 3264 33.861 37986.403 23.094 0.265 0.0 
90000 3497 47.672 44181.394 29.29 0.3655 0.0 
100000 3730 41.129 50791.948 28.177 0.3108 0.0 
110000 3967 39.742 57637.322 27.017 0.3112 0.0 
120000 4204 40.677 65126.104 31.005 0.3063 0.0 
130000 4441 40.215 73065.7 31.239 0.3166 0.0 
140000 4665 45.823 80970.258 35.921 0.37 0.0 
150000 4898 41.608 88856.444 32.102 0.3347 0.0 
160000 5146 40.484 96995.371 33.288 0.3192 0.0 
170000 5380 44.491 105337.582 37.327 0.3485 0.0 
180000 5600 46.84 113885.452 40.929 0.3687 0.0 
190000 5817 45.675 122328.681 37.632 0.3628 0.0 
200000 6039 44.09 130866.378 37.84 0.3481 0.0 
210000 6269 41.436 139629.667 36.735 0.3306 0.0 
220000 6482 47.684 148451.183 42.266 0.3784 0.0 
230000 6708 47.27 157373.891 41.768 0.3687 0.0 
240000 6921 48.653 166292.585 42.465 0.3883 0.0 
250000 7150 44.557 175379.8 40.353 0.3497 0.0 
260000 7375 42.046 184182.519 37.437 0.3328 0.0 
270000 7608 44.609 192837.003 39.121 0.355 0.0 
280000 7828 44.889 201560.212 40.374 0.3304 0.0 
290000 8039 44.696 210127.329 37.817 0.3449 0.0 
300000 8251 45.935 219002.187 40.735 0.3586 0.0 
310000 8480 44.591 227928.559 39.955 0.3538 0.0 
320000 8704 47.345 236501.642 39.509 0.376 0.0 
330000 8901 49.591 245004.183 42.521 0.3905 0.0 
340000 9129 43.688 253685.269 37.805 0.3425 0.0 
350000 9350 45.897 262495.786 40.057 0.3677 0.0 
360000 9573 45.537 271517.191 41.421 0.3613 0.0 
370000 9782 50.336 280367.021 44.178 0.3928 0.0 
380000 9999 46.798 289200.58 40.48 0.3652 0.0 
390000 10211 47.849 298028.656 42.608 0.3902 0.0 
400000 10431 46.866 307194.971 42.553 0.3494 0.0 
410000 10656 45.66 316395.252 42.709 0.3632 0.0 
420000 10875 45.847 325629.58 42.53 0.364 0.0 
430000 11088 49.044 334679.539 44.235 0.3837 0.0 
440000 11314 44.71 343782.901 40.409 0.3563 0.0 
450000 11546 43.204 353106.031 40.451 0.3404 0.0 
460000 11784 41.445 362527.944 39.224 0.3307 0.0 
470000 12018 43.577 372058.814 42.165 0.3419 0.0 
480000 12241 46.582 381296.507 42.738 0.3611 0.0 
490000 12458 45.812 390733.314 44.01 0.3674 0.0 
500000 12672 47.825 400357.308 46.025 0.3729 0.0 
510000 12893 43.861 409846.643 41.585 0.3433 0.0 
520000 13129 44.246 419342.889 41.779 0.3604 0.0 
530000 13361 45.209 428947.092 43.221 0.3565 0.0 
540000 13591 43.35 438450.012 40.117 0.346 0.0 
550000 13802 47.329 447989.382 45.248 0.3712 0.0 
560000 14015 47.394 457551.569 44.558 0.3742 0.0 
570000 14233 45.471 467315.493 44.012 0.3695 0.0 
580000 14453 44.059 477040.371 43.296 0.3446 0.0 
590000 14688 42.983 486888.995 42.36 0.339 0.0 
600000 14925 42.245 496525.262 41.922 0.3444 0.0 
610000 15150 46.126 506135.705 43.988 0.3815 0.0 
620000 15371 42.997 515300.962 39.472 0.346 0.0 
630000 15538 59.531 523591.694 49.731 0.4843 0.0 
640000 15717 59.145 532363.287 51.152 0.4757 0.0 
650000 15851 78.827 540350.393 61.719 0.6175 0.0 
660000 15985 78.638 548008.257 59.064 0.6441 0.0 
670000 16127 71.258 556190.392 56.721 0.5735 0.0 
680000 16269 63.181 564406.821 53.302 0.5094 0.0 
690000 16414 74.787 572809.493 62.754 0.5936 0.0 
700000 16541 73.542 581018.132 61.603 0.5749 0.0 
710000 16685 69.029 589800.223 61.79 0.5532 0.0 
720000 16867 52.172 599148.08 49.563 0.4003 0.0 
730000 17062 50.376 609006.734 50.336 0.4062 0.0 
740000 17276 48.403 619117.453 49.218 0.3864 0.0 
750000 17480 50.899 629139.387 51.216 0.4017 0.0 
760000 17614 85.426 638253.912 75.051 0.6877 0.0 
770000 17689 111.293 646110.152 90.454 0.8985 0.0 
780000 17769 111.084 653984.704 89.416 0.8948 0.0 
790000 17907 67.718 663414.514 65.721 0.5138 0.0 
800000 18120 52.94 673560.354 53.347 0.4243 0.0 
810000 18311 56.694 683862.811 58.772 0.456 0.0 
820000 18493 52.615 694315.278 54.563 0.4176 0.0 
830000 18707 44.316 704900.839 47.091 0.36 0.0 
840000 18935 44.691 715373.042 46.592 0.3606 0.0 
850000 19172 41.313 725916.491 43.924 0.3344 0.0 
860000 19397 41.073 736049.864 41.616 0.3327 0.0 
870000 19570 69.435 745311.457 62.779 0.5787 0.0 
880000 19701 68.17 754843.097 66.758 0.5455 0.0 
890000 19917 44.58 765257.388 46.283 0.3658 0.0 
900000 20120 52.274 775643.408 54.471 0.4213 0.0 
910000 20317 46.461 785822.952 48.122 0.3768 0.0 
920000 20518 49.663 796407.082 52.01 0.3989 0.0 
930000 20742 40.95 806891.449 43.339 0.3301 0.0 
940000 20970 49.459 817604.501 52.905 0.3865 0.0 
950000 21182 43.706 828452.081 46.535 0.3548 0.0 
960000 21407 46.56 838997.709 49.484 0.3611 0.0 
970000 21636 44.046 849707.687 47.34 0.3581 0.0 
980000 21835 49.108 860486.871 52.563 0.3939 0.0 
990000 22072 36.568 871237.984 38.664 0.3035 0.0 
1000000 22320 41.186 881811.919 42.987 0.3322 0.0 
1010000 22532 50.605 892330.889 52.914 0.4049 0.0 
1020000 22745 46.551 903086.03 50.292 0.3733 0.0 
1030000 22969 44.951 913902.128 49.489 0.3597 0.0 
1040000 23171 48.764 924610.938 53.04 0.3916 0.0 
1050000 23388 50.053 935384.7 53.116 0.4072 0.0 
1060000 23558 56.116 945389.541 56.819 0.4504 0.0 
1070000 23760 42.343 955863.577 45.993 0.3359 0.0 
1080000 23959 50.495 966564.428 53.887 0.4155 0.0 
1090000 24135 58.532 977005.217 60.473 0.4704 0.0 
1100000 24320 57.014 987346.83 57.701 0.4681 0.0 
1110000 24500 52.477 997911.462 55.361 0.4177 0.0 
1120000 24690 49.802 1008918.354 55.139 0.3958 0.0 
1130000 24892 58.298 1019878.534 62.725 0.4709 0.0 
1140000 25060 59.524 1030167.206 61.588 0.4822 0.0 
1150000 25252 48.891 1040772.469 51.994 0.3842 0.0 
1160000 25423 59.57 1051479.742 63.58 0.4836 0.0 
1170000 25612 54.914 1062350.574 59.386 0.444 0.0 
1180000 25835 47.765 1073485.021 53.201 0.3922 0.0 
1190000 26019 64.792 1083936.084 66.108 0.5292 0.0 
1200000 26183 59.059 1094307.826 61.801 0.4759 0.0 
1210000 26337 59.551 1104586.563 62.479 0.4881 0.0 
1220000 26491 53.425 1115229.56 58.029 0.4152 0.0 
1230000 26664 53.286 1125676.493 55.413 0.4271 0.0 
1240000 26882 50.059 1136541.632 54.325 0.4102 0.0 
1250000 27036 64.568 1146713.647 66.626 0.5303 0.0 
1260000 27209 52.331 1157313.379 56.408 0.4325 0.0 
1270000 27412 47.349 1168180.297 51.028 0.3748 0.0 
1280000 27594 59.294 1178828.998 63.658 0.4825 0.0 
1290000 27766 58.048 1189411.809 60.803 0.4618 0.0 
1300000 27977 46.493 1200114.139 50.583 0.374 0.0 
1310000 28167 51.363 1211013.252 56.188 0.4155 0.0 
1320000 28351 54.425 1221909.141 59.473 0.4373 0.0 
1330000 28524 47.81 1232578.044 52.009 0.3845 0.0 
1340000 28728 47.346 1243491.666 51.425 0.3792 0.0 
1350000 28899 59.481 1254193.396 65.278 0.4756 0.0 
1360000 29109 43.349 1265317.634 47.536 0.3459 0.0 
1370000 29290 66.869 1276204.1 71.383 0.5583 0.0 
1380000 29457 57.453 1286893.038 62.199 0.4662 0.0 
1390000 29606 70.41 1297312.442 72.709 0.5721 0.0 
1400000 29740 73.871 1307911.4 78.257 0.6089 0.0 
1410000 29866 67.494 1318204.901 70.76 0.5529 0.0 
1420000 30029 59.928 1328762.051 63.399 0.4921 0.0 
1430000 30185 60.351 1339389.171 65.402 0.4827 0.0 
1440000 30369 59.705 1350303.468 64.461 0.492 0.0 
1450000 30510 60.297 1360445.334 62.879 0.4947 0.0 
1460000 30687 54.151 1370914.744 57.501 0.4427 0.0 
1470000 30817 78.263 1381492.538 82.562 0.6525 0.0 
1480000 30938 72.092 1392245.48 78.152 0.5839 0.0 
1490000 31091 73.187 1403507.002 81.411 0.5927 0.0 
1500000 31220 69.524 1414341.351 75.536 0.5769 0.0 
1510000 31421 43.252 1425745.832 49.4 0.3421 0.0 
1520000 31631 45.946 1437462.883 53.676 0.372 0.0 
1530000 31786 57.935 1448831.697 66.646 0.477 0.0 
1540000 32007 50.672 1460428.556 58.283 0.4175 0.0 
1550000 32170 58.849 1471891.913 68.414 0.484 0.0 
1560000 32276 91.479 1482981.207 100.162 0.739 0.0 
1570000 32418 69.61 1494295.565 79.149 0.5676 0.0 
1580000 32534 83.815 1505644.594 95.757 0.6988 0.0 
1590000 32738 48.41 1517325.32 56.782 0.4022 0.0 
1600000 32958 44.428 1528791.156 51.268 0.3641 0.0 
1610000 33154 52.902 1540412.492 62.639 0.4189 0.0 
1620000 33330 54.277 1552146.059 63.885 0.4322 0.0 
1630000 33476 61.446 1563684.33 72.134 0.4889 0.0 
1640000 33641 60.569 1575180.829 69.022 0.5003 0.0 
1650000 33830 50.956 1587286.433 61.619 0.4191 0.0 
1660000 33968 69.173 1599182.468 82.619 0.5728 0.0 
1670000 34136 55.301 1610982.679 64.687 0.4413 0.0 
1680000 34327 55.204 1623259.696 68.323 0.4515 0.0 
1690000 34481 65.074 1635158.152 77.663 0.5409 0.0 
1700000 34649 53.924 1647243.1 66.475 0.4421 0.0 
1710000 34844 58.066 1659234.447 69.458 0.4708 0.0 
1720000 35020 53.826 1671594.098 67.637 0.451 0.0 
1730000 35175 52.143 1683677.941 63.952 0.422 0.0 
1740000 35289 81.749 1695997.972 99.923 0.6792 0.0 
1750000 35439 73.519 1708326.307 91.16 0.6186 0.0 
1760000 35559 71.909 1720474.691 87.841 0.5829 0.0 
1770000 35737 60.546 1732299.243 71.719 0.5091 0.0 
1780000 35960 43.805 1744546.994 53.101 0.3621 0.0 
1790000 36190 42.725 1756235.923 50.201 0.3495 0.0 
1800000 36418 45.031 1768025.286 53.026 0.3718 0.0 
1810000 36610 61.679 1780307.829 74.759 0.4879 0.0 
1820000 36746 72.416 1792646.321 89.205 0.6018 0.0 
1830000 36879 69.756 1804584.215 84.435 0.5834 0.0 
1840000 37018 74.728 1816879.639 91.437 0.6083 0.0 
1850000 37205 52.688 1829419.569 65.582 0.4269 0.0 
1860000 37372 68.312 1841573.611 82.355 0.5728 0.0 
1870000 37505 91.461 1853681.59 109.017 0.7614 0.0 
1880000 37643 69.501 1866245.501 87.667 0.5749 0.0 
1890000 37750 81.864 1878708.27 102.689 0.6801 0.0 
1900000 37905 58.957 1891401.333 74.362 0.4861 0.0 
1910000 38057 66.842 1904212.6 85.318 0.5523 0.0 
1920000 38195 77.038 1916930.551 97.963 0.6261 0.0 
1930000 38334 74.718 1929908.414 95.983 0.6123 0.0 
1940000 38476 70.6 1942956.531 93.06 0.5787 0.0 
1950000 38617 83.93 1956100.346 110.658 0.6834 0.0 
1960000 38736 87.98 1969127.569 113.994 0.7287 0.0 
1970000 38882 68.88 1982184.436 90.734 0.5465 0.0 
1980000 38978 101.966 1994706.886 127.892 0.842 0.0 
1990000 39097 88.352 2007667.036 114.494 0.7185 0.0 
2000000 39245 68.746 2020923.582 91.492 0.5508 0.0 
2010000 39419 60.828 2034295.646 80.409 0.5066 0.0 
2020000 39549 81.128 2047434.783 106.871 0.6766 0.0 
2030000 39675 78.18 2060574.726 101.813 0.6519 0.0 
2040000 39811 74.423 2073276.351 94.659 0.6279 0.0 
2050000 39917 93.563 2085674.607 115.552 0.7718 0.0 
2060000 40046 72.49 2098186.519 90.332 0.6054 0.0 
2070000 40156 82.738 2111045.906 106.512 0.7005 0.0 
2080000 40298 71.695 2124490.129 96.407 0.593 0.0 
2090000 40451 59.137 2137756.002 78.125 0.4897 0.0 
2100000 40642 54.856 2150812.922 71.516 0.4458 0.0 
2110000 40801 60.446 2163644.359 77.817 0.4986 0.0 
2120000 40921 74.058 2176446.414 95.658 0.6062 0.0 
2130000 41077 64.321 2189718.129 86.152 0.5104 0.0 
2140000 41193 87.907 2202711.728 113.85 0.7149 0.0 
2150000 41305 71.656 2215650.96 93.586 0.6019 0.0 
2160000 41448 80.157 2228939.679 106.404 0.6657 0.0 
2170000 41532 99.533 2242082.106 130.418 0.8258 0.0 
2180000 41655 75.806 2255268.349 100.312 0.6267 0.0 
2190000 41780 72.505 2268794.549 98.158 0.6034 0.0 
2200000 41918 66.765 2282231.754 89.623 0.5514 0.0 
2210000 42049 75.548 2295464.104 100.019 0.6214 0.0 
2220000 42181 77.389 2309120.692 105.272 0.6506 0.0 
2230000 42277 97.021 2322509.838 129.61 0.7994 0.0 
2240000 42418 74.822 2336091.373 101.521 0.6232 0.0 
2250000 42505 107.328 2349292.715 141.8 0.8828 0.0 
2260000 42641 77.426 2362479.694 101.276 0.6342 0.0 
2270000 42740 113.943 2375451.053 148.848 0.9168 0.0 
2280000 42815 131.065 2389296.663 179.657 1.099 0.0 
2290000 42941 83.021 2402926.688 112.78 0.6812 0.0 
2300000 43051 99.643 2416724.921 136.481 0.8141 0.0 
2310000 43182 64.103 2430341.627 87.044 0.5359 0.0 
2320000 43353 67.829 2443476.752 89.512 0.5714 0.0 
2330000 43482 82.547 2456573.093 108.083 0.6681 0.0 
2340000 43587 95.241 2470020.082 127.924 0.7803 0.0 
2350000 43729 74.292 2483515.985 100.632 0.6108 0.0 
2360000 43875 66.445 2497281.388 91.713 0.5505 0.0 
2370000 43982 97.582 2511119.002 133.96 0.7994 0.0 
2380000 44087 92.577 2524302.877 121.402 0.7686 0.0 
2390000 44209 94.153 2537725.532 126.942 0.7784 0.0 
2400000 44290 99.373 2551570.746 136.602 0.8244 0.0 
2410000 44400 95.098 2565573.61 132.904 0.7855 0.0 
2420000 44487 114.812 2579590.703 159.763 0.9313 0.0 
2430000 44577 98.341 2593212.847 134.613 0.8186 0.0 
2440000 44679 99.784 2606657.348 134.956 0.8278 0.0 
2450000 44795 86.967 2620829.525 121.797 0.7194 0.0 
2460000 44896 83.997 2634463.165 114.953 0.6994 0.0 
2470000 45047 65.698 2648236.01 89.661 0.5405 0.0 
2480000 45135 108.215 2662283.925 152.303 0.897 0.0 
2490000 45189 151.322 2676544.885 214.958 1.2184 0.0 
2500000 45323 65.128 2690252.517 88.582 0.5253 0.0 
2510000 45465 78.846 2703763.355 108.555 0.643 0.0 
2520000 45556 112.877 2717866.421 159.528 0.9063 0.0 
2530000 45640 110.6 2731967.062 156.156 0.9042 0.0 
2540000 45731 105.502 2746187.537 150.562 0.8597 0.0 
2550000 45793 136.605 2760709.096 197.923 1.1229 0.0 
2560000 45865 138.435 2775737.6 206.714 1.1652 0.0 
2570000 45929 141.747 2790850.836 213.008 1.1819 0.0 
2580000 46005 140.499 2805865.766 211.112 1.1557 0.0 
2590000 46066 182.006 2820986.536 276.829 1.4899 0.0 
2600000 46094 251.079 2836112.679 380.592 2.058 0.0 
2610000 46192 114.2 2850990.087 169.431 0.9415 0.0 
2620000 46280 109.994 2865806.821 163.112 0.9107 0.0 
2630000 46337 157.015 2881171.95 239.971 1.3098 0.0 
2640000 46403 153.43 2896527.312 235.539 1.2584 0.0 
2650000 46494 120.27 2911271.529 179.304 0.9966 0.0 
2660000 46581 103.199 2926459.285 155.834 0.8727 0.0 
2670000 46692 95.054 2941752.902 146.096 0.7982 0.0 
2680000 46766 131.665 2956838.144 199.666 1.1096 0.0 
2690000 46847 120.393 2971366.855 174.726 0.9854 0.0 
2700000 46899 162.769 2986140.686 239.311 1.3461 0.0 
2710000 46969 131.445 3001043.538 195.078 1.0831 0.0 
2720000 47051 119.851 3016020.776 178.702 0.9921 0.0 
2730000 47125 126.903 3031355.73 192.298 1.0446 0.0 
2740000 47179 180.211 3046603.549 274.269 1.4981 0.0 
2750000 47274 105.079 3061658.272 158.884 0.864 0.0 
2760000 47353 124.097 3077455.558 195.289 1.0191 0.0 
2770000 47405 167.63 3093505.965 267.637 1.3862 0.0 
2780000 47472 147.468 3109200.841 233.085 1.2124 0.0 
2790000 47531 172.915 3125300.472 277.165 1.4087 0.0 
2800000 47584 177.991 3141594.092 289.474 1.4432 0.0 
2810000 47638 182.424 3158313.177 301.831 1.4888 0.0 
2820000 47693 175.437 3173965.518 279.068 1.4417 0.0 
2830000 47785 113.129 3189435.983 174.248 0.9331 0.0 
2840000 47864 127.295 3205232.484 201.755 1.0457 0.0 
2850000 47932 150.572 3221515.369 244.568 1.2485 0.0 
2860000 47994 159.227 3237975.137 260.088 1.2981 0.0 
2870000 48092 107.843 3253742.033 170.988 0.8881 0.0 
2880000 48185 107.081 3269333.397 167.648 0.8848 0.0 
2890000 48248 140.362 3285029.382 219.802 1.1735 0.0 
2900000 48299 180.633 3300945.762 287.167 1.4983 0.0 
2910000 48359 163.353 3318097.408 273.73 1.3614 0.0 
2920000 48429 135.346 3335147.069 228.901 1.0923 0.0 
2930000 48523 110.386 3351747.041 184.198 0.9063 0.0 
2940000 48590 128.912 3368925.697 218.407 1.0708 0.0 
2950000 48665 119.585 3385464.475 196.096 0.9719 0.0 
2960000 48707 189.055 3401507.978 306.405 1.5409 0.0 
2970000 48771 158.819 3417948.756 258.546 1.2995 0.0 
2980000 48823 182.015 3435070.149 307.438 1.4974 0.0 
2990000 48868 212.895 3452310.358 365.664 1.7423 0.0 
3000000 48932 179.527 3469303.998 306.281 1.4945 0.0 
3010000 48973 216.316 3486337.794 369.442 1.7895 0.0 
3020000 49040 171.772 3503460.703 294.716 1.4062 0.0 
3030000 49084 204.965 3520898.192 353.978 1.692 0.0 
3040000 49127 205.516 3538619.274 359.467 1.6955 0.0 
3050000 49203 157.707 3555594.339 270.3 1.2977 0.0 
3060000 49260 163.687 3572692.253 279.353 1.3416 0.0 
3070000 49332 150.68 3589837.371 259.273 1.2529 0.0 
3080000 49389 165.508 3607198.19 287.092 1.3559 0.0 
3090000 49476 121.047 3623572.02 197.002 1.0016 0.0 
3100000 49519 202.702 3639945.556 332.489 1.6736 0.0 
3110000 49561 216.457 3656737.133 361.092 1.7739 0.0 
3120000 49649 150.437 3672500.911 242.368 1.2347 0.0 
3130000 49701 175.456 3688800.978 286.778 1.4512 0.0 
3140000 49758 182.289 3706015.167 310.551 1.5052 0.0 
3150000 49806 188.992 3723153.53 322.391 1.5673 0.0 
3160000 49868 157.285 3739777.845 262.107 1.2949 0.0 
3170000 49957 127.761 3756012.057 212.496 1.0467 0.0 
3180000 50033 117.829 3772435.112 193.943 0.9511 0.0 
3190000 50103 149.915 3788235.582 239.623 1.239 0.0 
3200000 50143 199.331 3805414.695 334.856 1.6377 0.0 
3210000 50185 211.307 3822913.906 362.96 1.7404 0.0 
3220000 50281 114.419 3839421.357 189.481 0.9469 0.0 
3230000 50356 143.549 3855845.437 237.428 1.1903 0.0 
3240000 50418 153.402 3872546.644 256.248 1.2562 0.0 
3250000 50489 140.385 3889294.655 233.719 1.1495 0.0 
3260000 50580 112.794 3905682.486 185.845 0.9165 0.0 
3270000 50645 141.9 3922365.942 237.152 1.1408 0.0 
3280000 50710 147.836 3939480.436 251.608 1.185 0.0 
3290000 50776 152.237 3956373.464 257.372 1.2348 0.0 
3300000 50850 130.727 3973362.047 222.421 1.0514 0.0 
3310000 50919 141.633 3990681.485 244.725 1.1466 0.0 
3320000 50963 191.461 4006953.631 316.889 1.562 0.0 
3330000 51032 152.93 4023188.932 249.659 1.2611 0.0 
3340000 51115 134.98 4038993.795 213.642 1.1208 0.0 
3350000 51191 121.797 4055843.277 202.27 1.0035 0.0 
3360000 51259 131.604 4073516.453 228.249 1.0925 0.0 
3370000 51322 146.589 4090790.47 252.949 1.2018 0.0 
3380000 51408 118.286 4107981.146 203.875 0.9656 0.0 
3390000 51474 167.745 4125473.343 294.647 1.3897 0.0 
3400000 51549 119.837 4142453.987 203.592 0.9967 0.0 
3410000 51669 99.696 4158807.389 165.065 0.8168 0.0 
3420000 51730 149.498 4175476.096 249.974 1.2502 0.0 
3430000 51791 150.796 4192346.983 252.578 1.26 0.0 
3440000 51851 169.485 4208692.603 279.137 1.3926 0.0 
3450000 51902 183.189 4225324.826 303.672 1.5104 0.0 
3460000 51966 162.533 4242190.877 272.219 1.3375 0.0 
3470000 52060 116.345 4257725.432 182.15 0.9637 0.0 
3480000 52128 148.885 4274427.897 248.33 1.2223 0.0 
3490000 52200 139.803 4291223.664 234.311 1.164 0.0 
3500000 52275 144.695 4308119.496 245.132 1.1962 0.0 
3510000 52354 129.106 4324419.94 212.965 1.0331 0.0 
3520000 52424 133.053 4341485.099 224.925 1.0853 0.0 
3530000 52501 128.06 4358594.756 218.481 1.0336 0.0 
3540000 52582 114.06 4375652.758 193.909 0.9296 0.0 
3550000 52667 129.934 4392923.216 226.762 1.0557 0.0 
3560000 52701 215.041 4410969.814 383.941 1.7851 0.0 
3570000 52745 218.506 4428723.059 388.761 1.8021 0.0 
3580000 52825 142.388 4445505.944 243.543 1.1712 0.0 
3590000 53020 41.237 4460326.338 58.188 0.3436 0.0 
3600000 53154 90.896 4475925.496 145.12 0.753 0.0 
3610000 53217 134.286 4493134.598 226.79 1.0926 0.0 
3620000 53292 126.493 4509789.707 210.809 1.0515 0.0 
3630000 53363 147.447 4526689.325 249.683 1.2309 0.0 
3640000 53403 216.796 4544058.121 375.244 1.7908 0.0 
3650000 53463 175.256 4561557.634 304.303 1.4514 0.0 
3660000 53524 162.619 4578309.653 275.047 1.347 0.0 
3670000 53560 221.02 4596222.499 386.96 1.8435 0.0 
3680000 53630 148.539 4613224.031 253.688 1.24 0.0 
3690000 53708 148.023 4629580.187 247.786 1.2293 0.0 
3700000 53820 111.917 4645676.979 185.522 0.9202 0.0 
3710000 53878 156.432 4662762.054 265.531 1.2697 0.0 
3720000 53923 201.34 4680102.149 347.526 1.6603 0.0 
3730000 53964 218.757 4697501.198 378.884 1.7846 0.0 
3740000 54020 183.449 4714492.371 310.953 1.5072 0.0 
3750000 54082 162.98 4731700.485 280.576 1.3482 0.0 
3760000 54135 179.535 4749708.88 318.53 1.4856 0.0 
3770000 54224 118.948 4766700.272 203.187 0.9845 0.0 
3780000 54322 104.965 4783390.657 177.02 0.8809 0.0 
3790000 54404 140.141 4800463.078 242.671 1.1565 0.0 
3800000 54426 248.759 4818803.8 446.949 2.0204 0.0 
3810000 54492 169.665 4836303.195 298.802 1.3905 0.0 
3820000 54530 226.548 4853347.945 390.856 1.8463 0.0 
3830000 54576 226.343 4870310.84 386.23 1.8687 0.0 
3840000 54616 239.707 4886945.395 402.513 1.9879 0.0 
3850000 54682 173.881 4903397.974 287.447 1.4301 0.0 
3860000 54747 163.849 4920720.966 280.766 1.3625 0.0 
3870000 54803 181.856 4938391.015 317.944 1.4994 0.0 
3880000 54877 137.317 4955225.959 232.696 1.1248 0.0 
3890000 54933 163.315 4972549.001 280.217 1.3378 0.0 
3900000 55004 153.656 4990029.161 267.093 1.269 0.0 
3910000 55073 144.044 5007229.194 248.189 1.1905 0.0 
3920000 55186 101.767 5022997.253 160.756 0.8352 0.0 
3930000 55245 151.307 5040158.96 257.432 1.2264 0.0 
3940000 55285 208.266 5057918.432 364.643 1.6989 0.0 
3950000 55350 174.595 5075347.228 305.595 1.4162 0.0 
3960000 55399 186.613 5093284.368 331.594 1.5172 0.0 
3970000 55451 190.89 5110837.226 336.638 1.5612 0.0 
3980000 55511 166.599 5128735.53 296.37 1.3701 0.0 
3990000 55575 153.602 5146578.475 272.318 1.2402 0.0 
4000000 55643 157.988 5163532.751 271.665 1.2977 0.0 
4010000 55705 176.616 5180473.076 299.174 1.4318 0.0 
4020000 55740 220.312 5197377.96 372.789 1.7916 0.0 
4030000 55771 284.198 5215313.878 498.69 2.3133 0.0 
4040000 55832 200.589 5232902.671 352.23 1.6521 0.0 
4050000 55880 203.911 5250156.823 353.552 1.684 0.0 
4060000 55917 239.603 5267613.119 417.121 1.971 0.0 
4070000 55980 188.849 5284263.981 319.451 1.5642 0.0 
4080000 56052 133.409 5301403.561 227.779 1.0874 0.0 
4090000 56093 204.846 5318937.777 356.84 1.675 0.0 
4100000 56144 199.9 5335664.98 339.621 1.6249 0.0 
4110000 56192 201.844 5352614.486 342.154 1.6585 0.0 
4120000 56238 202.255 5370769.821 356.588 1.6676 0.0 
4130000 56284 213.857 5389050.994 387.271 1.7548 0.0 
4140000 56332 223.017 5407271.743 405.653 1.8216 0.0 
4150000 56356 299.065 5425526.682 544.675 2.4394 0.0 
4160000 56411 204.972 5443120.353 364.912 1.681 0.0 
4170000 56450 238.04 5461765.488 436.1 1.948 0.0 
4180000 56502 204.11 5480048.753 372.486 1.6687 0.0 
4190000 56561 174.536 5497809.06 311.957 1.4 0.0 
4200000 56652 132.538 5513820.598 214.201 1.0945 0.0 
4210000 56683 233.517 5531083.724 396.922 1.9159 0.0 
4220000 56704 318.623 5549307.565 563.069 2.6039 0.0 
4230000 56754 235.32 5568059.241 428.023 1.9154 0.0 
4240000 56790 263.993 5586798.867 489.569 2.191 0.0 
4250000 56828 252.838 5605520.692 470.275 2.0838 0.0 
4260000 56870 251.457 5623664.621 462.963 2.0617 0.0 
4270000 56942 162.615 5641482.899 292.242 1.3325 0.0 
4280000 56987 183.298 5660142.751 334.933 1.4982 0.0 
4290000 57045 164.984 5678635.843 302.905 1.3511 0.0 
4300000 57080 221.291 5698385.805 424.968 1.8384 0.0 
4310000 57127 212.982 5717533.68 406.36 1.763 0.0 
4320000 57164 247.389 5737266.5 482.674 2.0476 0.0 
4330000 57204 238.499 5756369.022 458.119 1.9788 0.0 
4340000 57236 271.3 5775299.158 517.184 2.2368 0.0 
4350000 57269 284.992 5794359.016 542.996 2.3163 0.0 
4360000 57305 275.624 5813711.217 529.503 2.2858 0.0 
4370000 57327 332.426 5833808.118 651.865 2.7084 0.0 
4380000 57378 238.472 5853005.701 461.42 1.9581 0.0 
4390000 57419 243.579 5872170.699 468.592 2.0212 0.0 
4400000 57457 259.018 5890918.854 492.42 2.1467 0.0 
4410000 57508 216.666 5909873.656 411.0 1.7971 0.0 
4420000 57587 130.35 5927950.975 236.957 1.0773 0.0 
4430000 57631 198.868 5946463.13 368.325 1.66 0.0 
4440000 57657 262.957 5965847.294 499.183 2.1906 0.0 
4450000 57690 282.512 5984798.533 536.116 2.3468 0.0 
4460000 57741 222.292 6003200.886 412.8 1.8449 0.0 
4470000 57767 299.372 6021470.455 551.466 2.4935 0.0 
4480000 57824 212.146 6039136.277 382.539 1.7501 0.0 
4490000 57849 279.4 6058036.223 515.376 2.3196 0.0 
4500000 57890 260.734 6076590.72 482.354 2.154 0.0 
4510000 57937 223.959 6094646.155 406.551 1.8376 0.0 
4520000 57995 173.748 6113232.227 318.319 1.4355 0.0 
4530000 58041 216.716 6132235.221 409.68 1.7645 0.0 
4540000 58065 285.724 6151853.947 550.341 2.35 0.0 
4550000 58125 211.481 6170601.329 401.287 1.7329 0.0 
4560000 58180 185.544 6188918.283 344.059 1.5246 0.0 
4570000 58202 284.931 6207700.295 532.623 2.3401 0.0 
4580000 58254 221.737 6226411.693 414.144 1.8309 0.0 
4590000 58317 179.622 6244363.333 327.216 1.4854 0.0 
4600000 58355 219.383 6263283.469 408.161 1.7993 0.0 
4610000 58412 185.329 6281657.178 342.888 1.5201 0.0 
4620000 58465 170.879 6300082.196 312.716 1.3935 0.0 
4630000 58540 149.716 6318134.214 273.104 1.2168 0.0 
4640000 58598 157.77 6335500.549 277.654 1.2744 0.0 
4650000 58687 109.937 6352646.939 186.628 0.9117 0.0 
4660000 58767 121.956 6369681.501 208.121 1.0193 0.0 
4670000 58809 188.351 6386417.569 316.128 1.5473 0.0 
4680000 58876 131.132 6403013.019 214.01 1.0813 0.0 
4690000 58952 132.987 6418790.167 213.067 1.0928 0.0 
4700000 59005 170.845 6436589.292 295.958 1.4089 0.0 
4710000 59153 47.175 6451724.871 62.777 0.3872 0.0 
4720000 59297 78.354 6466454.808 120.435 0.6292 0.0 
4730000 59332 188.832 6483631.493 317.417 1.5247 0.0 
4740000 59372 212.649 6500178.213 352.325 1.7276 0.0 
4750000 59434 179.257 6517481.184 307.44 1.4693 0.0 
4760000 59469 242.223 6535466.457 429.011 1.9859 0.0 
4770000 59507 254.455 6553853.417 461.254 2.0818 0.0 
4780000 59578 160.06 6571886.878 287.218 1.3026 0.0 
4790000 59607 241.456 6590048.308 435.693 1.985 0.0 
4800000 59666 205.524 6607880.032 370.593 1.701 0.0 
4810000 59723 175.089 6625655.189 313.254 1.4375 0.0 
4820000 59791 135.363 6643692.907 240.854 1.1016 0.0 
4830000 59845 167.15 6662161.889 305.431 1.3752 0.0 
4840000 59888 193.639 6680843.262 358.406 1.6105 0.0 
4850000 59972 158.906 6699147.314 296.456 1.2892 0.0 
4860000 60030 173.799 6717086.565 315.652 1.4076 0.0 
4870000 60066 223.63 6735680.291 411.684 1.8205 0.0 
4880000 60116 228.024 6753531.723 413.263 1.8617 0.0 
4890000 60174 188.832 6771232.599 337.008 1.5408 0.0 
4900000 60231 179.579 6789356.381 323.386 1.4682 0.0 
4910000 60282 191.215 6807739.945 349.713 1.5423 0.0 
4920000 60327 208.572 6825945.22 379.519 1.6819 0.0 
4930000 60356 274.206 6843899.697 496.356 2.218 0.0 
4940000 60414 203.497 6861494.188 362.762 1.68 0.0 
4950000 60452 222.23 6879577.941 397.149 1.8304 0.0 
4960000 60507 189.746 6897751.362 341.347 1.5695 0.0 
4970000 60536 245.859 6915793.442 441.423 2.043 0.0 
4980000 60669 56.574 6932128.046 86.336 0.4678 0.0 
4990000 60784 116.561 6948410.183 196.122 0.9746 0.0 
5000000 60811 228.097 6966877.373 410.232 1.8757 0.0 
5010000 60841 264.568 6984912.056 477.082 2.1762 0.0 
5020000 60863 333.161 7003180.726 604.749 2.7358 0.0 
5030000 60907 266.849 7021014.811 479.469 2.1761 0.0 
5040000 60937 304.804 7039533.83 556.242 2.5033 0.0 
5050000 60956 373.466 7058336.3 691.145 3.0699 0.0 
5060000 60990 330.845 7077770.096 624.573 2.7138 0.0 
5070000 61021 330.489 7096703.916 624.08 2.7203 0.0 
5080000 61059 287.046 7115427.656 539.39 2.3577 0.0 
5090000 61090 311.531 7135004.759 598.69 2.526 0.0 
5100000 61136 253.027 7153982.079 480.902 2.0519 0.0 
5110000 61196 198.435 7172767.861 376.136 1.6554 0.0 
5120000 61232 239.733 7191714.828 455.033 2.0097 0.0 
5130000 61264 278.022 7210138.815 520.662 2.3172 0.0 
5140000 61331 191.21 7228489.059 356.295 1.5696 0.0 
5150000 61382 199.649 7247716.671 380.136 1.6372 0.0 
5160000 61435 178.624 7267025.266 340.471 1.467 0.0 
5170000 61496 151.943 7286272.56 288.763 1.2489 0.0 
5180000 61545 180.178 7305440.515 343.484 1.4986 0.0 
5190000 61586 207.941 7323874.694 385.449 1.7133 0.0 
5200000 61624 231.141 7340815.442 400.706 1.8976 0.0 
5210000 61673 201.895 7359444.477 363.967 1.6657 0.0 
5220000 61703 266.474 7378874.413 502.199 2.2053 0.0 
5230000 61724 331.87 7398215.435 633.072 2.7583 0.0 
5240000 61759 297.975 7417965.799 576.591 2.4759 0.0 
5250000 61812 237.438 7436493.823 448.549 1.9691 0.0 
5260000 61869 200.142 7453917.483 363.728 1.6551 0.0 
5270000 61889 294.042 7472713.691 543.794 2.4379 0.0 
5280000 61918 322.479 7490996.992 593.338 2.6436 0.0 
5290000 61943 341.816 7509812.5 634.689 2.802 0.0 
5300000 61975 320.849 7528542.962 597.825 2.65 0.0 
5310000 61995 377.693 7548011.95 716.823 3.1268 0.0 
5320000 62022 371.065 7567469.275 711.029 3.0666 0.0 
5330000 62053 360.842 7587052.687 700.34 2.9709 0.0 
5340000 62101 256.937 7605087.795 480.359 2.0929 0.0 
5350000 62149 218.281 7624163.219 411.551 1.7842 0.0 
5360000 62182 265.201 7643953.565 514.991 2.1102 0.0 
5370000 62240 214.61 7662233.335 404.482 1.7386 0.0 
5380000 62267 274.874 7681693.608 527.491 2.2442 0.0 
5390000 62302 283.504 7701329.376 551.707 2.3339 0.0 
5400000 62326 336.056 7721366.517 663.747 2.7732 0.0 
5410000 62364 283.43 7741287.012 560.672 2.3324 0.0 
5420000 62400 276.172 7760991.196 545.477 2.2948 0.0 
5430000 62467 192.64 7779872.229 372.737 1.603 0.0 
5440000 62516 188.244 7799377.548 364.145 1.5511 0.0 
5450000 62562 195.518 7818746.981 377.772 1.6254 0.0 
5460000 62584 288.435 7838776.576 568.377 2.3801 0.0 
5470000 62610 327.902 7858976.539 654.028 2.7004 0.0 
5480000 62633 364.043 7878482.393 720.171 3.0377 0.0 
5490000 62673 299.364 7897557.681 583.33 2.4979 0.0 
5500000 62693 352.622 7918132.242 702.3 2.9085 0.0 
5510000 62724 337.827 7938518.608 679.757 2.8053 0.0 
5520000 62749 359.297 7958549.741 721.174 2.9634 0.0 
5530000 62812 214.656 7976906.931 413.085 1.7684 0.0 
5540000 62859 210.957 7996282.699 406.861 1.7427 0.0 
5550000 62951 127.555 8014196.639 233.452 1.0644 0.0 
5560000 63023 153.92 8032451.769 284.097 1.2829 0.0 
5570000 63067 199.952 8051193.096 373.575 1.6498 0.0 
5580000 63118 204.565 8070211.012 387.14 1.6983 0.0 
5590000 63183 179.1 8088537.233 335.548 1.5007 0.0 
5600000 63212 255.413 8108249.33 493.774 2.1107 0.0 
5610000 63254 241.975 8127965.269 472.233 2.0168 0.0 
5620000 63275 325.666 8148217.451 648.68 2.6852 0.0 
5630000 63351 153.082 8167072.749 291.829 1.2562 0.0 
5640000 63414 178.303 8185992.459 340.829 1.4694 0.0 
5650000 63473 156.087 8204972.21 293.324 1.271 0.0 
5660000 63525 175.89 8224435.606 338.102 1.414 0.0 
5670000 63565 218.844 8244278.983 430.396 1.7941 0.0 
5680000 63595 263.931 8264750.651 530.173 2.1778 0.0 
5690000 63629 294.531 8284620.481 589.574 2.4045 0.0 
5700000 63672 248.921 8304118.264 491.251 2.0229 0.0 
5710000 63759 132.374 8322772.074 249.295 1.085 0.0 
5720000 63804 180.16 8342391.665 347.707 1.4884 0.0 
5730000 63935 79.21 8359415.528 138.763 0.6519 0.0 
5740000 63992 155.93 8377743.67 283.562 1.263 0.0 
5750000 64029 211.162 8396853.604 397.401 1.7206 0.0 
5760000 64064 249.608 8416571.899 483.068 2.0502 0.0 
5770000 64101 245.878 8436270.412 478.658 2.0422 0.0 
5780000 64136 272.555 8455542.812 528.887 2.2659 0.0 
5790000 64165 295.916 8474802.848 570.36 2.4421 0.0 
5800000 64236 185.495 8493191.433 346.158 1.5281 0.0 
5810000 64275 233.679 8511355.031 428.622 1.9318 0.0 
5820000 64320 224.607 8529873.57 415.122 1.8629 0.0 
5830000 64387 160.718 8547681.908 289.443 1.3252 0.0 
5840000 64428 217.077 8565929.542 395.091 1.7987 0.0 
5850000 64459 254.798 8584167.206 462.572 2.0734 0.0 
5860000 64529 156.604 8601296.864 272.462 1.271 0.0 
5870000 64574 204.49 8619256.956 364.955 1.6856 0.0 
5880000 64602 267.133 8637400.712 480.582 2.1847 0.0 
5890000 64635 290.902 8656273.114 537.333 2.3907 0.0 
5900000 64675 269.62 8675560.589 509.509 2.2068 0.0 
5910000 64718 238.141 8694327.58 447.647 1.9511 0.0 
5920000 64759 243.317 8713490.678 463.204 2.0053 0.0 
5930000 64792 284.582 8732821.094 547.212 2.3796 0.0 
5940000 64816 323.895 8752121.06 623.99 2.7021 0.0 
5950000 64860 260.759 8770785.99 492.635 2.1757 0.0 
5960000 64937 158.593 8788888.896 291.778 1.3026 0.0 
5970000 64981 208.122 8807404.439 386.542 1.7016 0.0 
5980000 65028 217.554 8825943.695 404.735 1.788 0.0 
5990000 65065 252.657 8844892.338 476.268 2.0885 0.0 
6000000 65092 292.165 8863859.884 551.921 2.4129 0.0 
