10000 607 16.926 -2275.31 -3.596 0.0124 0.0 
20000 1181 20.647 -4013.697 -1.553 0.0398 0.0 
30000 1709 19.233 -2167.51 5.115 0.0378 0.0 
40000 2177 21.17 725.305 6.647 0.0492 0.0 
50000 2638 21.459 3971.998 6.489 0.0509 0.0 
60000 3097 22.495 7350.871 8.104 0.0463 0.0 
70000 3534 23.692 11073.685 9.436 0.0556 0.0 
80000 3895 29.632 15570.553 13.836 0.0615 0.0 
90000 4216 33.48 20358.748 16.971 0.0795 0.0 
100000 4502 33.794 26019.33 20.274 0.0803 0.0 
110000 4804 34.755 31994.452 20.702 0.0814 0.0 
120000 5056 41.5 37961.353 24.666 0.085 0.0 
130000 5317 40.428 44550.765 27.543 0.089 0.0 
140000 5574 36.486 51481.085 26.026 0.0755 0.0 
150000 5829 38.402 58728.796 28.049 0.0908 0.0 
160000 6076 41.871 66286.511 31.266 0.0994 0.0 
170000 6312 43.753 73848.636 33.131 0.1037 0.0 
180000 6550 42.14 82018.772 34.095 0.1002 0.0 
190000 6799 40.554 90210.555 33.683 0.0838 0.0 
200000 7035 43.889 98326.018 36.657 0.1021 0.0 
210000 7254 46.238 107025.21 40.938 0.11 0.0 
220000 7488 43.122 115570.193 36.888 0.1031 0.0 
230000 7733 41.265 124387.969 35.174 0.0988 0.0 
240000 7977 40.106 133444.951 36.218 0.0846 0.0 
250000 8221 41.307 142692.093 38.777 0.093 0.0 
260000 8471 39.211 152068.774 36.624 0.0937 0.0 
270000 8732 39.814 161466.591 36.612 0.0952 0.0 
280000 8987 41.919 170914.597 39.726 0.0874 0.0 
290000 9249 39.033 180561.479 38.279 0.0931 0.0 
300000 9509 37.611 190246.632 37.038 0.0882 0.0 
310000 9749 44.26 199853.755 41.609 0.1061 0.0 
320000 9994 39.354 209440.353 37.922 0.0944 0.0 
330000 10236 42.337 219288.689 41.476 0.1016 0.0 
340000 10488 39.239 229534.018 41.019 0.0943 0.0 
350000 10744 39.081 240024.975 40.801 0.084 0.0 
360000 11007 39.1 250395.361 40.68 0.0941 0.0 
370000 11277 36.785 260813.33 38.214 0.0885 0.0 
380000 11534 40.048 271467.304 43.265 0.0912 0.0 
390000 11790 39.193 282200.701 42.405 0.0935 0.0 
400000 12043 39.357 293036.801 42.93 0.0946 0.0 
410000 12304 37.533 303896.262 40.872 0.0896 0.0 
420000 12563 39.466 314892.2 43.563 0.0937 0.0 
430000 12816 39.85 326076.502 44.569 0.0949 0.0 
440000 13078 37.186 337387.739 41.99 0.0899 0.0 
450000 13360 35.797 348649.667 40.61 0.0866 0.0 
460000 13643 37.252 359880.155 42.325 0.0901 0.0 
470000 13918 36.398 371400.898 42.111 0.0881 0.0 
480000 14184 36.787 383102.9 43.129 0.0887 0.0 
490000 14451 37.941 394734.632 44.083 0.092 0.0 
500000 14715 38.166 406545.733 45.66 0.0922 0.0 
510000 14972 39.087 418791.493 48.108 0.0944 0.0 
520000 15230 39.602 431018.791 48.804 0.0961 0.0 
530000 15485 38.611 443373.32 47.703 0.0925 0.0 
540000 15746 36.464 455809.17 45.232 0.0829 0.0 
550000 16014 37.305 468624.07 48.321 0.0912 0.0 
560000 16270 39.5 481681.765 51.969 0.0963 0.0 
570000 16533 37.319 494883.405 49.848 0.0899 0.0 
580000 16799 37.914 508163.554 50.596 0.0911 0.0 
590000 17062 37.581 521688.643 50.861 0.0917 0.0 
600000 17329 37.132 535374.901 50.91 0.091 0.0 
610000 17598 36.779 549019.886 50.223 0.0899 0.0 
620000 17860 38.201 563003.841 53.624 0.0938 0.0 
630000 18121 38.247 577291.399 55.003 0.094 0.0 
640000 18383 38.07 591723.714 55.219 0.0933 0.0 
650000 18646 38.127 606290.353 55.932 0.0929 0.0 
660000 18909 37.59 621170.876 56.137 0.0923 0.0 
670000 19172 37.78 636243.951 57.181 0.0929 0.0 
680000 19430 39.272 651572.399 60.705 0.0963 0.0 
690000 19686 39.02 667133.854 60.782 0.096 0.0 
700000 19938 40.23 682793.024 63.451 0.0991 0.0 
710000 20192 39.164 698596.625 62.116 0.0968 0.0 
720000 20445 39.54 714580.485 63.359 0.0977 0.0 
730000 20696 39.92 730700.063 64.175 0.0985 0.0 
740000 20950 39.579 746940.634 64.415 0.0979 0.0 
750000 21196 40.759 763279.474 66.705 0.1017 0.0 
760000 21446 39.92 779724.61 66.219 0.0992 0.0 
770000 21698 39.607 796330.098 65.84 0.099 0.0 
780000 21953 39.028 813136.896 65.799 0.0981 0.0 
790000 22209 39.584 829991.406 66.81 0.0873 0.0 
800000 22453 40.851 846949.846 69.089 0.0894 0.0 
810000 22706 39.516 864091.804 67.892 0.0986 0.0 
820000 22963 38.966 881278.141 66.967 0.0871 0.0 
830000 23216 39.604 898477.355 68.474 0.0965 0.0 
840000 23465 40.63 915815.083 70.842 0.0903 0.0 
850000 23711 40.984 933152.58 71.215 0.0905 0.0 
860000 23955 40.794 950481.176 70.945 0.1034 0.0 
870000 24197 40.854 968076.209 72.496 0.1037 0.0 
880000 24446 39.835 985969.518 71.121 0.1013 0.0 
890000 24695 39.819 1003808.447 70.732 0.1015 0.0 
900000 24941 40.773 1021737.877 73.671 0.1043 0.0 
910000 25186 41.178 1039877.096 74.484 0.1053 0.0 
920000 25432 40.584 1058016.36 73.632 0.104 0.0 
930000 25677 40.473 1076153.287 73.911 0.1035 0.0 
940000 25927 39.661 1094468.141 72.537 0.102 0.0 
950000 26175 41.304 1112723.762 75.428 0.1059 0.0 
960000 26425 40.001 1131074.724 73.484 0.1028 0.0 
970000 26676 40.208 1149391.107 73.882 0.0906 0.0 
980000 26920 41.357 1167955.074 76.7 0.0933 0.0 
990000 27161 40.826 1186430.013 75.518 0.0986 0.0 
1000000 27408 39.842 1204968.149 73.407 0.0907 0.0 
1010000 27659 40.061 1223605.301 74.542 0.091 0.0 
1020000 27909 40.389 1242237.674 75.315 0.1051 0.0 
1030000 28159 39.953 1260737.198 73.583 0.1014 0.0 
1040000 28409 41.215 1279232.867 76.956 0.0942 0.0 
1050000 28641 44.089 1297942.833 82.496 0.101 0.0 
1060000 28881 41.067 1316745.485 77.3 0.1074 0.0 
1070000 29130 39.895 1335362.638 74.256 0.1045 0.0 
1080000 29373 41.649 1354007.755 77.786 0.1091 0.0 
1090000 29613 41.884 1372818.928 78.997 0.1101 0.0 
1100000 29851 42.201 1391817.966 80.069 0.1111 0.0 
1110000 30090 41.974 1410801.937 79.542 0.0974 0.0 
1120000 30334 40.267 1429723.675 75.975 0.103 0.0 
1130000 30584 40.94 1448567.336 77.238 0.0934 0.0 
1140000 30826 40.808 1467443.871 76.72 0.0927 0.0 
1150000 31070 41.533 1486201.534 78.122 0.0943 0.0 
1160000 31310 41.598 1505051.273 78.479 0.1074 0.0 
1170000 31551 41.492 1524014.536 79.013 0.1094 0.0 
1180000 31792 41.276 1543041.883 78.338 0.1089 0.0 
1190000 32041 39.165 1561812.393 72.162 0.0961 0.0 
1200000 32287 40.544 1580522.991 75.922 0.0923 0.0 
1210000 32527 42.272 1599337.461 80.136 0.0962 0.0 
1220000 32766 42.372 1618483.363 81.239 0.0964 0.0 
1230000 33002 41.351 1637537.586 79.032 0.106 0.0 
1240000 33243 41.423 1656684.543 79.17 0.1093 0.0 
1250000 33482 42.534 1675624.173 80.901 0.1116 0.0 
1260000 33720 41.234 1694519.235 77.617 0.1075 0.0 
1270000 33967 40.669 1713553.74 77.577 0.1069 0.0 
1280000 34213 40.55 1732383.82 75.614 0.1056 0.0 
1290000 34465 40.265 1750910.781 75.555 0.1061 0.0 
1300000 34710 40.128 1769549.037 74.301 0.1054 0.0 
1310000 34957 40.862 1788141.925 75.739 0.1073 0.0 
1320000 35202 41.157 1806619.763 75.829 0.1086 0.0 
1330000 35440 41.36 1825300.335 77.448 0.1035 0.0 
1340000 35680 42.118 1844270.747 79.996 0.1109 0.0 
1350000 35922 41.295 1862954.916 76.715 0.1088 0.0 
1360000 36161 42.394 1881501.411 79.391 0.1091 0.0 
1370000 36399 41.535 1900289.272 78.25 0.1035 0.0 
1380000 36638 41.128 1919129.242 76.657 0.098 0.0 
1390000 36880 41.223 1937901.018 77.48 0.0949 0.0 
1400000 37123 41.977 1956592.479 79.077 0.1104 0.0 
1410000 37362 43.508 1975332.104 81.848 0.1073 0.0 
1420000 37590 43.315 1994135.434 81.264 0.1073 0.0 
1430000 37832 40.217 2012788.024 73.993 0.1045 0.0 
1440000 38069 42.153 2031472.78 78.99 0.1097 0.0 
1450000 38305 42.349 2050308.235 80.069 0.1108 0.0 
1460000 38547 40.505 2069279.967 76.803 0.1064 0.0 
1470000 38788 41.606 2088244.13 78.74 0.1083 0.0 
1480000 39024 42.802 2107296.946 81.453 0.1083 0.0 
1490000 39253 44.085 2126420.853 84.325 0.1004 0.0 
1500000 39484 43.407 2145577.173 83.45 0.1126 0.0 
1510000 39721 42.419 2164654.476 81.24 0.1115 0.0 
1520000 39950 43.874 2183891.718 84.399 0.1152 0.0 
1530000 40177 45.259 2203044.751 86.391 0.1194 0.0 
1540000 40396 45.437 2222132.337 86.825 0.1193 0.0 
1550000 40615 45.541 2241328.011 87.583 0.1205 0.0 
1560000 40832 46.036 2260372.187 87.35 0.1216 0.0 
1570000 41055 45.067 2279272.589 84.608 0.1188 0.0 
1580000 41277 43.782 2298255.889 83.225 0.1154 0.0 
1590000 41499 45.83 2316923.468 85.016 0.1203 0.0 
1600000 41717 44.88 2335874.46 85.705 0.1047 0.0 
1610000 41957 40.914 2354642.999 76.129 0.0976 0.0 
1620000 42189 42.808 2373679.137 81.16 0.098 0.0 
1630000 42419 43.493 2392717.79 82.597 0.0995 0.0 
1640000 42654 42.238 2411451.21 79.414 0.0961 0.0 
1650000 42892 42.197 2430191.633 78.909 0.1062 0.0 
1660000 43118 44.399 2449080.556 83.821 0.1157 0.0 
1670000 43355 43.445 2467822.934 81.089 0.1133 0.0 
1680000 43569 46.653 2486541.363 87.726 0.109 0.0 
1690000 43787 45.159 2505512.392 86.198 0.1033 0.0 
1700000 44019 44.069 2524412.922 83.776 0.1006 0.0 
1710000 44246 43.366 2543572.988 83.137 0.0993 0.0 
1720000 44470 44.831 2562806.553 86.515 0.1028 0.0 
1730000 44692 44.533 2582040.13 85.167 0.1021 0.0 
1740000 44923 43.11 2601141.3 82.932 0.0989 0.0 
1750000 45154 43.188 2620310.517 82.616 0.1074 0.0 
1760000 45388 43.046 2639474.137 82.699 0.1137 0.0 
1770000 45617 44.67 2658751.935 86.152 0.1129 0.0 
1780000 45844 44.109 2678009.4 85.523 0.1016 0.0 
1790000 46069 44.781 2697362.085 86.535 0.1033 0.0 
1800000 46299 43.015 2716576.758 82.355 0.1094 0.0 
1810000 46536 44.77 2735305.902 85.5 0.1173 0.0 
1820000 46763 43.012 2754319.171 81.721 0.1136 0.0 
1830000 46996 43.394 2773361.877 83.009 0.1145 0.0 
1840000 47229 42.981 2792367.023 81.528 0.1024 0.0 
1850000 47463 42.738 2811174.959 80.222 0.1116 0.0 
1860000 47691 43.908 2830136.995 83.004 0.116 0.0 
1870000 47920 43.85 2848934.931 82.461 0.1166 0.0 
1880000 48150 43.278 2867748.161 80.728 0.1148 0.0 
1890000 48383 42.493 2886542.083 79.901 0.0983 0.0 
1900000 48611 43.805 2905331.746 82.18 0.101 0.0 
1910000 48838 44.379 2924116.039 83.068 0.1021 0.0 
1920000 49055 46.483 2942837.171 87.321 0.1206 0.0 
1930000 49272 46.345 2961882.654 88.491 0.1217 0.0 
1940000 49495 44.564 2980825.091 84.799 0.1183 0.0 
1950000 49720 42.987 2999820.433 81.404 0.1142 0.0 
1960000 49950 43.113 3018802.847 81.899 0.1144 0.0 
1970000 50179 42.55 3037807.961 80.694 0.1134 0.0 
1980000 50415 43.894 3056599.819 83.038 0.1169 0.0 
1990000 50649 42.921 3075594.531 81.619 0.1143 0.0 
2000000 50880 44.095 3094754.034 84.136 0.1159 0.0 
2010000 51113 42.879 3113860.097 82.213 0.1015 0.0 
2020000 51348 42.51 3132912.77 81.325 0.1104 0.0 
2030000 51582 42.551 3152133.697 81.614 0.1119 0.0 
2040000 51813 43.894 3171378.38 84.215 0.117 0.0 
2050000 52042 43.237 3190561.517 82.97 0.1146 0.0 
2060000 52274 43.603 3209845.774 84.091 0.1166 0.0 
2070000 52502 43.955 3229169.453 84.865 0.1159 0.0 
2080000 52741 44.08 3247916.243 83.801 0.117 0.0 
2090000 52958 45.891 3266773.441 86.506 0.1216 0.0 
2100000 53200 38.775 3285416.984 70.155 0.1036 0.0 
2110000 53433 43.264 3304091.386 81.26 0.1016 0.0 
2120000 53668 43.565 3323052.951 83.372 0.101 0.0 
2130000 53901 42.841 3342195.35 82.465 0.1141 0.0 
2140000 54125 44.941 3361287.957 86.129 0.1204 0.0 
2150000 54357 42.526 3380415.197 80.928 0.1138 0.0 
2160000 54596 42.199 3399361.71 80.335 0.1021 0.0 
2170000 54831 42.901 3418354.564 81.91 0.1137 0.0 
2180000 55057 44.204 3437547.048 84.927 0.1192 0.0 
2190000 55286 43.256 3456883.487 83.485 0.1156 0.0 
2200000 55513 44.338 3476252.195 85.376 0.1112 0.0 
2210000 55733 45.131 3495470.405 86.686 0.1208 0.0 
2220000 55954 45.568 3514726.514 87.364 0.1081 0.0 
2230000 56176 44.507 3533790.868 85.233 0.1162 0.0 
2240000 56417 40.719 3552655.267 76.076 0.1083 0.0 
2250000 56648 43.245 3571806.16 82.584 0.1159 0.0 
2260000 56869 45.277 3591099.311 87.364 0.1117 0.0 
2270000 57090 44.802 3610495.108 86.879 0.1051 0.0 
2280000 57316 44.959 3629839.162 86.844 0.1054 0.0 
2290000 57554 40.305 3648398.461 71.74 0.0947 0.0 
2300000 57783 44.324 3667120.237 83.641 0.1168 0.0 
2310000 58005 44.288 3686312.993 84.818 0.1175 0.0 
2320000 58232 43.992 3705351.565 83.635 0.1169 0.0 
2330000 58468 42.998 3723936.693 80.535 0.1141 0.0 
2340000 58698 44.077 3742525.519 81.241 0.1166 0.0 
2350000 58922 44.875 3761556.716 85.484 0.12 0.0 
2360000 59151 43.476 3780846.773 83.495 0.115 0.0 
2370000 59380 43.582 3799833.55 82.795 0.1158 0.0 
2380000 59604 44.937 3818802.371 85.256 0.1195 0.0 
2390000 59826 44.474 3838037.979 85.554 0.1181 0.0 
2400000 60050 44.228 3857253.993 84.865 0.1174 0.0 
2410000 60283 43.47 3876162.327 82.406 0.1154 0.0 
2420000 60509 43.924 3895185.455 82.738 0.1167 0.0 
2430000 60740 43.102 3914045.865 81.314 0.1143 0.0 
2440000 60974 42.999 3932978.008 81.824 0.114 0.0 
2450000 61210 41.937 3951817.811 78.853 0.1115 0.0 
2460000 61444 43.018 3970775.201 81.653 0.114 0.0 
2470000 61674 43.585 3989846.711 83.21 0.1163 0.0 
2480000 61903 43.883 4009079.128 84.277 0.1164 0.0 
2490000 62127 44.591 4028437.789 86.322 0.119 0.0 
2500000 62360 42.898 4047620.865 82.722 0.114 0.0 
2510000 62594 42.755 4066916.143 82.753 0.1136 0.0 
2520000 62832 41.265 4085949.468 77.892 0.11 0.0 
2530000 63069 42.224 4104900.978 79.774 0.1127 0.0 
2540000 63305 42.625 4123617.786 78.746 0.1138 0.0 
2550000 63537 42.812 4142135.429 79.16 0.115 0.0 
2560000 63769 43.459 4161040.731 82.069 0.1163 0.0 
2570000 64001 42.982 4179772.798 80.786 0.1147 0.0 
2580000 64231 43.59 4198607.505 82.354 0.1165 0.0 
2590000 64458 43.925 4217699.261 83.973 0.1028 0.0 
2600000 64691 41.739 4236681.882 78.002 0.1106 0.0 
2610000 64925 43.611 4255371.483 82.381 0.1162 0.0 
2620000 65153 44.236 4274179.206 83.632 0.1183 0.0 
2630000 65376 44.895 4293323.609 85.939 0.1057 0.0 
2640000 65609 42.529 4312488.458 81.623 0.0993 0.0 
2650000 65849 41.553 4331675.729 79.557 0.1092 0.0 
2660000 66086 42.325 4350843.838 81.095 0.1125 0.0 
2670000 66321 42.588 4370100.936 81.879 0.0994 0.0 
2680000 66559 41.745 4389258.841 79.757 0.0973 0.0 
2690000 66797 42.31 4408458.848 81.851 0.1091 0.0 
2700000 67026 43.595 4427899.642 85.021 0.1164 0.0 
2710000 67259 43.193 4447162.581 83.142 0.1155 0.0 
2720000 67486 44.483 4466512.871 86.155 0.119 0.0 
2730000 67711 44.648 4485905.876 86.49 0.1198 0.0 
2740000 67932 45.772 4505338.247 89.062 0.1214 0.0 
2750000 68151 45.653 4524805.852 89.031 0.1227 0.0 
2760000 68376 41.806 4543990.812 76.965 0.1061 0.0 
2770000 68596 45.066 4563214.184 86.718 0.1202 0.0 
2780000 68818 45.121 4582835.492 88.784 0.1095 0.0 
2790000 69043 44.51 4602317.777 86.385 0.1179 0.0 
2800000 69268 44.282 4621811.306 86.576 0.1183 0.0 
2810000 69496 43.7 4641301.007 85.404 0.1021 0.0 
2820000 69721 44.82 4660927.835 87.917 0.1042 0.0 
2830000 69943 45.202 4680608.316 89.224 0.105 0.0 
2840000 70171 43.11 4700251.102 83.952 0.1001 0.0 
2850000 70401 43.976 4719855.72 86.465 0.1173 0.0 
2860000 70630 43.527 4739418.813 84.841 0.1083 0.0 
2870000 70863 42.865 4758875.668 83.356 0.1148 0.0 
2880000 71100 42.319 4778340.358 82.428 0.1134 0.0 
2890000 71327 44.751 4797776.445 86.739 0.1129 0.0 
2900000 71551 44.815 4817260.328 87.085 0.1068 0.0 
2910000 71785 42.167 4836716.267 82.262 0.1089 0.0 
2920000 72019 42.418 4856265.244 83.036 0.0994 0.0 
2930000 72256 43.017 4875861.596 84.616 0.1008 0.0 
2940000 72487 42.915 4895561.698 84.497 0.1007 0.0 
2950000 72716 44.179 4915296.112 87.024 0.1037 0.0 
2960000 72938 45.425 4935022.112 89.917 0.1066 0.0 
2970000 73163 45.042 4954535.401 87.872 0.1056 0.0 
2980000 73387 44.929 4974209.256 88.568 0.1054 0.0 
2990000 73605 45.505 4993944.77 89.559 0.1086 0.0 
3000000 73830 44.555 5013734.795 88.459 0.1168 0.0 
3010000 74060 42.607 5033447.653 83.49 0.1006 0.0 
3020000 74287 44.971 5053204.715 89.147 0.1059 0.0 
3030000 74512 43.678 5073062.097 86.33 0.109 0.0 
3040000 74740 44.077 5092866.104 87.622 0.1181 0.0 
3050000 74955 45.447 5112462.002 89.629 0.1219 0.0 
3060000 75191 41.665 5132067.463 80.958 0.0986 0.0 
3070000 75420 44.763 5151658.51 87.923 0.1054 0.0 
3080000 75639 45.519 5171543.89 90.922 0.1072 0.0 
3090000 75867 43.686 5191354.761 86.488 0.1166 0.0 
3100000 76093 44.382 5211168.367 88.139 0.1195 0.0 
3110000 76313 45.445 5230959.507 89.967 0.1076 0.0 
3120000 76536 45.227 5250482.877 88.316 0.112 0.0 
3130000 76759 43.832 5270023.262 86.042 0.118 0.0 
3140000 76995 42.505 5289490.81 83.159 0.114 0.0 
3150000 77228 42.651 5309194.805 84.081 0.1137 0.0 
3160000 77463 42.356 5328753.493 82.792 0.1126 0.0 
3170000 77697 43.729 5348396.789 85.993 0.1164 0.0 
3180000 77924 43.497 5368205.019 85.661 0.1174 0.0 
3190000 78152 43.941 5388058.855 87.369 0.1186 0.0 
3200000 78379 43.811 5407991.142 87.21 0.1166 0.0 
3210000 78606 44.616 5427926.269 88.781 0.1189 0.0 
3220000 78831 44.59 5447823.004 88.741 0.1128 0.0 
3230000 79062 42.465 5467523.56 83.367 0.1143 0.0 
3240000 79302 42.061 5486935.846 82.028 0.1131 0.0 
3250000 79537 42.585 5506545.331 83.543 0.1145 0.0 
3260000 79766 44.239 5526305.786 87.876 0.1194 0.0 
3270000 79997 43.514 5546122.872 86.071 0.1169 0.0 
3280000 80225 44.464 5566004.316 88.275 0.1186 0.0 
3290000 80455 43.896 5585867.06 87.203 0.1172 0.0 
3300000 80684 44.645 5605403.646 87.177 0.1192 0.0 
3310000 80909 44.851 5624878.183 87.823 0.1148 0.0 
3320000 81129 45.199 5644773.474 90.046 0.1222 0.0 
3330000 81357 42.777 5664698.74 85.348 0.1155 0.0 
3340000 81585 44.213 5684749.218 88.831 0.118 0.0 
3350000 81813 43.917 5704840.998 88.206 0.117 0.0 
3360000 82037 44.43 5724990.81 89.689 0.1183 0.0 
3370000 82256 45.523 5745141.623 91.801 0.1203 0.0 
3380000 82480 44.246 5765285.451 88.917 0.1199 0.0 
3390000 82705 44.811 5785337.072 89.525 0.1205 0.0 
3400000 82935 42.874 5805365.621 85.859 0.115 0.0 
3410000 83175 41.39 5825054.115 81.086 0.1113 0.0 
3420000 83408 43.282 5844900.688 86.3 0.1164 0.0 
3430000 83642 43.266 5864859.483 86.27 0.1171 0.0 
3440000 83872 43.654 5884728.829 86.683 0.1036 0.0 
3450000 84089 46.629 5904644.262 92.961 0.1092 0.0 
3460000 84313 43.892 5924484.643 86.795 0.1155 0.0 
3470000 84550 41.632 5943900.116 80.301 0.1112 0.0 
3480000 84778 44.587 5963691.413 88.332 0.1057 0.0 
3490000 85001 45.011 5983588.623 89.773 0.1209 0.0 
3500000 85225 44.497 6003558.163 88.719 0.1203 0.0 
3510000 85453 44.954 6023216.806 88.967 0.1212 0.0 
3520000 85674 45.046 6043049.09 89.575 0.1217 0.0 
3530000 85901 43.52 6062922.692 86.247 0.1163 0.0 
3540000 86141 41.069 6082542.763 80.02 0.0967 0.0 
3550000 86381 41.871 6102149.627 82.149 0.1125 0.0 
3560000 86617 43.21 6121817.734 84.946 0.1018 0.0 
3570000 86841 45.19 6141167.861 86.914 0.1061 0.0 
3580000 87060 44.451 6160664.192 87.303 0.1041 0.0 
3590000 87294 42.911 6180379.306 84.519 0.1138 0.0 
3600000 87525 43.388 6200105.541 85.686 0.1021 0.0 
3610000 87758 42.564 6219816.918 83.823 0.1139 0.0 
3620000 87997 41.306 6239434.403 80.715 0.0972 0.0 
3630000 88231 44.266 6258991.035 86.926 0.1173 0.0 
3640000 88462 43.45 6278702.686 85.639 0.1173 0.0 
3650000 88698 42.172 6298406.648 83.158 0.1143 0.0 
3660000 88941 41.697 6317869.894 81.408 0.1075 0.0 
3670000 89178 43.623 6337397.481 85.974 0.1176 0.0 
3680000 89402 44.784 6357069.87 87.7 0.1062 0.0 
3690000 89626 44.823 6376761.357 88.461 0.1061 0.0 
3700000 89859 42.133 6396216.331 81.423 0.1123 0.0 
3710000 90086 45.416 6415805.459 88.878 0.108 0.0 
3720000 90314 43.098 6435417.967 84.773 0.102 0.0 
3730000 90546 43.135 6455240.635 85.626 0.1114 0.0 
3740000 90775 42.434 6475243.021 84.75 0.103 0.0 
3750000 91012 43.76 6494799.979 86.297 0.1034 0.0 
3760000 91236 45.118 6514510.909 88.873 0.1068 0.0 
3770000 91450 46.868 6534273.312 92.909 0.1111 0.0 
3780000 91675 43.217 6554302.519 86.949 0.1022 0.0 
3790000 91909 43.938 6574237.658 87.814 0.1046 0.0 
3800000 92133 44.873 6594267.153 89.884 0.1204 0.0 
3810000 92356 44.891 6614292.727 90.357 0.1087 0.0 
3820000 92588 43.356 6634221.393 86.647 0.1027 0.0 
3830000 92824 42.792 6654035.034 85.494 0.1147 0.0 
3840000 93049 44.408 6674023.539 88.733 0.1202 0.0 
3850000 93268 45.638 6694076.466 92.074 0.1081 0.0 
3860000 93490 43.871 6714129.946 87.562 0.105 0.0 
3870000 93727 44.003 6733643.404 87.71 0.1029 0.0 
3880000 93946 46.484 6753718.9 93.531 0.109 0.0 
3890000 94163 45.479 6773911.371 91.661 0.121 0.0 
3900000 94389 44.376 6793933.681 88.716 0.1199 0.0 
3910000 94610 45.296 6814045.854 91.085 0.1207 0.0 
3920000 94840 42.379 6834010.322 83.696 0.0996 0.0 
3930000 95074 44.948 6853370.49 88.94 0.1054 0.0 
3940000 95297 44.214 6873155.048 87.997 0.1035 0.0 
3950000 95524 43.758 6893134.278 87.265 0.1163 0.0 
3960000 95757 41.928 6912966.073 82.817 0.1071 0.0 
3970000 95996 42.229 6932597.408 83.359 0.1134 0.0 
3980000 96236 42.512 6952191.993 83.75 0.114 0.0 
3990000 96461 44.679 6971976.599 88.406 0.1179 0.0 
4000000 96690 43.307 6991843.294 85.963 0.1143 0.0 
4010000 96917 43.663 7011706.872 86.676 0.1176 0.0 
4020000 97145 43.81 7031530.032 87.041 0.117 0.0 
4030000 97374 43.709 7051518.339 87.429 0.1165 0.0 
4040000 97598 44.687 7071531.152 89.543 0.1204 0.0 
4050000 97827 42.978 7091418.567 85.312 0.116 0.0 
4060000 98058 43.339 7111388.666 86.38 0.1171 0.0 
4070000 98295 43.109 7131024.186 85.022 0.1165 0.0 
4080000 98521 43.703 7150937.552 86.529 0.1182 0.0 
4090000 98748 43.825 7170817.431 86.831 0.1185 0.0 
4100000 98971 44.864 7190680.403 89.124 0.1208 0.0 
4110000 99190 45.829 7210487.681 90.949 0.1235 0.0 
4120000 99416 44.173 7230284.013 87.299 0.1191 0.0 
4130000 99646 43.235 7250098.318 85.828 0.1156 0.0 
4140000 99874 44.122 7269931.559 87.548 0.1176 0.0 
4150000 100101 44.451 7289711.12 87.623 0.1195 0.0 
4160000 100329 42.816 7309480.699 84.478 0.1053 0.0 
4170000 100569 41.641 7329127.197 81.662 0.0977 0.0 
4180000 100801 43.705 7348847.161 86.119 0.1178 0.0 
4190000 101033 43.536 7368594.117 86.254 0.1112 0.0 
4200000 101270 42.084 7388409.433 83.345 0.1007 0.0 
4210000 101502 43.318 7408352.746 86.6 0.1082 0.0 
4220000 101731 43.562 7428461.559 87.666 0.1164 0.0 
4230000 101963 43.561 7448534.663 87.537 0.1166 0.0 
4240000 102196 43.152 7468572.363 86.927 0.1086 0.0 
4250000 102429 42.792 7488695.472 86.219 0.1006 0.0 
4260000 102658 43.663 7508928.553 88.145 0.1162 0.0 
4270000 102886 44.296 7529149.513 89.794 0.1052 0.0 
4280000 103112 44.345 7549452.052 90.216 0.1042 0.0 
4290000 103339 44.244 7569775.959 89.927 0.1044 0.0 
4300000 103565 44.275 7590052.368 89.753 0.104 0.0 
4310000 103790 44.664 7610274.391 90.192 0.1129 0.0 
4320000 104018 43.532 7630437.659 87.615 0.1025 0.0 
4330000 104244 44.709 7650737.181 90.954 0.1195 0.0 
4340000 104465 45.183 7670955.456 91.452 0.1212 0.0 
4350000 104685 44.703 7691202.319 90.63 0.1192 0.0 
4360000 104909 44.26 7711455.927 89.636 0.1189 0.0 
4370000 105145 42.46 7731473.945 84.837 0.1057 0.0 
4380000 105370 44.77 7751756.44 90.598 0.1205 0.0 
4390000 105596 44.203 7771973.144 89.259 0.1202 0.0 
4400000 105824 43.708 7792249.045 88.619 0.1188 0.0 
4410000 106054 43.457 7812545.413 88.016 0.118 0.0 
4420000 106283 43.82 7832889.619 89.083 0.119 0.0 
4430000 106510 43.848 7853199.341 89.135 0.1192 0.0 
4440000 106737 43.687 7873633.452 89.487 0.1187 0.0 
4450000 106966 43.437 7893890.316 88.323 0.1135 0.0 
4460000 107196 43.622 7914268.336 88.805 0.1026 0.0 
4470000 107425 43.756 7934562.701 88.259 0.103 0.0 
4480000 107655 44.62 7954441.326 89.058 0.12 0.0 
4490000 107876 44.775 7974586.864 90.672 0.121 0.0 
4500000 108104 44.198 7994884.617 89.584 0.1197 0.0 
4510000 108324 45.86 8015039.268 92.292 0.1148 0.0 
4520000 108544 44.799 8035233.886 90.973 0.1141 0.0 
4530000 108771 43.814 8055610.13 89.161 0.1138 0.0 
4540000 109004 41.613 8075826.887 83.205 0.1124 0.0 
4550000 109229 45.83 8096128.598 93.464 0.1237 0.0 
4560000 109449 45.589 8116536.38 92.846 0.1233 0.0 
4570000 109673 43.785 8136839.051 88.949 0.1164 0.0 
4580000 109904 43.418 8157100.915 87.886 0.1161 0.0 
4590000 110130 44.129 8177389.633 89.779 0.1185 0.0 
4600000 110357 44.481 8197711.179 90.401 0.1196 0.0 
4610000 110585 43.716 8217929.093 88.626 0.1183 0.0 
4620000 110815 43.389 8238078.659 87.14 0.1174 0.0 
4630000 111047 43.157 8258300.766 87.089 0.117 0.0 
4640000 111276 43.818 8278443.817 88.419 0.1176 0.0 
4650000 111505 43.151 8298704.373 87.375 0.1168 0.0 
4660000 111736 44.108 8318856.096 89.349 0.1196 0.0 
4670000 111965 43.546 8339034.192 88.214 0.1022 0.0 
4680000 112196 43.203 8359348.47 88.123 0.1012 0.0 
4690000 112425 43.212 8379794.796 88.238 0.1013 0.0 
4700000 112657 43.182 8400242.291 88.521 0.1013 0.0 
4710000 112888 43.621 8420556.944 88.651 0.1025 0.0 
4720000 113117 43.834 8440912.071 89.386 0.1027 0.0 
4730000 113348 44.409 8460834.778 88.274 0.1186 0.0 
4740000 113565 46.468 8480864.366 92.899 0.1252 0.0 
4750000 113786 45.247 8501000.308 91.549 0.1222 0.0 
4760000 114005 44.993 8521292.375 91.386 0.1214 0.0 
4770000 114231 43.557 8541538.786 87.794 0.1113 0.0 
4780000 114456 44.41 8561858.55 90.195 0.1053 0.0 
4790000 114676 44.964 8582262.751 92.151 0.1066 0.0 
4800000 114904 43.604 8602707.311 88.938 0.1033 0.0 
4810000 115131 44.696 8622899.669 90.675 0.1093 0.0 
4820000 115349 45.265 8643198.479 92.397 0.1223 0.0 
4830000 115569 45.177 8663568.235 92.301 0.1217 0.0 
4840000 115793 44.881 8683724.799 90.801 0.1074 0.0 
4850000 116021 43.682 8703981.749 88.177 0.1179 0.0 
4860000 116254 43.58 8724136.79 88.094 0.1039 0.0 
4870000 116479 44.66 8744435.928 90.9 0.1058 0.0 
4880000 116705 43.898 8764799.992 89.432 0.1182 0.0 
4890000 116932 44.169 8785098.551 89.474 0.1195 0.0 
4900000 117156 44.788 8805422.148 90.704 0.1149 0.0 
4910000 117379 44.523 8825669.78 90.186 0.1055 0.0 
4920000 117603 45.364 8845971.935 91.455 0.1075 0.0 
4930000 117826 44.727 8866417.333 91.216 0.1062 0.0 
4940000 118060 42.696 8886643.16 85.942 0.1054 0.0 
4950000 118288 44.259 8906989.166 89.986 0.1146 0.0 
4960000 118514 44.097 8927287.345 89.449 0.1193 0.0 
4970000 118745 43.251 8947621.363 87.914 0.1172 0.0 
4980000 118976 44.079 8967933.838 89.759 0.1198 0.0 
4990000 119200 44.793 8988313.05 91.335 0.1214 0.0 
5000000 119427 44.115 9008692.835 89.807 0.1201 0.0 
5010000 119651 44.301 9029068.26 90.31 0.106 0.0 
5020000 119880 43.507 9049449.53 88.5 0.1036 0.0 
5030000 120117 40.838 9069533.299 80.722 0.1111 0.0 
5040000 120352 43.151 9089579.447 86.983 0.1173 0.0 
5050000 120579 44.375 9109854.614 90.186 0.1203 0.0 
5060000 120800 45.555 9130179.074 92.4 0.1231 0.0 
5070000 121023 45.038 9150341.378 90.115 0.1114 0.0 
5080000 121248 44.309 9170504.426 89.499 0.1075 0.0 
5090000 121479 44.059 9190536.353 88.007 0.1089 0.0 
5100000 121703 45.116 9210876.517 91.919 0.1218 0.0 
5110000 121929 44.615 9231280.821 91.59 0.1117 0.0 
5120000 122157 43.826 9251730.579 89.54 0.1041 0.0 
5130000 122385 43.552 9272203.538 89.171 0.105 0.0 
5140000 122614 43.638 9292584.665 88.974 0.1073 0.0 
5150000 122847 43.539 9312852.429 88.657 0.1176 0.0 
5160000 123075 43.835 9333301.215 89.737 0.1187 0.0 
5170000 123303 43.815 9353776.482 89.937 0.1082 0.0 
5180000 123538 42.934 9374148.17 87.362 0.102 0.0 
5190000 123764 44.181 9394595.673 90.045 0.1194 0.0 
5200000 123990 44.71 9414888.453 90.628 0.1076 0.0 
5210000 124211 45.67 9435157.466 92.983 0.1108 0.0 
5220000 124433 44.716 9455540.163 91.366 0.1215 0.0 
5230000 124658 44.803 9476039.518 92.072 0.1213 0.0 
5240000 124882 44.625 9496624.539 91.437 0.1066 0.0 
5250000 125110 43.677 9517116.573 89.764 0.1181 0.0 
5260000 125337 44.243 9537655.36 90.743 0.1063 0.0 
5270000 125561 44.246 9558227.251 91.005 0.1079 0.0 
5280000 125790 43.561 9578760.678 89.669 0.1176 0.0 
5290000 126021 43.679 9599209.82 89.56 0.1173 0.0 
5300000 126246 44.239 9619474.337 89.424 0.1198 0.0 
5310000 126469 45.144 9639933.76 92.836 0.1079 0.0 
5320000 126692 45.286 9660415.689 92.774 0.1226 0.0 
5330000 126911 46.275 9680928.596 94.816 0.12 0.0 
5340000 127136 43.435 9701560.808 88.986 0.1176 0.0 
5350000 127368 42.931 9721898.388 87.093 0.1163 0.0 
5360000 127601 44.008 9742261.491 90.558 0.1049 0.0 
5370000 127819 45.99 9762869.888 94.171 0.1177 0.0 
5380000 128041 44.615 9783347.14 91.31 0.1068 0.0 
5390000 128269 43.699 9803897.708 89.802 0.1186 0.0 
5400000 128494 44.483 9824550.619 92.1 0.1203 0.0 
5410000 128719 44.587 9845196.37 92.081 0.1206 0.0 
5420000 128942 44.874 9865934.522 93.238 0.1219 0.0 
5430000 129170 43.221 9886546.721 88.841 0.1177 0.0 
5440000 129402 43.474 9906889.311 88.933 0.1172 0.0 
5450000 129629 44.171 9927471.053 90.968 0.1192 0.0 
5460000 129854 44.581 9948109.429 92.015 0.1208 0.0 
5470000 130080 44.499 9968815.133 92.465 0.1154 0.0 
5480000 130304 45.253 9989580.326 94.188 0.1211 0.0 
5490000 130528 44.856 10010352.73 93.259 0.1189 0.0 
5500000 130750 45.208 10031071.236 93.535 0.1065 0.0 
5510000 130970 45.609 10051928.161 95.242 0.1235 0.0 
5520000 131196 44.487 10072627.674 92.239 0.1196 0.0 
5530000 131413 45.933 10093540.742 95.94 0.1229 0.0 
5540000 131628 46.605 10114405.842 97.034 0.1225 0.0 
5550000 131847 45.673 10135372.895 96.105 0.1224 0.0 
5560000 132069 45.138 10156148.757 93.694 0.1227 0.0 
5570000 132283 46.51 10177047.21 97.218 0.125 0.0 
5580000 132502 45.505 10197912.423 94.795 0.1185 0.0 
5590000 132719 46.112 10218725.094 95.937 0.1237 0.0 
5600000 132939 45.099 10239618.706 93.987 0.1214 0.0 
5610000 133166 43.354 10260204.98 88.504 0.1166 0.0 
5620000 133395 45.614 10280611.944 94.957 0.1221 0.0 
5630000 133611 45.87 10301545.285 96.026 0.1231 0.0 
5640000 133830 45.378 10322528.204 95.14 0.1218 0.0 
5650000 134048 45.56 10343463.332 95.322 0.1229 0.0 
5660000 134265 45.64 10364269.335 94.82 0.1211 0.0 
5670000 134485 44.6 10385105.212 92.945 0.1212 0.0 
5680000 134712 44.0 10405800.019 90.972 0.1196 0.0 
5690000 134938 43.929 10426498.971 90.466 0.1193 0.0 
5700000 135159 45.748 10447370.092 95.684 0.1208 0.0 
5710000 135382 44.669 10468139.931 92.394 0.1208 0.0 
5720000 135601 46.228 10488900.706 95.853 0.1237 0.0 
5730000 135819 46.198 10509600.334 95.807 0.117 0.0 
5740000 136039 45.103 10530368.812 93.588 0.1216 0.0 
5750000 136269 43.095 10550976.985 88.724 0.1168 0.0 
5760000 136495 44.636 10571647.667 92.396 0.1212 0.0 
5770000 136722 44.43 10592285.81 91.806 0.1201 0.0 
5780000 136943 45.527 10612853.86 93.838 0.1234 0.0 
5790000 137160 47.153 10633475.648 97.313 0.128 0.0 
5800000 137366 48.275 10654194.753 100.085 0.1296 0.0 
5810000 137587 44.725 10674825.963 92.121 0.1109 0.0 
5820000 137807 45.153 10695405.655 92.795 0.1075 0.0 
5830000 138024 46.965 10716058.351 97.317 0.1188 0.0 
5840000 138233 47.671 10736651.479 97.637 0.1229 0.0 
5850000 138438 49.104 10757319.363 101.312 0.1323 0.0 
5860000 138644 47.855 10777747.756 97.5 0.1286 0.0 
5870000 138857 47.51 10798114.03 96.706 0.1269 0.0 
5880000 139060 49.9 10818915.106 104.204 0.1342 0.0 
5890000 139259 50.275 10839595.853 104.182 0.1351 0.0 
5900000 139478 45.512 10859962.41 92.341 0.1227 0.0 
5910000 139675 53.344 10880637.684 111.238 0.1425 0.0 
5920000 139861 54.405 10901608.321 114.145 0.1287 0.0 
5930000 140041 54.832 10922876.308 115.872 0.1445 0.0 
5940000 140230 53.033 10943659.776 110.275 0.1415 0.0 
5950000 140408 57.454 10964591.839 120.094 0.1507 0.0 
5960000 140580 58.656 10985799.717 125.457 0.1536 0.0 
5970000 140742 61.953 11007114.736 131.262 0.1655 0.0 
5980000 140912 58.328 11028496.539 124.942 0.1558 0.0 
5990000 141087 60.152 11049425.03 126.824 0.1611 0.0 
6000000 141229 67.251 11069661.38 138.851 0.1786 0.0 
