984 10 127 -2128.294 -254.321 -141.404 0.0383 
1851 20 104 -3571.184 -210.204 -147.166 0.0461 
2726 30 99 -5380.011 -347.259 -172.411 0.055 
3579 40 90 -7233.693 -278.404 -190.238 0.0618 
4525 50 81 -9304.965 -239.755 -199.574 0.1066 
5495 60 108 -10822.711 -253.564 -174.25 0.0889 
6333 70 80 -12135.502 -93.869 -147.019 0.1099 
7138 80 68 -13203.462 -118.825 -120.78 0.1387 
8090 90 63 -14412.561 -73.802 -119.165 0.2198 
8863 100 74 -15800.023 -122.278 -134.034 0.1296 
9783 110 103 -16931.857 -234.561 -126.099 0.1135 
10658 120 103 -18327.664 -125.504 -135.209 0.115 
11506 130 72 -19528.618 -121.548 -123.917 0.0922 
12317 140 126 -20734.543 2.721 -123.124 0.1387 
13097 150 111 -22040.256 -63.136 -124.644 0.1186 
13963 160 79 -23475.638 -103.608 -129.06 0.1104 
14719 170 99 -24540.498 -105.185 -112.113 0.091 
15462 180 57 -25548.129 -109.005 -107.046 0.0629 
16341 190 91 -26738.787 -150.421 -119.017 0.0805 
17221 200 69 -27944.041 -87.472 -118.24 0.0808 
18091 210 121 -29111.499 -116.319 -114.811 0.0776 
18998 220 60 -30091.681 -97.738 -99.205 0.1178 
19793 230 119 -31360.554 -114.241 -118.448 0.2855 
20784 240 139 -32714.6 -256.446 -136.674 0.2712 
21747 250 110 -33695.253 -109.991 -111.857 0.2063 
22716 260 115 -34640.01 -70.184 -98.159 0.4265 
23672 270 76 -35870.312 -72.085 -107.108 0.2001 
24850 280 172 -37006.569 -85.014 -113.466 0.1458 
26066 290 78 -38309.887 -44.61 -125.343 0.1471 
27460 300 165 -39874.356 -92.444 -143.243 0.1646 
28806 310 157 -41009.497 -74.688 -119.038 0.1615 
30271 320 96 -41839.331 -62.673 -93.02 0.1721 
31839 330 101 -42807.213 -50.966 -91.989 0.1643 
33615 340 223 -43847.743 -51.845 -98.968 0.18 
35715 350 199 -46621.522 -40.4 -219.845 0.234 
38021 360 203 -48125.107 -71.733 -162.223 0.2579 
39739 370 127 -48766.056 -39.617 -102.65 0.2529 
41408 380 182 -49548.177 -56.85 -91.554 0.2161 
42817 390 189 -49888.349 1.502 -53.229 0.1721 
44210 400 96 -50049.979 7.147 -29.047 0.1683 
45380 410 161 -50370.293 -47.58 -29.883 0.1377 
46961 420 206 -50547.462 -62.081 -21.772 0.1323 
48709 430 300 -50599.913 172.346 -4.017 0.1576 
50322 440 91 -50838.692 -63.386 -18.406 0.1513 
52014 450 300 -51222.064 10.638 -27.068 0.1499 
54068 460 273 -51714.787 7.901 -33.88 0.1753 
55888 470 214 -51935.043 21.565 -21.432 0.1723 
58323 480 300 -51979.373 10.198 -9.594 0.2127 
61120 490 300 -51621.787 90.624 18.761 0.2702 
62946 500 197 -51752.337 -36.411 -2.36 0.2013 
65645 510 300 -51346.08 56.739 29.0 0.2628 
68473 520 300 -50995.986 41.959 32.922 0.28 
71325 530 152 -50460.557 8.602 41.962 0.2774 
74134 540 300 -49783.133 70.439 59.846 0.301 
76633 550 300 -49171.232 96.021 58.683 0.262 
79633 560 300 -48325.86 78.993 76.815 0.2968 
82189 570 185 -47688.302 55.993 68.652 0.2805 
84548 580 177 -47661.55 22.688 31.397 0.2517 
87295 590 300 -47062.769 33.652 48.715 0.2759 
90295 600 300 -46256.624 79.667 72.248 0.3119 
93013 610 300 -45549.535 81.85 74.049 0.2992 
96013 620 300 -44735.907 86.596 76.059 0.3022 
99013 630 300 -43854.569 90.604 83.186 0.3188 
101576 640 300 -43180.077 26.088 71.746 0.2777 
104148 650 300 -42556.527 137.539 68.887 0.2576 
106474 660 148 -41844.555 10.679 68.965 0.2382 
108939 670 145 -41196.868 56.519 66.056 0.251 
111548 680 300 -40537.317 97.738 69.018 0.2805 
114265 690 152 -39839.022 -9.867 65.234 0.2646 
117047 700 300 -39380.208 36.638 56.632 0.2867 
119697 710 300 -38536.728 119.591 76.938 0.3111 
122697 720 300 -37634.943 46.381 88.195 0.322 
124971 730 300 -36787.163 90.011 83.103 0.2719 
127391 740 99 -36401.332 20.667 54.354 0.2506 
130038 750 300 -35593.042 100.543 74.195 0.2617 
132846 760 300 -34790.166 -7.491 69.419 0.2839 
135833 770 300 -33846.898 101.801 76.743 0.3076 
137904 780 144 -33375.009 -15.931 59.188 0.2429 
139663 790 300 -33004.268 114.374 47.783 0.2078 
142207 800 300 -32351.705 57.748 61.267 0.2432 
145072 810 300 -31462.606 166.754 82.141 0.2698 
148072 820 300 -30279.227 125.04 104.914 0.3022 
150906 830 216 -29470.95 -3.667 84.39 0.2788 
153906 840 300 -28531.561 82.485 92.851 0.3024 
156770 850 164 -27528.882 13.941 95.796 0.2867 
159633 860 300 -26455.786 73.729 101.664 0.294 
162288 870 300 -25325.774 131.894 113.215 0.2976 
165132 880 300 -24176.653 169.249 119.949 0.2857 
168132 890 300 -23014.483 130.428 118.145 0.3072 
171132 900 300 -21764.313 158.867 125.376 0.3048 
174132 910 300 -20539.255 130.047 123.426 0.3196 
177132 920 300 -19410.096 124.257 116.882 0.3144 
179838 930 128 -18319.647 57.716 110.155 0.2833 
182541 940 138 -17633.513 45.303 80.218 0.2722 
185200 950 300 -16555.526 131.044 98.666 0.2763 
188100 960 300 -15382.379 118.815 110.536 0.2842 
191040 970 300 -14530.612 145.862 94.951 0.3047 
193883 980 300 -13372.299 161.038 109.325 0.2885 
196235 990 300 -12660.943 153.311 81.544 0.2391 
198171 1000 115 -12081.797 60.323 65.549 0.1888 
200420 1010 300 -11075.036 141.862 96.289 0.2223 
203106 1020 149 -9806.414 -6.887 114.028 0.2553 
205589 1030 300 -8769.425 131.789 104.249 0.2451 
208234 1040 167 -7587.467 39.196 110.994 0.2538 
211055 1050 300 -6429.702 142.299 117.01 0.2776 
214055 1060 300 -5063.894 180.974 133.418 0.2905 
216940 1070 185 -3705.609 7.457 132.494 0.2797 
219749 1080 300 -2446.171 137.289 129.491 0.2865 
222181 1090 300 -1244.689 168.689 120.594 0.2527 
224726 1100 300 -212.046 78.305 108.363 0.2449 
227560 1110 300 1374.429 147.78 136.878 0.2815 
230463 1120 300 2627.343 150.556 126.879 0.2897 
232982 1130 300 3861.952 114.965 122.888 0.2586 
235624 1140 125 5174.726 7.603 124.364 0.2669 
238612 1150 300 6052.849 189.875 103.443 0.2862 
241612 1160 300 7696.283 164.59 141.676 0.2878 
244319 1170 300 8883.577 148.519 125.439 0.2845 
247104 1180 199 10131.603 5.489 119.333 0.2715 
250010 1190 300 11402.047 202.313 128.104 0.2921 
252920 1200 300 12968.238 134.983 148.199 0.2871 
255784 1210 300 14371.936 128.225 146.011 0.2893 
258784 1220 300 15947.099 151.59 151.318 0.3071 
261784 1230 300 17289.682 152.499 138.558 0.2981 
264784 1240 300 18960.375 182.447 159.932 0.3024 
267784 1250 300 20732.663 191.187 171.98 0.2989 
270479 1260 158 22055.043 28.443 138.648 0.2786 
273479 1270 300 23672.304 164.514 155.091 0.2938 
276364 1280 300 25030.339 161.33 143.732 0.2834 
279229 1290 300 26481.906 137.174 141.482 0.2882 
281923 1300 300 27861.062 196.027 144.469 0.2779 
284782 1310 300 29206.376 52.358 138.163 0.2938 
287331 1320 300 30467.214 137.668 132.5 0.2622 
289828 1330 300 31720.358 129.327 129.348 0.2478 
292689 1340 300 32947.523 139.478 123.732 0.2682 
295674 1350 300 34012.389 125.259 117.259 0.2998 
298330 1360 300 35367.738 197.808 131.94 0.2711 
301330 1370 300 36876.633 157.959 144.694 0.3023 
304158 1380 300 38108.645 149.944 129.288 0.2869 
306977 1390 300 39650.206 155.11 142.624 0.2692 
309779 1400 300 41013.295 146.103 133.575 0.2893 
312119 1410 300 41640.737 180.742 90.25 0.2618 
314506 1420 300 42461.209 173.462 80.512 0.2395 
317230 1430 300 43382.127 184.994 91.735 0.252 
319705 1440 144 43505.921 2.716 57.334 0.2547 
322358 1450 300 44961.624 210.809 117.915 0.261 
325186 1460 300 46218.864 164.679 124.348 0.2678 
328035 1470 300 47611.578 148.602 133.17 0.2904 
330203 1480 300 48576.255 202.818 110.877 0.2396 
333034 1490 300 50009.249 178.577 134.439 0.2717 
336034 1500 300 51580.018 155.573 152.274 0.298 
338897 1510 300 52991.933 186.301 147.249 0.297 
341512 1520 125 54068.484 57.061 119.891 0.2768 
344250 1530 300 55269.558 134.617 120.73 0.2763 
347077 1540 300 56741.302 151.412 139.235 0.2785 
350077 1550 300 58305.362 150.642 147.423 0.296 
353077 1560 300 59914.471 96.833 153.679 0.3018 
356077 1570 300 61489.607 88.575 156.581 0.3005 
358980 1580 300 62621.425 129.981 119.587 0.2982 
361749 1590 300 63419.891 129.237 98.549 0.288 
364588 1600 300 64187.384 159.905 78.516 0.298 
367588 1610 300 65522.546 168.576 120.532 0.3028 
370458 1620 300 66868.366 -24.889 120.021 0.2872 
373458 1630 300 68496.485 158.224 147.982 0.3007 
375996 1640 300 69748.003 179.091 132.483 0.2677 
378694 1650 300 71167.307 164.689 137.123 0.2679 
381379 1660 300 72521.477 135.74 140.721 0.2877 
384056 1670 300 73972.774 188.187 141.885 0.2652 
387056 1680 300 75540.434 186.36 155.784 0.2813 
389860 1690 300 76677.883 187.86 135.813 0.2812 
392860 1700 300 78250.722 164.126 150.49 0.2927 
395860 1710 300 79896.222 129.291 158.01 0.3061 
398689 1720 129 81086.728 4.072 126.24 0.2774 
401336 1730 135 82478.047 44.128 133.173 0.2575 
404336 1740 300 84093.912 179.167 151.688 0.285 
407173 1750 300 85567.816 174.257 144.023 0.2729 
410028 1760 300 87125.758 168.588 153.882 0.2881 
412876 1770 300 88240.173 141.619 123.281 0.2744 
415714 1780 300 89478.155 137.618 119.911 0.2685 
418714 1790 300 90951.915 161.227 137.667 0.3007 
421714 1800 300 92467.992 165.506 146.75 0.2976 
424583 1810 300 93966.315 188.203 149.312 0.2872 
427302 1820 300 95469.7 174.036 150.423 0.2658 
430302 1830 300 97192.196 170.321 165.211 0.3025 
432791 1840 300 98141.47 141.894 124.916 0.2615 
435776 1850 300 99293.534 122.458 121.776 0.278 
438776 1860 300 100826.675 185.871 144.237 0.3059 
441588 1870 300 102378.326 179.044 151.087 0.2824 
444559 1880 300 104014.13 117.286 157.424 0.297 
447186 1890 300 105308.788 153.096 136.178 0.2646 
450016 1900 300 106480.132 127.561 127.374 0.2739 
453016 1910 300 108049.511 156.259 145.859 0.2946 
455632 1920 300 109285.771 166.3 133.209 0.2717 
458242 1930 300 110748.354 204.827 146.116 0.2632 
461242 1940 300 112383.759 153.073 157.923 0.289 
463714 1950 136 113011.395 -267.628 78.386 0.2408 
466366 1960 300 114017.499 181.708 92.703 0.2441 
468594 1970 300 114792.053 158.427 85.411 0.2183 
471020 1980 300 115694.072 122.696 93.738 0.2165 
473098 1990 300 116247.03 111.579 70.92 0.2102 
475484 2000 300 117196.886 125.419 92.567 0.2247 
