1000 1 20.0 513.243 10.265 0.0456 0.0 
2000 2 39.6 934.56 18.486 0.0909 0.0 
3000 3 58.808 1441.239 28.25 0.1347 0.0 
4000 4 77.632 1916.753 37.195 0.1775 0.0 
5000 5 96.079 2357.968 45.275 0.2196 0.0 
6000 6 114.158 2710.31 51.417 0.261 0.0 
7000 7 131.874 3204.853 60.279 0.3018 0.0 
8000 8 149.237 3679.84 68.573 0.3424 0.0 
9000 9 166.252 4083.289 75.271 0.3823 0.0 
10000 10 182.927 4550.827 83.116 0.4212 0.0 
11000 11 199.269 5042.891 91.295 0.4592 0.0 
12000 12 215.283 5619.666 101.005 0.4965 0.0 
13000 13 230.978 6040.722 107.406 0.5336 0.0 
14000 14 246.358 6468.606 113.815 0.5694 0.0 
15000 15 261.431 6922.892 120.625 0.6048 0.0 
16000 16 268.342 7410.893 124.396 0.6212 0.0 
17000 17 282.975 7778.974 131.162 0.9035 0.0 
18000 18 297.316 7989.035 132.355 2.0598 0.0 
19000 19 311.37 8241.361 135.061 3.1925 0.0 
20000 20 325.142 8494.917 136.657 4.3039 0.0 
21000 21 338.639 8771.1 139.626 5.3951 0.0 
22000 22 351.867 9104.066 143.156 6.4566 0.0 
23000 23 364.829 9552.383 148.014 7.5058 0.0 
24000 24 377.533 10043.62 155.054 8.5305 0.0 
25000 26 389.862 10523.808 162.044 9.8031 0.0 
26000 27 402.065 10976.189 167.856 10.7823 0.0 
27000 28 414.024 11525.375 175.493 11.7537 0.0 
28000 29 410.423 12035.627 174.043 11.7948 0.0 
29000 32 419.833 12522.881 180.89 13.0835 0.0 
30000 33 424.076 13036.314 183.543 13.5605 0.0 
31000 34 435.595 13527.564 189.429 14.4657 0.0 
32000 37 423.941 14004.351 185.391 14.4474 0.0 
33000 62 278.993 14323.872 120.686 10.0889 0.0 
34000 88 173.522 14653.789 73.031 6.4711 0.0 
35000 89 190.052 15143.0 81.245 7.5196 0.0 
36000 91 200.333 15569.707 86.386 8.2664 0.0 
37000 92 212.667 16128.488 91.072 9.067 0.0 
38000 94 231.065 16699.895 103.925 10.2971 0.0 
39000 95 246.444 17121.207 111.812 11.2784 0.0 
40000 96 261.515 17491.937 116.625 12.2483 0.0 
41000 97 276.285 17892.128 122.249 13.1933 0.0 
42000 98 290.759 18351.263 127.822 14.1061 0.0 
43000 99 304.944 18786.72 135.093 15.0151 0.0 
44000 100 318.845 19163.286 139.134 15.899 0.0 
45000 101 332.468 19683.373 146.447 16.7623 0.0 
46000 102 345.819 20220.945 154.098 17.6125 0.0 
47000 103 358.902 20850.859 162.843 18.461 0.0 
48000 104 371.724 21343.456 170.234 19.2846 0.0 
49000 105 384.29 21836.444 176.458 20.0741 0.0 
50000 106 396.604 22447.017 184.656 20.8611 0.0 
51000 107 408.672 22954.931 191.21 21.6214 0.0 
52000 108 420.498 23419.41 196.738 22.3874 0.0 
53000 110 428.247 23937.299 202.735 22.9312 0.0 
54000 111 423.422 24432.756 200.208 22.6948 0.0 
55000 112 434.953 24968.99 206.066 23.4189 0.0 
56000 114 448.769 25469.093 213.43 24.3213 0.0 
57000 115 459.794 25965.498 219.675 25.0197 0.0 
58000 117 461.666 26406.972 220.29 25.2217 0.0 
59000 120 459.931 26924.246 220.113 25.2362 0.0 
60000 121 470.732 27285.722 222.994 25.9225 0.0 
61000 122 464.658 27792.143 220.318 25.599 0.0 
62000 125 467.923 28366.674 223.602 25.8945 0.0 
63000 126 478.564 28874.029 229.356 26.5531 0.0 
64000 127 488.993 29366.665 235.331 27.1979 0.0 
65000 129 491.429 29758.625 234.83 27.3971 0.0 
66000 130 485.9 30164.897 231.999 27.1004 0.0 
67000 131 496.182 30574.563 235.515 27.7394 0.0 
68000 132 506.259 31004.546 239.001 28.365 0.0 
69000 133 516.134 31447.013 242.825 28.992 0.0 
70000 135 521.035 32045.265 245.26 29.3329 0.0 
71000 136 530.614 32625.074 251.989 29.9349 0.0 
72000 137 540.002 33198.043 258.722 30.5213 0.0 
73000 138 549.202 33603.084 263.809 31.0943 0.0 
74000 139 558.218 34047.384 266.643 31.6508 0.0 
75000 140 567.053 34603.614 270.588 32.2048 0.0 
76000 141 575.712 34891.325 275.291 32.7406 0.0 
77000 142 580.078 35438.652 274.415 33.0278 0.0 
78000 143 588.476 35848.379 280.034 33.5537 0.0 
79000 144 596.707 36277.808 282.733 34.0637 0.0 
80000 145 604.773 36763.847 285.738 34.5681 0.0 
81000 146 612.677 37265.321 289.905 35.0545 0.0 
82000 147 620.424 37764.703 293.822 35.5409 0.0 
83000 148 628.015 38192.519 298.004 36.0174 0.0 
84000 149 635.455 38653.809 300.744 36.4852 0.0 
85000 150 642.746 39104.848 303.787 36.9445 0.0 
86000 151 649.891 39575.73 306.984 37.3866 0.0 
87000 152 656.893 39989.707 310.196 37.8202 0.0 
88000 153 663.755 40361.045 312.21 38.2459 0.0 
89000 154 670.48 40829.385 313.181 38.6799 0.0 
90000 155 677.071 41218.993 316.444 39.0792 0.0 
91000 156 683.529 41596.789 317.904 39.477 0.0 
92000 194 338.986 41868.475 154.174 19.5982 0.0 
93000 201 297.76 42373.716 135.108 17.2209 0.0 
94000 202 311.805 42988.59 142.515 18.0557 0.0 
95000 203 325.569 43627.665 153.05 18.8782 0.0 
96000 205 340.057 44142.978 161.8 19.7457 0.0 
97000 207 354.41 44737.919 172.457 20.6221 0.0 
98000 208 349.642 45079.115 169.785 20.3456 0.0 
99000 209 362.649 45626.445 173.722 21.1132 0.0 
100000 210 375.396 46191.848 181.13 21.8776 0.0 
101000 211 387.888 46812.216 188.801 22.6243 0.0 
102000 212 400.131 47382.58 197.564 23.35 0.0 
103000 213 412.128 48000.786 204.831 24.0561 0.0 
104000 214 423.885 48304.012 213.285 24.7556 0.0 
105000 215 435.408 48774.765 214.519 25.4373 0.0 
106000 216 446.7 49304.132 219.77 26.1084 0.0 
107000 217 457.766 49816.772 226.087 26.7721 0.0 
108000 218 468.61 50442.871 231.915 27.4334 0.0 
109000 220 481.093 51034.757 242.112 28.1764 0.0 
110000 221 491.471 51494.806 246.455 28.789 0.0 
111000 222 501.642 52015.576 252.863 29.3979 0.0 
112000 223 511.609 52489.592 256.345 29.9922 0.0 
113000 224 521.377 53118.434 263.439 30.572 0.0 
114000 225 529.289 53750.443 269.617 31.0426 0.0 
115000 227 533.23 54318.47 273.671 31.2863 0.0 
116000 228 542.565 54954.49 281.079 31.8411 0.0 
117000 229 551.714 55507.022 286.438 32.382 0.0 
118000 230 560.679 56156.91 293.78 32.9112 0.0 
119000 231 568.766 56757.39 299.505 33.3824 0.0 
120000 232 577.39 57150.833 301.352 33.8906 0.0 
121000 233 585.843 57686.805 306.132 34.3899 0.0 
122000 234 594.126 58271.231 311.76 34.885 0.0 
123000 235 602.243 58920.591 318.15 35.3638 0.0 
124000 236 610.198 59496.813 323.983 35.8375 0.0 
125000 237 617.994 60064.385 328.365 36.3006 0.0 
126000 238 625.635 60691.804 334.55 36.7609 0.0 
127000 239 633.122 61265.475 339.422 37.2101 0.0 
128000 240 640.459 61729.545 341.8 37.6472 0.0 
129000 241 647.65 62315.705 346.375 38.0773 0.0 
130000 242 654.697 62838.701 349.83 38.5036 0.0 
131000 243 661.603 63314.037 352.609 38.9221 0.0 
132000 244 668.371 63848.311 356.007 39.3292 0.0 
133000 245 675.004 64364.597 359.303 39.7278 0.0 
134000 246 681.504 64961.297 364.247 40.1149 0.0 
135000 247 678.214 65523.979 362.05 39.9217 0.0 
136000 248 684.649 66218.601 367.241 40.2962 0.0 
137000 249 690.956 66801.761 373.247 40.6723 0.0 
138000 251 693.635 67369.254 376.167 40.8328 0.0 
139000 253 679.152 67999.715 368.744 39.9759 0.0 
140000 254 685.569 68595.26 373.538 40.347 0.0 
141000 255 691.857 69272.317 379.322 40.7115 0.0 
142000 257 684.7 69897.066 377.31 40.2926 0.0 
143000 259 677.706 70590.151 375.625 39.8798 0.0 
144000 272 542.458 71180.973 301.999 31.9311 0.0 
145000 273 551.609 71817.898 308.721 32.4809 0.0 
146000 277 530.017 72422.144 297.427 31.2084 0.0 
147000 278 537.197 73046.086 302.852 31.6368 0.0 
148000 279 538.373 73733.193 304.143 31.704 0.0 
149000 280 547.605 74263.625 310.387 32.258 0.0 
150000 281 556.653 74866.64 314.722 32.7851 0.0 
151000 282 565.52 75602.056 323.383 33.3072 0.0 
152000 283 574.21 76238.305 329.555 33.8248 0.0 
153000 284 582.726 76893.989 335.706 34.3514 0.0 
154000 285 591.071 77654.932 342.967 34.8449 0.0 
155000 286 599.25 78134.767 349.755 35.3254 0.0 
156000 288 599.079 78726.897 348.071 35.3202 0.0 
157000 289 607.098 79488.567 355.131 35.7894 0.0 
158000 290 614.956 80069.673 359.787 36.247 0.0 
159000 291 622.657 80741.19 365.674 36.6933 0.0 
160000 292 630.204 81437.213 372.755 37.1431 0.0 
161000 293 637.6 82111.933 379.781 37.5741 0.0 
162000 294 644.848 82867.235 385.755 38.0 0.0 
163000 295 651.951 83560.06 393.121 38.4169 0.0 
164000 296 658.912 84400.811 401.053 38.8311 0.0 
165000 297 665.733 85194.812 408.33 39.2268 0.0 
166000 298 672.419 85926.365 415.959 39.6236 0.0 
167000 299 678.97 86563.824 420.021 40.0153 0.0 
168000 300 685.391 87247.281 426.29 40.3891 0.0 
169000 301 691.683 87784.138 428.595 40.767 0.0 
170000 302 697.849 88416.772 433.02 41.128 0.0 
171000 303 703.892 89063.526 436.829 41.4768 0.0 
172000 304 709.815 89763.165 441.904 41.832 0.0 
173000 305 715.618 90441.996 446.342 42.1748 0.0 
174000 306 721.306 91110.763 450.206 42.5247 0.0 
175000 307 726.88 91677.734 453.458 42.8496 0.0 
176000 308 732.342 92278.895 456.555 43.1769 0.0 
177000 309 737.695 92972.344 461.153 43.4882 0.0 
178000 310 742.941 93632.674 465.746 43.8036 0.0 
179000 311 748.083 94239.238 468.13 44.1123 0.0 
180000 312 753.121 94942.302 472.781 44.4064 0.0 
181000 313 758.059 95581.024 477.133 44.6953 0.0 
182000 314 762.897 96208.337 479.315 44.9861 0.0 
183000 315 767.639 96920.59 483.888 45.2718 0.0 
184000 316 772.287 97540.879 486.753 45.5481 0.0 
185000 317 776.821 98193.442 490.155 45.8253 0.0 
186000 318 781.285 98877.831 493.815 46.0809 0.0 
187000 319 780.939 99538.832 494.036 46.0572 0.0 
188000 320 777.06 100172.557 491.882 45.8312 0.0 
189000 321 781.519 100875.032 494.684 46.0879 0.0 
190000 322 785.888 101540.109 498.869 46.3473 0.0 
191000 324 783.351 102064.066 497.966 46.1823 0.0 
192000 325 787.684 102506.954 494.565 46.4471 0.0 
193000 326 791.93 103145.106 497.093 46.6992 0.0 
194000 327 792.692 103704.356 498.063 46.7381 0.0 
195000 328 796.838 104281.488 497.587 46.9832 0.0 
196000 329 800.901 104763.736 500.627 47.2327 0.0 
197000 330 804.883 105168.985 498.787 47.4715 0.0 
198000 331 808.785 105559.932 496.891 47.7022 0.0 
