1000 1 100.0 369.9 36.99 0.1074 
2000 2 190.0 700.547 66.356 0.203 
3000 3 199.2 1085.374 73.285 0.2122 
4000 5 260.652 1368.981 91.597 0.2779 
5000 6 334.587 1690.153 106.54 0.3576 
6000 7 381.728 2008.477 128.742 0.4071 
7000 9 414.0 2421.824 135.681 0.4418 
8000 10 472.6 2838.839 169.339 0.5019 
9000 12 475.106 3103.218 172.037 0.5049 
10000 13 527.595 3366.436 174.256 0.5624 
11000 14 574.836 3623.728 183.249 0.6134 
12000 16 559.217 3857.259 172.092 0.5973 
13000 17 603.295 4133.798 181.876 0.6452 
14000 19 591.169 4479.209 178.566 0.6328 
15000 20 632.052 4730.567 195.598 0.6764 
16000 22 626.062 4976.571 180.164 0.6711 
17000 24 617.71 5224.837 176.85 0.9575 
18000 27 508.974 5460.688 144.008 1.0802 
19000 28 519.877 5748.878 141.688 1.3755 
20000 29 567.889 6053.749 159.61 1.8895 
21000 32 562.201 6279.837 153.923 2.3489 
22000 48 143.952 6475.664 36.149 0.6968 
23000 56 128.382 6861.876 43.108 0.7383 
24000 59 175.044 7174.697 56.826 1.0743 
25000 66 162.864 7669.388 62.718 1.0303 
26000 67 148.577 8168.083 56.777 0.9403 
27000 108 30.58 8424.554 8.873 0.2013 
28000 116 81.346 8868.566 33.99 0.5328 
29000 146 25.494 9184.235 6.918 0.167 
30000 150 55.717 9654.841 21.414 0.3654 
31000 152 137.13 10114.783 62.723 0.8981 
32000 181 31.053 10435.731 9.435 0.2052 
33000 185 100.152 10728.437 31.254 0.6571 
34000 191 82.774 11195.338 28.299 0.5425 
35000 195 178.519 11633.774 76.039 1.1696 
36000 198 166.287 12142.614 71.651 1.0902 
37000 199 249.658 12649.713 116.874 1.636 
38000 200 324.693 13156.221 156.083 2.1288 
39000 201 392.223 13668.822 191.251 2.5711 
40000 202 453.001 14143.493 222.966 2.9704 
41000 203 507.701 14673.12 246.1 3.3317 
42000 204 556.931 15101.4 272.717 3.652 
43000 205 601.238 15578.065 290.442 3.94 
44000 206 641.114 16038.076 308.805 4.1991 
45000 207 677.003 16497.331 325.284 4.4335 
46000 208 709.302 16975.614 334.933 4.644 
47000 209 738.372 17450.838 352.139 4.8335 
48000 210 764.535 17956.659 364.783 5.0053 
49000 211 788.081 18397.892 378.701 5.1595 
50000 212 809.273 18768.343 381.367 5.2996 
51000 213 828.346 19204.157 379.5 5.4264 
52000 214 845.511 19687.743 390.201 5.5385 
53000 215 860.96 20108.96 398.165 5.6404 
54000 216 874.864 20610.107 399.658 5.7315 
55000 217 887.378 21024.091 411.028 5.814 
56000 218 898.64 21487.525 410.346 5.8895 
57000 219 908.776 21853.09 415.16 5.9553 
58000 220 917.898 22280.708 410.369 6.0178 
59000 221 926.109 22816.398 413.505 6.0761 
60000 222 933.498 23306.843 425.782 6.1275 
61000 223 940.148 23818.646 429.923 6.1748 
62000 224 946.133 24411.179 442.581 6.2151 
63000 227 823.591 24912.803 395.77 5.4078 
64000 228 841.232 25523.427 417.268 5.5232 
65000 231 708.364 26133.138 361.736 4.6496 
66000 232 737.528 26723.599 384.662 4.8414 
67000 233 763.775 27156.315 389.66 5.014 
68000 234 787.397 27749.085 409.287 5.1703 
69000 235 752.158 28288.845 394.218 4.9398 
70000 236 776.942 28882.901 408.459 5.1012 
71000 237 799.248 29356.332 424.417 5.2476 
72000 238 819.323 29890.329 429.835 5.3814 
73000 240 798.152 30411.593 417.941 5.2429 
74000 241 818.336 31004.095 434.218 5.377 
75000 244 687.446 31570.389 368.865 4.5181 
76000 245 718.702 32157.718 392.48 4.7248 
77000 247 639.548 32786.957 349.814 4.2062 
78000 248 646.693 33410.229 361.084 4.2544 
79000 249 682.024 34058.813 388.012 4.487 
80000 251 692.24 34728.669 405.386 4.5524 
81000 252 723.016 35310.389 425.599 4.7534 
82000 253 750.714 35979.574 449.507 4.9327 
83000 255 706.918 36548.732 424.0 4.6422 
84000 257 695.804 37066.385 407.637 4.5697 
85000 258 670.923 37618.359 390.301 4.4073 
86000 259 703.831 38149.142 405.212 4.6253 
87000 260 733.448 38702.23 419.479 4.8203 
88000 261 760.103 39215.848 432.547 4.9961 
89000 263 716.094 39702.854 398.121 4.7074 
90000 264 742.084 40157.654 405.743 4.8789 
91000 265 767.876 40630.082 409.71 5.047 
92000 266 763.688 41107.655 405.855 5.0167 
93000 268 757.387 41652.885 398.002 4.9741 
94000 269 781.649 42164.895 414.833 5.1332 
95000 270 803.484 42645.996 415.984 5.279 
96000 271 823.135 43187.664 429.995 5.4065 
97000 272 793.122 43785.452 415.467 5.2089 
98000 274 786.729 44330.219 422.286 5.1647 
99000 275 808.056 44785.497 423.455 5.3028 
100000 276 753.35 45412.107 395.082 4.9423 
101000 277 778.015 46030.259 418.564 5.1038 
102000 278 800.214 46639.405 438.492 5.2488 
103000 279 820.192 47173.751 455.544 5.3804 
104000 281 780.956 47733.713 432.327 5.1231 
105000 282 802.86 48297.779 445.74 5.2693 
106000 284 797.517 48874.352 443.665 5.2363 
107000 286 744.599 49439.898 416.113 4.8906 
108000 287 727.039 49966.497 406.188 4.7747 
109000 289 719.701 50520.903 398.67 4.7278 
110000 291 631.288 51106.037 349.819 4.1464 
111000 292 668.159 51663.122 371.99 4.3894 
112000 293 671.243 52245.329 374.808 4.4094 
113000 295 666.407 52813.037 374.771 4.3777 
114000 296 699.766 53389.694 394.484 4.5947 
115000 297 720.69 53973.231 407.424 4.7293 
116000 298 748.621 54544.184 426.101 4.9116 
117000 299 773.759 55105.741 439.593 5.0757 
118000 300 796.383 55679.66 451.987 5.224 
119000 301 816.745 56272.8 463.815 5.3591 
120000 302 835.07 56856.999 477.561 5.4781 
121000 303 851.563 57399.341 484.403 5.5861 
122000 304 866.407 58029.563 491.829 5.6853 
123000 305 879.766 58592.01 505.096 5.7751 
124000 306 891.789 59176.327 513.548 5.8528 
125000 307 902.611 59782.949 518.103 5.9201 
126000 308 912.349 60370.617 532.212 5.9818 
127000 309 921.115 60841.134 532.5 6.0376 
128000 310 929.003 61305.18 521.651 6.0896 
129000 311 936.103 61867.302 518.492 6.1359 
130000 312 942.493 62507.37 526.863 6.1812 
131000 313 948.243 63080.584 539.441 6.2202 
132000 314 953.419 63703.348 539.387 6.2535 
133000 315 958.077 64186.89 546.744 6.2829 
134000 316 962.269 64682.106 540.842 6.3081 
135000 317 966.042 65209.088 533.658 6.3312 
136000 318 969.438 65674.216 536.151 6.3515 
137000 319 972.494 66138.222 522.227 6.3698 
138000 320 975.245 66750.124 526.693 6.3867 
139000 321 977.72 67258.389 536.276 6.4056 
140000 322 979.948 67693.22 526.787 6.4237 
141000 323 981.954 68182.313 516.025 6.4386 
142000 324 983.758 68643.215 514.394 6.4515 
143000 325 985.382 69240.788 512.175 6.4624 
144000 326 986.844 69830.443 523.038 6.4738 
145000 327 988.16 70429.471 531.649 6.486 
146000 328 989.344 71056.424 537.528 6.4948 
147000 329 990.409 71670.081 547.144 6.502 
148000 330 991.368 72250.068 552.022 6.5103 
149000 331 992.232 72860.072 555.358 6.517 
150000 332 993.008 73431.696 559.887 6.5203 
151000 333 993.708 73959.579 559.52 6.523 
152000 334 994.337 74462.451 553.244 6.5243 
153000 335 994.903 75017.711 551.98 6.5255 
154000 336 995.413 75700.118 555.513 6.5262 
155000 337 995.872 76283.729 568.288 6.5307 
156000 338 996.284 76863.514 561.713 6.5344 
157000 339 996.656 77441.558 570.973 6.5392 
158000 340 996.99 78052.422 570.294 6.5438 
159000 341 997.291 78689.288 576.092 6.5482 
160000 342 971.962 79164.598 565.043 6.3816 
161000 343 974.766 79752.055 556.499 6.4002 
162000 344 977.289 80387.325 559.569 6.4178 
163000 345 979.56 80940.325 567.3 6.4337 
164000 346 981.604 81543.442 564.975 6.4495 
165000 347 983.444 82119.713 568.811 6.4619 
166000 348 985.1 82609.343 570.194 6.4729 
167000 349 986.59 83019.404 561.035 6.4835 
168000 350 987.931 83612.685 545.652 6.4957 
169000 351 989.138 84028.008 551.632 6.5046 
170000 352 990.224 84492.265 537.229 6.5136 
171000 353 991.201 84931.395 529.331 6.5197 
172000 354 992.081 85384.05 520.843 6.5245 
173000 355 992.873 85866.421 512.998 6.5331 
174000 356 993.586 86420.411 511.521 6.5382 
175000 357 994.227 86974.784 516.119 6.5406 
176000 358 994.805 87574.694 520.337 6.5459 
177000 359 995.324 88238.663 526.609 6.55 
178000 360 995.792 88947.501 542.239 6.5515 
179000 361 996.213 89426.374 558.788 6.5543 
180000 362 996.591 90103.955 549.607 6.5568 
181000 363 996.932 90746.491 563.662 6.5582 
182000 364 997.239 91365.288 571.171 6.5601 
183000 365 997.515 92066.506 575.705 6.5602 
184000 366 997.764 92642.725 588.084 6.561 
185000 367 997.987 93252.859 587.057 6.563 
186000 368 998.188 93926.757 589.54 6.5657 
187000 369 998.37 94480.327 598.235 6.5653 
188000 370 998.533 95178.455 593.257 6.5632 
189000 371 998.679 95829.891 604.887 6.5658 
190000 372 998.811 96448.075 606.5 6.5677 
191000 373 998.93 97122.704 609.137 6.5715 
192000 374 999.037 97761.36 615.718 6.5727 
193000 375 999.134 98376.702 617.926 6.5765 
194000 376 999.22 98911.867 618.361 6.5783 
195000 377 999.298 99451.726 609.098 6.5797 
196000 378 999.368 100090.175 601.063 6.5802 
197000 379 999.432 100773.677 607.08 6.5803 
198000 380 999.488 101504.439 615.631 6.5773 
199000 381 999.54 102154.055 626.16 6.5765 
200000 382 999.586 102803.885 629.459 6.5748 
201000 383 999.627 103394.723 630.518 6.577 
202000 384 999.664 103925.103 624.209 6.5797 
203000 385 999.698 104435.96 616.33 6.5807 
204000 386 999.728 105017.918 604.344 6.5837 
205000 387 999.755 105643.88 603.701 6.5848 
206000 388 999.78 106300.639 604.615 6.5912 
207000 389 999.802 106959.48 612.009 6.5987 
208000 390 999.822 107595.192 614.885 6.6028 
209000 391 999.839 108344.536 617.424 6.5985 
210000 392 999.855 109069.563 632.738 6.5944 
211000 393 999.87 109790.42 641.2 6.5929 
212000 394 999.883 110515.125 649.098 6.5913 
213000 395 999.895 111205.841 656.816 6.5901 
214000 396 999.905 111920.716 659.625 6.5899 
215000 397 999.915 112554.363 665.744 6.588 
216000 398 999.923 113236.806 661.68 6.5863 
217000 399 999.931 113787.807 664.274 6.5813 
218000 400 999.938 114435.757 652.649 6.5777 
219000 401 999.944 114996.627 652.121 6.5767 
220000 402 999.95 115567.704 642.575 6.5744 
221000 403 999.955 116176.018 635.552 6.5739 
222000 404 999.959 116744.892 635.527 6.5766 
223000 405 999.963 117387.64 626.092 6.5834 
224000 406 999.967 118034.825 628.529 6.5902 
225000 407 999.97 118625.856 630.541 6.5967 
226000 408 999.973 119238.288 626.292 6.601 
227000 409 999.976 119893.61 624.512 6.6062 
228000 410 999.978 120492.607 626.292 6.6071 
229000 411 999.98 121195.031 624.829 6.6056 
230000 412 999.982 121816.506 633.299 6.6036 
231000 413 999.984 122422.339 631.907 6.6006 
232000 414 999.986 123100.241 628.708 6.5997 
233000 415 999.987 123743.379 633.946 6.5968 
234000 416 999.988 124280.952 634.771 6.5953 
235000 417 999.99 124948.541 624.751 6.5944 
236000 418 999.991 125531.796 629.378 6.5918 
237000 419 999.992 126133.474 624.561 6.5911 
238000 420 999.992 126713.62 622.989 6.5897 
239000 421 999.993 127417.089 616.921 6.5895 
240000 422 999.994 128170.513 628.356 6.5889 
241000 423 999.994 128880.901 639.04 6.5865 
242000 424 999.995 129603.395 647.643 6.5849 
243000 425 999.996 130276.409 653.291 6.5842 
244000 426 999.996 130974.909 656.363 6.5817 
245000 427 999.996 131656.397 659.855 6.5787 
246000 428 999.997 132301.501 662.025 6.5782 
247000 429 999.997 132995.101 660.046 6.5758 
248000 430 999.997 133726.884 664.491 6.5738 
249000 431 999.998 134488.785 672.045 6.574 
250000 432 999.998 135146.549 681.373 6.5723 
251000 433 999.998 135739.803 677.521 6.5721 
252000 434 999.998 136394.307 667.595 6.5733 
253000 435 999.998 137095.207 669.261 6.5705 
254000 436 999.999 137736.682 670.897 6.5663 
255000 437 999.999 138397.837 669.237 6.5639 
256000 438 999.999 139009.943 667.704 6.5622 
257000 439 999.999 139660.066 661.461 6.5583 
258000 440 999.999 140373.561 661.049 6.5571 
259000 441 999.999 141049.408 665.96 6.5533 
260000 442 999.999 141770.801 667.545 6.5507 
261000 443 999.999 142423.786 672.585 6.5481 
262000 444 999.999 143010.354 670.636 6.5482 
263000 445 999.999 143584.75 661.146 6.5466 
264000 446 1000.0 144248.559 652.42 6.5468 
265000 447 1000.0 144767.993 653.94 6.5473 
266000 448 1000.0 145246.818 639.948 6.5466 
267000 449 1000.0 145831.654 624.784 6.5486 
268000 450 1000.0 146430.638 620.171 6.5488 
269000 451 1000.0 147072.718 617.423 6.5509 
270000 452 1000.0 147595.552 619.477 6.5524 
271000 453 1000.0 148255.591 611.794 6.5532 
272000 454 1000.0 148819.175 616.419 6.5554 
273000 455 1000.0 149390.998 610.189 6.5574 
274000 456 1000.0 149939.345 606.515 6.5624 
275000 457 1000.0 150575.982 600.615 6.5659 
276000 458 1000.0 151206.083 605.037 6.5685 
277000 459 1000.0 151890.862 607.936 6.571 
278000 460 1000.0 152466.422 614.972 6.5745 
279000 461 1000.0 153052.303 610.92 6.5756 
280000 462 1000.0 153410.322 607.724 6.5782 
281000 463 1000.0 153862.19 581.43 6.5834 
282000 464 1000.0 154336.257 568.761 6.5886 
283000 465 1000.0 154957.199 560.825 6.5921 
284000 466 1000.0 155613.776 566.326 6.5929 
285000 467 1000.0 156284.135 575.892 6.5921 
286000 468 1000.0 156751.332 584.825 6.591 
287000 469 1000.0 157366.685 573.241 6.5945 
288000 470 1000.0 157967.585 577.774 6.5944 
289000 471 1000.0 158515.642 579.629 6.5929 
290000 472 1000.0 159116.123 576.92 6.5923 
291000 473 1000.0 159791.065 578.608 6.5938 
292000 474 1000.0 160332.03 589.887 6.5928 
293000 475 1000.0 160863.533 583.594 6.5947 
294000 476 1000.0 161444.467 578.194 6.5908 
295000 477 1000.0 162013.272 578.666 6.5877 
296000 478 1000.0 162582.816 577.763 6.5804 
297000 479 1000.0 163073.235 576.859 6.581 
298000 480 1000.0 163577.313 567.459 6.5823 
299000 481 1000.0 164082.627 562.183 6.5836 
300000 482 1000.0 164726.506 555.414 6.5823 
301000 483 1000.0 165229.528 565.509 6.5847 
302000 484 1000.0 165807.039 558.678 6.5866 
303000 485 1000.0 166477.244 560.605 6.5878 
304000 486 1000.0 167082.509 572.423 6.5922 
305000 487 1000.0 167671.953 576.703 6.5962 
306000 488 1000.0 168240.169 576.576 6.5929 
307000 489 1000.0 168875.822 575.182 6.5886 
308000 490 1000.0 169372.432 580.74 6.5848 
309000 491 1000.0 169945.29 573.468 6.5805 
310000 492 1000.0 170524.556 572.491 6.5785 
311000 493 1000.0 171006.548 573.288 6.5752 
312000 494 1000.0 171485.454 564.313 6.5699 
313000 495 1000.0 172023.272 555.164 6.571 
314000 496 1000.0 172630.405 553.928 6.5729 
315000 497 1000.0 173164.316 559.529 6.5735 
316000 498 1000.0 173860.391 558.21 6.5707 
317000 499 1000.0 174559.043 571.331 6.5702 
318000 500 1000.0 175256.706 583.676 6.5667 
319000 501 1000.0 175894.773 596.324 6.5659 
320000 502 1000.0 176557.187 599.769 6.5671 
321000 503 1000.0 177330.505 606.234 6.5665 
322000 504 1000.0 178068.642 622.886 6.5669 
323000 505 1000.0 178666.223 634.315 6.5669 
324000 506 1000.0 179387.042 629.278 6.5672 
325000 507 1000.0 179956.11 640.177 6.5682 
326000 508 1000.0 180733.276 632.536 6.5712 
327000 509 1000.0 181295.986 646.616 6.5702 
328000 510 1000.0 181732.948 636.582 6.5733 
329000 511 1000.0 182342.392 617.466 6.5757 
330000 512 1000.0 182871.445 617.741 6.5761 
331000 513 1000.0 183500.024 608.655 6.5748 
332000 514 1000.0 183862.115 610.012 6.5747 
333000 516 932.1 184324.331 543.792 6.128 
334000 517 938.89 184819.038 541.682 6.1698 
335000 518 945.001 185225.862 520.294 6.2097 
336000 519 950.501 185541.781 511.22 6.2456 
337000 520 955.451 185849.01 492.662 6.2802 
338000 521 959.906 186275.001 476.079 6.3106 
339000 522 963.915 186713.705 474.089 6.3373 
340000 523 967.524 187137.203 465.268 6.3609 
341000 524 970.771 187663.437 465.141 6.3841 
342000 525 973.694 188164.839 479.309 6.4033 
343000 527 912.092 188646.265 438.733 6.0011 
344000 528 920.883 189099.359 449.337 6.0587 
345000 529 926.095 189675.657 450.973 6.0965 
346000 530 933.485 190199.776 462.266 6.1464 
347000 531 940.137 190703.77 463.162 6.1924 
348000 532 946.123 191430.137 494.961 6.2317 
349000 533 951.511 191965.87 495.035 6.2678 
350000 534 956.36 192679.859 513.929 6.3011 
351000 535 960.724 193142.561 520.222 6.3316 
352000 536 964.651 193573.29 502.986 6.3618 
353000 537 968.186 193949.802 493.918 6.3892 
354000 538 971.368 194563.319 502.163 6.4098 
355000 539 974.231 195267.206 525.218 6.4239 
356000 540 976.808 195831.851 527.487 6.442 
357000 541 979.127 196516.727 540.122 6.4544 
358000 542 981.214 197115.109 545.357 6.4651 
359000 543 983.093 197573.026 538.696 6.478 
360000 544 984.784 198241.381 552.165 6.4842 
361000 545 986.305 198871.273 566.415 6.4899 
362000 546 987.675 199314.551 556.946 6.4978 
363000 547 988.907 199945.025 559.216 6.5074 
364000 548 990.016 200620.696 569.479 6.515 
365000 549 991.015 201188.247 571.931 6.5214 
366000 550 991.913 201759.334 573.344 6.5296 
367000 551 992.722 202244.771 559.811 6.5376 
368000 552 993.45 203011.241 574.473 6.5416 
369000 553 994.105 203670.491 587.646 6.5463 
370000 554 994.694 204461.915 601.23 6.5497 
371000 555 995.225 205158.969 614.717 6.5541 
372000 556 995.702 205814.083 619.685 6.557 
373000 557 996.132 206546.925 628.939 6.5613 
374000 558 996.519 207315.702 638.06 6.5636 
375000 559 996.867 208005.086 647.881 6.5634 
376000 560 997.18 208736.26 656.844 6.5595 
377000 561 997.462 209422.105 663.391 6.5588 
378000 562 997.716 210045.202 653.139 6.559 
379000 563 997.944 210801.751 667.052 6.5572 
380000 564 998.15 211580.619 675.569 6.5582 
381000 565 998.335 212376.478 687.771 6.5603 
382000 566 998.502 213153.972 698.396 6.5622 
383000 567 998.651 213904.145 701.91 6.5634 
384000 568 998.786 214577.982 702.567 6.5644 
385000 569 998.908 215324.223 704.11 6.5651 
386000 570 999.017 216016.001 704.268 6.5649 
387000 571 999.115 216750.835 702.813 6.5683 
388000 573 930.483 217365.882 650.077 6.1192 
389000 574 937.435 218105.315 659.03 6.1664 
390000 575 943.691 218834.409 666.021 6.2079 
391000 576 949.322 219581.354 674.128 6.2463 
392000 577 954.39 220259.623 674.518 6.2828 
393000 578 958.951 221011.741 682.327 6.3106 
394000 579 963.056 221822.337 695.193 6.336 
395000 580 966.75 222665.275 709.908 6.36 
396000 581 970.075 223338.465 706.259 6.3832 
397000 582 973.068 224064.372 708.188 6.4015 
398000 583 975.761 224682.607 699.195 6.4164 
399000 584 978.185 225354.587 696.478 6.4305 
400000 585 980.366 226067.097 698.145 6.4431 
401000 586 982.33 226795.176 701.078 6.4558 
402000 587 984.097 227382.128 689.66 6.468 
403000 588 985.687 228096.763 692.159 6.4793 
404000 589 987.118 228710.29 684.295 6.4912 
405000 590 988.407 229491.333 693.962 6.5035 
406000 591 989.566 230041.498 679.568 6.5126 
407000 592 990.609 230639.834 671.502 6.5222 
408000 593 991.548 231319.174 672.268 6.5286 
409000 594 992.394 232018.159 674.927 6.5342 
410000 595 993.154 232642.038 669.835 6.5401 
411000 596 993.839 233408.234 679.499 6.5445 
412000 597 994.455 234131.81 683.865 6.5462 
413000 598 995.009 234833.477 685.655 6.5502 
414000 599 995.508 235351.341 668.858 6.5552 
415000 600 995.958 236200.499 686.907 6.5582 
416000 601 996.362 236912.261 689.354 6.5627 
417000 602 996.726 237598.975 689.092 6.5671 
418000 603 997.053 238236.104 683.903 6.5695 
419000 604 997.348 238913.47 683.247 6.5724 
420000 605 997.613 239545.322 678.13 6.5728 
421000 606 997.852 240178.719 673.624 6.5722 
422000 607 998.067 240838.972 672.315 6.572 
423000 608 998.26 241490.491 670.259 6.5728 
424000 609 998.434 242088.672 663.028 6.5727 
425000 610 998.591 242579.486 645.788 6.5719 
426000 611 998.731 243214.191 644.68 6.5722 
427000 612 998.858 243961.918 654.998 6.5746 
428000 613 998.972 244679.676 661.323 6.5774 
429000 614 999.075 245495.304 676.708 6.5765 
430000 615 999.168 246245.567 684.065 6.576 
431000 616 999.251 247057.475 696.828 6.5744 
432000 617 999.326 247675.158 688.913 6.5724 
433000 618 999.393 248434.308 695.935 6.5714 
434000 619 999.454 249156.431 698.611 6.571 
435000 620 999.509 249635.855 676.642 6.5725 
436000 621 999.558 250487.146 694.123 6.5727 
437000 622 999.602 251156.518 691.684 6.5745 
438000 623 999.642 251885.398 695.353 6.5744 
439000 624 999.678 252370.078 674.283 6.5743 
440000 625 999.71 253027.617 672.62 6.5763 
441000 626 999.739 253713.465 673.937 6.5795 
442000 627 999.765 254308.773 666.064 6.5845 
443000 628 999.788 255165.014 685.094 6.5857 
444000 629 999.81 255933.972 693.48 6.5873 
445000 630 999.829 256676.355 698.41 6.5881 
446000 631 999.846 257172.901 678.184 6.5857 
447000 632 999.861 257986.258 691.733 6.5846 
448000 633 999.875 258757.35 699.676 6.5832 
449000 634 999.888 259515.857 705.535 6.5816 
450000 635 999.899 260095.666 692.989 6.5836 
451000 636 999.909 260716.737 685.75 6.5808 
452000 637 999.918 261187.749 664.324 6.5793 
453000 638 999.926 261888.546 667.919 6.5765 
454000 639 999.934 262462.736 658.543 6.5744 
455000 640 999.94 263124.472 658.879 6.5749 
456000 641 999.946 263668.797 647.416 6.5731 
457000 642 999.952 264379.566 653.781 6.5731 
458000 643 999.956 265039.645 654.391 6.5734 
459000 644 999.961 265776.762 662.649 6.577 
460000 645 999.965 266384.948 657.24 6.5806 
461000 646 999.968 266784.191 631.406 6.5839 
462000 647 999.971 267206.265 610.485 6.5874 
463000 648 999.974 268031.088 631.919 6.5892 
464000 649 999.977 268835.524 649.179 6.5911 
465000 650 999.979 269392.943 639.992 6.5936 
466000 651 999.981 270062.852 642.978 6.5956 
467000 652 999.983 270597.07 632.11 6.5959 
468000 653 999.985 271238.009 632.968 6.5931 
469000 654 999.986 271856.428 631.531 6.5895 
470000 655 999.988 272474.811 630.225 6.5851 
471000 656 999.989 273083.551 628.073 6.5822 
472000 657 999.99 273652.303 622.142 6.58 
473000 658 999.991 274304.914 625.219 6.5768 
474000 659 999.992 275098.934 642.063 6.5743 
475000 660 999.993 275674.96 635.463 6.5718 
476000 661 999.993 276212.811 625.705 6.5715 
477000 662 999.994 276648.805 606.728 6.5707 
478000 663 999.995 277434.089 624.579 6.5743 
479000 664 999.995 278026.931 621.416 6.5765 
480000 665 999.996 278637.041 620.297 6.5735 
481000 666 999.996 279294.617 624.007 6.571 
482000 667 999.997 280021.654 634.325 6.5684 
483000 668 999.997 280563.082 625.016 6.5673 
484000 669 999.997 281230.258 629.231 6.565 
485000 670 999.997 281941.365 637.419 6.5637 
486000 671 999.998 282616.714 641.23 6.5635 
487000 672 999.998 283368.478 652.282 6.5621 
488000 673 999.998 284023.768 652.595 6.5605 
489000 674 999.998 284672.026 652.126 6.5657 
490000 675 999.999 285136.484 633.394 6.5689 
491000 676 999.999 285976.801 654.087 6.5714 
492000 677 999.999 286643.596 655.347 6.5736 
493000 678 999.999 287142.667 639.71 6.576 
494000 679 999.999 287751.283 636.592 6.5761 
495000 680 999.999 288357.827 633.61 6.577 
496000 681 999.999 289145.297 649.013 6.5774 
497000 682 999.999 289529.5 622.499 6.5793 
498000 683 999.999 289979.713 605.299 6.5805 
499000 684 999.999 290776.809 624.474 6.5796 
500000 685 999.999 291290.711 613.379 6.5807 
501000 686 1000.0 291808.016 603.779 6.5828 
502000 687 1000.0 292304.264 593.045 6.5834 
503000 688 1000.0 292979.136 601.242 6.5804 
504000 689 1000.0 293615.546 604.711 6.5802 
505000 690 1000.0 294237.258 606.461 6.5776 
506000 691 1000.0 294976.353 619.695 6.5784 
507000 692 1000.0 295643.091 624.411 6.5776 
508000 693 1000.0 296404.574 638.123 6.5776 
509000 694 1000.0 296991.065 632.956 6.5818 
510000 695 1000.0 297617.673 632.306 6.5807 
511000 696 1000.0 298345.936 641.921 6.582 
512000 697 1000.0 298876.38 630.74 6.5844 
513000 698 1000.0 299318.307 611.875 6.5847 
514000 699 1000.0 299906.657 609.519 6.5838 
515000 700 1000.0 300434.474 601.349 6.5801 
516000 701 1000.0 300951.205 592.882 6.5772 
517000 702 1000.0 301694.842 608.002 6.5762 
518000 703 1000.0 302506.4 628.325 6.5751 
519000 704 1000.0 303203.137 635.193 6.5752 
520000 705 1000.0 303878.649 639.198 6.5745 
521000 706 1000.0 304413.602 628.787 6.5738 
522000 707 1000.0 305183.839 642.906 6.5739 
523000 708 1000.0 305927.895 653.018 6.5749 
524000 709 1000.0 306588.246 653.739 6.5754 
525000 710 1000.0 307310.526 660.611 6.5751 
526000 711 1000.0 307613.088 624.805 6.5761 
527000 712 1000.0 307973.872 598.409 6.5754 
528000 713 1000.0 308383.8 579.584 6.5763 
529000 714 1000.0 309100.624 593.361 6.5761 
530000 715 1000.0 309650.159 588.908 6.5742 
531000 716 1000.0 310305.471 595.555 6.5736 
532000 717 1000.0 310969.595 602.405 6.5722 
533000 718 1000.0 311406.948 585.904 6.579 
534000 719 1000.0 312073.535 593.97 6.5836 
535000 720 1000.0 312842.457 611.477 6.5868 
536000 721 1000.0 313554.665 621.536 6.5901 
537000 722 1000.0 314129.427 616.854 6.5941 
538000 723 1000.0 314812.564 623.515 6.5968 
539000 724 1000.0 315444.56 624.337 6.5994 
540000 725 1000.0 316136.135 631.064 6.6016 
541000 726 1000.0 316791.385 633.468 6.5974 
542000 727 1000.0 317498.905 640.871 6.596 
543000 728 1000.0 318155.278 642.446 6.595 
544000 729 1000.0 318908.371 653.501 6.5924 
545000 730 1000.0 319648.487 662.169 6.5911 
546000 731 1000.0 320035.368 634.631 6.5886 
547000 732 1000.0 320860.264 653.668 6.5844 
548000 733 1000.0 321631.755 665.42 6.5821 
549000 734 1000.0 322390.439 674.765 6.5788 
550000 735 1000.0 323292.589 697.523 6.5777 
551000 736 1000.0 324055.44 704.021 6.5784 
552000 737 1000.0 324858.879 713.971 6.5806 
553000 738 1000.0 325683.254 725.046 6.5807 
554000 739 1000.0 326227.72 706.974 6.581 
555000 740 1000.0 326738.338 687.331 6.5824 
556000 741 1000.0 327489.599 693.749 6.5802 
557000 742 1000.0 328214.291 696.808 6.5839 
558000 743 1000.0 329052.272 710.926 6.5833 
559000 744 1000.0 329700.771 704.689 6.5861 
560000 745 1000.0 330490.643 713.212 6.5867 
561000 746 1000.0 331053.248 698.137 6.5889 
562000 747 1000.0 331924.603 715.506 6.5906 
563000 748 1000.0 332491.864 700.633 6.5898 
564000 749 1000.0 333113.859 692.769 6.5888 
565000 750 1000.0 333655.74 677.704 6.5873 
566000 751 1000.0 334293.834 673.718 6.5857 
567000 752 1000.0 334721.672 649.171 6.584 
568000 753 1000.0 335361.547 648.219 6.5822 
569000 754 1000.0 335989.706 646.209 6.5813 
570000 755 1000.0 336802.688 662.878 6.5787 
571000 756 1000.0 337435.944 659.919 6.5781 
572000 757 1000.0 338168.073 667.168 6.5766 
573000 758 1000.0 338980.755 681.695 6.5751 
574000 759 1000.0 339786.347 694.126 6.5795 
575000 760 1000.0 340366.261 682.666 6.5853 
576000 761 1000.0 341098.296 687.606 6.585 
577000 762 1000.0 341898.963 698.898 6.5833 
578000 763 1000.0 342668.753 706.036 6.5828 
579000 764 1000.0 343510.348 719.552 6.5817 
580000 765 1000.0 344202.244 716.806 6.58 
581000 766 1000.0 344998.074 724.699 6.5827 
582000 767 1000.0 345798.277 732.232 6.5854 
583000 768 1000.0 346651.978 744.376 6.5864 
584000 769 1000.0 347488.622 753.603 6.5876 
585000 770 1000.0 348354.685 764.849 6.5984 
586000 771 1000.0 348998.907 752.806 6.61 
587000 772 1000.0 349708.52 748.496 6.6165 
588000 773 1000.0 350314.057 734.169 6.6162 
589000 774 1000.0 351103.135 739.67 6.6166 
590000 775 1000.0 351929.941 748.406 6.6148 
591000 776 1000.0 352632.261 743.774 6.6146 
592000 777 1000.0 353348.006 740.979 6.6152 
593000 778 1000.0 354036.182 735.71 6.6157 
594000 779 1000.0 354796.736 738.258 6.613 
595000 780 1000.0 355567.704 741.487 6.6101 
596000 781 1000.0 356211.012 731.633 6.6091 
597000 782 1000.0 356879.359 725.34 6.6088 
598000 783 1000.0 357756.144 740.449 6.607 
599000 784 1000.0 358558.156 746.619 6.6062 
600000 785 1000.0 359076.605 723.757 6.6079 
601000 786 1000.0 359949.085 738.656 6.6057 
602000 787 1000.0 360569.22 726.872 6.6038 
603000 788 1000.0 361275.099 724.754 6.5991 
604000 789 1000.0 362085.424 733.287 6.596 
605000 790 1000.0 362951.248 746.505 6.5918 
606000 791 1000.0 363864.98 763.261 6.5897 
607000 792 1000.0 364606.692 761.105 6.5852 
608000 793 1000.0 365408.727 765.211 6.581 
609000 794 1000.0 366355.466 783.396 6.5765 
610000 795 1000.0 367153.467 784.787 6.5733 
611000 796 1000.0 367786.06 769.592 6.5744 
612000 797 1000.0 368691.337 783.134 6.5731 
613000 798 1000.0 369565.299 792.243 6.5756 
614000 799 1000.0 370387.32 795.225 6.5766 
615000 800 1000.0 371102.947 787.247 6.5796 
616000 801 1000.0 372073.866 805.601 6.5814 
617000 802 1000.0 373024.679 820.132 6.5819 
618000 803 1000.0 373916.217 827.257 6.5798 
619000 804 1000.0 374767.386 829.665 6.5768 
620000 805 1000.0 375246.467 794.63 6.5773 
621000 806 1000.0 375939.839 784.514 6.5753 
622000 807 1000.0 376743.309 786.386 6.5725 
623000 808 1000.0 377586.851 792.126 6.5722 
624000 809 1000.0 378395.902 793.799 6.5718 
625000 810 1000.0 379031.074 777.908 6.5748 
626000 811 1000.0 379691.234 766.146 6.5774 
627000 812 1000.0 380616.583 782.073 6.5786 
628000 813 1000.0 381479.449 790.149 6.5808 
629000 814 1000.0 382036.432 766.821 6.5812 
630000 815 1000.0 382652.645 751.767 6.5932 
631000 816 1000.0 383319.869 743.329 6.5973 
632000 817 1000.0 383945.514 731.565 6.5986 
633000 818 1000.0 384659.703 729.792 6.5954 
634000 819 1000.0 385342.379 725.115 6.5965 
635000 820 1000.0 386111.59 729.511 6.5971 
636000 821 1000.0 387002.347 745.659 6.5975 
637000 822 1000.0 387721.668 742.995 6.5952 
638000 823 1000.0 388431.463 739.746 6.5945 
639000 824 1000.0 388954.406 717.989 6.5963 
640000 825 1000.0 389676.442 718.394 6.5952 
641000 826 1000.0 390148.96 693.798 6.5957 
642000 827 1000.0 390640.595 673.608 6.5948 
643000 828 1000.0 391300.47 672.218 6.5976 
644000 829 1000.0 391749.012 649.839 6.597 
645000 830 1000.0 392391.992 649.169 6.596 
646000 831 1000.0 392880.98 633.138 6.5927 
647000 832 1000.0 393540.144 635.747 6.5917 
648000 833 1000.0 394223.492 640.53 6.5896 
649000 834 1000.0 394631.603 617.259 6.5883 
650000 835 1000.0 395606.22 653.018 6.587 
651000 836 1000.0 396241.058 651.194 6.5861 
652000 838 843.41 396989.063 556.32 5.5557 
653000 839 859.069 397789.954 562.474 5.6579 
654000 840 873.162 398748.116 608.805 5.751 
655000 841 885.846 399473.481 628.853 5.8348 
656000 842 897.261 400108.336 625.65 5.9086 
657000 843 907.535 400943.133 640.613 5.9713 
658000 844 916.782 401978.107 680.538 6.0303 
659000 845 925.103 402933.288 704.227 6.0843 
660000 846 932.593 403774.727 727.353 6.1344 
661000 847 939.334 404329.394 717.789 6.1801 
662000 848 945.4 404944.528 700.096 6.2183 
663000 849 950.86 405689.373 712.767 6.2522 
664000 850 955.774 406365.848 699.515 6.2813 
665000 851 960.197 406847.818 699.76 6.3082 
666000 852 964.177 407339.485 668.309 6.3347 
667000 853 967.76 407919.54 651.975 6.3583 
668000 854 970.984 408445.691 650.507 6.3782 
669000 855 973.885 409058.497 638.971 6.3989 
670000 856 976.497 409627.915 635.536 6.4195 
671000 857 978.847 409949.559 621.821 6.4381 
672000 858 980.962 410352.328 591.698 6.4569 
673000 859 982.866 411177.556 572.565 6.4728 
674000 860 984.579 411957.956 625.629 6.4849 
675000 861 986.122 412613.631 613.742 6.4981 
676000 862 987.509 413547.479 640.098 6.5079 
677000 863 988.758 414570.671 676.298 6.5167 
678000 864 989.883 415533.896 707.335 6.526 
679000 865 990.894 416609.8 739.368 6.5344 
680000 866 991.805 417358.076 749.72 6.5428 
681000 867 992.624 418180.171 759.2 6.5488 
682000 868 993.362 419025.853 766.434 6.5509 
683000 869 994.026 419878.971 784.391 6.5536 
684000 870 994.623 420717.345 769.846 6.555 
685000 871 995.161 421593.07 788.509 6.5562 
686000 872 995.645 422410.64 796.723 6.5577 
687000 873 996.08 423274.496 789.838 6.5591 
688000 874 996.472 424350.526 821.717 6.5593 
689000 875 996.825 425540.583 848.626 6.5623 
690000 876 997.143 426604.65 876.518 6.5648 
691000 877 997.428 427785.063 900.233 6.5671 
692000 878 997.685 428866.756 921.574 6.5699 
693000 879 997.917 429895.809 935.689 6.5713 
694000 880 998.125 430824.248 947.554 6.5735 
695000 881 998.313 431768.818 936.494 6.5759 
696000 882 998.481 432669.333 942.05 6.5776 
697000 883 998.633 433328.661 919.536 6.5794 
698000 884 998.77 433949.514 895.71 6.5802 
699000 885 998.893 434619.514 865.106 6.5801 
700000 886 999.004 435477.423 855.381 6.5787 
701000 887 999.103 436270.863 859.151 6.5791 
702000 888 999.193 437068.089 857.146 6.5788 
703000 889 999.274 437651.43 838.663 6.5792 
704000 890 999.346 438224.975 812.576 6.5781 
705000 891 999.412 438733.727 799.295 6.5774 
706000 892 999.471 439337.949 745.706 6.5771 
707000 893 999.523 440272.122 757.749 6.5761 
708000 894 999.571 441137.902 782.057 6.5746 
709000 895 999.614 441954.998 774.487 6.5752 
710000 896 999.653 442776.686 784.438 6.5739 
711000 897 999.687 443705.603 790.703 6.5735 
712000 898 999.719 444346.988 817.038 6.5726 
713000 899 999.747 444921.265 769.939 6.5758 
714000 900 999.772 445721.845 758.742 6.5766 
715000 901 999.795 446863.589 787.903 6.5782 
716000 902 999.815 447615.232 803.52 6.5801 
717000 903 999.834 448523.235 801.353 6.5805 
718000 904 999.85 449276.773 813.977 6.5825 
719000 905 999.865 450250.582 814.011 6.5844 
720000 906 999.879 450877.345 820.31 6.5863 
721000 907 999.891 452075.419 817.946 6.5871 
722000 908 999.902 452753.798 839.216 6.5895 
723000 909 999.912 453577.796 821.164 6.5875 
724000 910 999.921 454627.44 824.651 6.5881 
725000 911 999.928 455475.209 845.804 6.5884 
726000 912 999.936 456278.564 863.596 6.5883 
727000 913 999.942 456972.994 831.475 6.5891 
728000 914 999.948 457589.432 824.261 6.5892 
729000 915 999.953 458209.143 796.782 6.5897 
730000 916 999.958 459013.75 788.319 6.5908 
731000 917 999.962 459831.667 784.521 6.591 
732000 918 999.966 460472.285 787.101 6.5904 
733000 919 999.969 461180.951 773.008 6.5906 
734000 920 999.972 461864.454 767.032 6.5912 
735000 921 999.975 462647.792 767.793 6.5889 
736000 922 999.978 463366.905 757.679 6.5874 
737000 923 999.98 464142.044 757.44 6.5848 
738000 924 999.982 464860.601 773.747 6.5826 
739000 925 999.984 465561.923 743.001 6.58 
740000 926 999.985 466299.163 748.096 6.5824 
741000 927 999.987 467278.537 754.142 6.5823 
742000 928 999.988 468163.796 780.338 6.5832 
743000 929 999.989 468867.848 782.031 6.5835 
744000 930 999.99 469990.023 788.663 6.5822 
745000 931 999.991 470888.408 818.787 6.5827 
746000 932 999.992 471676.755 818.657 6.5842 
747000 933 999.993 472379.901 817.745 6.5842 
748000 934 999.994 472988.178 798.108 6.5855 
749000 935 999.994 473734.64 782.545 6.585 
750000 936 999.995 474508.394 775.836 6.5844 
751000 937 999.995 475265.791 780.752 6.5885 
752000 938 999.996 476012.089 774.752 6.5962 
753000 939 999.996 476863.795 777.775 6.6024 
754000 940 999.997 477692.883 790.343 6.6069 
755000 941 999.997 478434.013 785.036 6.613 
756000 942 999.997 479172.833 780.338 6.6192 
757000 943 999.998 479967.559 780.643 6.6235 
758000 944 999.998 480706.929 774.74 6.6251 
759000 945 999.998 481441.45 775.525 6.6256 
760000 946 999.998 482160.804 767.7 6.627 
761000 947 999.998 482858.747 764.51 6.63 
762000 948 999.999 483494.386 755.795 6.6343 
763000 949 999.999 484131.071 742.785 6.6373 
764000 950 999.999 484774.155 737.677 6.6388 
765000 951 999.999 485482.532 724.207 6.6415 
766000 952 999.999 486118.85 727.637 6.6424 
767000 953 999.999 486612.066 702.243 6.6376 
768000 954 999.999 486999.955 680.165 6.6331 
769000 955 999.999 487635.06 659.353 6.6289 
770000 956 999.999 488253.953 655.037 6.6235 
771000 957 999.999 489208.386 671.387 6.6163 
772000 958 999.999 489737.448 690.275 6.6106 
773000 959 1000.0 490226.385 662.487 6.6076 
774000 960 1000.0 490707.967 641.486 6.6058 
775000 961 1000.0 491501.638 645.221 6.6019 
776000 962 1000.0 492047.201 641.144 6.6009 
777000 963 1000.0 492719.681 644.927 6.6025 
778000 964 1000.0 493382.559 651.306 6.6053 
779000 965 1000.0 493970.448 635.419 6.6072 
780000 966 1000.0 494534.074 644.55 6.6056 
781000 967 1000.0 495041.09 621.203 6.6069 
782000 968 1000.0 495683.364 624.113 6.6078 
783000 969 1000.0 496288.597 622.983 6.6078 
784000 970 1000.0 496841.524 620.984 6.6077 
785000 971 1000.0 497400.019 607.909 6.609 
786000 972 1000.0 497964.333 612.339 6.6064 
787000 973 1000.0 498450.539 593.914 6.6065 
788000 974 1000.0 499024.479 588.521 6.605 
789000 975 1000.0 499688.061 594.536 6.6016 
790000 976 1000.0 500325.075 598.42 6.599 
791000 977 1000.0 500921.367 600.453 6.5958 
792000 978 1000.0 501400.473 588.603 6.5949 
793000 979 1000.0 502073.295 593.769 6.5937 
794000 980 1000.0 502702.369 601.647 6.592 
795000 981 1000.0 503291.914 592.255 6.5929 
796000 982 1000.0 503723.496 599.388 6.5919 
797000 983 1000.0 504053.996 574.119 6.592 
798000 984 1000.0 504543.955 553.662 6.5884 
799000 985 1000.0 505060.298 547.383 6.5863 
800000 986 1000.0 505563.771 547.579 6.5847 
801000 987 1000.0 505997.804 539.397 6.5846 
802000 988 1000.0 506470.655 526.634 6.5855 
803000 989 1000.0 506996.439 524.086 6.5892 
804000 990 1000.0 507471.548 524.335 6.5915 
805000 991 1000.0 507861.917 517.568 6.5925 
806000 992 1000.0 508386.845 504.335 6.5947 
807000 993 1000.0 509004.085 508.177 6.5975 
808000 994 1000.0 509512.682 516.524 6.6007 
809000 995 1000.0 509979.884 515.098 6.6026 
810000 996 1000.0 510562.09 513.801 6.6024 
811000 997 1000.0 511093.107 525.333 6.6042 
812000 998 1000.0 511683.256 525.446 6.6054 
813000 999 1000.0 512151.777 526.141 6.6085 
814000 1000 1000.0 512567.479 519.176 6.6076 
815000 1001 1000.0 512971.519 507.918 6.6078 
816000 1002 1000.0 513442.742 500.214 6.6023 
817000 1003 1000.0 513915.156 497.629 6.5981 
818000 1004 1000.0 514333.467 497.111 6.5951 
819000 1005 1000.0 514823.414 489.847 6.5901 
820000 1006 1000.0 515317.765 487.5 6.584 
821000 1007 1000.0 515810.192 488.364 6.5823 
822000 1008 1000.0 516293.446 491.673 6.578 
823000 1009 1000.0 516732.363 485.956 6.5776 
824000 1010 1000.0 517042.436 484.428 6.582 
825000 1011 1000.0 517410.338 455.257 6.5867 
826000 1012 1000.0 517876.461 459.179 6.5838 
827000 1013 1000.0 518331.167 457.474 6.5798 
828000 1014 1000.0 518865.54 461.383 6.5779 
829000 1015 1000.0 519425.719 469.072 6.5853 
830000 1016 1000.0 519902.907 476.677 6.5861 
831000 1017 1000.0 520319.303 474.361 6.588 
832000 1018 1000.0 520694.166 467.194 6.5869 
833000 1019 1000.0 521093.804 454.868 6.5869 
834000 1020 1000.0 521604.244 452.818 6.5909 
835000 1021 1000.0 522129.106 464.275 6.5886 
836000 1022 1000.0 522418.698 460.209 6.5869 
837000 1023 1000.0 522727.505 439.122 6.5909 
838000 1024 1000.0 523139.761 427.026 6.5902 
839000 1025 1000.0 523501.595 424.812 6.5839 
840000 1026 1000.0 523913.895 426.45 6.5772 
841000 1027 1000.0 524350.548 425.464 6.5761 
842000 1028 1000.0 524827.888 427.709 6.5724 
843000 1029 1000.0 525295.045 432.514 6.5703 
844000 1030 1000.0 525818.174 436.363 6.5691 
845000 1031 1000.0 526371.476 451.542 6.5682 
846000 1032 1000.0 526857.1 456.968 6.5673 
847000 1033 1000.0 527276.452 457.253 6.5729 
848000 1034 1000.0 527706.783 452.716 6.5784 
849000 1035 1000.0 528213.624 450.249 6.5802 
850000 1036 1000.0 528764.61 460.455 6.5861 
851000 1037 1000.0 529306.583 470.024 6.592 
852000 1038 1000.0 529727.658 477.001 6.5935 
853000 1039 1000.0 530156.94 463.529 6.5972 
854000 1040 1000.0 530598.975 466.473 6.5925 
855000 1041 1000.0 531207.23 463.72 6.5922 
856000 1042 1000.0 531701.875 481.931 6.5898 
857000 1043 1000.0 532143.502 477.531 6.5886 
858000 1044 1000.0 532636.282 471.196 6.5875 
859000 1045 1000.0 533272.761 482.102 6.5853 
860000 1046 1000.0 533780.881 498.545 6.5886 
861000 1047 1000.0 534169.254 488.679 6.5937 
862000 1048 1000.0 534625.035 478.779 6.5957 
863000 1049 1000.0 535167.852 483.598 6.5959 
864000 1050 1000.0 535630.767 489.65 6.5999 
865000 1051 1000.0 536037.397 481.683 6.6053 
866000 1052 1000.0 536353.543 467.442 6.6054 
867000 1053 1000.0 536804.022 457.407 6.6035 
868000 1054 1000.0 537331.651 461.504 6.6002 
869000 1055 1000.0 537638.081 463.516 6.5984 
870000 1056 1000.0 537934.013 443.213 6.5952 
871000 1057 1000.0 538338.662 432.866 6.595 
872000 1058 1000.0 538763.108 434.734 6.5937 
873000 1059 1000.0 539216.069 430.242 6.5918 
874000 1060 1000.0 539651.518 435.03 6.5917 
875000 1061 1000.0 540034.852 432.842 6.5909 
876000 1062 1000.0 540437.817 425.505 6.5909 
877000 1063 1000.0 540771.196 425.53 6.5915 
878000 1064 1000.0 541052.655 414.366 6.5957 
879000 1065 1000.0 541333.666 398.494 6.5985 
880000 1066 1000.0 541567.124 385.652 6.5997 
881000 1067 1000.0 541814.355 370.461 6.5981 
882000 1068 1000.0 542155.998 358.004 6.5981 
883000 1069 1000.0 542549.048 357.956 6.5968 
884000 1070 1000.0 543018.083 365.657 6.5932 
885000 1072 916.2 543606.14 351.08 6.0383 
886000 1073 924.58 543938.174 365.754 6.0937 
887000 1074 932.122 544294.65 357.224 6.1454 
888000 1075 938.91 544683.56 363.353 6.1857 
889000 1076 945.019 545068.344 365.746 6.2216 
890000 1077 950.517 545483.637 372.642 6.2583 
891000 1078 955.465 545834.787 372.103 6.2914 
892000 1079 959.919 546194.155 369.032 6.3201 
893000 1080 963.927 546660.446 376.026 6.3475 
894000 1081 967.534 547123.232 382.05 6.3725 
895000 1082 970.781 547576.786 390.959 6.3946 
896000 1083 973.703 548001.71 395.97 6.4153 
897000 1084 976.332 548470.579 398.718 6.4335 
898000 1085 978.699 548903.946 406.188 6.4476 
899000 1086 980.829 549364.86 410.517 6.4613 
900000 1087 982.746 549828.965 416.288 6.4735 
901000 1088 984.472 550383.175 417.978 6.4818 
902000 1089 986.025 551036.922 441.181 6.4896 
903000 1090 987.422 551654.828 460.521 6.4978 
904000 1091 988.68 552193.51 471.091 6.5059 
905000 1092 989.812 552804.628 486.865 6.5122 
906000 1093 990.831 553405.705 498.888 6.5168 
907000 1094 991.748 553878.393 503.258 6.5253 
908000 1095 992.573 554326.642 496.679 6.5373 
909000 1096 993.316 554644.486 479.767 6.5469 
910000 1097 993.984 555043.399 463.998 6.5536 
911000 1098 994.586 555448.022 465.327 6.5625 
912000 1099 995.127 556070.739 462.894 6.5706 
913000 1100 995.614 556606.396 479.364 6.5772 
914000 1101 996.053 557064.508 486.226 6.5831 
915000 1102 996.448 557459.247 473.08 6.5911 
916000 1103 996.803 557994.976 467.848 6.5957 
917000 1104 997.123 558577.431 476.309 6.5996 
918000 1105 997.41 559221.042 501.522 6.6013 
919000 1106 997.669 559838.986 516.473 6.6051 
920000 1107 997.902 560306.88 514.99 6.6072 
921000 1108 998.112 560633.395 509.949 6.6071 
922000 1110 894.731 561133.918 448.447 5.9256 
923000 1111 905.258 561593.53 442.184 5.9969 
924000 1112 914.732 562155.54 452.841 6.0612 
925000 1113 923.259 562631.769 463.217 6.1159 
926000 1114 930.933 563000.848 458.531 6.1681 
927000 1115 937.84 563327.194 439.454 6.2144 
928000 1116 944.056 564000.526 440.84 6.2581 
929000 1117 949.65 564576.196 455.999 6.2945 
930000 1118 954.685 565298.705 476.87 6.3279 
931000 1119 959.217 565926.398 508.372 6.3511 
932000 1120 963.295 566426.458 512.653 6.3765 
933000 1121 966.965 566912.809 518.091 6.4031 
934000 1122 970.269 567462.874 506.633 6.4222 
935000 1123 973.242 567920.093 516.965 6.4385 
936000 1124 975.918 568518.109 495.802 6.4537 
937000 1125 978.326 569158.394 523.477 6.4661 
938000 1126 980.493 569612.571 527.591 6.4805 
939000 1127 982.444 570265.23 529.318 6.5011 
940000 1128 984.2 570913.786 539.116 6.5127 
941000 1129 985.78 571564.616 549.324 6.5206 
942000 1130 987.202 572201.892 556.886 6.5281 
943000 1131 988.482 572721.144 566.241 6.5354 
944000 1132 989.633 573362.337 558.434 6.544 
945000 1133 990.67 573974.121 572.68 6.5493 
946000 1134 991.603 574524.99 568.242 6.5534 
947000 1135 992.443 575063.697 562.052 6.5621 
948000 1136 993.198 575653.263 560.337 6.5693 
949000 1137 993.879 576313.068 573.999 6.5763 
950000 1138 994.491 576902.966 574.471 6.5825 
951000 1139 995.042 577539.758 583.504 6.5876 
952000 1140 995.538 578231.039 589.902 6.5947 
953000 1141 995.984 578843.756 596.255 6.5992 
954000 1142 996.385 579404.612 590.522 6.6036 
955000 1143 996.747 580014.242 597.927 6.6064 
956000 1144 997.072 580569.112 592.053 6.6084 
957000 1145 997.365 581141.773 591.596 6.6104 
958000 1146 997.628 581994.038 600.511 6.6114 
959000 1147 997.866 582604.991 616.811 6.6094 
960000 1148 998.079 583208.557 615.615 6.6049 
961000 1149 998.271 583806.926 615.482 6.6016 
962000 1150 998.444 584413.545 608.635 6.5965 
963000 1151 998.6 584982.586 616.748 6.5936 
964000 1152 998.74 585450.593 595.649 6.5917 
965000 1153 998.866 586076.21 591.252 6.59 
966000 1154 998.979 586597.994 597.453 6.5875 
967000 1155 999.081 587188.522 589.402 6.5853 
968000 1156 999.173 587768.808 592.741 6.583 
969000 1157 999.256 588352.435 586.995 6.5828 
970000 1158 999.33 588845.85 582.742 6.5873 
971000 1159 999.397 589417.251 577.837 6.5859 
972000 1160 999.457 590090.129 576.824 6.5888 
973000 1161 999.512 590633.021 588.091 6.5873 
974000 1162 999.561 591187.685 582.855 6.5906 
975000 1163 999.604 591660.867 579.504 6.5928 
976000 1164 999.644 592163.08 562.817 6.5973 
977000 1165 999.68 592622.604 569.339 6.6004 
978000 1166 999.712 592929.374 540.906 6.603 
979000 1167 999.741 593379.817 526.648 6.6081 
980000 1168 999.766 593823.855 512.856 6.6102 
981000 1169 999.79 594445.601 520.29 6.6138 
982000 1170 999.811 594945.586 519.825 6.6169 
983000 1171 999.83 595472.131 521.097 6.6207 
984000 1172 999.847 596113.265 525.727 6.622 
985000 1173 999.862 596721.025 537.903 6.6245 
986000 1174 999.876 597317.224 546.855 6.6256 
987000 1175 999.888 597942.028 545.437 6.6261 
988000 1176 999.899 598645.983 564.93 6.6253 
989000 1177 999.91 599443.113 579.261 6.6232 
990000 1178 999.919 600073.45 601.548 6.6214 
991000 1179 999.927 600698.957 596.365 6.6216 
992000 1180 999.934 601341.83 600.305 6.6191 
993000 1181 999.941 601935.202 597.261 6.6199 
994000 1182 999.947 602577.567 604.386 6.6198 
995000 1183 999.952 603111.343 611.23 6.6193 
996000 1184 999.957 603897.346 607.869 6.6175 
997000 1185 999.961 604543.808 614.633 6.6181 
998000 1186 999.965 605318.041 622.659 6.621 
999000 1187 999.968 605952.3 641.204 6.6226 
1000000 1188 999.972 606442.012 636.698 6.6203 
1001000 1189 999.974 607104.135 617.351 6.6175 
1002000 1190 999.977 607697.053 621.289 6.6136 
1003000 1191 999.979 608171.389 618.278 6.6124 
1004000 1192 999.981 608764.515 604.879 6.6095 
1005000 1193 999.983 609401.176 609.227 6.606 
1006000 1194 999.985 610173.107 613.079 6.6058 
1007000 1195 999.986 610963.096 627.207 6.6111 
1008000 1196 999.988 611785.456 654.127 6.6132 
1009000 1197 999.989 612557.803 665.308 6.6175 
1010000 1198 999.99 613377.611 679.674 6.6215 
1011000 1199 999.991 614053.95 689.577 6.6261 
1012000 1200 999.992 614788.145 686.187 6.6313 
1013000 1201 999.993 615542.426 704.114 6.6341 
1014000 1202 999.994 616255.907 693.589 6.6364 
1015000 1203 999.994 617070.296 705.202 6.6385 
1016000 1204 999.995 617714.869 720.642 6.6406 
1017000 1205 999.995 618301.574 683.927 6.6455 
1018000 1206 999.996 618762.14 692.016 6.6478 
1019000 1207 999.996 619316.23 653.255 6.6509 
1020000 1208 999.997 620103.976 656.274 6.6524 
1021000 1209 999.997 620934.547 679.865 6.6445 
1022000 1210 999.997 621661.387 690.637 6.6386 
1023000 1211 999.997 622352.523 691.816 6.6338 
1024000 1212 999.998 623026.771 691.86 6.63 
1025000 1213 999.998 623718.898 687.869 6.6254 
1026000 1214 999.998 624441.385 694.155 6.6209 
1027000 1215 999.998 625063.901 689.582 6.618 
1028000 1216 999.999 625707.859 681.443 6.6145 
1029000 1217 999.999 626463.689 688.132 6.6122 
1030000 1218 999.999 627103.086 682.383 6.6103 
1031000 1219 999.999 627718.644 679.528 6.6081 
1032000 1220 999.999 628386.53 676.667 6.6055 
1033000 1221 999.999 629200.653 687.238 6.6042 
1034000 1222 999.999 629980.58 694.87 6.6026 
1035000 1223 999.999 630645.462 693.255 6.6014 
1036000 1224 999.999 631307.792 699.169 6.601 
1037000 1225 999.999 632050.527 687.451 6.6012 
1038000 1226 999.999 632742.651 700.408 6.6003 
1039000 1227 1000.0 633271.867 685.87 6.6005 
1040000 1228 1000.0 633894.995 674.002 6.5994 
1041000 1229 1000.0 634556.742 667.987 6.5991 
1042000 1230 1000.0 635531.567 681.472 6.5975 
1043000 1231 1000.0 636262.751 708.669 6.5981 
1044000 1232 1000.0 636989.593 703.84 6.6033 
1045000 1233 1000.0 637900.057 718.227 6.6062 
1046000 1234 1000.0 638596.692 726.383 6.6101 
1047000 1235 1000.0 639289.923 728.906 6.6138 
1048000 1236 1000.0 640004.969 723.828 6.6165 
1049000 1237 1000.0 640711.449 721.381 6.6198 
1050000 1238 1000.0 641463.318 719.973 6.622 
1051000 1239 1000.0 642166.732 724.462 6.6199 
1052000 1240 1000.0 642800.611 718.319 6.616 
1053000 1241 1000.0 643409.95 703.816 6.6156 
1054000 1242 1000.0 644121.937 707.587 6.6145 
1055000 1243 1000.0 644771.984 702.46 6.6149 
1056000 1244 1000.0 645329.088 690.115 6.6179 
1057000 1245 1000.0 645959.026 679.589 6.6166 
1058000 1246 1000.0 646583.501 673.324 6.6157 
1059000 1247 1000.0 647221.67 673.489 6.6165 
1060000 1248 1000.0 647781.376 673.034 6.6134 
1061000 1249 1000.0 648400.605 657.825 6.613 
1062000 1250 1000.0 649166.9 654.545 6.6149 
1063000 1251 1000.0 649892.895 669.259 6.6146 
1064000 1252 1000.0 650677.307 679.355 6.6139 
1065000 1253 1000.0 651368.113 688.075 6.6123 
1066000 1254 1000.0 652013.725 681.621 6.6087 
1067000 1255 1000.0 652617.583 674.735 6.605 
1068000 1256 1000.0 653252.829 671.945 6.6008 
1069000 1257 1000.0 653948.242 667.895 6.598 
1070000 1258 1000.0 654585.344 669.046 6.5959 
1071000 1259 1000.0 655334.217 672.253 6.5963 
1072000 1260 1000.0 656097.17 679.959 6.5944 
1073000 1261 1000.0 656755.042 685.148 6.5941 
1074000 1262 1000.0 657476.269 675.558 6.5978 
1075000 1263 1000.0 658125.911 681.3 6.5974 
1076000 1264 1000.0 658897.047 690.549 6.5972 
1077000 1265 1000.0 659587.936 688.505 6.5953 
1078000 1266 1000.0 660318.025 692.251 6.5913 
1079000 1267 1000.0 660934.373 693.928 6.5891 
1080000 1268 1000.0 661631.529 685.964 6.587 
1081000 1269 1000.0 662202.208 687.624 6.5858 
1082000 1270 1000.0 662698.373 670.4 6.5881 
1083000 1271 1000.0 663184.144 645.11 6.5864 
1084000 1272 1000.0 663678.602 639.253 6.5854 
1085000 1273 1000.0 664289.47 616.937 6.5884 
1086000 1274 1000.0 664901.439 628.36 6.5894 
1087000 1275 1000.0 665440.102 619.573 6.592 
1088000 1276 1000.0 665979.556 609.246 6.5937 
1089000 1277 1000.0 666474.435 611.758 6.5963 
1090000 1278 1000.0 667144.445 592.983 6.5989 
1091000 1279 1000.0 667759.798 610.173 6.598 
1092000 1280 1000.0 668485.135 609.912 6.598 
1093000 1281 1000.0 669190.402 625.294 6.5993 
1094000 1282 1000.0 669873.822 629.249 6.6022 
1095000 1283 1000.0 670576.762 632.392 6.6018 
1096000 1284 1000.0 671289.458 641.151 6.602 
1097000 1285 1000.0 671949.078 648.478 6.6028 
1098000 1286 1000.0 672522.961 646.445 6.6029 
1099000 1287 1000.0 673050.573 633.322 6.6 
1100000 1288 1000.0 673664.997 631.647 6.6003 
1101000 1289 1000.0 674211.631 622.725 6.602 
1102000 1290 1000.0 674780.108 615.037 6.6049 
1103000 1291 1000.0 675326.558 613.663 6.6062 
1104000 1292 1000.0 675841.688 604.969 6.6063 
1105000 1293 1000.0 676297.338 596.907 6.6032 
1106000 1294 1000.0 676792.006 568.249 6.5987 
1107000 1295 1000.0 677291.023 566.298 6.5996 
1108000 1296 1000.0 677866.114 567.781 6.5983 
1109000 1297 1000.0 678556.667 567.13 6.5968 
1110000 1298 1000.0 679398.965 597.883 6.5955 
1111000 1299 1000.0 679991.422 613.601 6.6024 
1112000 1300 1000.0 680615.502 597.793 6.6107 
1113000 1301 1000.0 681359.099 615.132 6.6165 
1114000 1302 1000.0 682076.107 625.623 6.6227 
1115000 1303 1000.0 682633.453 631.843 6.6278 
1116000 1304 1000.0 683150.504 619.494 6.6241 
1117000 1305 1000.0 683793.136 620.531 6.6186 
1118000 1306 1000.0 684405.28 615.795 6.615 
1119000 1307 1000.0 684885.845 616.27 6.6079 
1120000 1308 1000.0 685404.35 596.305 6.6107 
1121000 1309 1000.0 685966.367 596.175 6.614 
1122000 1310 1000.0 686592.898 588.568 6.6122 
1123000 1311 1000.0 687105.897 589.988 6.6069 
1124000 1312 1000.0 687626.67 580.238 6.6003 
1125000 1313 1000.0 688090.754 577.09 6.6013 
1126000 1314 1000.0 688792.919 556.748 6.6024 
1127000 1315 1000.0 689286.994 580.631 6.5992 
1128000 1316 1000.0 689763.116 565.176 6.5963 
1129000 1317 1000.0 690161.064 555.518 6.5964 
1130000 1318 1000.0 690692.581 538.892 6.5961 
1131000 1319 1000.0 691130.522 545.95 6.5935 
1132000 1320 1000.0 691587.263 532.153 6.5922 
1133000 1321 1000.0 692081.882 522.646 6.5905 
1134000 1322 1000.0 692549.013 521.03 6.5921 
1135000 1323 1000.0 693120.243 516.033 6.5896 
1136000 1324 1000.0 693612.472 530.199 6.5911 
1137000 1325 1000.0 694005.588 513.841 6.5948 
1138000 1326 1000.0 694615.208 506.905 6.597 
1139000 1327 1000.0 695143.226 523.2 6.599 
1140000 1328 1000.0 695512.932 507.088 6.5999 
1141000 1329 1000.0 696057.526 503.651 6.6003 
1142000 1330 1000.0 696549.558 511.115 6.5983 
1143000 1331 1000.0 697009.927 501.435 6.6024 
1144000 1332 1000.0 697594.641 508.67 6.5996 
1145000 1333 1000.0 698022.308 504.623 6.602 
1146000 1334 1000.0 698443.626 503.298 6.6053 
1147000 1335 1000.0 699074.804 500.124 6.6096 
1148000 1336 1000.0 699677.728 506.442 6.6134 
1149000 1337 1000.0 700396.155 527.565 6.6157 
1150000 1338 1000.0 700945.741 535.514 6.6193 
1151000 1339 1000.0 701832.434 541.075 6.6227 
1152000 1340 1000.0 702528.291 568.147 6.6244 
1153000 1341 1000.0 703490.246 617.14 6.6252 
1154000 1342 1000.0 704427.758 623.442 6.6274 
1155000 1343 1000.0 705684.446 685.845 6.6279 
1156000 1344 1000.0 706676.748 732.717 6.628 
1157000 1345 1000.0 707570.908 763.563 6.6279 
1158000 1346 1000.0 708259.289 747.666 6.6277 
1159000 1347 1000.0 708594.093 733.519 6.6275 
1160000 1348 1000.0 708977.616 695.175 6.626 
1161000 1349 1000.0 709680.23 665.282 6.6213 
1162000 1350 1000.0 710298.45 671.321 6.6161 
1163000 1351 1000.0 710766.299 666.922 6.6141 
1164000 1352 1000.0 711469.891 654.657 6.6128 
1165000 1353 1000.0 712166.318 651.679 6.6115 
1166000 1354 1000.0 713031.501 662.192 6.6091 
1167000 1355 1000.0 714136.357 707.209 6.6062 
1168000 1356 1000.0 715046.42 742.036 6.6035 
1169000 1357 1000.0 715730.332 736.725 6.6016 
1170000 1358 1000.0 716457.263 733.428 6.6022 
1171000 1359 1000.0 717269.641 743.22 6.6005 
1172000 1360 1000.0 718038.584 751.683 6.5981 
1173000 1361 1000.0 718619.564 735.998 6.5957 
1174000 1362 1000.0 719228.601 724.254 6.5985 
1175000 1363 1000.0 719821.134 708.946 6.6101 
1176000 1364 1000.0 720524.818 703.682 6.6205 
1177000 1365 1000.0 721280.981 706.287 6.6204 
1178000 1366 1000.0 721908.121 714.589 6.6197 
1179000 1367 1000.0 722548.906 700.174 6.6203 
1180000 1368 1000.0 723353.768 695.141 6.6221 
1181000 1369 1000.0 724019.86 696.488 6.6233 
1182000 1370 1000.0 724650.26 700.572 6.6232 
1183000 1371 1000.0 725121.078 682.665 6.6256 
1184000 1372 1000.0 725584.98 660.695 6.628 
1185000 1373 1000.0 726552.65 674.444 6.6281 
1186000 1374 1000.0 727454.966 702.167 6.6281 
1187000 1375 1000.0 728355.751 713.915 6.6285 
1188000 1376 1000.0 729293.949 730.953 6.6283 
1189000 1377 1000.0 730348.033 754.248 6.625 
1190000 1378 1000.0 731305.555 788.231 6.6211 
1191000 1379 1000.0 732074.294 787.994 6.6199 
1192000 1380 1000.0 733186.925 813.934 6.6183 
1193000 1381 1000.0 734065.156 819.04 6.6164 
1194000 1382 1000.0 735071.656 842.649 6.616 
1195000 1383 1000.0 736062.814 861.201 6.6157 
1196000 1384 1000.0 736761.734 857.243 6.6134 
1197000 1385 1000.0 737389.35 834.163 6.6119 
1198000 1386 1000.0 738237.785 820.212 6.6085 
1199000 1387 1000.0 738850.432 815.132 6.6059 
1200000 1388 1000.0 739757.193 797.756 6.605 
1201000 1389 1000.0 740760.455 837.298 6.6021 
1202000 1390 1000.0 741618.421 823.598 6.6023 
1203000 1391 1000.0 742830.019 866.379 6.6023 
1204000 1392 1000.0 743828.563 897.157 6.6009 
1205000 1393 1000.0 744692.628 870.94 6.6022 
1206000 1394 1000.0 745446.794 876.934 6.6024 
1207000 1395 1000.0 746156.382 858.243 6.6001 
1208000 1396 1000.0 746483.482 823.6 6.6003 
1209000 1397 1000.0 747201.701 792.697 6.6023 
1210000 1398 1000.0 748001.094 801.556 6.5993 
1211000 1399 1000.0 748802.969 793.569 6.6007 
1212000 1400 1000.0 749464.814 793.097 6.6001 
1213000 1401 1000.0 750132.07 770.563 6.6016 
1214000 1402 1000.0 750951.928 775.349 6.6005 
1215000 1403 1000.0 751658.751 768.431 6.5999 
1216000 1404 1000.0 752373.121 766.505 6.5989 
1217000 1405 1000.0 753096.226 757.897 6.5986 
1218000 1406 1000.0 753982.409 759.146 6.5989 
1219000 1407 1000.0 754579.567 763.804 6.6002 
1220000 1408 1000.0 755071.492 748.944 6.6017 
1221000 1409 1000.0 755842.955 733.532 6.602 
1222000 1410 1000.0 756553.665 729.449 6.6042 
1223000 1411 1000.0 757253.361 729.707 6.6014 
1224000 1412 1000.0 758253.468 737.04 6.601 
1225000 1413 1000.0 758974.31 746.443 6.5989 
1226000 1415 924.5 759519.565 673.189 6.1054 
1227000 1416 932.05 760299.575 681.726 6.1564 
1228000 1417 938.845 761056.254 698.236 6.2024 
1229000 1418 944.96 761777.245 691.547 6.2446 
1230000 1419 950.464 762407.846 697.472 6.28 
1231000 1420 955.418 762899.375 671.478 6.31 
1232000 1421 959.876 763932.629 698.25 6.3362 
1233000 1422 963.889 764646.804 708.562 6.3562 
1234000 1423 967.5 765184.826 702.316 6.3749 
1235000 1424 970.75 765581.029 672.276 6.3928 
1236000 1425 973.675 766079.823 644.595 6.4116 
1237000 1426 976.307 766513.832 633.123 6.434 
1238000 1427 978.677 766989.811 606.943 6.4546 
1239000 1428 980.809 767775.394 622.178 6.4679 
1240000 1429 982.728 768202.841 607.466 6.4862 
1241000 1430 984.455 768723.005 610.152 6.5034 
1242000 1431 986.01 769057.64 578.95 6.5151 
1243000 1432 987.409 769449.568 560.599 6.5291 
1244000 1433 988.668 769865.521 545.909 6.5406 
1245000 1434 989.801 770193.101 524.821 6.5486 
1246000 1435 990.821 770844.51 536.101 6.5571 
1247000 1436 991.739 771263.662 521.74 6.5642 
1248000 1437 992.565 771717.247 519.625 6.5708 
1249000 1438 993.308 772116.592 503.58 6.5768 
1250000 1439 993.978 772659.344 506.457 6.5781 
1251000 1440 994.58 773143.302 507.709 6.58 
1252000 1441 995.122 773544.449 498.601 6.5853 
1253000 1442 995.61 774196.846 501.569 6.5878 
1254000 1443 996.049 774933.514 527.934 6.5892 
1255000 1444 996.444 775678.623 547.14 6.5941 
1256000 1445 996.799 776357.258 571.071 6.597 
1257000 1446 997.12 776952.288 564.259 6.6069 
1258000 1447 997.408 777692.284 581.754 6.6176 
1259000 1448 997.667 778478.807 601.288 6.6201 
1260000 1449 997.9 779420.736 632.762 6.6148 
1261000 1450 998.11 780402.368 662.032 6.6116 
1262000 1451 998.299 780994.842 672.209 6.6085 
1263000 1452 998.469 781458.103 647.861 6.6052 
1264000 1453 998.622 781836.731 629.56 6.6016 
1265000 1454 998.76 782461.286 613.324 6.5984 
1266000 1456 918.696 783092.416 569.189 6.0633 
1267000 1457 926.826 783498.51 557.606 6.111 
1268000 1458 934.143 783924.453 540.734 6.1554 
1269000 1459 940.729 784389.677 538.703 6.1963 
1270000 1460 946.656 784896.093 531.644 6.2348 
1271000 1461 951.991 785848.5 573.602 6.274 
1272000 1462 956.792 786491.015 581.329 6.3098 
1273000 1463 961.112 787077.036 578.774 6.3403 
1274000 1464 965.001 787666.691 582.177 6.3691 
1275000 1465 968.501 788134.816 566.578 6.3959 
1276000 1466 971.651 788756.452 571.232 6.4152 
1277000 1467 974.486 789401.902 586.353 6.4313 
1278000 1468 977.037 789991.812 582.725 6.4466 
1279000 1469 979.334 790549.903 583.145 6.4613 
1280000 1470 981.4 791105.861 578.595 6.4746 
1281000 1471 983.26 791703.841 581.796 6.4853 
1282000 1472 984.934 792462.769 598.479 6.4941 
1283000 1473 986.441 793176.334 609.104 6.5021 
1284000 1474 987.797 793752.515 608.219 6.5097 
1285000 1475 989.017 794132.458 583.182 6.5173 
1286000 1476 990.115 794527.711 564.03 6.5251 
1287000 1477 991.104 795016.198 558.394 6.531 
1288000 1478 991.993 795564.86 555.638 6.5348 
1289000 1479 992.794 796645.633 608.325 6.5389 
1290000 1480 993.515 797246.574 610.567 6.5438 
1291000 1481 994.163 797579.228 581.746 6.5493 
1292000 1482 994.747 798096.663 570.649 6.5521 
1293000 1483 995.272 798868.27 591.603 6.5556 
1294000 1484 995.745 799454.841 593.963 6.5567 
1295000 1485 996.17 799934.917 577.431 6.5599 
1296000 1486 996.553 800591.837 588.412 6.5614 
1297000 1487 996.898 801657.027 637.201 6.5627 
1298000 1488 997.208 802508.73 658.887 6.5636 
1299000 1489 997.487 803074.713 651.541 6.5636 
1300000 1490 997.739 803537.23 631.956 6.5635 
1301000 1491 997.965 804038.643 619.349 6.564 
1302000 1492 998.168 804487.159 602.17 6.5651 
1303000 1493 998.352 804974.845 587.461 6.5657 
1304000 1494 998.516 805551.259 590.638 6.5683 
1305000 1495 998.665 806141.907 589.663 6.5682 
1306000 1496 998.798 806706.696 584.605 6.5683 
1307000 1497 998.918 807201.343 578.659 6.5694 
1308000 1498 999.027 807654.966 567.21 6.5696 
1309000 1499 999.124 808120.247 555.469 6.5688 
1310000 1500 999.212 808710.478 561.685 6.5694 
1311000 1501 999.29 809267.513 559.638 6.5717 
1312000 1502 999.361 809742.247 548.152 6.5719 
1313000 1503 999.425 810263.087 548.109 6.5718 
1314000 1504 919.883 810784.898 503.105 6.0479 
1315000 1505 927.894 811308.797 505.316 6.1003 
1316000 1506 935.105 811707.191 507.466 6.1468 
1317000 1507 941.594 812257.657 495.033 6.1891 
1318000 1508 947.435 812870.11 501.592 6.2261 
1319000 1509 952.692 813102.157 513.24 6.2593 
1320000 1513 741.66 813568.432 378.939 4.8736 
1321000 1514 767.494 813880.471 373.424 5.0441 
1322000 1515 790.745 814293.194 363.693 5.1991 
1323000 1516 811.67 814968.259 390.884 5.3347 
1324000 1517 830.503 815309.927 409.466 5.457 
1325000 1518 847.453 815553.873 381.487 5.5691 
1326000 1519 862.707 815969.291 369.477 5.6691 
1327000 1520 876.437 816532.788 401.735 5.7584 
1328000 1521 888.793 816987.434 408.479 5.8386 
1329000 1522 899.914 817482.251 419.96 5.9115 
1330000 1523 909.922 818002.667 429.224 5.9783 
1331000 1524 918.93 818354.99 419.576 6.0394 
1332000 1525 927.037 818697.342 416.945 6.0954 
1333000 1526 934.333 819048.458 405.629 6.1467 
1334000 1527 940.9 819478.871 410.115 6.1913 
1335000 1528 946.81 819922.392 405.363 6.2314 
1336000 1529 952.129 820406.049 419.809 6.2643 
1337000 1530 956.916 820914.645 419.777 6.2963 
1338000 1531 961.225 821350.809 431.102 6.3246 
1339000 1532 965.102 821799.563 431.857 6.3494 
1340000 1533 968.592 822241.288 424.478 6.3725 
1341000 1534 971.733 822672.401 433.345 6.3925 
1342000 1535 974.559 823319.612 437.038 6.4092 
1343000 1536 977.103 823886.04 450.543 6.4266 
1344000 1537 979.393 824729.423 483.007 6.4398 
1345000 1538 981.454 825316.35 505.146 6.4542 
1346000 1539 983.308 825979.736 516.754 6.4638 
1347000 1540 984.978 826437.131 520.681 6.4753 
1348000 1541 986.48 826756.047 511.419 6.4858 
1349000 1542 987.832 827129.497 498.019 6.4941 
1350000 1543 989.049 827454.428 477.285 6.5013 
1351000 1544 990.144 827969.888 476.01 6.5081 
1352000 1545 991.129 828557.912 481.583 6.516 
1353000 1546 992.016 828991.38 489.599 6.5233 
1354000 1547 992.815 829596.038 482.125 6.5336 
1355000 1548 993.533 830118.866 506.12 6.5412 
1356000 1549 994.18 830521.233 477.852 6.5471 
1357000 1550 994.762 831177.668 502.878 6.5518 
1358000 1551 995.286 831915.61 526.734 6.5561 
1359000 1552 995.757 832282.938 526.41 6.5601 
1360000 1553 996.182 832532.881 491.681 6.5633 
1361000 1554 996.563 832850.781 471.174 6.5675 
1362000 1555 996.907 833268.421 456.484 6.5708 
1363000 1556 997.216 833820.137 466.806 6.5716 
1364000 1557 997.495 834437.658 480.343 6.5717 
1365000 1558 997.745 835259.38 521.502 6.5722 
1366000 1559 997.971 835554.171 502.051 6.5736 
1367000 1560 998.174 836025.18 494.391 6.5746 
1368000 1561 998.356 836376.328 489.587 6.576 
1369000 1562 998.521 836740.365 470.12 6.5785 
1370000 1563 998.669 837083.289 461.887 6.582 
1371000 1564 998.802 837541.558 445.374 6.5861 
1372000 1565 998.922 838552.743 494.898 6.5834 
1373000 1566 999.029 839583.34 545.525 6.5825 
1374000 1567 999.126 840754.728 599.288 6.579 
1375000 1568 999.214 841932.562 657.358 6.5759 
1376000 1569 999.292 842657.994 677.059 6.574 
1377000 1570 999.363 843594.103 710.236 6.5715 
1378000 1571 999.427 844650.208 735.297 6.5698 
1379000 1572 999.484 845497.713 750.34 6.5686 
1380000 1573 999.536 846483.65 766.517 6.5661 
1381000 1574 999.582 847547.683 796.034 6.5662 
1382000 1575 999.624 848204.125 782.973 6.5667 
1383000 1576 999.662 848594.637 768.748 6.5683 
1384000 1577 999.695 849310.73 735.357 6.5687 
1385000 1578 999.726 850028.416 769.869 6.5673 
1386000 1579 999.753 850711.767 725.27 6.5693 
1387000 1580 999.778 851696.446 760.702 6.5659 
1388000 1581 999.8 852212.571 751.713 6.5632 
1389000 1582 999.82 853168.44 747.39 6.5613 
1390000 1583 999.838 853915.687 748.848 6.5592 
1391000 1584 999.854 854963.066 776.861 6.5576 
1392000 1585 999.869 855916.517 800.089 6.5565 
1393000 1586 999.882 857006.972 824.6 6.5557 
1394000 1587 999.894 857763.525 836.251 6.5563 
1395000 1588 999.904 858726.858 834.545 6.5558 
1396000 1589 999.914 859606.409 854.137 6.5565 
1397000 1590 999.923 860275.787 827.718 6.5568 
1398000 1591 999.93 861057.639 811.332 6.5583 
1399000 1592 999.937 862149.092 841.85 6.5576 
1400000 1593 999.944 863099.363 848.453 6.5612 
1401000 1594 999.949 863922.821 854.798 6.5656 
1402000 1595 999.954 864886.693 877.338 6.5694 
1403000 1596 999.959 865608.84 845.92 6.5737 
1404000 1597 999.963 866273.63 837.979 6.575 
1405000 1598 999.967 867081.507 841.133 6.5752 
1406000 1599 999.97 867698.345 803.434 6.5783 
1407000 1600 999.973 868506.387 795.308 6.5815 
1408000 1601 999.976 869488.166 824.446 6.5818 
1409000 1602 999.978 870415.386 826.789 6.584 
1410000 1603 999.98 871270.534 866.732 6.5861 
1411000 1604 999.982 871735.927 798.773 6.5911 
1412000 1605 999.984 872754.719 821.078 6.592 
1413000 1606 999.986 873471.21 837.318 6.5928 
1414000 1607 999.987 873790.574 779.778 6.5977 
1415000 1608 999.988 874187.926 738.968 6.5995 
1416000 1609 999.99 874944.792 716.006 6.6025 
1417000 1610 999.991 876179.331 769.062 6.5995 
1418000 1611 999.992 876912.296 793.788 6.5956 
1419000 1612 999.992 877258.508 751.641 6.5947 
1420000 1613 999.993 877763.179 709.047 6.5929 
1421000 1614 999.994 878339.825 690.193 6.5885 
1422000 1615 999.994 879206.752 711.682 6.5852 
1423000 1616 999.995 880073.169 724.028 6.5832 
1424000 1617 999.995 880619.962 715.356 6.5819 
1425000 1618 999.996 881273.272 705.417 6.5804 
1426000 1619 999.996 881958.725 712.938 6.5775 
1427000 1620 999.997 882506.401 685.273 6.5777 
1428000 1621 999.997 883134.717 680.307 6.5746 
1429000 1622 999.997 883829.755 680.281 6.5738 
1430000 1623 999.998 884700.588 696.57 6.5716 
1431000 1624 999.998 885473.079 722.405 6.5702 
1432000 1625 999.998 886284.291 723.675 6.5693 
1433000 1626 999.998 886783.714 709.061 6.5697 
1434000 1627 999.998 887191.971 679.829 6.5744 
1435000 1628 999.999 887778.71 647.477 6.5793 
1436000 1630 920.699 888508.069 616.24 6.0614 
1437000 1631 928.629 889319.063 626.45 6.122 
1438000 1632 935.766 890193.279 657.273 6.1765 
1439000 1633 942.189 891071.748 680.496 6.2195 
1440000 1634 947.971 891813.66 673.493 6.2585 
1441000 1635 953.173 892854.008 718.6 6.2917 
1442000 1636 957.856 893946.121 759.015 6.3211 
1443000 1637 962.071 894277.728 719.964 6.3515 
1444000 1638 965.863 894852.774 701.854 6.379 
1445000 1639 969.277 895441.567 690.93 6.4034 
1446000 1640 972.349 896084.715 685.795 6.4248 
1447000 1641 975.114 896851.032 697.52 6.4408 
1448000 1642 977.603 897625.633 703.721 6.4576 
1449000 1643 979.843 898655.119 733.75 6.4682 
1450000 1644 981.858 899138.566 703.235 6.4799 
1451000 1645 983.673 900314.371 747.777 6.4907 
1452000 1646 985.305 901020.864 741.137 6.503 
1453000 1647 986.775 902140.32 783.354 6.5122 
1454000 1648 988.097 902533.095 755.12 6.5237 
1455000 1649 989.288 903655.037 782.742 6.5305 
1456000 1650 990.359 904847.926 823.679 6.5369 
1457000 1651 991.323 905762.362 830.792 6.5419 
1458000 1652 992.191 906937.172 866.417 6.5465 
1459000 1653 992.972 908054.195 889.228 6.5506 
1460000 1654 993.674 909333.641 929.97 6.5542 
1461000 1655 994.307 910200.929 926.403 6.559 
1462000 1656 994.876 911187.602 928.28 6.5649 
1463000 1657 995.389 911883.071 901.609 6.5704 
1464000 1658 995.85 912960.987 923.465 6.5734 
1465000 1659 996.265 913483.775 879.848 6.5774 
1466000 1660 996.638 914822.875 923.405 6.5782 
1467000 1661 996.974 915834.83 939.12 6.5798 
1468000 1662 997.277 917131.414 971.534 6.5818 
1469000 1663 997.549 918191.255 990.698 6.5838 
1470000 1664 997.794 919207.115 985.705 6.5849 
1471000 1665 998.015 920461.115 1011.574 6.5865 
1472000 1666 998.213 921559.465 1016.197 6.5877 
1473000 1667 998.392 922778.493 1035.827 6.5891 
1474000 1668 998.553 923754.677 1037.509 6.5916 
1475000 1669 998.698 924193.958 976.446 6.5957 
1476000 1670 998.828 925274.756 989.089 6.606 
1477000 1671 998.945 925962.883 954.799 6.6115 
1478000 1672 999.051 926987.107 962.94 6.6199 
1479000 1673 999.146 927767.678 945.224 6.6253 
1480000 1674 999.231 929126.467 980.265 6.6333 
1481000 1675 999.308 929730.392 944.833 6.6365 
1482000 1676 999.377 930987.609 977.867 6.6428 
1483000 1677 999.439 932113.176 1001.705 6.6479 
1484000 1678 999.495 932551.467 935.09 6.6439 
1485000 1679 999.546 933957.068 980.375 6.6391 
1486000 1680 999.591 935084.405 1000.343 6.6348 
1487000 1682 914.169 935816.13 888.85 6.0613 
1488000 1683 922.752 936728.363 894.653 6.1129 
1489000 1684 930.477 938125.171 943.58 6.1593 
1490000 1685 937.429 939362.685 972.596 6.1993 
1491000 1686 943.686 940163.397 955.311 6.2359 
1492000 1687 929.618 941086.432 945.919 6.14 
1493000 1688 936.656 941622.696 884.719 6.1858 
1494000 1689 942.99 942516.989 908.539 6.2285 
1495000 1690 948.691 942936.328 850.253 6.2638 
1496000 1691 953.822 943282.602 809.668 6.2955 
1497000 1692 958.44 943676.764 760.853 6.3228 
1498000 1693 962.596 944079.405 725.212 6.3474 
1499000 1694 966.336 944655.711 709.955 6.3712 
1500000 1695 969.703 944933.041 669.118 6.3927 
1501000 1696 972.732 945487.26 647.362 6.4107 
1502000 1697 975.459 945730.847 617.318 6.4295 
1503000 1698 977.913 946143.576 599.316 6.4459 
1504000 1699 980.122 946772.279 583.438 6.4645 
1505000 1700 982.11 947726.875 619.659 6.4781 
1506000 1701 983.899 949046.133 690.835 6.4926 
1507000 1702 985.509 950015.339 726.611 6.504 
1508000 1703 986.958 950997.717 744.536 6.5137 
1509000 1704 988.262 952065.874 791.424 6.5242 
1510000 1705 989.436 952532.111 753.191 6.5285 
1511000 1706 990.492 953263.564 743.459 6.5314 
1512000 1707 991.443 954490.338 798.155 6.5391 
1513000 1708 992.299 954984.79 760.82 6.5502 
1514000 1709 993.069 955729.874 755.95 6.5597 
1515000 1710 993.762 956877.463 802.063 6.5696 
1516000 1711 994.386 957935.758 827.773 6.5723 
1517000 1712 994.947 958994.66 850.493 6.573 
1518000 1713 995.453 960172.33 880.143 6.5747 
1519000 1714 995.907 961283.082 908.111 6.5775 
1520000 1715 996.317 962422.709 921.816 6.5795 
1521000 1716 996.685 963598.258 953.755 6.5793 
1522000 1717 997.016 964698.703 982.483 6.5805 
1523000 1718 997.315 965321.185 936.107 6.5837 
1524000 1719 997.583 966475.558 954.695 6.5848 
1525000 1720 997.825 967556.452 970.133 6.5871 
1526000 1721 998.042 968302.185 952.644 6.5863 
1527000 1722 998.238 968989.124 916.226 6.5872 
1528000 1723 998.414 969715.224 900.774 6.5892 
1529000 1724 998.573 970673.152 908.332 6.5895 
1530000 1725 998.716 971316.016 885.823 6.5875 
1531000 1726 998.844 972042.595 872.479 6.5874 
1532000 1727 998.96 973065.557 875.54 6.5866 
1533000 1728 999.064 973999.45 885.219 6.5877 
1534000 1729 999.157 974906.639 895.4 6.5899 
1535000 1730 999.242 975613.273 872.728 6.5907 
1536000 1731 999.317 976165.093 846.946 6.5945 
1537000 1732 999.386 976799.763 818.888 6.5944 
1538000 1733 999.447 977677.24 823.51 6.5945 
1539000 1734 999.502 978576.287 828.129 6.5906 
1540000 1735 999.552 979350.163 824.269 6.5883 
1541000 1736 999.597 979969.511 812.021 6.5877 
1542000 1737 999.637 980758.779 802.934 6.5887 
1543000 1738 999.674 981503.83 806.039 6.5895 
1544000 1739 999.706 982334.93 799.242 6.5896 
1545000 1740 999.736 983308.353 811.688 6.5849 
1546000 1741 999.762 984190.837 826.182 6.584 
1547000 1742 999.786 985040.782 833.387 6.5843 
1548000 1743 999.807 985840.017 825.435 6.5863 
1549000 1744 999.827 986498.425 803.907 6.5881 
1550000 1745 999.844 987147.913 796.485 6.5919 
1551000 1746 999.859 987682.317 771.362 6.5957 
1552000 1747 999.874 988108.111 743.206 6.5967 
1553000 1748 999.886 988483.371 703.152 6.6003 
1554000 1749 999.898 988983.549 684.933 6.6021 
1555000 1750 999.908 989482.492 658.375 6.6043 
1556000 1751 999.917 990000.777 654.059 6.6066 
1557000 1752 999.925 990414.36 627.278 6.6086 
1558000 1753 999.933 990882.148 608.823 6.6106 
1559000 1754 999.94 991446.48 599.47 6.61 
1560000 1755 999.946 992032.236 598.975 6.6119 
1561000 1756 999.951 992588.94 598.05 6.6084 
1562000 1757 999.956 993231.369 602.105 6.6026 
1563000 1758 999.96 993662.032 589.023 6.5989 
1564000 1759 999.964 994118.019 571.097 6.5961 
1565000 1760 999.968 994602.776 558.963 6.5936 
1566000 1761 999.971 995221.159 565.596 6.5897 
1567000 1762 999.974 995678.972 558.932 6.5911 
1568000 1763 999.977 996138.641 550.913 6.5907 
1569000 1764 999.979 996621.839 540.46 6.5926 
1570000 1765 999.981 997181.336 536.832 6.5918 
1571000 1766 999.983 997887.161 550.078 6.5916 
1572000 1767 999.985 998402.321 554.217 6.5945 
1573000 1768 999.986 998990.586 559.451 6.5975 
1574000 1769 999.988 999652.25 560.774 6.5993 
1575000 1770 999.989 1000523.786 590.026 6.5992 
1576000 1771 999.99 1001237.116 608.973 6.6014 
1577000 1772 999.991 1001921.967 613.745 6.6027 
1578000 1773 999.992 1002487.305 615.945 6.6001 
1579000 1774 999.993 1002992.166 602.315 6.5966 
1580000 1775 999.993 1003603.656 596.839 6.5988 
1581000 1776 999.994 1004128.009 600.081 6.5954 
1582000 1777 999.995 1004717.248 591.645 6.5955 
1583000 1778 999.995 1005381.899 602.559 6.5941 
1584000 1779 999.996 1005872.721 596.968 6.5911 
1585000 1780 999.996 1006323.067 583.919 6.5872 
1586000 1781 999.996 1006848.559 568.894 6.5822 
1587000 1782 999.997 1007404.683 573.589 6.5806 
1588000 1783 999.997 1007995.486 572.851 6.5784 
1589000 1784 999.997 1008653.128 580.724 6.5786 
1590000 1785 999.998 1009115.055 571.997 6.5836 
1591000 1786 999.998 1009555.486 555.65 6.5875 
1592000 1787 999.998 1010001.202 543.001 6.5938 
1593000 1788 999.998 1010551.689 544.356 6.5896 
1594000 1789 999.998 1011065.764 547.999 6.5904 
1595000 1790 999.999 1011681.968 541.089 6.5875 
1596000 1791 999.999 1012634.31 580.463 6.5856 
1597000 1792 999.999 1013569.976 622.515 6.5856 
1598000 1793 999.999 1014249.476 630.14 6.5843 
1599000 1794 999.999 1014771.714 616.171 6.5796 
1600000 1795 999.999 1015583.501 632.176 6.5759 
1601000 1796 999.999 1016213.241 639.15 6.5758 
1602000 1797 999.999 1016826.338 639.932 6.577 
1603000 1798 999.999 1017385.993 629.608 6.5773 
