1000 10 57.664 -88.331 -6.524 0.7321 
2000 21 84.447 -194.344 -8.904 0.8982 
3000 33 85.33 -283.047 -8.469 0.883 
4000 44 84.385 -374.031 -6.968 0.9336 
5000 55 92.254 -477.423 -9.863 1.1762 
6000 63 86.658 -533.911 -8.882 1.3726 
7000 68 148.991 -556.654 -6.816 2.4974 
8000 79 105.143 -610.585 -4.526 1.4943 
9000 89 104.709 -714.177 -9.198 1.4824 
10000 96 97.925 -742.15 -7.108 1.2747 
11000 101 149.332 -756.56 -4.43 1.9402 
12000 112 114.824 -779.334 -3.461 1.5682 
13000 121 106.178 -835.65 -4.296 1.3403 
14000 130 102.781 -856.583 -3.741 1.2622 
15000 133 175.207 -882.394 -4.677 2.3475 
16000 142 136.554 -927.597 -3.857 1.6957 
17000 152 110.052 -936.314 -1.575 1.3187 
18000 161 108.602 -966.414 -2.909 1.4042 
19000 171 102.501 -1014.197 -3.608 1.2494 
20000 180 111.295 -1008.237 -0.943 1.5088 
21000 190 103.281 -1039.117 -2.112 1.4678 
22000 199 106.8 -1067.034 -3.175 1.5755 
23000 207 115.265 -1049.484 -1.076 1.6587 
24000 214 108.275 -1022.053 1.811 1.6162 
25000 217 188.472 -1043.144 0.069 3.4179 
26000 227 134.904 -1036.506 0.506 2.3772 
27000 237 112.905 -1022.044 0.539 1.8662 
28000 246 108.616 -1030.118 -0.183 1.7362 
29000 250 111.521 -1018.59 0.695 1.6973 
30000 255 173.026 -1048.138 -1.824 2.6053 
31000 264 135.526 -1034.658 0.488 1.9415 
32000 272 122.619 -1022.977 1.214 1.6899 
33000 280 130.445 -1001.928 1.893 1.8342 
34000 285 140.939 -996.068 0.768 2.0968 
35000 287 224.361 -1008.304 -0.022 3.6955 
36000 295 163.481 -982.094 1.709 2.6672 
37000 304 136.077 -948.76 2.944 2.2867 
38000 312 124.449 -944.431 1.336 1.8956 
39000 321 121.308 -922.317 2.388 1.9675 
40000 322 209.177 -928.311 1.847 3.3665 
41000 332 142.917 -907.974 1.524 2.3226 
42000 340 125.72 -889.048 2.064 1.9706 
43000 349 118.532 -868.199 2.535 1.7626 
44000 358 117.748 -857.08 1.927 1.9418 
45000 366 113.238 -840.323 1.3 2.1489 
46000 376 106.567 -802.851 3.358 1.6992 
47000 386 105.362 -766.807 3.906 1.5861 
48000 393 115.566 -749.196 2.989 1.7502 
49000 402 114.735 -698.308 4.679 1.836 
50000 411 115.166 -656.921 4.63 1.6907 
51000 419 124.734 -628.464 3.76 1.8256 
52000 426 125.714 -581.691 4.456 1.9044 
53000 428 204.128 -566.074 5.954 3.4262 
54000 436 155.814 -540.019 4.278 2.8892 
55000 443 148.146 -506.093 5.379 2.623 
56000 445 142.909 -491.636 4.379 2.4922 
57000 449 204.675 -470.844 4.397 3.6673 
58000 451 271.587 -451.884 5.505 5.1831 
59000 454 299.217 -437.279 5.604 5.636 
60000 462 201.983 -383.684 5.871 4.0117 
61000 464 187.166 -366.909 5.833 3.8965 
62000 469 241.528 -390.982 2.588 5.3961 
63000 475 191.976 -343.057 4.421 4.5631 
64000 478 244.251 -332.656 4.954 5.1403 
65000 485 182.557 -285.72 5.349 3.6586 
66000 488 167.712 -249.109 6.483 3.3147 
67000 494 201.264 -226.467 6.022 4.4533 
68000 501 169.527 -159.19 7.836 3.5892 
69000 504 163.63 -148.976 6.467 3.4868 
70000 506 233.24 -135.822 5.975 5.1855 
71000 511 252.49 -107.999 6.724 5.3701 
72000 512 327.241 -93.591 7.522 7.0363 
73000 518 250.278 -52.602 7.389 5.3331 
74000 521 224.71 -32.905 6.511 4.7733 
75000 525 262.853 -33.954 4.546 5.7993 
76000 527 241.701 -9.418 4.867 5.4776 
77000 533 248.648 -13.817 3.452 5.5759 
78000 534 323.783 -7.154 4.097 7.1045 
79000 535 306.605 3.291 3.267 6.7834 
80000 542 260.854 1.785 2.872 5.4516 
81000 547 207.519 29.732 2.945 4.1052 
82000 550 263.481 31.197 2.632 5.159 
83000 557 211.969 71.793 4.476 4.2018 
84000 560 192.894 104.697 5.321 3.7091 
85000 565 224.514 120.158 4.982 4.7786 
86000 573 172.719 165.591 5.419 3.5914 
87000 581 140.302 224.787 6.698 2.9524 
88000 590 122.131 283.067 6.427 2.1045 
89000 599 113.92 319.028 5.245 1.6345 
90000 608 114.207 359.118 4.694 1.6886 
91000 617 110.61 408.274 5.037 1.6259 
92000 625 112.799 481.265 6.812 1.6531 
93000 634 113.649 536.585 6.577 1.7641 
94000 642 122.975 590.09 6.894 2.3286 
95000 649 128.403 623.829 5.534 2.7139 
96000 657 129.606 679.949 6.406 2.4459 
97000 659 132.01 712.595 7.366 2.5116 
98000 660 218.809 722.143 7.539 5.2349 
99000 664 257.112 748.925 6.984 6.0403 
100000 667 286.365 770.806 7.715 6.5596 
