10000 604 16.289 -1358.518 -2.145 0.0115 
20000 1152 20.786 -1489.612 4.584 0.0405 
30000 1716 18.341 115.759 3.228 0.0368 
40000 2208 20.087 2793.12 5.722 0.0404 
50000 2708 20.067 5345.353 5.355 0.0404 
60000 3176 22.009 8296.423 7.134 0.0519 
70000 3595 24.903 11930.763 9.832 0.0588 
80000 3987 25.3 15975.135 10.631 0.0599 
90000 4367 26.399 20418.652 11.74 0.0605 
100000 4724 29.366 24918.227 12.812 0.0688 
110000 5060 30.012 29622.74 15.043 0.0706 
120000 5381 35.218 34557.881 17.22 0.0837 
130000 5685 33.107 39664.125 16.699 0.0821 
140000 6006 32.262 44638.113 15.462 0.1192 
150000 6292 35.725 49520.104 16.252 0.1351 
160000 6555 38.021 54819.243 19.645 0.147 
170000 6833 34.751 59849.739 16.787 0.1302 
180000 7113 38.922 64972.364 21.612 0.1401 
190000 7372 39.177 70285.315 20.222 0.1438 
200000 7632 40.274 75681.336 22.617 0.1449 
210000 7889 36.665 81070.885 19.984 0.1307 
220000 8143 39.557 86464.232 22.495 0.1484 
230000 8375 47.416 91982.412 27.428 0.1883 
240000 8584 53.867 97542.235 31.754 0.1959 
250000 8804 46.865 103262.788 28.219 0.1752 
260000 9040 43.292 108949.026 24.83 0.1554 
270000 9272 44.936 114938.778 26.358 0.1735 
280000 9510 40.404 120719.47 23.891 0.1524 
290000 9765 36.816 126351.411 20.357 0.1292 
300000 10024 37.575 131818.38 21.032 0.1326 
310000 10294 36.615 137888.807 22.811 0.1413 
320000 10568 36.795 144073.724 23.777 0.1404 
330000 10829 39.815 150047.417 24.508 0.1402 
340000 11084 39.076 156305.204 25.97 0.1363 
350000 11336 39.56 162515.611 24.752 0.1419 
360000 11617 34.951 168622.107 21.792 0.1376 
370000 11879 41.875 174757.977 26.78 0.1484 
380000 12134 39.353 180924.683 23.469 0.1506 
390000 12394 37.332 187242.646 24.501 0.1482 
400000 12665 34.04 193576.72 21.525 0.1156 
410000 12954 34.695 199720.96 20.109 0.1299 
420000 13206 37.263 205943.669 23.436 0.1324 
430000 13483 34.986 212194.039 21.794 0.1265 
440000 13764 35.556 218720.584 23.071 0.1307 
450000 14038 36.882 225690.529 25.136 0.1276 
460000 14304 38.576 232613.465 27.133 0.1454 
470000 14563 38.733 239441.665 26.508 0.1521 
480000 14833 35.526 246425.389 24.915 0.1352 
490000 15087 39.492 253544.699 28.509 0.1443 
500000 15341 38.141 260603.042 28.248 0.142 
510000 15565 44.177 267863.407 31.323 0.1721 
520000 15800 41.141 275099.325 30.459 0.14 
530000 16042 41.045 282528.688 30.773 0.1564 
540000 16296 41.368 289858.617 30.269 0.1503 
550000 16540 38.482 297158.394 27.874 0.1499 
560000 16779 40.716 304774.199 30.801 0.1407 
570000 17034 38.265 312292.98 29.191 0.1433 
580000 17292 40.2 319957.55 29.638 0.1611 
590000 17544 41.411 327076.553 27.408 0.1563 
600000 17798 38.457 334084.525 26.787 0.1365 
610000 18027 42.8 341334.359 31.785 0.1533 
620000 18276 37.251 349008.913 28.967 0.131 
630000 18530 41.888 356496.387 31.009 0.1513 
640000 18772 39.853 364316.856 31.072 0.1557 
650000 19029 39.181 371524.724 29.107 0.141 
660000 19275 42.42 379229.865 32.336 0.1537 
670000 19525 38.953 386861.149 30.016 0.1335 
680000 19771 42.851 394573.779 33.208 0.1536 
690000 20026 39.758 402495.346 31.131 0.1395 
700000 20284 36.531 410194.084 27.981 0.1369 
710000 20543 41.416 417964.879 32.528 0.1611 
720000 20783 44.354 426094.502 35.824 0.1772 
730000 21023 40.129 434374.917 33.883 0.1548 
740000 21266 43.494 442642.513 36.514 0.1551 
750000 21500 43.131 450879.458 35.712 0.1605 
760000 21729 44.208 459182.229 36.604 0.1712 
770000 21973 40.186 467814.906 34.677 0.15 
780000 22225 40.288 476235.214 34.052 0.1523 
790000 22458 42.869 484564.102 35.549 0.1492 
800000 22691 41.111 493195.689 34.853 0.1588 
810000 22930 43.71 501987.714 37.93 0.1603 
820000 23171 39.444 510645.721 33.512 0.1459 
830000 23430 38.214 519236.874 33.003 0.1571 
840000 23663 42.791 527945.144 38.294 0.165 
850000 23918 39.733 536763.551 34.76 0.1594 
860000 24165 41.395 545628.507 36.785 0.1461 
870000 24415 40.69 554134.908 33.978 0.1526 
880000 24653 42.269 562818.879 36.26 0.1598 
890000 24904 40.259 571318.364 33.513 0.1478 
900000 25136 43.663 579748.741 36.994 0.1728 
910000 25379 41.305 588602.04 37.168 0.1518 
920000 25607 45.613 597205.611 39.425 0.166 
930000 25818 46.866 605875.178 40.86 0.1753 
940000 26042 44.079 614526.687 38.895 0.1583 
950000 26271 43.3 623415.861 38.166 0.1527 
960000 26498 43.984 632187.05 39.413 0.159 
970000 26717 46.509 640872.537 40.305 0.1686 
980000 26944 44.75 649624.504 38.408 0.1758 
990000 27180 41.986 658259.662 37.113 0.1545 
1000000 27423 40.813 667167.098 37.324 0.1428 
1010000 27659 43.384 676051.085 37.681 0.1703 
1020000 27880 45.402 685218.402 41.449 0.1768 
1030000 28102 45.394 694418.738 41.928 0.1653 
1040000 28338 42.986 703818.647 39.99 0.1486 
1050000 28575 41.611 713256.444 40.117 0.146 
1060000 28808 42.658 722732.003 40.57 0.1475 
1070000 29040 45.253 732406.845 43.082 0.1541 
1080000 29279 41.035 741968.052 38.82 0.1556 
