1000 2 9.897 -341.354 -4.848 0.2328 0.0 
2000 4 38.746 -735.836 -14.358 0.8155 0.0 
3000 5 46.211 -990.807 -17.515 0.9831 0.0 
4000 7 69.683 -1356.343 -24.632 1.5264 0.0 
5000 8 88.51 -1550.99 -29.312 2.0411 0.0 
6000 9 103.119 -1809.08 -32.488 2.5065 0.0 
7000 10 123.597 -2094.135 -37.545 3.0324 0.0 
8000 13 141.635 -2558.237 -45.283 3.6804 0.0 
9000 15 156.825 -2940.269 -51.253 4.1399 0.0 
10000 15 156.825 -3125.957 -51.253 4.1399 0.0 
11000 17 174.497 -3506.583 -57.599 4.5597 0.0 
12000 18 201.047 -3670.78 -61.709 5.1944 0.0 
13000 19 222.247 -3931.323 -66.7 5.6397 0.0 
14000 20 233.162 -4222.635 -70.158 5.9955 0.0 
15000 21 238.678 -4485.415 -72.645 6.2956 0.0 
16000 22 263.945 -4785.215 -78.456 6.9579 0.0 
17000 27 259.682 -5253.547 -80.75 6.9534 0.0 
18000 33 251.157 -5931.351 -84.27 7.1019 0.0 
19000 35 254.074 -6319.166 -87.37 7.3202 0.0 
20000 35 254.074 -6481.779 -87.37 7.3202 0.0 
21000 36 279.033 -6655.881 -90.575 8.23 0.0 
22000 38 304.202 -6953.825 -95.843 9.3031 0.0 
23000 39 306.558 -7222.629 -97.213 9.3886 0.0 
24000 40 323.387 -7522.01 -101.625 9.9819 0.0 
25000 42 339.057 -7915.699 -107.13 10.3576 0.0 
26000 43 348.016 -8175.773 -109.554 10.5664 0.0 
27000 46 345.705 -8670.967 -112.319 10.496 0.0 
28000 50 332.973 -9264.876 -114.065 10.1347 0.0 
29000 51 356.354 -9459.424 -117.791 10.7315 0.0 
30000 52 361.447 -9754.693 -119.676 10.8552 0.0 
31000 53 373.718 -10054.493 -123.178 11.1684 0.0 
32000 53 373.718 -10252.634 -123.178 11.1684 0.0 
33000 54 396.283 -10439.642 -126.686 11.7718 0.0 
34000 55 418.398 -10629.926 -129.799 12.3449 0.0 
35000 55 418.398 -10829.926 -129.799 12.3449 0.0 
36000 57 450.308 -11103.795 -135.914 13.2552 0.0 
37000 71 356.292 -11499.497 -110.846 11.2701 0.0 
38000 79 310.511 -12042.202 -100.893 10.1307 0.0 
39000 82 322.744 -12447.041 -104.804 10.4474 0.0 
40000 94 272.739 -13414.361 -99.821 9.0115 0.0 
41000 94 272.739 -13611.117 -99.821 9.0115 0.0 
42000 95 297.324 -13560.675 -102.678 9.7734 0.0 
43000 96 307.718 -13406.374 -101.969 10.1941 0.0 
44000 99 313.975 -12598.54 -84.324 10.5614 0.0 
45000 103 316.04 -11329.889 -45.646 10.7799 0.0 
46000 110 293.276 -10826.391 -29.918 10.1431 0.0 
47000 115 282.755 -10692.722 -25.312 9.7967 0.0 
48000 118 284.012 -10973.318 -27.02 9.8394 0.0 
49000 121 288.058 -10384.02 -19.669 9.981 0.0 
50000 125 285.458 -8594.475 16.34 10.1433 0.0 
51000 128 287.708 -6129.646 62.638 10.4154 0.0 
52000 131 289.029 -3474.304 105.709 10.6248 0.0 
53000 134 291.851 -1205.318 145.508 10.8655 0.0 
54000 137 292.977 1209.749 182.756 11.0473 0.0 
55000 141 294.734 3675.488 228.011 11.2927 0.0 
56000 144 296.696 5929.29 258.125 11.4372 0.0 
57000 147 295.007 7884.68 271.373 11.4532 0.0 
58000 151 295.368 9796.615 296.971 11.5593 0.0 
59000 154 297.304 12034.043 322.975 11.6873 0.0 
60000 157 299.164 14254.596 346.686 11.8583 0.0 
61000 160 301.021 16437.401 368.561 12.0069 0.0 
62000 163 300.838 18330.599 380.605 12.1094 0.0 
63000 167 299.723 20531.102 399.078 12.1699 0.0 
64000 170 297.069 22993.372 412.983 12.1164 0.0 
65000 174 295.895 25437.436 433.955 12.2187 0.0 
66000 177 297.3 27832.883 452.559 12.3541 0.0 
67000 181 296.484 30140.807 470.14 12.4179 0.0 
68000 183 299.359 32162.27 482.402 12.5559 0.0 
69000 186 301.407 34150.85 488.45 12.6454 0.0 
70000 191 296.19 36272.119 493.87 12.5098 0.0 
71000 194 295.8 39219.038 515.106 12.5981 0.0 
72000 198 292.276 41706.932 523.332 12.5135 0.0 
73000 201 294.955 44100.981 541.199 12.6198 0.0 
74000 204 296.185 46497.214 554.099 12.7062 0.0 
75000 207 297.635 49119.445 569.655 12.8303 0.0 
76000 210 298.945 51685.322 585.168 12.9449 0.0 
77000 214 298.868 54504.137 604.612 12.9794 0.0 
78000 217 298.888 57169.316 616.714 13.0693 0.0 
79000 221 296.544 59540.906 617.843 13.0232 0.0 
80000 224 299.56 61894.235 629.684 13.1696 0.0 
81000 227 300.748 64398.769 640.293 13.2772 0.0 
82000 230 302.623 66754.796 648.868 13.4165 0.0 
83000 233 303.076 69359.166 657.252 13.5377 0.0 
84000 237 300.27 71773.772 657.143 13.4884 0.0 
85000 240 301.327 74409.66 666.909 13.6046 0.0 
86000 243 301.361 77135.484 676.331 13.6338 0.0 
87000 247 301.947 79645.907 685.057 13.6764 0.0 
88000 249 305.685 81801.934 689.798 13.7894 0.0 
89000 253 304.819 84514.674 697.441 13.7988 0.0 
90000 256 304.84 87062.523 703.944 13.8139 0.0 
91000 259 307.404 89326.036 708.256 14.0103 0.0 
92000 262 309.09 91650.992 713.77 14.0857 0.0 
93000 265 309.561 94264.141 717.366 14.1196 0.0 
94000 268 308.118 96576.319 715.318 14.0456 0.0 
95000 272 307.302 99246.488 720.804 14.2335 0.0 
96000 276 303.062 101668.749 711.745 14.1937 0.0 
97000 280 297.213 104214.387 701.079 14.2181 0.0 
98000 283 296.446 106473.171 698.415 14.2087 0.0 
99000 288 291.979 109072.487 692.463 14.0493 0.0 
100000 291 292.237 111522.325 696.493 14.0659 0.0 
