10000 87 116.946 1242.202 14.629 0.1619 
20000 177 114.322 2475.356 14.051 0.1862 
30000 268 113.497 3685.499 13.888 0.1843 
40000 355 114.549 4927.058 14.205 0.1839 
50000 445 115.258 6163.084 14.073 0.1859 
60000 532 121.563 7398.555 14.958 0.1977 
70000 619 102.684 8642.038 12.604 0.1656 
80000 700 129.553 9892.831 16.391 0.2094 
90000 791 113.252 11120.976 13.893 0.184 
100000 883 110.85 12349.846 13.407 0.1792 
110000 970 119.641 13588.16 14.692 0.1952 
120000 1056 113.837 14832.324 14.061 0.1848 
130000 1146 98.106 16054.658 11.553 0.1598 
140000 1233 120.909 17279.279 15.123 0.1961 
150000 1322 111.795 18501.821 13.513 0.1818 
160000 1407 140.363 19737.113 17.108 0.2291 
170000 1496 95.504 20966.611 11.598 0.1544 
180000 1579 125.444 22208.85 15.564 0.2041 
190000 1666 117.692 23435.215 14.686 0.1914 
200000 1751 107.047 24655.527 12.82 0.1732 
210000 1838 108.482 25869.119 13.291 0.1753 
220000 1927 107.787 27081.368 12.738 0.1762 
230000 2009 111.376 28301.303 13.623 0.1806 
240000 2097 110.575 29509.978 13.294 0.1795 
250000 2182 116.139 30745.096 14.427 0.1866 
260000 2273 96.0 31952.129 11.559 0.1531 
270000 2361 115.952 33152.396 14.347 0.1882 
280000 2446 128.718 34369.514 16.341 0.2098 
290000 2533 106.913 35574.184 12.64 0.1744 
300000 2622 112.337 36787.504 13.824 0.1825 
310000 2709 118.115 38001.658 14.525 0.1923 
320000 2802 109.884 39207.423 13.553 0.1788 
330000 2889 116.225 40400.742 14.209 0.1887 
340000 2974 129.641 41621.038 15.645 0.2118 
350000 3067 109.808 42797.902 13.048 0.178 
360000 3160 100.599 43984.765 12.111 0.163 
370000 3249 104.04 45161.762 12.135 0.169 
380000 3339 120.461 46331.112 14.275 0.1958 
390000 3423 117.623 47537.092 14.93 0.1912 
400000 3512 109.135 48712.765 12.905 0.178 
410000 3605 99.007 49903.327 11.601 0.1599 
420000 3691 122.95 51090.784 14.227 0.2008 
430000 3774 108.649 52292.501 12.859 0.1769 
440000 3860 102.673 53468.94 12.034 0.1672 
450000 3940 129.175 54657.707 15.445 0.2094 
460000 4019 130.706 55866.223 16.213 0.2123 
470000 4109 121.012 57017.213 14.086 0.197 
480000 4193 114.466 58185.22 13.192 0.1859 
490000 4281 116.021 59357.11 13.372 0.1899 
500000 4369 123.451 60545.635 14.89 0.2013 
510000 4451 133.004 61719.268 15.783 0.2166 
520000 4536 105.36 62884.618 12.39 0.1715 
530000 4615 112.38 64051.087 13.184 0.1828 
540000 4700 121.751 65206.426 13.999 0.1981 
550000 4787 103.192 66337.296 11.31 0.1694 
560000 4864 129.932 67510.094 15.152 0.2127 
570000 4945 133.331 68678.375 15.79 0.2177 
580000 5026 123.269 69833.971 13.821 0.2021 
590000 5110 103.498 70958.336 11.575 0.1691 
600000 5194 126.304 72133.221 15.437 0.206 
610000 5283 112.032 73279.305 13.077 0.1823 
620000 5372 115.734 74446.985 13.844 0.1882 
630000 5454 122.295 75614.229 13.806 0.2005 
640000 5543 118.315 76758.586 13.017 0.1933 
650000 5626 124.305 77903.299 13.967 0.2027 
660000 5704 132.94 79069.453 15.486 0.2185 
670000 5786 121.267 80214.143 13.74 0.1988 
680000 5872 108.595 81366.726 11.906 0.1784 
690000 5957 115.096 82512.462 13.28 0.1869 
700000 6033 133.159 83640.957 15.315 0.2183 
710000 6109 136.89 84772.495 14.762 0.2247 
720000 6191 126.753 85912.532 14.534 0.2079 
730000 6275 123.547 87033.055 13.735 0.2028 
740000 6359 111.145 88162.963 12.343 0.1817 
750000 6441 107.462 89285.4 12.007 0.1744 
760000 6524 113.349 90407.691 12.891 0.1856 
770000 6610 107.094 91519.248 11.999 0.1755 
780000 6690 130.487 92670.325 15.079 0.2139 
790000 6777 114.192 93786.152 12.618 0.1867 
800000 6858 115.589 94898.062 12.801 0.1878 
810000 6938 111.691 96018.291 12.474 0.1815 
820000 7021 112.598 97161.871 12.583 0.1843 
830000 7104 120.219 98278.177 13.14 0.1969 
840000 7184 109.28 99396.066 12.21 0.1789 
850000 7271 131.089 100494.566 14.893 0.2142 
860000 7356 108.678 101612.885 12.212 0.177 
870000 7432 152.927 102726.418 17.501 0.2516 
880000 7508 126.585 103842.131 13.753 0.2079 
890000 7588 121.748 104950.435 13.1 0.2003 
900000 7664 126.502 106045.676 14.597 0.2062 
910000 7735 137.828 107151.568 14.145 0.2266 
920000 7814 131.148 108230.657 14.276 0.2154 
930000 7890 130.032 109283.7 13.682 0.2146 
940000 7970 119.859 110375.263 13.102 0.1952 
950000 8048 125.778 111478.343 14.128 0.2051 
960000 8133 119.679 112566.365 12.967 0.1959 
970000 8216 115.426 113650.004 12.418 0.1881 
980000 8293 126.708 114733.423 13.803 0.2077 
990000 8375 128.931 115803.257 14.173 0.2113 
1000000 8452 137.377 116858.783 14.888 0.2255 
1010000 8533 132.678 117909.206 14.282 0.2163 
1020000 8605 135.842 118999.558 14.309 0.2233 
1030000 8685 129.378 120053.374 14.458 0.2109 
1040000 8763 139.594 121135.798 15.011 0.2295 
1050000 8841 143.359 122200.358 15.349 0.234 
1060000 8917 140.557 123247.521 14.683 0.2306 
1070000 8990 124.68 124304.063 13.758 0.2036 
1080000 9064 120.062 125386.522 13.218 0.1953 
1090000 9141 113.369 126451.44 12.016 0.1853 
1100000 9221 136.74 127511.072 14.54 0.2231 
1110000 9294 133.027 128577.325 14.778 0.2157 
1120000 9371 131.886 129644.682 14.695 0.2144 
1130000 9447 118.831 130702.762 13.125 0.1927 
1140000 9525 128.68 131788.593 13.918 0.209 
1150000 9592 165.536 132839.104 16.762 0.2692 
1160000 9667 108.47 133897.875 11.219 0.1767 
1170000 9742 140.983 134933.76 14.028 0.2305 
1180000 9817 128.675 136001.216 14.285 0.2092 
1190000 9894 129.105 137069.662 14.111 0.2088 
1200000 9973 138.842 138097.227 14.102 0.2249 
1210000 10052 135.431 139137.769 14.517 0.2202 
1220000 10126 112.776 140181.982 11.323 0.1844 
1230000 10198 149.688 141202.825 15.724 0.2458 
1240000 10275 123.093 142256.885 13.859 0.2003 
1250000 10350 133.242 143256.62 12.343 0.22 
1260000 10426 111.818 144232.785 11.2 0.1837 
1270000 10498 138.065 145271.586 14.212 0.225 
1280000 10571 141.633 146281.013 13.706 0.2336 
1290000 10642 129.835 147310.079 14.038 0.2112 
1300000 10717 130.742 148312.447 13.033 0.216 
1310000 10793 132.011 149300.205 12.648 0.2166 
1320000 10865 146.853 150313.895 14.409 0.2412 
1330000 10935 135.646 151299.318 13.103 0.2213 
1340000 11004 135.333 152291.351 13.653 0.2205 
1350000 11077 156.246 153269.346 14.339 0.2565 
1360000 11147 156.905 154265.516 15.284 0.2582 
1370000 11217 141.321 155280.017 14.286 0.2313 
1380000 11282 147.587 156261.237 14.177 0.238 
1390000 11358 134.775 157253.74 13.881 0.2171 
1400000 11428 142.876 158240.18 14.385 0.2323 
1410000 11496 138.484 159228.788 13.466 0.2242 
1420000 11565 122.052 160242.205 12.87 0.1988 
1430000 11629 142.68 161166.312 13.009 0.2357 
1440000 11699 154.344 162131.285 14.53 0.2533 
1450000 11773 119.894 163112.24 11.671 0.1955 
1460000 11845 144.858 164070.569 14.239 0.2367 
1470000 11914 158.793 165015.608 15.431 0.259 
1480000 11983 170.777 165982.307 15.817 0.2791 
1490000 12048 162.658 166931.881 15.113 0.2668 
1500000 12113 161.125 167885.93 15.789 0.2638 
1510000 12186 111.163 168809.519 10.183 0.1821 
1520000 12251 170.428 169739.89 15.0 0.2797 
1530000 12320 156.621 170715.838 14.854 0.259 
1540000 12389 124.868 171690.363 12.919 0.205 
1550000 12457 141.835 172649.021 14.157 0.2322 
1560000 12523 135.844 173581.008 12.331 0.2242 
1570000 12587 135.089 174499.819 12.376 0.2217 
1580000 12653 148.988 175449.756 14.064 0.2467 
1590000 12715 140.499 176415.014 13.198 0.2314 
1600000 12780 136.599 177331.449 13.113 0.2234 
1610000 12841 176.476 178263.355 17.329 0.2897 
1620000 12910 140.081 179224.369 12.816 0.2301 
1630000 12975 168.087 180124.206 15.05 0.2758 
1640000 13043 137.43 181075.41 12.797 0.2253 
1650000 13109 204.983 182021.506 18.868 0.3382 
1660000 13173 173.868 182956.177 15.661 0.2877 
1670000 13244 136.151 183923.275 13.138 0.2243 
1680000 13306 164.585 184868.678 15.042 0.2709 
1690000 13369 147.236 185806.529 13.916 0.2411 
1700000 13427 183.043 186751.264 17.28 0.3009 
1710000 13487 148.171 187616.302 13.073 0.2446 
1720000 13546 226.282 188480.757 18.965 0.3737 
1730000 13608 188.738 189393.596 17.057 0.3105 
1740000 13668 192.775 190315.521 17.332 0.32 
1750000 13725 191.227 191235.684 18.073 0.3158 
1760000 13790 156.027 192159.338 14.534 0.2581 
1770000 13855 169.71 193076.832 15.596 0.2799 
1780000 13924 154.342 193987.727 14.302 0.2536 
1790000 13984 157.242 194872.132 14.769 0.2581 
1800000 14047 166.552 195804.203 15.249 0.2727 
1810000 14110 127.797 196699.972 12.693 0.2097 
1820000 14165 189.039 197575.917 16.548 0.3108 
1830000 14227 192.738 198493.248 17.349 0.3193 
1840000 14283 184.611 199328.852 16.009 0.3046 
1850000 14343 147.189 200217.953 13.57 0.2406 
1860000 14407 163.961 201163.975 14.839 0.2717 
1870000 14476 175.884 202080.636 15.834 0.2916 
1880000 14534 163.294 202955.374 14.536 0.2689 
1890000 14597 195.775 203851.816 16.271 0.3226 
1900000 14662 147.757 204803.973 13.955 0.2428 
1910000 14721 183.81 205702.428 14.491 0.3026 
1920000 14787 164.146 206622.247 15.367 0.2697 
1930000 14849 152.501 207529.428 14.043 0.2496 
1940000 14914 167.017 208458.91 14.037 0.2785 
1950000 14975 186.032 209331.706 17.055 0.3055 
1960000 15031 158.116 210255.795 15.194 0.2595 
1970000 15089 168.455 211161.447 14.768 0.2772 
1980000 15152 145.808 212094.07 14.504 0.2366 
1990000 15214 165.756 212960.209 14.937 0.2688 
2000000 15268 188.842 213862.461 18.31 0.3064 
2010000 15322 188.284 214678.79 15.144 0.3047 
2020000 15377 186.81 215541.676 16.883 0.3026 
2030000 15438 159.932 216399.495 13.879 0.2602 
2040000 15491 197.283 217229.391 15.833 0.322 
2050000 15551 146.101 218129.86 14.458 0.2363 
2060000 15598 180.621 218941.821 15.446 0.292 
2070000 15658 166.727 219798.335 14.696 0.2698 
2080000 15716 188.63 220653.461 16.279 0.3047 
2090000 15774 134.194 221532.63 12.205 0.2165 
2100000 15834 153.408 222417.807 13.592 0.2512 
2110000 15890 193.252 223241.902 16.3 0.3162 
2120000 15944 165.428 224017.986 13.705 0.2689 
2130000 16001 156.675 224838.481 12.307 0.2555 
2140000 16052 187.414 225681.055 16.647 0.3036 
2150000 16120 130.729 226587.861 12.44 0.2129 
2160000 16175 235.911 227427.648 19.058 0.3827 
2170000 16227 178.289 228282.13 14.322 0.2889 
2180000 16278 195.014 229070.631 15.932 0.3206 
2190000 16333 176.959 229906.094 15.64 0.2896 
2200000 16378 203.985 230733.93 16.23 0.3334 
2210000 16434 169.072 231642.084 15.811 0.275 
2220000 16485 222.92 232499.006 19.711 0.3669 
2230000 16541 177.573 233424.275 16.32 0.2921 
2240000 16604 162.128 234372.579 15.59 0.2675 
2250000 16660 170.093 235271.673 16.032 0.2788 
2260000 16713 180.88 236130.109 15.482 0.2964 
2270000 16761 192.999 236993.631 17.258 0.3159 
2280000 16818 173.939 237845.673 14.542 0.2817 
2290000 16874 173.544 238715.188 16.017 0.2826 
2300000 16922 194.197 239583.431 16.553 0.3168 
2310000 16972 171.644 240420.231 14.289 0.2792 
2320000 17023 198.967 241231.352 15.289 0.3256 
2330000 17070 184.386 242048.468 15.165 0.3037 
2340000 17113 205.121 242771.117 14.847 0.3366 
2350000 17163 198.187 243550.815 16.503 0.3268 
2360000 17219 183.218 244388.808 16.345 0.3011 
2370000 17266 222.249 245211.833 18.63 0.3647 
2380000 17315 199.558 246107.095 16.402 0.3285 
2390000 17361 191.741 246878.405 14.648 0.3164 
2400000 17407 189.429 247726.469 17.028 0.3123 
2410000 17453 240.558 248448.245 17.222 0.3953 
2420000 17502 203.437 249266.76 17.114 0.3339 
2430000 17554 182.8 250138.868 16.406 0.3005 
2440000 17609 169.553 251023.084 16.236 0.2789 
2450000 17661 179.272 251844.341 15.759 0.2953 
2460000 17712 155.261 252710.356 13.498 0.2571 
2470000 17760 182.14 253488.799 15.462 0.2983 
2480000 17807 178.837 254292.903 16.131 0.2951 
2490000 17856 198.34 255053.395 14.171 0.3289 
2500000 17909 185.39 255855.764 15.582 0.3058 
2510000 17953 221.588 256648.188 18.418 0.3667 
2520000 18009 183.661 257470.445 14.39 0.3018 
2530000 18053 234.194 258212.142 17.826 0.3827 
2540000 18094 233.549 258952.62 17.228 0.3817 
2550000 18138 234.263 259764.628 18.386 0.3826 
2560000 18186 203.149 260564.145 14.955 0.3346 
2570000 18225 268.621 261341.096 20.755 0.4401 
2580000 18272 197.635 262181.462 16.338 0.3209 
2590000 18314 205.893 262938.233 16.277 0.3363 
2600000 18361 202.321 263713.448 18.351 0.3302 
2610000 18397 258.734 264420.773 17.284 0.4247 
2620000 18436 217.538 265154.2 18.008 0.3552 
2630000 18484 226.505 265930.815 17.759 0.3715 
2640000 18533 226.028 266713.593 14.572 0.3711 
2650000 18574 247.174 267466.275 17.165 0.4094 
2660000 18619 227.438 268202.797 16.051 0.3744 
2670000 18661 217.242 268939.452 18.04 0.3531 
2680000 18715 180.117 269820.72 15.318 0.2941 
2690000 18767 195.599 270615.081 17.031 0.3174 
2700000 18809 198.4 271346.604 16.637 0.3246 
2710000 18861 181.748 272205.89 17.938 0.2956 
2720000 18909 211.849 273052.293 18.181 0.3484 
2730000 18954 224.524 273826.168 15.424 0.3707 
2740000 18998 269.848 274654.957 18.52 0.4466 
2750000 19042 219.624 275510.833 18.83 0.3611 
2760000 19086 203.451 276262.804 15.765 0.3332 
2770000 19135 173.105 277056.705 14.258 0.282 
2780000 19188 186.573 277895.927 14.785 0.3064 
2790000 19234 200.452 278694.568 16.729 0.3286 
2800000 19275 250.104 279385.837 16.86 0.4117 
2810000 19316 241.298 280152.775 19.619 0.391 
2820000 19360 220.472 280929.261 17.049 0.3609 
2830000 19402 219.092 281687.629 17.629 0.36 
2840000 19449 191.871 282497.411 16.26 0.3093 
2850000 19484 275.809 283150.125 16.49 0.4532 
2860000 19529 231.567 283967.334 18.925 0.3788 
2870000 19566 253.889 284736.765 19.284 0.4151 
2880000 19609 249.954 285463.652 17.871 0.4071 
2890000 19655 206.341 286331.054 16.194 0.3389 
2900000 19697 261.34 287050.85 16.617 0.4288 
2910000 19729 338.087 287675.354 20.655 0.5604 
2920000 19773 228.828 288422.502 16.936 0.3734 
2930000 19811 273.96 289107.272 18.297 0.4474 
2940000 19853 254.59 289843.227 19.632 0.4145 
2950000 19889 268.004 290531.916 19.12 0.437 
2960000 19929 261.502 291246.481 16.215 0.4258 
2970000 19970 218.151 291929.086 14.196 0.3557 
2980000 20013 317.999 292653.843 19.272 0.5224 
2990000 20055 283.392 293384.204 17.733 0.4612 
3000000 20090 334.301 293998.965 19.986 0.5563 
3010000 20123 310.235 294666.371 21.877 0.5111 
3020000 20156 330.763 295277.233 18.078 0.5408 
3030000 20188 288.873 295865.812 17.629 0.4794 
3040000 20228 220.84 296562.642 16.826 0.3635 
3050000 20269 293.325 297228.899 20.012 0.4786 
3060000 20307 291.905 297824.402 16.018 0.4828 
3070000 20343 233.301 298475.223 14.627 0.3882 
3080000 20378 346.016 299118.941 22.023 0.5764 
3090000 20422 261.61 299806.742 17.796 0.4315 
3100000 20459 244.234 300528.753 18.172 0.4036 
3110000 20496 267.386 301215.791 20.47 0.4425 
3120000 20536 235.103 301925.43 18.021 0.3861 
3130000 20578 289.4 302620.359 18.843 0.4702 
3140000 20611 324.864 303220.663 19.69 0.5364 
3150000 20650 225.829 303925.851 15.048 0.3735 
3160000 20694 206.93 304672.583 16.565 0.3408 
3170000 20733 233.463 305364.366 16.709 0.3865 
3180000 20771 242.354 306054.042 17.693 0.4026 
3190000 20809 276.179 306748.919 18.281 0.4542 
3200000 20850 222.552 307475.909 18.431 0.3693 
3210000 20882 303.905 308032.022 17.049 0.5099 
3220000 20917 261.886 308661.023 17.477 0.4354 
3230000 20945 313.67 309153.416 16.666 0.5266 
3240000 20980 301.789 309816.362 18.358 0.5022 
3250000 21016 288.619 310526.884 20.145 0.4807 
3260000 21050 293.592 311224.913 22.361 0.4836 
3270000 21085 313.512 311852.958 19.044 0.5234 
3280000 21118 294.172 312530.89 21.286 0.4819 
3290000 21148 286.761 313146.943 18.245 0.4743 
3300000 21188 274.972 313848.719 18.886 0.4511 
3310000 21221 327.156 314417.288 18.095 0.5396 
3320000 21256 333.611 314994.63 16.108 0.552 
3330000 21292 322.002 315689.472 20.555 0.5322 
3340000 21325 305.918 316294.413 18.887 0.5053 
3350000 21369 197.61 317015.665 14.987 0.3261 
3360000 21404 269.998 317538.118 14.729 0.4464 
3370000 21431 346.713 318081.186 19.427 0.5769 
3380000 21466 257.663 318787.047 17.603 0.4219 
3390000 21500 285.49 319410.4 18.482 0.4762 
3400000 21528 420.304 319967.62 21.127 0.7078 
3410000 21566 224.147 320683.455 16.156 0.3743 
3420000 21610 289.737 321390.407 17.398 0.4812 
3430000 21652 218.885 322133.541 15.638 0.3608 
3440000 21683 279.781 322739.09 18.436 0.4629 
3450000 21710 412.666 323315.527 23.907 0.6838 
3460000 21734 453.992 323829.764 22.525 0.758 
3470000 21764 312.311 324492.519 22.482 0.5236 
3480000 21806 257.38 325220.458 17.974 0.4337 
3490000 21834 288.364 325790.894 18.047 0.4844 
3500000 21863 320.62 326390.106 20.538 0.5424 
3510000 21895 311.09 327060.081 22.763 0.5218 
3520000 21923 358.002 327667.138 21.754 0.6008 
3530000 21948 362.181 328158.758 21.047 0.6019 
3540000 21975 403.969 328693.823 22.156 0.6762 
3550000 22009 319.41 329380.11 18.449 0.5286 
3560000 22041 323.087 329898.195 17.731 0.5384 
3570000 22066 329.135 330360.562 17.049 0.5468 
3580000 22101 258.577 330966.356 16.251 0.4283 
3590000 22133 283.619 331521.361 17.571 0.4652 
3600000 22160 367.463 332070.998 19.567 0.6059 
3610000 22193 331.069 332615.675 16.839 0.5439 
3620000 22228 320.917 333282.459 19.894 0.5271 
3630000 22258 329.93 333822.146 19.182 0.5489 
3640000 22283 371.041 334338.793 17.764 0.618 
3650000 22311 363.597 334932.905 21.232 0.6023 
3660000 22342 305.385 335614.794 23.503 0.5027 
3670000 22374 256.776 336234.307 17.81 0.4246 
3680000 22409 327.696 336820.684 17.042 0.545 
3690000 22443 317.757 337425.165 19.952 0.529 
3700000 22472 375.377 338027.823 20.975 0.6278 
3710000 22506 232.985 338633.443 16.461 0.3857 
3720000 22535 333.79 339259.908 20.768 0.5541 
3730000 22574 252.808 339975.465 18.467 0.4207 
3740000 22599 347.799 340501.594 21.403 0.5792 
3750000 22632 303.243 341113.239 17.916 0.5027 
3760000 22664 317.393 341711.692 19.931 0.5307 
3770000 22695 259.764 342287.897 16.666 0.4353 
3780000 22716 488.737 342703.365 19.147 0.8241 
3790000 22737 483.188 343131.714 21.072 0.8041 
3800000 22771 346.657 343774.343 19.715 0.5785 
3810000 22804 291.835 344439.21 23.206 0.4818 
3820000 22838 259.188 345066.335 15.855 0.4294 
3830000 22862 422.15 345515.925 18.586 0.705 
3840000 22885 360.908 345938.212 15.955 0.5992 
3850000 22910 438.764 346370.191 18.581 0.7342 
3860000 22934 406.496 346814.702 18.245 0.6792 
3870000 22965 409.827 347380.089 19.187 0.684 
3880000 22993 350.711 347879.971 19.626 0.5806 
3890000 23019 400.035 348412.387 21.903 0.6642 
3900000 23053 307.507 349001.161 17.752 0.5137 
3910000 23081 400.688 349525.002 20.706 0.6649 
3920000 23107 353.237 350019.429 16.2 0.5837 
3930000 23132 411.705 350554.687 19.517 0.6879 
3940000 23157 322.697 351113.381 20.482 0.5348 
3950000 23184 347.141 351645.905 21.275 0.5674 
3960000 23206 446.576 352103.729 20.681 0.7431 
3970000 23241 289.064 352790.714 19.276 0.4786 
3980000 23272 315.05 353346.49 18.081 0.5166 
3990000 23290 473.72 353736.043 21.07 0.7854 
4000000 23318 361.035 354344.759 20.326 0.5963 
4010000 23336 511.55 354697.226 19.215 0.8529 
4020000 23370 287.101 355314.077 18.847 0.4707 
4030000 23391 479.833 355751.362 20.245 0.7981 
4040000 23419 391.514 356289.691 19.892 0.6548 
4050000 23451 290.816 356902.798 20.515 0.4753 
4060000 23477 415.129 357421.172 19.378 0.6917 
4070000 23505 309.527 357959.982 18.066 0.5131 
4080000 23545 239.501 358626.386 16.751 0.3968 
4090000 23565 445.716 359031.381 18.355 0.7419 
4100000 23590 350.812 359488.494 17.567 0.5839 
4110000 23617 343.438 360042.895 20.95 0.566 
4120000 23647 306.078 360628.711 18.293 0.5096 
4130000 23680 353.91 361213.839 19.407 0.5882 
4140000 23702 365.016 361609.518 17.523 0.6098 
4150000 23727 426.455 362129.327 21.367 0.7109 
4160000 23748 396.469 362589.912 18.996 0.6651 
4170000 23768 547.399 363033.436 23.718 0.9142 
4180000 23792 486.181 363524.785 22.121 0.814 
4190000 23815 443.39 363970.281 20.23 0.7396 
4200000 23838 483.14 364449.413 22.377 0.8092 
4210000 23864 446.562 364955.734 20.287 0.7407 
4220000 23890 347.145 365491.991 20.158 0.5724 
4230000 23912 440.285 365957.846 20.856 0.7275 
4240000 23942 366.928 366562.408 21.359 0.6073 
4250000 23969 325.013 367120.801 20.627 0.5362 
4260000 23994 421.529 367593.899 21.488 0.6957 
4270000 24016 422.071 368066.113 22.404 0.697 
4280000 24048 378.501 368649.981 20.186 0.6182 
4290000 24070 385.022 369083.533 17.662 0.6358 
4300000 24098 340.028 369716.026 22.363 0.5605 
4310000 24125 415.694 370245.973 20.632 0.6921 
4320000 24151 308.13 370695.425 16.301 0.5092 
4330000 24170 505.938 371102.875 21.793 0.8352 
4340000 24195 401.512 371687.913 22.195 0.6654 
4350000 24217 457.691 372186.043 22.375 0.757 
4360000 24248 350.739 372813.783 20.796 0.5781 
4370000 24269 348.424 373332.189 21.634 0.5739 
4380000 24294 360.119 373738.844 16.369 0.5923 
4390000 24321 299.865 374162.325 15.326 0.4981 
4400000 24351 271.272 374692.738 15.907 0.4453 
4410000 24379 317.8 375285.453 20.943 0.5269 
4420000 24400 416.424 375678.172 18.86 0.699 
4430000 24430 355.224 376180.521 18.016 0.5939 
4440000 24452 358.554 376684.867 22.086 0.5988 
4450000 24470 579.665 377078.119 22.679 0.9703 
4460000 24502 302.074 377674.739 17.673 0.4983 
4470000 24526 393.119 378188.312 20.135 0.6616 
4480000 24551 473.547 378720.653 23.218 0.8038 
4490000 24575 456.7 379235.136 21.337 0.7767 
4500000 24602 331.426 379796.708 18.868 0.5572 
4510000 24622 489.029 380204.477 19.351 0.8137 
4520000 24641 380.926 380585.533 18.281 0.6323 
4530000 24676 304.939 381256.659 20.481 0.5103 
4540000 24705 380.887 381782.624 17.941 0.631 
4550000 24730 347.327 382370.9 21.36 0.578 
4560000 24763 295.901 383053.693 21.589 0.4862 
4570000 24793 383.79 383645.274 20.48 0.6322 
4580000 24827 262.718 384301.011 20.557 0.4361 
4590000 24855 347.453 384944.033 21.91 0.5849 
4600000 24875 492.144 385392.075 21.883 0.8351 
4610000 24899 378.981 385931.17 19.273 0.6374 
4620000 24929 300.28 386488.381 18.283 0.5015 
4630000 24949 454.242 386983.406 21.016 0.7652 
4640000 24979 380.725 387604.248 21.103 0.6413 
4650000 25006 382.021 388079.736 18.493 0.6454 
4660000 25029 373.29 388582.438 19.938 0.6207 
4670000 25056 286.519 389069.168 16.706 0.4765 
4680000 25083 430.505 389647.859 21.905 0.7247 
4690000 25107 322.398 390141.494 21.362 0.5373 
4700000 25129 418.113 390648.12 22.608 0.7008 
4710000 25152 365.97 391059.843 16.617 0.6096 
4720000 25183 341.238 391667.654 20.555 0.5667 
4730000 25201 507.11 392031.074 20.584 0.8459 
4740000 25227 346.72 392598.681 21.904 0.5822 
4750000 25256 386.028 393135.452 19.98 0.6478 
4760000 25288 327.475 393687.945 17.983 0.5509 
4770000 25308 438.858 394080.467 19.122 0.7388 
4780000 25334 387.578 394525.833 17.533 0.652 
4790000 25353 479.17 394945.052 20.766 0.8078 
4800000 25379 392.847 395381.034 18.301 0.6456 
4810000 25411 312.449 395971.274 17.038 0.5153 
4820000 25432 397.426 396379.998 19.464 0.6593 
4830000 25456 381.835 396810.739 17.749 0.6417 
4840000 25482 390.146 397369.889 19.499 0.6574 
4850000 25507 378.347 397746.39 14.955 0.6329 
4860000 25524 550.158 398071.077 17.388 0.9332 
4870000 25553 333.502 398577.197 18.412 0.5578 
4880000 25585 328.106 399170.778 18.777 0.545 
4890000 25613 293.212 399739.66 18.605 0.4905 
4900000 25642 258.002 400308.209 19.287 0.4314 
4910000 25666 414.304 400766.176 20.301 0.6922 
4920000 25691 343.952 401278.506 19.963 0.5733 
4930000 25714 367.374 401780.212 20.324 0.6127 
4940000 25743 424.222 402324.394 21.396 0.7154 
4950000 25766 362.337 402801.499 18.888 0.6019 
4960000 25786 420.501 403250.534 22.354 0.7037 
4970000 25811 409.383 403751.054 21.875 0.6893 
4980000 25837 449.44 404214.105 18.387 0.7551 
4990000 25861 365.149 404656.852 18.074 0.6099 
5000000 25885 430.87 405051.135 17.787 0.7224 
5010000 25906 524.933 405434.484 19.81 0.8965 
5020000 25935 298.379 406090.026 23.016 0.4981 
5030000 25962 367.758 406679.243 23.303 0.6127 
5040000 25992 359.284 407283.479 19.964 0.595 
5050000 26022 365.069 407847.043 20.368 0.6104 
5060000 26047 321.714 408327.874 18.627 0.5301 
5070000 26077 322.251 408968.512 21.602 0.5319 
5080000 26102 377.857 409479.529 21.149 0.6203 
5090000 26122 506.095 409877.459 19.904 0.8398 
5100000 26150 343.411 410423.919 21.037 0.5691 
5110000 26172 385.813 410943.824 23.081 0.6376 
5120000 26198 378.492 411453.822 19.893 0.6276 
5130000 26233 256.584 412112.798 16.761 0.4203 
5140000 26263 290.701 412674.651 17.677 0.478 
5150000 26288 351.025 413243.893 21.38 0.5734 
5160000 26317 303.889 413837.863 20.9 0.509 
5170000 26350 247.77 414500.53 18.672 0.4108 
5180000 26375 371.003 414986.952 18.334 0.6159 
5190000 26392 519.256 415393.18 22.405 0.8698 
5200000 26422 300.767 415925.204 16.087 0.505 
5210000 26456 260.006 416476.843 15.458 0.4379 
5220000 26477 482.769 416905.684 18.807 0.8081 
5230000 26506 395.553 417502.471 22.214 0.6445 
5240000 26530 404.773 417970.897 18.776 0.6666 
5250000 26560 263.351 418482.507 17.313 0.4307 
5260000 26586 360.141 419016.82 19.762 0.6022 
5270000 26611 448.156 419510.975 19.566 0.7661 
5280000 26639 333.368 420144.247 21.752 0.5629 
5290000 26662 345.895 420583.765 17.543 0.587 
5300000 26685 433.962 421107.834 20.927 0.7346 
5310000 26712 340.174 421746.59 22.884 0.5693 
5320000 26735 457.803 422188.035 21.085 0.759 
5330000 26763 449.523 422715.185 18.851 0.7579 
5340000 26795 273.002 423439.83 22.09 0.4537 
5350000 26821 386.66 423983.9 21.017 0.6404 
5360000 26841 456.518 424431.119 20.291 0.7673 
5370000 26870 400.99 424957.8 20.502 0.6722 
5380000 26894 385.762 425454.962 20.665 0.6395 
5390000 26917 522.561 425960.051 23.573 0.8689 
5400000 26936 524.35 426423.504 22.816 0.8806 
5410000 26957 422.633 426951.259 24.817 0.7014 
5420000 26981 437.869 427460.534 20.831 0.7383 
5430000 27015 293.648 428217.795 22.398 0.4854 
5440000 27038 389.773 428687.267 21.816 0.648 
5450000 27070 314.189 429277.197 18.798 0.5235 
5460000 27097 342.193 429812.721 19.384 0.5683 
5470000 27115 496.391 430223.894 20.951 0.8309 
5480000 27152 271.242 430868.024 17.463 0.4451 
5490000 27175 432.028 431303.54 18.901 0.7147 
5500000 27202 339.823 431833.745 19.711 0.5692 
5510000 27232 309.8 432356.758 17.21 0.5174 
5520000 27261 333.999 432909.093 18.492 0.5686 
5530000 27286 403.018 433295.109 16.318 0.6743 
5540000 27306 468.107 433700.427 19.827 0.791 
5550000 27330 435.444 434127.835 17.664 0.738 
5560000 27351 391.674 434499.616 16.348 0.6527 
5570000 27378 381.189 435009.536 19.582 0.6436 
5580000 27406 285.555 435543.318 18.528 0.4744 
5590000 27435 339.632 436061.378 17.979 0.5687 
5600000 27458 401.675 436507.602 19.818 0.6712 
5610000 27480 435.988 436973.269 20.599 0.7275 
5620000 27506 337.698 437476.588 19.209 0.5603 
5630000 27530 470.676 437934.094 21.028 0.7771 
5640000 27554 371.456 438416.24 19.233 0.6205 
5650000 27580 346.521 438893.145 16.666 0.5722 
5660000 27597 476.178 439253.421 21.348 0.7945 
5670000 27621 440.894 439735.874 21.17 0.7441 
5680000 27646 436.306 440195.99 19.978 0.7248 
5690000 27670 348.096 440639.125 20.036 0.581 
5700000 27684 607.988 440968.098 23.906 1.0272 
5710000 27711 354.118 441481.503 19.927 0.5967 
5720000 27744 296.156 442171.816 21.081 0.4964 
5730000 27774 344.102 442698.822 18.573 0.5779 
5740000 27805 355.604 443324.717 19.427 0.6028 
5750000 27825 478.412 443772.574 22.176 0.7979 
5760000 27856 335.414 444353.72 18.149 0.5643 
5770000 27882 361.372 444823.428 18.458 0.6012 
5780000 27910 302.573 445405.915 20.368 0.4998 
5790000 27929 571.155 445838.734 25.194 0.9608 
5800000 27950 436.438 446330.705 23.808 0.7316 
5810000 27977 403.634 446809.463 20.313 0.6782 
5820000 27998 517.628 447284.388 20.46 0.8826 
5830000 28025 371.243 447809.278 18.393 0.6198 
5840000 28048 504.016 448150.086 15.6 0.8576 
5850000 28074 331.952 448622.57 15.837 0.5554 
5860000 28095 511.845 449065.5 19.049 0.8714 
5870000 28113 518.791 449492.974 23.142 0.8775 
5880000 28137 368.002 449944.241 18.696 0.6203 
5890000 28161 391.378 450421.507 18.351 0.6539 
5900000 28181 501.93 450932.082 26.434 0.8382 
5910000 28209 385.631 451541.632 20.468 0.6368 
5920000 28231 414.513 452001.076 21.158 0.6832 
5930000 28256 406.116 452499.456 20.772 0.6703 
5940000 28280 424.965 453020.004 21.746 0.7023 
5950000 28314 252.446 453687.41 18.338 0.4193 
5960000 28340 397.436 454218.863 20.714 0.6603 
5970000 28360 459.189 454639.467 20.929 0.7714 
5980000 28395 272.956 455335.578 20.598 0.449 
5990000 28424 272.78 455867.855 16.688 0.4594 
6000000 28455 287.826 456488.198 19.762 0.4849 
6010000 28480 370.962 457073.214 22.436 0.6194 
6020000 28507 420.576 457653.469 22.755 0.7128 
6030000 28531 421.168 458187.013 22.851 0.709 
6040000 28555 356.896 458681.958 20.313 0.5939 
6050000 28587 378.715 459310.713 20.199 0.6291 
6060000 28612 439.198 459781.345 18.827 0.7307 
6070000 28642 311.349 460406.975 19.933 0.5104 
6080000 28669 363.638 460870.08 16.501 0.6066 
6090000 28690 401.045 461281.045 17.904 0.6686 
6100000 28712 397.074 461783.913 20.149 0.6643 
6110000 28740 357.535 462344.184 18.557 0.5959 
6120000 28772 298.102 462919.666 17.874 0.4949 
6130000 28800 324.148 463509.932 20.884 0.5423 
6140000 28831 287.098 464093.883 17.441 0.4728 
6150000 28862 331.393 464691.639 18.998 0.5602 
6160000 28885 399.049 465119.973 18.997 0.6722 
6170000 28911 361.182 465621.381 19.263 0.6017 
6180000 28939 294.975 466177.728 18.972 0.4845 
6190000 28968 338.409 466622.609 17.183 0.5569 
6200000 28995 346.252 467097.377 17.396 0.5769 
6210000 29018 360.212 467544.404 18.428 0.5996 
6220000 29039 523.726 468091.869 27.53 0.883 
6230000 29069 357.379 468610.511 17.901 0.595 
6240000 29093 390.399 469111.732 18.114 0.6474 
6250000 29119 426.195 469555.988 18.299 0.7095 
6260000 29151 356.844 470139.743 21.076 0.5936 
6270000 29182 228.487 470717.022 15.209 0.3791 
6280000 29204 435.923 471191.405 22.658 0.7279 
6290000 29231 423.98 471647.412 17.812 0.711 
6300000 29257 408.089 472203.994 20.497 0.6813 
6310000 29279 415.392 472662.859 21.412 0.7006 
6320000 29301 428.809 473137.318 21.172 0.7233 
6330000 29326 355.868 473579.807 16.764 0.5966 
6340000 29350 381.441 474056.605 18.808 0.6393 
6350000 29377 391.144 474624.348 21.275 0.6566 
6360000 29402 439.587 475123.362 21.673 0.7395 
6370000 29429 370.704 475680.534 21.072 0.6203 
6380000 29462 261.261 476272.803 17.683 0.4372 
6390000 29485 354.803 476675.048 15.21 0.6011 
6400000 29507 509.957 477114.597 20.248 0.8689 
6410000 29536 422.446 477637.119 17.651 0.7058 
6420000 29562 281.782 478120.167 14.531 0.4725 
6430000 29587 331.174 478605.987 18.223 0.5577 
6440000 29613 361.406 479151.866 18.894 0.6072 
6450000 29641 327.379 479700.441 19.996 0.5534 
6460000 29667 354.7 480208.071 19.474 0.5958 
6470000 29685 567.981 480645.939 23.856 0.9606 
6480000 29709 435.709 481148.693 21.505 0.7389 
6490000 29729 443.56 481652.752 23.656 0.7397 
6500000 29754 398.163 482105.141 18.688 0.6621 
6510000 29778 420.348 482652.039 21.555 0.6976 
6520000 29800 404.163 483123.681 20.77 0.6802 
6530000 29829 304.168 483645.941 17.372 0.5053 
6540000 29851 437.952 484082.336 20.667 0.7343 
6550000 29880 360.914 484650.423 19.572 0.5989 
6560000 29902 455.559 485129.119 21.779 0.7534 
6570000 29930 320.467 485728.941 22.308 0.5278 
6580000 29952 444.352 486251.873 24.317 0.7419 
6590000 29977 384.34 486725.54 20.212 0.6367 
6600000 30004 296.555 487200.751 16.375 0.4929 
6610000 30030 358.453 487697.046 19.215 0.6027 
6620000 30052 534.518 488139.086 22.288 0.8956 
6630000 30080 324.935 488638.035 18.689 0.5355 
6640000 30101 455.631 489150.645 23.841 0.7523 
6650000 30122 432.602 489560.091 19.574 0.7232 
6660000 30149 367.846 490055.494 17.982 0.6077 
6670000 30173 347.18 490520.171 19.756 0.5775 
6680000 30200 418.773 491018.751 17.805 0.6921 
6690000 30223 429.477 491476.647 21.336 0.7095 
6700000 30263 228.968 492249.173 19.228 0.3772 
6710000 30294 307.121 492919.353 23.045 0.5049 
6720000 30315 548.763 493377.613 24.204 0.9322 
6730000 30348 316.64 493996.07 18.733 0.5211 
6740000 30374 347.333 494536.088 19.323 0.5772 
