1000 1 48.2 89.117 4.09 0.0699 
2000 2 143.38 159.019 12.682 0.2083 
3000 3 229.042 222.44 17.354 0.335 
4000 5 311.424 290.786 21.827 0.4561 
5000 6 380.282 333.015 24.504 0.5595 
6000 7 442.253 428.14 31.235 0.6497 
7000 8 498.028 471.573 32.861 0.7329 
8000 9 474.025 520.742 31.653 0.6968 
9000 10 526.623 603.038 32.579 0.7759 
10000 11 573.96 700.879 38.438 0.8447 
11000 12 616.564 760.903 44.219 0.9056 
12000 13 654.908 836.164 45.311 0.9637 
13000 14 689.417 891.914 48.23 1.0142 
14000 15 720.475 931.879 49.018 1.0502 
15000 16 748.428 981.666 48.184 1.0925 
16000 17 773.585 1069.452 48.221 1.1326 
17000 18 796.227 1136.37 52.244 1.1656 
18000 19 816.604 1178.094 53.8 1.9804 
19000 20 834.944 1230.605 52.484 3.0189 
20000 21 851.449 1279.057 52.808 3.9638 
21000 22 866.304 1320.462 51.988 4.8129 
22000 23 879.674 1396.312 50.985 5.5878 
23000 24 891.706 1479.901 54.178 6.2692 
24000 26 822.382 1534.085 52.465 6.3171 
25000 27 820.644 1610.969 50.502 6.7052 
26000 28 838.58 1672.126 53.217 7.2937 
27000 29 854.722 1740.133 54.043 7.82 
28000 30 869.249 1805.605 55.408 8.2712 
29000 31 882.325 1907.632 56.411 8.6897 
30000 32 894.092 2003.263 61.017 9.0763 
31000 33 904.683 2094.87 64.49 9.4348 
32000 34 914.215 2168.774 67.209 9.7437 
33000 35 922.793 2266.331 67.818 10.0324 
34000 36 930.514 2363.932 70.864 10.284 
35000 37 937.462 2454.767 73.492 10.5154 
36000 38 943.716 2538.414 75.443 10.7075 
37000 39 949.345 2624.97 76.021 10.8851 
38000 40 954.41 2725.399 77.103 11.0401 
39000 41 958.969 2830.211 79.515 11.1895 
40000 42 963.072 2932.158 81.979 11.3224 
41000 43 966.765 3014.027 84.051 11.4389 
42000 44 970.088 3103.883 83.791 11.5461 
43000 45 973.08 3148.305 84.471 11.6372 
44000 46 975.772 3251.989 80.343 11.7217 
45000 47 978.194 3346.98 82.734 11.8033 
46000 49 976.438 3449.389 85.322 11.8558 
47000 50 944.994 3537.037 82.906 11.5063 
48000 51 950.494 3630.29 82.74 11.6009 
49000 52 901.045 3713.468 79.232 11.0187 
50000 53 910.94 3807.384 79.483 11.1608 
51000 56 830.746 3879.492 71.891 10.231 
52000 59 653.271 3959.15 56.032 8.0589 
53000 60 687.943 4025.045 58.25 8.5108 
54000 61 719.149 4087.294 57.492 8.9234 
55000 62 747.234 4137.604 58.805 9.2754 
56000 63 772.511 4179.353 56.868 9.605 
57000 64 795.26 4220.378 55.078 9.895 
58000 65 809.734 4275.999 54.293 10.0656 
59000 66 828.76 4348.765 55.535 10.3203 
60000 67 845.884 4404.18 55.739 10.5402 
61000 68 861.296 4495.953 57.761 10.7445 
62000 69 875.166 4594.58 61.493 10.9196 
63000 70 887.65 4702.264 65.302 11.0658 
64000 71 898.885 4791.564 68.556 11.2052 
65000 72 908.996 4868.627 70.318 11.3175 
66000 73 918.097 4940.304 71.748 11.4351 
67000 74 926.287 5017.898 70.112 11.5427 
68000 75 933.658 5115.503 72.955 11.6197 
69000 76 940.292 5193.358 74.086 11.7117 
70000 78 866.037 5280.434 68.722 10.7888 
71000 80 807.33 5340.939 62.76 10.0645 
72000 81 780.597 5419.856 60.009 9.7339 
73000 82 802.537 5504.363 62.946 10.0035 
74000 83 822.283 5570.749 64.813 10.2463 
75000 84 840.055 5641.921 65.012 10.4694 
76000 86 782.545 5709.884 59.252 9.7572 
77000 96 358.656 5784.129 27.176 4.494 
78000 97 422.791 5855.203 31.51 5.311 
79000 99 427.801 5933.953 32.114 5.3785 
80000 101 438.518 5989.317 31.38 5.4958 
81000 103 447.3 6052.802 31.139 5.6094 
82000 104 502.57 6123.307 35.249 6.2957 
83000 107 441.423 6207.009 31.973 5.539 
84000 108 497.281 6264.236 34.442 6.2395 
85000 109 547.553 6337.519 38.056 6.8745 
86000 110 552.798 6416.459 39.946 6.9406 
87000 111 597.518 6465.964 41.847 7.4968 
88000 112 637.766 6516.235 42.163 8.0013 
89000 113 673.99 6584.363 43.423 8.4606 
90000 114 706.591 6640.23 45.331 8.871 
91000 115 735.932 6708.2 46.954 9.243 
92000 116 762.338 6745.6 48.902 9.5736 
93000 117 786.105 6786.945 47.381 9.8584 
94000 118 807.494 6843.286 46.682 10.1211 
95000 119 826.745 6899.088 48.913 10.3435 
96000 120 844.07 6961.068 49.406 10.5504 
97000 121 859.663 7024.994 50.358 10.7454 
98000 122 873.697 7108.761 52.573 10.92 
99000 123 886.327 7191.386 56.028 11.0744 
100000 124 897.694 7273.835 58.994 11.2078 
101000 125 907.925 7357.757 61.556 11.3407 
102000 126 917.133 7429.483 61.333 11.4487 
103000 127 925.419 7479.832 63.028 11.5529 
104000 128 932.877 7534.897 60.821 11.6606 
105000 129 939.59 7587.494 62.254 11.73 
106000 130 945.631 7647.52 59.435 11.8047 
107000 131 951.068 7727.149 60.769 11.8796 
108000 132 955.961 7834.015 64.325 11.9361 
109000 133 960.365 7919.236 68.283 11.994 
110000 134 964.328 7999.775 67.808 12.0431 
111000 135 967.895 8073.026 69.444 12.0872 
112000 136 971.106 8189.396 70.641 12.1318 
113000 137 973.995 8298.855 76.784 12.1836 
114000 138 976.596 8406.696 77.819 12.1957 
115000 139 978.936 8510.984 82.664 12.2268 
116000 141 897.238 8626.164 77.793 11.1917 
117000 142 907.514 8757.665 83.25 11.3303 
118000 143 916.763 8880.92 87.031 11.4514 
119000 144 925.087 8986.917 90.893 11.5462 
120000 145 932.578 9109.583 92.594 11.637 
121000 146 939.32 9236.71 96.418 11.7089 
122000 147 945.388 9342.694 97.375 11.7845 
123000 148 950.849 9443.114 98.456 11.867 
124000 149 955.764 9547.978 99.017 11.9287 
125000 150 960.188 9626.337 97.832 11.9905 
126000 151 964.169 9698.541 95.568 12.0472 
127000 152 967.752 9777.493 93.252 12.0906 
128000 153 970.977 9852.181 92.203 12.1319 
129000 154 973.879 9930.727 90.307 12.1629 
130000 155 976.491 10015.682 88.876 12.2087 
131000 156 978.842 10118.268 88.576 12.2337 
132000 157 980.958 10205.332 91.121 12.2811 
133000 158 982.862 10275.214 89.029 12.3095 
134000 159 984.576 10353.026 87.355 12.3323 
135000 160 986.118 10428.091 85.422 12.3378 
136000 161 987.507 10509.163 86.427 12.3578 
137000 162 988.756 10552.28 83.312 12.3724 
138000 163 989.88 10634.301 79.922 12.3758 
139000 164 990.892 10703.394 81.793 12.3971 
140000 165 991.803 10791.355 78.816 12.4244 
141000 166 992.623 10865.117 80.727 12.4261 
142000 167 993.36 10946.481 80.748 12.4359 
143000 168 994.024 11026.655 80.779 12.4336 
144000 169 994.622 11089.986 79.563 12.4303 
145000 170 995.16 11160.694 78.511 12.4244 
146000 171 995.644 11231.594 76.87 12.436 
147000 172 996.079 11350.384 79.226 12.4474 
148000 173 996.471 11448.206 83.026 12.4478 
149000 174 996.824 11510.706 81.356 12.4444 
150000 175 997.142 11604.68 82.312 12.4453 
151000 176 997.428 11664.579 80.833 12.4566 
152000 177 997.685 11723.38 78.893 12.4639 
153000 178 997.916 11795.475 78.083 12.471 
154000 179 998.125 11878.544 77.551 12.4721 
155000 180 998.312 11969.932 78.67 12.4874 
156000 181 998.481 12057.995 80.791 12.5016 
157000 182 998.633 12156.974 80.968 12.4978 
158000 183 998.77 12269.169 84.952 12.4846 
159000 184 998.893 12380.181 86.182 12.4727 
160000 185 999.003 12487.777 90.252 12.4624 
161000 186 990.303 12590.706 88.585 12.3602 
162000 187 991.273 12689.986 90.696 12.3805 
163000 188 992.146 12765.399 90.547 12.3945 
164000 189 992.931 12842.961 89.947 12.3906 
165000 190 993.638 12944.25 90.033 12.4012 
166000 191 994.274 13057.135 91.039 12.4116 
167000 192 994.847 13144.983 91.136 12.4126 
168000 193 995.362 13239.059 91.808 12.4252 
169000 194 995.826 13325.34 91.752 12.4386 
170000 195 996.243 13421.406 90.735 12.4428 
171000 197 882.487 13516.008 80.882 11.0207 
172000 198 868.938 13616.857 80.138 10.8711 
173000 201 798.956 13682.86 71.74 10.0037 
174000 208 425.267 13768.611 37.633 5.3164 
175000 209 482.74 13834.5 40.201 6.0227 
176000 210 534.466 13916.827 43.971 6.6813 
177000 214 461.737 14006.758 39.743 5.7646 
178000 218 375.415 14100.935 32.802 4.6838 
179000 226 225.299 14191.142 19.764 2.8126 
180000 243 76.814 14243.721 4.964 0.9614 
181000 245 85.839 14334.33 5.355 1.0761 
182000 252 154.074 14399.724 11.347 1.9252 
183000 258 169.267 14430.629 8.788 2.1234 
184000 259 252.341 14497.994 14.373 3.1612 
185000 260 327.106 14597.326 23.022 4.0912 
186000 261 394.396 14675.257 28.362 4.9437 
187000 262 375.356 14722.208 27.363 4.7073 
188000 263 437.821 14789.284 28.167 5.5083 
189000 264 494.039 14864.451 32.642 6.2315 
190000 267 500.224 14947.107 35.112 6.2861 
191000 268 550.202 15029.448 39.204 6.8995 
192000 269 595.182 15121.171 45.043 7.4582 
193000 270 635.663 15217.515 49.978 7.9643 
194000 271 648.597 15279.956 50.788 8.1249 
195000 273 639.064 15348.023 47.372 8.0134 
196000 275 627.642 15407.817 46.002 7.8568 
197000 277 565.46 15491.722 42.46 7.0684 
198000 278 608.914 15573.065 45.295 7.6056 
199000 279 648.022 15683.217 51.373 8.1035 
200000 280 683.22 15788.291 57.367 8.5361 
201000 281 714.898 15905.89 61.743 8.9189 
202000 282 743.408 16008.396 67.538 9.2918 
203000 283 769.067 16115.014 71.032 9.5994 
204000 284 792.161 16212.601 73.404 9.8933 
205000 285 812.945 16325.618 76.337 10.1564 
206000 286 831.65 16411.501 79.782 10.4001 
207000 287 848.485 16478.038 77.449 10.6172 
208000 288 844.837 16565.838 77.51 10.5748 
209000 289 860.353 16641.638 77.778 10.7711 
210000 290 874.318 16742.082 79.111 10.9407 
211000 291 886.886 16803.86 80.583 11.0961 
212000 292 898.197 16879.308 76.21 11.2334 
213000 293 908.378 16989.221 78.609 11.3568 
214000 294 917.54 17067.463 82.639 11.4743 
215000 295 925.786 17142.971 79.247 11.5805 
216000 296 933.207 17265.767 81.371 11.6908 
217000 297 939.887 17336.878 83.8 11.7814 
218000 298 945.898 17432.406 84.64 11.8538 
219000 299 951.308 17497.8 84.273 11.9287 
220000 300 956.177 17591.14 84.946 11.9913 
221000 301 960.56 17665.389 82.982 12.0341 
222000 302 964.504 17753.367 81.85 12.0749 
223000 303 968.053 17850.065 83.844 12.1115 
224000 304 971.248 17946.769 86.717 12.151 
225000 305 974.123 18019.722 85.581 12.1693 
226000 306 976.711 18129.256 83.711 12.1961 
227000 307 979.04 18243.644 87.394 12.2218 
228000 308 968.236 18376.249 88.995 12.0958 
229000 310 935.771 18482.562 90.34 11.7049 
230000 311 942.194 18580.596 91.57 11.7908 
231000 312 947.974 18672.709 91.212 11.8606 
232000 313 953.177 18748.136 90.116 11.9385 
233000 314 957.859 18808.503 87.699 12.0123 
234000 315 962.073 18894.93 86.925 12.0683 
235000 316 965.866 18989.538 87.4 12.1144 
236000 317 969.279 19071.432 87.042 12.1597 
237000 318 972.352 19163.759 87.122 12.2027 
238000 319 975.116 19255.688 87.82 12.2485 
239000 320 977.605 19355.314 89.658 12.2804 
240000 321 979.844 19425.135 87.816 12.2937 
241000 322 981.86 19509.628 86.614 12.3238 
242000 323 983.674 19606.363 88.207 12.3328 
243000 324 985.306 19669.372 85.307 12.3339 
244000 325 986.776 19759.357 85.113 12.3435 
245000 326 988.098 19839.006 85.858 12.3564 
246000 327 989.288 19918.035 84.968 12.358 
247000 328 990.36 19998.905 84.5 12.3621 
248000 329 935.624 20089.851 79.937 11.6789 
249000 330 942.061 20172.666 80.786 11.7692 
250000 331 947.855 20247.687 80.602 11.8403 
251000 332 953.07 20330.269 80.103 11.906 
252000 333 957.763 20416.388 80.704 11.9745 
253000 334 961.986 20496.732 81.375 12.0409 
254000 335 965.788 20581.975 80.797 12.0723 
255000 336 969.209 20689.451 82.148 12.1162 
256000 337 972.288 20774.345 83.755 12.1759 
257000 338 975.059 20839.992 83.899 12.2135 
258000 339 977.553 20907.632 80.882 12.2558 
259000 340 979.798 20984.987 81.554 12.2799 
260000 341 981.818 21068.625 79.105 12.2975 
261000 342 983.636 21160.154 79.706 12.3263 
262000 343 985.273 21296.956 83.54 12.3458 
263000 344 986.745 21418.213 88.272 12.3692 
264000 345 988.071 21525.767 91.477 12.3686 
265000 346 989.264 21642.907 93.398 12.3869 
266000 347 990.337 21742.547 95.545 12.3976 
267000 348 991.304 21842.611 95.221 12.4123 
268000 349 992.173 21927.457 95.943 12.4203 
269000 350 992.956 21995.367 94.352 12.4189 
270000 351 993.66 22069.995 91.011 12.4254 
271000 352 994.294 22120.516 89.935 12.4177 
272000 353 994.865 22222.001 85.47 12.4227 
273000 354 995.378 22332.18 89.588 12.4424 
274000 355 995.841 22432.755 91.287 12.4402 
275000 356 996.257 22500.793 90.719 12.4378 
276000 357 996.631 22595.794 88.779 12.4474 
277000 358 996.968 22742.221 90.08 12.4486 
278000 359 997.271 22834.473 95.838 12.4722 
279000 360 997.544 22952.872 94.834 12.4694 
280000 361 967.79 23016.315 94.596 12.1084 
281000 362 971.011 23119.915 91.369 12.1672 
282000 363 973.91 23230.731 92.592 12.2206 
283000 364 976.519 23302.266 94.444 12.2508 
284000 366 899.18 23387.955 84.613 11.2636 
285000 368 832.836 23507.603 77.682 10.4293 
286000 369 849.552 23584.243 82.091 10.633 
287000 370 864.597 23707.675 80.312 10.8284 
288000 371 878.137 23787.404 86.887 10.9977 
289000 372 890.324 23852.613 83.59 11.1526 
290000 373 901.291 23949.764 82.886 11.2829 
291000 374 911.162 24046.953 83.794 11.4007 
292000 375 920.046 24147.414 86.166 11.5044 
293000 376 928.041 24238.406 87.423 11.629 
294000 377 935.237 24341.1 88.462 11.7356 
295000 378 941.713 24454.345 89.026 11.7998 
296000 379 947.542 24556.991 92.63 11.8633 
297000 380 952.788 24667.872 92.868 11.9278 
298000 382 884.258 24750.406 85.463 11.0747 
299000 383 895.832 24821.594 84.59 11.2081 
300000 384 906.249 24906.952 83.689 11.3298 
301000 385 915.624 24985.023 84.61 11.4406 
302000 386 924.062 25073.354 84.415 11.5308 
303000 387 931.656 25185.176 85.729 11.628 
304000 388 938.49 25288.643 86.645 11.7329 
305000 389 944.641 25413.143 91.976 11.8091 
306000 390 950.177 25523.018 93.462 11.8799 
307000 391 955.159 25644.186 96.607 11.9464 
308000 392 959.643 25745.075 96.711 11.985 
309000 393 963.679 25829.505 96.557 12.0254 
310000 394 967.311 25932.663 97.302 12.0773 
311000 395 970.58 26021.053 94.544 12.127 
312000 396 960.522 26158.251 97.342 11.9903 
313000 397 964.47 26257.32 99.417 12.0457 
314000 398 968.023 26344.17 97.679 12.0847 
315000 399 971.221 26450.492 97.202 12.1216 
316000 400 974.098 26564.005 99.831 12.1564 
317000 401 976.689 26641.677 99.377 12.1826 
318000 402 979.02 26731.399 96.479 12.2115 
319000 403 981.118 26815.071 96.201 12.2297 
320000 404 983.006 26910.091 95.316 12.2688 
321000 405 984.705 27016.511 96.123 12.2852 
322000 406 986.235 27103.916 96.743 12.3046 
323000 407 987.611 27188.666 95.904 12.3271 
324000 408 988.85 27280.416 93.792 12.3569 
325000 409 989.965 27390.55 95.978 12.3604 
326000 410 990.969 27491.816 95.077 12.3862 
327000 411 991.872 27611.344 98.447 12.3772 
328000 412 992.685 27727.835 100.357 12.3827 
329000 413 993.416 27837.323 100.251 12.3914 
330000 414 994.075 27947.489 101.997 12.404 
331000 415 994.667 28071.806 104.254 12.4187 
332000 416 995.2 28145.487 103.217 12.4233 
333000 417 995.68 28257.81 101.136 12.4397 
334000 418 996.112 28375.412 103.213 12.4392 
335000 419 996.501 28510.295 105.206 12.4313 
336000 420 996.851 28603.384 107.044 12.4331 
337000 421 997.166 28703.951 105.414 12.4455 
338000 422 997.449 28809.954 105.512 12.4526 
339000 423 997.704 28924.737 105.981 12.4618 
340000 424 997.934 29032.526 106.584 12.4614 
341000 425 998.141 29129.376 106.349 12.4537 
342000 426 998.326 29252.032 106.535 12.4524 
343000 427 998.494 29361.275 106.658 12.4516 
344000 428 998.644 29472.082 106.393 12.4668 
345000 429 998.78 29564.758 107.244 12.4647 
346000 430 998.902 29664.304 106.172 12.455 
347000 431 999.012 29769.653 105.917 12.4519 
348000 432 999.111 29867.951 104.529 12.4567 
349000 433 999.2 29992.572 105.182 12.4434 
350000 434 999.28 30101.687 106.664 12.4565 
351000 435 999.352 30221.842 108.429 12.4512 
352000 436 999.416 30327.014 107.56 12.4429 
353000 437 999.475 30445.738 108.879 12.4425 
354000 438 999.527 30552.423 109.088 12.4338 
355000 439 999.575 30697.354 108.503 12.4334 
356000 440 999.617 30808.626 113.285 12.4393 
357000 441 999.655 30930.854 113.025 12.4302 
358000 442 999.69 31036.814 113.209 12.43 
359000 443 999.721 31165.151 113.982 12.4452 
360000 444 999.749 31299.596 115.582 12.4413 
361000 445 999.774 31405.625 116.597 12.4399 
362000 446 999.797 31486.392 113.194 12.4345 
363000 447 999.817 31592.687 110.426 12.4342 
364000 448 999.835 31676.622 111.451 12.4539 
365000 449 999.852 31749.452 106.495 12.4661 
366000 450 999.867 31855.275 105.008 12.4629 
367000 451 999.88 31942.538 104.492 12.468 
368000 452 999.892 32022.44 102.47 12.4545 
369000 453 999.903 32096.31 99.88 12.4723 
370000 454 999.912 32191.522 96.713 12.4756 
371000 455 999.921 32316.259 98.279 12.4841 
372000 456 999.929 32433.094 101.225 12.4668 
373000 457 999.936 32556.164 103.953 12.4664 
374000 458 999.943 32666.366 105.726 12.463 
375000 459 999.948 32792.535 106.334 12.4692 
376000 460 999.953 32915.873 108.274 12.4591 
377000 461 999.958 33027.382 108.948 12.4537 
378000 462 999.962 33137.171 108.737 12.4577 
379000 464 937.569 33220.232 100.191 11.6934 
380000 465 943.813 33345.305 100.872 11.7738 
381000 466 949.431 33462.411 103.593 11.853 
382000 467 954.488 33585.913 105.822 11.9204 
383000 468 944.839 33655.892 101.019 11.7993 
384000 470 884.02 33753.218 93.646 11.0506 
385000 471 895.618 33815.774 90.366 11.193 
386000 472 906.056 33908.608 90.775 11.3234 
387000 473 915.45 33970.798 87.684 11.4469 
388000 474 923.905 34044.862 86.17 11.5504 
389000 475 931.515 34191.13 92.617 11.6265 
390000 476 938.363 34257.944 89.492 11.7087 
391000 477 944.527 34333.684 88.589 11.7777 
392000 480 744.0 34444.999 70.64 9.2809 
393000 481 769.6 34535.872 72.47 9.6086 
394000 482 792.64 34635.4 75.216 9.8897 
395000 483 813.376 34746.821 79.486 10.1501 
396000 484 832.039 34826.579 78.957 10.3902 
397000 485 848.835 34928.957 80.628 10.6077 
398000 486 863.951 35049.664 86.06 10.7885 
399000 487 877.556 35139.128 85.604 10.9515 
400000 488 889.8 35223.976 87.85 11.1115 
401000 489 900.82 35273.653 83.738 11.2543 
402000 490 910.738 35319.051 80.754 11.374 
403000 491 919.665 35379.799 77.151 11.494 
404000 492 927.698 35447.036 76.452 11.5861 
405000 493 934.928 35504.638 74.63 11.6705 
406000 494 941.435 35554.719 73.31 11.7487 
407000 495 947.292 35643.189 70.647 11.8334 
408000 496 952.563 35726.791 76.086 11.9108 
409000 497 957.306 35779.41 73.606 11.9789 
410000 498 961.576 35872.164 71.131 12.0502 
411000 499 965.418 35983.62 77.905 12.0855 
412000 500 968.876 36110.91 81.403 12.122 
413000 501 971.989 36255.35 88.099 12.1513 
414000 502 974.79 36350.09 90.614 12.1838 
415000 503 961.111 36427.24 86.681 12.0228 
416000 504 965.0 36513.595 86.972 12.0768 
417000 505 968.5 36597.918 87.246 12.1153 
418000 506 971.65 36677.294 86.911 12.1422 
419000 507 974.485 36755.615 85.924 12.1681 
420000 508 977.036 36882.71 87.318 12.2088 
421000 509 979.333 37014.163 91.589 12.2279 
422000 510 981.399 37128.956 96.289 12.2578 
423000 511 983.26 37224.562 95.431 12.2666 
424000 512 984.934 37309.487 95.261 12.2855 
425000 513 986.44 37379.764 92.952 12.3087 
426000 514 987.796 37472.4 90.508 12.3361 
427000 515 989.017 37552.856 91.093 12.3519 
428000 516 990.115 37648.313 90.673 12.3637 
429000 517 991.103 37728.76 91.307 12.3831 
430000 518 991.993 37838.915 90.121 12.4044 
431000 520 903.314 37917.464 84.194 11.2966 
432000 521 912.983 37997.049 83.601 11.4266 
433000 522 921.685 38102.716 83.813 11.5371 
434000 523 929.516 38180.398 85.487 11.6426 
435000 524 936.565 38260.588 82.543 11.7315 
436000 525 942.908 38331.847 83.046 11.8232 
437000 526 948.617 38412.598 81.535 11.8952 
438000 527 953.756 38516.874 84.467 11.9602 
439000 528 958.38 38613.894 84.001 12.0323 
440000 529 962.542 38686.987 85.597 12.0831 
441000 530 966.288 38757.326 83.795 12.1335 
442000 531 969.659 38828.502 82.436 12.185 
443000 532 972.693 38885.779 79.773 12.217 
444000 533 975.424 38986.85 78.717 12.262 
445000 534 977.881 39093.12 84.228 12.2897 
446000 535 980.093 39213.117 86.973 12.3252 
447000 536 982.084 39345.16 90.278 12.3418 
448000 537 983.876 39472.407 94.316 12.3621 
449000 538 985.488 39605.582 97.049 12.3873 
450000 539 986.939 39742.587 101.181 12.3929 
451000 540 988.245 39857.574 103.872 12.4069 
452000 541 989.421 39972.401 104.958 12.42 
453000 542 990.479 40085.981 104.891 12.4283 
454000 543 991.431 40209.39 107.018 12.4256 
455000 544 992.288 40322.951 107.76 12.4356 
456000 545 993.059 40432.289 107.514 12.4356 
457000 546 993.753 40529.951 108.38 12.4442 
458000 547 994.378 40614.23 105.064 12.4561 
459000 548 994.94 40740.353 106.778 12.4569 
460000 549 995.446 40821.298 106.438 12.4739 
461000 550 995.901 40896.25 102.805 12.4727 
462000 551 996.311 40981.775 100.559 12.4759 
463000 552 996.68 41070.628 99.942 12.476 
464000 553 997.012 41162.942 99.16 12.4903 
465000 554 997.311 41245.5 97.433 12.5012 
466000 555 997.58 41380.664 98.438 12.4852 
467000 556 997.822 41488.721 100.494 12.4971 
468000 557 998.04 41605.77 102.716 12.4949 
469000 558 998.236 41730.15 104.814 12.5013 
470000 559 998.412 41825.516 104.832 12.5043 
471000 560 998.571 41928.28 104.479 12.5004 
472000 561 998.714 42045.702 103.463 12.5011 
473000 562 998.842 42170.457 107.313 12.4931 
474000 563 998.958 42269.109 106.745 12.4871 
475000 564 999.062 42383.36 106.502 12.4876 
476000 565 999.156 42486.811 107.225 12.4981 
477000 566 999.241 42589.901 105.923 12.495 
478000 567 999.316 42710.666 106.441 12.4974 
479000 568 999.385 42829.531 107.678 12.5 
480000 569 999.446 42925.792 110.025 12.5072 
481000 570 999.502 43005.877 105.302 12.503 
482000 571 999.552 43111.515 106.451 12.4974 
483000 572 999.596 43218.887 105.271 12.5059 
484000 573 999.637 43321.614 106.076 12.4972 
485000 576 838.245 43412.168 87.496 10.4701 
486000 578 774.579 43455.329 74.989 9.6891 
487000 581 643.709 43547.606 62.331 8.0616 
488000 582 679.338 43626.139 64.406 8.4956 
489000 583 711.404 43687.912 64.3 8.901 
490000 584 740.264 43764.435 64.325 9.2766 
491000 585 766.237 43846.646 66.462 9.5999 
492000 586 789.614 43935.578 67.405 9.8813 
493000 587 810.652 44021.554 69.717 10.1514 
494000 588 829.587 44116.708 72.54 10.3856 
495000 589 846.628 44185.214 72.031 10.5992 
496000 590 861.965 44294.393 74.467 10.79 
497000 591 875.769 44383.621 78.099 10.9624 
498000 592 888.192 44459.795 78.634 11.1184 
499000 593 899.373 44526.729 76.198 11.2461 
500000 594 909.436 44622.807 77.933 11.3647 
501000 595 918.492 44728.973 81.048 11.4779 
502000 596 926.643 44837.583 82.391 11.5921 
503000 597 933.979 44936.136 84.974 11.689 
504000 598 940.581 45017.382 85.386 11.7708 
505000 599 946.523 45095.447 84.136 11.8362 
506000 600 951.87 45195.484 86.693 11.8903 
507000 601 956.683 45270.388 83.015 11.9464 
508000 602 961.015 45350.497 83.658 12.0025 
509000 603 964.913 45424.449 83.45 12.0612 
510000 604 968.422 45527.238 84.75 12.0977 
511000 605 971.58 45595.493 83.789 12.1621 
512000 606 974.422 45697.209 84.43 12.2015 
513000 607 976.98 45777.323 85.531 12.2211 
514000 608 979.282 45838.857 83.751 12.2492 
515000 609 981.354 45887.979 80.106 12.2907 
516000 610 983.218 45940.051 75.561 12.3159 
517000 611 984.896 46009.269 76.631 12.3252 
518000 612 986.407 46062.84 74.878 12.3594 
519000 613 987.766 46126.649 72.567 12.3639 
520000 614 988.989 46176.661 70.715 12.3899 
521000 615 990.091 46244.905 70.197 12.4009 
522000 616 991.081 46305.382 70.071 12.4303 
523000 617 991.973 46363.668 68.625 12.4561 
524000 618 992.776 46478.34 72.221 12.4789 
525000 619 993.498 46547.345 72.48 12.4953 
526000 620 994.149 46619.382 72.023 12.4932 
527000 621 994.734 46685.559 70.501 12.5007 
528000 622 995.26 46781.639 73.176 12.5102 
529000 623 995.734 46870.44 74.787 12.5028 
530000 624 996.161 46959.34 77.008 12.491 
531000 625 996.545 47055.324 78.259 12.499 
532000 626 996.89 47144.489 79.382 12.5033 
533000 627 997.201 47216.539 78.552 12.4944 
534000 628 997.481 47291.496 79.967 12.4903 
535000 629 997.733 47343.294 75.846 12.4883 
536000 630 997.96 47417.304 77.001 12.4913 
537000 631 998.164 47477.024 73.747 12.4994 
538000 632 998.347 47540.074 73.883 12.4895 
539000 634 920.061 47610.378 67.541 11.5074 
540000 635 928.055 47687.288 67.902 11.6095 
541000 636 935.25 47792.099 71.826 11.7117 
542000 637 941.725 47881.683 73.097 11.7958 
543000 638 947.552 47938.262 71.856 11.8567 
544000 639 952.797 48022.31 72.701 11.9185 
545000 640 957.517 48107.566 74.253 11.9634 
546000 641 961.766 48176.014 74.097 12.027 
547000 642 965.589 48254.803 74.879 12.0749 
548000 643 969.03 48375.427 78.336 12.1057 
549000 644 972.127 48482.733 81.919 12.1251 
550000 645 974.914 48564.037 82.11 12.1624 
551000 646 977.423 48647.102 82.401 12.2247 
552000 647 979.681 48712.268 80.07 12.2499 
553000 648 937.413 48792.527 76.188 11.7182 
554000 649 943.671 48887.112 77.07 11.7926 
555000 650 949.304 48966.305 78.298 11.8669 
556000 651 954.374 49074.544 78.687 11.9296 
557000 652 958.936 49175.618 83.631 11.988 
558000 653 963.043 49278.252 83.569 12.0314 
559000 654 966.738 49389.336 87.711 12.087 
560000 655 970.065 49488.744 88.703 12.1356 
561000 656 973.058 49584.219 89.363 12.1794 
562000 657 975.752 49670.116 89.373 12.2165 
563000 658 978.177 49745.358 88.565 12.2489 
564000 659 980.359 49803.969 86.866 12.2778 
565000 660 982.323 49860.418 82.391 12.3085 
566000 661 984.091 49956.489 82.926 12.3274 
567000 662 985.682 50061.808 84.364 12.3327 
568000 663 987.114 50162.205 86.289 12.3368 
569000 664 988.402 50257.762 87.858 12.3336 
570000 665 989.562 50343.886 87.579 12.334 
571000 666 990.606 50424.703 85.775 12.3683 
572000 667 991.545 50506.503 87.507 12.363 
573000 668 992.391 50594.385 87.645 12.3757 
574000 669 993.152 50700.386 88.422 12.381 
575000 670 993.837 50810.951 88.299 12.395 
576000 671 994.453 50889.396 91.764 12.4 
577000 672 995.008 50961.659 87.926 12.3981 
578000 673 995.507 51056.886 87.593 12.3945 
579000 674 995.956 51139.339 88.56 12.3847 
580000 675 996.361 51245.291 88.133 12.3904 
581000 676 996.725 51347.824 91.962 12.3925 
582000 677 997.052 51419.886 89.199 12.401 
583000 678 997.347 51499.967 89.103 12.4009 
584000 679 997.612 51587.621 89.06 12.4106 
585000 680 997.851 51663.411 87.244 12.43 
586000 681 998.066 51724.418 85.329 12.4452 
587000 682 998.259 51779.2 83.83 12.454 
588000 683 998.433 51872.51 80.574 12.4624 
589000 684 998.59 51972.46 84.596 12.4541 
590000 685 998.731 52043.734 82.351 12.4538 
591000 686 998.858 52146.294 83.345 12.4636 
592000 687 998.972 52257.121 86.331 12.4778 
593000 688 999.075 52415.408 91.309 12.4981 
594000 689 999.167 52547.196 97.931 12.5038 
595000 690 999.251 52649.495 99.016 12.4977 
596000 691 999.326 52776.27 99.438 12.4947 
597000 692 999.393 52880.828 99.834 12.4924 
598000 693 999.454 53028.295 104.396 12.4864 
599000 694 999.508 53172.657 107.315 12.4892 
600000 695 999.558 53290.637 110.975 12.487 
601000 696 999.602 53391.703 110.208 12.4794 
602000 697 999.642 53507.267 109.231 12.4826 
603000 698 999.677 53612.22 109.77 12.4935 
604000 699 999.71 53751.357 110.951 12.4833 
605000 700 999.739 53870.994 113.675 12.4791 
606000 701 999.765 54009.656 115.157 12.4773 
607000 702 999.788 54164.466 117.385 12.4644 
608000 703 999.81 54293.789 120.226 12.4492 
609000 704 999.829 54402.599 120.558 12.4607 
610000 705 999.846 54532.432 121.535 12.4609 
611000 706 999.861 54669.582 121.631 12.4615 
612000 707 999.875 54746.109 119.814 12.4654 
613000 708 999.888 54844.64 116.841 12.4734 
614000 709 999.899 54923.924 113.622 12.4797 
615000 710 999.909 55037.772 111.35 12.468 
616000 711 999.918 55154.591 112.625 12.4741 
617000 712 999.926 55275.698 114.662 12.4795 
618000 713 999.934 55361.841 113.234 12.4871 
619000 714 999.94 55474.831 110.703 12.4842 
620000 715 999.946 55596.845 113.192 12.4836 
621000 716 999.952 55712.0 111.857 12.4835 
622000 717 999.956 55843.088 115.098 12.509 
623000 718 999.961 55958.551 114.26 12.5249 
624000 719 999.965 56065.186 114.617 12.522 
625000 720 999.968 56159.786 111.92 12.5235 
626000 721 999.971 56235.965 109.808 12.5142 
627000 722 999.974 56351.838 109.508 12.5106 
628000 723 999.977 56451.057 108.188 12.5034 
629000 725 931.881 56590.244 103.452 11.6406 
630000 727 857.124 56718.271 96.633 10.7002 
631000 728 871.411 56870.84 102.795 10.8779 
632000 729 884.27 56976.765 102.902 11.0461 
633000 730 895.843 57068.867 101.799 11.1986 
634000 731 840.359 57151.647 95.413 10.4976 
635000 732 856.323 57226.723 94.106 10.6882 
636000 733 870.691 57307.503 90.892 10.8719 
637000 734 883.622 57401.637 90.354 11.036 
638000 735 895.259 57471.43 91.317 11.1748 
639000 736 905.734 57589.63 89.355 11.3157 
640000 737 915.16 57737.52 94.08 11.4477 
641000 738 923.644 57841.675 98.072 11.5449 
642000 739 931.28 57967.775 97.232 11.6203 
643000 740 938.152 58050.444 100.507 11.7039 
644000 742 876.003 58149.046 91.543 10.9274 
645000 743 888.403 58229.032 92.045 11.0875 
646000 745 829.706 58330.98 85.493 10.3508 
647000 746 846.736 58414.0 84.805 10.5803 
648000 747 862.062 58496.008 84.51 10.7674 
649000 748 875.856 58612.113 86.07 10.9355 
650000 749 888.27 58736.874 89.35 11.0923 
651000 750 899.443 58832.561 91.523 11.2381 
652000 751 909.499 58961.341 93.6 11.3793 
653000 752 918.549 59021.842 93.177 11.4982 
654000 753 926.694 59108.976 90.562 11.593 
655000 754 934.025 59208.939 91.858 11.678 
656000 755 940.622 59285.629 92.175 11.7483 
657000 756 946.56 59351.114 87.972 11.8419 
658000 757 951.904 59450.572 90.23 11.9168 
659000 758 956.714 59541.756 89.5 11.9783 
660000 759 961.042 59651.339 90.225 12.0195 
661000 760 964.938 59778.851 94.41 12.0549 
662000 761 968.444 59888.952 97.791 12.0917 
663000 762 971.6 59967.2 94.334 12.1341 
664000 763 974.44 60063.697 94.347 12.1741 
665000 764 976.996 60219.345 97.919 12.2143 
666000 765 979.296 60315.216 100.893 12.2506 
667000 766 981.367 60392.267 98.938 12.2826 
668000 767 983.23 60504.319 99.834 12.3042 
669000 768 984.907 60570.536 97.515 12.3253 
670000 769 986.416 60662.819 94.404 12.3407 
671000 770 987.775 60745.123 95.621 12.3577 
672000 771 988.997 60834.068 94.409 12.3733 
673000 772 990.097 60920.948 91.713 12.412 
674000 773 991.088 61013.81 94.341 12.4226 
675000 774 991.979 61086.089 92.242 12.4315 
676000 775 992.781 61153.373 88.637 12.4324 
677000 776 993.503 61215.422 86.9 12.4362 
678000 777 994.153 61274.412 83.666 12.4277 
679000 778 994.737 61366.664 84.526 12.4212 
680000 779 995.264 61475.755 86.196 12.4188 
681000 780 995.737 61544.964 83.333 12.4318 
682000 781 996.164 61641.124 85.981 12.4483 
683000 782 996.547 61706.816 85.575 12.445 
684000 783 996.892 61802.851 85.391 12.4329 
685000 784 997.203 61896.395 87.886 12.4272 
686000 785 997.483 61984.611 84.393 12.4351 
687000 786 997.735 62117.945 90.931 12.4238 
688000 787 997.961 62182.497 88.883 12.4367 
689000 788 998.165 62299.922 89.31 12.4362 
690000 789 998.349 62401.95 92.321 12.4462 
691000 790 998.514 62507.518 91.723 12.4578 
692000 791 998.662 62624.606 95.539 12.467 
693000 792 998.796 62746.622 98.115 12.477 
694000 793 998.916 62896.077 102.863 12.4877 
695000 794 999.025 63023.527 105.381 12.4879 
696000 795 999.122 63120.265 106.238 12.4853 
697000 796 940.41 63232.584 99.457 11.7505 
698000 797 946.369 63307.963 100.791 11.8227 
699000 798 951.732 63408.16 97.57 11.881 
700000 799 956.559 63497.641 98.207 11.9342 
701000 800 960.903 63616.752 96.928 11.9778 
702000 801 964.813 63696.84 99.595 12.0194 
703000 802 968.331 63751.954 97.365 12.0609 
704000 803 971.498 63847.657 92.979 12.0961 
705000 804 974.349 63897.38 92.971 12.1191 
706000 805 976.914 63968.645 88.74 12.1656 
707000 806 979.222 64065.226 87.591 12.2113 
708000 808 921.27 64166.256 83.813 11.4846 
709000 809 929.143 64283.4 85.957 11.5937 
710000 810 936.229 64389.288 88.953 11.6674 
711000 811 942.606 64488.826 90.978 11.7339 
712000 812 948.345 64556.817 88.562 11.8018 
713000 813 953.511 64637.752 87.227 11.8607 
714000 814 958.16 64745.97 87.498 11.9333 
715000 815 936.744 64874.374 87.519 11.6682 
716000 816 943.069 64977.22 91.641 11.7413 
717000 817 948.762 65086.635 92.978 11.8164 
718000 818 953.886 65210.438 94.811 11.8743 
719000 819 958.498 65315.882 98.228 11.9205 
720000 820 962.648 65397.191 96.61 11.9814 
721000 821 966.383 65494.32 95.976 12.0482 
722000 822 969.745 65579.745 95.938 12.0741 
723000 823 972.77 65701.936 95.408 12.1125 
724000 824 975.493 65817.871 98.577 12.1481 
725000 825 977.944 65929.749 100.212 12.1794 
726000 826 980.15 66032.153 100.944 12.2015 
727000 827 982.135 66126.862 102.277 12.2198 
728000 828 983.921 66214.722 101.711 12.2435 
729000 829 985.529 66282.174 98.588 12.28 
730000 830 986.976 66355.01 95.114 12.3074 
731000 831 988.278 66449.706 93.055 12.3252 
732000 832 989.451 66533.171 93.941 12.3373 
733000 833 990.506 66604.689 92.36 12.3519 
734000 834 991.455 66652.945 89.806 12.3753 
735000 835 992.31 66747.322 85.941 12.3886 
736000 836 993.079 66835.904 87.578 12.3924 
737000 837 993.771 66928.742 87.03 12.4199 
738000 838 994.394 67010.64 87.141 12.4381 
739000 839 994.954 67084.379 86.809 12.425 
740000 840 995.459 67134.415 84.832 12.437 
741000 841 995.913 67213.4 81.703 12.4566 
742000 842 996.322 67294.623 82.48 12.4648 
743000 843 996.689 67402.633 82.638 12.4668 
744000 844 997.021 67489.535 85.036 12.4809 
745000 845 997.318 67596.86 83.519 12.4844 
746000 846 997.587 67683.853 88.351 12.4936 
747000 847 997.828 67806.842 87.591 12.4895 
748000 848 998.045 67900.813 93.051 12.4882 
749000 849 998.241 67927.421 89.527 12.4881 
750000 850 998.417 67979.737 83.026 12.4994 
751000 851 998.575 68051.232 81.087 12.4965 
752000 852 998.717 68168.655 79.939 12.5014 
753000 853 998.846 68266.592 85.039 12.4901 
754000 854 998.961 68374.886 85.78 12.5065 
755000 855 999.065 68485.576 88.671 12.506 
756000 856 999.159 68612.083 90.561 12.5037 
757000 857 999.243 68715.906 94.897 12.5118 
758000 858 999.318 68835.818 95.958 12.5122 
759000 859 999.387 68941.356 97.865 12.4975 
760000 860 999.448 69059.018 98.194 12.5104 
761000 861 999.503 69140.572 99.523 12.5082 
762000 862 999.553 69236.089 97.82 12.5215 
763000 863 999.598 69346.82 98.117 12.5255 
764000 864 999.638 69440.167 99.421 12.5207 
765000 865 999.674 69495.32 98.072 12.5249 
766000 866 999.707 69563.211 92.46 12.5129 
767000 867 999.736 69676.593 91.128 12.503 
768000 868 999.762 69791.569 94.419 12.5019 
769000 869 999.786 69906.047 96.286 12.5021 
770000 870 999.807 70033.52 97.954 12.5017 
771000 871 999.827 70134.3 100.126 12.5095 
772000 872 999.844 70210.01 100.188 12.5105 
773000 873 999.86 70318.578 98.01 12.5179 
774000 874 999.874 70426.465 99.668 12.5075 
775000 875 999.886 70524.026 100.21 12.4991 
776000 876 999.898 70635.407 101.048 12.5062 
777000 877 999.908 70735.598 100.942 12.4935 
778000 878 999.917 70838.932 100.491 12.4809 
779000 879 999.925 70976.909 101.825 12.4722 
780000 880 999.933 71063.339 104.486 12.4918 
781000 881 999.94 71146.486 102.641 12.5179 
782000 882 999.946 71221.514 100.595 12.5199 
783000 883 999.951 71317.668 97.134 12.517 
784000 884 999.956 71417.691 98.552 12.5358 
785000 885 999.96 71500.09 97.99 12.5402 
786000 886 999.964 71540.838 96.024 12.5411 
787000 887 999.968 71622.577 89.537 12.5301 
788000 888 999.971 71715.467 90.724 12.5317 
789000 889 999.974 71762.117 89.48 12.5317 
790000 890 999.977 71865.547 85.411 12.5522 
791000 891 999.979 71955.634 88.84 12.5412 
792000 892 999.981 72060.178 87.922 12.5415 
793000 893 999.983 72132.072 91.201 12.5439 
794000 894 999.985 72203.274 86.926 12.5471 
795000 895 999.986 72295.577 86.894 12.5459 
796000 896 999.988 72403.341 86.555 12.5314 
797000 897 999.989 72498.179 89.715 12.5397 
798000 898 999.99 72606.457 90.47 12.5475 
799000 899 999.991 72705.817 92.396 12.5489 
800000 900 999.992 72759.485 91.699 12.5308 
801000 901 999.993 72818.902 87.396 12.538 
802000 902 999.993 72887.532 84.603 12.5498 
803000 903 999.994 72939.333 83.681 12.542 
804000 904 999.995 73011.555 80.103 12.5387 
805000 905 999.995 73093.55 80.279 12.5309 
806000 906 999.996 73176.751 80.551 12.5356 
807000 907 999.996 73234.917 80.596 12.5391 
808000 908 999.996 73301.643 77.058 12.5479 
809000 909 999.997 73422.54 78.038 12.5282 
810000 910 999.997 73516.983 82.407 12.5186 
811000 911 999.997 73618.191 82.733 12.5125 
812000 912 999.998 73728.411 83.96 12.5163 
813000 913 999.998 73816.819 87.893 12.5213 
814000 914 999.998 73888.759 86.871 12.5277 
815000 915 999.998 73964.943 85.511 12.5107 
816000 916 999.998 74037.67 84.377 12.5079 
817000 917 999.999 74131.985 82.418 12.5032 
818000 918 999.999 74225.221 84.837 12.4814 
819000 920 933.999 74307.581 80.495 11.6526 
820000 921 940.599 74377.436 77.326 11.7439 
821000 922 946.539 74456.016 79.331 11.822 
822000 923 951.885 74520.275 77.143 11.8967 
823000 924 956.697 74633.337 79.133 11.9651 
824000 925 961.027 74701.553 82.381 12.0236 
825000 926 964.924 74736.217 76.07 12.0691 
826000 927 968.432 74785.862 73.671 12.1373 
827000 928 971.589 74878.767 72.55 12.1853 
828000 929 974.43 74962.146 74.355 12.2208 
829000 930 976.987 75055.709 76.603 12.2627 
830000 931 979.288 75143.522 77.826 12.3001 
831000 932 981.359 75203.649 76.778 12.3166 
832000 933 983.223 75281.635 77.108 12.3401 
833000 934 984.901 75335.443 74.491 12.3747 
834000 935 986.411 75442.22 76.405 12.383 
835000 936 987.77 75518.985 78.504 12.4081 
836000 937 988.993 75589.749 77.685 12.4089 
837000 938 990.094 75655.499 75.461 12.4263 
838000 939 991.084 75736.826 77.484 12.4423 
839000 940 991.976 75814.338 77.813 12.4377 
840000 941 992.778 75881.811 75.907 12.4589 
841000 942 939.1 75974.746 71.168 11.7945 
842000 943 945.19 76063.178 73.474 11.8688 
843000 944 950.671 76112.216 75.609 11.9403 
844000 945 955.604 76164.101 72.458 12.0215 
845000 946 960.044 76211.547 70.181 12.0625 
846000 947 963.139 76245.826 67.768 12.1013 
847000 948 966.825 76308.694 64.6 12.1456 
848000 949 970.143 76381.481 64.622 12.174 
849000 950 973.129 76424.449 65.203 12.1932 
850000 951 975.816 76522.092 62.832 12.2173 
851000 952 978.234 76609.048 66.703 12.2419 
852000 953 980.411 76673.317 68.603 12.2838 
853000 954 982.37 76753.745 68.104 12.3039 
854000 955 984.133 76813.732 69.587 12.3368 
855000 956 985.719 76901.345 68.573 12.3601 
856000 957 987.148 76978.212 70.221 12.3749 
857000 960 873.761 77031.551 61.599 10.9522 
858000 961 886.384 77068.36 58.093 11.1153 
859000 962 879.046 77122.774 58.017 11.0142 
860000 963 891.141 77171.487 56.707 11.16 
861000 964 902.027 77239.015 55.733 11.2883 
862000 965 876.325 77322.384 55.472 10.9538 
863000 966 888.692 77385.611 58.797 11.112 
864000 967 899.823 77447.04 59.828 11.263 
865000 968 909.841 77541.386 60.478 11.3733 
866000 969 918.857 77613.139 64.52 11.47 
867000 971 890.974 77691.252 61.49 11.1269 
868000 972 901.876 77764.111 63.695 11.2785 
869000 973 911.689 77815.586 61.043 11.4015 
870000 974 920.52 77885.928 62.37 11.514 
871000 975 928.468 77967.795 64.244 11.6255 
872000 976 935.621 78059.16 67.295 11.7141 
873000 977 942.059 78125.112 67.325 11.7936 
874000 978 947.853 78198.782 66.708 11.8593 
875000 979 936.968 78278.769 66.754 11.7168 
876000 980 943.271 78363.943 68.822 11.8011 
877000 981 948.944 78421.784 69.12 11.8511 
878000 982 954.05 78523.671 71.101 11.9108 
879000 983 958.645 78590.22 72.678 11.9886 
880000 984 962.78 78658.232 71.293 12.0326 
881000 985 966.502 78742.206 71.792 12.0754 
882000 986 969.852 78814.892 72.052 12.1071 
883000 987 972.867 78892.263 72.473 12.1515 
884000 989 891.422 78958.855 66.425 11.1317 
885000 990 902.28 79010.582 64.371 11.2654 
886000 991 846.652 79118.706 61.41 10.5684 
887000 992 861.987 79192.576 66.104 10.758 
888000 993 875.788 79268.068 66.453 10.9438 
889000 994 888.209 79318.27 66.782 11.088 
890000 995 899.388 79374.402 64.496 11.2296 
891000 996 909.449 79459.568 64.025 11.3707 
892000 997 918.505 79550.58 66.215 11.4815 
893000 998 926.654 79639.069 69.789 11.5732 
894000 999 933.989 79734.452 70.825 11.6513 
895000 1000 940.59 79827.279 73.789 11.7305 
896000 1001 946.531 79925.03 76.529 11.8009 
897000 1002 951.878 80000.94 78.21 11.8781 
898000 1003 956.69 80062.749 77.487 11.9458 
899000 1004 961.021 80105.788 75.066 12.0073 
900000 1005 964.919 80182.876 71.645 12.0689 
901000 1006 968.427 80267.593 73.702 12.1091 
902000 1007 968.784 80355.772 74.878 12.1169 
903000 1008 971.906 80440.747 75.545 12.1654 
904000 1009 974.715 80517.045 76.084 12.2067 
905000 1012 840.847 80606.453 67.222 10.5175 
906000 1013 856.763 80671.8 66.679 10.7068 
907000 1014 871.086 80740.715 67.149 10.8844 
908000 1015 883.978 80817.694 67.633 11.0591 
909000 1016 895.58 80892.933 67.793 11.1961 
910000 1017 906.022 80998.617 71.769 11.3085 
911000 1018 915.42 81074.531 74.17 11.4156 
912000 1019 923.878 81114.729 70.255 11.5105 
913000 1020 931.49 81169.031 69.137 11.6251 
914000 1021 938.341 81206.238 65.829 11.7299 
915000 1022 944.507 81272.03 65.543 11.8035 
916000 1023 950.056 81334.343 65.269 11.8769 
917000 1024 955.051 81367.061 62.053 11.9411 
918000 1025 959.546 81419.626 60.599 11.9867 
919000 1026 963.591 81483.672 60.103 12.0342 
920000 1027 967.232 81546.228 60.23 12.073 
921000 1028 959.509 81626.056 62.854 11.9812 
922000 1029 963.558 81681.583 61.629 12.0367 
923000 1030 967.202 81744.458 61.323 12.0758 
924000 1031 970.482 81825.504 60.824 12.1142 
925000 1032 973.434 81907.35 66.172 12.143 
926000 1033 976.09 82008.83 67.389 12.1733 
927000 1034 978.481 82089.196 70.447 12.2039 
928000 1035 980.633 82201.882 73.171 12.2219 
929000 1036 982.57 82305.879 75.8 12.2441 
930000 1037 984.313 82403.213 77.527 12.2641 
931000 1038 985.882 82487.144 79.975 12.275 
932000 1039 987.293 82592.544 82.273 12.2952 
933000 1040 988.564 82667.938 81.027 12.3238 
934000 1041 989.708 82779.661 83.146 12.3409 
935000 1043 910.263 82888.327 79.907 11.3435 
936000 1044 919.237 82974.572 81.561 11.4416 
937000 1045 927.313 83045.66 80.702 11.5427 
938000 1046 934.582 83114.344 79.516 11.6369 
939000 1047 941.124 83172.633 77.063 11.724 
940000 1048 947.011 83246.632 75.796 11.7856 
941000 1049 952.31 83298.503 74.029 11.8595 
942000 1050 957.079 83369.108 74.066 11.9228 
943000 1051 961.371 83432.561 73.211 11.9779 
944000 1052 965.234 83480.87 69.582 12.0198 
945000 1053 968.711 83558.95 70.452 12.06 
946000 1054 971.84 83632.847 71.871 12.0963 
947000 1055 974.656 83730.072 74.078 12.1379 
948000 1056 932.39 83842.175 70.753 11.6169 
949000 1057 939.151 83946.028 75.143 11.7024 
950000 1058 945.236 84044.059 80.225 11.7616 
951000 1059 950.712 84130.204 80.175 11.8256 
952000 1060 955.641 84199.892 80.25 11.8789 
953000 1061 960.077 84267.825 79.723 11.934 
954000 1062 964.069 84333.808 77.247 11.9817 
955000 1063 967.662 84406.176 77.86 12.0391 
956000 1064 970.896 84489.059 75.55 12.0842 
957000 1065 973.807 84596.665 76.959 12.1363 
958000 1066 976.426 84701.834 82.161 12.1841 
959000 1067 978.783 84800.433 81.987 12.2212 
960000 1068 980.905 84886.667 84.274 12.2386 
961000 1069 978.914 84952.263 83.447 12.2241 
962000 1070 981.023 85014.791 82.554 12.2484 
963000 1071 982.921 85067.512 80.696 12.2699 
964000 1072 984.629 85137.036 76.551 12.2945 
965000 1073 986.166 85208.618 75.531 12.3159 
966000 1074 987.549 85295.103 77.806 12.3419 
967000 1075 988.794 85373.133 76.614 12.3436 
968000 1076 989.915 85455.242 77.099 12.3507 
969000 1077 990.923 85556.135 78.24 12.3609 
970000 1078 973.831 85607.8 78.515 12.1638 
971000 1079 976.448 85695.74 75.914 12.213 
972000 1080 978.803 85792.319 76.964 12.2343 
973000 1081 980.923 85877.432 79.0 12.2432 
974000 1082 982.831 85919.865 79.343 12.2706 
975000 1083 984.547 85993.842 75.671 12.2788 
976000 1084 986.093 86104.086 75.6 12.3101 
977000 1086 902.235 86220.522 74.123 11.2664 
978000 1087 912.012 86333.563 77.275 11.3884 
979000 1088 920.81 86443.198 80.424 11.5046 
980000 1089 928.729 86565.707 82.978 11.6196 
981000 1090 935.856 86675.442 87.762 11.7032 
982000 1091 942.271 86770.361 89.618 11.7825 
983000 1092 948.044 86842.53 89.964 11.849 
984000 1093 953.239 86936.097 87.547 11.9134 
985000 1094 957.915 86997.055 88.55 11.9922 
986000 1095 962.124 87067.282 85.26 12.0455 
987000 1096 965.911 87131.411 83.622 12.0882 
988000 1097 969.32 87189.607 81.736 12.1144 
989000 1098 972.388 87267.467 79.504 12.1524 
990000 1099 975.149 87368.555 79.735 12.1858 
991000 1100 977.635 87472.065 82.255 12.2226 
992000 1101 979.871 87599.258 85.093 12.2464 
993000 1102 981.884 87695.68 88.645 12.2877 
994000 1103 983.696 87793.05 89.991 12.3261 
995000 1104 985.326 87915.68 90.111 12.3414 
996000 1105 986.793 88021.593 94.985 12.3449 
997000 1106 988.114 88136.052 93.944 12.3582 
998000 1107 989.303 88223.581 96.54 12.3778 
999000 1109 961.435 88296.934 90.7 12.035 
1000000 1110 965.292 88419.987 93.292 12.0907 
1001000 1111 968.762 88548.623 97.345 12.127 
1002000 1112 971.886 88638.617 96.306 12.1733 
1003000 1113 974.698 88757.817 98.304 12.1932 
1004000 1114 977.228 88839.351 97.634 12.2225 
1005000 1115 979.505 88887.736 92.063 12.2488 
1006000 1116 981.555 88978.126 91.99 12.2879 
1007000 1117 983.399 89075.707 92.52 12.2982 
1008000 1118 985.059 89188.86 94.23 12.3138 
1009000 1119 986.553 89266.786 92.813 12.3355 
1010000 1120 987.898 89344.496 91.574 12.3462 
1011000 1121 989.108 89430.118 90.865 12.3606 
1012000 1122 990.197 89507.19 89.848 12.3833 
1013000 1123 991.178 89574.225 87.856 12.3733 
1014000 1124 992.06 89646.844 86.228 12.3843 
1015000 1125 992.854 89710.287 83.317 12.4029 
1016000 1126 993.568 89806.496 85.12 12.4007 
1017000 1127 994.212 89856.139 80.767 12.413 
1018000 1128 994.79 89944.048 81.77 12.4315 
1019000 1129 995.311 90015.209 80.7 12.4339 
1020000 1130 995.78 90090.581 80.672 12.4359 
1021000 1131 996.202 90160.828 79.42 12.4518 
1022000 1132 996.582 90276.735 82.801 12.4593 
1023000 1133 996.924 90378.397 84.737 12.4508 
1024000 1134 997.231 90425.665 81.25 12.4559 
1025000 1135 997.508 90469.526 77.785 12.4762 
1026000 1136 997.757 90520.651 74.511 12.4938 
1027000 1137 997.982 90577.14 72.411 12.4994 
1028000 1138 998.184 90693.335 77.137 12.4944 
1029000 1139 998.365 90805.557 81.384 12.5129 
1030000 1140 998.529 90907.502 83.198 12.5158 
1031000 1141 998.676 91002.803 83.947 12.5275 
1032000 1142 998.808 91114.266 87.058 12.5203 
1033000 1143 998.927 91201.535 86.731 12.5233 
1034000 1144 999.035 91276.287 85.515 12.5079 
1035000 1145 999.131 91370.118 86.428 12.5078 
1036000 1146 999.218 91463.539 87.515 12.5108 
1037000 1147 999.296 91558.872 87.252 12.5063 
1038000 1148 999.367 91635.052 87.211 12.5 
1039000 1149 999.43 91729.248 87.956 12.5101 
1040000 1150 999.487 91809.066 86.799 12.5088 
1041000 1151 999.538 91884.281 86.202 12.5152 
1042000 1152 917.884 91974.663 78.108 11.4886 
1043000 1153 926.096 92041.487 79.755 11.584 
1044000 1154 933.486 92086.298 78.655 11.6799 
1045000 1155 940.138 92144.364 74.72 11.7626 
1046000 1156 946.124 92220.161 73.387 11.8433 
1047000 1157 951.512 92315.541 73.757 11.8909 
1048000 1158 956.36 92368.493 76.187 11.9391 
1049000 1159 960.724 92417.901 73.086 11.9953 
1050000 1160 964.652 92474.679 70.857 12.0329 
1051000 1161 968.187 92531.118 69.688 12.0769 
1052000 1163 878.231 92571.797 61.468 10.9514 
1053000 1164 890.408 92620.027 59.3 11.1064 
1054000 1166 823.331 92668.435 53.416 10.2751 
1055000 1167 840.998 92721.913 52.583 10.5087 
1056000 1169 795.888 92774.047 49.113 9.9445 
1057000 1172 696.482 92818.742 41.147 8.7096 
1058000 1175 550.524 92866.106 31.368 6.8915 
1059000 1176 595.471 92924.818 34.177 7.4552 
1060000 1177 635.924 92987.049 37.041 7.9574 
1061000 1178 672.332 93035.914 38.452 8.4166 
1062000 1179 705.099 93078.914 39.92 8.8254 
1063000 1180 734.589 93121.393 39.502 9.1835 
1064000 1181 761.13 93161.906 39.443 9.4959 
1065000 1183 770.715 93208.447 39.25 9.6342 
1066000 1184 793.644 93256.893 40.185 9.9159 
1067000 1185 814.279 93296.771 40.139 10.1662 
1068000 1186 832.851 93348.204 41.287 10.4073 
1069000 1187 849.566 93414.537 43.786 10.6199 
1070000 1188 864.61 93458.618 43.806 10.808 
1071000 1189 878.149 93513.573 44.93 10.9775 
1072000 1190 890.334 93603.31 49.397 11.1301 
1073000 1191 901.3 93689.253 53.042 11.276 
1074000 1192 911.17 93737.369 52.608 11.4084 
1075000 1193 920.053 93784.986 52.087 11.5317 
1076000 1194 928.048 93853.894 53.747 11.6151 
1077000 1195 935.243 93907.344 53.718 11.7046 
1078000 1196 941.719 93957.726 53.436 11.7783 
1079000 1197 947.547 94043.04 56.585 11.8748 
1080000 1198 869.792 94117.28 52.67 10.8981 
1081000 1199 882.813 94195.901 54.075 11.062 
1082000 1200 894.532 94275.723 56.673 11.2171 
1083000 1201 905.079 94372.115 59.35 11.3551 
1084000 1202 914.571 94450.092 62.697 11.4692 
1085000 1203 923.114 94541.639 65.256 11.5779 
1086000 1204 930.802 94607.432 66.951 11.6645 
1087000 1205 937.722 94645.187 66.643 11.7549 
1088000 1206 943.95 94719.706 63.365 11.845 
1089000 1207 949.555 94807.139 65.363 11.898 
1090000 1208 954.599 94907.484 67.681 11.9468 
1091000 1209 959.139 94988.556 70.234 12.0076 
1092000 1210 963.225 95079.011 71.963 12.0563 
1093000 1211 966.903 95170.801 73.161 12.0941 
1094000 1212 970.213 95228.7 75.764 12.1259 
1095000 1213 973.191 95270.893 72.99 12.1567 
1096000 1214 975.872 95316.345 70.011 12.2088 
1097000 1215 978.285 95376.986 67.124 12.2488 
1098000 1216 980.457 95422.783 66.988 12.2776 
1099000 1218 894.87 95508.829 59.665 11.2009 
1100000 1219 905.383 95574.592 63.363 11.3215 
1101000 1220 914.845 95616.385 61.559 11.4541 
1102000 1221 923.36 95688.473 59.737 11.5466 
1103000 1222 931.024 95745.959 60.681 11.625 
1104000 1223 937.922 95804.375 61.016 11.7085 
1105000 1224 944.129 95882.657 61.038 11.7907 
1106000 1225 949.717 95960.286 62.629 11.8494 
1107000 1226 954.745 96039.934 64.248 11.9086 
1108000 1227 959.27 96128.913 65.776 11.9643 
1109000 1228 963.343 96212.097 68.25 12.0348 
1110000 1229 967.009 96287.999 69.88 12.0897 
1111000 1231 927.777 96396.576 69.794 11.5962 
1112000 1232 935.0 96473.531 69.849 11.6961 
1113000 1233 941.5 96518.42 68.546 11.7792 
1114000 1234 947.35 96599.314 69.712 11.8397 
1115000 1235 952.615 96684.13 70.796 11.8856 
1116000 1236 957.353 96770.629 72.699 11.9622 
1117000 1237 961.618 96826.458 70.762 12.0261 
1118000 1238 965.456 96906.144 72.262 12.0726 
1119000 1239 968.91 96976.37 71.886 12.1193 
1120000 1240 972.019 97063.391 73.008 12.1618 
1121000 1241 974.818 97141.155 74.331 12.2047 
1122000 1242 977.336 97220.857 73.685 12.237 
1123000 1243 979.602 97314.683 76.362 12.2694 
1124000 1244 981.642 97380.609 75.157 12.303 
1125000 1245 983.478 97443.31 73.448 12.3152 
1126000 1246 985.13 97518.613 75.19 12.3216 
1127000 1247 986.617 97566.105 71.984 12.3283 
1128000 1248 987.955 97619.471 69.739 12.3315 
1129000 1249 989.16 97675.841 68.534 12.3441 
1130000 1250 990.244 97713.558 65.897 12.3599 
1131000 1251 991.219 97763.915 63.99 12.3807 
1132000 1252 992.097 97833.013 64.065 12.3922 
1133000 1253 992.888 97906.327 63.989 12.4059 
1134000 1254 993.599 97963.678 64.382 12.4131 
1135000 1255 994.239 98040.661 64.628 12.4211 
1136000 1256 994.815 98103.802 65.772 12.4388 
1137000 1257 995.334 98185.81 66.755 12.4302 
1138000 1258 995.8 98263.481 67.669 12.4265 
1139000 1259 996.22 98341.534 70.075 12.4316 
1140000 1260 996.598 98402.18 67.786 12.4456 
1141000 1261 996.938 98487.111 69.838 12.4561 
1142000 1262 997.245 98537.298 68.45 12.4699 
1143000 1263 997.52 98596.93 67.259 12.4658 
1144000 1264 997.768 98683.659 68.48 12.4628 
1145000 1265 997.991 98749.176 69.451 12.4586 
1146000 1266 998.192 98821.922 68.793 12.4547 
1147000 1267 998.373 98870.448 66.791 12.4543 
1148000 1268 998.536 98964.446 69.914 12.4532 
1149000 1269 998.682 99032.902 69.557 12.4519 
1150000 1270 998.814 99103.496 69.35 12.4664 
1151000 1271 998.932 99198.506 72.437 12.4885 
1152000 1272 999.039 99297.621 75.263 12.4884 
1153000 1273 999.135 99363.214 73.938 12.4972 
1154000 1274 999.222 99434.814 73.859 12.4871 
1155000 1275 999.3 99490.13 72.343 12.5011 
1156000 1276 999.37 99579.37 74.092 12.5129 
1157000 1277 999.433 99671.536 75.529 12.5104 
1158000 1278 999.489 99704.05 72.114 12.5115 
1159000 1279 999.54 99755.411 68.682 12.5324 
1160000 1280 999.586 99829.356 69.781 12.519 
1161000 1281 999.628 99877.901 68.103 12.5374 
1162000 1282 999.665 99957.969 68.399 12.528 
1163000 1283 999.699 100037.46 69.05 12.5197 
1164000 1284 999.729 100110.223 69.951 12.5131 
1165000 1285 999.756 100180.671 70.382 12.5143 
1166000 1286 999.78 100229.384 67.951 12.5238 
1167000 1287 999.802 100271.304 66.087 12.516 
1168000 1288 999.822 100343.024 66.638 12.5094 
1169000 1289 999.84 100422.264 67.251 12.5095 
1170000 1290 999.856 100511.582 70.143 12.4956 
1171000 1291 999.87 100586.642 70.311 12.4955 
1172000 1293 913.895 100678.946 65.359 11.4204 
1173000 1294 834.905 100779.68 60.223 10.4304 
1174000 1295 851.415 100860.54 65.41 10.6473 
1175000 1302 521.946 100974.952 42.971 6.5272 
1176000 1303 569.752 101076.352 48.408 7.1326 
1177000 1310 356.923 101214.24 34.446 4.4675 
1178000 1311 332.731 101307.104 32.578 4.17 
1179000 1314 349.531 101409.938 34.925 4.3804 
1180000 1317 359.628 101514.452 36.166 4.5015 
1181000 1318 423.665 101571.023 39.173 5.2985 
1182000 1319 481.299 101640.303 41.286 6.0089 
1183000 1320 533.169 101712.725 44.175 6.6631 
1184000 1321 579.852 101767.664 46.115 7.265 
1185000 1322 621.867 101830.862 46.688 7.792 
1186000 1323 659.68 101905.785 50.613 8.2598 
1187000 1324 693.712 101983.524 52.999 8.6985 
1188000 1325 724.341 102023.743 51.817 9.0789 
1189000 1326 751.907 102089.959 52.864 9.4145 
1190000 1327 776.716 102154.694 54.404 9.7172 
1191000 1328 799.044 102231.282 56.802 9.9955 
1192000 1329 819.14 102280.08 56.315 10.2564 
1193000 1330 837.226 102326.638 55.229 10.4961 
1194000 1331 853.503 102389.995 54.891 10.6996 
1195000 1332 868.153 102466.737 57.848 10.8826 
1196000 1333 881.338 102561.957 60.455 11.0402 
1197000 1334 893.204 102641.301 63.061 11.1958 
1198000 1335 903.884 102704.488 64.011 11.3162 
1199000 1336 913.495 102764.379 62.963 11.4348 
1200000 1337 922.146 102822.002 62.449 11.5447 
1201000 1338 929.931 102875.763 61.309 11.6519 
1202000 1339 936.938 102973.021 65.533 11.7307 
1203000 1340 943.244 103004.655 63.225 11.8128 
1204000 1341 900.12 103069.952 59.586 11.2785 
1205000 1342 910.108 103119.735 59.557 11.3989 
1206000 1343 919.097 103185.282 57.939 11.4901 
1207000 1344 927.187 103248.544 59.421 11.5816 
1208000 1346 853.922 103308.447 55.223 10.6758 
1209000 1347 868.53 103387.579 54.382 10.852 
1210000 1349 859.109 103457.677 56.089 10.724 
1211000 1350 873.198 103498.913 54.078 10.9049 
1212000 1351 885.878 103612.229 60.245 11.0565 
1213000 1352 897.29 103712.281 64.519 11.2023 
1214000 1353 907.561 103814.801 68.785 11.3193 
1215000 1354 916.805 103903.524 69.862 11.4291 
1216000 1355 838.225 103979.026 64.654 10.4534 
1217000 1356 854.402 104093.207 65.648 10.6564 
1218000 1357 868.962 104178.413 70.972 10.8474 
1219000 1358 882.066 104234.279 71.594 11.0108 
1220000 1359 893.859 104293.339 70.327 11.1437 
1221000 1360 904.473 104362.654 69.041 11.2866 
1222000 1361 914.026 104431.867 69.175 11.4136 
1223000 1362 922.623 104516.855 69.028 11.506 
1224000 1363 930.361 104613.817 70.897 11.6034 
1225000 1364 937.325 104712.974 73.634 11.6774 
1226000 1365 943.592 104829.429 75.965 11.7572 
1227000 1366 949.233 104897.644 79.832 11.8425 
1228000 1367 954.31 105001.942 78.856 11.9093 
1229000 1368 958.879 105072.345 81.722 11.9614 
1230000 1369 962.991 105154.428 80.153 12.0067 
1231000 1370 966.692 105236.094 80.441 12.0658 
1232000 1371 970.023 105345.146 80.557 12.1254 
1233000 1372 973.02 105409.654 83.013 12.1639 
1234000 1373 975.718 105495.799 81.474 12.1871 
1235000 1374 978.147 105557.801 82.219 12.2185 
1236000 1375 980.332 105619.31 80.072 12.2556 
1237000 1376 982.299 105717.973 77.903 12.2691 
1238000 1377 984.069 105792.336 80.22 12.2893 
1239000 1378 985.662 105823.162 79.515 12.3035 
1240000 1379 987.096 105881.326 74.511 12.3172 
1241000 1380 988.386 105958.974 73.06 12.3473 
1242000 1381 989.548 106080.09 73.655 12.3498 
1243000 1382 990.593 106150.355 78.651 12.3568 
1244000 1383 991.534 106205.073 77.466 12.3625 
1245000 1384 992.38 106275.234 75.241 12.3731 
1246000 1385 993.142 106369.191 74.7 12.3875 
1247000 1386 993.828 106450.045 77.418 12.3962 
1248000 1387 994.445 106525.272 76.569 12.4001 
1249000 1388 995.001 106632.083 77.835 12.4067 
1250000 1389 995.501 106720.542 79.887 12.4189 
1251000 1390 995.951 106802.687 80.468 12.4321 
1252000 1391 996.355 106885.717 80.762 12.4363 
1253000 1392 996.72 106961.476 80.945 12.4305 
1254000 1399 598.038 107066.661 49.861 7.4612 
1255000 1400 553.335 107127.443 46.522 6.9037 
1256000 1401 598.001 107193.539 47.385 7.4651 
1257000 1403 588.681 107263.443 46.546 7.3581 
1258000 1404 629.813 107296.309 47.618 7.8588 
1259000 1405 666.832 107350.346 45.304 8.3109 
1260000 1406 700.148 107435.758 47.033 8.7137 
1261000 1410 571.003 107497.593 38.7 7.1107 
1262000 1412 577.613 107575.28 40.818 7.1928 
1263000 1418 386.094 107650.386 28.161 4.8105 
1264000 1421 325.52 107748.348 25.504 4.0541 
1265000 1425 328.695 107849.684 27.56 4.107 
1266000 1426 395.825 107909.944 30.711 4.9478 
1267000 1428 350.738 108003.817 28.838 4.385 
1268000 1429 415.664 108051.672 33.846 5.1935 
1269000 1430 474.098 108105.155 34.798 5.9384 
1270000 1432 490.019 108177.196 35.204 6.1223 
1271000 1433 541.017 108219.775 37.791 6.7606 
1272000 1434 586.916 108251.249 37.161 7.3396 
1273000 1438 505.986 108342.75 32.884 6.3392 
1274000 1440 441.399 108400.161 30.461 5.5261 
1275000 1444 411.632 108489.155 28.821 5.1639 
1276000 1446 445.222 108563.712 31.528 5.5783 
1277000 1447 500.7 108612.462 33.312 6.2652 
1278000 1452 363.869 108704.672 26.374 4.5536 
1279000 1454 398.634 108784.515 29.662 4.991 
1280000 1457 336.788 108832.052 24.278 4.2169 
1281000 1459 380.998 108919.602 27.12 4.772 
1282000 1461 423.409 108991.133 30.155 5.3101 
1283000 1462 401.968 109058.559 29.554 5.0386 
1284000 1465 429.125 109120.756 30.284 5.3827 
1285000 1467 454.391 109207.966 32.919 5.7108 
1286000 1469 404.127 109301.275 30.776 5.0813 
1287000 1470 463.714 109355.402 36.736 5.8186 
1288000 1471 517.343 109441.922 37.539 6.499 
1289000 1472 565.608 109506.945 43.712 7.0875 
1290000 1477 455.414 109604.85 34.97 5.7027 
1291000 1478 509.873 109689.3 40.487 6.3886 
1292000 1479 558.886 109723.86 39.369 7.0114 
1293000 1480 602.997 109767.283 39.889 7.5603 
1294000 1481 642.697 109834.187 42.168 8.066 
1295000 1482 678.428 109900.488 44.403 8.5157 
1296000 1483 710.585 109976.642 48.431 8.9032 
1297000 1484 739.526 110072.479 52.934 9.2625 
1298000 1485 765.574 110166.339 57.255 9.5874 
1299000 1486 789.016 110256.694 60.928 9.875 
1300000 1487 810.115 110338.553 63.122 10.1348 
1301000 1488 829.103 110414.281 63.177 10.3772 
1302000 1489 846.193 110522.771 67.476 10.6147 
1303000 1490 861.574 110622.645 71.156 10.7969 
1304000 1491 875.416 110714.757 73.746 10.9587 
1305000 1492 887.875 110785.177 73.139 11.1037 
1306000 1493 899.087 110857.747 73.085 11.2475 
1307000 1494 909.178 110924.119 72.475 11.3599 
1308000 1495 918.261 110997.877 72.479 11.4746 
1309000 1496 926.435 111077.084 73.049 11.5802 
1310000 1497 933.791 111148.373 72.857 11.6766 
1311000 1498 940.412 111264.599 77.579 11.7628 
1312000 1499 946.371 111373.586 81.612 11.832 
1313000 1500 951.734 111491.528 83.553 11.9228 
1314000 1501 956.56 111586.276 85.699 11.9764 
1315000 1502 960.904 111653.217 83.317 12.0411 
1316000 1503 964.814 111751.013 84.422 12.089 
1317000 1504 968.332 111870.664 87.838 12.1238 
1318000 1505 971.499 111895.752 83.247 12.1722 
1319000 1506 974.349 111938.163 78.865 12.2009 
1320000 1507 976.914 111976.763 74.5 12.2317 
1321000 1508 979.223 112071.935 75.571 12.2554 
1322000 1509 981.301 112146.251 76.374 12.2908 
1323000 1510 983.171 112229.805 77.899 12.3158 
1324000 1511 908.454 112263.943 70.685 11.3863 
1325000 1513 846.647 112351.652 62.981 10.6206 
1326000 1514 861.983 112421.564 64.291 10.8071 
1327000 1515 875.784 112475.584 65.022 10.9797 
1328000 1516 888.206 112537.101 65.768 11.1471 
1329000 1517 899.385 112603.474 62.202 11.2748 
1330000 1520 748.682 112655.931 51.987 9.3971 
1331000 1521 773.814 112717.721 51.826 9.7163 
1332000 1524 694.06 112777.486 46.263 8.7126 
1333000 1525 651.854 112829.666 42.392 8.1831 
1334000 1526 686.669 112872.301 44.106 8.6097 
1335000 1527 718.002 112921.273 43.068 9.003 
1336000 1528 746.202 112965.058 44.673 9.3516 
1337000 1529 771.582 113025.705 44.117 9.6721 
1338000 1530 794.423 113060.553 46.496 9.952 
1339000 1531 814.981 113107.586 44.441 10.2202 
1340000 1532 833.483 113179.33 45.13 10.4452 
1341000 1533 850.135 113266.467 48.402 10.6453 
1342000 1534 865.121 113339.295 54.274 10.8294 
1343000 1535 878.609 113386.519 53.167 11.0023 
1344000 1539 656.13 113429.532 38.922 8.2169 
1345000 1540 690.517 113484.698 39.182 8.6419 
1346000 1541 721.466 113539.792 41.002 9.0269 
1347000 1542 749.319 113601.018 42.522 9.3688 
1348000 1543 774.387 113678.789 44.798 9.7011 
1349000 1545 730.554 113759.914 44.434 9.1584 
1350000 1546 757.498 113819.865 47.366 9.4938 
1351000 1547 781.748 113905.183 50.097 9.7918 
1352000 1548 803.574 113940.074 50.68 10.0686 
1353000 1549 823.216 114016.177 49.801 10.3119 
1354000 1550 840.895 114101.157 54.261 10.5313 
1355000 1551 856.805 114167.882 57.297 10.7289 
1356000 1552 871.125 114244.054 57.51 10.9261 
1357000 1553 884.012 114323.974 61.208 11.0943 
1358000 1554 895.611 114374.189 59.118 11.2172 
1359000 1555 906.05 114484.097 62.923 11.3352 
1360000 1557 837.2 114590.286 61.923 10.4615 
1361000 1558 853.48 114690.202 66.493 10.6606 
1362000 1560 798.419 114779.044 63.483 9.9914 
1363000 1561 818.577 114871.743 66.626 10.2552 
1364000 1562 836.719 114966.277 69.614 10.4766 
1365000 1563 853.048 115013.216 66.341 10.681 
1366000 1564 867.743 115090.381 68.097 10.8579 
1367000 1565 880.968 115131.877 65.698 11.0145 
1368000 1566 892.872 115186.607 64.972 11.1668 
1369000 1567 903.584 115249.926 64.742 11.3012 
1370000 1568 913.226 115317.292 63.651 11.4118 
1371000 1569 921.903 115374.937 64.188 11.5155 
1372000 1570 929.713 115433.655 61.864 11.6317 
1373000 1571 936.742 115511.297 64.005 11.7354 
1374000 1572 943.068 115617.093 67.918 11.8143 
1375000 1573 948.761 115693.416 69.61 11.8863 
1376000 1574 953.885 115777.591 71.051 11.9493 
1377000 1575 958.496 115874.187 73.019 11.9943 
1378000 1576 962.647 115955.815 74.63 12.043 
1379000 1577 966.382 116060.301 77.323 12.0891 
1380000 1578 969.744 116140.266 76.818 12.1281 
1381000 1579 972.769 116230.795 79.018 12.1539 
1382000 1580 975.492 116332.159 80.758 12.1874 
1383000 1581 944.343 116460.759 79.458 11.8008 
1384000 1582 949.909 116568.597 85.808 11.8624 
1385000 1583 954.918 116630.157 84.908 11.9336 
1386000 1584 959.426 116717.066 82.546 12.001 
1387000 1585 963.484 116821.336 85.343 12.0387 
1388000 1586 967.135 116906.998 86.135 12.0959 
1389000 1587 970.422 117013.024 86.51 12.1395 
1390000 1588 973.38 117092.422 87.974 12.1809 
1391000 1589 976.042 117155.326 85.399 12.2213 
1392000 1590 978.437 117241.817 85.067 12.2303 
1393000 1591 980.594 117323.388 84.003 12.2522 
1394000 1592 982.534 117388.383 83.544 12.2676 
1395000 1593 984.281 117459.299 81.694 12.2948 
1396000 1594 985.853 117537.141 81.063 12.328 
1397000 1595 987.268 117588.705 78.675 12.3415 
1398000 1596 988.541 117653.209 77.568 12.3512 
1399000 1597 989.687 117699.483 75.108 12.366 
1400000 1598 990.718 117774.547 73.855 12.367 
1401000 1599 991.646 117852.631 73.384 12.3737 
1402000 1600 992.482 117943.772 74.489 12.3876 
1403000 1601 993.233 118027.493 75.932 12.3976 
1404000 1602 993.91 118111.353 77.142 12.3991 
1405000 1603 994.519 118180.952 77.416 12.4128 
1406000 1604 995.067 118262.261 77.142 12.4341 
1407000 1605 995.56 118331.338 77.785 12.4457 
1408000 1606 996.004 118419.313 77.2 12.4561 
1409000 1607 996.404 118492.103 76.938 12.4672 
1410000 1609 915.587 118554.32 70.331 11.4699 
1411000 1610 924.028 118649.398 69.836 11.5854 
1412000 1611 931.626 118733.56 74.181 11.6808 
1413000 1612 938.463 118805.424 73.126 11.7591 
1414000 1613 944.617 118902.913 75.295 11.837 
1415000 1614 950.155 119026.159 78.464 11.9091 
1416000 1615 955.14 119132.385 81.131 11.9767 
1417000 1616 959.626 119234.091 84.612 12.0247 
1418000 1617 963.663 119294.685 82.305 12.0837 
1419000 1618 967.297 119382.097 83.653 12.1346 
1420000 1619 970.567 119466.095 81.994 12.1834 
1421000 1620 973.51 119561.971 83.789 12.2135 
1422000 1621 976.159 119674.931 86.177 12.2297 
1423000 1622 978.543 119749.84 85.956 12.2682 
1424000 1623 980.689 119831.954 85.5 12.2989 
1425000 1624 982.62 119896.647 84.242 12.306 
1426000 1625 984.358 119970.97 83.469 12.3245 
1427000 1626 985.922 120041.53 81.352 12.3341 
1428000 1627 987.33 120129.444 80.942 12.3466 
1429000 1628 988.597 120226.874 83.34 12.3682 
1430000 1629 989.737 120297.512 81.781 12.4116 
1431000 1630 990.764 120376.471 81.381 12.4193 
1432000 1631 991.687 120469.255 83.527 12.4336 
1433000 1632 992.519 120533.058 82.673 12.4428 
1434000 1633 993.267 120630.311 81.605 12.4486 
1435000 1634 993.94 120697.572 82.757 12.4651 
1436000 1635 994.546 120746.317 78.312 12.4922 
1437000 1636 995.091 120810.322 77.913 12.4835 
1438000 1637 995.582 120906.054 77.306 12.4787 
1439000 1638 996.024 120979.143 77.494 12.4912 
1440000 1639 996.422 121075.695 79.657 12.4975 
1441000 1640 996.779 121149.097 80.469 12.4965 
1442000 1641 997.102 121215.945 77.624 12.5 
1443000 1642 997.391 121287.453 77.67 12.501 
1444000 1643 997.652 121365.566 78.091 12.4919 
1445000 1644 997.887 121426.637 75.975 12.5003 
1446000 1645 998.098 121496.589 76.061 12.49 
1447000 1646 998.288 121571.755 75.853 12.4833 
1448000 1647 998.46 121631.854 74.858 12.4771 
1449000 1648 998.614 121686.949 71.573 12.4706 
1450000 1649 998.752 121772.372 73.423 12.4688 
1451000 1650 998.877 121851.933 74.597 12.4851 
1452000 1651 998.989 121912.483 72.349 12.4816 
1453000 1652 999.09 122006.432 74.172 12.4669 
1454000 1653 999.181 122073.087 74.072 12.4569 
1455000 1654 999.263 122151.453 72.852 12.4614 
1456000 1655 999.337 122258.685 76.426 12.4587 
1457000 1656 999.403 122366.711 80.579 12.4767 
1458000 1657 946.263 122398.259 75.923 11.8224 
1459000 1658 951.637 122451.195 71.352 11.9054 
1460000 1659 956.473 122543.366 69.766 11.9709 
1461000 1660 960.826 122622.117 72.187 12.0345 
1462000 1661 964.743 122719.39 73.192 12.0624 
1463000 1662 968.269 122795.484 75.082 12.125 
1464000 1663 971.442 122877.5 75.598 12.1823 
1465000 1664 974.298 122980.269 76.02 12.2111 
1466000 1665 976.868 123101.699 78.772 12.2453 
1467000 1666 979.181 123217.262 83.602 12.2739 
1468000 1667 981.263 123274.044 86.262 12.3031 
1469000 1668 983.137 123322.817 83.077 12.3142 
1470000 1669 984.823 123409.2 79.422 12.3202 
1471000 1670 986.341 123438.172 80.25 12.3297 
1472000 1671 987.707 123530.807 74.916 12.3658 
1473000 1672 988.936 123563.252 77.005 12.3975 
1474000 1673 990.042 123641.099 72.161 12.4156 
1475000 1674 991.038 123738.091 73.498 12.4355 
1476000 1675 991.934 123799.629 76.719 12.4627 
1477000 1676 992.741 123895.811 73.582 12.4629 
1478000 1678 916.72 124011.789 71.968 11.5171 
1479000 1679 925.048 124100.592 75.461 11.6178 
1480000 1680 932.543 124166.018 76.287 11.6969 
1481000 1681 939.289 124252.184 74.56 11.7837 
1482000 1682 945.36 124337.925 76.437 11.8385 
1483000 1683 950.824 124412.498 76.459 11.8978 
1484000 1684 955.742 124506.77 77.623 11.9596 
1485000 1685 960.168 124594.069 77.975 12.0172 
1486000 1686 964.151 124674.896 79.72 12.057 
1487000 1687 967.736 124750.971 78.874 12.0937 
1488000 1688 970.962 124843.159 79.736 12.123 
1489000 1689 973.866 124967.446 81.868 12.1674 
1490000 1690 976.479 125067.326 87.47 12.1905 
1491000 1691 978.831 125150.859 86.408 12.2166 
1492000 1692 980.948 125251.042 86.436 12.2513 
1493000 1693 982.853 125330.995 87.133 12.2725 
1494000 1694 984.568 125393.353 86.51 12.288 
1495000 1695 986.111 125451.371 82.948 12.3133 
1496000 1696 987.5 125520.442 80.968 12.3443 
1497000 1697 988.75 125581.807 80.189 12.3496 
1498000 1698 989.875 125677.184 78.052 12.3774 
1499000 1699 990.888 125787.128 82.115 12.3875 
1500000 1700 991.799 125888.428 84.165 12.3985 
1501000 1701 992.619 125964.266 84.765 12.4013 
1502000 1702 993.357 126048.364 83.131 12.3926 
1503000 1703 994.021 126145.523 84.253 12.3918 
1504000 1704 994.619 126233.135 86.711 12.3998 
1505000 1705 995.157 126299.987 83.735 12.4046 
1506000 1706 995.642 126414.711 85.031 12.4013 
1507000 1707 996.077 126533.44 87.42 12.396 
1508000 1708 996.47 126654.137 90.99 12.4001 
1509000 1709 996.823 126736.477 91.842 12.4096 
1510000 1710 997.14 126838.713 92.063 12.4233 
1511000 1711 997.426 126922.43 92.951 12.4252 
1512000 1712 997.684 127047.69 91.898 12.439 
1513000 1713 997.915 127128.533 94.813 12.4426 
1514000 1714 998.124 127229.729 93.448 12.4439 
1515000 1715 998.311 127359.53 96.407 12.4492 
1516000 1716 998.48 127466.698 98.796 12.4561 
1517000 1717 998.632 127554.463 99.661 12.466 
1518000 1718 998.769 127651.637 97.869 12.4783 
1519000 1720 912.703 127762.757 89.326 11.4051 
1520000 1721 921.433 127875.019 93.499 11.5195 
1521000 1722 929.289 127975.889 93.117 11.6113 
1522000 1723 936.36 128079.452 93.304 11.6964 
1523000 1725 862.452 128182.001 87.827 10.7849 
1524000 1727 805.786 128271.81 81.053 10.067 
1525000 1728 769.507 128386.23 78.538 9.613 
1526000 1729 792.557 128463.432 80.23 9.9043 
1527000 1732 681.844 128557.042 67.114 8.5328 
1528000 1733 713.659 128644.102 67.859 8.9345 
1529000 1734 742.294 128733.672 71.468 9.2837 
1530000 1735 768.064 128817.761 73.361 9.6065 
1531000 1736 791.258 128902.648 73.447 9.904 
1532000 1737 812.132 128999.726 75.667 10.1683 
1533000 1738 830.919 129090.435 76.783 10.3953 
1534000 1739 847.827 129197.635 80.711 10.6081 
1535000 1740 863.044 129293.653 82.986 10.8174 
1536000 1741 876.74 129398.897 83.523 10.9877 
1537000 1742 889.066 129499.826 85.842 11.1327 
1538000 1743 900.159 129585.798 85.717 11.2632 
1539000 1744 910.143 129662.167 87.533 11.3735 
1540000 1745 919.129 129764.317 86.176 11.4832 
1541000 1746 927.216 129861.455 88.232 11.5724 
1542000 1747 934.494 129989.357 90.587 11.6525 
1543000 1748 941.045 130100.611 92.736 11.7365 
1544000 1749 946.941 130232.591 95.574 11.8142 
1545000 1750 952.246 130345.05 98.765 11.8783 
1546000 1751 957.022 130473.179 99.844 11.9394 
1547000 1752 961.32 130562.937 102.035 12.0101 
1548000 1753 965.188 130665.396 99.803 12.0451 
1549000 1754 968.669 130802.545 103.339 12.083 
1550000 1755 971.802 130922.542 104.686 12.1186 
1551000 1756 974.622 131015.324 105.609 12.1562 
1552000 1757 977.16 131077.263 103.593 12.1792 
1553000 1759 889.999 131133.49 89.137 11.1074 
1554000 1760 900.999 131209.635 86.404 11.257 
1555000 1761 910.899 131297.301 87.119 11.3875 
1556000 1762 919.809 131388.781 85.51 11.508 
1557000 1763 927.829 131475.442 87.31 11.6065 
1558000 1764 935.046 131533.829 85.572 11.6852 
1559000 1765 941.541 131599.552 82.937 11.7636 
1560000 1766 947.387 131664.778 80.917 11.8378 
1561000 1767 952.648 131728.611 79.688 11.9083 
1562000 1768 957.383 131793.289 78.46 11.9701 
1563000 1769 961.645 131864.434 76.895 12.0263 
1564000 1770 965.481 131928.22 75.802 12.0622 
1565000 1771 968.933 132019.412 76.69 12.1196 
1566000 1772 972.039 132134.336 79.868 12.1621 
1567000 1773 959.035 132242.401 81.485 11.9906 
1568000 1774 963.132 132339.914 83.639 12.0349 
1569000 1775 966.819 132457.679 84.627 12.085 
1570000 1776 970.137 132559.953 87.327 12.1168 
1571000 1777 973.123 132657.016 89.11 12.1476 
1572000 1778 975.811 132761.274 89.307 12.1926 
1573000 1779 978.23 132877.509 92.466 12.2184 
1574000 1780 980.407 133012.515 95.739 12.2505 
1575000 1781 982.366 133136.289 98.636 12.2816 
1576000 1782 984.129 133237.76 100.985 12.3147 
1577000 1783 985.717 133326.027 100.816 12.3267 
1578000 1784 987.145 133406.208 99.206 12.3489 
1579000 1785 988.43 133497.392 96.732 12.3578 
1580000 1786 989.587 133628.036 97.512 12.3623 
1581000 1787 990.629 133741.166 101.275 12.3817 
1582000 1789 918.309 133844.65 94.82 11.4792 
1583000 1790 926.478 133921.642 93.667 11.5902 
1584000 1791 933.83 134004.123 91.415 11.6728 
1585000 1792 940.447 134060.426 88.36 11.7547 
1586000 1793 946.403 134155.758 90.442 11.8219 
1587000 1794 951.762 134228.263 87.55 11.8949 
1588000 1795 956.586 134322.594 87.15 11.9613 
1589000 1796 901.228 134413.648 82.319 11.26 
1590000 1797 911.105 134501.304 83.293 11.3774 
1591000 1799 882.895 134568.681 79.39 11.0271 
1592000 1800 894.605 134654.798 78.317 11.1787 
1593000 1801 905.145 134751.51 79.509 11.3076 
1594000 1802 914.63 134836.916 80.896 11.427 
1595000 1803 923.167 134956.961 83.611 11.5417 
1596000 1804 930.851 135078.691 86.497 11.6292 
1597000 1805 937.766 135210.833 93.056 11.7074 
1598000 1806 943.989 135290.691 91.779 11.8005 
1599000 1807 949.59 135390.441 92.875 11.8586 
1600000 1808 954.631 135504.31 93.528 11.9186 
1601000 1809 959.168 135620.585 96.923 11.9825 
1602000 1810 963.251 135736.132 99.012 12.0234 
1603000 1811 966.926 135819.306 95.58 12.051 
1604000 1812 970.233 135928.274 97.724 12.0863 
1605000 1813 973.21 136034.677 99.033 12.1109 
1606000 1814 975.889 136146.664 99.252 12.1419 
1607000 1815 978.3 136255.774 100.972 12.1743 
1608000 1816 980.47 136370.239 103.124 12.1846 
1609000 1817 982.423 136453.877 100.817 12.2115 
1610000 1818 984.181 136533.751 99.525 12.2355 
1611000 1819 985.763 136622.398 97.783 12.2786 
1612000 1820 987.186 136694.618 96.334 12.3105 
1613000 1821 988.468 136804.169 95.011 12.3296 
1614000 1822 989.621 136931.833 98.676 12.3701 
1615000 1823 990.659 137072.106 101.327 12.3791 
1616000 1824 991.593 137222.519 108.108 12.3876 
1617000 1825 992.434 137328.478 107.941 12.394 
1618000 1826 993.19 137431.162 107.364 12.3985 
1619000 1827 993.871 137550.362 110.179 12.4063 
1620000 1828 994.484 137655.665 108.018 12.4267 
1621000 1829 995.036 137766.244 109.065 12.4335 
1622000 1830 995.532 137845.665 107.909 12.4435 
1623000 1831 995.979 137915.764 101.849 12.4471 
1624000 1832 996.381 137992.541 101.474 12.4418 
1625000 1833 996.743 138049.24 97.664 12.459 
1626000 1834 997.069 138093.904 91.596 12.4544 
1627000 1835 997.362 138152.005 88.833 12.4542 
1628000 1836 997.626 138215.473 85.573 12.4575 
1629000 1837 997.863 138286.624 84.28 12.4707 
1630000 1838 998.077 138341.737 81.758 12.4756 
1631000 1839 998.269 138412.622 79.247 12.4917 
1632000 1840 998.442 138508.345 79.118 12.4913 
1633000 1841 998.598 138584.461 81.124 12.4855 
1634000 1842 998.738 138649.651 80.238 12.4808 
1635000 1843 998.864 138702.567 77.408 12.4802 
1636000 1844 998.978 138767.02 74.876 12.4894 
1637000 1845 999.08 138838.887 75.467 12.4894 
1638000 1846 999.172 138883.097 72.416 12.5035 
1639000 1847 999.255 138939.947 70.874 12.5145 
1640000 1849 928.196 139018.94 66.572 11.6239 
1641000 1850 935.377 139087.953 66.625 11.71 
1642000 1851 941.839 139162.429 67.002 11.7717 
1643000 1852 947.655 139235.592 68.1 11.8375 
1644000 1853 952.89 139272.084 65.081 11.8994 
1645000 1854 957.601 139335.462 65.232 11.9685 
1646000 1855 961.841 139418.91 65.81 12.0166 
1647000 1856 965.657 139498.276 68.174 12.0682 
1648000 1857 969.091 139552.32 67.191 12.1296 
1649000 1858 972.182 139595.584 64.61 12.1806 
1650000 1859 974.964 139622.695 61.348 12.2259 
1651000 1860 977.467 139660.843 58.961 12.2401 
1652000 1861 979.721 139696.394 56.453 12.2772 
1653000 1862 981.749 139717.344 53.088 12.3033 
1654000 1863 983.574 139742.33 50.251 12.3119 
1655000 1864 985.216 139768.574 47.861 12.3318 
1656000 1865 986.695 139798.62 46.051 12.3602 
1657000 1866 988.025 139819.872 43.357 12.3778 
1658000 1867 989.223 139852.699 42.432 12.3907 
1659000 1868 990.3 139876.046 40.561 12.4187 
1660000 1869 991.27 139896.682 38.47 12.434 
1661000 1870 992.143 139933.03 38.358 12.4582 
1662000 1871 992.929 139965.518 37.02 12.4743 
1663000 1872 993.636 139994.643 36.749 12.4823 
1664000 1873 994.272 140034.615 37.572 12.4771 
1665000 1874 994.845 140055.17 35.44 12.4837 
1666000 1875 995.361 140110.355 37.043 12.4731 
1667000 1876 995.825 140173.942 39.446 12.4866 
1668000 1877 996.242 140228.704 40.853 12.49 
1669000 1878 996.618 140309.025 45.501 12.4913 
1670000 1879 996.956 140354.019 45.602 12.4911 
1671000 1880 997.261 140430.183 48.015 12.4986 
1672000 1881 997.534 140499.582 50.553 12.502 
1673000 1882 997.781 140560.036 51.259 12.5171 
1674000 1883 998.003 140635.398 53.822 12.5169 
1675000 1884 998.203 140703.889 55.274 12.5325 
1676000 1885 998.382 140743.734 54.115 12.5566 
1677000 1886 998.544 140799.779 53.93 12.5401 
1678000 1887 998.69 140827.993 51.405 12.5503 
1679000 1888 998.821 140851.508 49.008 12.5655 
1680000 1889 998.939 140891.66 47.72 12.5582 
1681000 1890 999.045 140919.205 45.662 12.5465 
1682000 1891 999.14 140988.394 48.405 12.5291 
1683000 1892 999.226 141030.507 47.358 12.5254 
1684000 1893 999.304 141086.971 48.036 12.5406 
1685000 1894 999.373 141152.86 50.304 12.5433 
1686000 1895 999.436 141214.57 51.253 12.5367 
1687000 1896 999.492 141268.193 51.991 12.5297 
1688000 1897 999.543 141326.638 52.25 12.5319 
1689000 1898 999.589 141369.769 51.606 12.5367 
1690000 1899 999.63 141422.373 51.661 12.5351 
1691000 1900 999.667 141452.872 49.353 12.5321 
1692000 1901 999.7 141495.925 48.613 12.5397 
1693000 1902 999.73 141572.279 51.125 12.5392 
1694000 1903 999.757 141647.256 53.849 12.5586 
1695000 1904 999.781 141697.108 53.179 12.5379 
1696000 1905 999.803 141776.392 55.358 12.5425 
1697000 1906 999.823 141857.648 58.717 12.5495 
1698000 1907 999.841 141903.975 57.087 12.5435 
1699000 1908 999.857 141983.782 59.86 12.5501 
1700000 1909 999.871 142047.693 60.184 12.5501 
1701000 1910 999.884 142093.884 58.57 12.5566 
1702000 1911 999.895 142141.185 57.575 12.5609 
1703000 1912 999.906 142187.678 56.756 12.5794 
1704000 1913 999.915 142226.959 54.826 12.5753 
1705000 1914 999.924 142283.722 55.212 12.5591 
1706000 1915 999.931 142330.12 54.011 12.544 
1707000 1916 999.938 142384.091 54.128 12.5255 
1708000 1917 999.944 142448.078 54.677 12.5178 
1709000 1918 999.95 142512.351 55.557 12.5211 
1710000 1919 999.955 142572.844 56.511 12.5315 
1711000 1920 999.96 142641.322 57.754 12.5591 
1712000 1921 999.964 142704.316 58.052 12.5474 
1713000 1922 999.967 142763.762 58.395 12.5421 
1714000 1923 999.97 142822.413 58.502 12.5347 
1715000 1924 999.973 142877.513 58.307 12.5366 
1716000 1925 999.976 142946.553 59.084 12.5302 
1717000 1926 999.978 143005.122 58.388 12.5229 
1718000 1927 999.981 143077.864 60.381 12.5273 
1719000 1928 999.983 143132.706 59.319 12.5209 
1720000 1929 923.184 143211.571 55.114 11.5623 
1721000 1930 930.866 143285.693 57.474 11.6499 
1722000 1931 937.779 143330.755 58.951 11.7286 
1723000 1932 944.001 143372.159 57.406 11.8053 
1724000 1933 949.601 143418.929 55.95 11.88 
1725000 1934 954.641 143493.014 55.203 11.9594 
1726000 1935 959.177 143550.732 57.102 12.022 
1727000 1937 884.033 143602.274 52.787 11.074 
1728000 1938 895.63 143653.524 51.699 11.2391 
1729000 1939 906.067 143713.237 51.912 11.367 
1730000 1940 915.46 143774.592 52.581 11.4672 
1731000 1941 923.914 143822.017 53.812 11.5792 
1732000 1942 931.523 143862.503 52.565 11.6846 
1733000 1943 938.371 143908.625 51.463 11.7813 
1734000 1944 944.534 143982.329 52.149 11.8599 
1735000 1945 950.08 144009.658 52.714 11.93 
1736000 1946 955.072 144067.046 50.269 11.9944 
1737000 1947 959.565 144118.095 52.241 12.0431 
1738000 1948 963.608 144179.918 50.878 12.0949 
1739000 1949 967.248 144232.8 53.362 12.147 
1740000 1950 970.523 144286.389 52.628 12.1897 
1741000 1951 973.471 144353.119 52.356 12.2458 
1742000 1952 976.123 144413.738 54.567 12.2726 
1743000 1953 978.511 144472.031 54.737 12.291 
1744000 1954 980.66 144509.534 54.975 12.3138 
1745000 1955 982.594 144545.97 53.105 12.3236 
1746000 1956 984.335 144586.386 51.324 12.3574 
1747000 1957 985.901 144653.17 51.412 12.3647 
1748000 1958 987.311 144714.954 52.187 12.3677 
1749000 1959 988.58 144783.758 53.537 12.3643 
1750000 1960 989.722 144829.869 54.437 12.3797 
1751000 1961 990.75 144886.917 54.071 12.3911 
1752000 1962 991.675 144941.929 54.471 12.3966 
1753000 1963 992.507 144995.067 54.468 12.4187 
1754000 1964 993.257 145039.981 54.656 12.429 
1755000 1965 993.931 145106.551 53.046 12.4362 
1756000 1966 994.538 145159.452 55.316 12.4423 
1757000 1967 995.084 145215.351 54.975 12.4503 
1758000 1968 995.576 145268.119 54.367 12.4535 
1759000 1969 996.018 145327.611 54.539 12.4676 
1760000 1970 996.416 145370.566 55.125 12.4636 
1761000 1971 996.775 145435.059 53.182 12.4637 
1762000 1972 997.097 145484.564 54.384 12.4886 
1763000 1973 997.387 145540.249 54.675 12.4845 
1764000 1974 997.649 145607.383 54.403 12.4798 
1765000 1975 997.884 145658.289 55.071 12.4968 
1766000 1976 998.095 145711.477 54.99 12.501 
1767000 1977 998.286 145770.204 54.886 12.4966 
1768000 1978 998.457 145840.422 55.565 12.4901 
1769000 1979 998.612 145917.037 57.628 12.4876 
1770000 1980 998.75 145980.875 58.749 12.4818 
1771000 1981 998.875 146048.618 59.738 12.4733 
1772000 1982 998.988 146124.383 60.499 12.4684 
1773000 1983 999.089 146178.346 61.318 12.4715 
1774000 1984 999.18 146238.474 60.293 12.4839 
1775000 1986 910.736 146293.595 55.155 11.3683 
1776000 1987 919.662 146337.893 55.687 11.4818 
1777000 1988 927.696 146385.847 53.79 11.5717 
1778000 1989 934.926 146430.434 52.876 11.6839 
1779000 1990 941.434 146476.973 52.83 11.7659 
1780000 1991 947.29 146532.92 51.496 11.8511 
1781000 1992 952.561 146605.265 53.902 11.9234 
1782000 1993 957.305 146662.837 55.362 11.9819 
1783000 1994 961.575 146728.632 54.257 12.0399 
1784000 1995 965.417 146785.23 55.807 12.0909 
1785000 1996 968.876 146857.906 57.536 12.1545 
1786000 1997 971.988 146905.726 57.549 12.192 
1787000 1998 974.789 146957.174 56.615 12.2295 
