1000 1 20.0 449.658 8.993 0.0303 
2000 2 39.6 876.963 17.359 0.0594 
3000 3 58.808 1313.824 25.749 0.0888 
4000 4 77.632 1642.784 31.814 0.1178 
5000 5 92.639 2118.891 39.024 0.1447 
6000 6 110.786 2561.729 47.348 0.1727 
7000 7 128.571 2906.616 53.127 0.2007 
8000 8 145.999 3325.925 60.54 0.2286 
9000 9 163.079 3778.338 68.316 0.2558 
10000 10 179.818 4101.241 73.549 0.2824 
11000 11 196.221 4544.406 80.626 0.3119 
12000 12 212.297 5025.844 88.828 0.3379 
13000 13 228.051 5380.281 94.099 0.3637 
14000 14 243.49 5835.673 101.371 0.3877 
15000 15 258.62 6267.909 108.014 0.4114 
16000 16 273.448 6758.1 115.62 0.4366 
17000 17 287.979 7135.3 121.307 0.5163 
18000 18 302.219 7349.634 123.154 0.6461 
19000 19 316.175 7529.855 124.83 0.7743 
20000 20 329.851 7675.674 125.473 0.9439 
21000 21 343.254 7871.997 125.819 1.1382 
22000 22 356.389 8041.354 127.713 1.284 
23000 23 369.261 8217.672 128.16 1.4241 
24000 24 381.876 8403.283 129.783 1.5742 
25000 25 394.239 8573.953 130.28 1.7193 
26000 26 406.354 8812.3 132.005 1.8595 
27000 27 418.227 9031.444 133.874 2.0215 
28000 28 429.862 9234.799 135.636 2.1364 
29000 29 441.265 9387.673 136.375 2.2643 
30000 30 452.44 9581.106 136.63 2.3978 
31000 31 463.391 9835.998 139.167 2.5431 
32000 32 474.123 10030.278 140.3 2.678 
33000 33 484.641 10206.034 141.4 2.8196 
34000 34 494.948 10414.947 142.064 2.9584 
35000 35 505.049 10766.605 146.608 3.0939 
36000 36 514.948 10954.965 147.434 3.1961 
37000 37 524.649 11169.143 148.702 3.4284 
38000 38 534.156 11330.823 149.555 3.5637 
39000 39 543.473 11529.488 149.674 3.7257 
40000 40 552.603 11693.012 150.688 3.8203 
41000 41 561.551 11860.139 150.959 3.9607 
42000 42 570.32 12021.601 151.169 4.0878 
43000 43 578.914 12222.851 151.508 4.2016 
44000 44 587.336 12430.185 153.402 4.2986 
45000 45 595.589 12664.667 154.737 4.4002 
46000 46 603.677 12944.235 157.079 4.5136 
47000 47 611.604 13171.532 158.657 4.5969 
48000 48 619.372 13451.904 161.277 4.6965 
49000 49 626.984 13666.794 161.832 4.7913 
50000 51 623.256 13966.426 162.027 4.8441 
51000 52 613.15 14133.754 159.296 4.768 
52000 53 620.887 14354.693 159.39 4.8484 
53000 54 628.47 14652.647 160.604 4.9144 
54000 55 635.9 14846.498 163.42 4.9968 
55000 56 643.182 15228.923 164.017 5.0509 
56000 57 650.319 15467.469 168.374 5.1176 
57000 58 657.312 15667.858 169.751 5.2129 
58000 59 664.166 15961.899 170.366 5.4574 
59000 60 670.883 16226.259 172.831 5.5368 
60000 61 677.465 16494.481 174.682 5.5871 
61000 62 683.916 16760.71 176.556 5.6965 
62000 63 690.237 17031.106 178.338 5.7956 
63000 64 696.433 17295.219 180.225 5.8303 
64000 65 702.504 17643.263 181.908 5.8795 
65000 66 708.454 17984.051 185.251 5.9132 
66000 67 714.285 18302.172 188.354 5.9647 
67000 68 719.999 18566.407 190.914 6.0633 
68000 69 725.599 18848.295 192.376 6.1068 
69000 70 731.087 19116.046 194.129 6.1513 
70000 72 727.416 19470.036 194.529 6.1421 
71000 73 732.868 19801.323 196.192 6.2053 
72000 75 726.226 20193.59 197.595 6.1434 
73000 77 719.468 20537.937 198.017 6.0627 
74000 79 712.297 20722.603 194.277 5.9963 
75000 84 668.436 20795.605 178.552 5.6508 
76000 90 602.054 20773.13 155.265 5.0798 
77000 91 610.013 21100.397 157.579 5.1434 
78000 93 608.97 21345.413 157.482 5.1352 
79000 94 616.791 21633.152 160.844 5.1979 
80000 97 605.894 21894.489 157.838 5.0848 
81000 101 573.981 22222.783 150.808 4.8056 
82000 102 582.501 22425.289 152.02 4.8625 
83000 103 587.151 22751.22 153.607 4.9277 
84000 107 556.055 23116.506 146.638 4.6826 
85000 108 564.934 23350.356 150.569 4.8085 
86000 109 573.635 23656.616 151.566 4.8995 
87000 110 582.163 23942.678 154.601 4.9585 
88000 112 592.009 24246.778 159.137 5.0413 
89000 116 562.795 24566.179 152.569 4.7994 
90000 127 470.596 24869.206 127.906 4.01 
91000 136 405.842 25213.149 111.112 3.4495 
92000 138 409.87 25513.379 112.635 3.4853 
93000 144 382.48 25957.781 108.216 3.2422 
94000 145 394.831 26255.13 112.642 3.3462 
95000 146 406.934 26586.407 116.244 3.4521 
96000 148 413.459 26990.284 121.021 3.4901 
97000 151 400.835 27440.328 118.854 3.3702 
98000 152 412.818 27840.294 124.34 3.4763 
99000 154 422.291 28262.638 131.048 3.5589 
100000 155 420.525 28641.595 130.819 3.5557 
101000 158 418.031 29001.183 131.756 3.5143 
102000 169 362.493 29428.83 116.487 3.0655 
103000 171 351.417 29795.587 113.352 2.9691 
104000 172 364.389 30151.824 118.08 3.0744 
105000 173 377.101 30509.6 122.672 3.2879 
106000 174 389.559 30977.706 127.754 3.4435 
107000 175 401.768 31380.26 134.526 3.5571 
108000 176 413.733 31798.106 139.467 3.7005 
109000 177 425.458 32224.832 145.431 3.827 
110000 178 436.949 32423.865 151.144 3.9424 
111000 179 448.21 32643.744 151.416 4.083 
112000 180 459.246 32913.31 152.859 4.2131 
113000 181 470.061 33140.977 155.131 4.3581 
114000 182 480.66 33432.849 157.078 4.4733 
115000 183 491.046 33817.548 159.592 4.5755 
116000 184 501.225 34225.536 164.307 4.7027 
117000 185 511.201 34459.227 169.42 4.7865 
118000 186 520.977 34736.904 169.934 4.8961 
119000 188 521.866 35185.605 170.469 4.9423 
120000 189 531.429 35586.824 175.883 5.0458 
121000 190 540.8 35921.377 180.119 5.1595 
122000 191 549.984 36308.753 182.927 5.3237 
123000 192 558.985 36647.902 187.366 5.4368 
124000 193 567.805 37042.143 190.084 5.55 
125000 194 576.449 37472.274 194.43 5.6323 
126000 195 584.92 37890.385 199.071 5.7331 
127000 196 593.221 38211.565 203.325 5.8324 
128000 197 601.357 38594.171 205.645 5.8972 
129000 198 609.33 38943.427 208.938 5.9832 
130000 199 617.143 39278.888 211.867 6.0369 
131000 200 624.8 39616.819 214.471 6.1136 
132000 201 632.304 40008.624 216.767 6.205 
133000 202 639.658 40484.292 220.727 6.2681 
134000 203 646.865 40965.966 226.269 6.3167 
135000 204 653.928 41317.679 231.04 6.3672 
136000 205 660.849 41592.264 232.342 6.4186 
137000 206 667.632 41849.729 233.369 6.4787 
138000 207 674.28 42182.128 233.79 6.5727 
139000 208 680.794 42628.674 235.821 6.6415 
140000 209 687.178 42948.813 240.961 6.7192 
141000 210 693.435 43341.417 241.856 6.7742 
142000 211 699.566 43827.225 245.263 6.8386 
143000 212 705.575 44249.846 250.477 6.8953 
144000 213 711.463 44723.734 253.952 7.0055 
145000 214 717.234 45196.55 258.06 7.0636 
146000 215 722.889 45541.137 262.653 7.1713 
147000 216 728.431 45873.997 264.033 7.2165 
148000 217 733.863 46149.711 264.547 7.2922 
149000 218 739.185 46417.916 264.606 7.4127 
150000 219 744.402 46733.658 264.554 7.5144 
151000 220 746.634 47062.186 265.305 7.5701 
152000 221 751.701 47332.696 266.625 7.599 
153000 222 756.667 47712.534 266.74 7.6948 
154000 223 761.534 48125.626 269.055 7.7999 
155000 224 766.303 48452.453 271.995 7.8156 
156000 225 770.977 48754.991 273.077 7.907 
157000 226 775.557 48999.354 273.497 7.9626 
158000 227 780.046 49310.763 273.034 7.9943 
159000 228 784.445 49578.326 273.741 7.9865 
160000 229 788.756 49879.383 273.583 7.9768 
161000 230 792.981 50275.617 274.048 7.9698 
162000 231 797.122 50640.928 276.694 7.9625 
163000 232 801.179 50909.679 278.289 7.9547 
164000 233 805.156 51201.194 278.132 7.947 
165000 234 809.053 51619.427 278.33 7.9401 
166000 235 812.872 52076.845 281.24 7.933 
167000 236 816.614 52472.205 284.798 7.9238 
168000 237 820.282 52861.692 287.165 7.9149 
169000 238 823.876 53146.88 289.16 7.908 
170000 239 827.399 53507.538 288.995 7.9006 
171000 240 830.851 53884.934 290.456 7.8926 
172000 241 834.234 54318.297 292.197 7.8845 
173000 242 837.549 54718.791 294.938 7.8772 
174000 243 840.798 55146.339 297.185 7.8699 
175000 244 843.982 55598.409 299.719 7.8613 
176000 245 847.102 56054.206 303.006 7.854 
177000 246 850.16 56496.894 305.876 7.8474 
178000 247 853.157 56877.004 308.631 7.8396 
179000 248 856.094 57346.401 310.037 7.8337 
180000 249 858.972 57734.825 313.199 7.8258 
181000 250 861.793 58157.971 314.498 7.8197 
182000 251 864.557 58575.028 316.883 7.814 
183000 252 867.266 58981.372 318.827 7.8083 
184000 253 869.92 59457.605 320.745 7.8025 
185000 254 872.522 59865.124 323.913 7.7968 
186000 255 875.072 60244.735 325.456 7.7903 
187000 256 877.57 60435.396 326.332 7.7844 
188000 260 838.98 60667.725 307.683 7.4027 
189000 262 823.078 60809.466 297.916 7.2404 
190000 264 819.625 60988.469 290.821 7.1733 
191000 265 823.232 61127.993 287.804 7.2052 
192000 267 810.786 61262.896 279.345 7.1324 
193000 269 796.455 61431.525 271.136 7.013 
194000 270 800.525 61571.152 268.41 7.1291 
195000 271 804.515 61710.69 265.869 7.1515 
196000 276 747.38 61877.516 243.734 6.6644 
197000 277 752.433 62169.818 244.783 6.7116 
198000 278 757.384 62454.981 245.546 6.7588 
199000 279 762.236 62729.656 246.118 6.7853 
200000 280 766.992 63079.084 248.176 6.8052 
201000 281 771.652 63353.565 248.565 6.8248 
202000 282 776.219 63679.673 250.131 6.8461 
203000 283 780.694 64007.621 251.664 6.8738 
204000 284 785.081 64344.836 253.442 6.9116 
205000 285 789.379 64638.979 254.328 6.9763 
206000 286 793.591 64949.489 255.33 7.0231 
207000 287 797.72 65297.722 257.149 7.0547 
208000 288 801.765 65671.916 259.507 7.0793 
209000 289 805.73 65963.178 260.16 7.1047 
210000 290 809.615 66195.349 259.657 7.1358 
211000 293 777.967 66517.761 249.542 6.8523 
212000 296 755.839 66786.386 241.454 6.6683 
213000 298 739.994 67110.388 236.72 6.5268 
214000 299 744.374 67437.845 237.529 6.5581 
215000 301 733.785 67784.648 234.838 6.4684 
216000 303 728.951 68115.459 233.416 6.4917 
217000 304 727.472 68462.504 233.014 6.4831 
218000 305 732.923 68708.104 235.015 6.54 
219000 307 727.844 68957.478 231.495 6.4977 
220000 309 714.452 69169.628 225.855 6.3773 
221000 312 700.723 69352.647 218.183 6.2622 
222000 315 679.056 69581.895 209.334 6.085 
223000 317 669.545 69767.436 204.578 6.0704 
224000 321 636.876 70033.727 193.159 5.8034 
225000 324 619.774 70225.061 186.531 5.6715 
226000 326 607.473 70418.322 181.167 5.584 
227000 330 583.628 70647.476 171.949 5.3873 
228000 332 582.204 70969.544 171.843 5.3569 
229000 334 570.617 71326.218 168.879 5.2417 
230000 335 579.204 71652.589 172.633 5.3023 
231000 336 587.62 71971.588 175.366 5.3626 
232000 338 590.85 72272.455 176.748 5.3681 
233000 339 599.033 72549.392 179.335 5.4405 
234000 340 607.053 72753.043 179.94 5.5034 
235000 341 614.912 73006.771 181.432 5.5612 
236000 342 622.613 73211.611 181.858 5.6207 
237000 343 630.161 73420.329 182.304 5.7093 
238000 344 637.558 73621.745 182.867 5.7698 
239000 345 644.807 73851.223 183.609 5.8235 
240000 346 651.911 74064.366 184.277 5.8901 
241000 347 658.872 74288.396 185.057 5.9449 
242000 348 665.695 74559.593 186.239 5.9956 
243000 349 666.921 74867.298 186.958 5.999 
244000 351 666.331 75171.12 187.532 5.9918 
245000 353 660.17 75468.634 186.041 5.9369 
246000 354 656.167 75763.352 185.126 5.897 
247000 355 663.043 76013.2 187.175 5.9579 
248000 356 669.782 76256.732 188.232 6.0118 
249000 357 676.387 76547.804 189.684 6.0612 
250000 358 682.859 76849.5 191.934 6.1185 
251000 359 689.202 77035.819 193.57 6.1733 
252000 360 695.418 77276.299 193.181 6.2496 
253000 362 699.759 77473.478 192.852 6.2756 
254000 363 692.284 77739.974 190.233 6.2053 
255000 364 698.438 78069.594 192.082 6.2479 
256000 365 704.47 78438.675 195.299 6.2904 
257000 366 710.38 78713.201 198.409 6.3341 
258000 367 716.173 78941.709 199.59 6.3828 
259000 368 721.849 79222.198 200.181 6.4301 
260000 369 727.412 79592.37 202.072 6.4688 
261000 370 732.864 79928.378 205.749 6.5065 
262000 371 738.207 80311.917 208.098 6.5432 
263000 372 743.442 80699.093 211.78 6.5756 
264000 373 748.574 81127.282 215.151 6.6079 
265000 374 753.602 81535.794 219.576 6.6387 
266000 375 758.53 81934.229 223.332 6.6653 
267000 376 763.36 82359.839 226.969 6.6924 
268000 377 768.092 82773.194 230.995 6.7215 
269000 378 772.73 83124.393 234.41 6.7509 
270000 379 777.276 83511.267 236.732 6.815 
271000 380 781.73 83917.115 239.635 6.8767 
272000 381 786.096 84340.465 243.432 6.9107 
273000 382 790.374 84800.55 246.887 6.9512 
274000 383 794.566 85275.412 250.759 6.9773 
275000 384 798.675 85786.957 255.701 7.0038 
276000 385 802.702 86263.359 260.898 7.0289 
277000 386 806.647 86682.978 264.995 7.0545 
278000 387 810.515 87057.947 268.054 7.0783 
279000 388 814.304 87468.108 269.927 7.1026 
280000 389 818.018 87824.523 272.7 7.1269 
281000 390 821.658 88173.328 274.666 7.1515 
282000 391 825.225 88639.619 275.852 7.1798 
283000 392 828.72 89052.836 280.158 7.2073 
284000 393 832.146 89411.364 282.321 7.2324 
285000 394 835.503 89653.659 284.293 7.2525 
286000 395 838.793 89977.387 282.746 7.2736 
287000 396 842.017 90390.959 283.892 7.2945 
288000 397 845.177 90762.003 286.52 7.3143 
289000 398 848.273 91152.648 288.316 7.3355 
290000 399 851.308 91437.455 290.38 7.3654 
291000 400 854.281 91678.837 289.708 7.3977 
292000 401 857.196 91983.444 289.052 7.4268 
293000 402 860.052 92217.284 289.331 7.4559 
294000 406 828.21 92457.18 274.946 7.19 
295000 407 831.646 92779.64 275.829 7.2259 
296000 409 813.307 92999.934 268.108 7.063 
297000 410 817.04 93216.233 267.153 7.0887 
298000 413 791.321 93445.895 256.399 6.8573 
299000 418 733.776 93715.072 236.742 6.3513 
300000 419 727.28 94026.193 234.432 6.2927 
301000 421 729.64 94312.488 234.508 6.318 
302000 423 709.392 94648.679 227.676 6.1451 
303000 424 715.204 94937.496 229.868 6.2028 
304000 428 691.427 95271.422 221.641 6.0074 
305000 429 697.598 95615.357 224.294 6.0688 
306000 430 689.706 95990.728 221.477 6.0022 
307000 436 642.812 96511.897 211.178 5.6106 
308000 445 555.966 96934.733 184.678 4.8547 
309000 457 453.148 97301.384 150.975 3.9602 
310000 464 411.873 97604.223 136.809 3.6026 
311000 470 383.458 97940.063 127.331 3.3572 
312000 481 325.253 98325.217 108.959 2.8482 
313000 488 302.388 98721.425 102.596 2.6386 
314000 497 270.071 99115.564 92.636 2.3486 
315000 504 253.405 99565.084 88.9 2.1971 
316000 512 234.249 99939.395 82.654 2.0243 
317000 519 221.155 100302.324 78.072 1.9073 
318000 523 224.084 100543.575 76.87 1.9278 
319000 531 209.522 100881.619 72.019 1.7976 
320000 542 185.792 101328.171 65.629 1.6076 
