1000 9 68.126 -132.154 -8.639 0.7737 
2000 16 102.468 -237.162 -10.709 1.206 
3000 24 111.672 -357.428 -13.002 1.7061 
4000 31 126.696 -485.51 -14.05 1.8239 
5000 37 148.905 -562.435 -15.068 2.3285 
6000 44 147.273 -593.635 -9.439 2.6173 
7000 53 126.67 -586.548 -3.175 2.3789 
8000 62 117.383 -590.637 -1.799 1.7787 
9000 68 135.669 -615.435 -3.308 2.087 
10000 76 130.652 -591.882 0.799 2.1704 
11000 81 156.196 -577.114 1.019 2.4576 
12000 87 163.434 -553.393 2.629 2.5759 
13000 90 193.909 -531.425 2.906 3.3923 
14000 94 214.607 -527.683 2.686 4.0822 
15000 100 193.923 -509.018 3.293 4.0336 
16000 103 238.725 -513.47 1.62 4.9097 
17000 104 314.852 -510.227 1.821 8.7172 
18000 110 243.286 -479.638 3.237 7.1867 
19000 117 185.762 -439.414 4.555 4.457 
20000 120 177.668 -417.138 4.307 3.8573 
21000 124 239.846 -384.467 6.45 4.8841 
22000 127 215.85 -369.851 5.96 4.4301 
23000 132 245.773 -340.119 6.464 4.9739 
24000 138 208.869 -310.066 5.766 4.0152 
25000 146 162.38 -289.197 3.818 2.919 
26000 148 152.048 -253.172 4.596 2.6763 
27000 153 211.996 -204.943 7.649 3.4323 
28000 160 184.199 -182.122 5.435 2.8389 
29000 161 265.779 -178.597 5.268 4.6008 
30000 167 217.568 -121.729 7.153 5.0385 
31000 168 210.711 -105.222 7.424 4.8537 
32000 176 206.703 -52.566 7.536 4.6457 
33000 183 166.872 15.602 8.151 3.4264 
34000 193 126.428 40.268 4.575 2.1087 
35000 203 104.965 71.868 3.158 1.7058 
36000 207 99.49 78.249 2.424 1.614 
37000 215 136.654 63.367 0.839 1.7969 
38000 224 115.021 108.788 2.533 1.3591 
39000 225 117.419 119.706 2.944 1.3838 
40000 235 145.321 156.946 3.825 1.9793 
41000 245 113.841 138.047 0.438 1.3543 
42000 253 122.745 129.673 -0.335 1.3703 
43000 263 106.846 176.378 2.744 1.1541 
44000 274 100.049 205.115 2.866 1.2034 
45000 283 104.81 231.141 2.576 1.1542 
46000 292 110.394 255.742 3.035 1.2041 
47000 301 112.296 274.535 2.533 1.2215 
48000 309 117.332 255.403 -1.068 1.2573 
49000 317 117.256 279.303 1.318 1.3346 
50000 326 118.443 295.416 2.027 1.4587 
51000 335 114.911 331.284 3.159 1.5473 
52000 342 130.921 351.801 3.219 1.7343 
53000 343 217.828 360.373 3.395 4.1003 
54000 352 153.543 422.704 5.711 2.4762 
55000 355 141.82 445.884 5.934 2.2153 
56000 359 201.04 478.721 5.389 2.9612 
57000 362 249.238 506.187 7.8 4.263 
58000 370 175.894 549.573 6.584 3.0214 
59000 378 151.933 574.855 4.614 2.1178 
60000 386 138.195 587.972 3.478 1.9223 
61000 392 143.321 628.217 4.884 2.9033 
62000 394 153.13 639.092 5.357 3.4416 
63000 399 213.495 685.084 6.53 5.7866 
64000 406 176.802 753.452 8.268 4.8973 
65000 415 132.547 831.594 8.554 3.2578 
66000 422 131.759 889.117 8.246 2.8658 
67000 430 132.822 934.703 8.251 2.9083 
68000 431 132.94 933.613 5.198 2.9779 
69000 440 163.741 993.173 6.328 4.1815 
70000 447 146.464 993.633 3.035 3.0036 
71000 455 130.847 991.814 1.042 2.1277 
72000 462 127.72 988.696 -0.309 2.006 
73000 464 202.253 960.401 -2.254 3.379 
74000 469 190.453 968.867 -1.839 3.6713 
75000 471 262.267 983.461 0.329 5.6507 
76000 473 242.226 1017.936 2.552 5.2977 
77000 481 209.288 1035.241 3.499 4.1961 
78000 482 203.459 1039.713 3.709 3.9715 
79000 488 233.334 1035.839 1.804 4.7392 
80000 493 182.078 1061.127 1.29 3.6486 
81000 495 259.383 1083.587 4.185 6.148 
82000 497 314.9 1088.204 3.576 8.5567 
83000 498 299.41 1102.455 4.44 8.1373 
84000 500 348.522 1123.172 5.832 9.5706 
85000 504 340.456 1153.583 6.539 9.5274 
86000 507 360.893 1165.744 6.204 10.1776 
87000 509 317.473 1196.561 7.298 8.9603 
88000 512 342.528 1222.598 7.341 9.76 
89000 514 388.148 1240.721 7.723 10.7808 
90000 516 429.1 1238.613 7.64 11.7364 
91000 519 361.068 1274.78 6.762 9.9696 
92000 520 424.961 1285.836 8.287 11.7449 
93000 523 423.596 1316.222 8.563 12.2194 
94000 526 354.947 1341.801 8.203 9.8691 
95000 530 352.599 1360.863 8.56 9.6774 
96000 533 303.718 1402.957 8.37 8.5904 
97000 536 340.131 1422.188 7.958 8.8283 
98000 538 375.906 1428.645 7.636 9.9773 
99000 539 350.115 1434.276 7.518 9.2335 
100000 545 325.512 1430.176 4.087 7.4595 
