1000 5 62.772 -29.427 -1.916 0.0423 
2000 14 97.073 -69.614 -3.752 0.0618 
3000 23 107.063 -108.295 -4.176 0.0708 
4000 33 105.834 -149.548 -4.191 0.0819 
5000 41 111.59 -193.744 -4.827 0.0889 
6000 48 113.153 -239.624 -5.189 0.0882 
7000 57 125.711 -279.188 -5.033 0.1026 
8000 63 137.147 -305.745 -4.737 0.1113 
9000 74 105.813 -335.106 -3.033 0.2288 
10000 86 83.827 -363.419 -2.383 0.2676 
11000 100 79.517 -381.933 -1.571 0.2778 
12000 107 108.473 -405.296 -2.33 0.3967 
13000 115 119.955 -420.77 -2.146 0.4082 
14000 120 151.411 -432.393 -2.272 0.5227 
15000 125 164.732 -456.67 -3.29 0.5669 
16000 133 145.638 -483.13 -3.275 0.4991 
17000 141 136.364 -510.357 -3.392 0.4583 
18000 147 147.764 -529.697 -3.335 0.4961 
19000 151 185.667 -541.863 -3.163 0.6445 
20000 157 175.456 -553.689 -2.601 0.5979 
21000 162 188.137 -567.604 -2.666 0.6426 
22000 166 199.234 -581.126 -2.909 0.6801 
23000 172 185.02 -600.545 -2.94 0.6272 
24000 177 197.081 -613.276 -2.902 0.6829 
25000 182 199.231 -633.85 -3.382 0.6851 
26000 186 202.38 -648.556 -3.476 0.6962 
27000 189 246.867 -661.455 -3.646 0.927 
28000 194 231.3 -672.194 -3.045 0.8411 
29000 198 239.573 -684.335 -3.085 0.8761 
30000 201 252.027 -692.164 -2.855 0.9376 
31000 203 292.012 -697.704 -2.948 1.1532 
32000 204 362.81 -700.803 -2.895 1.5794 
33000 206 412.946 -704.606 -2.841 1.8992 
34000 207 471.652 -707.606 -2.816 2.4427 
35000 211 404.774 -713.534 -2.352 1.9686 
36000 212 397.597 -714.621 -2.21 1.9016 
37000 217 348.118 -723.024 -1.975 1.5579 
38000 222 289.205 -734.622 -2.044 1.211 
39000 226 267.214 -745.26 -2.182 1.0749 
40000 230 265.352 -754.631 -2.246 1.0414 
41000 234 266.699 -763.837 -2.346 1.0324 
42000 237 278.481 -767.781 -2.085 1.0873 
43000 239 309.83 -771.64 -1.993 1.2623 
44000 241 370.752 -774.327 -1.985 1.6696 
45000 242 367.377 -778.069 -2.023 1.6339 
46000 243 430.639 -777.868 -1.994 2.0913 
47000 246 460.716 -781.117 -1.691 2.3985 
48000 247 514.644 -781.321 -1.543 2.7283 
49000 248 487.18 -784.173 -1.652 2.5404 
50000 249 538.462 -784.468 -1.53 2.9106 
51000 251 545.554 -784.961 -1.346 2.914 
52000 254 535.779 -789.501 -1.351 2.8051 
53000 257 458.661 -794.814 -1.398 2.2926 
54000 260 447.482 -799.096 -1.485 2.1516 
55000 261 458.334 -801.822 -1.643 2.2176 
56000 262 509.9 -805.697 -1.728 2.4731 
57000 264 542.499 -808.798 -1.81 2.6911 
58000 266 523.194 -812.779 -1.786 2.5024 
59000 268 538.747 -816.361 -1.819 2.5106 
60000 269 584.873 -817.354 -1.767 2.7287 
61000 270 613.785 -818.988 -1.774 2.8915 
62000 271 629.307 -821.142 -1.751 3.0186 
63000 272 666.376 -821.9 -1.657 3.3656 
64000 273 699.739 -822.807 -1.592 3.5121 
65000 274 729.765 -823.738 -1.556 3.7298 
66000 275 756.788 -824.907 -1.502 4.0669 
67000 276 781.109 -825.463 -1.437 4.1512 
68000 277 802.998 -826.162 -1.333 4.4865 
69000 278 822.699 -826.076 -1.211 4.5173 
70000 279 840.429 -826.351 -1.124 4.7503 
71000 280 856.386 -827.434 -1.068 4.8971 
72000 281 870.747 -828.201 -1.008 4.8331 
73000 282 883.673 -828.702 -0.99 4.8332 
74000 283 895.305 -829.696 -0.954 4.93 
75000 284 852.875 -831.223 -1.008 4.6126 
76000 285 867.587 -832.897 -0.958 4.6303 
77000 286 880.829 -832.553 -0.967 4.8292 
78000 287 892.746 -832.982 -0.895 4.8176 
79000 289 846.924 -834.353 -0.86 4.51 
80000 290 862.232 -835.031 -0.856 4.6762 
81000 291 876.008 -835.765 -0.853 4.7538 
82000 292 888.408 -836.238 -0.836 4.9408 
83000 293 899.567 -836.521 -0.773 5.1425 
84000 294 909.61 -837.33 -0.742 5.2408 
85000 295 918.649 -837.94 -0.742 5.3494 
86000 296 926.784 -839.023 -0.75 5.3862 
87000 297 934.106 -840.24 -0.779 5.3172 
88000 298 940.695 -840.991 -0.791 5.3793 
89000 299 946.626 -841.971 -0.791 5.3417 
90000 300 951.963 -842.68 -0.818 5.3498 
91000 301 934.567 -845.467 -0.897 5.19 
92000 302 934.31 -846.578 -1.07 5.2007 
93000 304 894.391 -847.981 -1.014 4.8501 
94000 305 904.952 -848.861 -0.942 5.1146 
95000 307 841.241 -851.75 -1.098 4.6088 
96000 308 857.117 -852.182 -1.034 4.717 
97000 309 870.805 -854.707 -1.143 4.8193 
98000 310 822.325 -856.118 -1.175 4.4879 
99000 311 840.092 -856.841 -1.099 4.5774 
100000 312 856.083 -857.622 -1.04 4.7191 
101000 313 870.475 -857.926 -1.017 4.9052 
102000 315 866.385 -859.58 -1.012 4.7973 
103000 316 879.746 -860.128 -0.968 4.9897 
104000 318 809.514 -862.519 -1.026 4.4873 
105000 320 727.807 -864.794 -1.047 3.9769 
106000 322 703.203 -867.674 -1.11 3.7153 
107000 324 643.685 -869.938 -1.119 3.3023 
108000 325 657.116 -872.328 -1.208 3.3227 
109000 326 689.305 -875.268 -1.345 3.6345 
110000 329 641.673 -879.451 -1.425 3.279 
111000 330 677.506 -880.416 -1.381 3.5646 
112000 334 525.464 -885.313 -1.328 2.6177 
113000 339 382.507 -890.506 -1.213 1.7784 
114000 342 362.274 -894.593 -1.22 1.5912 
115000 345 354.602 -897.534 -1.209 1.4935 
116000 346 354.142 -899.466 -1.2 1.4772 
117000 348 399.755 -901.104 -1.1 1.6914 
118000 351 429.422 -903.932 -1.145 1.84 
119000 354 386.33 -906.388 -1.068 1.6031 
120000 356 428.228 -907.925 -0.98 2.0209 
121000 357 485.405 -907.844 -0.907 2.5371 
122000 360 441.799 -910.835 -0.912 2.1878 
123000 361 433.319 -912.178 -0.947 2.1117 
124000 363 494.789 -913.865 -0.959 2.4819 
125000 365 513.079 -916.151 -0.965 2.6949 
126000 369 401.876 -921.668 -1.072 1.984 
127000 374 324.158 -930.888 -1.385 1.4737 
128000 377 314.023 -934.779 -1.444 1.3596 
129000 379 340.539 -938.032 -1.433 1.49 
130000 381 390.537 -939.225 -1.269 1.7859 
131000 382 398.583 -937.739 -0.992 1.8194 
132000 383 458.725 -938.041 -0.903 2.1444 
133000 384 512.852 -938.54 -0.86 2.5746 
134000 385 561.567 -939.122 -0.856 2.8994 
135000 386 605.41 -939.767 -0.785 3.3145 
136000 388 617.852 -941.609 -0.903 3.3153 
137000 389 649.467 -943.657 -0.986 3.4531 
138000 391 651.568 -945.959 -0.981 3.3884 
139000 392 628.611 -946.016 -0.941 3.2162 
140000 394 631.575 -946.74 -0.837 3.1846 
141000 398 506.598 -950.775 -0.876 2.4118 
142000 399 555.938 -950.785 -0.841 2.7343 
143000 400 600.344 -951.227 -0.77 2.883 
144000 401 640.31 -951.605 -0.739 3.2032 
145000 402 618.279 -952.782 -0.733 3.0655 
146000 403 656.451 -953.359 -0.686 3.3919 
147000 406 616.083 -954.896 -0.691 3.1966 
148000 407 573.575 -956.463 -0.695 2.9434 
149000 409 632.495 -958.129 -0.773 3.217 
150000 410 669.246 -958.876 -0.789 3.5349 
151000 411 702.321 -959.209 -0.777 3.6813 
152000 412 732.089 -959.538 -0.732 3.7602 
153000 413 758.88 -959.273 -0.675 4.0107 
154000 414 782.992 -960.202 -0.613 4.1654 
155000 415 804.693 -960.683 -0.627 4.3843 
156000 416 824.224 -961.439 -0.64 4.5639 
157000 417 786.601 -962.952 -0.676 4.2875 
158000 418 807.941 -963.24 -0.671 4.3814 
159000 419 827.147 -963.476 -0.618 4.5853 
160000 420 844.432 -963.566 -0.578 4.6774 
161000 421 859.989 -963.856 -0.548 4.9877 
162000 423 813.191 -964.767 -0.533 5.0361 
163000 424 831.872 -965.515 -0.556 5.1392 
164000 425 848.685 -965.803 -0.55 5.3625 
165000 427 797.535 -966.32 -0.523 5.0878 
166000 429 741.943 -969.636 -0.694 4.6988 
167000 430 767.749 -970.102 -0.677 4.9834 
168000 431 790.974 -970.971 -0.672 6.013 
169000 432 811.877 -971.049 -0.617 6.4266 
170000 434 764.32 -972.429 -0.615 5.8212 
171000 435 787.888 -972.203 -0.567 5.8036 
172000 436 809.099 -972.313 -0.564 5.8741 
173000 437 828.189 -972.96 -0.514 5.991 
174000 438 845.37 -974.025 -0.562 5.98 
175000 439 841.233 -976.089 -0.707 5.7496 
176000 441 790.269 -978.87 -0.907 5.1474 
177000 444 662.257 -981.606 -0.887 4.172 
178000 445 696.031 -982.859 -0.867 4.3464 
179000 446 700.328 -984.35 -0.971 4.2972 
180000 447 730.295 -984.6 -0.905 4.3551 
181000 448 757.266 -985.405 -0.832 4.4264 
182000 450 732.785 -987.355 -0.899 4.1332 
183000 451 759.507 -988.022 -0.874 4.3039 
184000 452 783.556 -989.285 -0.931 4.421 
185000 453 805.201 -989.279 -0.804 4.461 
186000 454 824.68 -989.357 -0.732 4.4874 
187000 455 776.312 -990.524 -0.797 4.1635 
188000 456 798.681 -991.036 -0.736 4.3051 
189000 457 818.813 -991.656 -0.712 4.511 
190000 458 836.932 -991.737 -0.683 4.7 
191000 459 853.239 -992.573 -0.632 4.7206 
192000 460 849.715 -993.967 -0.74 4.6074 
193000 461 864.743 -994.544 -0.708 4.8309 
194000 464 768.158 -996.869 -0.822 4.1304 
195000 466 730.608 -998.599 -0.789 3.9519 
196000 467 678.747 -999.902 -0.81 3.6279 
197000 468 710.872 -1000.382 -0.761 3.9005 
198000 469 739.785 -1001.028 -0.73 4.0909 
199000 470 765.807 -1001.446 -0.727 4.3529 
200000 473 688.033 -1003.905 -0.851 3.7433 
201000 475 661.907 -1006.384 -0.826 3.5614 
202000 477 586.924 -1009.615 -0.984 3.0851 
203000 479 622.409 -1011.005 -0.956 3.2699 
204000 481 556.471 -1013.579 -1.014 2.8362 
205000 482 600.824 -1014.402 -0.996 3.1325 
206000 483 640.742 -1014.979 -0.966 3.3821 
207000 484 676.667 -1015.536 -0.934 3.4965 
208000 485 709.001 -1015.795 -0.88 3.6029 
209000 486 738.101 -1015.985 -0.832 3.9774 
210000 487 764.291 -1016.213 -0.742 4.0633 
211000 489 757.075 -1017.569 -0.756 3.9057 
212000 490 781.368 -1018.321 -0.759 3.9364 
213000 491 759.431 -1020.358 -0.801 3.8087 
214000 492 747.388 -1022.644 -0.889 3.7277 
215000 493 772.649 -1022.005 -0.906 3.9545 
216000 494 795.384 -1022.23 -0.736 4.1002 
217000 496 773.461 -1022.733 -0.75 4.0454 
218000 497 796.115 -1022.986 -0.624 4.2861 
219000 498 802.204 -1024.689 -0.759 4.3533 
220000 499 821.983 -1025.406 -0.745 4.3809 
221000 500 839.785 -1024.758 -0.717 4.3532 
222000 502 835.926 -1022.896 -0.296 4.3508 
223000 503 852.333 -1023.482 -0.339 4.3965 
224000 504 867.1 -1024.446 -0.377 4.5879 
225000 505 880.39 -1024.95 -0.411 4.6454 
226000 506 892.351 -1025.352 -0.407 4.7751 
227000 507 903.116 -1025.538 -0.408 4.8356 
228000 508 912.804 -1025.619 -0.362 4.9447 
229000 510 776.111 -1027.812 -0.499 4.1318 
230000 512 733.85 -1028.813 -0.489 4.0182 
231000 513 760.465 -1029.267 -0.51 4.2996 
232000 516 666.999 -1030.809 -0.515 3.6589 
233000 517 700.299 -1031.714 -0.545 3.7832 
234000 518 730.269 -1031.929 -0.564 4.005 
235000 519 757.242 -1032.549 -0.516 4.2385 
236000 520 773.618 -1033.648 -0.621 4.3388 
237000 521 796.256 -1034.498 -0.612 4.3749 
238000 522 816.631 -1034.852 -0.609 4.6282 
239000 523 834.968 -1035.171 -0.599 4.6997 
240000 524 851.471 -1035.429 -0.593 4.7374 
241000 525 866.324 -1036.671 -0.552 4.9826 
242000 526 879.691 -1037.112 -0.565 5.1065 
243000 528 818.85 -1037.816 -0.561 4.7859 
244000 529 836.965 -1038.406 -0.528 4.7883 
245000 530 768.569 -1039.87 -0.587 4.3674 
246000 531 791.712 -1040.769 -0.54 4.5299 
247000 532 812.541 -1041.086 -0.584 4.7601 
248000 533 831.286 -1041.696 -0.556 4.8321 
249000 534 848.158 -1042.577 -0.564 4.8908 
250000 535 863.342 -1042.879 -0.587 5.0063 
251000 536 877.008 -1043.468 -0.57 5.0636 
252000 538 885.176 -1044.283 -0.626 4.9185 
253000 539 896.659 -1045.187 -0.639 5.0001 
254000 540 870.893 -1046.331 -0.691 4.8214 
255000 541 883.804 -1046.933 -0.649 4.863 
256000 544 713.219 -1048.542 -0.68 3.8416 
257000 545 741.897 -1048.528 -0.543 3.9737 
258000 546 767.707 -1048.667 -0.489 4.1734 
259000 547 790.936 -1048.778 -0.517 4.216 
260000 548 811.843 -1048.748 -0.408 4.3302 
261000 550 791.793 -1050.495 -0.542 4.2798 
262000 551 812.613 -1050.783 -0.488 4.3544 
263000 552 831.352 -1052.128 -0.49 4.5491 
264000 553 789.317 -1055.367 -0.658 4.2703 
265000 556 706.761 -1060.923 -1.085 3.7323 
266000 557 682.585 -1062.397 -1.19 3.5675 
267000 558 714.326 -1062.571 -1.081 3.771 
268000 560 691.804 -1064.507 -1.07 3.6558 
269000 562 667.562 -1066.103 -1.05 3.6667 
270000 564 644.325 -1068.445 -1.044 3.4937 
271000 565 679.892 -1069.165 -1.032 3.813 
272000 566 711.903 -1070.087 -0.982 3.9579 
273000 567 740.713 -1070.71 -0.989 4.024 
274000 568 766.642 -1071.06 -0.944 4.1459 
275000 569 789.977 -1071.156 -0.857 4.3393 
276000 570 767.98 -1073.04 -0.957 4.1744 
277000 572 724.864 -1074.044 -0.901 4.0494 
278000 574 693.339 -1075.253 -0.829 3.9833 
279000 575 682.806 -1074.012 -0.616 3.8686 
280000 578 603.975 -1075.642 -0.599 3.3691 
281000 580 620.41 -1072.944 -0.229 3.5059 
282000 581 622.369 -1071.304 -0.049 3.5195 
283000 582 639.432 -1069.365 0.103 3.6136 
284000 583 675.489 -1069.529 0.15 3.7345 
285000 585 650.746 -1070.942 -0.033 3.5631 
286000 586 685.671 -1070.74 -0.058 3.9857 
287000 587 717.104 -1071.06 -0.03 4.1882 
288000 589 682.254 -1071.7 -0.106 3.9325 
289000 591 688.126 -1073.386 -0.241 3.9665 
290000 592 719.313 -1073.18 -0.201 4.1166 
291000 593 747.382 -1072.884 -0.162 4.2835 
292000 594 772.644 -1073.037 -0.16 4.4656 
293000 596 701.082 -1072.545 -0.118 3.97 
294000 597 730.973 -1072.165 -0.026 4.108 
295000 598 757.876 -1072.639 -0.053 4.4113 
296000 599 782.088 -1072.464 -0.047 4.7185 
297000 600 803.88 -1072.235 0.004 4.8151 
298000 601 823.492 -1071.974 -0.002 5.0611 
299000 603 776.228 -1072.903 -0.064 4.6949 
300000 604 768.905 -1074.293 -0.198 4.6005 
301000 605 792.015 -1076.068 -0.288 4.7206 
302000 606 797.513 -1077.837 -0.474 4.7673 
303000 609 711.237 -1081.404 -0.662 4.0513 
304000 610 740.114 -1081.614 -0.612 4.3792 
305000 611 766.102 -1082.037 -0.586 4.4458 
306000 612 789.492 -1082.795 -0.614 4.5161 
307000 613 810.543 -1083.045 -0.573 4.6644 
308000 614 807.988 -1083.976 -0.628 4.5795 
309000 615 827.19 -1084.557 -0.639 4.6193 
310000 616 844.471 -1084.687 -0.647 4.6849 
311000 617 860.024 -1085.059 -0.6 4.826 
312000 618 874.021 -1085.87 -0.593 4.8346 
313000 619 886.619 -1085.889 -0.556 5.0084 
314000 620 897.957 -1085.995 -0.545 5.0059 
315000 621 907.261 -1084.645 -0.374 5.112 
316000 622 916.535 -1083.498 -0.172 5.0817 
317000 623 924.882 -1084.005 -0.2 5.066 
318000 624 932.394 -1084.125 -0.213 5.0702 
319000 625 939.154 -1084.537 -0.223 5.0805 
320000 626 945.239 -1085.072 -0.228 5.2437 
321000 627 950.715 -1085.474 -0.25 5.2788 
322000 628 955.643 -1085.761 -0.246 5.274 
323000 629 960.079 -1086.521 -0.261 5.2284 
324000 630 964.071 -1086.591 -0.278 5.2197 
325000 631 967.664 -1087.414 -0.307 5.297 
326000 632 970.898 -1087.896 -0.311 5.3011 
327000 633 973.808 -1087.65 -0.322 5.3288 
328000 634 976.427 -1087.924 -0.293 5.425 
329000 635 978.784 -1088.042 -0.29 5.551 
330000 636 980.906 -1088.44 -0.267 5.6231 
331000 637 982.815 -1088.243 -0.268 5.7351 
332000 638 984.534 -1088.43 -0.24 5.8251 
333000 639 986.08 -1088.719 -0.254 5.7479 
334000 640 987.472 -1089.202 -0.249 5.834 
335000 641 988.725 -1089.595 -0.272 5.8885 
336000 642 989.853 -1089.161 -0.236 6.0312 
337000 643 990.867 -1089.681 -0.242 6.1068 
338000 644 991.781 -1090.088 -0.238 6.0095 
339000 645 992.603 -1090.054 -0.237 6.0951 
340000 646 993.342 -1089.972 -0.218 5.9776 
341000 647 994.008 -1090.127 -0.171 5.9553 
342000 648 975.307 -1091.678 -0.282 5.7407 
343000 649 977.777 -1091.914 -0.326 5.7138 
344000 650 979.999 -1091.819 -0.249 5.8463 
345000 651 981.999 -1092.756 -0.317 5.9969 
346000 653 893.809 -1094.966 -0.484 5.3246 
347000 655 831.185 -1095.428 -0.434 4.918 
348000 659 635.39 -1098.437 -0.547 3.6057 
349000 660 608.351 -1098.259 -0.601 3.4009 
350000 662 607.064 -1097.72 -0.431 3.364 
351000 663 633.558 -1095.29 -0.139 3.4346 
352000 665 654.382 -1093.029 0.164 3.4498 
353000 666 633.844 -1091.053 0.345 3.3026 
354000 668 668.213 -1087.939 0.634 3.4929 
355000 669 653.392 -1085.432 0.753 3.3648 
356000 670 688.053 -1085.153 0.748 3.5356 
357000 671 694.248 -1084.765 0.784 3.6464 
358000 672 710.623 -1083.397 0.776 3.7806 
359000 673 739.561 -1083.191 0.744 3.9126 
360000 674 765.604 -1084.105 0.671 4.0306 
361000 675 789.044 -1085.558 0.517 4.3002 
362000 676 810.14 -1086.604 0.31 4.5537 
363000 677 829.126 -1087.722 0.176 4.6125 
364000 678 846.213 -1087.656 0.058 4.701 
365000 679 861.592 -1088.502 0.055 4.6932 
366000 680 875.433 -1088.48 -0.038 4.7569 
367000 681 887.889 -1089.655 -0.029 4.804 
368000 682 899.1 -1090.503 -0.149 4.944 
369000 683 909.19 -1091.406 -0.194 5.0842 
370000 684 918.271 -1092.815 -0.284 5.1727 
371000 685 926.444 -1093.647 -0.394 5.2987 
372000 686 933.8 -1094.538 -0.445 5.3776 
373000 687 940.42 -1094.938 -0.484 5.3299 
374000 688 946.378 -1095.759 -0.475 5.413 
375000 689 951.74 -1096.709 -0.492 5.4041 
376000 690 956.566 -1098.367 -0.554 5.4652 
377000 691 960.909 -1099.151 -0.673 5.5473 
378000 692 964.818 -1099.333 -0.663 5.6979 
379000 693 968.337 -1100.924 -0.628 5.7284 
380000 694 971.503 -1101.476 -0.723 5.7042 
381000 695 974.353 -1101.848 -0.714 5.6974 
382000 696 976.917 -1102.388 -0.68 5.7335 
383000 697 979.226 -1102.852 -0.67 5.8229 
384000 698 981.303 -1102.905 -0.648 5.8438 
385000 699 983.173 -1103.019 -0.585 5.9317 
386000 700 984.856 -1102.278 -0.511 6.1436 
387000 701 986.37 -1101.989 -0.401 6.1089 
388000 702 987.733 -1103.13 -0.339 6.1897 
389000 704 904.464 -1104.33 -0.533 5.6412 
390000 705 914.017 -1103.865 -0.425 5.8395 
391000 706 922.616 -1103.807 -0.352 5.9695 
392000 707 930.354 -1104.629 -0.34 6.123 
393000 709 909.987 -1105.296 -0.417 6.0652 
394000 710 918.988 -1105.187 -0.407 6.2616 
395000 711 927.089 -1105.805 -0.382 6.3284 
396000 712 934.38 -1106.119 -0.386 6.3666 
397000 713 940.942 -1106.658 -0.434 6.3215 
398000 714 946.848 -1106.282 -0.325 6.4159 
399000 715 952.163 -1107.034 -0.369 6.471 
400000 716 956.947 -1107.598 -0.34 6.5929 
401000 717 961.252 -1107.341 -0.348 6.7827 
402000 718 965.127 -1107.601 -0.308 6.7285 
403000 719 968.614 -1107.705 -0.302 6.9537 
404000 720 971.753 -1108.08 -0.291 6.8758 
405000 721 974.578 -1108.276 -0.316 6.9944 
406000 722 977.12 -1109.606 -0.332 6.8905 
407000 725 811.821 -1113.512 -0.622 5.5241 
408000 726 830.639 -1114.115 -0.61 5.8102 
409000 727 790.175 -1115.634 -0.648 5.4584 
410000 728 775.858 -1116.459 -0.741 5.3281 
411000 729 793.872 -1115.764 -0.538 5.5447 
412000 730 814.485 -1115.415 -0.514 5.9215 
413000 731 833.036 -1115.786 -0.429 5.952 
414000 732 849.733 -1115.965 -0.424 6.01 
415000 733 864.759 -1116.499 -0.4 6.0658 
416000 734 878.283 -1116.182 -0.408 6.3282 
417000 737 806.889 -1119.225 -0.605 5.6185 
418000 738 816.6 -1118.3 -0.426 5.7741 
419000 739 802.84 -1117.514 -0.295 5.6367 
420000 740 822.556 -1118.024 -0.373 5.6612 
421000 742 763.26 -1118.288 -0.283 5.0861 
422000 744 723.821 -1117.89 -0.233 4.7337 
423000 745 720.139 -1118.825 -0.338 4.6345 
424000 746 748.125 -1119.475 -0.23 4.7405 
425000 749 672.069 -1121.397 -0.415 4.255 
426000 751 636.486 -1123.591 -0.583 3.9594 
427000 752 633.437 -1121.769 -0.37 3.9284 
428000 753 670.094 -1122.381 -0.239 4.2064 
429000 754 682.784 -1123.521 -0.431 4.3984 
430000 755 714.506 -1123.946 -0.341 4.5238 
431000 756 743.055 -1123.461 -0.371 4.6421 
432000 757 759.15 -1122.141 -0.161 4.865 
433000 758 783.235 -1121.633 -0.117 5.2036 
434000 759 804.911 -1121.402 -0.052 5.533 
435000 761 787.678 -1119.538 0.153 5.4908 
436000 762 808.91 -1120.198 0.088 5.5355 
437000 763 828.019 -1120.524 0.026 5.6509 
438000 764 845.217 -1121.681 -0.063 5.6911 
439000 765 860.696 -1122.421 -0.142 5.9626 
440000 766 874.626 -1122.852 -0.159 6.0821 
441000 767 887.163 -1123.531 -0.21 6.2409 
442000 768 898.447 -1123.11 -0.235 6.3778 
443000 769 908.602 -1123.754 -0.28 6.4928 
444000 770 917.742 -1123.114 -0.169 6.722 
445000 771 925.968 -1123.49 -0.15 6.7753 
446000 772 933.371 -1123.909 -0.178 6.8529 
447000 773 940.034 -1123.573 -0.195 6.9863 
448000 775 883.528 -1124.039 -0.174 6.514 
449000 776 895.175 -1124.508 -0.204 6.5789 
450000 777 905.657 -1125.061 -0.217 6.4587 
451000 778 915.092 -1124.953 -0.234 6.4327 
452000 779 923.582 -1125.529 -0.221 6.3845 
453000 780 931.224 -1125.983 -0.232 6.2766 
454000 781 938.102 -1126.155 -0.261 6.2827 
455000 782 944.292 -1126.138 -0.225 6.143 
456000 783 949.862 -1126.366 -0.215 6.0941 
457000 784 954.876 -1126.099 -0.194 6.0953 
458000 785 959.389 -1125.773 -0.13 6.109 
459000 786 963.45 -1125.256 -0.103 6.2723 
460000 787 967.105 -1125.347 -0.062 6.2278 
461000 788 970.394 -1125.005 -0.038 6.2888 
462000 789 973.355 -1125.116 0.006 6.2835 
463000 790 976.019 -1124.9 0.005 6.2126 
464000 791 977.517 -1124.09 0.098 14.2832 
465000 792 970.266 -1122.912 0.194 13.519 
466000 793 938.939 -1121.282 0.342 190.2105 
467000 794 945.045 -1121.482 0.306 171.8439 
468000 795 950.541 -1122.016 0.278 155.3697 
469000 796 955.487 -1123.23 0.175 140.2976 
470000 797 959.938 -1124.776 -0.017 126.8143 
471000 798 963.944 -1125.866 -0.089 114.6712 
472000 799 967.55 -1126.04 -0.252 103.7247 
473000 800 944.795 -1124.104 -0.073 93.7172 
474000 801 950.315 -1122.777 0.028 84.8245 
475000 802 955.284 -1121.967 0.15 76.8049 
476000 803 959.755 -1121.736 0.223 69.5415 
477000 805 949.202 -1120.293 0.33 57.3949 
478000 806 895.882 -1118.15 0.499 51.8295 
479000 807 906.294 -1118.306 0.456 47.2017 
480000 808 915.664 -1118.593 0.432 43.1311 
481000 809 924.098 -1119.761 0.309 39.4115 
482000 810 931.688 -1119.33 0.227 36.017 
483000 811 920.919 -1117.932 0.333 32.827 
484000 812 927.527 -1116.919 0.412 30.3163 
485000 813 934.775 -1116.824 0.359 28.1676 
486000 814 941.297 -1117.084 0.331 26.0073 
487000 815 947.167 -1117.75 0.258 24.1674 
488000 816 952.451 -1116.625 0.178 22.5764 
489000 817 957.206 -1116.891 0.287 20.9513 
490000 818 961.485 -1116.385 0.211 19.4188 
491000 821 826.342 -1112.023 0.501 14.8896 
492000 824 712.259 -1109.291 0.702 11.5557 
493000 826 641.38 -1107.46 0.7 9.6488 
494000 828 618.668 -1105.459 0.77 8.3226 
495000 830 595.001 -1102.465 0.943 7.2036 
496000 831 599.801 -1100.802 0.988 6.7891 
497000 832 639.821 -1101.039 0.891 6.7611 
498000 833 675.839 -1101.374 0.778 6.8657 
499000 834 708.255 -1101.961 0.66 6.9832 
500000 835 725.329 -1101.635 0.674 6.7412 
501000 836 752.796 -1101.245 0.532 7.0205 
502000 838 764.005 -1097.758 0.814 6.6216 
503000 839 760.005 -1096.763 0.798 6.4432 
504000 840 757.704 -1095.149 0.848 6.2681 
505000 842 734.84 -1094.917 0.738 5.897 
506000 844 727.821 -1093.63 0.759 5.6467 
507000 845 755.039 -1092.49 0.795 5.6732 
508000 846 745.835 -1089.637 0.941 5.4842 
509000 848 722.156 -1088.867 0.869 5.2131 
510000 849 749.941 -1088.224 0.848 5.4587 
511000 851 674.712 -1089.102 0.528 4.7385 
512000 852 707.241 -1089.931 0.482 5.2071 
513000 853 736.517 -1090.016 0.322 5.534 
514000 855 708.578 -1090.898 0.224 5.4371 
515000 856 681.221 -1093.438 0.085 5.141 
516000 858 692.449 -1091.665 0.08 5.1772 
517000 859 723.204 -1092.153 0.051 5.3552 
518000 861 700.165 -1089.35 0.37 5.0008 
519000 862 705.149 -1087.176 0.487 4.9777 
520000 863 713.334 -1085.544 0.624 4.8673 
521000 865 706.06 -1082.413 0.826 4.628 
522000 867 659.769 -1078.015 1.039 4.2004 
523000 868 693.792 -1077.46 1.038 4.2565 
524000 869 683.513 -1075.127 1.123 4.1522 
525000 870 715.161 -1074.2 1.108 4.2549 
526000 872 700.671 -1071.141 1.22 4.0715 
527000 873 712.904 -1069.693 1.248 4.2237 
528000 874 728.713 -1068.506 1.267 4.2611 
529000 875 755.842 -1068.897 1.103 4.4319 
530000 876 780.258 -1069.242 0.966 4.4574 
531000 877 802.232 -1069.165 0.888 4.5842 
532000 878 822.009 -1069.572 0.783 4.8013 
533000 879 839.808 -1069.595 0.65 4.9906 
534000 880 855.827 -1070.32 0.573 5.2309 
535000 881 870.244 -1070.872 0.444 5.2885 
536000 882 883.22 -1070.874 0.361 5.4565 
537000 883 894.898 -1071.356 0.305 5.5432 
538000 884 905.408 -1071.925 0.218 5.6987 
539000 885 914.867 -1072.55 0.162 5.9091 
540000 886 923.381 -1073.106 0.057 6.0097 
541000 887 931.043 -1073.715 -0.002 6.0273 
542000 888 937.938 -1073.917 -0.065 5.9912 
543000 889 944.144 -1073.999 -0.069 6.0359 
544000 890 949.73 -1074.033 -0.063 6.1352 
545000 891 941.757 -1073.061 0.079 6.5512 
546000 892 947.581 -1073.533 0.025 6.6155 
547000 893 952.823 -1073.693 -0.016 6.4777 
548000 894 957.541 -1073.781 -0.033 6.5572 
549000 895 961.787 -1074.17 -0.05 6.4983 
550000 896 965.608 -1074.187 -0.071 6.5735 
551000 897 969.047 -1074.123 -0.057 6.4608 
552000 898 972.143 -1074.023 -0.052 6.3306 
553000 899 974.928 -1074.231 -0.03 6.1829 
554000 900 977.435 -1074.639 -0.047 6.219 
555000 901 979.692 -1075.099 -0.104 6.111 
556000 902 981.723 -1075.156 -0.113 6.1951 
557000 903 983.55 -1075.526 -0.114 6.2435 
558000 904 985.195 -1075.912 -0.142 6.2461 
559000 905 986.676 -1076.189 -0.161 6.0782 
560000 906 988.008 -1076.968 -0.173 6.0853 
561000 907 989.207 -1077.515 -0.237 6.2469 
562000 908 990.287 -1077.836 -0.249 6.4433 
563000 909 991.258 -1078.298 -0.275 6.6353 
564000 910 992.132 -1078.734 -0.316 6.8101 
565000 911 992.919 -1079.144 -0.305 6.9793 
566000 912 993.627 -1079.499 -0.306 6.9718 
567000 913 994.264 -1079.658 -0.326 6.8374 
568000 914 994.838 -1079.877 -0.309 6.902 
569000 915 995.354 -1080.214 -0.312 6.7804 
570000 916 995.819 -1080.657 -0.315 7.2274 
571000 917 996.237 -1080.627 -0.306 7.11 
572000 918 996.613 -1081.606 -0.281 7.2589 
573000 919 996.952 -1081.953 -0.335 7.741 
574000 920 997.257 -1082.287 -0.331 7.7496 
575000 921 997.531 -1082.687 -0.346 7.9723 
576000 922 997.778 -1082.833 -0.346 7.7704 
577000 924 963.4 -1081.295 -0.202 7.3946 
578000 926 844.664 -1084.057 -0.299 6.3603 
579000 928 790.038 -1086.372 -0.555 5.7629 
580000 930 733.311 -1086.436 -0.43 5.2674 
581000 931 759.98 -1086.92 -0.471 5.4271 
582000 933 735.484 -1087.486 -0.412 4.99 
583000 934 737.635 -1089.632 -0.558 4.8843 
584000 935 763.872 -1090.061 -0.555 5.2382 
585000 936 771.984 -1091.695 -0.689 5.2599 
586000 937 794.786 -1092.938 -0.723 5.6929 
587000 938 815.307 -1093.743 -0.725 5.8099 
588000 940 754.539 -1095.162 -0.738 5.2082 
589000 943 665.658 -1095.625 -0.533 4.6992 
590000 944 699.092 -1096.626 -0.603 4.9968 
591000 945 729.183 -1097.752 -0.652 5.2579 
592000 946 689.665 -1098.915 -0.683 4.9017 
593000 948 710.628 -1100.229 -0.733 5.1746 
594000 949 739.566 -1100.692 -0.689 5.3995 
595000 950 718.109 -1102.172 -0.745 5.1759 
596000 952 727.968 -1104.464 -0.816 5.1982 
597000 953 755.171 -1105.017 -0.805 5.328 
598000 954 752.254 -1107.015 -0.922 5.1625 
599000 955 777.029 -1107.406 -0.861 5.4329 
600000 956 799.326 -1108.527 -0.859 5.4604 
601000 957 819.393 -1109.133 -0.882 5.5583 
602000 958 804.654 -1111.453 -0.994 5.3693 
603000 959 824.189 -1112.437 -0.96 5.6492 
604000 960 820.27 -1115.287 -1.107 5.485 
605000 962 809.619 -1117.613 -1.192 5.3036 
606000 963 828.657 -1118.554 -1.161 5.2627 
607000 964 845.791 -1119.177 -1.122 5.5832 
608000 965 861.212 -1119.862 -1.089 5.8943 
