1000 1 100.0 78.824 7.882 0.1552 
2000 2 96.8 154.589 7.773 0.15 
3000 3 187.12 234.026 14.45 0.2831 
4000 4 268.408 319.196 21.012 0.4056 
5000 6 318.81 380.419 25.08 0.4954 
6000 7 386.929 444.002 28.959 0.6203 
7000 8 448.236 512.551 32.337 0.7055 
8000 10 532.172 585.144 38.269 0.8179 
9000 11 578.954 659.035 41.914 0.8797 
10000 12 621.059 734.902 45.141 0.9374 
11000 13 590.453 817.531 43.171 0.8893 
12000 14 631.408 895.911 46.509 0.9451 
13000 15 668.267 985.17 50.858 0.9944 
14000 16 701.44 1045.683 53.713 1.0415 
15000 17 731.296 1129.472 54.61 1.0841 
16000 18 758.167 1209.563 57.744 1.1547 
17000 19 782.35 1290.162 60.097 1.1966 
18000 20 804.115 1346.443 62.054 1.501 
19000 21 823.703 1404.971 60.919 1.7958 
20000 22 841.333 1446.536 59.929 2.063 
21000 23 857.2 1482.949 58.301 2.3017 
22000 24 871.48 1520.025 55.928 2.5165 
23000 25 884.332 1547.968 53.736 2.7109 
24000 26 895.899 1589.257 51.181 2.8832 
25000 27 906.309 1623.681 50.504 3.0488 
26000 28 915.678 1656.145 48.594 3.1992 
27000 29 924.11 1694.462 46.847 3.3573 
28000 30 931.699 1729.416 46.489 3.5058 
29000 31 938.529 1762.3 45.268 3.6347 
30000 32 944.676 1796.797 43.92 3.7545 
31000 33 950.209 1843.709 43.498 3.8725 
32000 34 955.188 1874.771 43.262 3.9868 
33000 35 959.669 1920.973 42.108 4.0962 
34000 36 963.702 1986.136 43.077 4.206 
35000 37 967.332 2045.231 45.202 4.3073 
36000 38 970.599 2111.44 46.896 4.4288 
37000 39 973.539 2173.635 48.611 4.5919 
38000 40 976.185 2231.676 50.487 4.6947 
39000 41 978.566 2301.043 50.977 4.8034 
40000 42 980.71 2382.79 53.103 4.8978 
41000 43 982.639 2453.681 56.438 5.0009 
42000 44 984.375 2523.824 57.332 5.1052 
43000 45 985.937 2579.15 58.245 5.2061 
44000 46 987.344 2656.288 58.098 5.3079 
45000 47 988.609 2725.146 60.171 5.3973 
46000 48 989.748 2783.915 60.821 5.4788 
47000 51 855.247 2853.992 52.919 4.8277 
48000 52 869.722 2933.832 54.847 4.9745 
49000 53 882.75 2995.705 56.691 5.1175 
50000 54 881.975 3060.97 56.599 5.1767 
51000 55 884.077 3146.027 58.509 5.2633 
52000 58 758.112 3200.885 49.385 4.5877 
53000 59 724.101 3280.043 46.888 4.4054 
54000 60 751.691 3368.815 51.671 4.6166 
55000 61 776.522 3442.325 55.026 4.7971 
56000 62 761.87 3532.609 53.524 4.7228 
57000 63 785.683 3626.829 57.086 4.8863 
58000 64 807.114 3704.811 60.955 5.0316 
59000 65 826.403 3803.37 62.617 5.1575 
60000 66 843.763 3882.549 66.248 5.2591 
61000 67 859.386 3969.287 67.508 5.3564 
62000 68 873.448 4074.625 69.398 5.4507 
63000 69 886.103 4174.618 72.945 5.5413 
64000 70 897.493 4253.859 75.68 5.6302 
65000 71 907.743 4349.257 76.042 5.7164 
66000 72 916.969 4431.171 78.153 5.7738 
67000 73 925.272 4513.441 78.286 5.8176 
68000 74 932.745 4623.229 78.758 5.8463 
69000 76 894.523 4729.96 78.978 5.5709 
70000 77 905.071 4835.287 81.144 5.6126 
71000 78 914.564 4944.168 84.932 5.6613 
72000 79 923.108 5045.772 85.839 5.7143 
73000 80 930.797 5129.446 86.283 5.7632 
74000 81 937.717 5217.776 87.128 5.8032 
75000 82 943.945 5308.96 86.49 5.8398 
76000 83 949.551 5430.796 89.358 5.8896 
77000 84 954.596 5534.993 90.797 5.9125 
78000 85 959.136 5634.752 93.149 5.9341 
79000 86 963.223 5738.665 93.112 5.9525 
80000 87 966.9 5843.182 94.336 5.9745 
81000 88 970.21 5951.278 96.207 5.9937 
82000 89 966.889 6052.008 95.597 5.9827 
83000 91 927.38 6114.532 88.809 5.7436 
84000 92 934.642 6230.591 91.449 5.7874 
85000 93 941.178 6320.293 91.425 5.816 
86000 94 947.06 6417.789 91.978 5.8603 
87000 95 904.654 6485.401 86.042 5.6033 
88000 96 914.189 6563.476 85.948 5.6901 
89000 102 578.43 6637.506 51.946 3.6173 
90000 105 454.441 6718.515 40.677 2.846 
91000 110 348.994 6789.905 29.985 2.2029 
92000 118 243.922 6859.744 19.69 1.5583 
93000 119 300.63 6945.349 24.943 1.9314 
94000 120 370.567 7014.551 29.452 2.3967 
95000 121 433.51 7100.649 33.247 2.8161 
96000 122 453.859 7195.307 36.918 2.9503 
97000 123 508.473 7303.449 43.156 3.3052 
98000 124 557.626 7394.472 48.989 3.6225 
99000 125 601.863 7483.401 53.132 3.9441 
100000 126 641.677 7587.273 57.38 4.2491 
101000 127 677.509 7697.764 61.74 4.4883 
102000 128 709.758 7828.048 68.257 4.7016 
103000 129 738.782 7932.995 73.281 4.8837 
104000 130 764.904 8064.164 75.98 5.0523 
105000 131 788.414 8197.547 83.066 5.2104 
106000 132 809.572 8262.915 85.702 5.3484 
107000 133 828.615 8367.53 83.71 5.4684 
108000 134 845.754 8473.67 87.37 5.5797 
109000 135 861.178 8577.709 87.967 5.6751 
110000 136 875.06 8672.205 90.548 5.7722 
111000 137 887.554 8773.591 90.266 5.8689 
112000 138 898.799 8872.899 92.584 5.9316 
113000 139 908.919 8961.977 91.751 6.0004 
114000 140 918.027 9059.554 91.779 6.0449 
115000 141 926.224 9126.234 92.108 6.0777 
116000 142 933.602 9219.146 89.918 6.1133 
117000 143 940.242 9305.151 89.692 6.1663 
118000 144 946.218 9374.831 88.379 6.1982 
119000 145 951.596 9470.727 87.674 6.2136 
120000 146 956.436 9572.615 88.498 6.2324 
121000 147 960.793 9696.109 90.8 6.2481 
122000 148 964.713 9798.376 94.874 6.2746 
123000 149 968.242 9893.649 93.188 6.2762 
124000 150 971.418 10006.815 95.702 6.2754 
125000 151 974.276 10068.611 95.108 6.2785 
126000 152 976.848 10142.14 91.67 6.284 
127000 153 979.164 10267.646 91.342 6.2934 
128000 165 345.679 10344.693 32.099 2.2055 
129000 180 98.174 10407.01 7.617 0.6192 
130000 181 173.657 10514.797 14.214 1.085 
131000 182 256.291 10624.174 24.273 1.5923 
132000 183 330.662 10737.348 32.091 2.0633 
133000 184 397.596 10829.881 40.169 2.4818 
134000 185 457.836 10921.65 45.074 2.8726 
135000 186 512.053 11017.557 50.229 3.2141 
136000 187 560.847 11115.286 54.964 3.5201 
137000 188 604.763 11219.992 58.339 3.7944 
138000 189 644.286 11328.266 63.576 4.0491 
139000 190 679.858 11439.277 67.706 4.2741 
140000 191 711.872 11549.358 72.539 4.4754 
141000 192 740.685 11674.098 77.328 4.6604 
142000 193 766.616 11781.87 81.777 4.832 
143000 194 789.955 11905.107 84.567 4.9934 
144000 196 788.563 12011.943 85.143 4.9929 
145000 197 809.707 12117.544 87.485 5.1407 
146000 198 828.736 12216.042 88.422 5.2749 
147000 199 845.863 12317.676 89.795 5.3927 
148000 200 861.276 12436.754 92.706 5.494 
149000 201 875.149 12539.236 93.858 5.5929 
150000 202 887.634 12638.74 93.632 5.6777 
151000 203 898.87 12706.905 91.541 5.7363 
152000 204 908.983 12793.699 91.313 5.7812 
153000 205 918.085 12904.363 92.774 5.8198 
154000 206 926.277 13023.753 95.452 5.8403 
155000 207 933.649 13157.554 99.477 5.8693 
156000 208 940.284 13248.96 98.587 5.908 
157000 209 946.256 13347.915 99.884 5.9506 
158000 210 951.63 13407.761 95.07 5.9803 
159000 211 956.467 13481.002 93.009 6.0059 
160000 212 960.82 13564.438 91.784 6.0353 
161000 213 964.738 13662.473 92.948 6.1006 
162000 214 968.264 13755.427 92.757 6.1116 
163000 215 971.438 13864.742 93.641 6.1112 
164000 216 974.294 13956.587 94.138 6.1097 
165000 217 976.865 14066.253 95.954 6.1062 
166000 218 979.178 14188.047 97.712 6.1137 
167000 219 981.26 14289.512 98.904 6.1205 
168000 220 983.134 14389.775 98.017 6.1475 
169000 221 984.821 14503.68 99.796 6.1571 
170000 222 986.339 14586.681 98.27 6.1736 
171000 223 987.705 14686.671 99.194 6.1904 
172000 224 988.935 14783.726 98.613 6.2057 
173000 225 990.041 14880.431 99.347 6.2193 
174000 226 991.037 14945.499 94.614 6.2258 
175000 227 991.933 15048.637 95.893 6.2417 
176000 228 992.74 15158.835 97.185 6.2861 
177000 229 993.466 15245.407 95.321 6.2803 
178000 231 903.607 15351.065 88.422 5.7003 
179000 232 913.247 15449.384 89.467 5.8234 
180000 233 921.922 15556.466 91.039 5.9101 
181000 234 929.73 15639.943 90.519 5.967 
182000 235 936.757 15741.993 91.538 6.0772 
183000 236 943.081 15828.992 90.711 6.1206 
184000 237 948.773 15945.135 93.741 6.1473 
185000 238 953.896 16086.57 97.647 6.1744 
186000 239 958.506 16188.044 98.922 6.1935 
187000 240 962.656 16302.274 99.941 6.2193 
188000 241 966.39 16412.671 101.306 6.243 
189000 242 969.751 16526.066 102.977 6.2763 
190000 243 972.776 16589.591 99.059 6.3162 
191000 244 975.498 16693.877 98.984 6.3554 
192000 245 977.948 16757.696 95.404 6.3695 
193000 246 980.154 16851.214 95.066 6.3844 
194000 247 982.138 16914.647 92.225 6.3857 
195000 248 983.924 17006.433 92.194 6.3879 
196000 249 985.532 17108.793 92.884 6.3856 
197000 250 986.979 17186.671 91.315 6.3814 
198000 251 988.281 17298.527 93.447 6.369 
199000 252 989.453 17363.077 90.717 6.3603 
200000 253 990.508 17459.874 91.282 6.3525 
201000 254 991.457 17549.747 91.463 6.3467 
202000 255 992.311 17658.187 92.981 6.348 
203000 256 993.08 17758.964 93.674 6.3463 
204000 257 993.772 17891.619 97.482 6.332 
205000 258 994.395 18006.039 99.573 6.3141 
206000 259 994.955 18130.171 102.036 6.3049 
207000 260 995.46 18203.123 98.999 6.304 
208000 261 995.914 18302.473 99.115 6.2969 
209000 262 996.322 18417.584 100.292 6.2901 
210000 263 996.69 18521.647 100.938 6.2793 
211000 264 997.021 18665.982 105.279 6.2653 
212000 265 997.319 18791.257 107.217 6.2542 
213000 266 997.587 18906.784 108.188 6.2469 
214000 267 997.828 19036.551 110.013 6.2661 
215000 268 998.046 19174.829 112.971 6.2633 
216000 269 998.241 19311.316 114.981 6.2603 
217000 270 998.417 19443.332 116.705 6.2628 
218000 271 998.575 19567.146 117.905 6.2614 
219000 272 998.718 19676.291 116.523 6.2632 
220000 273 998.846 19811.394 118.308 6.2573 
221000 274 998.961 19941.722 120.177 6.2499 
222000 275 999.065 20072.823 120.731 6.2405 
223000 276 999.159 20187.562 120.697 6.225 
224000 277 999.243 20297.033 119.809 6.2326 
225000 278 999.319 20403.706 118.258 6.3192 
226000 279 999.387 20519.106 117.947 6.3181 
227000 280 999.448 20620.441 116.372 6.3041 
228000 281 999.503 20735.361 116.026 6.2746 
229000 282 999.553 20859.393 116.52 6.2857 
230000 283 999.598 20948.0 114.121 6.2536 
231000 284 999.638 21001.45 108.306 6.232 
232000 285 999.674 21060.786 103.118 6.2081 
233000 286 999.707 21141.054 101.07 6.1846 
234000 287 999.736 21221.317 99.036 6.1681 
235000 288 999.762 21326.683 99.492 6.143 
236000 289 999.786 21396.745 96.604 6.125 
237000 290 999.808 21483.185 95.478 6.1089 
238000 291 999.827 21594.153 96.383 6.0965 
239000 292 999.844 21656.83 93.847 6.0842 
240000 293 999.86 21742.664 92.752 6.0706 
241000 294 999.874 21826.477 92.032 6.0582 
242000 295 999.886 21928.045 93.218 6.054 
243000 296 999.898 22046.99 95.383 6.0472 
244000 297 999.908 22160.534 96.604 6.0495 
245000 298 999.917 22305.033 102.183 6.0549 
246000 299 999.925 22451.559 105.993 6.0577 
247000 300 999.933 22585.907 108.939 6.0623 
248000 301 999.94 22728.319 112.57 6.0689 
249000 302 999.946 22854.842 113.795 6.0711 
250000 303 999.951 22956.792 112.811 6.0907 
251000 304 999.956 23063.34 111.323 6.0963 
252000 305 999.96 23211.036 115.741 6.0917 
253000 306 999.964 23353.063 118.388 6.0714 
254000 307 999.968 23468.556 118.295 6.0591 
255000 308 999.971 23590.411 117.96 6.0938 
256000 309 999.974 23715.23 119.059 6.0939 
257000 310 999.977 23869.858 122.469 6.085 
258000 311 999.979 24002.394 123.508 6.1246 
259000 312 999.981 24131.07 124.279 6.1042 
260000 313 999.983 24260.364 124.501 6.0886 
261000 314 999.985 24407.334 126.492 6.0611 
262000 315 999.986 24504.298 123.773 6.1171 
263000 316 999.988 24615.974 123.061 6.1281 
264000 317 999.989 24748.844 123.755 6.1072 
265000 318 999.99 24868.125 123.447 6.0903 
266000 319 999.991 25005.41 124.608 6.0707 
267000 320 999.992 25117.894 123.111 6.0576 
268000 321 999.993 25211.329 121.052 6.0393 
269000 322 999.993 25317.132 119.02 6.0247 
270000 323 999.994 25450.778 120.856 6.0182 
271000 324 999.995 25550.695 118.302 6.0071 
272000 325 999.995 25681.183 120.0 5.9905 
273000 326 999.996 25783.978 118.011 5.9811 
274000 327 999.996 25898.951 117.856 5.9909 
275000 328 999.996 26000.609 116.368 6.0054 
276000 329 999.997 26073.45 111.744 6.0103 
277000 330 999.997 26188.389 112.051 6.0133 
278000 331 999.997 26272.089 108.529 6.017 
279000 332 999.998 26365.784 107.467 6.0284 
280000 333 999.998 26489.334 109.32 6.0427 
281000 334 999.998 26588.922 108.47 6.1194 
282000 335 999.998 26712.776 109.857 6.1278 
283000 336 999.998 26815.759 109.092 6.1311 
284000 337 999.999 26938.325 110.412 6.2022 
285000 338 999.999 27066.219 111.793 6.197 
286000 339 999.999 27183.756 112.838 6.2019 
287000 340 999.999 27283.32 111.734 6.1852 
288000 341 999.999 27421.58 114.195 6.1636 
289000 342 999.999 27535.363 113.66 6.1335 
290000 343 999.999 27650.965 114.372 6.1123 
291000 344 999.999 27764.462 113.775 6.0844 
292000 345 999.999 27889.941 115.437 6.0519 
293000 346 999.999 27979.425 112.978 6.0197 
294000 347 1000.0 28080.526 111.741 5.9909 
295000 348 1000.0 28162.635 108.014 5.9651 
296000 349 1000.0 28268.535 108.697 5.9428 
297000 350 1000.0 28396.623 110.485 5.9284 
298000 351 1000.0 28508.329 110.326 5.9096 
299000 352 1000.0 28622.648 110.79 5.9059 
300000 353 1000.0 28729.722 110.398 5.8968 
301000 354 1000.0 28851.902 111.721 5.8838 
302000 355 1000.0 28972.095 112.513 5.87 
303000 356 1000.0 29081.218 112.412 5.8508 
304000 357 1000.0 29199.747 112.814 5.8352 
305000 358 1000.0 29334.04 114.659 5.8175 
306000 359 1000.0 29461.555 116.305 5.8001 
307000 360 1000.0 29596.646 117.865 5.7927 
308000 361 1000.0 29702.67 117.173 5.7941 
309000 362 1000.0 29799.445 114.699 5.7907 
310000 363 1000.0 29917.699 115.508 5.8006 
311000 364 1000.0 30016.925 113.905 5.8218 
312000 365 1000.0 30136.196 114.24 5.8419 
313000 366 1000.0 30252.648 114.466 5.8468 
314000 367 1000.0 30351.389 113.085 5.8467 
315000 368 1000.0 30465.881 112.843 5.8498 
316000 369 1000.0 30552.012 110.958 5.8514 
317000 370 1000.0 30653.892 109.639 5.8439 
318000 371 1000.0 30765.647 109.139 5.8315 
319000 372 1000.0 30851.994 106.785 5.8211 
320000 373 1000.0 30975.362 108.895 5.8155 
321000 374 1000.0 31113.653 112.229 5.8136 
322000 375 1000.0 31242.327 113.55 5.8139 
323000 376 1000.0 31314.667 109.383 5.813 
324000 377 1000.0 31420.942 109.254 5.821 
325000 378 1000.0 31535.778 109.874 5.8189 
326000 379 1000.0 31664.921 111.398 5.8155 
327000 380 1000.0 31775.976 111.689 5.8073 
328000 381 1000.0 31887.128 111.238 5.7953 
329000 382 954.3 31986.25 107.19 5.5296 
330000 383 958.87 32061.075 103.192 5.5574 
331000 384 962.983 32116.306 100.422 5.5821 
332000 385 966.685 32201.913 95.078 5.6065 
333000 386 970.016 32298.66 96.5 5.6638 
334000 387 973.015 32401.588 97.222 5.7554 
335000 388 975.713 32518.362 97.619 5.7775 
336000 389 978.142 32638.734 100.043 5.801 
337000 390 980.328 32757.511 102.426 5.8301 
338000 391 982.295 32855.507 102.778 5.8422 
339000 392 984.065 32957.578 103.258 5.8478 
340000 393 985.659 33059.162 102.093 5.854 
341000 394 987.093 33156.333 102.791 5.873 
342000 395 988.384 33231.075 99.425 5.877 
343000 396 989.545 33313.916 98.106 5.8831 
344000 397 990.591 33377.496 96.181 5.9037 
345000 398 991.532 33472.338 93.515 5.9203 
346000 399 992.379 33553.081 94.047 5.9684 
347000 400 993.141 33627.21 91.628 6.016 
348000 401 993.827 33687.712 89.297 6.0219 
349000 402 994.444 33761.612 87.18 6.0416 
350000 403 995.0 33811.065 84.233 6.0378 
351000 404 995.5 33907.091 81.473 6.0452 
352000 405 995.95 33992.537 85.1 6.0416 
353000 406 996.355 34097.026 85.084 6.0432 
354000 407 996.719 34217.978 86.756 6.0456 
355000 408 997.047 34345.136 90.668 6.0632 
356000 409 997.343 34456.789 95.042 6.1135 
357000 410 997.608 34561.594 97.133 6.1055 
358000 411 997.847 34639.536 95.003 6.1023 
359000 412 998.063 34740.615 95.769 6.0933 
360000 414 907.831 34838.864 87.352 5.5312 
361000 415 917.048 34944.602 87.874 5.613 
362000 416 925.343 35042.401 89.302 5.6581 
363000 417 932.809 35152.767 91.215 5.721 
364000 418 939.528 35225.632 91.359 5.7533 
365000 419 945.575 35327.535 89.811 5.7699 
366000 420 951.018 35428.641 92.103 5.7868 
367000 421 955.916 35544.282 93.814 5.7992 
368000 422 960.324 35640.985 94.671 5.8112 
369000 426 740.863 35738.617 73.11 4.4671 
370000 427 677.376 35831.44 67.271 4.082 
371000 428 709.639 35925.226 69.273 4.263 
372000 429 738.675 36025.154 71.484 4.4248 
373000 430 764.807 36073.112 74.428 4.5733 
374000 431 788.327 36189.588 71.553 4.7182 
375000 432 809.494 36285.442 76.514 4.8332 
376000 433 828.545 36358.704 78.292 4.9243 
377000 434 845.69 36444.103 77.521 5.0062 
378000 435 861.121 36553.402 78.567 5.0848 
379000 436 875.009 36690.15 81.805 5.1513 
380000 437 887.508 36806.499 87.811 5.2124 
381000 438 898.757 36940.213 90.629 5.2638 
382000 439 908.882 37052.633 94.633 5.3156 
383000 440 917.993 37162.501 95.991 5.3611 
384000 441 926.194 37282.616 97.461 5.3928 
385000 442 933.575 37390.318 100.752 5.4276 
386000 443 940.217 37515.543 100.47 5.4674 
387000 444 946.195 37641.221 103.274 5.5108 
388000 445 951.576 37731.249 105.532 5.5281 
389000 446 956.418 37855.703 103.689 5.5518 
390000 447 960.777 37986.79 107.329 5.5693 
391000 448 964.699 38105.628 108.708 5.5837 
392000 449 968.229 38198.582 109.083 5.5972 
393000 450 971.406 38296.537 107.282 5.608 
394000 451 974.265 38400.652 106.772 5.6177 
395000 452 976.839 38484.486 106.278 5.625 
396000 453 979.155 38617.854 103.912 5.6329 
397000 454 981.24 38742.209 107.078 5.6366 
398000 455 983.116 38843.406 109.114 5.6456 
399000 456 984.804 38973.782 107.653 5.6727 
400000 457 986.324 39098.342 110.209 5.6959 
401000 458 987.691 39190.467 111.346 5.698 
402000 459 988.922 39266.784 109.789 5.6948 
403000 460 990.03 39383.41 106.269 5.701 
404000 461 991.027 39498.392 107.699 5.6978 
405000 462 991.924 39631.399 108.256 5.7065 
406000 463 992.732 39763.107 111.843 5.7115 
407000 464 993.459 39886.883 112.829 5.7158 
408000 465 994.113 39978.257 113.517 5.7187 
409000 466 994.701 40113.503 112.112 5.7242 
410000 467 995.231 40230.98 114.191 5.7252 
411000 468 995.708 40283.239 114.298 5.7202 
412000 469 996.137 40378.044 107.296 5.744 
413000 470 996.524 40475.371 106.61 5.7536 
414000 471 996.871 40588.026 105.709 5.7483 
415000 472 997.184 40684.084 106.069 5.744 
416000 473 997.466 40718.641 105.479 5.7409 
417000 474 997.719 40783.192 97.817 5.7346 
418000 475 997.947 40873.564 95.206 5.732 
419000 476 998.153 40974.49 94.775 5.7939 
420000 477 998.337 41060.873 95.166 5.8882 
421000 478 998.504 41187.829 94.531 5.8831 
422000 479 998.653 41287.45 97.482 5.8826 
423000 480 998.788 41383.841 97.826 5.8885 
424000 481 998.909 41497.862 97.473 5.8935 
425000 482 999.018 41615.771 99.154 5.9031 
426000 483 999.116 41696.043 101.774 5.8995 
427000 484 999.205 41807.465 98.934 5.8991 
428000 485 999.284 41898.333 100.507 5.889 
429000 486 999.356 41966.392 99.025 5.8864 
430000 487 999.42 42059.862 95.846 5.8829 
431000 488 999.478 42169.825 96.086 5.8903 
432000 489 999.53 42295.324 98.001 5.896 
433000 490 999.577 42383.189 99.941 5.8975 
434000 492 927.058 42484.224 91.52 5.481 
435000 493 934.352 42602.22 92.339 5.5289 
436000 494 940.917 42707.594 96.689 5.5767 
437000 495 946.825 42800.739 95.64 5.6318 
438000 496 945.743 42869.073 95.701 5.6254 
439000 497 951.168 42952.803 91.252 5.6583 
440000 502 688.392 43038.413 65.222 4.0922 
441000 506 535.361 43138.783 50.922 3.1789 
442000 507 540.525 43254.449 53.06 3.2096 
443000 508 586.473 43358.652 58.582 3.4775 
444000 509 627.825 43473.487 62.918 3.7177 
445000 510 665.043 43589.682 68.822 3.9313 
446000 511 698.538 43700.871 73.941 4.1127 
447000 512 728.685 43806.278 76.122 4.2817 
448000 513 755.816 43876.81 77.919 4.4395 
449000 514 780.235 43944.42 76.408 4.6023 
450000 515 802.211 44040.193 76.446 4.7188 
451000 516 821.99 44142.858 79.083 4.8168 
452000 517 839.791 44249.095 82.154 4.9003 
453000 518 855.812 44338.944 82.8 4.9782 
454000 519 870.231 44456.531 85.793 5.0583 
455000 520 883.208 44549.036 88.328 5.1332 
456000 521 894.887 44636.42 87.866 5.2017 
457000 522 905.398 44729.611 87.245 5.2654 
458000 524 830.673 44827.689 80.771 4.8278 
459000 525 847.605 44929.634 83.332 4.9254 
460000 526 862.845 45043.995 83.46 5.0142 
461000 527 876.56 45171.889 89.339 5.1024 
462000 528 888.904 45311.262 94.326 5.1933 
463000 529 900.014 45446.01 99.683 5.2589 
464000 530 910.012 45548.131 99.749 5.3218 
465000 531 919.011 45661.19 100.638 5.3694 
466000 532 927.11 45759.436 101.696 5.4159 
467000 533 934.399 45838.37 98.055 5.4586 
468000 534 940.959 45952.916 99.106 5.4939 
469000 535 946.863 46071.509 101.234 5.527 
470000 536 952.177 46194.396 103.679 5.5607 
471000 537 956.959 46336.6 105.739 5.5941 
472000 538 961.263 46435.571 107.105 5.6234 
473000 539 965.137 46513.902 105.735 5.6528 
474000 540 968.623 46595.386 101.575 5.7067 
475000 541 971.761 46688.403 101.835 5.7393 
476000 542 974.585 46773.12 98.833 5.7583 
477000 543 977.126 46860.188 100.099 5.7695 
478000 544 979.414 46930.489 96.723 5.7776 
479000 545 981.472 47004.547 93.483 5.7861 
480000 546 983.325 47083.24 91.58 5.7942 
481000 547 984.993 47173.74 90.596 5.8026 
482000 548 986.493 47297.269 94.905 5.8184 
483000 549 987.844 47373.549 94.009 5.8441 
484000 550 989.06 47463.368 92.353 5.8939 
485000 551 990.154 47564.514 93.469 5.8914 
486000 552 991.138 47655.916 92.53 5.8944 
487000 553 992.024 47742.128 93.246 5.904 
488000 554 992.822 47820.934 92.417 5.8998 
489000 555 993.54 47896.549 90.851 5.895 
490000 556 994.186 47995.736 90.001 5.8968 
491000 557 994.767 48101.752 91.642 5.8986 
492000 558 995.291 48182.511 91.449 5.9064 
493000 559 995.761 48278.141 91.127 5.9072 
494000 560 996.185 48373.507 92.394 5.9193 
495000 562 906.51 48490.138 84.207 5.3901 
496000 563 915.859 48623.633 89.805 5.4495 
497000 564 924.273 48741.876 92.822 5.5081 
498000 565 931.846 48861.627 94.924 5.5601 
499000 566 938.661 48951.28 96.232 5.6251 
500000 567 944.795 49034.241 93.977 5.6722 
501000 568 950.316 49135.702 95.172 5.7042 
502000 569 955.284 49239.971 96.183 5.7271 
503000 570 959.756 49356.152 98.246 5.7424 
504000 571 963.78 49467.812 98.83 5.7581 
505000 572 967.402 49595.081 100.925 5.775 
506000 573 970.662 49714.977 103.109 5.7863 
507000 574 973.596 49812.809 103.602 5.8014 
508000 575 976.236 49908.812 102.392 5.8166 
509000 576 978.613 50021.254 102.91 5.8326 
510000 577 980.751 50139.585 104.155 5.8464 
511000 578 982.676 50250.063 105.809 5.8724 
512000 579 984.409 50348.573 104.686 5.8778 
513000 580 985.968 50448.737 105.506 5.8718 
514000 581 944.871 50537.069 99.314 5.6253 
515000 582 950.384 50638.588 98.99 5.6411 
516000 583 955.345 50727.824 99.727 5.6615 
517000 584 959.811 50831.61 97.847 5.6846 
518000 585 963.83 50916.401 98.942 5.6963 
519000 586 967.447 51036.717 96.082 5.7112 
520000 587 970.702 51100.696 99.916 5.7193 
521000 588 973.632 51180.787 94.884 5.737 
522000 590 897.342 51289.785 87.412 5.2833 
523000 591 907.608 51393.359 89.411 5.347 
524000 592 911.447 51506.542 91.204 5.384 
525000 593 920.302 51584.168 91.367 5.4411 
526000 594 928.272 51679.63 91.083 5.4867 
527000 595 935.445 51779.367 90.448 5.5279 
528000 596 941.9 51912.321 93.055 5.5604 
529000 597 947.71 52059.401 98.19 5.5851 
530000 598 952.939 52177.864 102.609 5.6075 
531000 599 957.645 52260.471 102.833 5.6284 
532000 600 961.881 52326.235 99.393 5.6478 
533000 601 965.693 52426.518 96.301 5.6663 
534000 602 969.123 52540.125 99.243 5.6802 
535000 603 972.211 52687.31 101.853 5.7105 
536000 604 974.99 52791.694 103.818 5.7543 
537000 605 977.491 52888.825 101.937 5.8221 
538000 606 979.742 52995.726 103.876 5.8481 
539000 607 981.768 53110.754 103.985 5.8626 
540000 608 983.591 53235.85 104.886 5.8758 
541000 609 985.232 53365.27 107.245 5.8796 
542000 610 986.709 53485.878 110.588 5.8813 
543000 611 988.038 53588.462 110.162 5.8796 
544000 612 989.234 53697.624 110.067 5.8746 
545000 613 990.311 53801.036 108.923 5.8811 
546000 614 991.28 53921.46 108.987 5.8826 
547000 615 992.152 54043.362 110.097 5.8993 
548000 616 992.936 54156.138 111.006 5.9258 
549000 617 993.643 54279.287 112.302 5.9537 
550000 618 994.279 54393.905 112.833 5.9666 
551000 619 994.851 54505.788 112.856 5.9723 
552000 620 995.366 54626.128 113.07 5.9791 
553000 621 995.829 54708.923 112.116 5.9878 
554000 622 996.246 54854.049 110.854 5.9999 
555000 623 996.622 54971.824 113.308 6.009 
556000 624 996.959 55076.616 115.036 6.0149 
557000 625 997.263 55193.743 113.118 6.0227 
558000 626 997.537 55292.052 112.92 6.0267 
