1000 1 20.0 479.777 9.596 0.0444 
2000 2 39.6 960.065 19.009 0.0803 
3000 3 58.808 1374.234 26.913 0.1134 
4000 4 77.632 1762.56 34.141 0.1471 
5000 5 96.079 2084.387 39.895 0.1797 
6000 6 114.158 2592.789 49.265 0.2107 
7000 7 131.874 3027.675 56.977 0.2427 
8000 8 149.237 3492.641 65.137 0.2759 
9000 9 166.252 4008.534 74.152 0.3161 
10000 10 182.927 4339.883 79.296 0.3538 
11000 11 199.269 4602.724 82.967 0.3812 
12000 12 215.283 4981.619 88.885 0.4086 
13000 13 230.978 5392.557 95.326 0.4354 
14000 14 246.358 5840.395 102.377 0.4661 
15000 15 261.431 6299.348 109.508 0.4947 
16000 16 276.202 6582.729 112.986 0.5243 
17000 17 290.678 6958.873 118.249 0.7055 
18000 18 304.865 7267.749 122.061 0.959 
19000 19 318.767 7613.713 126.539 1.1952 
20000 20 331.492 7948.241 130.346 1.4151 
21000 21 344.862 8402.084 136.841 1.642 
22000 22 357.965 8962.92 145.226 1.8861 
23000 24 363.97 9487.603 150.125 2.0703 
24000 34 315.328 9922.027 130.384 1.9213 
25000 45 256.548 10390.324 105.244 1.5893 
26000 59 217.659 10846.096 91.015 1.5052 
27000 64 220.553 11365.873 94.683 1.6652 
28000 75 194.319 11797.073 83.447 1.5817 
29000 79 187.811 12299.682 80.884 1.5841 
30000 84 191.75 12769.736 84.306 1.7666 
31000 92 185.643 13227.067 81.685 1.8495 
32000 106 154.31 13647.185 67.677 1.6382 
33000 107 171.223 14113.371 75.337 1.9435 
34000 113 172.12 14629.165 77.205 1.9817 
35000 114 188.678 15085.443 84.786 2.1962 
36000 119 191.246 15519.671 85.826 2.2491 
37000 120 207.421 16017.053 93.966 2.4572 
38000 125 201.83 16500.164 91.945 2.4025 
39000 126 217.793 16990.799 99.753 2.6093 
40000 128 229.469 17470.442 105.27 2.7646 
41000 129 244.879 17934.766 112.418 2.9685 
42000 130 259.982 18374.723 119.289 3.1645 
43000 131 274.782 18820.198 126.085 3.3558 
44000 132 289.286 19282.184 132.476 3.5437 
45000 133 303.501 19796.308 140.167 3.7288 
46000 134 317.431 20204.525 145.681 3.9241 
47000 135 331.082 20612.808 150.778 4.0981 
48000 137 341.511 21186.08 158.155 4.2572 
49000 138 354.681 21561.793 162.512 4.4625 
50000 139 367.587 21936.001 166.69 4.7024 
51000 140 376.736 22403.822 171.431 4.8188 
52000 141 389.201 22809.81 175.348 4.9788 
53000 142 401.417 23282.378 181.389 5.1332 
54000 143 413.389 23629.899 185.019 5.2896 
55000 144 425.121 24170.64 191.455 5.4394 
56000 145 436.618 24738.379 199.176 5.598 
57000 146 447.886 25246.946 205.876 5.7515 
58000 147 458.928 25768.104 211.484 5.8924 
59000 149 461.075 26178.405 212.168 5.9183 
60000 150 471.853 26642.22 217.021 6.0535 
61000 151 476.876 27147.476 220.219 6.1174 
62000 152 487.339 27713.38 226.598 6.2485 
63000 153 497.592 28282.677 232.768 6.3789 
64000 154 507.64 28861.34 240.184 6.5276 
65000 155 517.487 29411.507 246.659 6.6579 
66000 156 527.137 29756.975 249.965 6.7781 
67000 157 536.595 30145.081 251.989 6.8977 
68000 158 545.863 30510.07 254.569 7.0131 
69000 159 554.946 30906.794 256.591 7.1331 
70000 160 563.847 31494.542 262.086 7.2717 
71000 161 572.57 32016.439 267.481 7.383 
72000 162 581.118 32619.004 274.924 7.4888 
73000 163 589.496 33120.059 278.746 7.5942 
74000 164 597.706 33616.943 284.251 7.6963 
75000 166 599.977 34107.672 285.744 7.7248 
76000 167 607.977 34699.986 291.891 7.824 
77000 168 615.818 35325.811 298.535 7.9229 
78000 169 623.501 35870.091 303.374 8.0177 
79000 170 631.031 36432.341 308.624 8.1114 
80000 171 638.411 37047.006 314.89 8.2032 
81000 172 633.463 37593.239 312.48 8.1392 
82000 173 640.793 38148.789 317.255 8.2304 
83000 174 647.977 38725.707 321.811 8.3231 
84000 175 655.018 39216.081 327.414 8.4103 
85000 176 661.918 39739.365 330.061 8.4998 
86000 177 668.679 40211.387 334.042 8.5836 
87000 178 675.306 40711.481 336.574 8.6676 
88000 179 681.799 41309.917 340.204 8.7796 
89000 180 688.164 41858.814 345.407 8.867 
90000 181 694.4 42387.298 349.248 8.9422 
91000 182 700.512 42986.074 353.217 9.0184 
92000 183 706.502 43547.866 358.454 9.0924 
93000 184 712.372 44082.126 361.707 9.163 
94000 185 718.125 44666.124 365.592 9.2341 
95000 188 702.201 45181.232 358.955 9.0286 
96000 189 696.417 45702.422 355.788 8.9533 
97000 191 696.059 46260.664 356.338 8.9434 
98000 193 696.155 46763.652 356.506 8.9429 
99000 194 693.032 47232.259 354.818 8.9017 
100000 195 699.171 47582.899 355.973 8.9789 
101000 196 705.188 48075.752 356.142 9.0577 
102000 197 711.084 48457.663 359.779 9.132 
103000 198 716.862 48811.119 359.083 9.2061 
104000 199 722.525 49304.401 359.457 9.2801 
105000 200 728.075 49886.741 363.267 9.3514 
106000 201 733.513 50486.808 366.978 9.4218 
107000 202 738.843 51064.618 372.74 9.4867 
108000 203 744.066 51608.205 375.839 9.5535 
109000 204 749.185 52210.061 379.405 9.6189 
110000 205 754.201 52843.123 384.448 9.6812 
111000 206 759.117 53465.403 390.328 9.7439 
112000 207 763.935 54054.263 393.282 9.8058 
113000 208 768.656 54656.763 397.56 9.8647 
114000 209 773.283 55214.815 401.857 9.9249 
115000 210 777.817 55856.587 405.201 9.9827 
116000 211 782.261 56469.695 410.067 10.0382 
117000 212 786.616 57010.966 413.59 10.0923 
118000 213 790.883 57621.15 416.282 10.1469 
119000 214 795.066 58206.113 420.478 10.2096 
120000 215 799.164 58758.013 423.13 10.2813 
121000 216 803.181 59330.794 425.524 10.3354 
122000 217 807.117 59972.244 429.594 10.409 
123000 218 810.975 60606.935 432.812 10.4556 
124000 219 814.756 61289.587 438.06 10.5022 
125000 220 818.46 62006.446 442.916 10.5482 
126000 221 822.091 62674.28 449.187 10.5899 
127000 222 825.649 63314.134 453.261 10.6315 
128000 223 829.136 63887.832 455.313 10.6717 
129000 224 832.554 64456.966 457.783 10.7309 
130000 225 835.903 64984.459 459.923 10.7954 
131000 226 839.185 65462.575 460.427 10.857 
132000 227 842.401 66039.748 461.055 10.8973 
133000 228 845.553 66584.517 463.536 10.9354 
134000 229 848.642 67147.56 466.08 10.9974 
135000 230 847.689 67719.156 465.465 10.9849 
136000 231 850.735 68295.223 467.943 11.0199 
137000 232 853.72 68961.057 470.134 11.0545 
138000 233 856.646 69619.466 474.634 11.0908 
139000 234 859.513 70286.609 477.395 11.1248 
140000 235 862.323 70735.833 481.623 11.1589 
141000 236 864.436 71365.861 480.056 11.1863 
142000 237 867.148 72048.469 483.576 11.2165 
143000 238 869.805 72628.403 487.564 11.2483 
144000 239 872.409 73241.326 489.385 11.2788 
145000 240 874.96 73825.651 491.605 11.3058 
146000 241 877.461 74339.865 493.396 11.3438 
147000 242 879.912 74947.19 493.912 11.4108 
148000 243 882.314 75515.782 496.095 11.4371 
149000 244 884.668 76068.931 497.785 11.4671 
150000 245 886.974 76624.396 498.141 11.4963 
151000 246 889.235 77149.097 499.616 11.5239 
152000 247 891.45 77739.953 500.472 11.5495 
153000 248 893.621 78454.037 502.558 11.5764 
154000 249 895.749 79054.673 506.213 11.6004 
155000 250 897.834 79812.296 508.871 11.6239 
156000 251 899.877 80331.196 514.314 11.647 
157000 252 901.879 80891.933 513.087 11.6687 
158000 253 903.842 81601.449 514.49 11.6896 
159000 254 905.765 82244.618 518.79 11.7123 
160000 255 907.65 82787.153 520.66 11.7325 
161000 256 909.497 83490.761 521.137 11.753 
162000 257 911.307 84025.021 525.876 11.7725 
163000 258 913.081 84519.535 524.369 11.7944 
164000 259 914.819 85262.107 524.214 11.8144 
165000 260 916.523 85967.41 528.887 11.8322 
166000 261 918.192 86797.244 531.749 11.8536 
167000 262 919.828 87473.75 538.686 11.8704 
168000 263 921.432 88086.668 541.158 11.8873 
169000 264 923.003 88712.744 541.774 11.9051 
170000 265 924.543 89553.516 545.694 11.9257 
171000 266 926.052 90261.351 550.462 11.9442 
172000 267 927.531 91078.245 554.038 11.9624 
173000 268 928.981 91746.018 559.122 11.9786 
174000 269 930.401 92307.262 560.484 11.9941 
175000 270 931.793 92998.931 560.755 12.0097 
176000 271 933.157 93720.991 563.92 12.0263 
177000 272 934.494 94385.628 567.036 12.0429 
178000 273 935.804 95140.431 568.725 12.0566 
179000 274 937.088 95928.902 572.581 12.0877 
180000 275 938.346 96703.559 575.733 12.1025 
181000 276 939.579 97497.983 581.177 12.1146 
182000 277 940.788 98337.492 584.612 12.1253 
183000 278 941.972 99072.147 590.604 12.1398 
184000 279 943.132 99653.973 592.887 12.1528 
185000 280 944.27 100276.561 592.628 12.166 
186000 281 945.384 100854.823 593.104 12.1787 
187000 282 946.477 101512.178 592.856 12.1898 
188000 283 947.547 102202.056 594.002 12.1986 
189000 284 948.596 102861.642 596.447 12.2098 
190000 285 949.624 103615.297 597.042 12.2214 
191000 286 950.632 104348.519 601.468 12.2321 
192000 287 951.619 104962.422 603.19 12.2418 
193000 288 952.587 105603.911 603.384 12.273 
194000 289 953.535 106321.208 604.526 12.2932 
195000 290 954.464 107146.163 606.893 12.304 
196000 291 955.375 107793.792 610.673 12.3136 
197000 292 956.268 108408.8 611.18 12.3247 
198000 293 957.142 109043.346 611.694 12.3345 
199000 294 957.999 109816.841 611.972 12.3459 
200000 295 958.839 110498.257 615.428 12.3519 
201000 296 959.663 111157.142 616.539 12.361 
202000 297 960.469 111782.051 617.373 12.3876 
203000 298 961.26 112531.564 618.507 12.3957 
204000 299 962.035 113219.128 619.731 12.4035 
205000 300 962.794 113996.279 621.669 12.4113 
206000 301 963.538 114797.139 625.847 12.4163 
207000 302 964.267 115542.323 628.754 12.424 
208000 303 964.982 116228.894 630.732 12.4312 
209000 304 965.682 117031.006 631.734 12.4385 
210000 305 966.369 117706.092 636.276 12.4452 
211000 306 967.041 118335.594 635.783 12.4515 
212000 307 967.701 119022.149 635.125 12.4576 
213000 308 968.347 119734.904 637.764 12.464 
214000 309 968.98 120323.608 638.01 12.4715 
215000 310 969.6 120966.017 637.065 12.4802 
216000 311 970.208 121656.214 636.927 12.4864 
217000 312 970.804 122578.015 638.529 12.4908 
218000 313 971.388 123410.321 644.671 12.4985 
219000 314 971.96 124126.542 647.546 12.504 
220000 315 972.521 124667.972 649.335 12.5077 
221000 316 973.07 125232.531 646.368 12.5126 
222000 317 973.609 125913.559 645.461 12.5205 
223000 318 974.137 126593.094 646.259 12.5251 
224000 319 974.654 127498.867 646.862 12.5306 
225000 320 975.161 128265.063 651.894 12.563 
226000 321 975.658 128911.57 654.382 12.5658 
227000 322 976.145 129618.145 654.234 12.5704 
228000 323 976.622 130601.945 656.093 12.5717 
229000 324 977.089 131353.38 662.773 12.5726 
230000 325 977.548 132077.907 663.67 12.5835 
231000 326 977.997 132750.827 665.379 12.5962 
232000 327 978.437 133502.747 664.86 12.6007 
233000 328 978.868 134202.488 667.463 12.6044 
234000 329 979.291 134945.464 667.53 12.6087 
235000 330 979.705 135613.831 668.652 12.6117 
236000 331 980.111 136415.631 668.928 12.6118 
237000 332 980.508 137216.109 672.023 12.6181 
238000 333 980.898 138179.776 675.026 12.6217 
239000 334 981.28 138928.817 679.874 12.623 
240000 335 981.655 139609.168 681.169 12.6237 
241000 336 982.022 140521.894 681.338 12.6252 
242000 337 982.381 141301.534 687.174 12.6271 
243000 338 982.734 142023.346 687.606 12.6283 
244000 339 983.079 142983.471 688.264 12.6565 
245000 340 983.417 143750.276 694.88 12.669 
246000 341 983.749 144644.491 694.955 12.672 
247000 342 984.074 145559.387 699.372 12.6728 
248000 343 984.393 146378.401 704.317 12.6765 
249000 344 984.705 147094.876 705.63 12.6911 
250000 345 985.011 147717.034 705.972 12.7288 
251000 346 985.31 148324.01 704.165 12.7702 
252000 347 985.604 149006.171 702.464 12.8189 
253000 348 985.892 149792.646 701.441 12.9281 
254000 349 986.174 150654.076 704.826 12.9242 
255000 350 986.451 151512.935 707.876 12.9194 
256000 351 986.722 152316.609 710.878 12.9159 
257000 352 986.987 153275.268 711.946 12.9154 
258000 353 987.248 154030.375 717.644 12.9126 
259000 354 987.503 154744.601 717.032 12.907 
260000 355 987.753 155449.824 718.025 12.9011 
261000 356 987.997 156086.612 716.781 12.8983 
262000 357 988.238 157099.034 715.051 12.9201 
263000 358 988.473 157869.177 722.879 12.9179 
264000 359 988.703 158870.925 722.738 12.915 
265000 360 988.929 159818.542 728.815 12.9105 
266000 361 989.151 160830.725 732.923 12.9073 
267000 362 989.368 161755.997 738.868 12.9023 
268000 363 989.58 162459.658 741.685 12.8972 
269000 364 989.789 163109.894 740.955 12.9149 
270000 365 989.993 163815.502 739.062 12.9105 
271000 366 990.193 164565.839 738.546 12.9099 
272000 367 990.389 165312.915 738.732 12.9055 
273000 368 990.581 166172.597 738.966 12.9037 
274000 369 990.77 166852.593 742.013 12.9001 
275000 370 990.954 167762.104 739.538 12.8988 
276000 371 991.135 168431.611 744.14 12.8934 
277000 372 991.313 169245.887 741.577 12.8901 
278000 373 991.486 169926.979 743.775 12.8861 
279000 374 991.657 170616.293 741.775 12.8823 
280000 375 991.823 171683.077 742.164 12.879 
281000 376 991.987 172701.306 748.474 12.8741 
282000 377 992.147 173500.541 754.069 12.872 
283000 378 992.304 174394.417 753.662 12.8676 
284000 379 992.458 175274.86 756.758 12.865 
285000 380 992.609 175980.668 759.678 12.8624 
286000 381 992.757 176619.339 757.681 12.8589 
287000 382 992.902 177468.04 755.326 12.8548 
288000 383 993.044 178257.398 757.101 12.8537 
289000 384 993.183 179169.415 757.973 12.8506 
290000 385 993.319 180189.877 762.505 12.8472 
291000 386 993.453 181168.056 767.162 12.8445 
292000 387 993.584 182128.893 771.152 12.8424 
293000 388 993.712 183041.991 774.559 12.8407 
294000 389 993.838 183996.754 777.668 12.8366 
295000 390 993.961 184985.3 781.257 12.8508 
296000 391 994.082 186029.414 785.445 12.8477 
297000 392 994.2 186864.138 790.68 12.8473 
298000 393 994.316 187820.801 791.41 12.8429 
299000 394 994.43 188488.053 793.842 12.8662 
300000 395 994.541 189471.341 792.299 12.9977 
301000 396 994.65 190513.358 796.606 13.1095 
302000 397 994.757 191528.635 800.646 13.1025 
303000 398 994.862 192458.84 804.921 13.0997 
304000 399 994.965 193514.33 807.983 13.0941 
305000 400 995.066 194584.88 813.119 13.0879 
306000 401 995.164 195473.3 817.805 13.0839 
307000 402 995.261 196391.207 818.779 13.0858 
308000 403 995.356 197466.098 821.693 13.1673 
309000 404 995.449 198216.94 826.261 13.1645 
310000 405 995.54 199090.163 823.603 13.156 
311000 406 995.629 199980.688 824.884 13.1704 
312000 407 995.716 200946.224 826.135 13.1701 
313000 408 995.802 201889.307 830.194 13.1619 
314000 409 995.886 202829.956 832.619 13.1543 
315000 410 995.968 203859.09 834.571 13.1465 
316000 411 996.049 204929.02 838.872 13.1382 
317000 412 996.128 205562.227 842.044 13.1309 
318000 413 996.205 206239.861 838.036 13.1236 
319000 414 996.281 206991.253 835.051 13.1138 
320000 415 996.356 207746.125 834.498 13.1061 
321000 416 996.429 208324.976 831.828 13.099 
322000 417 996.5 209337.524 826.35 13.1196 
323000 418 996.57 210443.239 831.154 13.1148 
324000 419 996.639 211477.737 837.02 13.1072 
325000 420 996.706 212462.818 841.013 13.1002 
326000 421 996.772 213146.584 842.7 13.0951 
327000 422 996.836 214067.318 839.624 13.0895 
328000 423 996.9 215068.078 841.056 13.0835 
329000 424 996.962 215918.286 844.617 13.0901 
330000 425 997.022 216626.088 844.604 13.1107 
331000 426 997.082 217512.744 841.669 13.106 
332000 427 997.14 218458.275 843.507 13.0987 
333000 428 997.197 219478.564 844.802 13.0922 
334000 429 997.254 220546.323 849.334 13.0859 
335000 430 997.308 221512.974 852.951 13.0792 
336000 431 997.362 222283.93 855.67 13.0744 
337000 432 997.415 223351.773 853.089 13.0887 
338000 433 997.467 224203.708 858.349 13.0891 
339000 434 997.517 225215.76 858.719 13.1105 
340000 435 997.567 226226.429 860.02 13.1185 
341000 436 997.616 227253.008 864.331 13.1194 
342000 437 997.663 228262.651 866.806 13.1142 
343000 438 997.71 229261.509 870.163 13.1135 
344000 439 997.756 229982.75 871.867 13.124 
345000 440 997.801 231016.03 869.416 13.1205 
346000 441 997.845 232103.738 873.04 13.1157 
347000 442 997.888 233243.818 877.785 13.1076 
348000 443 997.93 234222.074 883.5 13.099 
349000 444 997.972 235163.179 884.226 13.089 
350000 445 998.012 236283.097 885.947 13.1037 
351000 446 998.052 237310.181 891.043 13.1031 
352000 447 998.091 238464.423 893.305 13.1188 
353000 448 998.129 239577.301 898.776 13.1916 
354000 449 998.166 240721.933 903.291 13.1904 
355000 450 998.203 241950.033 907.214 13.1824 
356000 451 998.239 243158.54 913.919 13.1722 
357000 452 998.274 244375.659 920.253 13.1653 
358000 453 998.309 245563.024 926.324 13.1566 
359000 454 998.343 246174.308 930.78 13.1497 
360000 455 998.376 247215.55 923.218 13.1425 
361000 456 998.408 248455.235 927.418 13.147 
362000 457 998.44 249553.212 933.446 13.1632 
363000 458 998.471 250615.237 936.565 13.1763 
364000 459 998.502 251790.08 938.748 13.1685 
365000 460 998.532 252960.059 944.079 13.1621 
366000 461 998.561 254047.777 948.827 13.1564 
367000 462 998.59 255141.762 951.087 13.1484 
368000 463 998.618 256189.452 954.492 13.1409 
369000 464 998.646 257314.633 955.51 13.1361 
370000 465 998.673 258342.365 958.966 13.1294 
371000 466 998.699 259110.748 960.045 13.1234 
372000 467 998.725 260117.471 955.427 13.1278 
373000 468 998.751 261225.356 957.424 13.1287 
374000 469 998.776 262293.694 961.312 13.1231 
375000 470 998.8 263379.127 962.906 13.1229 
376000 471 998.824 264438.561 964.931 13.1171 
377000 472 998.848 265513.383 967.083 13.1113 
378000 473 998.871 266596.938 969.462 13.1048 
379000 474 998.894 267537.898 970.196 13.0989 
380000 475 998.916 268631.361 970.92 13.0921 
381000 476 998.937 269638.092 973.525 13.1073 
382000 477 998.959 270836.635 974.088 13.1031 
383000 478 998.979 271975.118 979.296 13.0975 
384000 479 999.0 272969.452 982.254 13.0908 
385000 480 999.02 274000.624 981.532 13.097 
386000 481 999.039 275166.788 983.244 13.1009 
387000 482 999.059 276198.165 986.842 13.0921 
388000 483 999.077 277276.996 987.249 13.0893 
389000 484 999.096 278476.521 989.512 13.0829 
390000 485 999.114 279606.84 993.727 13.0778 
391000 486 999.132 280783.508 997.046 13.0709 
392000 487 999.149 281418.038 1000.316 13.0699 
393000 488 999.166 282537.452 990.875 13.0696 
394000 489 999.183 283062.928 994.965 13.0909 
395000 490 999.199 284188.181 984.905 13.1071 
396000 491 999.215 285272.218 988.222 13.1114 
397000 492 999.231 286416.974 990.766 13.1036 
398000 493 999.246 287489.673 993.428 13.1062 
399000 494 999.261 288566.74 995.397 13.1151 
400000 495 999.276 289706.764 996.397 13.1073 
401000 496 999.291 290444.554 1000.15 13.1119 
402000 497 999.305 291498.477 993.515 13.129 
403000 498 999.319 292053.731 995.576 13.1322 
404000 499 999.332 293128.065 985.496 13.1275 
405000 500 999.346 294299.013 988.697 13.1213 
406000 501 999.359 295410.656 991.994 13.1138 
407000 502 999.372 296362.864 994.333 13.1085 
408000 503 999.384 297426.773 993.814 13.1012 
409000 504 999.396 298633.701 994.754 13.0932 
410000 505 999.408 299901.362 1000.244 13.0869 
411000 506 999.42 301113.268 1005.178 13.0922 
412000 507 999.432 302217.078 1009.119 13.1018 
413000 508 999.443 303336.869 1010.801 13.0953 
414000 509 999.454 304561.979 1012.377 13.1152 
415000 510 999.465 305637.967 1017.666 13.1226 
416000 511 999.476 306748.74 1018.333 13.1154 
417000 512 999.487 307857.216 1019.957 13.109 
418000 513 999.497 308984.717 1022.311 13.1228 
419000 514 999.507 310071.552 1024.561 13.1202 
420000 515 999.517 311173.49 1025.268 13.1167 
421000 516 999.526 312250.189 1027.314 13.1331 
422000 517 999.536 313396.858 1028.246 13.1273 
423000 518 999.545 314570.069 1030.186 13.1224 
424000 519 999.554 315707.167 1033.49 13.1307 
425000 520 999.563 316849.381 1035.406 13.1413 
426000 521 999.572 317980.942 1037.277 13.1491 
427000 522 999.58 319045.131 1039.567 13.1104 
428000 523 999.589 320162.14 1039.918 13.0492 
429000 524 999.597 321262.082 1041.253 12.9933 
430000 525 999.605 322366.856 1042.385 12.9359 
431000 526 999.613 323399.038 1042.375 12.8742 
432000 527 999.621 324541.034 1043.641 12.812 
433000 528 999.628 325148.183 1045.895 12.7464 
434000 529 999.636 326300.303 1035.576 12.6962 
435000 530 999.643 326984.425 1039.223 12.6509 
436000 531 999.65 327852.883 1031.038 12.6101 
437000 532 999.657 328940.143 1027.343 12.5514 
438000 533 999.664 330106.095 1030.698 12.5128 
439000 534 999.671 331136.373 1032.895 12.4544 
440000 535 999.677 331869.055 1032.564 12.3955 
441000 536 999.684 332565.695 1025.448 12.3392 
442000 537 999.69 333671.765 1018.985 12.2826 
443000 538 999.696 334823.074 1022.226 12.2282 
444000 539 999.702 335515.676 1024.444 12.1742 
445000 540 999.708 336649.91 1016.274 12.1219 
446000 541 999.714 337656.006 1020.435 12.0697 
447000 542 999.72 338759.981 1018.288 12.0196 
448000 543 999.725 340013.641 1022.32 11.9692 
449000 544 999.731 341086.473 1026.157 11.9206 
450000 545 999.736 342267.244 1027.413 11.8722 
451000 546 999.742 343445.117 1029.427 11.8259 
452000 547 999.747 344662.86 1033.47 11.7797 
453000 548 999.752 345888.036 1037.057 11.7351 
454000 549 999.757 347022.907 1040.169 11.6904 
455000 550 999.762 348152.886 1042.48 11.648 
456000 551 999.766 349268.057 1044.294 11.605 
457000 552 999.771 350425.407 1045.381 11.5641 
458000 553 999.776 351634.768 1047.382 11.5228 
459000 554 999.78 352744.495 1051.263 11.4834 
460000 555 999.785 353847.045 1051.063 11.4441 
461000 556 999.789 354939.046 1052.997 11.4062 
462000 557 999.793 356061.562 1054.093 11.3681 
463000 558 999.797 357261.428 1055.196 11.3321 
464000 559 999.801 358280.795 1058.518 11.2957 
465000 560 999.805 359282.555 1056.323 11.2614 
466000 561 999.809 360285.776 1056.113 11.2263 
467000 562 999.813 361387.522 1055.218 11.1928 
468000 563 999.817 362589.487 1056.269 11.1592 
469000 564 999.82 363792.701 1059.181 11.1463 
470000 565 999.824 364926.445 1061.817 11.1146 
471000 566 999.828 366014.326 1063.006 11.0891 
472000 567 999.831 367149.073 1063.93 11.0581 
473000 568 999.834 368287.903 1065.461 11.0283 
474000 569 999.838 369427.585 1066.3 10.9977 
475000 570 999.841 370361.205 1068.048 10.9706 
476000 571 999.844 370863.678 1066.006 10.9424 
477000 572 999.847 371563.196 1053.219 10.9183 
478000 573 999.85 372727.142 1048.186 10.8902 
479000 574 999.853 373831.265 1048.797 10.8636 
480000 575 999.856 374720.209 1049.515 10.8363 
481000 576 999.859 375768.175 1046.14 10.8107 
482000 577 999.862 376881.943 1047.357 10.7846 
483000 578 999.865 378082.556 1047.882 10.7599 
484000 579 999.867 379258.902 1051.907 10.7348 
485000 580 999.87 380435.865 1054.681 10.7115 
486000 581 999.873 381579.346 1057.2 10.6873 
487000 582 999.875 382734.955 1059.116 10.6648 
488000 583 999.878 384015.893 1060.693 10.6417 
489000 584 999.88 385228.451 1065.258 10.6194 
490000 585 999.882 386472.005 1068.03 10.5971 
491000 586 999.885 387608.279 1071.756 10.5768 
492000 587 999.887 388799.682 1072.946 10.5555 
493000 588 999.889 390052.743 1075.468 10.5355 
494000 589 999.892 391406.364 1078.768 10.5148 
495000 590 999.894 392508.279 1084.16 10.4953 
496000 591 999.896 393694.45 1082.57 10.4753 
497000 592 999.898 394947.122 1086.963 10.4566 
498000 593 999.9 396247.072 1090.232 10.4372 
499000 594 999.902 397523.033 1094.785 10.4191 
500000 595 999.904 398807.253 1098.83 10.4005 
501000 596 999.906 399626.569 1099.809 10.3837 
502000 597 999.908 400748.504 1094.326 10.3667 
503000 598 999.91 402037.928 1097.061 10.3505 
504000 599 999.911 402880.335 1100.366 10.3331 
505000 600 999.913 404010.233 1094.234 10.3177 
506000 601 999.915 404778.973 1095.375 10.301 
507000 602 999.917 405353.557 1088.565 10.2856 
508000 603 999.918 406433.638 1077.514 10.2705 
509000 604 999.92 407171.33 1078.357 10.2564 
510000 605 999.922 408322.085 1071.553 10.2409 
511000 606 999.923 409565.067 1073.295 10.2272 
512000 607 999.925 410279.037 1077.272 10.2129 
513000 608 999.926 411359.909 1068.226 10.2003 
514000 609 999.928 412468.753 1070.134 10.186 
515000 610 999.929 413609.93 1069.981 10.174 
516000 611 999.931 414268.756 1072.614 10.1607 
517000 612 999.932 415025.731 1063.085 10.1495 
518000 613 999.933 415833.636 1056.863 10.1366 
519000 614 999.935 416867.844 1052.051 10.125 
520000 615 999.936 417589.721 1053.19 10.1145 
521000 616 999.937 418201.211 1044.888 10.1127 
522000 617 999.938 419120.884 1035.858 10.1012 
523000 618 999.94 420093.022 1033.709 10.0895 
524000 619 999.941 420859.317 1034.331 10.0776 
525000 620 999.942 421840.954 1027.307 10.0665 
526000 621 999.943 423009.331 1026.418 10.0552 
527000 622 999.944 424174.175 1029.714 10.0438 
528000 623 999.945 425284.504 1033.948 10.033 
529000 624 999.947 426350.625 1033.66 10.0223 
530000 625 999.948 427473.364 1034.903 10.0122 
531000 626 999.949 428262.804 1036.343 10.0017 
532000 627 999.95 429203.888 1030.512 9.9922 
533000 628 999.951 430144.969 1029.362 9.9822 
534000 629 999.952 431058.503 1027.758 9.9727 
535000 630 999.953 432091.112 1024.857 9.9634 
536000 631 999.954 432923.697 1025.187 9.954 
537000 632 999.955 433952.456 1021.37 9.9451 
538000 633 999.955 434807.498 1021.848 9.9362 
539000 634 999.956 435604.058 1018.097 9.9281 
540000 635 999.957 436486.588 1013.283 9.9195 
541000 636 999.958 437211.026 1011.938 9.9113 
542000 637 999.959 438026.031 1005.454 9.9032 
543000 638 999.96 439012.321 1002.795 9.8947 
544000 639 999.961 439972.265 1001.835 9.8867 
545000 640 999.961 440832.333 1000.713 9.879 
546000 641 999.962 441890.615 997.992 9.8712 
547000 642 999.963 442846.17 999.316 9.8638 
548000 643 999.964 443526.878 998.54 9.8562 
549000 644 999.964 444517.214 991.371 9.8494 
550000 645 999.965 445374.918 991.652 9.8504 
551000 646 999.966 446302.028 988.764 9.8654 
552000 647 999.966 447313.941 987.788 9.8592 
553000 648 999.967 448153.768 988.284 9.8533 
554000 649 999.968 448666.077 984.874 9.8468 
555000 650 999.968 449424.552 975.061 9.8418 
556000 651 999.969 450461.526 970.565 9.8356 
557000 652 999.97 451440.388 973.264 9.8296 
558000 653 999.97 452490.394 972.979 9.8232 
559000 654 999.971 453099.374 974.417 9.8182 
560000 655 999.971 454129.884 966.813 9.8124 
561000 656 999.972 455136.862 968.637 9.8069 
562000 657 999.973 455817.884 969.5 9.8009 
563000 658 999.973 456836.901 962.97 9.7965 
564000 659 999.974 458113.27 964.572 9.7909 
565000 660 999.974 459346.823 971.881 9.7862 
566000 661 999.975 460280.811 976.332 9.7803 
567000 662 999.975 461337.784 975.165 9.7759 
568000 663 999.976 462169.804 977.267 9.7702 
569000 664 999.976 462977.563 973.667 9.7666 
570000 665 999.977 464103.638 971.345 9.7613 
571000 666 999.977 465005.72 974.166 9.7572 
572000 667 999.978 466245.582 973.728 9.7522 
573000 668 999.978 467322.266 978.263 9.7482 
574000 669 999.978 468012.806 980.036 9.7431 
575000 670 999.979 469019.78 974.747 9.7394 
576000 671 999.979 469720.249 974.985 9.7347 
577000 672 999.98 470681.135 968.734 9.7313 
578000 673 999.98 471861.283 968.874 9.7266 
579000 674 999.981 472947.913 974.125 9.7233 
580000 675 999.981 474038.032 975.646 9.7187 
581000 676 999.981 474765.369 978.139 9.7155 
582000 677 999.982 475824.386 972.848 9.7115 
583000 678 999.982 476827.553 974.556 9.708 
584000 679 999.982 477805.15 974.906 9.7038 
585000 680 999.983 478431.636 974.763 9.7004 
586000 681 999.983 479112.179 967.982 9.6962 
587000 682 999.983 480268.884 961.978 9.6936 
588000 683 999.984 481631.203 966.724 9.6896 
589000 684 999.984 482879.209 975.802 9.6866 
590000 685 999.984 483942.125 980.266 9.683 
591000 686 999.985 484957.745 981.028 9.6803 
592000 687 999.985 486071.693 981.879 9.6766 
593000 688 999.985 487404.052 984.653 9.674 
594000 689 999.986 488613.099 992.899 9.6703 
595000 690 999.986 489887.054 995.872 9.6672 
596000 691 999.986 490926.537 1002.323 9.6637 
597000 692 999.986 492063.471 1002.031 9.6614 
598000 693 999.987 493357.389 1005.788 9.6581 
599000 694 999.987 494616.946 1011.425 9.6559 
600000 695 999.987 495908.965 1015.891 9.6527 
601000 696 999.988 497050.282 1021.355 9.6504 
602000 697 999.988 498314.847 1023.563 9.6477 
603000 698 999.988 499274.126 1028.747 9.6458 
604000 699 999.988 500236.496 1026.596 9.6433 
605000 700 999.988 501369.102 1025.7 9.6418 
606000 701 999.989 502604.804 1028.356 9.6388 
607000 702 999.989 503704.282 1032.768 9.637 
608000 703 999.989 504810.63 1033.318 9.6344 
609000 704 999.989 505904.954 1034.561 9.6327 
610000 705 999.99 507030.326 1035.901 9.6302 
611000 706 999.99 508147.747 1037.651 9.629 
612000 707 999.99 509340.531 1039.708 9.6265 
613000 708 999.99 510576.264 1042.273 9.6251 
614000 709 999.99 511770.504 1046.825 9.6227 
615000 710 999.991 512688.922 1048.685 9.6215 
616000 711 999.991 513823.708 1046.279 9.6197 
617000 712 999.991 515039.308 1048.58 9.6185 
618000 713 999.991 516140.565 1052.151 9.6161 
619000 714 999.991 517344.554 1052.785 9.6151 
620000 715 999.991 518604.058 1056.253 9.6129 
621000 716 999.992 519718.699 1060.501 9.6118 
622000 717 999.992 521007.341 1061.086 9.6096 
623000 718 999.992 522009.428 1066.474 9.6085 
624000 719 999.992 522961.402 1064.15 9.6064 
625000 720 999.992 524051.008 1061.779 9.6182 
626000 721 999.992 525151.41 1062.555 9.6244 
627000 722 999.993 526120.411 1062.993 9.6396 
628000 723 999.993 527363.972 1061.435 9.6369 
629000 724 999.993 528365.76 1065.431 9.6341 
630000 725 999.993 529297.313 1062.677 9.6309 
631000 726 999.993 530292.861 1060.971 9.6286 
632000 727 999.993 531281.03 1059.387 9.6254 
633000 728 999.993 532172.472 1057.941 9.6228 
634000 729 999.994 533116.838 1054.364 9.6195 
635000 730 999.994 534175.128 1052.377 9.6178 
636000 731 999.994 535253.331 1052.889 9.6144 
637000 732 999.994 536193.262 1053.576 9.6118 
638000 733 999.994 537158.492 1051.214 9.6083 
639000 734 999.994 538065.096 1049.095 9.6062 
640000 735 999.994 539148.033 1046.234 9.6032 
641000 736 999.994 540359.254 1047.638 9.6012 
642000 737 999.995 541400.442 1050.787 9.5978 
643000 738 999.995 542465.182 1050.762 9.5958 
644000 739 999.995 543596.952 1050.81 9.5928 
645000 740 999.995 544701.573 1052.58 9.5909 
646000 741 999.995 545726.2 1053.769 9.5878 
647000 742 999.995 546784.494 1052.989 9.5861 
648000 743 999.995 547876.609 1053.293 9.5836 
649000 744 999.995 548389.581 1054.02 9.5818 
650000 745 999.995 549580.782 1042.066 9.5793 
651000 746 999.995 550697.848 1046.188 9.5779 
652000 747 999.996 551761.74 1047.701 9.5751 
653000 748 999.996 552768.932 1047.791 9.5733 
654000 749 999.996 553758.629 1046.725 9.5709 
655000 750 999.996 554827.036 1045.564 9.57 
656000 751 999.996 555958.531 1046.303 9.5678 
657000 752 999.996 557139.719 1048.053 9.5668 
658000 753 999.996 558258.186 1050.65 9.5644 
659000 754 999.996 559363.852 1051.934 9.5631 
660000 755 999.996 560467.344 1053.082 9.5609 
661000 756 999.996 561623.737 1054.289 9.5599 
662000 757 999.996 562725.269 1056.306 9.5577 
663000 758 999.996 563771.329 1056.925 9.5566 
664000 759 999.997 564853.814 1056.996 9.5546 
665000 760 999.997 565853.588 1057.157 9.5537 
666000 761 999.997 566926.485 1056.143 9.5517 
667000 762 999.997 567926.247 1056.507 9.5512 
668000 763 999.997 569020.985 1055.501 9.5492 
669000 764 999.997 570411.999 1056.168 9.5482 
670000 765 999.997 571623.07 1063.695 9.546 
671000 766 999.997 572815.809 1065.846 9.5454 
672000 767 999.997 574112.41 1068.458 9.5434 
673000 768 999.997 575369.723 1072.888 9.5422 
674000 769 999.997 576525.618 1076.71 9.54 
675000 770 999.997 577654.654 1078.134 9.539 
676000 771 999.997 578729.504 1079.209 9.5368 
677000 772 999.997 580070.188 1078.859 9.5358 
678000 773 999.997 581235.346 1084.774 9.5337 
679000 774 999.997 582581.571 1086.239 9.533 
680000 775 999.997 583752.224 1091.521 9.5311 
681000 776 999.998 585009.518 1092.85 9.5304 
682000 777 999.998 586131.565 1096.109 9.5282 
683000 778 999.998 587245.785 1096.628 9.5274 
684000 779 999.998 588549.947 1096.851 9.5255 
685000 780 999.998 589811.866 1101.242 9.5249 
686000 781 999.998 591019.889 1104.133 9.5337 
687000 782 999.998 592346.658 1106.53 9.5367 
688000 783 999.998 593687.446 1110.83 9.5381 
689000 784 999.998 595123.131 1115.821 9.5358 
690000 785 999.998 596308.43 1122.505 9.5335 
691000 786 999.998 597449.581 1122.957 9.5321 
692000 787 999.998 598649.371 1123.353 9.5307 
693000 788 999.998 599883.623 1124.887 9.5292 
694000 789 999.998 601311.444 1127.27 9.5275 
695000 790 999.998 602575.376 1134.069 9.5475 
696000 791 999.998 603763.995 1135.226 9.5456 
697000 792 999.998 605219.663 1136.772 9.5437 
698000 793 999.998 606380.649 1144.792 9.542 
699000 794 999.998 607739.947 1143.56 9.5434 
700000 795 999.998 608944.654 1148.726 9.5686 
701000 796 999.998 610251.547 1149.948 9.5674 
702000 797 999.998 611280.068 1152.315 9.5653 
703000 798 999.998 612585.261 1150.75 9.5631 
704000 799 999.998 613242.36 1153.207 9.5607 
705000 800 999.998 614416.083 1142.86 9.5587 
706000 801 999.999 615610.82 1143.42 9.556 
707000 802 999.999 616668.126 1144.376 9.5531 
708000 803 999.999 618014.157 1142.92 9.5507 
709000 804 999.999 619290.312 1146.878 9.5483 
710000 805 999.999 620497.456 1149.548 9.5461 
711000 806 999.999 621191.764 1150.454 9.544 
712000 807 999.999 622195.794 1139.794 9.5425 
713000 808 999.999 622928.139 1138.809 9.5401 
714000 809 999.999 624090.26 1130.275 9.5582 
715000 810 999.999 625131.668 1130.793 9.5621 
716000 811 999.999 626291.596 1128.955 9.5757 
717000 812 999.999 627634.943 1130.05 9.5741 
718000 813 999.999 628697.13 1134.89 9.5729 
719000 814 999.999 629761.74 1132.423 9.5705 
720000 815 999.999 630864.749 1131.078 9.5694 
721000 816 999.999 632082.837 1130.735 9.5668 
722000 817 999.999 633160.628 1132.69 9.5654 
723000 818 999.999 633710.01 1131.514 9.563 
724000 819 999.999 634881.476 1118.831 9.5629 
725000 820 999.999 635553.556 1121.681 9.5608 
726000 821 999.999 636602.213 1110.919 9.5602 
727000 822 999.999 637159.626 1110.619 9.5582 
728000 823 999.999 637624.24 1098.447 9.5577 
729000 824 999.999 638697.25 1085.672 9.5567 
730000 825 999.999 639741.099 1086.688 9.5561 
731000 826 999.999 640953.397 1085.653 9.5538 
732000 827 999.999 642114.691 1088.751 9.5524 
733000 828 999.999 643177.477 1089.704 9.5505 
734000 829 999.999 644321.377 1088.968 9.5497 
735000 830 999.999 645466.801 1090.504 9.5477 
736000 831 999.999 646592.616 1091.372 9.5467 
737000 832 999.999 647705.214 1092.035 9.5447 
738000 833 999.999 648761.951 1092.681 9.5438 
739000 834 999.999 650020.073 1091.548 9.5422 
740000 835 999.999 651146.814 1095.121 9.5413 
741000 836 999.999 652231.398 1095.591 9.5394 
742000 837 999.999 653328.162 1095.213 9.5389 
743000 838 999.999 654395.456 1095.574 9.5376 
744000 839 999.999 655495.809 1094.854 9.537 
745000 840 999.999 656538.024 1095.309 9.535 
746000 841 999.999 657531.095 1094.03 9.5346 
747000 842 999.999 658734.854 1091.974 9.533 
748000 843 999.999 659723.011 1094.476 9.5324 
749000 844 999.999 660850.447 1091.854 9.531 
750000 845 999.999 661908.68 1092.455 9.5306 
751000 846 999.999 663106.937 1092.419 9.5287 
752000 847 999.999 664172.636 1094.263 9.528 
753000 848 999.999 665259.554 1093.909 9.5264 
754000 849 999.999 666465.647 1093.775 9.5261 
755000 850 999.999 667587.644 1096.309 9.5248 
756000 851 999.999 668847.207 1096.483 9.5246 
757000 852 999.999 669634.102 1099.692 9.5229 
758000 853 999.999 670864.458 1094.648 9.5228 
759000 854 999.999 672089.16 1096.221 9.5213 
760000 855 999.999 672860.11 1098.825 9.5209 
761000 856 1000.0 673921.699 1091.627 9.5199 
762000 857 1000.0 674795.264 1091.583 9.5194 
763000 858 1000.0 675621.984 1086.904 9.5177 
764000 859 1000.0 676390.949 1081.571 9.5173 
765000 860 1000.0 677179.067 1075.276 9.5159 
766000 861 1000.0 678246.799 1068.997 9.5156 
767000 862 1000.0 679289.866 1069.837 9.5142 
768000 863 1000.0 680113.32 1069.316 9.5142 
769000 864 1000.0 681042.821 1063.978 9.5129 
770000 865 1000.0 682023.811 1061.643 9.5127 
771000 866 1000.0 683093.096 1060.311 9.5109 
772000 867 1000.0 684178.252 1060.361 9.5108 
773000 868 1000.0 685208.19 1060.622 9.5096 
774000 869 1000.0 686365.571 1059.897 9.5095 
775000 870 1000.0 687484.577 1062.337 9.5082 
776000 871 1000.0 688706.071 1062.87 9.508 
777000 872 1000.0 689799.549 1066.1 9.5065 
778000 873 1000.0 691018.238 1067.099 9.5067 
779000 874 1000.0 692313.095 1070.213 9.5056 
780000 875 1000.0 693572.164 1075.135 9.5057 
781000 876 1000.0 694709.635 1078.536 9.5048 
782000 877 1000.0 695920.475 1079.59 9.5047 
783000 878 1000.0 697133.423 1082.437 9.5034 
784000 879 1000.0 698291.616 1084.693 9.5035 
785000 880 1000.0 699553.785 1086.449 9.5024 
786000 881 1000.0 700742.314 1089.852 9.5025 
787000 882 1000.0 701865.655 1091.704 9.5013 
788000 883 1000.0 703033.172 1091.659 9.5013 
789000 884 1000.0 704160.401 1093.873 9.5003 
790000 885 1000.0 705415.579 1093.909 9.5003 
791000 886 1000.0 706597.007 1097.877 9.4993 
792000 887 1000.0 707845.83 1100.907 9.4995 
793000 888 1000.0 709202.388 1102.397 9.4984 
794000 889 1000.0 710384.825 1107.494 9.4987 
795000 890 1000.0 711551.09 1108.814 9.5013 
796000 891 1000.0 712749.654 1110.286 9.5113 
797000 892 1000.0 713897.186 1112.152 9.5107 
798000 893 1000.0 715113.821 1112.466 9.5105 
799000 894 1000.0 716295.466 1114.534 9.5091 
800000 895 1000.0 717476.898 1116.254 9.5087 
801000 896 1000.0 718632.313 1116.944 9.5077 
802000 897 1000.0 719827.585 1118.153 9.5073 
803000 898 1000.0 720559.2 1119.901 9.5105 
804000 899 1000.0 721215.47 1111.361 9.5256 
805000 900 1000.0 721989.194 1101.919 9.525 
806000 901 1000.0 723098.332 1097.564 9.5252 
807000 902 1000.0 724194.647 1096.645 9.5236 
808000 903 1000.0 725299.027 1096.238 9.523 
809000 904 1000.0 726420.787 1096.635 9.5218 
810000 905 1000.0 727632.567 1097.262 9.5215 
811000 906 1000.0 728892.697 1099.256 9.5204 
812000 907 1000.0 729967.358 1102.683 9.5201 
813000 908 1000.0 731149.95 1101.668 9.5189 
814000 909 1000.0 732275.904 1103.13 9.5186 
815000 910 1000.0 733596.955 1104.426 9.5172 
816000 911 1000.0 734315.431 1108.828 9.5168 
817000 912 1000.0 734966.94 1099.95 9.5158 
818000 913 1000.0 735869.845 1090.72 9.5161 
819000 914 1000.0 736910.219 1088.182 9.5149 
820000 915 1000.0 737633.202 1087.051 9.5149 
821000 916 1000.0 738319.98 1079.024 9.5135 
822000 917 1000.0 738981.914 1071.027 9.5135 
823000 918 1000.0 739506.942 1063.081 9.5124 
824000 919 1000.0 740211.71 1052.077 9.5125 
825000 920 1000.0 740821.045 1045.402 9.511 
826000 921 1000.0 741444.69 1036.389 9.5108 
827000 922 1000.0 742184.299 1028.371 9.5095 
828000 923 1000.0 743373.001 1022.759 9.5095 
829000 924 1000.0 744207.295 1026.248 9.5083 
830000 925 1000.0 745465.76 1022.456 9.508 
831000 926 1000.0 746079.609 1027.549 9.5067 
832000 927 1000.0 746699.791 1018.021 9.5073 
833000 928 1000.0 748022.322 1010.108 9.5065 
834000 929 1000.0 748723.886 1017.581 9.506 
835000 930 1000.0 749859.276 1010.466 9.5052 
836000 931 1000.0 750954.388 1013.428 9.5053 
837000 932 1000.0 752086.365 1014.608 9.5044 
838000 933 1000.0 753301.732 1016.678 9.5046 
839000 934 1000.0 754420.758 1021.17 9.5036 
840000 935 1000.0 755513.077 1024.158 9.5038 
841000 936 1000.0 756442.713 1024.91 9.5028 
842000 937 1000.0 757582.352 1024.15 9.5029 
843000 938 1000.0 758723.279 1025.288 9.5018 
844000 939 1000.0 759852.446 1027.353 9.5019 
845000 940 1000.0 761013.184 1029.611 9.5009 
846000 941 1000.0 762319.58 1032.353 9.5006 
847000 942 1000.0 763576.202 1037.411 9.4996 
848000 943 1000.0 764508.394 1042.389 9.4994 
849000 944 1000.0 765575.493 1038.987 9.4992 
850000 945 1000.0 766446.931 1040.055 9.4996 
851000 946 1000.0 767852.719 1036.834 9.4985 
852000 947 1000.0 769224.018 1046.316 9.4984 
853000 948 1000.0 770701.408 1050.611 9.4972 
854000 949 1000.0 771935.029 1060.958 9.4968 
855000 950 1000.0 773406.469 1062.119 9.4957 
856000 951 1000.0 774681.244 1072.256 9.4953 
857000 952 1000.0 775389.033 1075.329 9.494 
858000 953 1000.0 776736.441 1067.162 9.4942 
859000 954 1000.0 777841.258 1074.633 9.4928 
860000 955 1000.0 779349.043 1075.362 9.493 
861000 956 1000.0 780520.519 1082.699 9.4921 
862000 957 1000.0 781944.706 1084.596 9.492 
863000 958 1000.0 783377.242 1091.352 9.4912 
864000 959 1000.0 784693.379 1098.111 9.4911 
865000 960 1000.0 785951.395 1102.158 9.4902 
866000 961 1000.0 787056.701 1105.01 9.4904 
867000 962 1000.0 788478.666 1104.806 9.4896 
868000 963 1000.0 789189.4 1112.925 9.4897 
869000 964 1000.0 790597.032 1103.093 9.4893 
870000 965 1000.0 792162.372 1110.619 9.4894 
871000 966 1000.0 793716.238 1120.557 9.4884 
872000 967 1000.0 795259.451 1128.299 9.4888 
873000 968 1000.0 796047.461 1137.854 9.4881 
874000 969 1000.0 796740.132 1128.349 9.489 
875000 970 1000.0 798034.376 1119.908 9.5094 
876000 971 1000.0 799504.41 1123.676 9.5104 
877000 972 1000.0 800603.425 1131.96 9.5094 
878000 973 1000.0 801353.431 1129.461 9.5094 
879000 974 1000.0 802268.966 1122.434 9.5085 
880000 975 1000.0 803449.27 1117.718 9.5092 
881000 976 1000.0 804499.753 1118.958 9.5085 
882000 977 1000.0 805833.061 1117.399 9.5088 
883000 978 1000.0 806509.828 1122.172 9.5076 
884000 979 1000.0 807687.913 1112.739 9.5082 
885000 980 1000.0 808867.289 1114.506 9.5069 
886000 981 1000.0 809761.558 1115.688 9.5122 
887000 982 1000.0 811151.561 1112.308 9.5244 
888000 983 1000.0 812382.178 1117.073 9.5235 
889000 984 1000.0 813100.589 1119.362 9.5232 
890000 985 1000.0 814307.262 1111.206 9.5218 
891000 986 1000.0 815443.476 1113.086 9.5214 
892000 987 1000.0 816542.634 1114.178 9.5198 
893000 988 1000.0 817499.669 1113.675 9.5195 
894000 989 1000.0 818348.248 1109.903 9.5187 
895000 990 1000.0 819224.131 1104.976 9.5188 
896000 991 1000.0 820086.328 1100.093 9.518 
897000 992 1000.0 821111.045 1095.564 9.5178 
898000 993 1000.0 822343.424 1094.163 9.5168 
899000 994 1000.0 823600.487 1097.12 9.5168 
900000 995 1000.0 824617.409 1100.722 9.5154 
901000 996 1000.0 825491.356 1098.73 9.5152 
902000 997 1000.0 826558.633 1093.759 9.5142 
903000 998 1000.0 827857.515 1094.149 9.5137 
904000 999 1000.0 829177.885 1098.605 9.5126 
