1000 5 14.413 405.625 5.737 0.0733 0.0 
2000 6 30.664 833.482 12.754 0.1553 0.0 
3000 7 50.051 1236.465 20.651 0.2566 0.0 
4000 9 58.465 1612.916 23.924 0.2951 0.0 
5000 11 85.01 2066.303 34.6 0.4471 0.0 
6000 13 108.21 2491.549 45.06 0.6125 0.0 
7000 14 111.206 2911.535 46.205 0.6394 0.0 
8000 15 128.981 3343.081 53.652 1.0186 0.0 
9000 18 147.79 3765.717 62.159 1.3073 0.0 
10000 19 164.834 4140.13 67.682 1.6298 0.0 
11000 22 181.813 4532.487 74.799 1.7371 0.0 
12000 23 182.757 4959.976 75.403 1.738 0.0 
13000 24 199.102 5364.759 82.25 1.8623 0.0 
14000 25 215.12 5754.106 88.596 1.9769 0.0 
15000 26 230.817 6161.142 94.652 2.0811 0.0 
16000 29 244.903 6613.53 100.969 2.1358 0.0 
17000 30 260.005 6965.138 107.21 2.2325 0.0 
18000 31 274.805 7150.376 109.962 2.3978 0.0 
19000 32 289.309 7337.444 111.205 2.5638 0.0 
20000 33 303.522 7529.804 112.854 2.7188 0.0 
21000 35 313.543 7745.898 112.739 2.8407 0.0 
22000 40 300.413 8188.902 107.71 2.7475 0.0 
23000 41 314.404 8554.956 115.404 2.8988 0.0 
24000 43 321.954 8748.153 114.675 2.9916 0.0 
25000 44 335.515 8994.616 116.925 3.1446 0.0 
26000 60 264.325 9299.721 90.976 2.4978 0.0 
27000 100 132.645 9518.206 43.93 1.2664 0.0 
28000 135 78.876 9783.364 25.006 0.7669 0.0 
29000 136 80.159 10285.899 25.725 0.7832 0.0 
30000 150 89.614 10658.811 32.027 0.9112 0.0 
31000 151 94.282 11176.786 34.411 0.9651 0.0 
32000 157 103.83 11663.613 40.305 1.087 0.0 
33000 164 117.58 12150.039 48.828 1.2722 0.0 
34000 165 122.789 12666.406 51.79 1.3391 0.0 
35000 166 140.333 13166.944 60.911 1.5662 0.0 
36000 167 157.526 13653.031 69.507 1.7939 0.0 
37000 169 173.288 14138.899 77.512 2.0107 0.0 
38000 171 196.786 14629.575 89.459 2.3519 0.0 
39000 174 205.214 15057.987 92.71 2.5068 0.0 
40000 176 217.087 15537.816 98.621 2.7079 0.0 
41000 177 232.745 15963.663 105.33 2.9637 0.0 
42000 178 248.09 16373.486 111.308 3.2275 0.0 
43000 179 248.629 16825.655 111.882 3.2536 0.0 
44000 181 262.763 17319.001 118.065 3.5364 0.0 
45000 182 277.508 17841.27 125.129 3.8237 0.0 
46000 183 291.958 18341.122 134.137 4.1147 0.0 
47000 184 306.118 18836.058 140.631 4.4028 0.0 
48000 185 319.996 19305.181 148.196 4.6936 0.0 
49000 186 333.596 19660.374 153.07 4.9849 0.0 
50000 187 346.924 20149.634 157.596 5.2697 0.0 
51000 188 359.986 20637.694 165.346 5.5541 0.0 
52000 189 372.786 21068.354 171.422 5.8449 0.0 
53000 190 385.33 21417.906 174.601 6.1292 0.0 
54000 191 397.624 21762.486 178.261 6.4029 0.0 
55000 192 409.671 22194.83 183.458 6.6775 0.0 
56000 193 421.478 22673.401 188.794 6.9506 0.0 
57000 194 433.048 23005.78 192.463 7.2068 0.0 
58000 195 444.387 23373.893 196.763 7.4204 0.0 
59000 196 455.5 23713.534 198.51 7.6266 0.0 
60000 197 466.39 24162.708 201.528 7.8184 0.0 
61000 198 477.062 24575.737 207.187 8.0062 0.0 
62000 199 487.52 25024.277 212.913 8.1814 0.0 
63000 200 497.77 25509.154 216.685 8.3429 0.0 
64000 201 507.815 26029.659 222.971 8.4965 0.0 
65000 202 517.658 26518.094 228.835 8.6489 0.0 
66000 203 527.305 26999.432 232.247 8.7876 0.0 
67000 204 528.279 27580.567 234.673 8.7877 0.0 
68000 205 537.714 27902.664 241.631 8.9104 0.0 
69000 206 546.959 28469.465 243.236 9.0345 0.0 
70000 207 556.02 29019.058 249.705 9.1604 0.0 
71000 208 564.9 29514.765 255.704 9.2841 0.0 
72000 209 573.602 30128.559 260.503 9.4036 0.0 
73000 210 582.13 30648.036 267.579 9.5214 0.0 
74000 212 591.977 31143.393 273.309 9.647 0.0 
75000 220 523.652 31532.254 241.307 8.5134 0.0 
76000 224 504.82 31917.764 230.863 8.1837 0.0 
77000 261 252.517 32183.076 112.842 4.0812 0.0 
78000 311 104.762 32374.399 43.523 1.6777 0.0 
79000 350 62.346 32624.51 23.615 0.9881 0.0 
80000 380 49.678 32971.964 18.445 0.779 0.0 
81000 397 50.056 33350.015 18.582 0.7791 0.0 
82000 398 69.055 33802.921 27.397 1.0733 0.0 
83000 400 83.259 34246.115 33.016 1.2935 0.0 
84000 401 90.374 34789.275 37.012 1.404 0.0 
85000 402 108.566 35139.105 47.154 1.6875 0.0 
86000 403 126.395 35494.263 52.671 1.9714 0.0 
87000 404 143.867 36040.922 58.819 2.255 0.0 
88000 405 160.99 36455.618 68.908 2.5367 0.0 
89000 406 177.77 36778.642 75.171 2.8247 0.0 
90000 408 197.09 37200.137 82.326 3.1508 0.0 
91000 409 213.148 37674.261 88.117 3.4243 0.0 
92000 410 228.885 38130.577 96.398 3.6888 0.0 
93000 411 244.308 38698.583 104.419 3.9488 0.0 
94000 412 259.422 39285.364 114.316 4.1984 0.0 
95000 413 274.233 39872.142 123.963 4.4432 0.0 
96000 414 288.748 40448.596 132.486 4.6758 0.0 
97000 415 302.973 41007.745 141.947 4.8965 0.0 
98000 416 316.914 41575.604 150.304 5.1127 0.0 
99000 417 330.576 42075.568 158.558 5.3148 0.0 
100000 419 344.565 42502.791 163.855 5.5213 0.0 
101000 420 357.674 42904.809 168.329 5.7222 0.0 
102000 421 370.52 43461.684 176.362 5.9299 0.0 
103000 423 375.968 43964.787 179.24 6.0134 0.0 
104000 426 365.555 44496.951 174.857 5.8394 0.0 
105000 427 378.244 45007.395 182.505 6.0282 0.0 
106000 428 390.679 45499.181 188.035 6.2157 0.0 
107000 429 402.865 45990.825 193.404 6.3997 0.0 
108000 430 414.808 46459.305 200.578 6.573 0.0 
109000 431 426.512 46894.569 205.334 6.7418 0.0 
110000 432 437.982 47262.301 209.301 6.9094 0.0 
111000 433 442.422 47869.89 209.663 6.9717 0.0 
112000 435 453.422 48397.228 218.653 7.1321 0.0 
113000 436 464.354 48902.998 225.221 7.291 0.0 
114000 437 475.066 49181.322 227.181 7.4471 0.0 
115000 438 485.565 49662.694 229.391 7.5979 0.0 
116000 439 495.854 50241.335 236.269 7.7438 0.0 
117000 440 505.937 50790.622 243.628 7.8917 0.0 
118000 441 515.818 51292.244 249.044 8.033 0.0 
119000 442 525.502 51896.401 255.066 8.1696 0.0 
120000 443 534.992 52371.628 261.121 8.3027 0.0 
121000 447 519.693 52753.528 251.263 8.0368 0.0 
122000 448 529.299 53143.941 253.994 8.1643 0.0 
123000 449 528.173 53664.977 253.19 8.1346 0.0 
124000 451 536.557 54118.515 257.895 8.2269 0.0 
125000 452 545.826 54645.005 263.248 8.3438 0.0 
126000 453 554.91 55040.17 265.814 8.4651 0.0 
127000 454 563.811 55596.529 271.705 8.585 0.0 
128000 455 572.535 56024.704 274.651 8.7012 0.0 
129000 456 581.085 56576.516 280.229 8.8143 0.0 
130000 457 589.463 56975.062 282.585 8.9516 0.0 
