1000 0 0.0 -190.497 0.0 0.0 
2000 0 0.0 -344.938 0.0 0.0 
3000 0 0.0 -527.056 0.0 0.0 
4000 0 0.0 -717.133 0.0 0.0 
5000 0 0.0 -910.714 0.0 0.0 
6000 0 0.0 -1098.336 0.0 0.0 
7000 0 0.0 -1282.309 0.0 0.0 
8000 0 0.0 -1470.287 0.0 0.0 
9000 0 0.0 -1657.063 0.0 0.0 
10000 0 0.0 -1849.356 0.0 0.0 
11000 0 0.0 -2039.252 0.0 0.0 
12000 0 0.0 -2215.003 0.0 0.0 
13000 0 0.0 -2404.001 0.0 0.0 
14000 0 0.0 -2578.037 0.0 0.0 
15000 0 0.0 -2722.226 0.0 0.0 
16000 0 0.0 -2914.519 0.0 0.0 
17000 0 0.0 -3106.398 0.0 0.0 
18000 0 0.0 -3301.438 0.0 0.0 
19000 1 1850.4 -3542.401 -348.586 34.0276 
20000 4 1468.702 -3985.942 -297.8 29.844 
21000 6 1203.208 -4337.795 -258.315 25.0033 
22000 6 1203.208 -4526.257 -258.315 25.0033 
23000 6 1203.208 -4719.632 -258.315 25.0033 
24000 6 1203.208 -4914.562 -258.315 25.0033 
25000 7 1557.887 -5187.691 -332.533 32.9751 
26000 9 1306.249 -5574.483 -295.318 27.9424 
27000 17 661.375 -6550.194 -201.587 15.8208 
28000 19 543.484 -6949.794 -183.802 13.8716 
29000 19 543.484 -7126.496 -183.802 13.8716 
30000 19 543.484 -7315.308 -183.802 13.8716 
31000 19 543.484 -7511.156 -183.802 13.8716 
32000 19 543.484 -7709.2 -183.802 13.8716 
33000 19 543.484 -7905.447 -183.802 13.8716 
34000 19 543.484 -8102.33 -183.802 13.8716 
