1000 10 16.615 -222.745 -3.514 0.0495 0.0 
2000 22 32.109 -437.878 -7.053 0.0925 0.0 
3000 33 43.303 -704.975 -10.339 0.1247 0.0 
4000 45 52.745 -933.519 -12.344 0.1547 0.0 
5000 54 61.718 -996.364 -11.392 0.2374 0.0 
6000 63 69.049 -1114.446 -11.741 0.3032 0.0 
7000 72 76.635 -1224.239 -11.767 0.3616 0.0 
8000 79 83.792 -1276.51 -11.328 0.4194 0.0 
9000 90 87.605 -1434.732 -11.979 1.8443 0.0 
10000 101 87.585 -1926.477 -18.201 3.3088 0.0 
11000 114 84.842 -2410.949 -22.357 4.358 0.0 
12000 129 80.994 -2786.924 -23.379 5.0831 0.0 
13000 139 81.977 -2853.917 -20.15 5.7387 0.0 
14000 140 90.778 -2997.388 -22.559 6.6795 0.0 
15000 141 108.962 -3018.681 -22.605 8.6132 0.0 
16000 142 126.783 -3042.792 -22.636 10.5002 0.0 
17000 143 144.247 -3057.013 -22.482 12.3124 0.0 
18000 144 161.362 -3068.109 -22.351 14.0867 0.0 
19000 145 178.135 -3083.139 -22.12 15.8427 0.0 
20000 146 194.572 -3097.344 -21.952 17.5933 0.0 
21000 147 210.681 -3107.609 -21.821 19.2695 0.0 
22000 148 226.467 -3119.151 -21.569 20.9363 0.0 
23000 149 241.938 -3126.533 -21.36 22.5518 0.0 
24000 152 258.377 -3160.228 -20.782 24.3885 0.0 
25000 155 258.862 -3266.889 -21.492 24.5198 0.0 
26000 160 257.943 -3381.1 -21.789 24.5579 0.0 
27000 164 254.372 -3516.549 -22.634 24.289 0.0 
28000 171 241.725 -3721.816 -23.405 23.156 0.0 
29000 177 231.638 -3893.823 -24.1 22.2831 0.0 
30000 184 220.921 -4105.182 -24.911 21.3047 0.0 
31000 191 211.57 -4321.889 -25.795 20.4568 0.0 
32000 198 200.787 -4413.062 -24.041 19.4571 0.0 
33000 205 194.918 -4535.676 -23.214 18.9398 0.0 
34000 212 188.031 -4645.649 -22.29 18.3026 0.0 
35000 217 186.977 -4636.253 -19.91 18.2328 0.0 
36000 221 193.212 -4684.805 -19.313 18.8719 0.0 
37000 224 197.659 -4712.948 -18.735 19.3537 0.0 
38000 226 214.154 -4766.154 -19.071 78.3129 0.0 
39000 227 229.871 -4780.096 -18.972 80.3805 0.0 
40000 228 245.273 -4790.309 -18.781 81.2759 0.0 
41000 229 260.368 -4795.718 -18.56 82.1216 0.0 
42000 230 275.16 -4810.086 -18.408 82.9086 0.0 
43000 231 289.657 -4817.239 -18.194 83.7157 0.0 
44000 232 295.224 -4836.242 -18.184 83.3893 0.0 
45000 233 309.32 -4839.537 -17.98 84.101 0.0 
46000 234 323.133 -4848.295 -17.735 85.0758 0.0 
47000 236 331.757 -4860.952 -17.316 83.8898 0.0 
48000 237 345.122 -4864.732 -17.094 84.3258 0.0 
49000 238 358.22 -4870.374 -16.844 84.7145 0.0 
50000 240 367.014 -4898.674 -16.746 83.7574 0.0 
51000 241 379.674 -4923.502 -16.511 84.1325 0.0 
52000 242 376.48 -4942.791 -16.773 82.8938 0.0 
53000 244 399.932 -4950.056 -16.35 83.5348 0.0 
54000 246 400.895 -5040.843 -16.99 82.0349 0.0 
55000 249 389.264 -5104.787 -17.546 78.484 0.0 
56000 252 390.077 -5152.652 -17.603 76.2588 0.0 
57000 253 402.276 -5191.023 -17.465 76.7819 0.0 
58000 258 386.291 -5240.074 -17.238 71.6546 0.0 
59000 259 382.506 -5251.444 -16.849 70.6291 0.0 
60000 263 390.549 -5293.623 -16.682 69.0202 0.0 
61000 267 377.977 -5306.749 -15.516 65.416 0.0 
62000 270 377.25 -5324.097 -15.077 63.7052 0.0 
63000 273 374.907 -5343.962 -14.622 61.9216 0.0 
64000 276 363.075 -5403.215 -14.56 59.2919 0.0 
65000 279 370.847 -5430.098 -14.533 59.7213 0.0 
66000 284 352.794 -5497.095 -14.421 120.8037 0.0 
67000 288 346.1 -5574.012 -14.768 113.9448 0.0 
68000 289 341.758 -5588.969 -14.425 112.1065 0.0 
69000 291 355.141 -5595.851 -14.479 111.0575 0.0 
70000 292 368.038 -5592.48 -14.053 110.9013 0.0 
71000 293 380.677 -5594.075 -13.733 110.8393 0.0 
72000 294 393.064 -5590.659 -13.409 110.6512 0.0 
73000 296 397.328 -5601.275 -13.059 108.2518 0.0 
74000 299 398.73 -5700.484 -13.858 104.3432 0.0 
75000 304 381.844 -5773.595 -14.314 96.4268 0.0 
76000 308 374.401 -5771.16 -13.208 91.1349 0.0 
77000 312 357.548 -5778.143 -12.303 85.2607 0.0 
78000 315 362.336 -5780.906 -11.736 82.837 0.0 
79000 319 345.105 -5839.219 -12.167 77.4733 0.0 
80000 321 357.419 -5845.232 -11.416 76.9861 0.0 
81000 328 331.944 -5916.608 -11.356 68.9667 0.0 
82000 333 319.045 -5936.525 -10.647 64.2117 0.0 
83000 337 309.063 -5971.893 -10.642 60.6757 0.0 
84000 339 320.424 -5979.037 -10.26 60.6396 0.0 
85000 341 323.361 -6008.451 -10.241 59.7852 0.0 
86000 346 315.109 -6060.623 -10.182 56.3108 0.0 
87000 351 303.509 -6078.854 -9.858 52.7343 0.0 
88000 356 293.78 -6103.618 -9.364 49.5903 0.0 
89000 357 307.904 -6092.987 -9.0 50.6051 0.0 
90000 358 321.746 -6091.238 -8.695 51.5983 0.0 
91000 359 335.311 -6090.141 -8.489 52.567 0.0 
92000 365 316.315 -6139.636 -8.557 48.4812 0.0 
93000 369 311.049 -6150.206 -7.975 46.6211 0.0 
94000 374 296.499 -6169.643 -7.719 43.6518 0.0 
95000 378 293.393 -6186.095 -7.426 42.2434 0.0 
96000 383 288.651 -6199.052 -6.831 40.5054 0.0 
97000 389 272.604 -6198.751 -6.099 37.5497 0.0 
98000 392 264.221 -6177.84 -5.445 36.1007 0.0 
99000 398 265.309 -6228.299 -5.578 35.5355 0.0 
100000 405 249.601 -6197.92 -4.33 33.1441 0.0 
101000 410 242.729 -6203.765 -3.976 32.1836 0.0 
102000 413 246.713 -6231.622 -4.565 32.3712 0.0 
103000 418 243.522 -6271.03 -4.631 31.6759 0.0 
104000 423 238.347 -6324.009 -5.256 30.6779 0.0 
105000 427 241.144 -6319.214 -4.887 30.4723 0.0 
106000 428 256.321 -6307.426 -4.567 31.9749 0.0 
107000 433 251.063 -6343.371 -4.654 30.93 0.0 
108000 438 242.567 -6335.956 -4.236 29.5724 0.0 
109000 445 233.646 -6351.165 -3.84 28.0781 0.0 
110000 450 231.006 -6397.168 -4.436 27.4729 0.0 
111000 456 220.681 -6403.477 -4.232 26.1377 0.0 
112000 459 229.117 -6395.39 -3.626 26.8146 0.0 
113000 460 244.535 -6383.627 -3.401 28.3839 0.0 
114000 465 240.958 -6369.448 -2.681 27.7134 0.0 
115000 471 230.932 -6328.833 -1.811 26.3696 0.0 
116000 477 223.431 -6318.521 -1.275 25.3734 0.0 
117000 483 219.24 -6329.013 -1.346 24.7319 0.0 
118000 488 215.145 -6352.41 -1.748 24.0726 0.0 
119000 491 219.749 -6348.245 -1.686 24.4159 0.0 
120000 499 209.096 -6385.17 -1.981 23.0096 0.0 
121000 504 206.308 -6393.043 -1.539 22.7985 0.0 
122000 509 207.764 -6368.129 -1.284 22.9689 0.0 
123000 515 203.686 -6356.414 -0.909 22.3666 0.0 
124000 520 201.933 -6376.696 -1.148 22.288 0.0 
125000 526 197.836 -6389.849 -1.375 21.7797 0.0 
126000 531 198.816 -6411.73 -1.606 21.7476 0.0 
127000 537 194.77 -6385.334 -1.048 21.2344 0.0 
128000 544 188.611 -6437.037 -1.822 20.6859 0.0 
129000 551 182.341 -6504.053 -2.83 19.8493 0.0 
130000 552 198.694 -6492.896 -2.492 21.6571 0.0 
131000 555 195.701 -6479.319 -2.318 21.3313 0.0 
132000 559 208.446 -6475.889 -1.814 23.3075 0.0 
133000 561 206.248 -6457.587 -1.635 23.0373 0.0 
134000 562 222.123 -6443.287 -1.406 24.6511 0.0 
135000 563 237.681 -6434.421 -1.095 26.2937 0.0 
136000 570 239.643 -6434.719 -0.81 26.6127 0.0 
137000 576 230.376 -6441.394 -0.893 25.9302 0.0 
138000 580 226.331 -6437.567 -0.914 25.4561 0.0 
139000 585 229.852 -6425.875 -0.376 25.9827 0.0 
140000 586 245.255 -6411.871 -0.092 27.7652 0.0 
141000 592 230.502 -6458.212 -1.168 25.9887 0.0 
142000 594 229.607 -6438.432 -0.755 25.7972 0.0 
143000 601 233.483 -6412.708 0.151 26.0233 0.0 
144000 608 220.91 -6371.628 0.771 24.9291 0.0 
145000 615 211.677 -6355.418 1.017 23.9164 0.0 
146000 622 202.299 -6337.317 1.2 22.646 0.0 
147000 628 195.303 -6350.334 0.745 21.6974 0.0 
148000 636 187.231 -6366.456 0.353 20.6039 0.0 
149000 642 184.859 -6341.111 0.849 20.1802 0.0 
150000 651 172.833 -6334.75 0.849 18.7616 0.0 
151000 660 160.725 -6314.723 0.931 17.3205 0.0 
152000 672 145.575 -6309.409 1.029 15.5322 0.0 
153000 683 133.912 -6288.889 1.044 14.1696 0.0 
154000 694 126.301 -6276.779 1.08 13.2554 0.0 
155000 700 130.582 -6267.539 1.13 13.6063 0.0 
156000 705 134.583 -6302.684 0.365 13.9526 0.0 
157000 710 140.816 -6314.335 0.087 14.5265 0.0 
158000 714 145.023 -6299.294 0.234 14.9087 0.0 
159000 721 151.66 -6365.683 -0.965 15.5163 0.0 
160000 727 152.885 -6429.672 -2.167 15.592 0.0 
161000 733 153.609 -6446.651 -2.203 15.6237 0.0 
162000 739 154.977 -6453.593 -2.032 15.7254 0.0 
163000 746 154.645 -6509.41 -2.778 15.6584 0.0 
164000 754 150.646 -6543.621 -3.038 15.2213 0.0 
165000 761 147.678 -6594.514 -3.537 14.8901 0.0 
166000 768 144.917 -6650.6 -4.327 14.9717 0.0 
167000 776 145.008 -6667.566 -3.914 15.469 0.0 
168000 783 143.89 -6667.161 -3.449 16.1817 0.0 
169000 790 145.583 -6682.557 -3.211 16.6486 0.0 
170000 796 147.987 -6661.906 -2.443 17.1848 0.0 
171000 803 145.346 -6656.575 -2.156 17.8491 0.0 
172000 808 150.531 -6638.443 -1.404 19.1713 0.0 
173000 816 148.206 -6651.713 -1.466 19.6282 0.0 
174000 823 146.714 -6672.246 -1.639 19.7877 0.0 
175000 833 139.558 -6695.405 -1.754 19.277 0.0 
176000 843 131.901 -6744.094 -2.223 18.7787 0.0 
177000 854 124.026 -6772.269 -2.307 17.1535 0.0 
178000 864 119.339 -6744.774 -1.356 16.0925 0.0 
179000 873 117.099 -6760.197 -1.494 15.46 0.0 
180000 881 119.31 -6736.578 -0.792 15.4303 0.0 
181000 887 124.062 -6795.832 -1.809 16.4532 0.0 
182000 895 125.197 -6835.161 -2.304 16.0967 0.0 
183000 901 129.846 -6871.51 -2.717 16.1706 0.0 
184000 908 129.758 -6910.579 -3.093 15.7394 0.0 
185000 917 128.37 -6941.399 -3.133 15.1331 0.0 
186000 927 122.375 -6938.18 -2.458 14.1047 0.0 
187000 937 117.641 -6957.318 -2.232 13.2795 0.0 
188000 949 110.33 -7019.03 -3.097 12.2076 0.0 
189000 959 109.277 -7043.217 -2.936 11.877 0.0 
190000 968 108.059 -7004.03 -1.77 11.581 0.0 
191000 977 108.959 -6958.382 -0.695 11.5277 0.0 
192000 987 108.379 -6949.653 -0.194 11.337 0.0 
193000 995 109.615 -6895.8 0.779 11.3711 0.0 
194000 1001 113.033 -6901.009 0.451 11.6549 0.0 
195000 1009 119.193 -6865.557 1.151 12.2019 0.0 
196000 1018 116.546 -6818.437 1.754 11.8788 0.0 
197000 1027 115.698 -6795.951 1.8 11.7441 0.0 
198000 1037 112.764 -6741.65 2.568 11.3964 0.0 
199000 1047 110.941 -6721.71 2.508 11.1832 0.0 
200000 1057 108.693 -6709.806 2.336 10.9271 0.0 
201000 1066 109.638 -6753.331 1.033 11.0017 0.0 
202000 1075 108.823 -6755.706 0.828 10.8914 0.0 
203000 1084 109.181 -6721.265 1.28 10.9116 0.0 
204000 1093 109.922 -6722.259 1.139 10.9716 0.0 
205000 1102 110.858 -6708.553 1.191 11.0584 0.0 
206000 1111 110.671 -6711.69 0.916 11.0296 0.0 
207000 1119 112.804 -6683.272 1.348 11.229 0.0 
208000 1128 111.887 -6726.237 0.157 11.1304 0.0 
209000 1137 111.875 -6731.029 0.159 11.1234 0.0 
210000 1145 112.93 -6711.896 0.392 11.2251 0.0 
211000 1153 115.151 -6669.986 1.205 11.4439 0.0 
212000 1161 116.505 -6655.893 1.51 11.5761 0.0 
213000 1171 115.368 -6632.636 1.52 11.5021 0.0 
214000 1179 115.368 -6595.22 1.993 11.5017 0.0 
215000 1188 115.064 -6571.265 2.026 11.4594 0.0 
216000 1196 117.031 -6542.99 2.363 11.651 0.0 
217000 1204 117.508 -6495.145 2.817 11.6921 0.0 
218000 1210 123.733 -6503.153 2.435 12.3181 0.0 
219000 1216 126.997 -6518.041 1.695 12.6345 0.0 
220000 1225 125.361 -6498.207 1.802 12.4744 0.0 
221000 1232 126.628 -6473.627 2.065 12.5968 0.0 
222000 1233 144.095 -6459.69 2.196 14.3491 0.0 
223000 1240 144.779 -6423.798 2.697 14.4086 0.0 
224000 1248 142.433 -6423.895 2.288 14.172 0.0 
225000 1256 139.651 -6368.654 2.914 13.893 0.0 
226000 1263 135.651 -6367.632 2.323 13.4909 0.0 
227000 1266 151.293 -6349.305 2.935 15.0527 0.0 
228000 1274 148.247 -6279.488 3.792 14.7446 0.0 
229000 1275 165.282 -6271.982 3.828 16.4534 0.0 
230000 1283 157.658 -6219.721 4.035 15.685 0.0 
231000 1284 174.505 -6210.551 4.173 17.3774 0.0 
232000 1291 168.878 -6170.659 4.3 16.8146 0.0 
233000 1293 184.21 -6161.996 4.372 18.3507 0.0 
234000 1300 178.266 -6168.987 3.763 17.7538 0.0 
235000 1302 185.772 -6151.757 3.765 18.5037 0.0 
236000 1305 199.867 -6143.336 3.8 19.9144 0.0 
237000 1312 192.041 -6139.883 3.524 19.1272 0.0 
238000 1315 190.123 -6128.009 3.315 18.9297 0.0 
239000 1316 206.32 -6121.657 3.402 20.5577 0.0 
240000 1317 222.194 -6110.692 3.459 22.1564 0.0 
241000 1318 237.75 -6096.693 3.613 23.7171 0.0 
242000 1322 248.32 -6069.671 3.994 24.7686 0.0 
243000 1324 252.383 -6044.986 4.199 25.1784 0.0 
244000 1325 267.335 -6033.677 4.368 26.6786 0.0 
245000 1327 282.349 -6017.544 4.705 28.1804 0.0 
246000 1333 269.647 -5994.696 4.702 26.9089 0.0 
247000 1336 264.138 -5985.085 4.37 26.3616 0.0 
248000 1341 266.344 -5997.456 3.86 26.5962 0.0 
249000 1344 259.972 -5980.462 3.772 25.9573 0.0 
250000 1346 272.757 -5954.172 4.132 27.229 0.0 
251000 1349 282.208 -5936.563 4.286 28.1924 0.0 
252000 1350 296.564 -5931.719 4.433 29.6425 0.0 
253000 1357 275.96 -5886.004 4.696 27.5661 0.0 
254000 1358 272.94 -5870.292 4.737 27.263 0.0 
255000 1360 283.552 -5877.382 4.497 28.3267 0.0 
256000 1361 297.881 -5860.539 4.593 29.7773 0.0 
257000 1365 305.52 -5838.049 4.74 30.534 0.0 
258000 1366 319.41 -5825.966 4.866 31.931 0.0 
259000 1368 328.661 -5809.765 4.974 32.8615 0.0 
260000 1375 304.014 -5752.786 5.432 30.3743 0.0 
261000 1376 302.814 -5738.55 5.597 30.2542 0.0 
262000 1380 304.541 -5689.046 6.072 30.4307 0.0 
263000 1384 304.739 -5697.053 5.423 30.4672 0.0 
264000 1388 305.958 -5702.863 5.233 30.5861 0.0 
265000 1389 319.839 -5689.729 5.372 31.9801 0.0 
266000 1396 295.838 -5708.537 4.236 29.5666 0.0 
267000 1397 292.101 -5698.873 4.138 29.1895 0.0 
268000 1407 272.758 -5688.738 3.963 27.2432 0.0 
269000 1409 265.839 -5666.402 3.847 26.5484 0.0 
270000 1411 276.212 -5644.394 4.094 27.5859 0.0 
271000 1421 257.099 -5581.263 4.759 25.6577 0.0 
272000 1427 241.039 -5539.634 4.719 24.0464 0.0 
273000 1428 256.218 -5533.511 4.887 25.5641 0.0 
274000 1430 268.372 -5558.48 4.57 26.775 0.0 
275000 1435 263.775 -5602.219 3.068 26.3125 0.0 
276000 1440 257.978 -5680.419 1.334 25.7271 0.0 
277000 1446 247.034 -5704.832 0.753 24.6208 0.0 
278000 1450 246.227 -5719.63 0.247 24.5386 0.0 
279000 1454 248.859 -5769.304 -0.614 24.7968 0.0 
280000 1457 246.122 -5748.567 -0.294 24.5146 0.0 
281000 1458 252.1 -5736.106 -0.237 25.118 0.0 
282000 1462 268.123 -5715.794 0.483 26.7158 0.0 
283000 1463 282.761 -5708.406 0.621 28.2293 0.0 
284000 1469 264.103 -5666.063 1.15 26.3556 0.0 
285000 1473 261.53 -5644.08 1.428 26.0942 0.0 
286000 1475 260.893 -5620.08 1.927 26.0247 0.0 
287000 1479 268.625 -5578.246 2.6 26.8061 0.0 
288000 1480 283.253 -5566.957 2.652 28.2704 0.0 
289000 1481 297.587 -5551.7 2.873 29.7109 0.0 
290000 1483 309.423 -5533.245 3.1 30.8968 0.0 
291000 1485 318.75 -5519.827 3.469 31.8258 0.0 
292000 1486 332.375 -5503.076 3.655 33.1859 0.0 
293000 1495 295.508 -5470.375 3.716 29.4806 0.0 
294000 1504 264.307 -5431.059 3.922 26.3558 0.0 
295000 1512 244.213 -5392.275 4.13 24.3368 0.0 
296000 1515 235.196 -5352.927 4.318 23.4413 0.0 
297000 1523 230.134 -5339.207 3.952 22.9366 0.0 
298000 1524 238.572 -5321.012 4.135 23.779 0.0 
299000 1526 250.604 -5291.211 4.579 24.972 0.0 
300000 1529 262.578 -5298.613 4.52 26.1623 0.0 
301000 1536 241.322 -5232.189 4.845 24.035 0.0 
302000 1538 255.945 -5210.454 5.253 25.4929 0.0 
303000 1544 238.938 -5205.348 4.631 23.7912 0.0 
304000 1553 224.817 -5141.39 5.316 22.3685 0.0 
305000 1556 217.875 -5108.636 5.549 21.6794 0.0 
306000 1563 219.286 -5052.979 5.94 21.8095 0.0 
307000 1565 214.461 -5047.371 5.736 21.3287 0.0 
308000 1571 217.822 -4989.831 6.044 21.657 0.0 
309000 1572 221.226 -4976.448 6.177 21.9981 0.0 
310000 1577 226.18 -4931.194 6.355 22.4947 0.0 
311000 1583 228.95 -4898.869 6.632 22.7697 0.0 
312000 1593 204.689 -4887.554 5.805 20.3542 0.0 
313000 1595 200.128 -4865.473 5.494 19.9059 0.0 
314000 1596 216.125 -4853.417 5.641 21.5042 0.0 
315000 1597 231.803 -4841.379 5.771 23.0639 0.0 
316000 1600 241.16 -4815.843 5.939 23.9933 0.0 
317000 1604 247.798 -4812.388 5.461 24.6467 0.0 
318000 1605 262.842 -4798.042 5.616 26.1821 0.0 
319000 1606 277.585 -4787.496 5.798 27.6599 0.0 
320000 1607 281.073 -4773.964 5.942 28.0071 0.0 
321000 1611 285.931 -4751.144 5.957 28.5024 0.0 
322000 1615 289.718 -4722.132 6.13 28.8708 0.0 
323000 1616 290.103 -4717.138 5.968 28.9093 0.0 
324000 1622 290.742 -4711.804 5.661 28.9723 0.0 
325000 1623 293.787 -4678.923 5.878 29.2819 0.0 
326000 1628 291.045 -4676.075 5.398 29.0021 0.0 
327000 1629 305.224 -4664.843 5.493 30.4225 0.0 
328000 1630 319.12 -4650.913 5.607 31.8104 0.0 
329000 1632 327.823 -4659.328 5.221 32.6642 0.0 
330000 1633 341.266 -4645.66 5.381 34.0057 0.0 
331000 1634 354.441 -4634.733 5.552 35.3172 0.0 
332000 1636 361.785 -4631.252 5.646 36.0513 0.0 
333000 1644 326.647 -4582.399 5.77 32.5319 0.0 
334000 1649 303.083 -4562.369 5.283 30.1792 0.0 
335000 1652 308.422 -4533.867 5.558 30.7074 0.0 
336000 1657 304.971 -4566.504 4.683 30.3652 0.0 
337000 1663 284.586 -4579.833 3.651 28.323 0.0 
338000 1665 281.834 -4559.979 3.901 28.0491 0.0 
339000 1669 284.41 -4526.426 4.221 28.3075 0.0 
340000 1673 290.532 -4490.255 4.658 28.9152 0.0 
341000 1674 304.721 -4481.977 4.911 30.3327 0.0 
342000 1679 293.367 -4467.24 4.58 29.1985 0.0 
343000 1682 287.695 -4461.179 4.364 28.6323 0.0 
344000 1686 292.95 -4472.38 3.811 29.1506 0.0 
345000 1688 302.769 -4462.117 4.077 30.1352 0.0 
346000 1691 292.21 -4443.874 3.894 29.0792 0.0 
347000 1697 288.0 -4387.865 4.725 28.6579 0.0 
348000 1703 267.897 -4347.669 4.791 26.6505 0.0 
349000 1708 267.909 -4340.256 4.661 26.6414 0.0 
350000 1709 282.551 -4328.548 4.826 28.1064 0.0 
351000 1711 284.219 -4297.591 4.965 28.276 0.0 
352000 1712 298.534 -4288.048 5.103 29.7111 0.0 
353000 1713 312.564 -4273.616 5.192 31.1221 0.0 
354000 1716 319.887 -4271.732 5.296 31.855 0.0 
355000 1720 314.911 -4280.651 4.678 31.3543 0.0 
356000 1721 328.613 -4267.72 4.84 32.7239 0.0 
357000 1725 322.103 -4254.176 4.75 32.0652 0.0 
358000 1726 317.641 -4240.442 4.564 31.6223 0.0 
359000 1727 331.288 -4233.781 4.77 32.987 0.0 
360000 1734 320.629 -4182.973 4.998 31.922 0.0 
361000 1741 292.434 -4154.815 4.918 29.1015 0.0 
362000 1743 302.253 -4147.415 4.885 30.0822 0.0 
363000 1746 308.184 -4142.646 4.771 30.6849 0.0 
364000 1747 322.02 -4130.126 4.94 32.0711 0.0 
365000 1748 335.58 -4134.69 5.018 33.4221 0.0 
366000 1758 291.31 -4060.599 5.062 29.0016 0.0 
367000 1761 294.361 -4069.727 4.87 29.3016 0.0 
368000 1765 279.06 -4051.954 4.471 27.7757 0.0 
369000 1772 271.307 -4037.188 4.311 26.9973 0.0 
370000 1773 267.981 -4023.237 4.351 26.6725 0.0 
371000 1777 271.989 -3978.812 4.89 27.0694 0.0 
372000 1785 261.225 -3919.487 5.579 25.9882 0.0 
373000 1789 254.537 -3850.892 6.105 25.322 0.0 
374000 1790 269.447 -3834.568 6.283 26.805 0.0 
375000 1798 253.081 -3768.595 6.936 25.1632 0.0 
376000 1802 244.609 -3736.61 6.712 24.3128 0.0 
377000 1806 251.406 -3713.184 6.853 24.9965 0.0 
378000 1815 229.374 -3726.953 5.553 22.7934 0.0 
379000 1820 221.796 -3697.709 5.271 22.0336 0.0 
380000 1822 235.793 -3683.354 5.527 23.4257 0.0 
381000 1826 228.482 -3699.399 4.65 22.688 0.0 
382000 1827 243.912 -3683.458 4.882 24.2367 0.0 
383000 1831 253.343 -3698.504 4.703 25.2002 0.0 
384000 1838 239.116 -3693.776 4.007 23.7725 0.0 
385000 1842 227.966 -3662.25 4.01 22.6615 0.0 
386000 1845 238.938 -3647.699 3.984 23.7592 0.0 
387000 1849 246.941 -3634.58 4.213 24.5641 0.0 
388000 1856 229.505 -3635.442 3.407 22.8209 0.0 
389000 1859 225.946 -3612.268 3.723 22.4685 0.0 
390000 1863 234.197 -3587.317 3.905 23.2978 0.0 
391000 1864 249.513 -3581.722 3.904 24.8152 0.0 
392000 1865 264.523 -3579.788 4.055 26.3346 0.0 
393000 1868 271.895 -3572.46 3.784 27.0769 0.0 
394000 1870 282.548 -3554.66 4.118 28.1456 0.0 
395000 1878 259.081 -3494.953 4.585 25.7842 0.0 
396000 1879 273.9 -3492.637 4.729 27.2766 0.0 
397000 1884 260.074 -3482.494 4.275 25.8936 0.0 
398000 1888 266.513 -3468.972 4.408 26.544 0.0 
399000 1891 256.485 -3459.819 4.011 25.5403 0.0 
400000 1894 268.608 -3437.065 4.133 26.7506 0.0 
401000 1897 275.59 -3437.264 4.166 27.4468 0.0 
402000 1898 290.078 -3429.806 4.301 28.8926 0.0 
403000 1903 273.605 -3414.068 4.167 27.2336 0.0 
404000 1907 280.566 -3406.382 4.382 28.0104 0.0 
405000 1916 253.401 -3381.032 3.841 25.275 0.0 
406000 1919 244.757 -3359.006 3.792 24.4101 0.0 
407000 1925 246.827 -3400.129 2.576 24.5967 0.0 
408000 1932 230.022 -3371.582 2.762 22.9081 0.0 
409000 1934 227.252 -3361.635 2.723 22.6338 0.0 
410000 1939 241.988 -3323.476 3.501 24.0883 0.0 
411000 1947 222.342 -3294.915 3.275 22.1166 0.0 
412000 1955 208.352 -3225.27 4.245 20.7107 0.0 
413000 1965 189.673 -3181.825 4.311 18.8336 0.0 
414000 1970 183.132 -3164.968 4.0 18.1816 0.0 
415000 1971 199.47 -3149.531 4.131 19.8072 0.0 
416000 1972 215.48 -3139.179 4.326 21.4102 0.0 
417000 1978 216.762 -3090.004 5.058 21.5277 0.0 
418000 1981 211.651 -3046.363 5.444 21.0154 0.0 
419000 1985 224.614 -3030.379 5.419 22.3191 0.0 
420000 1990 217.158 -2996.603 5.336 21.5669 0.0 
421000 1994 225.744 -2993.834 5.244 22.4278 0.0 
422000 1997 218.584 -2989.934 4.806 21.7145 0.0 
423000 2000 229.742 -2973.849 4.751 22.8159 0.0 
424000 2005 234.208 -2984.483 4.421 23.2644 0.0 
425000 2010 232.203 -2976.417 4.116 23.0525 0.0 
426000 2013 226.753 -2962.477 3.957 22.5043 0.0 
427000 2019 229.185 -2937.7 4.056 22.7454 0.0 
428000 2027 212.233 -2931.898 3.512 21.0527 0.0 
429000 2029 210.393 -2911.144 3.725 20.8667 0.0 
430000 2032 232.262 -2884.773 4.14 23.0483 0.0 
431000 2038 218.25 -2876.351 3.733 21.6473 0.0 
432000 2040 231.867 -2855.867 3.855 22.9947 0.0 
433000 2046 225.25 -2794.834 4.617 22.3316 0.0 
434000 2048 239.75 -2789.774 4.845 23.779 0.0 
435000 2053 227.17 -2749.48 4.955 22.5216 0.0 
436000 2060 222.38 -2778.553 3.878 22.0454 0.0 
437000 2067 213.161 -2795.796 3.116 21.1245 0.0 
438000 2069 213.884 -2766.104 3.273 21.1979 0.0 
439000 2073 225.684 -2739.833 3.802 22.3904 0.0 
440000 2075 221.821 -2724.579 3.698 22.0038 0.0 
441000 2081 227.537 -2684.764 4.146 22.5684 0.0 
442000 2090 210.084 -2686.123 3.465 20.8217 0.0 
443000 2100 190.671 -2689.733 2.843 18.8846 0.0 
444000 2107 178.827 -2688.2 2.271 17.7038 0.0 
445000 2113 181.598 -2676.154 2.528 17.9772 0.0 
446000 2114 197.966 -2670.941 2.549 19.6208 0.0 
447000 2115 214.007 -2673.04 2.522 21.2338 0.0 
448000 2119 208.027 -2648.035 2.485 20.6375 0.0 
449000 2123 213.319 -2601.542 3.252 21.1588 0.0 
450000 2124 229.053 -2596.674 3.248 22.7453 0.0 
451000 2126 242.223 -2587.227 3.271 24.0658 0.0 
452000 2129 250.576 -2624.019 2.646 24.9295 0.0 
453000 2130 248.105 -2627.056 2.201 24.686 0.0 
454000 2136 254.4 -2601.218 2.507 25.3148 0.0 
455000 2137 269.312 -2590.158 2.802 26.8124 0.0 
456000 2138 266.605 -2586.912 2.655 26.5454 0.0 
457000 2145 261.418 -2585.607 2.304 26.0436 0.0 
458000 2149 265.396 -2583.679 2.45 26.4552 0.0 
459000 2150 280.088 -2572.905 2.587 27.9291 0.0 
460000 2151 276.046 -2548.815 2.727 27.5209 0.0 
461000 2157 273.9 -2506.462 3.197 27.2881 0.0 
462000 2160 283.618 -2485.641 3.709 28.2546 0.0 
463000 2162 290.797 -2444.264 4.091 28.9505 0.0 
464000 2167 279.886 -2401.1 4.478 27.8506 0.0 
465000 2170 286.158 -2419.038 4.388 28.4697 0.0 
466000 2175 277.418 -2388.695 4.496 27.5877 0.0 
467000 2176 273.39 -2376.466 4.236 27.1859 0.0 
468000 2181 273.458 -2344.866 4.461 27.1816 0.0 
469000 2185 282.022 -2346.755 4.298 28.0327 0.0 
470000 2192 263.29 -2286.377 4.884 26.157 0.0 
471000 2196 250.585 -2232.943 5.246 24.8939 0.0 
472000 2198 262.842 -2227.313 5.148 26.1114 0.0 
473000 2199 277.585 -2219.817 5.29 27.5845 0.0 
474000 2200 292.033 -2202.798 5.327 29.0391 0.0 
475000 2201 306.192 -2196.12 5.515 30.4675 0.0 
476000 2204 314.024 -2179.174 5.549 31.2618 0.0 
477000 2205 327.744 -2160.484 5.679 32.6475 0.0 
478000 2207 336.165 -2163.858 5.499 33.497 0.0 
479000 2209 328.022 -2180.56 4.993 32.6868 0.0 
480000 2215 323.891 -2227.0 3.662 32.2642 0.0 
481000 2217 316.751 -2209.583 3.734 31.5498 0.0 
482000 2221 318.592 -2183.112 3.736 31.7301 0.0 
483000 2225 318.19 -2174.034 3.796 31.695 0.0 
484000 2230 306.801 -2151.94 3.893 30.5525 0.0 
485000 2235 296.29 -2115.483 4.165 29.4951 0.0 
486000 2237 305.377 -2112.832 4.295 30.4057 0.0 
487000 2247 266.616 -2085.051 3.881 26.5318 0.0 
488000 2257 233.982 -2019.869 4.182 23.2676 0.0 
489000 2258 249.303 -2027.022 4.2 24.8153 0.0 
490000 2262 239.591 -2029.036 3.669 23.8485 0.0 
491000 2266 245.882 -1999.497 3.9 24.478 0.0 
492000 2269 256.826 -1998.135 3.784 25.5806 0.0 
493000 2274 250.403 -1965.509 4.079 24.933 0.0 
494000 2282 233.899 -1936.084 4.176 23.2667 0.0 
495000 2288 225.916 -1944.699 3.505 22.4622 0.0 
496000 2289 241.397 -1932.031 3.693 24.0028 0.0 
497000 2292 237.848 -1900.445 3.846 23.6456 0.0 
498000 2295 250.867 -1879.256 4.151 24.9362 0.0 
499000 2300 246.484 -1839.118 4.713 24.4897 0.0 
500000 2307 232.359 -1787.783 4.753 23.0728 0.0 
501000 2308 230.832 -1777.626 4.831 22.9204 0.0 
502000 2315 233.961 -1782.308 4.309 23.2253 0.0 
503000 2322 223.492 -1752.755 4.364 22.5363 0.0 
504000 2329 212.538 -1712.713 4.522 21.9686 0.0 
505000 2335 206.527 -1661.627 4.811 21.7018 0.0 
506000 2336 222.397 -1655.468 5.002 23.4203 0.0 
507000 2344 208.144 -1603.413 5.149 21.9937 0.0 
508000 2350 200.481 -1554.449 5.326 21.6726 0.0 
509000 2352 200.026 -1529.839 5.553 21.6046 0.0 
510000 2353 216.025 -1517.925 5.753 23.2142 0.0 
511000 2354 231.705 -1504.964 5.836 24.7609 0.0 
512000 2358 241.7 -1467.676 6.049 25.6549 0.0 
513000 2361 252.061 -1473.824 5.965 26.6048 0.0 
514000 2369 234.067 -1459.274 5.324 24.5728 0.0 
515000 2370 249.385 -1441.437 5.549 26.0782 0.0 
516000 2372 244.116 -1445.767 5.06 25.4989 0.0 
517000 2376 253.916 -1411.771 5.263 26.4018 0.0 
518000 2378 266.601 -1400.839 5.516 27.6602 0.0 
519000 2382 267.129 -1384.134 5.46 77.5129 0.0 
520000 2383 281.787 -1363.955 5.685 78.0251 0.0 
521000 2384 279.291 -1333.856 5.701 76.7863 0.0 
522000 2388 286.111 -1305.662 5.841 73.7601 0.0 
523000 2389 300.389 -1293.104 6.088 74.3518 0.0 
524000 2392 307.221 -1266.186 6.427 72.4398 0.0 
525000 2394 303.069 -1246.594 6.515 70.3619 0.0 
526000 2399 296.728 -1235.311 6.006 65.8488 0.0 
527000 2402 303.681 -1212.91 6.128 64.4134 0.0 
528000 2404 312.875 -1208.392 5.862 63.9444 0.0 
529000 2406 322.525 -1199.865 6.184 63.6441 0.0 
530000 2409 309.647 -1151.614 6.456 60.4914 0.0 
531000 2412 315.494 -1110.782 6.877 59.2703 0.0 
532000 2417 312.867 -1076.23 7.15 56.2664 0.0 
533000 2423 296.082 -1026.809 7.26 51.6737 0.0 
534000 2424 310.16 -1018.474 7.301 52.602 0.0 
535000 2427 300.509 -991.4 7.022 50.3335 0.0 
536000 2430 312.668 -967.651 7.394 50.2761 0.0 
537000 2434 307.654 -938.055 7.409 48.2362 0.0 
538000 2435 304.001 -916.721 7.361 47.5193 0.0 
539000 2441 304.531 -882.109 7.564 45.5023 0.0 
540000 2444 294.882 -858.773 7.22 43.6279 0.0 
541000 2447 301.322 -834.198 7.38 43.4008 0.0 
542000 2448 315.296 -823.056 7.342 44.5121 0.0 
543000 2451 321.788 -807.563 7.401 44.3173 0.0 
544000 2452 319.653 -791.129 7.406 43.8513 0.0 
545000 2454 329.034 -773.687 7.428 44.2753 0.0 
546000 2458 330.79 -745.338 7.421 43.4964 0.0 
547000 2461 336.154 -741.878 7.431 43.369 0.0 
548000 2463 330.176 -705.677 7.424 42.3545 0.0 
549000 2464 343.572 -703.29 7.473 43.4734 0.0 
550000 2465 356.701 -689.349 7.478 44.5581 0.0 
551000 2470 352.368 -710.068 6.653 43.2019 0.0 
552000 2474 338.355 -659.209 6.752 41.1411 0.0 
553000 2478 337.979 -647.032 6.82 40.4801 0.0 
554000 2483 320.266 -581.665 7.281 38.0183 0.0 
555000 2484 325.041 -561.162 7.287 38.3497 0.0 
556000 2486 334.029 -527.831 7.747 38.9843 0.0 
557000 2490 334.67 -490.602 7.875 38.5389 0.0 
558000 2492 343.537 -480.874 7.935 39.1758 0.0 
559000 2493 356.666 -461.461 8.04 40.3503 0.0 
560000 2494 369.533 -447.787 8.169 41.5075 0.0 
561000 2495 371.002 -425.687 8.351 41.5437 0.0 
562000 2496 383.582 -408.416 8.526 42.6795 0.0 
563000 2497 395.91 -394.259 8.645 43.837 0.0 
564000 2500 395.857 -385.457 8.251 43.5481 0.0 
565000 2501 407.94 -376.382 8.386 44.6631 0.0 
566000 2506 395.333 -364.597 8.02 42.9657 0.0 
567000 2507 407.427 -349.825 8.175 44.0744 0.0 
568000 2514 371.384 -294.473 8.062 39.9722 0.0 
569000 2515 383.957 -283.548 8.001 41.1346 0.0 
570000 2516 396.278 -280.887 8.04 42.2714 0.0 
571000 2518 385.348 -262.752 7.925 41.0956 0.0 
572000 2521 385.815 -235.198 7.963 40.9603 0.0 
573000 2524 386.058 -209.709 7.93 40.812 0.0 
574000 2528 381.779 -178.102 8.021 40.1574 0.0 
575000 2529 394.143 -178.054 8.04 41.3175 0.0 
576000 2530 388.44 -170.631 7.897 40.709 0.0 
577000 2535 376.804 -172.604 6.945 39.2972 0.0 
578000 2536 389.268 -157.612 7.067 40.4574 0.0 
579000 2537 401.483 -138.854 7.292 41.6071 0.0 
580000 2540 400.859 -102.554 7.621 41.4018 0.0 
581000 2541 412.842 -90.96 7.721 42.5111 0.0 
582000 2543 419.333 -62.392 7.893 43.043 0.0 
583000 2546 417.788 -63.719 7.819 42.7481 0.0 
584000 2549 399.508 -41.03 7.543 40.8475 0.0 
585000 2555 384.285 -56.237 6.336 39.125 0.0 
586000 2556 396.599 -46.469 6.475 40.2838 0.0 
587000 2560 375.074 -42.422 6.071 38.0548 0.0 
588000 2562 380.874 -23.307 6.089 38.5706 0.0 
589000 2564 389.011 -5.39 6.258 39.3178 0.0 
590000 2567 390.996 19.668 6.393 39.4408 0.0 
591000 2571 374.974 43.566 6.326 37.7702 0.0 
592000 2573 383.285 68.764 6.554 38.5396 0.0 
593000 2577 365.394 60.318 5.877 36.6977 0.0 
594000 2580 367.906 83.556 5.982 36.8987 0.0 
595000 2581 380.548 94.796 6.186 38.1307 0.0 
596000 2585 376.274 96.616 5.868 37.6659 0.0 
597000 2586 373.409 118.679 5.957 37.3636 0.0 
598000 2593 356.677 127.123 5.568 35.6219 0.0 
599000 2599 334.503 141.848 5.304 33.3635 0.0 
600000 2606 307.364 158.246 4.653 30.6217 0.0 
601000 2611 291.828 160.953 4.113 29.0447 0.0 
602000 2612 305.991 174.975 4.404 30.4439 0.0 
603000 2614 320.814 174.208 4.491 31.8992 0.0 
604000 2615 316.158 184.0 4.286 31.4318 0.0 
605000 2621 315.574 208.357 4.501 31.3388 0.0 
606000 2622 311.822 217.131 4.226 30.9642 0.0 
607000 2625 318.2 247.836 4.684 31.5994 0.0 
608000 2631 309.569 209.596 3.775 30.7099 0.0 
609000 2636 290.265 199.609 2.772 28.78 0.0 
610000 2638 301.45 229.068 3.167 29.8975 0.0 
611000 2641 306.955 235.551 3.282 30.4791 0.0 
612000 2643 316.32 263.959 3.586 31.4023 0.0 
613000 2645 324.913 272.033 3.892 32.2997 0.0 
614000 2646 338.415 287.063 4.202 33.6455 0.0 
615000 2649 324.432 335.327 4.539 32.2459 0.0 
616000 2651 337.964 363.478 4.963 33.5803 0.0 
617000 2654 341.789 394.295 5.303 33.987 0.0 
618000 2655 354.954 400.744 5.298 35.3002 0.0 
619000 2660 334.864 394.343 4.738 33.2953 0.0 
620000 2662 344.144 396.798 4.535 34.2444 0.0 
621000 2663 357.261 408.716 4.687 35.5816 0.0 
622000 2666 359.156 391.7 4.041 35.7635 0.0 
623000 2667 371.972 394.722 4.174 37.048 0.0 
624000 2669 378.722 399.398 4.261 37.7443 0.0 
625000 2670 390.508 412.327 4.407 38.9738 0.0 
626000 2671 402.698 431.89 4.5 40.2113 0.0 
627000 2672 396.064 440.779 4.617 39.5492 0.0 
628000 2673 408.142 457.668 4.697 40.7611 0.0 
629000 2679 388.825 469.132 4.504 38.8159 0.0 
630000 2680 401.049 479.831 4.643 40.0534 0.0 
631000 2681 413.028 491.216 4.693 41.2836 0.0 
632000 2682 424.767 507.101 4.862 42.4633 0.0 
633000 2683 436.272 525.832 5.101 43.617 0.0 
634000 2685 440.395 537.559 5.245 44.0158 0.0 
635000 2688 432.149 556.572 5.258 43.1777 0.0 
636000 2689 443.506 566.621 5.406 44.3265 0.0 
637000 2695 420.306 572.759 5.155 41.9923 0.0 
638000 2696 431.9 587.992 5.353 43.1294 0.0 
639000 2699 411.987 595.654 4.837 41.1333 0.0 
640000 2706 385.422 603.168 4.366 38.4839 0.0 
641000 2707 397.714 619.403 4.575 39.709 0.0 
642000 2709 390.297 644.43 4.873 38.9618 0.0 
643000 2713 387.228 672.715 5.04 38.6401 0.0 
644000 2715 393.214 692.525 5.168 39.2452 0.0 
645000 2718 393.437 688.644 5.004 39.2645 0.0 
646000 2728 340.279 725.397 4.957 33.933 0.0 
647000 2736 305.692 762.226 4.545 30.4647 0.0 
648000 2738 315.187 743.163 4.16 31.4092 0.0 
649000 2739 328.883 752.421 4.243 32.7954 0.0 
650000 2741 322.19 756.296 3.988 32.1249 0.0 
651000 2744 329.257 768.528 3.983 32.8659 0.0 
652000 2745 342.672 781.508 4.129 34.2145 0.0 
653000 2748 347.619 774.474 3.966 34.7596 0.0 
654000 2749 343.387 789.728 4.07 34.3354 0.0 
655000 2751 356.649 820.713 4.441 35.6515 0.0 
656000 2752 369.516 830.779 4.559 36.9448 0.0 
657000 2753 382.125 837.039 4.69 38.1965 0.0 
658000 2754 394.483 852.335 4.744 39.4228 0.0 
659000 2755 406.593 867.854 4.959 40.6225 0.0 
660000 2756 418.461 876.064 5.123 41.8117 0.0 
661000 2757 430.092 884.475 5.203 43.0323 0.0 
662000 2760 435.96 889.525 5.177 43.6242 0.0 
663000 2762 423.741 870.55 4.429 42.3967 0.0 
664000 2769 398.354 831.427 3.488 39.8314 0.0 
665000 2772 389.869 861.794 3.384 38.977 0.0 
666000 2776 384.432 859.126 3.381 38.4228 0.0 
667000 2777 396.743 869.34 3.493 39.6684 0.0 
668000 2782 376.05 866.784 3.042 37.5894 0.0 
669000 2786 366.393 889.875 3.146 36.6135 0.0 
670000 2787 379.065 892.329 3.25 37.8807 0.0 
671000 2789 369.523 908.195 3.317 36.9206 0.0 
672000 2790 382.133 914.897 3.422 38.1674 0.0 
673000 2798 356.392 925.162 3.096 35.5624 0.0 
674000 2799 354.144 928.25 2.993 35.3346 0.0 
675000 2803 350.946 956.91 3.353 34.9992 0.0 
676000 2809 338.604 957.669 3.268 33.7586 0.0 
677000 2814 315.694 983.582 3.07 31.4571 0.0 
678000 2815 329.38 987.431 3.276 32.8328 0.0 
679000 2816 338.092 1003.564 3.332 33.7116 0.0 
680000 2819 348.61 1049.213 4.047 34.7789 0.0 
681000 2820 361.638 1064.087 4.218 36.1398 0.0 
682000 2822 368.937 1080.659 4.481 36.9276 0.0 
683000 2825 357.489 1104.068 4.66 35.8058 0.0 
684000 2826 370.339 1119.65 4.795 37.0885 0.0 
685000 2830 367.126 1139.732 4.998 36.7371 0.0 
686000 2832 374.367 1160.934 5.003 37.486 0.0 
687000 2833 386.88 1170.749 5.23 38.7267 0.0 
688000 2834 395.522 1193.213 5.424 39.5869 0.0 
689000 2835 407.612 1202.318 5.634 40.7889 0.0 
690000 2837 412.811 1223.881 5.713 41.3123 0.0 
691000 2838 424.554 1219.176 5.672 42.4862 0.0 
692000 2839 436.063 1229.897 5.665 43.6635 0.0 
693000 2840 447.342 1225.615 5.447 44.8134 0.0 
694000 2841 458.395 1237.618 5.573 45.9224 0.0 
695000 2842 469.227 1248.842 5.735 47.0041 0.0 
696000 2845 464.363 1227.991 5.253 46.5045 0.0 
697000 2846 475.076 1251.389 5.587 47.5631 0.0 
698000 2847 485.574 1277.322 5.878 48.6094 0.0 
699000 2848 495.863 1275.08 6.083 49.6386 0.0 
700000 2850 480.645 1269.9 5.239 48.1076 0.0 
701000 2854 470.178 1273.925 4.939 47.0477 0.0 
702000 2855 480.775 1279.498 5.094 48.0844 0.0 
703000 2860 460.796 1252.35 4.188 46.0951 0.0 
704000 2861 453.18 1245.036 3.835 45.3316 0.0 
705000 2862 464.117 1256.962 3.883 46.4501 0.0 
706000 2863 474.834 1266.273 4.077 47.5151 0.0 
707000 2864 485.338 1275.1 4.073 48.592 0.0 
708000 2865 495.631 1288.236 4.251 49.6238 0.0 
709000 2866 505.718 1299.472 4.425 50.622 0.0 
710000 2868 507.032 1318.828 4.486 50.749 0.0 
711000 2878 445.625 1356.191 4.957 44.565 0.0 
712000 2882 417.319 1376.126 4.454 41.7201 0.0 
713000 2884 419.122 1408.208 4.756 41.8846 0.0 
714000 2885 430.74 1423.996 5.052 43.0295 0.0 
715000 2886 442.125 1432.566 5.257 44.1513 0.0 
716000 2889 438.678 1450.083 5.295 43.8118 0.0 
717000 2891 442.926 1472.812 5.398 44.2448 0.0 
718000 2892 454.068 1490.405 5.628 45.3694 0.0 
719000 2895 452.302 1528.43 6.098 45.174 0.0 
720000 2897 456.391 1545.01 6.183 45.5869 0.0 
721000 2898 467.263 1555.603 6.333 46.6807 0.0 
722000 2899 477.918 1569.431 6.461 47.7473 0.0 
723000 2900 488.36 1581.556 6.574 48.7958 0.0 
724000 2901 498.593 1591.236 6.681 49.872 0.0 
725000 2902 508.621 1584.423 6.643 50.8994 0.0 
726000 2903 501.648 1583.166 6.293 50.1957 0.0 
727000 2904 511.615 1586.219 6.316 51.2052 0.0 
728000 2907 506.891 1609.774 6.438 50.7331 0.0 
729000 2908 516.754 1611.197 6.295 51.7342 0.0 
730000 2909 526.419 1609.167 6.134 52.726 0.0 
731000 2911 526.652 1602.74 5.649 52.7597 0.0 
732000 2912 536.119 1597.158 5.578 53.7177 0.0 
733000 2918 500.792 1614.504 5.067 50.173 0.0 
734000 2921 493.534 1605.889 4.988 49.467 0.0 
735000 2924 468.726 1617.76 4.633 46.967 0.0 
736000 2925 479.351 1626.675 4.722 48.0159 0.0 
737000 2932 443.28 1618.451 3.923 44.3688 0.0 
738000 2934 440.071 1628.302 4.032 44.0695 0.0 
739000 2936 443.844 1615.623 3.635 44.4521 0.0 
740000 2940 433.363 1624.306 3.411 43.3976 0.0 
741000 2942 437.902 1630.605 3.392 43.8471 0.0 
742000 2944 438.502 1612.66 2.949 43.9017 0.0 
743000 2945 442.532 1618.919 3.074 44.2882 0.0 
744000 2946 453.682 1617.018 2.986 45.4059 0.0 
745000 2948 457.576 1624.665 3.008 45.7809 0.0 
746000 2949 468.424 1627.15 2.81 46.8778 0.0 
747000 2950 479.056 1627.129 2.923 48.0027 0.0 
748000 2951 489.475 1623.462 2.841 49.0556 0.0 
749000 2952 499.685 1621.168 2.689 50.0858 0.0 
750000 2953 509.692 1617.287 2.629 51.0946 0.0 
751000 2954 519.498 1615.715 2.487 52.1134 0.0 
752000 2955 529.108 1615.348 2.466 53.0741 0.0 
753000 2958 526.268 1621.338 2.571 52.7928 0.0 
754000 2961 503.377 1599.72 1.854 50.4895 0.0 
755000 2962 513.31 1595.661 1.769 51.5068 0.0 
756000 2966 496.679 1592.088 1.513 49.8499 0.0 
757000 2970 482.912 1611.254 1.685 48.4733 0.0 
758000 2972 483.577 1629.85 2.117 48.5267 0.0 
759000 2974 485.487 1655.252 2.606 48.6931 0.0 
760000 2977 461.401 1624.501 1.699 46.2693 0.0 
761000 2981 457.846 1639.187 1.75 45.8965 0.0 
762000 2982 463.409 1642.833 1.796 46.4499 0.0 
763000 2983 474.141 1637.041 1.717 47.5201 0.0 
764000 2984 484.658 1628.092 1.607 48.5827 0.0 
765000 2986 486.865 1595.487 0.744 48.8247 0.0 
766000 2988 488.466 1577.813 0.337 49.002 0.0 
767000 2990 479.237 1586.852 0.567 48.0621 0.0 
768000 2992 481.519 1593.58 0.735 48.3021 0.0 
769000 2995 477.365 1607.507 0.908 47.9077 0.0 
770000 2996 487.818 1615.908 0.958 48.9644 0.0 
771000 2997 498.061 1613.387 0.971 49.9898 0.0 
772000 3000 494.348 1600.857 0.786 49.5828 0.0 
773000 3005 465.294 1554.419 -0.263 46.6397 0.0 
774000 3006 475.988 1528.065 -0.072 47.6968 0.0 
775000 3008 461.387 1522.204 -0.885 46.2308 0.0 
776000 3009 472.159 1528.688 -0.66 47.3111 0.0 
777000 3010 482.716 1537.649 -0.675 48.3853 0.0 
778000 3011 493.062 1543.139 -0.396 49.4106 0.0 
779000 3012 503.2 1547.157 -0.27 50.4199 0.0 
780000 3014 504.454 1529.122 -0.506 50.5402 0.0 
781000 3015 514.365 1526.539 -0.588 51.5418 0.0 
782000 3020 495.891 1510.152 -0.918 49.6955 0.0 
783000 3022 481.769 1490.191 -1.301 48.2705 0.0 
784000 3030 442.2 1460.645 -1.531 44.2926 0.0 
785000 3031 436.276 1460.827 -1.683 43.698 0.0 
786000 3033 440.659 1466.708 -1.467 44.1404 0.0 
787000 3037 439.621 1461.363 -1.29 44.036 0.0 
788000 3040 421.441 1472.499 -1.322 42.1963 0.0 
789000 3042 425.892 1462.003 -1.359 42.6417 0.0 
790000 3043 437.374 1472.29 -1.197 43.7897 0.0 
791000 3046 429.148 1493.978 -0.761 42.958 0.0 
792000 3047 440.566 1504.892 -0.518 44.0838 0.0 
793000 3052 424.84 1549.721 0.427 42.5 0.0 
794000 3054 429.017 1535.769 0.184 42.9322 0.0 
795000 3055 440.436 1538.66 0.182 44.0824 0.0 
796000 3056 451.627 1548.317 0.237 45.2077 0.0 
797000 3057 462.595 1546.14 0.32 46.3174 0.0 
798000 3058 473.343 1539.265 0.228 47.4004 0.0 
799000 3060 475.939 1538.856 0.03 47.6491 0.0 
800000 3061 486.42 1542.483 0.175 48.6925 0.0 
801000 3063 488.258 1522.79 0.151 48.8792 0.0 
802000 3064 479.932 1525.695 -0.075 48.0439 0.0 
803000 3067 474.063 1536.499 0.153 47.4584 0.0 
804000 3071 461.905 1542.321 0.171 46.2351 0.0 
805000 3072 472.667 1547.548 0.307 47.313 0.0 
806000 3073 483.213 1546.653 0.369 48.3914 0.0 
807000 3075 485.438 1552.436 0.205 48.6149 0.0 
808000 3076 495.729 1557.544 0.465 49.6674 0.0 
809000 3077 505.815 1552.224 0.472 50.6979 0.0 
810000 3080 502.488 1538.868 0.16 50.3775 0.0 
811000 3081 495.118 1532.166 0.026 49.6323 0.0 
812000 3082 505.216 1538.689 0.134 50.6345 0.0 
813000 3085 498.748 1552.679 0.362 49.9855 0.0 
814000 3087 501.637 1548.562 0.324 50.2797 0.0 
815000 3090 497.45 1527.829 -0.246 49.8616 0.0 
816000 3092 500.331 1516.413 -0.39 50.1973 0.0 
817000 3093 510.324 1517.019 -0.318 51.2035 0.0 
818000 3094 504.138 1493.797 -0.714 50.5773 0.0 
819000 3096 505.814 1508.846 -0.409 50.7303 0.0 
820000 3098 509.364 1530.66 -0.213 51.0805 0.0 
821000 3099 519.176 1539.395 0.113 52.0393 0.0 
822000 3101 522.237 1563.644 0.523 52.3181 0.0 
823000 3102 531.792 1577.502 0.732 53.2529 0.0 
824000 3103 541.156 1593.593 1.006 54.171 0.0 
825000 3104 550.333 1602.994 1.304 55.075 0.0 
826000 3105 554.287 1620.456 1.522 55.4593 0.0 
827000 3106 563.201 1632.65 1.782 56.3421 0.0 
828000 3110 540.005 1657.663 2.164 54.008 0.0 
829000 3112 540.441 1674.175 2.389 54.0316 0.0 
830000 3114 540.42 1680.254 2.433 54.012 0.0 
831000 3115 549.611 1691.412 2.599 54.9136 0.0 
832000 3119 531.481 1690.173 2.388 53.087 0.0 
833000 3120 540.852 1701.877 2.628 54.0324 0.0 
834000 3121 550.035 1719.552 2.894 218.3767 0.0 
835000 3123 549.313 1711.918 2.817 212.8873 0.0 
836000 3124 558.327 1724.974 3.089 211.3081 0.0 
837000 3126 543.449 1755.697 3.222 203.9614 0.0 
838000 3129 534.163 1773.179 3.372 195.0885 0.0 
839000 3130 543.48 1792.703 3.558 193.3967 0.0 
840000 3131 552.61 1804.017 3.872 191.9009 0.0 
841000 3132 561.558 1820.686 4.028 190.7078 0.0 
842000 3135 556.198 1831.241 4.465 183.1408 0.0 
843000 3136 546.894 1855.461 4.462 179.71 0.0 
844000 3137 555.956 1864.006 4.644 178.4288 0.0 
845000 3139 555.32 1879.487 4.63 173.732 0.0 
846000 3140 564.214 1893.062 4.84 172.414 0.0 
847000 3141 572.929 1905.098 5.016 171.1491 0.0 
848000 3142 581.471 1921.261 5.157 170.3187 0.0 
849000 3145 581.795 1928.532 5.144 164.5546 0.0 
850000 3146 590.159 1910.221 5.231 164.1002 0.0 
851000 3147 580.616 1922.432 4.693 161.0871 0.0 
852000 3150 569.643 1939.665 4.837 154.5797 0.0 
853000 3151 578.25 1953.191 4.938 153.6898 0.0 
854000 3152 586.685 1970.411 5.123 152.7873 0.0 
855000 3153 594.951 1984.48 5.349 151.885 0.0 
856000 3155 605.031 1996.383 5.534 150.1869 0.0 
857000 3157 602.212 1988.364 5.285 147.0318 0.0 
858000 3158 610.168 1998.128 5.348 146.7776 0.0 
859000 3161 579.102 1983.733 4.824 138.694 0.0 
860000 3162 584.86 1997.461 4.714 138.2872 0.0 
861000 3163 593.163 2005.783 4.88 138.5665 0.0 
862000 3164 601.299 2016.53 4.883 138.3477 0.0 
863000 3168 577.56 2026.551 4.635 130.4252 0.0 
864000 3173 547.406 2075.773 5.129 121.6319 0.0 
865000 3175 547.308 2098.037 5.347 119.9157 0.0 
866000 3176 556.362 2102.476 5.383 120.6601 0.0 
867000 3177 565.235 2114.624 5.507 121.4398 0.0 
868000 3178 573.93 2122.331 5.628 121.324 0.0 
869000 3180 574.323 2142.421 5.947 119.5729 0.0 
870000 3182 557.007 2171.345 6.148 115.4773 0.0 
871000 3185 558.216 2193.167 6.472 112.171 0.0 
872000 3186 555.411 2225.969 6.615 110.7683 0.0 
873000 3189 550.671 2255.875 6.759 107.0847 0.0 
874000 3191 550.365 2257.227 6.769 105.0302 0.0 
875000 3192 559.357 2274.416 6.833 104.9577 0.0 
876000 3193 568.17 2279.379 7.003 104.8857 0.0 
877000 3196 542.281 2296.073 6.793 99.4686 0.0 
878000 3197 551.435 2307.634 6.834 99.5011 0.0 
879000 3200 541.862 2325.096 6.691 95.9508 0.0 
880000 3202 541.924 2334.512 6.685 94.3213 0.0 
881000 3203 551.086 2350.806 6.791 94.4542 0.0 
882000 3204 560.064 2362.76 6.976 94.5878 0.0 
883000 3205 568.863 2381.003 7.09 94.7097 0.0 
884000 3208 559.786 2418.378 7.484 92.0416 0.0 
885000 3209 556.35 2430.391 7.65 91.1652 0.0 
886000 3212 546.8 2449.77 7.576 88.5591 0.0 
887000 3214 548.807 2482.652 7.778 87.9055 0.0 
888000 3215 557.831 2495.395 7.966 88.5426 0.0 
889000 3217 557.221 2509.916 7.95 87.6577 0.0 
890000 3220 548.968 2526.409 8.056 85.4482 0.0 
891000 3221 544.469 2556.407 8.241 84.5081 0.0 
892000 3222 553.579 2567.77 8.339 85.2056 0.0 
893000 3223 562.508 2585.017 8.403 85.8914 0.0 
894000 3225 564.792 2614.176 8.806 85.4253 0.0 
895000 3226 573.497 2620.717 8.768 86.1319 0.0 
896000 3230 552.562 2633.389 8.285 82.2929 0.0 
897000 3232 541.406 2649.24 8.282 80.3136 0.0 
898000 3234 541.686 2665.322 8.286 79.7408 0.0 
899000 3235 550.853 2662.911 8.035 80.5633 0.0 
900000 3236 559.836 2679.833 8.252 81.3414 0.0 
901000 3237 568.639 2691.859 8.174 82.1108 0.0 
902000 3238 577.266 2704.025 8.358 82.8577 0.0 
903000 3239 585.721 2714.988 8.407 83.6168 0.0 
904000 3240 594.006 2726.375 8.481 84.35 0.0 
905000 3241 602.126 2736.959 8.54 85.0572 0.0 
906000 3246 563.094 2789.402 8.67 79.1235 0.0 
907000 3247 571.832 2804.203 8.766 79.9383 0.0 
908000 3248 580.395 2819.225 8.867 80.7301 0.0 
909000 3251 573.113 2858.617 9.108 79.1964 0.0 
910000 3253 571.478 2876.215 9.231 78.6319 0.0 
911000 3254 580.048 2888.12 9.323 79.4896 0.0 
912000 3255 588.447 2908.733 9.516 80.3121 0.0 
913000 3256 596.678 2921.252 9.578 81.1252 0.0 
914000 3258 577.388 2944.665 9.606 78.4443 0.0 
915000 3259 585.841 2961.566 9.684 79.323 0.0 
916000 3261 589.241 2985.182 9.897 79.3911 0.0 
917000 3262 597.457 3000.211 9.918 80.2576 0.0 
918000 3264 595.437 3017.893 9.886 79.6815 0.0 
919000 3269 564.222 3032.914 9.506 75.1436 0.0 
920000 3270 571.557 3051.903 9.545 75.8479 0.0 
921000 3272 553.019 3063.063 9.399 73.324 0.0 
922000 3274 566.899 3049.942 8.716 74.6802 0.0 
923000 3275 575.561 3047.752 8.513 76.1576 0.0 
924000 3276 584.05 3054.142 8.496 77.2573 0.0 
925000 3277 592.369 3052.354 8.26 78.1303 0.0 
926000 3279 573.815 3044.67 8.031 75.6146 0.0 
927000 3280 582.339 3047.818 7.686 76.5106 0.0 
928000 3282 582.038 3045.975 7.427 76.2011 0.0 
929000 3283 587.497 3024.729 6.888 76.731 0.0 
930000 3284 595.747 3019.483 6.656 77.5972 0.0 
931000 3285 603.832 3011.463 6.431 78.4723 0.0 
932000 3288 602.495 3009.298 5.852 78.1347 0.0 
933000 3290 599.346 3003.023 5.597 79.0824 0.0 
934000 3291 589.399 3008.632 5.548 77.707 0.0 
935000 3292 597.611 3003.144 5.46 78.2999 0.0 
936000 3293 605.659 3001.727 5.262 78.8709 0.0 
937000 3294 613.546 3009.844 5.161 79.3705 0.0 
938000 3295 621.275 3017.07 5.198 79.8113 0.0 
939000 3297 624.633 2999.856 4.534 79.499 0.0 
940000 3299 624.617 3014.613 4.736 78.8807 0.0 
941000 3301 612.542 2996.596 4.303 77.0265 0.0 
942000 3305 589.181 2987.769 3.759 73.5195 0.0 
943000 3306 585.158 2967.374 3.452 72.838 0.0 
944000 3307 593.454 2964.041 3.309 73.4276 0.0 
945000 3308 601.585 2961.721 3.136 74.0146 0.0 
946000 3309 609.554 2954.937 3.015 74.582 0.0 
947000 3310 617.363 2951.437 2.691 75.1317 0.0 
948000 3311 625.015 2948.606 2.713 75.6544 0.0 
949000 3313 624.945 2928.699 2.21 75.1592 0.0 
950000 3314 632.446 2930.216 2.015 75.7025 0.0 
951000 3316 628.941 2931.842 2.042 74.8973 0.0 
952000 3317 636.362 2929.227 1.918 75.4387 0.0 
953000 3318 643.635 2926.061 1.879 75.9492 0.0 
954000 3320 639.507 2901.413 1.232 75.1303 0.0 
955000 3321 646.717 2897.04 1.1 75.666 0.0 
956000 3322 653.783 2898.564 1.098 76.2081 0.0 
957000 3324 649.233 2888.743 0.854 76.0782 0.0 
958000 3327 634.677 2876.828 0.48 74.2765 0.0 
959000 3329 631.944 2856.337 0.338 73.6181 0.0 
960000 3330 639.305 2850.112 0.088 74.2048 0.0 
961000 3331 646.519 2842.476 0.143 74.7706 0.0 
962000 3332 653.589 2850.414 0.125 75.3089 0.0 
963000 3333 660.517 2843.307 0.079 75.8321 0.0 
964000 3334 661.287 2859.549 0.166 75.7301 0.0 
965000 3335 668.061 2858.214 0.149 76.24 0.0 
966000 3336 674.7 2855.515 0.068 76.7593 0.0 
967000 3339 657.748 2874.516 0.43 74.531 0.0 
968000 3340 664.593 2883.924 0.546 75.0593 0.0 
969000 3342 659.835 2892.684 0.721 74.2821 0.0 
970000 3343 666.638 2885.073 0.732 74.8313 0.0 
971000 3344 656.625 2881.484 0.568 73.6595 0.0 
972000 3345 663.493 2884.636 0.644 74.2119 0.0 
973000 3346 670.223 2886.535 0.69 74.7623 0.0 
974000 3350 649.433 2877.101 0.403 72.0915 0.0 
975000 3352 645.115 2891.76 0.567 71.3968 0.0 
976000 3353 652.213 2897.419 0.676 72.008 0.0 
977000 3354 659.169 2892.017 0.554 72.5772 0.0 
978000 3355 665.985 2890.155 0.484 73.156 0.0 
979000 3356 672.665 2890.447 0.52 73.7343 0.0 
980000 3357 679.212 2891.948 0.576 74.2946 0.0 
981000 3358 684.348 2868.844 0.056 74.7004 0.0 
982000 3359 690.661 2866.431 0.064 75.2346 0.0 
983000 3360 696.848 2862.529 -0.053 75.7655 0.0 
984000 3361 698.451 2834.06 -0.327 75.8102 0.0 
985000 3362 704.482 2827.775 -0.534 76.3219 0.0 
986000 3363 710.392 2828.841 -0.67 76.8115 0.0 
987000 3365 703.961 2839.171 -0.433 75.9746 0.0 
988000 3366 709.881 2847.214 -0.102 76.4743 0.0 
989000 3367 715.684 2844.964 -0.253 76.9788 0.0 
990000 3368 721.37 2850.804 -0.217 77.4568 0.0 
991000 3369 726.943 2839.516 -0.288 77.928 0.0 
992000 3370 732.404 2835.464 -0.414 78.3833 0.0 
993000 3372 728.261 2853.526 -0.096 77.8074 0.0 
994000 3373 733.695 2851.439 -0.122 78.2698 0.0 
995000 3374 739.022 2842.452 -0.27 78.7088 0.0 
996000 3375 736.721 2834.499 -0.372 78.3895 0.0 
997000 3377 733.907 2829.054 -0.651 77.9395 0.0 
998000 3378 724.969 2831.698 -0.415 76.957 0.0 
999000 3381 715.058 2840.076 -0.347 75.7228 0.0 
1000000 3382 718.237 2832.956 -0.487 75.9775 0.0 
