1000 10 62.106 -115.188 -6.674 0.5694 
2000 21 82.247 -175.788 -6.532 0.7897 
3000 33 84.101 -234.95 -5.334 0.7418 
4000 43 93.628 -312.87 -6.655 0.9512 
5000 52 103.276 -351.935 -4.913 0.9949 
6000 61 108.523 -344.571 -1.344 1.2046 
7000 68 123.324 -343.662 -0.345 1.3045 
8000 76 131.23 -333.845 0.448 1.3268 
9000 81 158.735 -344.711 -0.725 1.8734 
10000 89 139.081 -311.799 2.094 1.6942 
11000 95 142.908 -281.283 3.271 1.4366 
12000 105 115.694 -233.05 4.359 1.3005 
13000 113 122.006 -183.638 5.836 1.213 
14000 120 130.194 -129.492 6.471 1.4134 
15000 126 137.042 -92.822 6.235 1.4615 
16000 128 216.704 -82.945 6.74 2.8211 
17000 134 194.414 -58.058 5.3 2.5002 
18000 142 154.48 -10.987 5.766 1.9804 
19000 150 130.837 56.749 6.76 1.6995 
20000 152 208.978 67.672 7.172 3.1177 
21000 160 150.969 130.426 7.121 2.1635 
22000 170 124.609 183.676 6.35 1.4955 
23000 176 125.54 226.83 5.679 1.3519 
24000 178 209.887 238.746 6.293 3.0552 
25000 184 197.029 284.401 7.192 2.7547 
26000 191 167.782 346.34 7.867 2.5054 
27000 199 142.013 411.187 7.966 1.9001 
28000 205 138.605 471.04 8.216 1.6029 
29000 207 218.77 491.711 8.947 2.762 
30000 214 185.906 549.058 9.163 2.3456 
31000 223 139.404 619.053 7.995 1.6264 
32000 224 134.163 640.263 8.058 1.5404 
33000 229 198.844 680.679 7.731 2.4398 
34000 232 249.057 702.267 8.805 3.4946 
35000 239 195.206 765.156 8.842 2.7383 
36000 243 177.641 827.103 9.653 2.6308 
37000 247 227.926 858.52 10.356 3.3934 
38000 248 221.933 889.463 10.285 3.2545 
39000 252 258.499 934.582 11.253 3.7311 
40000 255 304.066 964.671 11.539 4.1496 
41000 262 225.337 1026.704 10.838 3.2468 
42000 266 227.417 1034.199 7.16 3.4061 
43000 267 304.675 1051.284 8.491 4.7931 
44000 270 263.793 1068.468 7.083 4.1238 
45000 275 266.163 1108.248 7.531 4.2873 
46000 282 197.467 1170.421 8.097 2.8161 
47000 290 159.93 1240.558 8.953 2.0395 
48000 292 165.854 1269.757 9.536 2.0688 
49000 294 243.441 1296.143 9.41 3.1282 
50000 298 267.904 1333.948 10.295 3.4247 
51000 304 221.959 1385.241 9.818 2.706 
52000 311 176.703 1447.161 8.721 2.0912 
53000 312 259.032 1450.021 9.229 3.4236 
54000 314 313.116 1477.928 10.301 4.2014 
55000 315 297.805 1492.489 10.251 3.9537 
56000 316 368.024 1504.441 9.614 4.9655 
57000 319 384.37 1523.666 8.944 5.6008 
58000 322 386.795 1554.556 8.918 5.9892 
59000 325 384.354 1571.109 9.133 5.7765 
60000 333 234.439 1616.107 6.775 3.394 
61000 334 310.995 1628.188 7.225 4.1716 
62000 340 249.026 1669.156 7.381 3.4039 
63000 341 324.123 1682.664 8.004 4.4651 
64000 344 285.286 1718.73 7.688 3.7573 
65000 347 331.263 1725.933 7.663 4.5039 
66000 349 303.193 1746.793 7.502 4.0018 
67000 350 372.874 1754.543 7.578 5.3857 
68000 354 365.898 1763.06 5.366 5.1716 
69000 355 429.308 1780.278 6.511 6.304 
70000 356 400.577 1797.78 6.962 5.831 
71000 357 460.519 1808.713 7.644 6.9392 
72000 359 477.921 1820.03 7.729 7.0839 
73000 364 392.855 1855.811 7.677 5.6188 
74000 365 453.569 1866.537 8.174 6.4071 
75000 368 433.622 1880.925 6.957 6.1638 
76000 378 222.833 1946.446 7.344 2.7611 
77000 386 162.166 2013.229 7.247 1.8194 
78000 394 136.156 2080.052 8.085 1.451 
79000 400 151.033 2114.668 6.949 1.7619 
80000 401 235.93 2129.418 7.766 2.9933 
81000 410 163.697 2196.857 7.814 2.0971 
82000 411 155.227 2216.663 7.904 1.9615 
83000 420 173.196 2298.473 9.542 2.2143 
84000 427 151.45 2358.839 8.508 1.8833 
85000 431 145.173 2379.34 7.018 1.8548 
86000 436 193.971 2423.325 8.354 2.6741 
87000 437 188.274 2431.674 8.323 2.5908 
88000 446 174.496 2500.013 7.76 2.1886 
89000 457 121.194 2568.645 7.006 1.6943 
90000 467 106.909 2640.77 7.058 1.1894 
91000 470 106.701 2667.497 6.499 1.1109 
92000 472 188.328 2690.999 7.42 2.0408 
93000 478 208.461 2734.27 7.94 2.4565 
94000 479 287.615 2745.129 8.293 3.5221 
95000 484 238.431 2771.699 6.458 2.9435 
96000 489 212.77 2795.158 5.59 2.6249 
97000 490 221.093 2807.705 5.004 2.8425 
98000 491 298.984 2818.047 6.094 4.0382 
99000 494 339.969 2853.126 7.385 4.8928 
100000 497 358.098 2856.324 5.601 5.3653 
