1000 10 61.448 -112.224 -7.338 0.501 
2000 21 87.764 -184.46 -7.816 0.7118 
3000 30 94.825 -294.705 -9.229 0.7152 
4000 41 93.157 -368.205 -8.158 0.7159 
5000 54 82.608 -431.282 -5.277 0.8004 
6000 63 99.061 -501.105 -7.093 0.8248 
7000 71 118.555 -518.38 -4.727 0.9127 
8000 77 123.636 -505.737 -2.249 0.932 
9000 79 174.455 -520.309 -2.688 1.5165 
10000 84 206.455 -517.278 -1.076 2.0644 
11000 93 149.683 -477.358 2.696 1.3619 
12000 94 151.914 -478.981 1.289 1.3652 
13000 101 184.723 -463.811 2.391 1.7663 
14000 103 207.326 -479.742 -0.747 2.0433 
15000 105 274.734 -466.52 0.63 3.1292 
16000 106 297.16 -468.355 1.37 3.3265 
17000 113 252.251 -414.821 4.74 2.8544 
18000 122 167.526 -380.797 4.145 1.607 
19000 126 167.192 -381.309 2.549 1.4786 
20000 129 235.313 -370.58 2.774 2.5461 
21000 136 185.662 -313.036 5.305 1.8738 
22000 144 149.816 -255.894 6.416 1.3269 
23000 147 151.491 -235.963 6.502 1.3731 
24000 152 206.875 -196.223 7.328 2.1648 
25000 158 178.94 -135.432 8.272 2.0096 
26000 160 245.341 -127.727 8.264 2.6063 
27000 169 162.513 -44.133 8.583 1.5259 
28000 173 153.574 9.857 9.372 1.3557 
29000 175 227.195 41.437 9.874 2.6234 
30000 178 270.875 66.205 10.282 3.1934 
31000 184 221.305 113.994 9.5 2.4297 
32000 189 193.876 165.725 9.102 2.2193 
33000 190 274.489 169.24 9.408 3.0967 
34000 194 283.292 190.495 8.58 3.4947 
35000 203 181.7 229.272 6.077 1.9325 
36000 212 136.739 263.96 5.174 1.202 
37000 219 142.9 311.159 6.233 1.1388 
38000 220 228.61 317.019 6.187 2.4956 
39000 221 224.349 349.294 6.368 2.4394 
40000 223 287.723 363.723 7.644 3.373 
41000 229 263.573 412.408 8.806 3.0478 
42000 231 242.314 448.507 8.834 2.7131 
43000 237 245.448 498.601 9.993 3.0647 
44000 241 232.94 547.67 9.802 2.7454 
45000 242 309.646 561.144 10.158 3.8295 
46000 243 378.682 577.317 10.809 4.7616 
47000 246 379.719 604.702 11.459 4.5535 
48000 252 270.967 678.145 10.994 3.1193 
49000 261 177.411 756.334 9.823 1.8549 
50000 270 139.091 835.325 9.454 1.2406 
51000 279 120.522 918.116 9.505 0.9424 
52000 289 107.184 1010.975 9.467 0.7789 
53000 294 120.875 1074.622 9.741 0.8634 
54000 298 179.926 1100.949 9.773 1.7679 
55000 307 131.984 1188.341 9.829 1.1626 
56000 318 108.535 1284.835 9.21 0.8433 
57000 325 107.817 1352.813 9.031 0.8317 
58000 328 181.239 1391.624 10.342 1.7483 
59000 337 138.35 1461.672 8.596 1.2684 
60000 346 121.182 1554.064 9.648 1.0474 
61000 347 209.063 1571.271 10.331 2.0159 
62000 348 288.157 1571.885 9.422 3.1302 
63000 349 359.341 1590.814 9.92 4.229 
64000 357 224.113 1687.762 11.115 2.4653 
65000 358 301.702 1708.14 12.019 3.5753 
66000 359 371.531 1714.808 12.075 4.5133 
67000 364 271.657 1738.467 8.427 3.1782 
68000 368 285.588 1745.535 7.231 3.1343 
69000 373 230.307 1790.411 6.281 2.3502 
70000 375 292.349 1806.407 7.11 3.0823 
71000 376 281.214 1823.688 7.481 2.9825 
72000 377 353.092 1840.05 8.563 3.9478 
73000 380 359.154 1874.962 9.239 4.0157 
74000 382 395.115 1899.144 10.242 4.7216 
75000 383 455.604 1908.718 10.416 6.2218 
76000 386 445.265 1931.821 9.232 6.6673 
77000 389 430.078 1939.273 8.713 6.3578 
78000 390 399.57 1960.658 8.492 5.9191 
79000 392 429.152 1978.035 8.63 6.5091 
80000 394 449.213 2008.781 9.598 7.2618 
81000 395 504.292 2025.365 10.25 8.4938 
82000 396 553.863 2027.744 11.145 9.6479 
83000 397 586.776 2046.023 9.966 10.283 
84000 398 628.099 2059.173 10.243 11.8885 
85000 399 665.289 2068.818 11.215 12.374 
86000 403 542.042 2118.535 10.991 9.9214 
87000 407 457.662 2154.607 11.473 8.5777 
88000 408 511.896 2162.324 11.248 10.1721 
89000 418 244.303 2237.025 8.887 4.5796 
90000 427 160.143 2322.899 8.911 2.3061 
91000 433 126.473 2364.51 7.769 1.6143 
92000 434 213.826 2375.22 7.285 2.5479 
93000 436 275.199 2387.352 8.189 3.5958 
94000 440 282.495 2420.351 8.241 3.7001 
95000 446 199.773 2473.228 7.89 2.4765 
96000 450 234.19 2499.915 8.015 2.7177 
97000 451 310.771 2515.469 8.299 4.0142 
98000 452 379.694 2530.505 9.101 5.1783 
99000 456 290.853 2561.553 8.16 3.8873 
100000 462 261.501 2596.06 8.234 3.3594 
