10000 58 118.407 441.0 5.153 0.1965 59.8211 
20000 117 151.836 882.0 6.639 0.6549 75.7128 
30000 176 165.1 1319.0 7.318 1.235 86.3583 
40000 235 167.576 1750.0 7.164 1.3958 87.1573 
50000 297 160.222 2170.0 6.729 1.3758 78.1553 
60000 355 166.622 2596.0 7.192 1.4437 82.3321 
70000 421 155.68 3004.0 6.354 1.3554 72.9088 
80000 484 159.032 3505.0 7.646 1.3821 85.568 
90000 544 163.178 3991.0 7.912 1.4145 88.9711 
100000 601 176.022 4484.0 8.625 1.5346 96.7114 
110000 659 167.962 4973.0 8.189 1.4587 93.3397 
120000 724 159.234 5450.0 7.78 1.3853 87.4612 
130000 786 159.875 5952.0 7.983 1.3931 89.0185 
140000 844 169.205 6484.0 8.779 1.4657 102.9356 
150000 901 174.818 6981.0 8.674 1.5117 104.7438 
160000 961 173.169 7527.0 9.336 1.505 109.7339 
170000 1022 166.24 8051.0 8.767 1.4474 107.7968 
180000 1079 174.316 8589.0 9.554 1.5146 126.7922 
190000 1132 185.557 9142.0 10.16 1.6099 133.7489 
200000 1192 172.328 9708.0 9.705 1.4964 115.3905 
210000 1252 172.134 10259.0 9.728 1.498 110.0608 
220000 1310 173.307 10846.0 9.997 1.503 112.2256 
230000 1365 180.02 11476.0 10.999 1.5623 137.34 
240000 1420 181.685 12073.0 10.917 1.5794 126.1989 
250000 1476 178.249 12677.0 10.653 1.549 139.4647 
260000 1536 172.404 13250.0 10.008 1.4995 121.2664 
270000 1592 176.1 13843.0 10.288 1.5309 122.8973 
280000 1646 183.191 14490.0 11.561 1.5936 142.7099 
290000 1697 189.565 15112.0 11.721 1.6489 145.0099 
300000 1754 178.815 15767.0 11.45 1.5571 133.4431 
310000 1813 173.313 16405.0 11.036 1.5045 125.1822 
320000 1872 172.607 17020.0 10.608 1.5032 130.9259 
330000 1926 176.471 17635.0 10.671 1.531 128.1505 
340000 1984 173.071 18184.0 9.895 1.4988 117.8143 
350000 2036 181.413 18802.0 10.794 1.5709 136.0172 
360000 2084 196.285 19449.0 12.221 1.7034 179.7712 
370000 2135 197.114 20088.0 12.439 1.709 182.469 
380000 2184 195.253 20756.0 12.654 1.697 172.4838 
390000 2235 204.515 21408.0 13.461 1.7752 196.0398 
400000 2280 211.95 22144.0 14.657 1.8409 221.6313 
410000 2330 202.932 22800.0 13.873 1.7619 178.9691 
420000 2376 210.275 23492.0 14.467 1.8289 196.5198 
430000 2424 208.092 24236.0 14.941 1.8055 207.1931 
440000 2476 202.114 24919.0 14.084 1.7521 191.3156 
450000 2524 207.899 25626.0 14.779 1.7997 203.2214 
460000 2577 197.822 26373.0 14.485 1.7098 191.6921 
470000 2625 206.621 27194.0 16.481 1.7845 293.6094 
480000 2667 221.664 28014.0 18.069 1.918 279.3442 
490000 2713 217.878 28859.0 18.451 1.8875 296.4383 
500000 2761 212.147 29631.0 17.006 1.8425 264.3194 
510000 2803 225.456 30516.0 19.216 1.9606 296.1549 
520000 2850 217.149 31282.0 17.33 1.8838 258.3529 
530000 2893 224.59 32122.0 18.442 1.9512 279.4598 
540000 2935 231.822 32950.0 19.055 2.0098 300.7771 
550000 2982 221.355 33777.0 18.406 1.9126 298.1152 
560000 3027 218.175 34647.0 18.447 1.8854 332.2036 
570000 3072 220.9 35521.0 19.181 1.9109 329.2593 
580000 3120 215.833 36441.0 19.48 1.8678 349.9397 
590000 3161 233.384 37246.0 19.95 2.0193 322.2177 
600000 3207 222.511 38102.0 19.132 1.9264 329.0226 
610000 3246 235.509 39010.0 20.651 2.0399 345.0917 
620000 3291 232.86 39795.0 19.504 2.0189 302.1129 
630000 3330 245.108 40671.0 20.863 2.1218 325.3396 
640000 3371 241.526 41628.0 22.09 2.0916 340.5081 
650000 3411 240.932 42494.0 21.282 2.0933 339.3142 
660000 3452 249.226 43343.0 21.989 2.1629 346.707 
670000 3493 246.652 44252.0 21.752 2.1393 324.354 
680000 3540 227.898 45208.0 21.11 1.9815 294.1233 
690000 3579 243.79 46081.0 21.995 2.1166 335.4102 
700000 3621 242.551 47035.0 22.615 2.1045 327.7586 
710000 3662 244.46 48004.0 23.355 2.1187 362.2426 
720000 3702 247.852 48888.0 22.413 2.1469 336.3692 
730000 3747 235.89 49763.0 21.181 2.0526 321.3329 
740000 3787 243.473 50597.0 20.748 2.1181 319.7048 
750000 3822 257.913 51482.0 22.17 2.2371 350.015 
760000 3867 236.955 52431.0 21.429 2.0542 358.8297 
770000 3906 248.798 53395.0 22.961 2.1543 366.3125 
780000 3947 250.436 54340.0 23.398 2.1682 352.1622 
790000 3986 253.76 55274.0 23.95 2.1981 390.3369 
800000 4021 268.354 56299.0 26.582 2.331 421.7882 
810000 4059 265.137 57302.0 26.342 2.2941 384.7454 
820000 4101 249.613 58262.0 24.165 2.1573 373.4314 
830000 4141 243.493 59262.0 23.836 2.1096 348.2181 
840000 4183 238.953 60232.0 23.252 2.0749 335.4087 
850000 4226 234.822 61062.0 21.16 2.0427 301.0204 
860000 4266 235.886 62059.0 22.231 2.0418 322.2622 
870000 4305 247.879 63051.0 24.059 2.1468 384.5022 
880000 4344 254.374 64104.0 25.613 2.2039 410.7476 
890000 4378 275.509 65159.0 28.472 2.3929 487.1565 
900000 4414 279.487 66167.0 28.725 2.4227 445.9173 
910000 4449 278.344 67195.0 28.519 2.414 457.234 
920000 4489 265.415 68226.0 27.357 2.2992 417.9652 
930000 4529 255.165 69254.0 26.551 2.208 414.7516 
940000 4567 252.639 70261.0 25.747 2.1857 396.8204 
950000 4608 246.609 71304.0 25.751 2.1343 389.5754 
960000 4647 249.311 72384.0 26.161 2.161 402.1047 
970000 4684 261.734 73468.0 27.833 2.2662 472.9246 
980000 4728 237.748 74499.0 24.833 2.058 443.8691 
990000 4768 243.746 75553.0 25.601 2.1088 447.5977 
1000000 4806 251.793 76608.0 26.576 2.1774 453.9419 
1010000 4847 250.626 77680.0 26.758 2.1676 420.2183 
1020000 4883 263.976 78717.0 27.751 2.286 462.7769 
1030000 4923 255.141 79694.0 25.383 2.2125 412.7976 
1040000 4963 248.123 80643.0 24.717 2.1495 387.4909 
1050000 5004 250.032 81678.0 25.349 2.1715 384.5115 
1060000 5043 248.033 82718.0 25.181 2.1457 356.5784 
1070000 5084 245.645 83732.0 25.292 2.1352 326.9875 
1080000 5126 246.509 84818.0 26.021 2.1364 357.2885 
1090000 5165 247.947 85919.0 27.053 2.1488 426.5283 
1100000 5199 270.22 86894.0 27.505 2.3436 443.3387 
1110000 5235 272.809 88056.0 29.399 2.3657 464.6752 
1120000 5265 292.448 89017.0 29.456 2.5343 435.6016 
1130000 5304 276.084 89885.0 26.053 2.392 379.9143 
1140000 5347 250.613 90902.0 24.926 2.1779 368.279 
1150000 5394 223.464 91946.0 22.816 1.9395 318.769 
1160000 5439 223.62 92944.0 22.123 1.9424 292.2797 
1170000 5483 227.548 93969.0 23.435 1.9715 326.2023 
1180000 5523 236.931 95003.0 23.944 2.0533 372.0481 
1190000 5563 241.819 95944.0 24.179 2.0944 370.9108 
1200000 5607 231.017 97129.0 24.984 2.0015 374.9187 
1210000 5646 247.199 98147.0 26.112 2.1368 392.5467 
1220000 5688 245.448 99306.0 26.963 2.1263 388.2089 
1230000 5733 231.132 100400.0 25.023 1.9981 370.6574 
1240000 5769 252.561 101467.0 26.78 2.1836 436.4439 
1250000 5808 257.69 102535.0 27.582 2.2305 460.6394 
1260000 5843 266.032 103604.0 28.498 2.3037 450.9199 
1270000 5882 259.925 104648.0 27.455 2.2519 441.3153 
1280000 5920 262.493 105778.0 28.823 2.2758 483.5335 
1290000 5960 254.6 106998.0 29.824 2.2047 462.1349 
1300000 5998 256.953 108128.0 29.657 2.2273 430.8221 
1310000 6037 254.462 109186.0 28.3 2.2094 417.2724 
1320000 6073 266.618 110314.0 30.075 2.3128 419.668 
1330000 6117 241.297 111492.0 28.23 2.0906 419.2155 
1340000 6153 254.949 112604.0 28.335 2.2091 395.5331 
1350000 6195 246.54 113675.0 26.964 2.1408 384.2332 
1360000 6230 267.443 114810.0 29.86 2.3176 443.1305 
1370000 6273 241.811 115944.0 27.113 2.0966 390.7739 
1380000 6314 248.885 117007.0 27.386 2.1536 422.369 
1390000 6354 244.103 118175.0 27.419 2.1068 445.8859 
1400000 6391 261.249 119234.0 29.03 2.2609 453.381 
1410000 6425 279.139 120327.0 30.886 2.4148 477.5804 
1420000 6462 271.595 121499.0 30.538 2.3472 485.4637 
1430000 6505 252.392 122680.0 29.255 2.1764 460.3385 
1440000 6545 247.515 123713.0 26.658 2.1434 411.8939 
1450000 6585 251.169 124896.0 28.014 2.1761 450.0692 
1460000 6623 259.688 125954.0 28.554 2.2455 503.5129 
1470000 6661 259.826 127173.0 30.447 2.2556 551.673 
1480000 6699 257.474 128249.0 28.619 2.2315 522.8673 
1490000 6736 270.512 129284.0 29.44 2.3408 502.4061 
1500000 6774 261.578 130458.0 28.927 2.2621 481.0401 
1510000 6807 280.958 131494.0 30.592 2.4361 522.9483 
1520000 6842 282.922 132615.0 31.537 2.4565 565.6316 
1530000 6876 288.199 133816.0 32.657 2.4969 569.6543 
1540000 6908 300.746 134912.0 33.864 2.6085 561.1697 
1550000 6946 280.855 136142.0 32.828 2.4389 536.1535 
1560000 6980 289.931 137265.0 33.811 2.512 542.9267 
1570000 7016 279.536 138463.0 33.158 2.4229 571.1375 
1580000 7056 261.545 139636.0 30.428 2.2644 473.7078 
1590000 7092 270.366 140796.0 31.211 2.3526 502.1838 
1600000 7131 263.459 141951.0 30.425 2.2831 482.7334 
1610000 7171 259.492 143098.0 30.072 2.2462 456.772 
1620000 7203 276.283 144162.0 30.26 2.3875 498.1133 
1630000 7233 303.336 145225.0 33.065 2.6237 589.8707 
1640000 7271 277.952 146411.0 31.637 2.4064 532.0663 
1650000 7310 267.455 147535.0 30.164 2.3107 502.6804 
1660000 7351 246.921 148521.0 25.816 2.1346 426.6435 
1670000 7391 246.633 149606.0 26.26 2.1328 452.0606 
1680000 7426 267.447 150725.0 29.37 2.317 484.9554 
1690000 7465 262.602 151758.0 28.259 2.2801 433.935 
1700000 7500 268.911 152900.0 29.552 2.3341 482.5951 
1710000 7540 262.02 153994.0 29.406 2.2768 449.168 
1720000 7574 274.094 155086.0 30.303 2.3764 457.0353 
1730000 7609 279.102 156240.0 31.568 2.4145 517.4491 
1740000 7646 279.587 157427.0 32.524 2.4202 553.7354 
1750000 7680 276.982 158570.0 31.765 2.3969 564.3826 
1760000 7718 272.611 159683.0 31.234 2.362 521.2458 
1770000 7755 268.94 160734.0 28.795 2.3313 499.1945 
1780000 7788 289.529 161760.0 30.709 2.5067 509.4931 
1790000 7824 281.859 162800.0 29.368 2.4357 483.0834 
1800000 7863 267.831 163907.0 28.668 2.3198 459.7069 
1810000 7900 272.878 165047.0 30.381 2.3662 494.5181 
1820000 7938 270.878 166147.0 30.037 2.3448 506.2388 
1830000 7976 269.494 167291.0 30.372 2.3351 520.5482 
1840000 8009 280.988 168435.0 32.224 2.4348 549.5024 
1850000 8043 285.131 169636.0 32.995 2.4707 591.7143 
1860000 8079 284.695 170668.0 31.45 2.4723 557.9078 
1870000 8110 300.182 171820.0 33.659 2.6024 569.1683 
1880000 8142 303.669 172881.0 33.312 2.6341 574.3449 
1890000 8176 301.313 174014.0 33.578 2.6148 601.6657 
1900000 8211 297.783 175195.0 33.788 2.5764 682.6117 
1910000 8245 299.703 176358.0 34.531 2.5885 657.5928 
1920000 8282 286.187 177566.0 33.917 2.4749 628.6077 
1930000 8314 302.102 178695.0 34.913 2.6167 637.9765 
1940000 8350 287.736 179814.0 32.51 2.4908 575.4825 
1950000 8388 265.547 180814.0 27.943 2.3021 477.0232 
1960000 8424 268.968 181917.0 28.725 2.3348 517.4894 
1970000 8460 276.912 183012.0 30.383 2.4011 542.8076 
1980000 8491 299.015 184171.0 33.74 2.5924 607.2932 
1990000 8528 282.525 185280.0 31.629 2.4479 555.5281 
2000000 8560 297.31 186458.0 34.437 2.5761 633.9241 
2010000 8595 287.226 187595.0 32.646 2.4911 566.9808 
2020000 8631 287.495 188677.0 32.382 2.4881 551.8994 
2030000 8662 302.745 189909.0 35.522 2.6233 606.7413 
2040000 8697 287.079 191077.0 33.239 2.4837 548.5188 
2050000 8735 277.595 192187.0 31.985 2.4038 502.9224 
2060000 8769 283.921 193331.0 32.709 2.4604 554.5884 
2070000 8802 289.373 194433.0 32.229 2.5027 491.3049 
2080000 8838 286.333 195553.0 31.927 2.4763 524.9607 
2090000 8871 294.322 196721.0 33.186 2.5514 521.5739 
2100000 8904 294.53 197879.0 33.434 2.5529 515.742 
2110000 8937 300.293 198915.0 32.538 2.6035 520.6884 
2120000 8970 298.102 200033.0 32.455 2.5909 529.613 
2130000 9009 276.338 201059.0 29.703 2.4018 457.8 
2140000 9046 269.529 202131.0 28.856 2.3434 452.2971 
2150000 9084 268.286 203228.0 28.683 2.3306 440.7221 
2160000 9117 283.635 204387.0 31.326 2.4602 477.8879 
2170000 9150 295.762 205594.0 33.954 2.5622 532.3918 
2180000 9184 298.182 206724.0 34.272 2.5859 543.6608 
2190000 9217 301.731 207857.0 34.465 2.6132 520.1225 
2200000 9252 290.43 208961.0 31.972 2.5186 511.9748 
2210000 9285 294.785 210096.0 32.781 2.5551 561.8667 
2220000 9318 297.159 211219.0 33.492 2.5743 569.1705 
2230000 9353 293.987 212412.0 34.289 2.5452 560.9079 
2240000 9387 289.353 213470.0 32.43 2.5076 510.788 
2250000 9423 281.529 214666.0 32.433 2.4396 501.8525 
2260000 9454 299.683 215778.0 34.109 2.598 567.6766 
2270000 9487 300.873 216946.0 34.858 2.6075 581.0882 
2280000 9518 315.229 218029.0 35.527 2.7322 605.3695 
2290000 9551 309.591 219201.0 35.54 2.6837 576.5561 
2300000 9585 299.657 220419.0 34.685 2.5952 554.9481 
2310000 9615 314.178 221530.0 35.849 2.7223 610.7547 
2320000 9648 306.368 222744.0 35.806 2.659 629.1194 
2330000 9683 299.065 223970.0 36.232 2.5989 687.6665 
2340000 9716 300.375 225143.0 35.965 2.6088 640.4394 
2350000 9750 298.712 226290.0 34.911 2.5905 576.9819 
2360000 9784 295.568 227478.0 34.713 2.5612 575.9255 
2370000 9816 298.732 228617.0 34.172 2.5869 562.0077 
2380000 9852 287.082 229789.0 32.815 2.4888 530.2725 
2390000 9884 304.897 230888.0 34.772 2.6419 575.3642 
2400000 9918 294.621 232133.0 34.749 2.5504 552.5723 
2410000 9951 302.871 233108.0 32.685 2.623 522.8441 
2420000 9981 308.015 234206.0 33.029 2.6726 537.8184 
2430000 10014 306.985 235312.0 33.496 2.6637 560.6415 
2440000 10048 303.109 236377.0 33.208 2.6314 531.9482 
2450000 10083 290.378 237577.0 32.975 2.5244 522.3398 
2460000 10116 301.317 238687.0 34.166 2.6137 538.1309 
2470000 10149 301.19 239877.0 34.808 2.6114 523.9322 
2480000 10182 301.515 241046.0 34.97 2.6108 543.3192 
2490000 10221 277.198 242135.0 30.946 2.3967 484.2673 
2500000 10257 270.818 243304.0 30.494 2.3399 460.4042 
2510000 10296 265.89 244475.0 30.986 2.3014 479.5823 
2520000 10329 283.364 245644.0 32.665 2.4559 484.1551 
2530000 10362 285.335 246792.0 32.84 2.4723 527.0719 
2540000 10395 300.874 247886.0 33.894 2.6007 544.8858 
2550000 10428 293.321 249162.0 34.618 2.5376 542.4556 
2560000 10467 276.81 250299.0 32.537 2.3988 519.6599 
2570000 10503 273.538 251549.0 33.013 2.3663 527.6205 
2580000 10539 266.614 252770.0 31.755 2.3088 504.1147 
2590000 10575 276.415 253942.0 33.046 2.3923 497.749 
2600000 10611 272.897 255040.0 30.64 2.3685 434.5671 
2610000 10646 282.614 256182.0 32.859 2.4492 531.1856 
2620000 10680 281.168 257339.0 31.964 2.4361 492.8755 
2630000 10714 292.039 258535.0 34.47 2.5309 563.0388 
2640000 10749 290.519 259602.0 32.316 2.5167 517.2609 
2650000 10785 280.446 260792.0 32.355 2.4316 489.2527 
2660000 10817 290.342 261905.0 33.535 2.5174 517.7387 
2670000 10857 270.571 263018.0 30.561 2.3432 443.1821 
2680000 10891 279.127 264075.0 30.761 2.4217 441.0044 
2690000 10926 283.7 265248.0 32.291 2.4646 471.3014 
2700000 10962 279.791 266390.0 31.908 2.4213 470.6829 
2710000 10999 272.879 267597.0 31.991 2.3573 464.0042 
2720000 11034 276.989 268759.0 32.117 2.3991 527.816 
2730000 11069 285.207 269908.0 33.152 2.4727 526.7121 
2740000 11103 289.518 271071.0 33.556 2.508 516.2791 
2750000 11138 283.128 272330.0 34.413 2.4572 509.0538 
2760000 11175 275.053 273473.0 31.639 2.3895 466.596 
2770000 11211 275.677 274556.0 30.655 2.3949 441.0004 
2780000 11245 284.225 275695.0 32.122 2.4663 482.793 
2790000 11279 288.256 276930.0 34.431 2.4992 512.4115 
2800000 11313 294.184 278083.0 34.246 2.5549 540.1804 
2810000 11349 285.206 279332.0 34.398 2.4756 513.1533 
2820000 11380 301.982 280525.0 36.154 2.623 585.0478 
2830000 11418 276.661 281734.0 33.035 2.4068 541.4515 
2840000 11456 273.094 283011.0 34.195 2.3705 550.6087 
2850000 11490 280.657 284217.0 34.152 2.4319 526.6007 
2860000 11523 293.451 285378.0 35.073 2.5417 574.9451 
2870000 11556 295.145 286575.0 34.42 2.556 529.2138 
2880000 11592 290.949 287747.0 34.219 2.5223 504.6519 
2890000 11625 292.996 288822.0 32.462 2.5399 505.0141 
2900000 11663 280.15 289963.0 31.853 2.4252 497.7499 
2910000 11697 285.787 291196.0 33.559 2.4724 509.0466 
2920000 11730 293.419 292434.0 35.651 2.5414 553.4241 
2930000 11763 294.771 293692.0 35.692 2.559 560.5083 
2940000 11796 296.969 294791.0 35.002 2.5765 528.9192 
2950000 11829 297.385 295940.0 34.713 2.5776 538.1383 
2960000 11862 294.543 297139.0 34.748 2.5493 559.5391 
2970000 11898 278.121 298397.0 33.245 2.4081 509.3586 
2980000 11931 291.716 299532.0 33.881 2.5249 509.5175 
2990000 11967 284.975 300674.0 33.259 2.4689 513.6075 
3000000 12004 276.626 301825.0 31.99 2.4054 466.1818 
3010000 12044 262.346 302990.0 30.489 2.2773 448.9157 
3020000 12078 271.586 304193.0 31.879 2.3577 478.0183 
3030000 12117 263.362 305367.0 30.949 2.2808 485.4953 
3040000 12152 270.124 306605.0 33.418 2.3473 508.2838 
3050000 12189 273.314 307818.0 33.039 2.3675 498.6664 
3060000 12222 284.143 308908.0 32.101 2.4581 493.5488 
3070000 12258 284.869 310157.0 34.396 2.4688 497.198 
3080000 12289 303.139 311402.0 36.774 2.6283 558.179 
3090000 12318 313.757 312473.0 36.064 2.7179 555.862 
3100000 12350 317.0 313625.0 36.452 2.7506 552.2567 
3110000 12392 273.216 314843.0 32.516 2.3692 465.2722 
3120000 12426 279.779 315983.0 32.479 2.4298 478.3315 
3130000 12459 287.666 317235.0 34.338 2.502 494.4808 
3140000 12494 289.791 318412.0 34.968 2.5164 502.331 
3150000 12525 301.328 319551.0 34.967 2.613 522.116 
3160000 12558 296.489 320738.0 34.691 2.5755 545.0057 
3170000 12594 289.223 321849.0 33.282 2.508 521.9318 
3180000 12630 281.842 323112.0 34.036 2.448 514.8399 
3190000 12660 301.05 324200.0 34.4 2.6169 588.125 
3200000 12699 276.224 325296.0 30.569 2.397 479.0898 
3210000 12732 289.115 326448.0 32.869 2.5089 499.444 
3220000 12768 285.644 327563.0 32.267 2.4801 497.7423 
3230000 12803 281.297 328747.0 32.309 2.434 487.6645 
3240000 12837 290.098 329852.0 32.547 2.5079 493.4903 
3250000 12869 301.348 331036.0 34.811 2.6092 534.612 
3260000 12898 321.813 332232.0 37.87 2.7889 577.9541 
3270000 12932 313.843 333364.0 36.243 2.7191 569.0073 
3280000 12966 302.114 334559.0 35.31 2.6185 541.7059 
3290000 13001 292.823 335685.0 33.319 2.5394 501.6908 
3300000 13034 291.704 336815.0 33.357 2.5273 487.0279 
3310000 13069 294.251 337979.0 33.724 2.5491 498.7862 
3320000 13100 311.186 339065.0 34.476 2.695 516.4685 
3330000 13133 309.158 340224.0 35.006 2.6757 524.6482 
3340000 13163 317.081 341384.0 36.533 2.7523 540.0437 
3350000 13193 326.184 342523.0 37.131 2.831 559.3721 
3360000 13228 309.297 343695.0 35.974 2.6879 514.2401 
3370000 13263 296.425 344951.0 35.798 2.5721 537.5597 
3380000 13299 282.881 346089.0 32.922 2.4526 488.8743 
3390000 13335 275.58 347245.0 31.955 2.3892 472.8789 
3400000 13374 265.467 348458.0 31.504 2.2977 486.139 
3410000 13410 268.905 349650.0 31.822 2.3278 501.1595 
3420000 13446 272.588 350712.0 30.586 2.3612 484.3984 
3430000 13485 268.53 351799.0 29.716 2.3288 456.5097 
3440000 13519 282.343 352972.0 32.464 2.4481 554.7192 
3450000 13556 276.177 354175.0 32.679 2.3972 520.5077 
3460000 13593 266.209 355344.0 30.474 2.3052 446.0078 
3470000 13626 287.823 356478.0 32.741 2.4869 479.2293 
3480000 13660 298.056 357582.0 33.88 2.5809 490.4524 
3490000 13693 302.229 358817.0 36.087 2.617 538.4718 
3500000 13729 290.235 359979.0 34.443 2.5154 517.9828 
3510000 13766 276.327 361100.0 31.88 2.3944 448.9824 
3520000 13806 261.481 362124.0 28.03 2.2651 410.6335 
3530000 13848 236.318 363121.0 23.291 2.0504 326.7424 
3540000 13885 257.08 364264.0 28.149 2.2257 398.8592 
3550000 13920 266.094 365501.0 30.963 2.3148 482.1596 
3560000 13956 271.935 366632.0 31.694 2.3605 502.2224 
3570000 13992 273.974 367786.0 31.443 2.3766 490.5261 
3580000 14029 271.487 368973.0 32.075 2.3543 493.2944 
3590000 14064 283.757 370198.0 34.143 2.4617 513.6417 
3600000 14097 285.848 371438.0 34.347 2.4817 519.9375 
3610000 14133 285.036 372629.0 33.649 2.4749 513.9242 
3620000 14172 265.77 373721.0 29.878 2.3062 443.111 
3630000 14209 275.994 374865.0 31.979 2.3941 500.8286 
3640000 14242 287.957 375991.0 33.279 2.4923 507.7521 
3650000 14278 284.812 377169.0 33.128 2.4653 518.9816 
3660000 14314 281.292 378451.0 34.665 2.4365 518.0053 
3670000 14349 281.489 379643.0 33.604 2.4381 503.7937 
3680000 14384 286.591 380942.0 36.311 2.4911 557.0256 
3690000 14420 279.075 382143.0 34.755 2.4212 526.7278 
3700000 14453 291.082 383441.0 37.04 2.5255 611.4159 
3710000 14487 292.055 384637.0 35.826 2.534 574.1369 
3720000 14520 291.284 385855.0 35.057 2.5251 532.2096 
3730000 14553 295.377 387064.0 35.642 2.5626 520.7101 
3740000 14590 286.754 388292.0 35.123 2.4825 496.6289 
3750000 14626 281.364 389451.0 33.45 2.4371 488.6708 
3760000 14660 286.757 390627.0 33.919 2.4904 515.404 
3770000 14699 268.553 391798.0 31.607 2.3299 488.6474 
3780000 14733 273.418 392962.0 31.459 2.3726 506.6972 
3790000 14772 266.491 394012.0 29.233 2.3134 462.0584 
3800000 14805 281.378 395190.0 31.18 2.4459 482.2982 
3810000 14842 278.522 396246.0 30.518 2.4217 445.0622 
3820000 14878 280.021 397327.0 30.301 2.4292 461.6851 
3830000 14916 271.837 398554.0 31.475 2.3565 476.4436 
3840000 14948 290.886 399783.0 34.674 2.5229 527.2127 
3850000 14984 285.893 400882.0 32.866 2.4829 478.5657 
3860000 15015 300.343 402070.0 34.495 2.6078 522.9201 
3870000 15051 290.913 403273.0 34.105 2.5235 531.6257 
3880000 15084 293.983 404536.0 35.172 2.5503 580.6221 
3890000 15120 290.867 405764.0 35.516 2.5173 576.9363 
3900000 15152 302.24 406968.0 36.262 2.6115 590.7543 
3910000 15192 271.154 408190.0 32.814 2.345 525.4541 
3920000 15223 294.623 409352.0 34.864 2.5521 591.019 
3930000 15261 272.287 410551.0 32.121 2.3565 503.6794 
3940000 15301 262.166 411705.0 30.742 2.268 470.8031 
3950000 15333 281.433 412956.0 33.538 2.4358 540.5991 
3960000 15365 297.971 414187.0 36.55 2.5842 588.2135 
3970000 15397 305.258 415443.0 37.898 2.64 611.2142 
3980000 15427 317.541 416615.0 38.664 2.7548 602.9196 
3990000 15459 309.489 417750.0 35.581 2.6838 570.5822 
4000000 15495 292.804 418917.0 34.104 2.5373 532.6537 
4010000 15534 277.817 420079.0 32.331 2.4115 507.737 
4020000 15568 284.139 421327.0 34.681 2.4587 541.2274 
4030000 15601 297.31 422523.0 35.778 2.5747 533.5697 
4040000 15636 288.026 423790.0 35.617 2.4922 544.1703 
4050000 15668 300.218 424986.0 36.476 2.6 548.9802 
4060000 15702 290.384 426161.0 34.278 2.5158 522.2944 
4070000 15733 309.431 427289.0 35.995 2.6821 604.0869 
4080000 15770 290.52 428535.0 35.184 2.5144 563.5503 
4090000 15803 295.699 429610.0 34.09 2.5629 558.1895 
4100000 15836 303.902 430820.0 35.769 2.6318 589.2593 
4110000 15868 308.447 432022.0 36.94 2.6701 581.9155 
4120000 15907 278.308 433252.0 33.767 2.4054 511.6736 
4130000 15945 271.749 434498.0 33.277 2.3468 513.9021 
4140000 15982 269.325 435765.0 33.777 2.3314 516.6397 
4150000 16017 279.511 437031.0 34.953 2.4194 546.9287 
4160000 16050 289.333 438254.0 35.619 2.5093 580.071 
4170000 16083 292.415 439406.0 34.554 2.5332 576.3288 
4180000 16114 309.034 440554.0 36.159 2.6773 574.9453 
4190000 16149 291.475 441860.0 35.522 2.5237 557.4353 
4200000 16184 293.024 443054.0 35.9 2.5382 541.8538 
4210000 16219 291.862 444196.0 34.415 2.5255 559.5854 
4220000 16252 299.943 445318.0 34.354 2.5943 524.4527 
4230000 16289 284.277 446525.0 33.491 2.457 529.0722 
4240000 16323 284.127 447771.0 33.923 2.4582 542.2812 
4250000 16356 291.739 449016.0 35.452 2.519 566.9909 
4260000 16389 297.761 450176.0 35.428 2.5786 551.2923 
4270000 16424 293.255 451418.0 35.974 2.5383 572.1883 
4280000 16458 291.418 452606.0 35.033 2.5238 557.7678 
4290000 16488 299.696 453772.0 35.602 2.597 555.4384 
4300000 16521 299.635 454949.0 35.097 2.6008 575.867 
4310000 16556 301.072 456043.0 34.455 2.6112 565.0965 
4320000 16590 298.54 457181.0 34.011 2.5898 575.5324 
4330000 16621 308.856 458353.0 35.799 2.672 593.8616 
4340000 16656 292.507 459465.0 32.822 2.5706 546.5182 
4350000 16692 289.582 460528.0 32.292 2.534 528.9731 
4360000 16727 280.901 461641.0 31.488 2.4458 505.307 
4370000 16761 282.176 462760.0 31.021 2.4469 511.0874 
4380000 16800 267.284 463827.0 29.32 2.3157 464.6762 
4390000 16833 281.619 464919.0 30.33 2.4412 495.1273 
4400000 16868 289.289 465959.0 31.523 2.5109 504.625 
4410000 16902 285.005 467098.0 30.832 2.4771 487.7215 
4420000 16935 292.158 468218.0 32.1 2.5335 505.8678 
4430000 16972 280.068 469356.0 31.759 2.4362 483.6807 
4440000 17008 281.593 470586.0 33.275 2.442 482.7059 
4450000 17048 260.503 471765.0 30.723 2.2545 442.599 
4460000 17084 269.114 472785.0 30.197 2.3279 441.408 
4470000 17118 284.042 473922.0 31.663 2.4618 472.0988 
4480000 17155 276.849 475097.0 31.83 2.3998 472.0572 
4490000 17184 302.142 476165.0 33.073 2.6184 489.0292 
4500000 17221 291.098 477259.0 32.736 2.5227 489.6189 
4510000 17258 284.64 478366.0 31.856 2.4656 498.258 
4520000 17292 286.595 479477.0 31.629 2.4836 495.7662 
4530000 17325 287.056 480675.0 32.715 2.4891 554.1032 
4540000 17361 284.897 481890.0 33.961 2.474 608.7532 
4550000 17391 303.404 482958.0 34.34 2.6323 582.4472 
4560000 17424 302.65 484087.0 33.464 2.6236 550.0117 
4570000 17461 286.467 485315.0 33.681 2.4829 579.1601 
4580000 17496 283.597 486332.0 30.254 2.4507 493.5102 
4590000 17530 290.209 487566.0 33.884 2.5084 523.7402 
4600000 17568 272.414 488718.0 31.404 2.3612 483.0867 
4610000 17607 259.131 490069.0 32.011 2.2466 465.3714 
4620000 17641 281.484 491207.0 33.895 2.4377 533.2977 
4630000 17676 280.763 492258.0 31.061 2.4346 498.0839 
4640000 17713 276.832 493404.0 31.773 2.403 506.0113 
4650000 17750 273.528 494645.0 32.907 2.3754 503.5034 
4660000 17790 260.468 495915.0 32.273 2.2578 477.2426 
4670000 17826 263.25 497086.0 31.066 2.2809 471.9371 
4680000 17862 269.671 498222.0 31.526 2.3334 461.6205 
4690000 17898 268.373 499385.0 30.796 2.3196 444.5046 
4700000 17935 277.783 500545.0 32.599 2.3989 465.7633 
4710000 17965 304.624 501641.0 34.744 2.6353 496.1933 
4720000 17997 300.368 502855.0 34.73 2.6033 514.3771 
4730000 18035 285.228 503970.0 32.987 2.4696 466.4806 
4740000 18073 275.965 505189.0 32.749 2.3905 473.0186 
4750000 18105 287.492 506267.0 31.898 2.5014 474.1463 
4760000 18141 282.177 507251.0 29.131 2.4549 439.5216 
4770000 18171 303.624 508147.0 29.618 2.6405 444.885 
4780000 18205 302.092 509231.0 31.427 2.6226 458.1944 
4790000 18238 300.779 510391.0 33.257 2.609 512.8779 
4800000 18276 279.641 511600.0 32.019 2.4277 477.6863 
4810000 18317 263.607 512645.0 28.707 2.2833 449.0611 
4820000 18360 242.532 513647.0 25.258 2.1026 368.7263 
4830000 18404 231.176 514532.0 22.286 2.0061 301.7094 
4840000 18446 237.482 515374.0 20.926 2.0605 278.1364 
4850000 18486 243.063 516282.0 21.815 2.1114 309.4417 
4860000 18525 252.74 517256.0 23.715 2.1964 317.0988 
4870000 18562 259.357 518405.0 27.168 2.2481 401.3312 
4880000 18600 257.335 519441.0 26.379 2.235 363.9991 
4890000 18639 259.065 520571.0 28.256 2.2438 413.889 
4900000 18675 267.382 521615.0 28.246 2.3151 456.5921 
4910000 18711 270.462 522742.0 29.829 2.3463 461.2173 
4920000 18748 269.399 524041.0 32.63 2.3385 494.9851 
4930000 18785 269.846 525214.0 32.195 2.3353 474.6559 
4940000 18822 264.071 526481.0 31.997 2.2832 504.431 
4950000 18859 273.463 527656.0 33.082 2.362 538.6029 
4960000 18900 256.027 528851.0 30.576 2.2155 476.0993 
4970000 18939 248.694 530006.0 28.179 2.1564 431.6495 
4980000 18978 257.386 531083.0 29.046 2.2307 437.6833 
4990000 19017 249.508 532291.0 28.182 2.1613 398.2948 
5000000 19056 254.821 533400.0 28.648 2.2096 425.5706 
5010000 19093 266.414 534489.0 29.93 2.3099 441.4437 
5020000 19131 263.681 535555.0 28.574 2.2881 410.6015 
5030000 19163 295.348 536524.0 30.499 2.5606 452.8127 
5040000 19200 276.079 537646.0 29.835 2.3932 439.3454 
5050000 19236 271.686 538755.0 29.563 2.3559 468.3012 
5060000 19275 267.706 539959.0 31.154 2.3207 462.3214 
5070000 19310 278.265 541145.0 32.513 2.413 555.853 
5080000 19350 260.569 542328.0 30.586 2.2588 512.8515 
5090000 19391 252.509 543328.0 27.629 2.1861 424.2744 
5100000 19427 266.078 544361.0 28.323 2.3057 431.2114 
5110000 19465 264.959 545444.0 28.738 2.2972 464.0695 
5120000 19507 254.145 546542.0 28.063 2.2029 426.4526 
5130000 19545 258.113 547684.0 28.804 2.237 433.4608 
5140000 19583 256.868 548675.0 27.114 2.2248 391.8852 
5150000 19620 262.263 549742.0 27.805 2.2705 388.8114 
5160000 19662 248.281 550598.0 23.515 2.1497 347.7754 
5170000 19701 253.148 551376.0 21.296 2.191 302.5128 
5180000 19742 243.258 552173.0 19.708 2.1058 277.5725 
5190000 19784 243.405 552883.0 18.497 2.1069 288.6914 
5200000 19828 237.543 553643.0 17.813 2.0521 302.0913 
5210000 19869 238.097 554385.0 17.604 2.0598 291.2933 
5220000 19911 237.6 555060.0 16.524 2.0526 279.8626 
5230000 19949 251.406 555729.0 17.097 2.1665 283.5391 
5240000 19996 224.635 556538.0 16.907 1.9452 259.8905 
5250000 20040 225.904 557483.0 19.766 1.9548 279.3168 
5260000 20081 233.958 558419.0 21.545 2.0224 304.2769 
5270000 20121 238.618 559283.0 21.246 2.0683 310.5279 
5280000 20162 243.975 560027.0 19.526 2.1056 270.2266 
5290000 20198 257.378 560858.0 21.442 2.2218 355.5972 
5300000 20234 270.97 561759.0 23.753 2.3363 372.8415 
5310000 20277 247.424 562764.0 23.501 2.1375 358.3825 
5320000 20322 233.03 563694.0 21.835 2.0159 331.9779 
5330000 20366 230.479 564506.0 19.93 1.9933 286.7966 
5340000 20411 223.772 565436.0 20.435 1.9358 289.3006 
5350000 20443 263.566 566294.0 23.234 2.2809 331.3863 
5360000 20483 253.872 567233.0 23.508 2.197 334.3228 
5370000 20521 259.978 568250.0 25.251 2.2526 348.2971 
5380000 20560 257.255 569203.0 24.896 2.226 345.5539 
5390000 20605 236.19 570325.0 25.311 2.046 347.464 
5400000 20643 247.79 571277.0 24.375 2.1422 339.1441 
5410000 20680 259.959 572297.0 26.651 2.2502 379.7703 
5420000 20720 251.205 573225.0 24.718 2.1726 347.9927 
5430000 20761 248.405 574222.0 24.07 2.1514 331.8214 
5440000 20799 249.668 575137.0 23.626 2.1613 329.739 
5450000 20841 241.323 576087.0 22.387 2.0935 314.7752 
5460000 20883 237.801 576884.0 20.32 2.0616 275.1782 
5470000 20923 247.445 577746.0 21.207 2.1418 275.9913 
5480000 20961 247.579 578708.0 21.974 2.1467 322.2352 
5490000 21001 254.545 579719.0 24.886 2.2066 350.8789 
5500000 21042 248.123 580767.0 25.156 2.1492 356.8854 
5510000 21079 259.437 581696.0 25.083 2.2469 347.8582 
5520000 21117 259.683 582806.0 26.884 2.2489 372.9281 
5530000 21153 271.137 583841.0 28.117 2.3425 431.7182 
5540000 21190 268.959 584901.0 28.42 2.3262 425.1106 
5550000 21222 287.947 585925.0 29.386 2.4849 434.1663 
5560000 21259 285.169 586898.0 28.891 2.4645 481.122 
5570000 21297 269.712 587914.0 27.58 2.3339 460.8292 
5580000 21335 265.998 588960.0 27.587 2.3037 428.5513 
5590000 21370 277.464 590023.0 29.303 2.4043 446.5334 
5600000 21407 270.228 591076.0 28.768 2.339 444.3477 
5610000 21447 257.714 592138.0 26.969 2.2396 400.1616 
5620000 21484 263.239 593122.0 26.711 2.2834 436.5369 
5630000 21522 261.119 594145.0 26.134 2.2608 399.0151 
5640000 21558 272.121 595072.0 26.754 2.3555 435.1503 
5650000 21596 269.293 596059.0 26.377 2.3347 435.8107 
5660000 21630 278.305 597128.0 28.108 2.4116 435.7607 
5670000 21667 277.968 598100.0 27.652 2.4089 460.9854 
5680000 21699 292.729 598961.0 27.202 2.5304 450.9598 
5690000 21738 273.937 599965.0 26.834 2.3736 532.239 
5700000 21778 257.864 601007.0 25.926 2.237 455.9518 
5710000 21817 251.763 602052.0 25.938 2.1819 422.1424 
5720000 21861 235.593 603058.0 23.858 2.0427 360.9102 
5730000 21904 237.542 604017.0 23.488 2.059 345.7089 
5740000 21944 243.568 604872.0 22.745 2.1084 349.8012 
5750000 21979 268.565 605796.0 24.562 2.3251 395.1582 
5760000 22017 263.18 606762.0 24.553 2.2785 396.3442 
5770000 22056 263.581 607757.0 25.502 2.2813 419.6778 
5780000 22097 254.2 608696.0 24.072 2.1998 368.3643 
5790000 22141 242.68 609516.0 20.996 2.1046 298.6595 
5800000 22183 242.925 610470.0 22.216 2.1001 337.1514 
5810000 22222 252.861 611424.0 23.796 2.1917 364.7838 
5820000 22263 240.008 612477.0 23.355 2.0752 344.6651 
5830000 22300 257.072 613419.0 25.588 2.2266 385.0411 
5840000 22338 263.102 614411.0 26.138 2.2787 380.9408 
5850000 22380 242.517 615340.0 23.264 2.0997 331.2873 
5860000 22424 236.738 616177.0 21.261 2.0515 321.3525 
5870000 22464 240.884 617126.0 22.174 2.0856 340.7524 
5880000 22513 224.24 617922.0 19.566 1.9441 275.1784 
5890000 22556 229.177 618566.0 17.204 1.9865 244.7245 
5900000 22599 232.645 619369.0 18.098 2.0153 238.2552 
5910000 22641 231.574 620142.0 17.532 2.0031 215.8051 
5920000 22683 237.389 620916.0 18.394 2.0572 253.3157 
5930000 22724 238.346 621680.0 18.644 2.0669 265.9509 
5940000 22763 252.56 622660.0 22.207 2.1898 304.632 
5950000 22802 255.584 623635.0 23.888 2.2168 338.8102 
5960000 22844 248.971 624564.0 23.108 2.1648 327.288 
5970000 22882 258.185 625413.0 23.029 2.2411 344.6957 
5980000 22926 236.023 626432.0 22.921 2.0461 318.4916 
5990000 22968 232.159 627425.0 22.868 2.009 328.7594 
6000000 23009 240.166 628391.0 23.561 2.0841 416.9275 
6010000 23052 231.321 629350.0 22.244 2.0086 376.0574 
6020000 23095 236.58 630294.0 23.026 2.0495 353.8545 
6030000 23136 233.827 631251.0 22.314 2.0304 320.2385 
6040000 23181 227.039 632153.0 21.142 1.9705 288.8144 
6050000 23231 210.297 633226.0 21.779 1.8241 276.5284 
6060000 23274 220.822 634153.0 21.292 1.9145 266.0812 
6070000 23312 240.763 635044.0 22.246 2.0874 345.0958 
6080000 23354 232.796 636008.0 21.916 2.0167 321.9193 
6090000 23398 228.476 637035.0 23.124 1.9766 307.9411 
6100000 23441 229.566 638063.0 23.31 1.9881 296.6624 
6110000 23486 226.01 639031.0 22.552 1.9592 319.7267 
6120000 23526 234.721 639965.0 22.363 2.033 297.4883 
6130000 23569 237.701 640907.0 22.505 2.0599 295.9856 
6140000 23606 257.098 641823.0 24.317 2.2265 323.4351 
6150000 23646 252.442 642929.0 25.851 2.1812 391.5909 
6160000 23681 270.822 643799.0 24.951 2.3422 412.101 
6170000 23718 266.541 644713.0 24.623 2.3064 398.9786 
6180000 23758 261.277 645767.0 25.783 2.2602 400.5012 
6190000 23799 249.806 646841.0 25.797 2.1627 383.3562 
6200000 23838 246.647 647816.0 24.353 2.1391 371.8827 
6210000 23880 239.393 648860.0 24.137 2.0727 362.7649 
6220000 23920 251.417 649941.0 27.013 2.181 409.1493 
6230000 23963 239.818 651041.0 26.197 2.0783 378.3228 
6240000 24002 247.435 652086.0 26.674 2.1418 430.3601 
6250000 24042 248.808 653095.0 25.297 2.1556 373.6552 
6260000 24079 264.115 654056.0 26.16 2.2877 383.5849 
6270000 24114 268.064 655046.0 26.264 2.326 398.0127 
6280000 24151 266.462 656102.0 27.542 2.3103 434.8008 
6290000 24190 263.642 657178.0 28.308 2.2794 423.0806 
6300000 24234 238.635 658217.0 24.853 2.0674 363.0344 
6310000 24275 241.398 659137.0 24.441 2.0953 358.3066 
6320000 24321 226.339 660275.0 24.287 1.9645 340.2698 
6330000 24363 233.094 661388.0 26.06 2.0194 374.6061 
6340000 24405 231.019 662382.0 24.141 2.0015 340.8102 
6350000 24451 225.42 663214.0 20.93 1.9557 302.2138 
6360000 24492 236.189 664074.0 21.114 2.0474 307.4025 
6370000 24534 235.136 665158.0 23.745 2.0331 346.7893 
6380000 24567 258.209 666207.0 26.073 2.2342 416.0373 
6390000 24604 272.76 667331.0 29.889 2.3592 489.0906 
6400000 24642 263.16 668486.0 29.416 2.2782 451.8198 
6410000 24680 266.126 669493.0 28.76 2.3046 450.3389 
6420000 24717 260.781 670571.0 27.457 2.2582 412.548 
6430000 24757 255.682 671248.0 22.004 2.2151 366.3725 
6440000 24808 219.583 671943.0 16.926 1.9021 261.5989 
6450000 24858 204.307 672739.0 15.985 1.7763 228.3195 
6460000 24907 205.099 673203.0 11.77 1.7778 180.4684 
6470000 24957 199.691 673732.0 11.203 1.7273 166.9537 
6480000 25007 197.836 674297.0 11.123 1.7122 159.4605 
6490000 25055 200.377 674864.0 11.527 1.7361 159.0187 
6500000 25108 193.482 675350.0 10.019 1.6778 139.6535 
6510000 25151 214.338 675917.0 12.097 1.8568 181.5011 
6520000 25192 230.687 676709.0 15.919 2.0024 230.6248 
6530000 25233 237.762 677496.0 17.573 2.0617 265.2021 
6540000 25278 228.119 678326.0 18.19 1.9783 252.646 
6550000 25322 226.387 679049.0 16.898 1.9597 249.0447 
6560000 25365 228.163 679818.0 17.199 1.9761 258.6873 
6570000 25407 231.402 680578.0 17.677 2.011 251.9436 
6580000 25452 227.575 681257.0 16.481 1.9742 217.8239 
6590000 25490 243.538 682103.0 18.83 2.1101 258.5808 
6600000 25529 251.122 682956.0 20.541 2.1791 301.1172 
6610000 25571 246.525 683803.0 20.692 2.1374 290.7406 
6620000 25609 254.18 684629.0 20.967 2.2007 310.8382 
6630000 25653 238.043 685483.0 20.29 2.0624 293.4363 
6640000 25697 232.248 686074.0 16.488 2.0075 263.6351 
6650000 25743 218.99 686747.0 15.083 1.9018 240.0578 
6660000 25782 243.682 687551.0 18.361 2.1137 302.8489 
6670000 25824 236.439 688368.0 18.46 2.0484 299.8742 
6680000 25870 225.001 689116.0 16.93 1.9509 249.0067 
6690000 25917 219.341 689907.0 17.193 1.9019 243.6924 
6700000 25973 186.693 690611.0 13.472 1.6224 169.6673 
6710000 26024 194.191 691408.0 15.143 1.6875 191.7016 
6720000 26070 202.735 692163.0 15.349 1.7664 238.0847 
6730000 26120 207.177 692904.0 15.637 1.7969 216.2307 
6740000 26170 205.964 693668.0 15.658 1.7864 213.8614 
6750000 26217 213.211 694394.0 15.803 1.8477 203.4785 
6760000 26264 212.369 695227.0 17.149 1.8373 228.4369 
6770000 26314 200.57 695969.0 14.807 1.7372 206.6279 
6780000 26355 224.697 696765.0 17.694 1.9401 265.9144 
6790000 26394 237.602 697600.0 19.398 2.0545 255.841 
