10000 546 17.853 -2547.164 -4.492 0.0128 
20000 1087 18.592 -3774.182 1.316 0.0619 
30000 1621 19.923 -2779.979 3.443 0.0696 
40000 2126 19.312 -962.248 3.413 0.0611 
50000 2647 18.495 1177.57 4.281 0.0687 
60000 3188 18.798 3545.602 4.581 0.0724 
70000 3705 20.003 6117.579 5.622 0.0816 
80000 4186 21.146 9067.27 6.898 0.0838 
90000 4659 20.633 12154.137 6.444 0.0704 
100000 5105 22.012 15434.889 7.36 0.0748 
110000 5524 25.022 18940.846 8.447 0.086 
120000 5918 26.809 22441.835 9.628 0.0916 
130000 6279 28.545 26203.836 11.424 0.0987 
140000 6606 32.003 30036.102 11.841 0.1107 
150000 6915 31.239 34223.093 13.972 0.1069 
160000 7229 31.881 38477.852 13.398 0.1119 
170000 7555 33.97 42710.604 15.954 0.1189 
180000 7863 32.862 47173.78 14.744 0.1123 
190000 8153 35.469 51929.905 16.963 0.1211 
200000 8424 38.397 56596.266 17.357 0.1372 
210000 8728 32.853 61279.355 14.738 0.1304 
220000 9012 35.811 65971.052 16.973 0.1457 
230000 9315 32.412 70857.21 16.003 0.1165 
240000 9612 37.315 75181.671 16.198 0.1511 
250000 9905 35.779 79854.182 16.498 0.1454 
260000 10180 36.465 84625.162 17.547 0.1265 
270000 10461 35.037 89400.025 17.476 0.1323 
280000 10750 35.087 94371.025 17.646 0.125 
290000 11005 39.859 99479.425 20.652 0.1383 
300000 11248 41.745 104817.257 21.574 0.1467 
310000 11518 35.358 109643.571 15.729 0.1256 
320000 11762 38.194 114615.465 18.725 0.137 
330000 12040 34.26 119314.607 15.719 0.1352 
340000 12306 36.537 124124.695 17.699 0.1301 
350000 12561 41.282 129126.645 19.978 0.1467 
360000 12843 36.056 134211.532 18.076 0.1284 
370000 13083 42.48 139357.924 22.808 0.1641 
380000 13353 33.154 144571.649 16.716 0.1343 
390000 13642 36.787 149495.588 18.538 0.1328 
400000 13929 33.118 154576.645 16.463 0.1375 
410000 14228 34.022 159733.062 17.737 0.1229 
420000 14528 32.21 164975.846 16.104 0.1332 
430000 14805 34.748 170081.522 17.593 0.1447 
440000 15109 33.219 175137.421 17.034 0.1377 
450000 15403 33.747 180305.355 18.079 0.1299 
460000 15683 36.667 185409.574 19.156 0.1527 
470000 15968 35.154 191155.789 21.475 0.1469 
480000 16254 32.087 196705.444 17.863 0.1333 
490000 16539 34.038 202222.361 19.243 0.1243 
500000 16816 34.783 207897.611 20.742 0.145 
510000 17105 31.924 213755.372 18.336 0.1332 
520000 17389 35.647 219525.76 20.109 0.1373 
530000 17689 31.592 225452.852 17.686 0.1306 
540000 17985 33.705 231429.354 20.579 0.1217 
550000 18281 32.155 237485.465 19.52 0.118 
560000 18580 35.426 243417.553 20.463 0.1375 
570000 18855 35.309 249847.28 23.315 0.1443 
580000 19144 35.479 255989.488 22.456 0.1286 
590000 19437 33.728 262125.585 19.965 0.1368 
600000 19733 34.348 268225.024 20.452 0.1342 
610000 20009 33.752 274286.475 20.01 0.1322 
620000 20285 38.048 280684.712 25.405 0.1577 
630000 20556 36.238 287448.164 23.618 0.1379 
640000 20824 35.64 294402.362 24.632 0.1439 
650000 21099 35.945 301028.537 23.434 0.1492 
660000 21362 40.434 307532.269 26.166 0.161 
670000 21617 39.984 314789.771 30.597 0.1616 
680000 21887 37.533 321685.585 26.375 0.1573 
690000 22149 38.153 328680.949 25.885 0.1583 
700000 22407 37.789 335733.238 27.528 0.1545 
710000 22655 38.979 342864.004 27.54 0.1438 
720000 22931 38.214 349835.548 27.51 0.1394 
730000 23195 39.442 357183.253 28.669 0.1425 
740000 23470 35.005 364526.911 25.237 0.1266 
750000 23720 42.554 371775.316 31.416 0.1774 
760000 23938 43.523 378664.327 29.485 0.1824 
770000 24157 44.724 386141.858 33.229 0.164 
780000 24404 38.702 393524.031 28.268 0.1615 
790000 24646 40.015 400976.37 30.096 0.1579 
800000 24886 44.959 408536.418 33.911 0.178 
810000 25143 39.158 415680.427 27.376 0.1616 
820000 25393 40.323 422933.697 29.564 0.1696 
830000 25628 42.041 430254.13 30.422 0.167 
840000 25866 41.432 437565.816 31.294 0.1534 
850000 26103 39.459 445106.881 29.446 0.1433 
860000 26353 41.827 452863.329 32.02 0.1534 
870000 26597 42.731 460417.377 32.752 0.1616 
880000 26834 40.033 468068.125 30.177 0.1573 
890000 27080 40.593 476057.182 33.219 0.1559 
900000 27332 40.022 484029.606 32.449 0.1489 
910000 27570 40.413 492043.594 32.093 0.1615 
920000 27806 41.797 500352.447 34.498 0.1625 
930000 28053 37.352 508411.149 29.702 0.156 
940000 28306 39.783 516714.518 33.704 0.168 
950000 28549 40.986 525026.518 33.81 0.1735 
960000 28795 39.753 533601.698 34.394 0.161 
970000 29055 39.035 542231.032 34.231 0.1647 
980000 29315 38.761 550859.848 34.054 0.164 
990000 29571 39.936 559354.941 34.634 0.1688 
1000000 29823 38.627 568339.613 35.204 0.1629 
1010000 30084 38.533 577362.402 34.732 0.1528 
1020000 30336 37.665 586324.826 34.47 0.1583 
1030000 30594 38.796 595241.505 34.203 0.1643 
1040000 30840 39.825 604080.752 36.017 0.168 
1050000 31067 45.38 612740.478 40.245 0.171 
1060000 31307 39.606 621733.958 36.714 0.166 
1070000 31566 38.362 631139.1 36.912 0.1626 
1080000 31809 42.607 640817.458 40.78 0.181 
1090000 32041 41.231 650153.392 37.974 0.1753 
1100000 32278 44.261 659471.141 41.531 0.1766 
1110000 32512 43.158 668881.124 41.08 0.1819 
1120000 32765 39.072 678610.09 38.234 0.1648 
1130000 33010 41.111 688529.742 41.136 0.1725 
1140000 33266 38.947 698487.779 39.149 0.1579 
1150000 33516 38.963 708307.415 37.013 0.1484 
1160000 33765 39.506 717888.563 37.981 0.165 
1170000 34000 43.005 727812.441 42.962 0.1796 
1180000 34248 39.761 737925.968 40.104 0.1656 
1190000 34505 37.334 747930.178 37.193 0.1609 
1200000 34738 45.897 758126.157 46.61 0.187 
1210000 34976 41.215 768760.049 44.227 0.156 
1220000 35218 42.072 779401.314 45.143 0.1812 
1230000 35447 43.917 789879.425 45.308 0.1892 
1240000 35675 42.542 800350.883 44.158 0.1684 
1250000 35908 43.81 810831.664 46.347 0.1836 
1260000 36147 42.584 821316.37 45.5 0.1726 
1270000 36401 38.643 831933.79 41.256 0.147 
1280000 36641 43.064 842536.051 45.955 0.1743 
1290000 36883 42.182 853237.286 45.475 0.1676 
1300000 37114 43.993 863869.885 46.579 0.1736 
1310000 37353 43.107 874906.783 48.152 0.1848 
1320000 37574 45.372 885880.372 50.272 0.1807 
1330000 37797 44.823 897015.993 48.988 0.1741 
1340000 38029 43.059 908185.116 47.569 0.1787 
1350000 38250 46.295 919146.026 50.877 0.1838 
1360000 38455 48.578 929999.896 53.675 0.1885 
1370000 38674 46.02 941296.86 51.359 0.1911 
1380000 38899 42.871 952641.596 49.395 0.1739 
1390000 39139 40.872 964220.445 47.79 0.1638 
1400000 39368 44.497 975863.473 51.636 0.1849 
1410000 39596 42.315 987470.817 49.057 0.1856 
1420000 39841 40.366 999166.411 47.674 0.1717 
1430000 40079 42.332 1011157.407 51.163 0.1866 
1440000 40322 41.037 1023391.946 50.448 0.1727 
1450000 40563 41.315 1035631.728 51.133 0.1758 
1460000 40815 39.437 1047940.495 48.581 0.1731 
1470000 41062 40.557 1060443.785 50.947 0.1763 
1480000 41318 39.174 1073004.755 49.179 0.1743 
1490000 41561 42.168 1085708.548 53.611 0.1869 
1500000 41797 40.956 1098400.51 52.387 0.1831 
1510000 42039 41.663 1111179.149 53.594 0.1853 
1520000 42281 41.755 1123981.455 53.146 0.1871 
1530000 42523 42.272 1136739.532 54.313 0.1872 
1540000 42770 40.025 1149681.686 52.524 0.1751 
1550000 43025 39.784 1162844.514 51.404 0.1782 
1560000 43273 40.172 1176094.031 53.343 0.1816 
1570000 43518 39.816 1189442.979 52.998 0.1721 
1580000 43765 40.04 1202935.81 54.166 0.1809 
1590000 44016 39.524 1216524.187 53.961 0.1795 
1600000 44252 41.884 1230083.275 56.916 0.1823 
1610000 44491 41.546 1243859.841 57.558 0.1835 
1620000 44737 41.074 1257772.938 57.301 0.1873 
1630000 44973 42.285 1271596.232 58.864 0.1915 
1640000 45208 42.418 1285411.357 59.204 0.1944 
1650000 45451 40.723 1299717.2 58.354 0.1876 
1660000 45698 40.443 1314012.191 57.47 0.1871 
1670000 45939 42.005 1328356.306 60.178 0.1848 
1680000 46184 39.854 1342803.32 57.555 0.1737 
1690000 46432 40.888 1357352.965 59.68 0.1874 
1700000 46677 40.772 1371991.004 59.992 0.1875 
1710000 46923 40.373 1386770.368 59.742 0.1866 
1720000 47161 42.291 1401699.52 63.587 0.1833 
1730000 47396 42.014 1416483.981 62.046 0.1942 
1740000 47636 40.872 1431270.155 60.639 0.1911 
1750000 47880 40.785 1446245.022 61.084 0.1895 
1760000 48127 40.291 1461462.876 61.484 0.186 
1770000 48370 42.286 1476759.615 64.95 0.1963 
1780000 48606 42.154 1491946.016 63.528 0.1913 
1790000 48846 42.048 1507232.85 64.022 0.1863 
1800000 49081 42.346 1522577.298 65.719 0.1925 
1810000 49314 42.674 1537864.256 65.669 0.1989 
1820000 49552 41.815 1553489.94 65.979 0.1971 
1830000 49786 42.509 1569058.033 65.952 0.1962 
1840000 50029 41.316 1584739.662 65.336 0.1896 
1850000 50269 42.052 1600849.362 67.429 0.1861 
1860000 50504 42.428 1616780.329 67.301 0.2001 
1870000 50742 42.258 1632652.684 66.635 0.1978 
1880000 50980 42.314 1648686.546 67.445 0.2 
1890000 51216 42.398 1664702.718 67.749 0.2022 
1900000 51452 42.337 1680866.167 69.017 0.2023 
1910000 51693 41.204 1697194.855 67.765 0.1954 
1920000 51930 42.485 1713509.77 69.737 0.2039 
1930000 52168 42.018 1729821.297 68.471 0.1994 
1940000 52405 41.741 1746070.419 67.646 0.1968 
1950000 52638 42.948 1762436.901 70.24 0.187 
1960000 52869 43.556 1778619.874 70.207 0.2013 
1970000 53104 41.808 1794728.952 67.389 0.2 
1980000 53346 41.169 1811106.738 67.324 0.2009 
1990000 53582 42.601 1827522.615 70.36 0.2072 
2000000 53818 42.502 1844272.015 70.656 0.2079 
2010000 54059 41.259 1860981.287 69.313 0.1972 
2020000 54302 41.553 1877403.683 67.91 0.203 
2030000 54545 41.526 1894085.094 69.279 0.2026 
2040000 54788 41.341 1910811.391 68.971 0.1997 
2050000 55032 41.028 1927403.296 68.391 0.2001 
2060000 55273 41.646 1944174.068 69.481 0.2013 
2070000 55515 41.294 1960853.407 68.794 0.2045 
2080000 55763 40.89 1977346.601 67.431 0.1887 
2090000 56006 41.765 1993938.639 69.827 0.1968 
2100000 56240 42.841 2010383.669 71.601 0.203 
2110000 56477 41.531 2027044.89 69.258 0.1922 
2120000 56716 42.023 2043546.929 68.802 0.1995 
2130000 56956 41.95 2059967.299 68.084 0.2044 
2140000 57198 40.972 2076414.096 68.386 0.2012 
2150000 57444 40.173 2093093.692 67.467 0.1958 
2160000 57689 40.953 2109844.995 68.137 0.207 
2170000 57930 42.517 2126581.84 70.991 0.2114 
2180000 58168 42.159 2143207.147 70.694 0.2107 
2190000 58409 40.499 2159954.89 67.792 0.2026 
2200000 58656 40.028 2176700.53 67.172 0.1984 
2210000 58898 41.029 2193428.314 68.465 0.1971 
2220000 59141 42.301 2210330.557 71.194 0.206 
2230000 59381 41.39 2227159.687 69.969 0.2017 
2240000 59622 41.763 2243950.42 70.424 0.2077 
2250000 59860 41.943 2260532.769 69.873 0.2051 
2260000 60103 41.366 2277334.727 69.636 0.1992 
2270000 60338 42.605 2294199.007 72.292 0.2149 
2280000 60575 43.174 2311213.607 72.884 0.2048 
2290000 60816 41.176 2327983.686 69.135 0.2023 
2300000 61059 40.538 2344763.829 68.266 0.2004 
2310000 61299 42.024 2361644.466 71.269 0.2101 
2320000 61534 42.842 2378395.834 71.265 0.2122 
2330000 61770 42.294 2395234.277 71.04 0.2103 
2340000 62013 41.006 2412153.975 69.179 0.198 
2350000 62254 41.489 2429033.927 70.161 0.2087 
2360000 62491 40.818 2445655.454 67.131 0.1917 
2370000 62736 40.43 2462373.424 68.053 0.2017 
2380000 62974 42.492 2479048.313 69.559 0.2067 
2390000 63212 42.236 2495419.229 68.897 0.2029 
2400000 63449 42.455 2511907.312 69.755 0.2123 
2410000 63679 43.028 2528260.977 70.34 0.211 
2420000 63912 42.876 2544746.938 70.773 0.2125 
2430000 64152 40.973 2561519.855 68.87 0.1958 
2440000 64384 43.78 2578131.357 72.508 0.216 
2450000 64625 40.711 2594870.21 67.729 0.202 
2460000 64870 41.526 2611284.996 67.501 0.2064 
2470000 65115 41.307 2627649.134 67.333 0.207 
2480000 65362 40.264 2643993.715 65.662 0.1907 
2490000 65607 41.329 2660206.285 66.643 0.1882 
2500000 65844 42.101 2676528.134 69.0 0.1967 
2510000 66091 39.547 2692785.806 62.653 0.1949 
2520000 66328 42.856 2708818.011 68.585 0.2108 
2530000 66573 39.883 2725125.259 65.625 0.1826 
2540000 66819 41.207 2741460.511 67.255 0.1908 
2550000 67065 39.834 2757830.338 65.329 0.1956 
2560000 67307 41.644 2774051.316 68.228 0.2028 
2570000 67546 43.277 2790151.311 70.153 0.2121 
2580000 67778 43.966 2806484.694 72.721 0.2152 
2590000 68010 46.648 2823094.031 79.378 0.2261 
2600000 68226 46.771 2839973.321 78.972 0.2269 
2610000 68436 47.05 2856594.698 77.729 0.2175 
2620000 68636 49.321 2873121.23 82.149 0.2356 
2630000 68840 48.232 2889578.249 79.644 0.2196 
2640000 69056 47.205 2906209.623 79.037 0.225 
2650000 69266 48.028 2922953.129 80.295 0.2329 
2660000 69472 47.412 2939501.554 78.514 0.2267 
2670000 69689 45.051 2955733.522 72.928 0.2152 
2680000 69885 51.453 2972337.748 85.784 0.2498 
2690000 70084 50.566 2989101.515 85.27 0.2501 
2700000 70298 49.507 3005385.828 81.86 0.2266 
2710000 70480 57.105 3022057.631 95.342 0.2787 
2720000 70652 56.68 3038778.938 93.901 0.2694 
2730000 70840 54.161 3055354.363 90.657 0.2648 
2740000 71023 52.166 3072324.924 87.997 0.2467 
2750000 71226 47.382 3088814.158 78.335 0.229 
2760000 71425 53.423 3105493.888 89.17 0.2599 
2770000 71615 52.868 3122427.888 89.611 0.2602 
2780000 71797 56.579 3139383.019 96.204 0.2767 
2790000 71985 51.576 3156114.929 85.972 0.2551 
2800000 72171 53.165 3172993.965 90.516 0.2606 
2810000 72355 53.844 3189914.488 91.144 0.2478 
2820000 72547 53.258 3207001.027 91.443 0.2601 
2830000 72750 48.964 3223768.525 82.144 0.2432 
2840000 72946 52.431 3240301.236 86.312 0.2444 
2850000 73126 53.78 3257217.561 91.191 0.2421 
2860000 73307 55.682 3274265.3 95.659 0.2657 
2870000 73501 52.136 3291402.696 88.951 0.253 
2880000 73688 53.018 3308350.897 88.603 0.2584 
2890000 73873 54.895 3324844.393 89.676 0.2617 
2900000 74058 54.009 3341798.118 92.16 0.2604 
2910000 74251 49.328 3358914.244 84.552 0.2403 
2920000 74454 47.228 3375625.793 77.91 0.2296 
2930000 74664 49.785 3392336.842 83.94 0.2423 
2940000 74840 57.698 3409369.09 98.414 0.2756 
2950000 75024 54.027 3426200.542 90.59 0.2637 
2960000 75205 56.432 3442855.542 94.948 0.2718 
2970000 75386 50.992 3460003.864 87.045 0.2346 
2980000 75591 51.765 3476865.888 88.295 0.2463 
2990000 75774 55.228 3494319.002 96.916 0.2677 
3000000 75967 52.016 3511226.059 88.047 0.2406 
3010000 76154 51.901 3527930.443 85.748 0.2436 
3020000 76334 55.251 3544818.722 92.75 0.2634 
3030000 76532 50.93 3561547.863 85.769 0.2372 
3040000 76738 48.26 3578276.474 80.81 0.2291 
3050000 76935 53.909 3594973.593 91.299 0.2574 
3060000 77109 57.846 3611622.041 95.816 0.2767 
3070000 77294 52.119 3628187.669 85.303 0.2496 
3080000 77482 53.44 3645024.423 90.515 0.2605 
3090000 77666 54.056 3662049.083 92.219 0.2527 
3100000 77853 53.119 3679067.116 90.581 0.2581 
3110000 78042 54.793 3696335.183 96.412 0.2599 
3120000 78221 56.603 3714113.561 99.836 0.2714 
3130000 78421 47.919 3731188.211 80.779 0.2215 
3140000 78622 46.344 3747558.556 75.203 0.2156 
3150000 78824 48.538 3764372.197 80.876 0.2304 
3160000 79047 45.056 3780582.956 73.669 0.2162 
3170000 79233 54.942 3797614.9 95.048 0.2631 
3180000 79404 61.488 3814750.784 106.054 0.2951 
3190000 79560 65.216 3832068.393 112.556 0.2919 
3200000 79720 61.564 3849504.252 108.038 0.2929 
3210000 79908 47.194 3866334.521 77.41 0.225 
3220000 80077 64.945 3883680.254 115.596 0.3058 
3230000 80224 63.134 3901338.291 109.615 0.3021 
3240000 80401 54.094 3918120.654 90.353 0.2571 
3250000 80581 55.41 3935314.837 95.849 0.2629 
3260000 80737 62.724 3952958.354 109.993 0.2973 
3270000 80876 66.989 3970463.257 116.387 0.3213 
3280000 81028 64.81 3987456.248 110.302 0.3092 
3290000 81215 52.389 4003947.07 85.348 0.2457 
3300000 81382 58.113 4020747.864 97.542 0.2756 
3310000 81562 56.716 4037141.784 94.337 0.2657 
3320000 81740 55.947 4053955.641 94.031 0.2614 
3330000 81922 59.406 4070713.034 100.333 0.2839 
3340000 82070 68.568 4087926.4 118.247 0.326 
3350000 82218 68.832 4105184.829 118.556 0.3331 
3360000 82374 63.759 4122238.115 107.916 0.3072 
3370000 82519 69.205 4139183.261 116.429 0.3347 
3380000 82683 57.751 4155856.315 96.251 0.277 
3390000 82862 54.843 4172613.072 90.785 0.2625 
3400000 83060 54.133 4188748.014 88.791 0.2556 
3410000 83226 56.695 4204831.025 90.882 0.258 
3420000 83414 51.702 4221052.957 84.587 0.2417 
3430000 83594 58.13 4237621.501 97.027 0.2732 
3440000 83758 61.729 4254446.716 102.143 0.2925 
3450000 83933 57.86 4270883.807 96.174 0.2703 
3460000 84107 58.773 4287257.902 96.119 0.2791 
3470000 84287 54.003 4303551.871 87.224 0.2557 
3480000 84461 56.458 4319896.316 92.439 0.2695 
3490000 84631 54.497 4336312.729 88.932 0.2554 
3500000 84800 57.883 4353425.496 99.563 0.2532 
3510000 84972 57.517 4370257.378 95.332 0.2737 
3520000 85144 57.313 4386990.205 95.048 0.2563 
3530000 85300 67.194 4404152.611 114.645 0.3183 
3540000 85472 56.516 4420617.068 93.319 0.2687 
3550000 85644 56.352 4437131.391 91.095 0.26 
3560000 85790 68.543 4454037.747 116.044 0.3172 
3570000 85963 53.15 4470719.064 88.202 0.2482 
3580000 86150 50.838 4487506.638 84.953 0.2425 
3590000 86333 63.503 4504074.347 106.365 0.3058 
3600000 86473 66.251 4520659.264 108.731 0.3179 
3610000 86636 60.854 4537467.172 102.827 0.2839 
3620000 86802 59.694 4554047.507 99.264 0.283 
3630000 86955 64.175 4570880.627 108.962 0.309 
3640000 87117 61.541 4587902.142 104.942 0.2931 
3650000 87281 59.478 4605278.253 102.961 0.2873 
3660000 87466 53.113 4621982.926 88.418 0.2473 
3670000 87649 54.359 4638936.938 92.505 0.247 
3680000 87836 54.234 4655865.767 91.273 0.2519 
3690000 88019 55.709 4672855.46 94.039 0.2612 
3700000 88210 48.957 4689226.933 79.659 0.2268 
3710000 88388 55.017 4705845.067 92.159 0.253 
3720000 88549 64.979 4722844.812 111.034 0.3096 
3730000 88727 57.039 4739407.925 93.94 0.2691 
3740000 88866 69.168 4756307.019 117.009 0.3208 
3750000 89031 56.269 4772531.207 89.867 0.2632 
3760000 89200 61.12 4788388.002 96.878 0.2809 
3770000 89368 57.587 4804673.245 94.463 0.2627 
3780000 89549 52.479 4821215.873 86.988 0.2331 
3790000 89743 51.415 4837507.171 83.918 0.2449 
3800000 89934 51.944 4853862.555 85.3 0.2432 
3810000 90112 57.648 4870684.475 97.756 0.2707 
3820000 90274 62.484 4887564.333 106.135 0.2954 
3830000 90444 61.22 4904638.718 104.461 0.294 
3840000 90602 59.323 4921990.186 101.715 0.282 
3850000 90774 59.082 4939153.922 101.847 0.2777 
3860000 90938 59.161 4956187.329 99.289 0.2789 
3870000 91102 58.952 4973404.897 101.278 0.2645 
3880000 91274 56.697 4990201.436 95.178 0.2621 
3890000 91457 57.095 5006574.125 94.894 0.2603 
3900000 91607 68.556 5023422.566 115.448 0.3156 
3910000 91758 63.285 5040381.326 106.543 0.2954 
3920000 91928 59.567 5057027.497 98.605 0.2799 
3930000 92103 57.75 5073532.388 94.519 0.271 
3940000 92264 60.881 5089982.541 100.246 0.2882 
3950000 92436 55.725 5106625.293 91.57 0.259 
3960000 92604 60.586 5123249.92 99.918 0.2906 
3970000 92762 62.893 5139798.593 104.523 0.2914 
3980000 92921 60.438 5157000.024 102.789 0.2845 
3990000 93065 79.671 5173855.662 134.634 0.3761 
4000000 93219 64.803 5190744.169 109.448 0.2976 
4010000 93407 52.992 5207289.698 88.265 0.2488 
4020000 93587 54.867 5223975.746 91.783 0.2594 
4030000 93763 58.034 5240756.944 97.206 0.2671 
4040000 93943 56.267 5257367.749 94.627 0.265 
4050000 94110 60.357 5274144.509 101.317 0.2747 
4060000 94286 55.597 5290708.598 91.561 0.2571 
4070000 94448 62.174 5307407.733 103.531 0.2924 
4080000 94630 52.295 5323961.59 85.841 0.241 
4090000 94813 54.598 5340720.847 91.935 0.2559 
4100000 94989 56.222 5357371.701 93.267 0.2592 
4110000 95157 62.891 5373317.647 101.018 0.2949 
4120000 95325 59.689 5389482.823 96.355 0.2743 
4130000 95501 56.744 5405646.574 89.909 0.2591 
4140000 95673 59.994 5422185.023 100.144 0.2718 
4150000 95867 52.915 5438343.184 86.061 0.2497 
4160000 96036 58.507 5454685.539 94.203 0.2723 
4170000 96209 59.411 5471127.5 99.424 0.2758 
4180000 96381 56.723 5487832.687 94.207 0.2661 
4190000 96555 56.084 5504040.211 89.72 0.2648 
4200000 96756 49.918 5520181.791 81.152 0.231 
4210000 96949 53.497 5536728.253 88.434 0.2489 
4220000 97147 52.015 5553140.315 85.685 0.245 
4230000 97345 50.441 5569410.936 82.183 0.2256 
4240000 97571 43.389 5585506.467 69.571 0.1946 
4250000 97762 55.913 5601778.184 91.467 0.2444 
4260000 97928 58.324 5617909.017 94.499 0.2682 
4270000 98098 58.916 5634657.246 99.412 0.274 
4280000 98268 59.751 5651677.382 101.302 0.2693 
4290000 98442 55.919 5668363.807 93.055 0.2618 
4300000 98610 59.124 5685112.262 98.476 0.2654 
4310000 98774 61.272 5701966.224 103.395 0.2757 
4320000 98921 67.532 5719154.992 115.677 0.2883 
4330000 99084 61.57 5735856.149 103.424 0.2892 
4340000 99243 62.45 5752978.452 107.439 0.2837 
4350000 99421 55.208 5769922.761 92.958 0.2513 
4360000 99601 59.543 5786345.298 97.658 0.2742 
4370000 99782 55.332 5802673.746 90.21 0.2537 
4380000 99949 60.249 5819505.623 101.079 0.285 
4390000 100120 58.329 5836161.046 97.105 0.2752 
4400000 100289 55.82 5852973.758 92.898 0.2651 
4410000 100477 53.333 5869595.368 90.126 0.2543 
4420000 100658 55.097 5886064.066 90.512 0.2608 
4430000 100844 55.31 5902898.175 93.882 0.2606 
4440000 101022 53.893 5919457.931 88.004 0.2552 
4450000 101175 69.257 5936572.478 119.183 0.3266 
4460000 101335 58.523 5953275.819 97.276 0.2713 
4470000 101512 54.11 5970094.476 89.918 0.2547 
4480000 101698 53.773 5986736.889 89.481 0.2551 
4490000 101888 53.68 6003373.423 90.231 0.2469 
4500000 102067 55.156 6019894.942 91.736 0.2614 
4510000 102241 59.265 6036729.934 100.235 0.2816 
4520000 102424 53.772 6053567.435 91.184 0.2557 
4530000 102603 55.382 6070992.797 96.114 0.2626 
4540000 102790 52.754 6087707.771 87.261 0.2466 
4550000 102976 53.849 6104319.749 89.047 0.2563 
4560000 103164 51.048 6121217.037 86.074 0.2448 
4570000 103358 54.39 6137852.278 90.514 0.2614 
4580000 103534 56.394 6154366.505 94.26 0.2674 
4590000 103716 55.107 6171336.579 93.546 0.2546 
4600000 103901 53.211 6187753.466 86.09 0.2517 
4610000 104099 50.075 6204022.59 81.887 0.2408 
4620000 104314 46.191 6220144.167 74.503 0.2196 
4630000 104510 51.618 6236893.96 86.839 0.2441 
4640000 104702 53.317 6253586.192 89.061 0.2466 
4650000 104901 50.199 6269530.117 79.938 0.2391 
4660000 105078 60.311 6286458.268 103.406 0.2882 
4670000 105251 56.864 6303472.178 96.081 0.267 
4680000 105426 56.839 6320234.204 94.93 0.2688 
4690000 105612 54.263 6336971.268 90.824 0.2573 
4700000 105801 52.974 6353420.716 86.298 0.252 
4710000 105991 55.994 6370256.525 95.252 0.2654 
4720000 106138 62.611 6386845.2 102.172 0.3027 
4730000 106344 48.963 6402752.266 78.679 0.235 
4740000 106551 50.688 6418829.012 83.002 0.2409 
4750000 106730 57.643 6435471.749 96.294 0.2755 
4760000 106907 56.214 6452470.192 95.638 0.2648 
4770000 107088 54.835 6469432.633 92.392 0.2594 
4780000 107262 55.844 6486411.992 93.392 0.2654 
4790000 107452 52.353 6503014.337 86.799 0.2499 
4800000 107648 53.543 6519539.266 87.838 0.2579 
4810000 107855 49.316 6535473.679 78.903 0.2351 
4820000 108051 51.179 6551583.749 82.274 0.2446 
4830000 108229 57.189 6568038.43 94.335 0.2735 
4840000 108402 58.321 6584512.212 95.748 0.2797 
4850000 108576 59.082 6601108.995 98.533 0.2845 
4860000 108746 59.797 6617804.604 99.884 0.2823 
4870000 108910 58.13 6634302.074 96.098 0.2625 
4880000 109093 52.463 6650657.322 84.161 0.2385 
4890000 109274 56.238 6666575.333 88.384 0.2692 
4900000 109447 57.137 6682757.401 93.04 0.2713 
4910000 109627 54.405 6699375.907 89.988 0.2534 
4920000 109811 56.53 6716114.591 95.039 0.2655 
4930000 110001 53.623 6732394.211 87.914 0.2568 
4940000 110190 53.202 6748809.958 87.466 0.2391 
4950000 110362 58.385 6765127.991 96.493 0.2772 
4960000 110518 63.251 6782043.129 107.164 0.3039 
4970000 110680 62.319 6799028.934 105.531 0.292 
4980000 110850 57.213 6815516.044 94.321 0.2624 
4990000 111027 58.564 6831784.533 94.007 0.2777 
5000000 111207 53.078 6848300.556 87.285 0.2541 
