10000 219 40.525 2491.0 9.078 0.1553 
20000 456 35.114 5045.0 8.4 0.309 
30000 699 38.708 7472.0 9.176 0.3392 
40000 939 44.622 9900.0 10.339 0.3918 
50000 1161 48.129 12493.0 12.595 0.4218 
60000 1378 40.839 15053.0 10.527 0.3582 
70000 1609 49.333 17580.0 11.62 0.433 
80000 1847 44.854 20063.0 12.614 0.3923 
90000 2078 51.197 22586.0 13.763 0.4488 
100000 2308 41.564 25022.0 9.015 0.3655 
110000 2522 54.973 27591.0 14.842 0.4827 
120000 2744 42.34 30195.0 12.057 0.3716 
130000 2972 45.572 32746.0 11.715 0.3977 
140000 3194 40.725 35374.0 10.213 0.3566 
150000 3415 46.617 38017.0 13.49 0.4093 
160000 3644 46.049 40609.0 11.383 0.4034 
170000 3858 41.478 43167.0 10.408 0.3645 
180000 4072 49.178 45724.0 13.613 0.4312 
190000 4298 38.587 48264.0 8.508 0.3395 
200000 4522 43.606 50957.0 12.768 0.3827 
210000 4742 47.198 53555.0 12.488 0.4127 
220000 4952 42.461 56290.0 13.184 0.371 
230000 5168 58.832 58832.0 17.021 0.5136 
240000 5391 41.711 61458.0 10.147 0.3657 
250000 5606 47.933 63990.0 12.476 0.4216 
260000 5829 47.056 66521.0 10.297 0.4129 
270000 6047 48.947 69030.0 11.379 0.4306 
280000 6261 39.522 71598.0 10.359 0.3488 
290000 6478 46.038 74175.0 13.28 0.4036 
300000 6701 45.776 76786.0 12.87 0.4022 
310000 6912 41.056 79446.0 9.148 0.3613 
320000 7126 47.789 82145.0 13.264 0.4196 
330000 7341 47.286 84853.0 13.714 0.4155 
340000 7547 42.827 87456.0 9.95 0.3758 
350000 7755 49.789 90075.0 12.327 0.4376 
360000 7963 46.485 92669.0 11.314 0.4093 
370000 8177 44.794 95261.0 12.903 0.3934 
380000 8378 48.754 97899.0 12.76 0.4292 
390000 8602 54.816 100509.0 18.299 0.4819 
400000 8806 44.068 103168.0 10.003 0.3876 
410000 9003 51.999 105774.0 13.388 0.456 
420000 9210 46.782 108442.0 12.065 0.409 
430000 9419 46.733 111028.0 10.235 0.4086 
440000 9626 49.872 113574.0 12.865 0.4353 
450000 9828 44.79 116054.0 12.767 0.3925 
460000 10028 52.923 118464.0 14.825 0.4644 
470000 10224 54.155 120925.0 12.524 0.4763 
480000 10430 57.192 123505.0 17.519 0.5014 
490000 10627 47.055 126185.0 13.036 0.4118 
500000 10837 53.079 128781.0 14.91 0.4655 
510000 11035 50.408 131373.0 14.098 0.442 
520000 11236 42.518 133936.0 11.553 0.3735 
530000 11432 47.001 136600.0 12.454 0.4133 
540000 11628 59.264 139309.0 16.046 0.5207 
550000 11824 60.51 141944.0 17.806 0.5322 
560000 12033 47.024 144505.0 10.768 0.4117 
570000 12233 51.211 146993.0 12.693 0.4476 
580000 12421 50.08 149533.0 13.399 0.4404 
590000 12625 55.42 152214.0 15.395 0.4871 
600000 12834 44.588 154723.0 9.526 0.3933 
610000 13024 49.653 157362.0 14.109 0.4375 
620000 13206 50.496 160215.0 14.113 0.4451 
630000 13403 43.775 162823.0 10.899 0.3832 
640000 13601 50.743 165433.0 13.31 0.4446 
650000 13794 47.176 168126.0 13.443 0.4151 
660000 13998 48.398 170833.0 13.524 0.4254 
670000 14193 49.311 173653.0 14.287 0.4344 
680000 14393 47.523 176537.0 13.164 0.4184 
690000 14581 61.271 179251.0 16.477 0.5366 
700000 14779 52.668 182086.0 14.451 0.461 
710000 14981 45.741 184730.0 11.269 0.402 
720000 15179 46.223 187452.0 11.541 0.4074 
730000 15387 49.826 190145.0 12.342 0.4393 
740000 15581 56.7 192841.0 16.105 0.4984 
750000 15776 52.49 195633.0 14.406 0.4623 
760000 15969 49.205 198241.0 12.934 0.4313 
770000 16177 50.083 200957.0 11.627 0.4388 
780000 16368 51.375 203767.0 11.279 0.4523 
790000 16554 51.176 206459.0 12.215 0.448 
800000 16752 37.896 209264.0 9.894 0.333 
810000 16931 51.661 212279.0 15.39 0.454 
820000 17123 58.101 215089.0 14.996 0.5099 
830000 17319 47.795 217821.0 11.289 0.4206 
840000 17512 48.454 220519.0 13.339 0.426 
850000 17697 50.494 223336.0 14.858 0.4427 
860000 17875 59.787 226245.0 17.098 0.5248 
870000 18056 55.911 229115.0 15.306 0.491 
880000 18238 60.101 232101.0 19.893 0.5276 
890000 18423 46.653 234922.0 13.119 0.4099 
900000 18615 62.416 237876.0 18.68 0.5535 
910000 18806 53.929 240813.0 16.728 0.4719 
920000 18981 53.306 243704.0 13.428 0.4697 
930000 19169 47.605 246455.0 11.654 0.4201 
940000 19347 50.871 249207.0 15.024 0.4491 
950000 19537 50.903 251947.0 13.814 0.446 
960000 19723 58.813 254484.0 14.451 0.5156 
970000 19918 40.007 257091.0 10.095 0.35 
980000 20108 48.115 259728.0 12.254 0.4217 
990000 20306 50.475 262210.0 11.27 0.4401 
1000000 20506 46.042 264532.0 12.065 0.4033 
1010000 20718 49.539 266980.0 14.305 0.4332 
