10000 86 114.574 1226.593 14.231 0.0679 
20000 173 102.619 2453.595 12.344 0.1629 
30000 258 115.635 3678.321 14.329 0.1877 
40000 341 122.486 4927.598 15.344 0.1991 
50000 429 128.478 6163.419 16.342 0.2082 
60000 516 115.193 7390.987 14.088 0.1869 
70000 603 107.39 8628.805 13.295 0.1756 
80000 693 107.505 9859.773 13.317 0.1744 
90000 772 110.984 11107.255 13.461 0.1798 
100000 865 103.612 12322.83 12.235 0.168 
110000 951 110.474 13570.765 13.447 0.1805 
120000 1041 111.702 14797.472 13.647 0.1826 
130000 1132 107.222 16018.125 13.214 0.175 
140000 1219 121.438 17255.855 15.182 0.1974 
150000 1305 105.507 18491.941 13.104 0.1724 
160000 1393 116.274 19719.509 14.438 0.1888 
170000 1489 112.747 20931.168 13.758 0.1834 
180000 1578 96.892 22167.188 11.671 0.1578 
190000 1665 105.179 23407.757 13.128 0.1718 
200000 1753 108.754 24610.489 12.977 0.1773 
210000 1841 107.569 25833.842 13.225 0.1754 
220000 1928 117.746 27059.006 14.632 0.1909 
230000 2024 108.362 28258.384 13.093 0.1784 
240000 2115 100.417 29472.544 12.168 0.1643 
250000 2201 118.638 30703.7 14.641 0.1945 
260000 2291 104.607 31921.987 12.741 0.1719 
270000 2382 117.354 33143.034 14.646 0.1922 
280000 2467 104.625 34373.363 12.549 0.1706 
290000 2552 113.484 35612.077 13.798 0.1864 
300000 2642 116.931 36835.582 14.149 0.1915 
310000 2733 109.07 38059.383 13.575 0.1792 
320000 2818 112.231 39281.891 13.619 0.1846 
330000 2905 112.702 40518.103 13.997 0.1838 
340000 2993 116.888 41748.381 14.477 0.1912 
350000 3079 113.306 42964.763 14.001 0.1861 
360000 3162 126.045 44200.455 15.814 0.2064 
370000 3249 103.872 45417.629 12.199 0.17 
380000 3334 111.79 46645.429 13.483 0.1836 
390000 3422 105.101 47849.881 12.523 0.1734 
400000 3504 118.324 49081.507 14.433 0.194 
410000 3591 116.257 50312.209 14.385 0.1879 
420000 3675 117.455 51547.833 14.751 0.1915 
430000 3764 126.444 52761.91 15.986 0.206 
440000 3852 114.071 53957.007 14.025 0.1852 
450000 3940 105.237 55172.702 12.798 0.1718 
460000 4027 117.879 56386.322 14.246 0.1937 
470000 4114 115.806 57618.581 14.609 0.1891 
480000 4198 122.431 58846.938 15.395 0.2007 
490000 4283 124.853 60066.157 15.029 0.2055 
500000 4366 112.805 61289.114 13.686 0.1859 
510000 4452 114.751 62508.612 13.881 0.1889 
520000 4537 122.762 63748.606 15.45 0.2014 
530000 4625 116.208 64976.396 14.295 0.1903 
540000 4714 114.739 66176.004 13.623 0.1884 
550000 4802 107.949 67381.551 13.174 0.1768 
560000 4891 117.227 68601.057 14.151 0.1922 
570000 4978 112.675 69810.817 13.389 0.1846 
580000 5064 117.87 71041.37 14.75 0.1911 
590000 5156 116.627 72252.918 14.407 0.1906 
600000 5242 116.888 73472.791 14.445 0.1902 
610000 5334 118.285 74680.134 14.103 0.1933 
620000 5420 107.05 75897.423 12.905 0.1733 
630000 5509 104.255 77120.542 12.509 0.1696 
640000 5588 115.901 78342.098 13.751 0.1885 
650000 5671 116.78 79574.69 13.929 0.1899 
660000 5758 123.6 80796.042 15.042 0.2022 
670000 5846 117.285 82027.107 14.523 0.1911 
680000 5928 131.358 83245.987 16.298 0.2148 
690000 6019 126.935 84441.755 15.761 0.2089 
700000 6101 132.787 85652.648 16.319 0.2189 
710000 6190 108.564 86860.427 12.981 0.1786 
720000 6275 129.572 88078.679 16.21 0.2127 
730000 6364 93.392 89278.392 11.006 0.1528 
740000 6463 104.159 90454.595 12.166 0.1708 
750000 6552 112.707 91660.151 13.47 0.1859 
760000 6639 121.39 92860.167 14.773 0.2 
770000 6726 131.702 94077.984 16.348 0.2167 
780000 6811 121.375 95296.626 14.96 0.1995 
790000 6900 123.076 96493.549 14.421 0.2021 
800000 6993 109.789 97685.57 13.088 0.1792 
810000 7084 108.695 98882.637 13.188 0.1787 
820000 7174 114.974 100089.828 13.607 0.1903 
830000 7256 118.888 101292.304 13.808 0.1963 
840000 7348 113.762 102481.303 13.377 0.1871 
850000 7439 103.223 103683.046 12.603 0.17 
860000 7520 112.67 104911.563 13.602 0.1848 
870000 7614 105.165 106116.922 12.44 0.1717 
880000 7704 103.618 107326.715 12.256 0.17 
890000 7787 127.803 108537.67 15.771 0.21 
900000 7881 101.539 109735.274 12.237 0.1674 
910000 7976 117.728 110930.302 14.236 0.1935 
920000 8058 117.298 112144.815 14.356 0.1919 
930000 8151 107.408 113321.013 12.495 0.1777 
940000 8239 118.233 114519.615 14.499 0.1945 
950000 8327 103.089 115748.353 12.187 0.1695 
960000 8416 109.629 116950.553 13.073 0.181 
970000 8497 115.227 118172.555 13.922 0.1902 
980000 8588 109.574 119366.112 13.15 0.1792 
990000 8673 121.308 120575.496 14.896 0.1999 
1000000 8762 107.648 121763.723 12.517 0.1773 
1010000 8846 126.636 122976.929 15.248 0.209 
1020000 8937 105.868 124183.343 12.831 0.1736 
1030000 9020 103.525 125391.06 12.02 0.1709 
1040000 9102 125.84 126602.424 15.231 0.2068 
1050000 9187 110.363 127812.228 13.482 0.1812 
1060000 9273 111.06 129012.095 13.162 0.1833 
1070000 9358 120.795 130223.596 14.514 0.1989 
1080000 9447 105.26 131435.727 12.546 0.1731 
1090000 9542 105.448 132603.274 12.357 0.1739 
1100000 9628 116.287 133792.808 13.772 0.1924 
1110000 9705 136.938 135000.782 16.642 0.225 
1120000 9794 112.251 136205.512 13.724 0.184 
1130000 9881 112.966 137394.174 13.407 0.1859 
1140000 9969 106.487 138601.285 12.905 0.1751 
1150000 10053 111.733 139817.83 13.747 0.1839 
1160000 10141 99.647 141024.975 11.566 0.1634 
1170000 10231 112.532 142218.795 13.563 0.1856 
1180000 10316 114.175 143430.246 13.569 0.1886 
1190000 10399 122.4 144623.875 14.828 0.2021 
1200000 10486 103.009 145816.319 12.113 0.1695 
1210000 10569 120.432 147018.031 14.676 0.1985 
1220000 10651 123.549 148224.473 14.645 0.205 
1230000 10737 109.283 149425.906 12.674 0.1787 
1240000 10827 112.971 150615.626 13.361 0.1845 
1250000 10918 113.222 151802.742 13.786 0.1837 
1260000 11006 120.071 152988.731 14.647 0.195 
1270000 11088 116.263 154175.848 13.577 0.1891 
1280000 11175 108.53 155368.892 12.822 0.1768 
1290000 11262 107.73 156558.749 13.156 0.1741 
1300000 11352 103.347 157772.232 12.426 0.1686 
1310000 11435 113.998 158971.221 13.76 0.1855 
1320000 11518 117.639 160150.614 13.763 0.1927 
1330000 11608 116.709 161322.563 13.725 0.1914 
1340000 11700 109.984 162513.82 12.862 0.179 
1350000 11784 135.108 163704.311 16.353 0.2205 
1360000 11870 122.963 164887.237 14.742 0.2012 
1370000 11952 129.834 166086.363 16.174 0.2109 
1380000 12046 115.619 167238.112 12.968 0.1888 
1390000 12127 118.327 168427.351 14.497 0.1922 
1400000 12217 96.455 169611.342 11.122 0.1565 
1410000 12310 112.273 170799.353 13.323 0.1825 
1420000 12398 117.623 171985.978 14.063 0.1914 
1430000 12484 102.801 173159.815 11.645 0.1676 
1440000 12569 108.356 174344.617 12.551 0.1763 
1450000 12657 104.018 175522.403 11.978 0.1692 
1460000 12743 101.69 176679.4 12.107 0.1655 
1470000 12829 122.816 177836.98 13.964 0.2015 
1480000 12912 121.666 179035.16 14.269 0.1989 
1490000 13000 110.481 180201.223 12.7 0.1812 
1500000 13087 112.027 181379.385 12.96 0.1819 
1510000 13170 114.17 182534.595 13.367 0.186 
1520000 13255 114.969 183701.05 13.427 0.1883 
1530000 13340 117.53 184871.174 13.679 0.1911 
1540000 13424 112.969 186060.444 12.88 0.1847 
1550000 13507 126.775 187228.034 14.292 0.2068 
1560000 13591 133.689 188404.1 15.502 0.2187 
1570000 13676 118.215 189589.505 14.165 0.1921 
1580000 13765 109.343 190776.399 13.26 0.178 
1590000 13854 117.871 191933.498 13.538 0.1939 
1600000 13942 104.173 193092.223 11.575 0.1698 
1610000 14033 120.323 194225.889 14.487 0.1969 
1620000 14114 130.435 195393.427 15.249 0.213 
1630000 14200 126.828 196588.26 15.063 0.2077 
1640000 14288 99.134 197763.832 11.314 0.1617 
1650000 14376 123.704 198936.984 14.57 0.2034 
1660000 14465 96.951 200099.647 10.915 0.1605 
1670000 14546 115.723 201280.163 13.435 0.1923 
1680000 14628 110.713 202452.806 12.18 0.1836 
1690000 14714 122.434 203624.041 14.539 0.2021 
1700000 14800 118.792 204801.199 13.853 0.1963 
1710000 14879 135.306 205975.782 15.021 0.2228 
1720000 14958 100.296 207146.172 11.52 0.1631 
1730000 15042 114.026 208331.648 12.74 0.1868 
1740000 15127 106.095 209523.707 12.48 0.1721 
1750000 15206 123.55 210703.543 14.77 0.2015 
1760000 15287 117.987 211871.148 13.467 0.1946 
1770000 15370 117.914 213038.033 13.713 0.1931 
1780000 15448 131.666 214205.401 15.202 0.215 
1790000 15531 128.965 215369.227 15.337 0.2113 
1800000 15612 120.6 216514.079 14.12 0.1959 
1810000 15699 117.443 217678.382 14.101 0.1924 
1820000 15785 122.5 218810.339 13.945 0.201 
1830000 15870 132.116 219953.317 14.941 0.2179 
1840000 15958 112.718 221113.74 13.085 0.1846 
1850000 16039 112.745 222270.276 13.032 0.1837 
1860000 16118 114.292 223428.006 12.866 0.1882 
1870000 16202 105.32 224579.214 12.04 0.1727 
1880000 16284 122.754 225750.945 14.541 0.2027 
1890000 16367 108.364 226897.023 12.401 0.1773 
1900000 16448 130.05 228075.206 15.498 0.2125 
1910000 16531 126.832 229222.887 14.597 0.2082 
1920000 16612 120.682 230382.064 13.877 0.198 
1930000 16697 110.062 231532.592 12.857 0.1801 
1940000 16780 121.219 232704.873 14.142 0.1986 
1950000 16866 110.32 233864.334 12.663 0.1808 
1960000 16945 114.084 234996.404 12.679 0.1868 
1970000 17029 113.062 236172.572 13.45 0.1844 
1980000 17105 125.457 237341.07 14.817 0.2058 
1990000 17188 113.151 238490.473 12.943 0.1849 
2000000 17265 141.631 239640.498 16.902 0.2317 
2010000 17343 128.381 240811.291 14.86 0.2112 
2020000 17419 132.792 241982.6 15.602 0.2167 
2030000 17501 129.976 243127.021 14.301 0.214 
2040000 17583 105.522 244272.221 11.997 0.1732 
2050000 17663 127.404 245422.619 14.975 0.2095 
2060000 17744 122.58 246566.711 14.63 0.2004 
2070000 17826 103.866 247700.355 11.809 0.1707 
2080000 17903 133.428 248836.473 14.736 0.2202 
2090000 17987 122.072 249989.116 14.363 0.1991 
2100000 18071 109.18 251128.74 12.356 0.1789 
2110000 18155 119.687 252295.506 14.139 0.196 
2120000 18232 151.535 253443.673 18.184 0.2484 
2130000 18309 142.146 254585.618 16.555 0.2331 
2140000 18390 120.464 255737.52 13.373 0.198 
2150000 18474 123.798 256870.835 13.669 0.2028 
2160000 18555 114.888 257995.893 12.663 0.1894 
2170000 18637 104.749 259086.141 11.202 0.1719 
2180000 18718 125.217 260210.272 14.87 0.206 
2190000 18799 129.36 261350.745 14.707 0.2146 
2200000 18884 126.478 262499.322 15.03 0.2101 
2210000 18970 129.527 263647.071 14.403 0.2153 
2220000 19053 121.058 264791.552 14.341 0.2004 
2230000 19130 136.42 265941.848 15.368 0.2259 
2240000 19207 142.471 267092.922 16.259 0.2374 
2250000 19281 155.93 268226.03 17.817 0.2622 
2260000 19369 126.228 269366.789 14.374 0.2099 
2270000 19448 116.381 270507.289 12.737 0.1932 
2280000 19528 126.234 271639.977 13.928 0.21 
2290000 19606 125.336 272759.201 13.946 0.2089 
2300000 19687 129.323 273897.689 15.066 0.2157 
2310000 19768 130.705 275024.333 14.714 0.2172 
2320000 19851 108.686 276167.002 12.148 0.181 
2330000 19932 106.946 277316.824 11.911 0.177 
2340000 20014 118.578 278468.535 12.958 0.1968 
2350000 20096 108.09 279626.423 12.313 0.1796 
2360000 20178 114.643 280769.315 12.785 0.1899 
2370000 20267 109.251 281890.126 12.496 0.182 
2380000 20352 121.02 282987.618 13.064 0.2022 
2390000 20431 118.932 284118.072 13.262 0.1988 
2400000 20506 133.676 285240.807 14.593 0.2236 
2410000 20585 134.204 286376.67 15.009 0.2203 
2420000 20661 132.34 287503.196 15.783 0.2173 
2430000 20735 133.639 288642.36 15.535 0.2214 
2440000 20808 149.861 289750.744 17.312 0.2488 
2450000 20890 107.158 290887.841 12.429 0.1769 
2460000 20971 114.701 292009.062 12.559 0.1904 
2470000 21049 147.801 293125.405 16.897 0.2449 
2480000 21128 135.319 294230.845 14.519 0.2252 
2490000 21205 144.296 295356.071 15.959 0.2405 
2500000 21284 132.701 296457.881 13.828 0.222 
2510000 21366 103.664 297585.598 11.568 0.1711 
2520000 21444 111.638 298711.22 12.425 0.1855 
2530000 21524 131.577 299826.165 14.393 0.2176 
2540000 21607 119.696 300961.832 13.227 0.1968 
2550000 21685 139.638 302105.78 16.351 0.23 
2560000 21759 124.262 303261.743 14.415 0.2039 
2570000 21840 132.739 304393.259 15.458 0.2181 
2580000 21926 107.341 305527.615 12.13 0.1748 
2590000 22005 130.36 306640.089 14.448 0.2135 
2600000 22078 136.025 307756.699 15.026 0.2237 
2610000 22155 122.476 308851.079 13.339 0.2016 
2620000 22237 122.672 309945.329 13.418 0.2015 
2630000 22317 122.697 311028.252 13.342 0.2021 
2640000 22397 112.099 312126.857 12.366 0.1831 
2650000 22475 129.883 313232.217 14.393 0.2137 
2660000 22558 124.915 314318.331 13.505 0.2052 
2670000 22635 141.178 315398.779 15.401 0.2333 
2680000 22712 122.283 316499.573 12.991 0.2018 
2690000 22792 130.106 317608.657 14.201 0.2148 
2700000 22867 132.478 318721.967 15.122 0.2191 
2710000 22943 124.035 319816.587 13.873 0.2044 
2720000 23020 105.619 320900.799 11.636 0.1757 
2730000 23103 128.696 322024.698 14.716 0.212 
2740000 23182 124.974 323158.588 14.128 0.2064 
2750000 23258 170.757 324228.839 16.729 0.2865 
2760000 23341 128.147 325296.87 13.357 0.2139 
2770000 23418 125.179 326383.812 13.765 0.2074 
2780000 23497 113.215 327500.999 12.708 0.1864 
2790000 23581 118.016 328631.873 13.462 0.1942 
2800000 23665 123.069 329721.507 13.322 0.205 
2810000 23744 118.682 330810.746 13.241 0.1946 
2820000 23820 139.87 331885.935 15.018 0.2295 
2830000 23901 121.607 332936.894 12.987 0.1997 
2840000 23971 138.124 334027.172 14.764 0.2278 
2850000 24047 124.115 335125.008 13.03 0.2043 
2860000 24120 133.951 336190.348 14.662 0.2201 
2870000 24200 114.593 337260.601 12.248 0.1874 
2880000 24275 127.912 338335.755 14.179 0.2102 
2890000 24354 129.47 339433.554 14.843 0.2122 
2900000 24431 120.0 340523.191 13.011 0.1961 
2910000 24506 112.891 341594.814 12.083 0.1856 
2920000 24586 121.741 342685.449 13.246 0.1994 
2930000 24660 129.411 343789.692 14.368 0.2124 
2940000 24735 133.576 344911.182 15.021 0.2189 
2950000 24809 149.928 346004.264 16.511 0.2473 
2960000 24879 152.321 347058.139 16.965 0.2493 
2970000 24956 144.896 348154.734 15.85 0.2379 
2980000 25031 140.451 349259.493 15.027 0.2299 
2990000 25109 142.451 350351.532 15.558 0.2336 
3000000 25187 120.841 351389.861 12.244 0.1986 
3010000 25262 132.43 352471.696 14.042 0.2191 
3020000 25333 142.716 353577.725 14.985 0.2356 
3030000 25415 109.42 354669.768 11.877 0.1799 
3040000 25487 130.46 355707.407 13.907 0.2146 
3050000 25557 154.998 356767.618 16.011 0.2561 
3060000 25637 123.203 357844.047 13.543 0.2024 
3070000 25709 132.312 358938.091 15.471 0.2165 
3080000 25780 139.536 360004.497 14.623 0.2308 
3090000 25857 136.438 361129.759 15.935 0.2246 
3100000 25935 120.736 362222.391 13.22 0.1979 
3110000 26007 156.815 363338.136 17.645 0.2588 
3120000 26077 165.436 364413.756 17.342 0.2737 
3130000 26152 127.645 365481.918 13.386 0.2108 
3140000 26228 142.926 366542.996 14.553 0.2378 
3150000 26297 115.648 367619.191 12.909 0.1898 
3160000 26373 146.133 368694.908 15.267 0.2406 
3170000 26446 123.733 369791.747 13.428 0.2027 
3180000 26522 150.288 370889.765 16.267 0.2482 
3190000 26595 127.349 371973.586 13.356 0.2113 
3200000 26674 129.137 373040.265 14.512 0.2117 
3210000 26748 153.226 374133.344 16.451 0.2524 
3220000 26822 139.927 375238.353 14.849 0.232 
3230000 26898 134.845 376293.481 14.744 0.2228 
3240000 26967 142.071 377343.232 14.918 0.2357 
3250000 27040 153.878 378440.22 16.162 0.256 
3260000 27113 141.937 379497.924 13.973 0.2365 
3270000 27187 136.597 380571.136 14.722 0.2256 
3280000 27262 155.796 381669.265 16.193 0.2584 
3290000 27335 135.383 382736.453 14.11 0.225 
3300000 27411 117.624 383803.02 12.923 0.193 
3310000 27485 129.26 384870.536 13.561 0.2143 
3320000 27563 120.27 385938.606 12.876 0.1986 
3330000 27637 139.103 387002.276 14.794 0.2301 
3340000 27711 128.574 388026.763 13.651 0.2121 
3350000 27790 137.423 389102.347 13.784 0.2276 
3360000 27860 145.862 390151.269 15.03 0.242 
3370000 27934 167.71 391226.98 18.654 0.2787 
3380000 28005 150.724 392268.119 15.143 0.2531 
3390000 28082 112.639 393356.588 12.304 0.1864 
3400000 28161 122.84 394437.33 12.407 0.2036 
3410000 28235 150.327 395520.155 15.836 0.2512 
3420000 28315 134.16 396572.413 14.001 0.2225 
3430000 28382 183.525 397592.03 17.945 0.3042 
3440000 28450 143.803 398637.744 14.778 0.237 
3450000 28525 143.712 399669.328 14.169 0.2378 
3460000 28588 166.548 400670.547 16.323 0.2765 
3470000 28655 147.743 401737.762 15.352 0.2433 
3480000 28725 153.617 402785.708 16.601 0.253 
3490000 28797 155.954 403843.814 16.525 0.2592 
3500000 28866 159.35 404894.409 15.935 0.2669 
3510000 28923 179.321 405917.395 18.615 0.3004 
3520000 28994 115.35 406993.109 11.835 0.1906 
3530000 29070 133.643 408037.036 14.035 0.2236 
3540000 29143 141.445 409066.024 14.739 0.2355 
3550000 29212 129.858 410100.297 13.332 0.2167 
3560000 29278 157.495 411186.572 16.487 0.2634 
3570000 29350 130.133 412247.746 13.642 0.216 
3580000 29419 146.327 413285.342 14.281 0.2436 
3590000 29487 133.925 414323.369 13.765 0.2233 
3600000 29553 136.309 415369.688 14.353 0.2267 
3610000 29619 178.803 416357.233 18.102 0.3016 
3620000 29693 133.533 417389.646 13.974 0.2229 
3630000 29756 141.009 418439.582 15.103 0.2345 
3640000 29818 164.287 419469.715 16.448 0.2737 
3650000 29884 166.34 420508.288 17.257 0.2776 
3660000 29958 125.929 421539.446 13.091 0.2094 
3670000 30028 123.749 422616.062 13.902 0.2058 
3680000 30106 140.787 423696.264 14.472 0.2345 
3690000 30177 151.77 424717.487 15.28 0.2537 
3700000 30246 151.23 425764.969 15.624 0.2521 
3710000 30320 147.53 426810.403 15.087 0.2452 
3720000 30394 152.402 427842.29 15.872 0.254 
3730000 30469 129.906 428861.035 13.392 0.2147 
3740000 30542 128.129 429882.412 13.883 0.2126 
3750000 30608 164.163 430915.536 16.21 0.2748 
3760000 30675 148.3 431918.196 15.772 0.2471 
3770000 30740 160.275 432940.044 15.57 0.2688 
3780000 30811 138.81 433977.156 14.67 0.2306 
3790000 30883 155.008 435024.71 15.437 0.2571 
3800000 30951 151.483 436064.528 15.857 0.2511 
3810000 31023 132.72 437123.194 13.666 0.2209 
3820000 31089 156.901 438137.842 16.219 0.2611 
3830000 31161 164.067 439176.075 16.372 0.2722 
3840000 31225 149.308 440206.194 15.588 0.2491 
3850000 31290 140.804 441200.39 12.851 0.2361 
3860000 31361 153.16 442273.754 16.159 0.2541 
3870000 31428 162.554 443290.547 16.482 0.2721 
3880000 31496 166.857 444284.831 16.356 0.2809 
3890000 31560 146.409 445322.95 15.468 0.2444 
3900000 31629 163.795 446314.247 16.174 0.2746 
3910000 31700 138.147 447301.101 14.157 0.2318 
3920000 31768 157.02 448303.674 15.327 0.2624 
3930000 31834 145.159 449326.002 14.551 0.244 
3940000 31899 121.84 450309.645 12.25 0.2032 
3950000 31966 133.369 451373.943 14.536 0.2214 
3960000 32023 193.682 452354.757 18.173 0.327 
3970000 32089 131.065 453373.421 13.877 0.2189 
3980000 32153 171.812 454378.774 16.354 0.2861 
3990000 32214 151.976 455342.808 15.168 0.2654 
4000000 32277 145.769 456330.391 14.989 0.2422 
4010000 32340 149.011 457303.284 14.38 0.2478 
4020000 32407 152.033 458309.44 16.153 0.2504 
4030000 32479 144.566 459346.732 15.391 0.2368 
4040000 32541 146.756 460377.484 14.906 0.2421 
4050000 32606 179.262 461417.611 18.904 0.2998 
4060000 32677 148.67 462467.49 16.287 0.2465 
4070000 32740 173.253 463448.781 17.412 0.2907 
4080000 32804 156.651 464474.634 15.821 0.2626 
4090000 32868 141.318 465483.769 14.699 0.2341 
4100000 32938 130.847 466511.787 14.602 0.2136 
4110000 33003 148.803 467509.416 14.573 0.2455 
4120000 33069 129.212 468459.388 12.822 0.2122 
4130000 33132 160.722 469446.488 15.405 0.2655 
4140000 33198 140.786 470456.246 14.015 0.2311 
4150000 33260 162.14 471455.052 15.541 0.2697 
4160000 33325 148.788 472400.903 14.36 0.2451 
4170000 33390 136.599 473426.45 13.659 0.2239 
4180000 33454 154.058 474414.459 16.302 0.2543 
4190000 33519 159.192 475427.297 16.27 0.2628 
4200000 33579 163.082 476370.349 15.088 0.27 
4210000 33642 169.569 477415.238 17.023 0.2799 
4220000 33698 149.896 478372.529 14.363 0.249 
4230000 33759 147.497 479350.776 14.661 0.2444 
4240000 33820 173.441 480336.991 16.35 0.2885 
4250000 33881 148.873 481322.68 14.678 0.2451 
4260000 33948 133.515 482333.648 14.511 0.2192 
4270000 34009 178.008 483305.378 16.99 0.2965 
4280000 34076 143.019 484346.186 14.428 0.2373 
4290000 34138 150.509 485346.204 15.662 0.2477 
4300000 34197 192.381 486334.844 17.652 0.319 
4310000 34256 151.862 487341.593 15.656 0.2504 
4320000 34327 139.122 488304.483 13.559 0.2307 
4330000 34385 156.057 489269.224 15.651 0.2562 
4340000 34452 137.709 490261.663 13.505 0.2277 
4350000 34518 144.735 491210.42 13.092 0.2401 
4360000 34583 163.119 492202.473 16.863 0.2696 
4370000 34646 147.422 493240.974 16.049 0.2432 
4380000 34711 149.76 494207.348 14.406 0.2477 
4390000 34775 135.265 495163.885 14.426 0.2216 
4400000 34839 164.865 496156.644 14.908 0.2724 
4410000 34906 140.431 497094.552 13.843 0.2322 
4420000 34971 144.232 498098.557 14.333 0.2388 
4430000 35036 162.24 499101.881 14.947 0.2694 
4440000 35099 165.355 500109.221 17.491 0.2757 
4450000 35154 185.355 501096.567 17.892 0.3104 
4460000 35216 164.222 502025.081 16.149 0.2742 
4470000 35279 147.086 503005.659 13.737 0.2454 
4480000 35339 152.177 503980.004 14.916 0.2552 
4490000 35403 171.59 504972.04 17.205 0.2854 
4500000 35471 141.54 505992.583 14.426 0.2345 
4510000 35529 179.53 506953.929 17.141 0.3 
4520000 35594 146.635 507938.108 15.05 0.2415 
4530000 35657 150.583 508886.563 14.25 0.2492 
4540000 35720 139.249 509868.778 13.667 0.2314 
4550000 35784 158.157 510934.441 16.916 0.2614 
4560000 35849 127.015 511924.026 13.25 0.2097 
4570000 35915 151.112 512953.191 15.801 0.2508 
4580000 35973 163.575 513937.366 15.7 0.2724 
4590000 36033 183.393 514903.857 18.691 0.3048 
4600000 36086 167.353 515851.994 15.524 0.2788 
4610000 36141 189.599 516701.55 15.398 0.3205 
4620000 36194 204.983 517667.102 20.161 0.343 
4630000 36261 143.857 518693.649 14.522 0.2402 
4640000 36318 174.204 519678.081 17.734 0.2905 
4650000 36383 159.596 520659.766 14.903 0.2664 
4660000 36443 155.575 521586.894 15.513 0.2588 
4670000 36504 143.275 522552.945 14.848 0.2393 
4680000 36572 135.752 523552.14 13.97 0.2256 
4690000 36628 176.538 524483.275 15.995 0.2955 
4700000 36688 169.83 525399.613 15.731 0.2825 
4710000 36746 183.891 526410.506 18.874 0.3043 
4720000 36806 155.755 527414.354 15.746 0.2562 
4730000 36870 170.8 528445.6 18.006 0.2812 
4740000 36933 186.45 529435.931 16.645 0.3113 
4750000 36991 169.663 530367.425 15.567 0.2801 
4760000 37053 142.637 531274.721 13.028 0.2361 
4770000 37111 175.497 532256.481 16.556 0.2921 
4780000 37164 193.327 533193.598 17.683 0.3213 
4790000 37224 172.969 534158.785 16.381 0.2864 
4800000 37284 158.257 535125.244 16.869 0.2609 
4810000 37344 147.979 536139.657 15.486 0.2445 
4820000 37404 141.541 537166.708 15.211 0.2319 
4830000 37467 182.632 538167.438 16.864 0.3031 
4840000 37530 159.529 539139.212 16.117 0.2631 
4850000 37584 169.435 540116.472 16.865 0.2799 
4860000 37641 180.393 541079.892 17.585 0.2977 
4870000 37707 145.984 542073.615 15.89 0.2395 
4880000 37766 134.096 542970.856 12.777 0.2198 
4890000 37824 173.008 543974.363 17.861 0.286 
4900000 37883 161.386 544984.917 16.766 0.2657 
4910000 37945 151.372 545921.526 15.467 0.2479 
4920000 38008 144.711 546945.371 15.072 0.2381 
4930000 38067 185.786 547888.024 17.703 0.3073 
4940000 38128 156.799 548880.219 15.922 0.2595 
4950000 38186 176.576 549917.67 17.511 0.2944 
4960000 38242 194.442 550896.978 19.108 0.3259 
4970000 38299 152.354 551881.068 15.28 0.2537 
4980000 38359 185.67 552864.485 16.788 0.3126 
4990000 38418 175.695 553799.185 17.41 0.2916 
5000000 38482 168.72 554765.703 16.767 0.2791 
5010000 38542 172.66 555697.83 16.486 0.2854 
5020000 38608 118.054 556644.369 11.882 0.1938 
5030000 38663 175.598 557630.572 16.408 0.2915 
5040000 38719 154.185 558609.225 15.565 0.2541 
5050000 38771 178.247 559586.132 17.145 0.2946 
5060000 38830 168.997 560530.211 16.167 0.28 
5070000 38888 155.183 561451.168 13.851 0.2559 
5080000 38947 151.202 562405.669 14.582 0.2494 
5090000 39005 209.431 563374.521 19.206 0.3473 
5100000 39068 161.819 564404.463 17.157 0.2656 
5110000 39128 155.05 565358.479 14.64 0.2568 
5120000 39188 166.225 566305.872 15.357 0.2765 
5130000 39248 170.209 567302.236 16.93 0.2822 
5140000 39308 148.432 568256.98 14.977 0.2443 
5150000 39371 177.133 569227.319 17.141 0.2944 
5160000 39426 197.979 570167.686 16.787 0.3271 
5170000 39484 167.85 571142.755 15.951 0.2787 
5180000 39540 173.849 572116.795 16.953 0.2875 
5190000 39604 158.781 573077.896 16.413 0.2625 
5200000 39658 172.244 573997.536 14.659 0.2866 
5210000 39710 174.785 574885.282 16.42 0.2907 
5220000 39761 194.448 575810.219 18.602 0.3217 
5230000 39830 137.473 576841.02 14.418 0.2254 
5240000 39887 166.303 577780.268 15.586 0.2793 
5250000 39938 204.47 578623.828 17.237 0.3412 
5260000 39987 213.918 579488.735 20.1 0.3588 
5270000 40044 164.01 580486.233 17.193 0.2729 
5280000 40096 205.182 581461.059 19.064 0.3442 
5290000 40151 177.383 582422.913 15.302 0.296 
5300000 40209 176.098 583372.245 15.899 0.2926 
5310000 40264 174.737 584274.071 15.467 0.2905 
5320000 40317 168.917 585169.933 14.93 0.2836 
5330000 40370 204.251 586082.011 17.395 0.3446 
5340000 40427 169.144 587086.578 17.4 0.281 
5350000 40486 161.934 588066.369 15.824 0.2706 
5360000 40542 183.191 589006.751 17.561 0.3034 
5370000 40595 152.083 589875.005 14.499 0.2486 
5380000 40648 178.076 590739.715 15.547 0.2944 
5390000 40710 168.804 591697.195 15.713 0.2784 
5400000 40764 162.45 592574.467 14.882 0.2694 
5410000 40818 216.76 593445.961 17.574 0.3625 
5420000 40870 170.789 594286.558 15.122 0.282 
5430000 40925 179.002 595219.108 16.058 0.2946 
5440000 40976 200.958 596095.311 18.117 0.3279 
5450000 41027 176.588 597023.382 19.419 0.2889 
5460000 41082 139.151 597905.477 13.317 0.2295 
5470000 41137 163.05 598853.663 16.477 0.2665 
5480000 41190 168.736 599784.489 16.093 0.276 
5490000 41249 184.171 600789.786 17.788 0.3025 
5500000 41300 222.29 601679.004 17.839 0.3718 
5510000 41354 174.49 602551.754 14.583 0.2887 
5520000 41413 178.603 603510.467 17.224 0.293 
5530000 41469 197.313 604425.278 17.096 0.3262 
5540000 41522 140.412 605372.722 13.385 0.2315 
5550000 41579 151.051 606308.808 15.679 0.2476 
5560000 41630 243.336 607234.295 22.192 0.4057 
5570000 41686 190.262 608223.964 20.317 0.3152 
5580000 41742 170.576 609224.136 16.672 0.2837 
5590000 41797 164.642 610135.667 15.908 0.2727 
5600000 41848 209.15 611044.283 20.046 0.3477 
5610000 41892 232.585 611879.067 18.816 0.388 
5620000 41952 146.295 612868.814 15.12 0.2396 
5630000 42004 181.484 613740.016 16.593 0.2989 
5640000 42057 186.765 614677.332 17.145 0.3114 
5650000 42109 181.503 615583.015 18.789 0.2993 
5660000 42157 188.793 616506.306 18.271 0.3127 
5670000 42209 188.421 617409.187 16.734 0.3144 
5680000 42260 169.119 618298.42 15.011 0.2768 
5690000 42318 171.215 619211.782 15.694 0.2862 
5700000 42370 235.372 620114.312 18.581 0.3988 
5710000 42422 168.415 620959.362 15.109 0.2796 
5720000 42480 180.822 621866.24 16.158 0.302 
5730000 42528 216.164 622779.322 19.385 0.3609 
5740000 42582 192.828 623647.906 18.171 0.3205 
5750000 42630 178.568 624552.974 17.687 0.2962 
5760000 42684 219.616 625482.116 18.51 0.3695 
5770000 42740 158.153 626459.903 14.862 0.2638 
5780000 42793 198.705 627318.543 15.082 0.3365 
5790000 42842 206.255 628161.033 17.53 0.3463 
5800000 42892 193.12 629098.276 18.062 0.3212 
5810000 42950 199.944 630037.441 18.696 0.3338 
5820000 42995 171.563 630911.712 16.085 0.2856 
5830000 43045 170.646 631862.224 18.18 0.2829 
5840000 43091 231.015 632687.553 18.632 0.386 
5850000 43137 248.547 633517.115 18.842 0.4195 
5860000 43188 199.326 634395.168 17.29 0.3338 
5870000 43237 189.224 635285.525 18.432 0.3156 
5880000 43294 202.65 636250.397 18.535 0.3388 
5890000 43341 184.939 637126.259 16.699 0.3094 
5900000 43396 189.188 638103.156 20.034 0.3123 
5910000 43445 153.076 638972.505 15.281 0.2535 
5920000 43495 238.18 639867.735 19.038 0.3987 
5930000 43545 163.487 640703.563 14.665 0.2733 
5940000 43594 233.616 641530.364 17.819 0.3917 
5950000 43649 188.709 642454.701 18.546 0.3138 
5960000 43699 174.525 643270.295 15.235 0.2921 
5970000 43750 200.681 644127.48 16.066 0.3384 
5980000 43798 186.043 645022.993 17.041 0.3106 
5990000 43843 190.644 645840.007 16.932 0.3182 
6000000 43892 176.982 646686.091 15.334 0.2966 
6010000 43941 182.355 647465.466 14.259 0.3054 
6020000 43989 241.238 648265.516 18.923 0.4054 
6030000 44037 171.158 649154.346 16.303 0.2845 
6040000 44083 196.21 650040.021 19.35 0.3251 
6050000 44134 187.481 650931.705 17.258 0.3121 
6060000 44176 200.113 651763.324 19.18 0.3331 
6070000 44225 208.506 652607.414 17.983 0.3466 
6080000 44277 193.172 653494.995 17.117 0.3244 
6090000 44331 171.017 654467.409 17.342 0.2833 
6100000 44384 150.533 655382.657 15.348 0.2497 
6110000 44439 180.801 656269.482 16.189 0.3009 
6120000 44484 254.974 657050.128 20.676 0.4289 
6130000 44538 194.197 658003.539 18.396 0.3248 
6140000 44586 201.271 658922.569 18.667 0.3324 
6150000 44628 233.919 659752.096 18.315 0.3886 
6160000 44677 222.256 660610.069 19.361 0.3695 
6170000 44723 237.107 661384.665 16.836 0.3993 
6180000 44773 236.392 662239.842 20.142 0.3908 
6190000 44820 243.028 663094.857 20.153 0.4033 
6200000 44868 206.795 663950.316 18.688 0.3448 
6210000 44919 215.377 664839.478 17.035 0.3565 
6220000 44966 195.713 665635.898 15.818 0.3248 
6230000 45011 201.54 666463.445 16.57 0.334 
6240000 45054 215.026 667262.155 16.94 0.3591 
6250000 45108 168.44 668180.74 16.341 0.2758 
6260000 45151 251.792 669009.366 19.787 0.4223 
6270000 45201 179.191 669913.05 15.981 0.2976 
6280000 45248 212.806 670815.562 18.556 0.3547 
6290000 45296 234.262 671612.561 18.421 0.393 
6300000 45342 195.524 672469.958 18.126 0.3235 
6310000 45388 201.79 673351.84 18.002 0.3371 
6320000 45441 176.449 674281.403 15.868 0.2924 
6330000 45481 232.293 675149.234 20.514 0.3822 
6340000 45529 204.642 675956.871 16.496 0.3415 
6350000 45583 201.213 676897.576 19.14 0.3313 
6360000 45628 198.001 677743.465 18.222 0.3262 
6370000 45676 197.758 678597.191 16.851 0.3274 
6380000 45722 221.269 679411.992 18.378 0.3634 
6390000 45761 265.234 680221.442 21.535 0.4424 
6400000 45809 164.288 681119.141 15.717 0.2716 
6410000 45853 222.242 681938.696 19.159 0.3699 
6420000 45896 231.584 682729.459 16.946 0.3852 
6430000 45949 166.399 683617.762 15.028 0.2743 
6440000 45996 214.785 684513.077 17.804 0.3569 
6450000 46037 241.011 685296.732 19.171 0.3984 
6460000 46083 168.743 686075.358 14.597 0.2788 
6470000 46126 191.679 686916.745 16.014 0.316 
6480000 46171 259.258 687756.086 21.017 0.431 
6490000 46215 228.712 688554.333 18.9 0.3788 
6500000 46257 259.96 689353.654 19.695 0.4364 
6510000 46304 184.524 690200.3 17.858 0.3051 
6520000 46353 194.312 691019.067 15.721 0.3268 
6530000 46397 275.589 691807.348 20.621 0.4656 
6540000 46447 235.468 692620.165 18.223 0.3977 
6550000 46489 253.391 693415.852 19.263 0.4253 
6560000 46530 253.379 694215.907 21.353 0.4208 
6570000 46581 204.948 695135.117 17.649 0.3401 
6580000 46620 222.483 695870.161 18.436 0.3685 
6590000 46664 194.788 696721.984 16.08 0.3248 
6600000 46711 208.382 697599.51 18.093 0.3433 
6610000 46753 230.612 698458.91 20.414 0.3823 
6620000 46794 217.473 699201.503 17.879 0.3631 
6630000 46838 264.665 699919.041 18.038 0.4452 
6640000 46883 236.874 700726.304 18.432 0.3943 
6650000 46934 212.088 701526.643 14.769 0.3546 
6660000 46977 233.094 702338.54 18.063 0.3918 
6670000 47018 238.239 703117.647 16.765 0.3989 
6680000 47064 211.2 703924.091 17.942 0.351 
6690000 47104 251.466 704600.933 17.359 0.4219 
6700000 47151 178.218 705457.885 16.663 0.2956 
6710000 47194 241.637 706362.169 22.003 0.4026 
6720000 47232 244.801 707167.819 19.563 0.4069 
6730000 47280 218.695 708070.975 19.066 0.3639 
6740000 47318 248.142 708787.548 18.476 0.4136 
6750000 47364 241.262 709538.895 17.381 0.4018 
6760000 47417 156.515 710423.893 16.091 0.2562 
6770000 47464 206.868 711329.314 17.875 0.3428 
6780000 47511 199.305 712201.272 19.382 0.3316 
6790000 47555 230.544 713031.437 19.958 0.3877 
6800000 47597 242.635 713812.618 18.408 0.4079 
6810000 47644 188.253 714694.274 16.228 0.3152 
6820000 47684 279.407 715506.5 21.418 0.467 
6830000 47728 228.257 716391.653 21.298 0.3783 
6840000 47776 218.123 717254.464 18.728 0.3616 
6850000 47818 203.07 718072.103 16.639 0.335 
6860000 47860 245.364 718781.137 16.394 0.4101 
6870000 47915 163.971 719676.365 15.951 0.2685 
6880000 47959 210.204 720569.933 19.449 0.3446 
6890000 48004 226.899 721454.031 20.378 0.3756 
6900000 48050 211.436 722286.217 16.611 0.3504 
6910000 48093 213.628 723041.459 16.895 0.353 
6920000 48133 232.326 723838.826 22.378 0.3813 
6930000 48172 267.56 724572.761 19.95 0.4441 
6940000 48215 209.273 725425.074 19.234 0.3446 
6950000 48263 171.435 726338.098 16.578 0.2816 
6960000 48304 269.793 727130.215 19.938 0.4525 
6970000 48350 212.582 727950.772 16.969 0.3538 
6980000 48391 305.262 728804.017 23.696 0.5153 
6990000 48441 181.48 729621.274 14.161 0.3025 
7000000 48481 232.713 730385.663 19.209 0.3898 
7010000 48524 220.028 731183.058 17.681 0.3668 
7020000 48569 223.818 732057.664 21.101 0.369 
7030000 48617 216.753 732894.938 16.925 0.3603 
7040000 48654 290.683 733734.982 23.343 0.4815 
7050000 48696 218.662 734523.251 18.634 0.3607 
7060000 48741 201.795 735321.991 17.276 0.3341 
7070000 48782 233.708 736156.904 19.804 0.3871 
7080000 48824 230.682 737042.333 21.058 0.3831 
7090000 48862 198.097 737757.104 15.734 0.3291 
7100000 48904 260.926 738570.097 21.842 0.4357 
7110000 48945 225.306 739399.635 18.386 0.3768 
7120000 48993 203.319 740280.03 18.193 0.3363 
7130000 49034 206.757 741036.101 18.136 0.343 
7140000 49076 254.102 741792.956 20.303 0.4193 
7150000 49113 311.926 742534.223 23.29 0.5223 
7160000 49152 282.798 743310.4 23.161 0.4737 
7170000 49191 236.302 744103.632 19.975 0.3947 
7180000 49231 224.306 744877.657 19.166 0.373 
7190000 49261 345.783 745559.326 22.648 0.5872 
7200000 49308 197.278 746361.733 17.746 0.3293 
7210000 49349 258.433 747149.477 20.71 0.4306 
7220000 49394 183.763 748016.076 15.296 0.3072 
7230000 49437 222.259 748803.813 17.908 0.3725 
7240000 49477 304.113 749601.202 21.826 0.509 
7250000 49519 225.825 750333.544 16.58 0.3767 
7260000 49562 232.863 751085.549 17.657 0.3929 
7270000 49597 283.578 751810.557 20.729 0.4787 
7280000 49635 290.019 752566.865 22.181 0.4865 
7290000 49675 209.189 753272.941 17.634 0.3479 
7300000 49713 260.657 754080.615 20.898 0.4372 
7310000 49750 252.305 754830.131 20.528 0.4226 
7320000 49789 262.171 755606.38 18.28 0.4351 
7330000 49823 329.554 756361.68 24.095 0.5567 
7340000 49857 338.948 757061.439 22.322 0.5719 
7350000 49897 237.895 757841.367 19.082 0.3967 
7360000 49937 268.636 758652.134 20.752 0.4488 
7370000 49968 303.463 759323.256 21.258 0.5099 
7380000 50008 234.055 760144.714 19.428 0.3929 
7390000 50051 218.933 761037.132 18.447 0.3652 
7400000 50081 312.993 761670.7 20.35 0.5291 
7410000 50119 251.211 762472.632 21.152 0.4211 
7420000 50153 239.228 763237.039 20.583 0.3993 
7430000 50188 291.933 764007.125 23.746 0.4868 
7440000 50229 234.03 764813.281 19.182 0.3911 
7450000 50270 249.242 765677.353 21.463 0.4171 
7460000 50316 208.025 766520.092 17.348 0.3477 
7470000 50359 224.949 767388.36 19.264 0.3742 
7480000 50399 210.79 768143.2 17.387 0.3503 
7490000 50435 306.652 768848.228 20.266 0.5133 
7500000 50472 329.026 769581.792 20.8 0.5595 
7510000 50516 248.658 770424.94 19.643 0.4185 
7520000 50552 266.4 771221.508 21.262 0.4469 
7530000 50600 215.146 772069.554 19.552 0.3599 
7540000 50636 311.829 772814.62 20.605 0.5304 
7550000 50673 277.972 773589.37 20.747 0.4692 
7560000 50707 300.695 774396.319 22.593 0.5039 
7570000 50744 257.294 775227.421 19.739 0.4303 
7580000 50780 291.797 775963.943 21.933 0.4919 
7590000 50815 282.7 776670.06 20.604 0.475 
7600000 50856 254.211 777482.884 20.387 0.4219 
7610000 50895 242.554 778376.931 23.603 0.4034 
7620000 50933 275.819 779164.447 19.352 0.4671 
7630000 50969 219.605 779905.827 17.671 0.3699 
7640000 51008 220.645 780751.771 20.627 0.3675 
7650000 51046 220.493 781580.516 19.965 0.3647 
7660000 51088 233.76 782442.042 21.626 0.386 
7670000 51125 266.721 783240.415 20.973 0.4422 
7680000 51160 230.038 784037.597 20.341 0.3797 
7690000 51193 288.495 784864.339 23.812 0.4781 
7700000 51231 235.901 785614.798 20.151 0.3874 
7710000 51268 275.485 786397.726 20.69 0.457 
7720000 51302 263.468 787154.959 22.232 0.433 
7730000 51340 227.938 788007.725 20.861 0.3749 
7740000 51373 358.738 788735.17 23.706 0.598 
7750000 51407 228.394 789535.227 19.408 0.3783 
7760000 51444 294.749 790279.875 20.839 0.4919 
7770000 51479 343.298 791101.622 23.995 0.5735 
7780000 51514 305.555 791835.147 22.057 0.5072 
7790000 51556 247.184 792712.992 19.595 0.4108 
7800000 51585 337.446 793425.938 23.541 0.5657 
7810000 51626 229.961 794284.019 17.839 0.3823 
7820000 51659 321.4 795067.912 26.774 0.5312 
7830000 51691 370.224 795829.667 26.507 0.6172 
7840000 51733 211.251 796652.718 19.259 0.348 
7850000 51764 301.962 797398.916 23.459 0.502 
7860000 51801 259.475 798320.543 22.569 0.4314 
7870000 51831 332.828 799119.301 25.66 0.5612 
7880000 51864 282.722 799871.166 23.178 0.4708 
7890000 51896 292.526 800670.448 24.171 0.4893 
7900000 51935 316.096 801519.501 28.09 0.5219 
7910000 51963 369.229 802154.951 23.795 0.6194 
7920000 51996 299.054 802909.693 20.244 0.4921 
7930000 52034 279.248 803725.236 20.443 0.4579 
7940000 52068 277.978 804476.156 22.762 0.459 
7950000 52106 289.378 805323.438 22.92 0.4871 
7960000 52148 225.844 806248.547 23.365 0.3753 
7970000 52186 283.054 807141.332 25.623 0.4721 
7980000 52222 323.988 807996.836 25.383 0.5404 
7990000 52260 279.134 808859.929 24.301 0.4614 
8000000 52300 259.715 809806.627 23.288 0.4306 
8010000 52341 223.956 810769.486 22.597 0.3712 
8020000 52377 279.973 811590.597 23.728 0.4637 
8030000 52412 309.386 812416.117 25.105 0.5106 
8040000 52451 215.019 813295.764 20.075 0.3535 
8050000 52488 272.137 814094.767 23.464 0.4468 
8060000 52521 334.169 814954.271 25.846 0.5545 
8070000 52553 351.256 815793.446 28.859 0.5826 
8080000 52589 294.88 816625.681 25.053 0.4898 
8090000 52624 241.202 817424.619 20.387 0.4003 
8100000 52658 278.539 818370.356 28.305 0.4572 
8110000 52691 250.2 819263.088 21.245 0.4147 
8120000 52734 186.915 820098.031 16.567 0.3063 
8130000 52772 313.235 821028.81 26.537 0.5149 
8140000 52801 338.138 821866.835 27.796 0.5592 
8150000 52833 365.98 822670.409 28.657 0.6009 
8160000 52867 270.985 823483.763 23.472 0.4476 
8170000 52909 201.336 824345.867 19.252 0.3291 
8180000 52943 287.122 825265.373 26.196 0.4717 
8190000 52976 314.28 826092.753 24.492 0.5228 
8200000 53009 278.56 826981.632 25.17 0.4607 
8210000 53045 294.499 827866.381 24.275 0.5033 
8220000 53079 311.558 828798.158 28.778 0.5166 
8230000 53112 367.38 829682.264 32.745 0.6109 
8240000 53150 247.988 830550.402 20.252 0.4125 
8250000 53184 289.991 831456.079 24.605 0.4833 
8260000 53216 336.062 832264.06 27.652 0.5587 
8270000 53257 247.654 833238.124 24.907 0.4083 
8280000 53293 279.288 834042.017 22.626 0.4652 
8290000 53323 330.788 834705.579 22.247 0.5518 
8300000 53358 267.187 835648.794 25.334 0.4432 
8310000 53393 266.053 836518.416 22.859 0.4469 
8320000 53427 268.629 837485.086 26.396 0.4468 
8330000 53461 304.776 838163.685 20.675 0.516 
8340000 53490 340.58 838947.336 26.717 0.5734 
8350000 53525 311.131 839830.893 24.928 0.5188 
8360000 53558 308.588 840624.66 22.102 0.5195 
8370000 53587 294.092 841440.71 26.144 0.4902 
8380000 53624 222.109 842285.364 21.534 0.3684 
8390000 53651 378.706 843117.479 32.539 0.6293 
8400000 53683 309.214 843909.224 24.13 0.521 
8410000 53720 272.136 844793.654 22.708 0.4555 
8420000 53748 373.769 845536.54 24.196 0.6321 
8430000 53779 373.542 846369.231 29.971 0.6249 
8440000 53813 300.041 847237.199 25.758 0.5017 
8450000 53850 282.738 848248.788 26.396 0.4684 
8460000 53883 344.664 849073.371 29.948 0.5792 
8470000 53912 293.651 849943.856 26.711 0.4903 
8480000 53947 285.677 850857.226 28.09 0.4716 
8490000 53977 313.404 851635.213 26.739 0.5258 
8500000 54009 298.458 852534.469 28.228 0.4958 
8510000 54036 304.63 853336.242 25.495 0.5087 
8520000 54064 311.249 854212.862 31.622 0.5162 
8530000 54094 342.086 855048.472 27.853 0.5731 
8540000 54129 315.855 856106.441 30.964 0.5272 
8550000 54158 294.914 856961.12 25.32 0.4932 
8560000 54189 297.504 857874.45 28.346 0.4972 
8570000 54214 401.64 858676.193 30.445 0.675 
8580000 54241 381.07 859498.337 31.556 0.6321 
8590000 54268 410.762 860344.39 34.231 0.6856 
8600000 54295 333.601 861246.502 33.363 0.5513 
8610000 54326 326.538 862144.56 30.081 0.5425 
8620000 54351 347.753 862895.2 28.941 0.5769 
8630000 54381 334.875 863742.304 30.69 0.5531 
8640000 54409 378.477 864634.436 33.756 0.6311 
8650000 54442 273.815 865487.696 23.325 0.4569 
8660000 54473 298.581 866305.816 22.678 0.5035 
8670000 54498 415.364 867053.336 28.654 0.7078 
8680000 54531 297.574 867900.399 25.923 0.4993 
8690000 54559 331.929 868829.348 31.193 0.5513 
8700000 54591 339.411 869730.079 27.677 0.5678 
8710000 54623 309.244 870656.7 30.175 0.5077 
8720000 54654 311.293 871541.561 27.521 0.5115 
8730000 54684 313.717 872493.692 30.942 0.5179 
8740000 54705 471.486 873117.309 30.035 0.7851 
8750000 54730 390.56 873877.113 27.711 0.6551 
8760000 54754 397.766 874662.431 32.165 0.6602 
8770000 54781 377.038 875436.573 28.863 0.6308 
8780000 54810 453.278 876217.203 30.44 0.7713 
8790000 54838 366.654 877023.642 30.663 0.6094 
8800000 54865 358.034 877763.197 26.223 0.5989 
8810000 54894 351.038 878732.14 30.267 0.5896 
8820000 54922 307.364 879574.221 27.888 0.51 
8830000 54950 355.967 880474.898 33.952 0.5881 
8840000 54980 298.241 881250.958 24.599 0.4957 
8850000 55003 406.716 881998.601 30.966 0.6784 
8860000 55030 403.119 882917.242 34.878 0.6688 
8870000 55058 372.86 883739.903 27.91 0.6189 
8880000 55087 366.258 884610.179 28.708 0.6104 
8890000 55122 293.015 885537.888 28.572 0.4832 
8900000 55149 363.364 886431.661 31.307 0.5971 
8910000 55178 396.83 887339.496 32.759 0.66 
8920000 55203 343.538 888140.323 29.236 0.5701 
8930000 55230 334.149 888927.74 26.759 0.5541 
8940000 55262 310.504 889862.014 28.995 0.5133 
8950000 55289 389.909 890638.512 31.742 0.6472 
8960000 55314 370.87 891459.424 30.385 0.6151 
8970000 55340 427.05 892324.278 34.604 0.7089 
8980000 55371 297.912 893222.896 28.689 0.49 
8990000 55394 441.459 893991.247 33.179 0.7323 
9000000 55421 367.413 894792.612 29.478 0.609 
9010000 55455 248.592 895751.837 27.226 0.4107 
9020000 55482 356.755 896469.207 26.031 0.5938 
9030000 55512 360.992 897374.513 34.863 0.6012 
9040000 55537 375.619 898197.099 28.787 0.6352 
9050000 55562 424.284 898980.483 28.677 0.7159 
9060000 55583 447.871 899659.536 32.9 0.7506 
9070000 55607 358.883 900510.272 32.513 0.5962 
9080000 55633 331.652 901442.816 35.046 0.5493 
9090000 55660 350.087 902380.989 32.397 0.5792 
9100000 55683 454.148 903107.268 32.064 0.7547 
9110000 55712 314.197 903910.63 26.524 0.5207 
9120000 55739 360.04 904803.588 32.337 0.6025 
9130000 55767 346.748 905711.143 33.194 0.5746 
9140000 55791 357.839 906546.123 34.395 0.5938 
9150000 55815 428.664 907485.21 40.831 0.7177 
9160000 55842 383.221 908447.145 38.289 0.6317 
9170000 55864 389.104 909214.477 31.27 0.647 
9180000 55893 280.488 910110.33 25.313 0.4623 
9190000 55920 375.384 911066.697 35.558 0.6185 
9200000 55948 334.78 912036.325 35.725 0.5517 
9210000 55978 306.962 912868.574 27.965 0.5063 
9220000 56007 339.056 913899.936 33.537 0.5616 
9230000 56035 256.84 914757.162 25.453 0.4232 
9240000 56054 523.621 915473.751 37.207 0.8789 
9250000 56077 448.461 916262.24 36.311 0.7488 
9260000 56106 321.843 917269.523 33.561 0.5302 
9270000 56130 397.941 918186.356 36.863 0.6622 
9280000 56153 464.229 918939.337 35.597 0.7731 
9290000 56176 450.246 919835.827 38.353 0.7523 
9300000 56205 284.178 920885.371 31.752 0.4669 
9310000 56230 395.764 921660.383 31.986 0.6617 
9320000 56258 353.506 922446.837 30.25 0.5893 
9330000 56280 397.754 923358.371 36.233 0.6573 
9340000 56305 374.074 924290.732 35.811 0.6193 
9350000 56330 390.53 925140.737 29.729 0.6535 
9360000 56359 405.523 926105.421 38.013 0.6719 
9370000 56381 402.032 926860.16 32.039 0.6663 
9380000 56404 414.548 927633.121 33.798 0.6834 
9390000 56427 427.74 928451.678 35.674 0.7054 
9400000 56452 342.699 929257.895 28.487 0.5692 
9410000 56477 425.637 930053.986 32.181 0.7072 
9420000 56500 464.475 930800.224 32.074 0.7738 
9430000 56526 408.946 931726.672 33.553 0.6812 
9440000 56550 389.984 932476.116 30.149 0.645 
9450000 56572 508.455 933346.262 38.232 0.8439 
9460000 56594 502.248 934223.558 40.522 0.8339 
9470000 56620 389.942 935071.686 31.872 0.6472 
9480000 56652 297.358 936137.42 36.317 0.4839 
9490000 56677 351.715 937007.12 33.898 0.5821 
9500000 56697 486.572 937769.803 36.848 0.8054 
9510000 56725 354.408 938712.29 33.943 0.5845 
9520000 56750 386.453 939631.129 36.442 0.634 
9530000 56780 327.685 940638.665 37.414 0.5352 
9540000 56804 385.543 941436.688 29.889 0.642 
9550000 56832 330.135 942372.198 33.172 0.542 
9560000 56856 404.303 943239.192 34.792 0.6702 
9570000 56877 492.618 944018.545 37.591 0.817 
9580000 56906 377.896 944888.911 31.967 0.6214 
9590000 56927 520.508 945725.752 42.623 0.859 
9600000 56947 500.114 946441.134 38.666 0.8278 
9610000 56969 459.686 947352.079 39.653 0.7527 
9620000 56992 443.581 948134.863 34.806 0.7265 
9630000 57014 453.227 949096.32 40.389 0.745 
9640000 57040 397.244 949992.367 35.85 0.6581 
9650000 57060 448.591 950750.64 33.333 0.7469 
9660000 57084 418.795 951703.35 39.902 0.6945 
9670000 57108 392.474 952543.256 37.047 0.6501 
9680000 57131 413.038 953401.642 34.607 0.69 
9690000 57156 436.235 954283.921 35.928 0.7232 
9700000 57179 474.252 955108.467 36.431 0.7927 
9710000 57200 466.091 955874.851 34.909 0.7685 
9720000 57219 502.047 956698.149 43.295 0.833 
9730000 57247 313.961 957483.626 25.572 0.5184 
9740000 57273 394.627 958375.835 34.495 0.6489 
9750000 57298 360.627 959291.575 32.045 0.5976 
9760000 57322 479.137 960135.649 37.73 0.8015 
9770000 57348 439.533 960988.321 34.52 0.7243 
9780000 57371 360.444 961906.297 34.872 0.5947 
9790000 57391 460.022 962663.472 36.874 0.7636 
9800000 57413 448.12 963480.216 37.328 0.7471 
9810000 57433 505.744 964396.891 46.661 0.8363 
9820000 57457 371.747 965097.304 30.358 0.6125 
9830000 57482 452.285 966019.086 36.123 0.758 
9840000 57510 363.888 966863.592 28.917 0.6036 
9850000 57535 414.053 967711.933 33.938 0.6903 
9860000 57558 416.749 968522.829 34.553 0.6938 
9870000 57584 378.329 969602.137 42.063 0.6221 
9880000 57604 492.948 970438.195 42.354 0.826 
9890000 57625 519.986 971216.802 43.939 0.8734 
9900000 57645 514.343 972095.353 44.205 0.8658 
9910000 57663 519.415 972827.126 41.931 0.877 
9920000 57683 489.969 973647.276 41.435 0.8202 
9930000 57702 479.478 974278.217 34.728 0.8066 
9940000 57725 381.02 975171.363 35.281 0.6333 
9950000 57744 513.122 975992.437 43.091 0.8594 
9960000 57771 385.244 976996.211 36.52 0.6384 
9970000 57790 506.884 977785.55 43.975 0.8463 
9980000 57814 419.445 978622.722 35.126 0.7039 
9990000 57843 343.651 979619.657 34.006 0.566 
10000000 57866 389.281 980498.727 36.345 0.6481 
10010000 57894 346.038 981416.902 33.501 0.5753 
10020000 57921 361.799 982323.047 32.97 0.605 
10030000 57945 351.134 983232.364 34.649 0.5838 
10040000 57973 348.838 984266.306 34.976 0.5788 
10050000 57999 429.471 985148.89 39.58 0.7127 
10060000 58022 434.936 985979.682 33.133 0.7287 
10070000 58053 324.184 987008.251 34.035 0.5372 
10080000 58079 384.484 987861.286 32.754 0.6449 
10090000 58103 382.563 988765.062 37.58 0.6349 
10100000 58120 573.12 989552.809 43.898 0.9461 
10110000 58143 435.305 990477.728 39.725 0.7159 
10120000 58168 368.012 991441.922 37.325 0.6085 
10130000 58191 421.824 992288.608 37.511 0.6932 
10140000 58213 406.355 993086.642 33.071 0.6711 
10150000 58244 332.331 994011.158 32.24 0.5427 
10160000 58259 519.353 994668.533 37.658 0.8684 
10170000 58286 351.335 995601.989 35.026 0.5811 
10180000 58311 358.154 996569.359 37.175 0.5955 
10190000 58341 324.143 997586.254 32.862 0.5377 
10200000 58365 377.946 998468.745 35.485 0.6258 
10210000 58388 426.453 999351.564 39.273 0.7058 
10220000 58414 370.649 1000155.52 30.373 0.622 
10230000 58439 369.443 1001129.678 38.652 0.6086 
10240000 58458 507.75 1001935.094 40.903 0.855 
10250000 58480 443.935 1002785.608 39.719 0.7387 
10260000 58503 423.507 1003669.44 40.559 0.7024 
10270000 58527 372.663 1004613.144 36.237 0.6148 
10280000 58547 427.96 1005527.293 41.918 0.7118 
10290000 58572 371.724 1006429.736 35.436 0.6198 
10300000 58601 346.109 1007385.654 33.033 0.5701 
10310000 58625 378.395 1008379.732 41.546 0.6254 
10320000 58644 519.996 1009183.273 45.92 0.8609 
10330000 58671 317.415 1010265.795 36.491 0.5192 
10340000 58696 360.951 1011216.188 35.099 0.5971 
10350000 58714 498.679 1012071.885 44.11 0.8319 
10360000 58739 403.669 1012902.441 33.35 0.6712 
10370000 58761 447.486 1013857.441 41.823 0.7389 
10380000 58780 524.381 1014683.723 43.449 0.8688 
10390000 58803 420.741 1015485.644 34.522 0.691 
10400000 58824 476.981 1016348.163 43.606 0.783 
10410000 58843 593.119 1017120.325 45.06 0.9966 
10420000 58862 538.338 1017798.211 34.14 0.9098 
10430000 58888 375.96 1018659.829 32.512 0.6257 
10440000 58915 324.622 1019664.922 36.853 0.5318 
10450000 58936 455.003 1020564.238 42.729 0.7568 
10460000 58964 369.394 1021626.008 37.077 0.6087 
10470000 58986 514.389 1022482.883 43.54 0.8532 
10480000 59015 387.637 1023500.322 34.569 0.6408 
10490000 59048 324.194 1024599.115 36.363 0.5335 
10500000 59068 432.595 1025491.921 42.35 0.717 
10510000 59089 390.099 1026430.172 41.097 0.6431 
10520000 59112 417.943 1027303.459 40.654 0.6908 
10530000 59136 401.291 1028245.922 38.815 0.663 
10540000 59154 460.793 1029108.053 40.87 0.7644 
10550000 59177 429.441 1029910.372 35.181 0.7182 
10560000 59201 430.252 1030808.516 33.811 0.7195 
10570000 59222 506.746 1031550.778 36.322 0.846 
10580000 59247 362.332 1032466.183 33.616 0.6011 
10590000 59266 469.892 1033343.537 43.985 0.7858 
10600000 59289 395.378 1034251.78 36.936 0.6557 
10610000 59312 374.442 1035037.106 31.021 0.6247 
10620000 59331 506.659 1035960.702 43.95 0.8475 
10630000 59360 395.498 1036867.678 34.438 0.6558 
10640000 59377 535.121 1037650.551 45.388 0.8932 
10650000 59395 563.455 1038390.918 41.704 0.939 
10660000 59419 420.315 1039400.066 40.343 0.6928 
10670000 59441 436.957 1040300.765 41.065 0.7256 
10680000 59466 394.286 1041268.422 36.019 0.6521 
10690000 59485 504.677 1042156.687 43.445 0.8311 
10700000 59515 371.106 1043193.94 36.787 0.6074 
10710000 59537 494.053 1044114.018 42.497 0.8148 
10720000 59560 485.355 1045056.04 39.909 0.805 
10730000 59580 421.195 1045959.245 42.504 0.6926 
10740000 59604 397.287 1046871.97 39.581 0.6533 
10750000 59634 345.728 1047944.894 34.104 0.5658 
10760000 59663 380.476 1048852.362 32.682 0.6306 
10770000 59681 574.031 1049587.654 38.991 0.9635 
10780000 59713 292.617 1050687.771 35.15 0.475 
10790000 59733 446.682 1051439.049 35.042 0.7366 
10800000 59762 354.636 1052503.492 37.848 0.5791 
10810000 59787 376.289 1053405.73 33.165 0.6253 
10820000 59810 399.268 1054378.595 38.563 0.6597 
10830000 59832 542.399 1055314.716 46.261 0.9019 
10840000 59854 409.357 1056136.416 33.568 0.6834 
10850000 59878 428.886 1057109.715 39.17 0.7164 
10860000 59902 392.603 1057974.788 36.732 0.6557 
10870000 59924 403.192 1058972.451 41.158 0.6677 
10880000 59943 513.99 1059725.019 43.163 0.86 
10890000 59966 466.776 1060681.74 38.776 0.7783 
10900000 59987 442.21 1061595.564 39.327 0.7311 
10910000 60012 399.021 1062542.469 37.713 0.6629 
10920000 60035 447.137 1063519.493 43.108 0.7392 
10930000 60056 463.654 1064476.683 41.997 0.7684 
10940000 60078 407.207 1065317.871 37.435 0.6765 
10950000 60098 558.61 1066144.264 42.116 0.9415 
10960000 60126 359.63 1067162.025 37.628 0.5957 
10970000 60150 445.992 1068002.561 37.669 0.7406 
10980000 60174 400.975 1068890.672 37.296 0.6703 
10990000 60199 429.764 1069756.218 35.064 0.7187 
11000000 60226 351.364 1070707.981 32.673 0.5854 
11010000 60245 500.475 1071538.083 40.269 0.8385 
11020000 60272 394.698 1072435.335 36.055 0.6633 
11030000 60299 379.456 1073335.901 32.959 0.6322 
11040000 60320 385.525 1074335.032 39.184 0.6418 
11050000 60344 454.245 1075314.044 45.867 0.7509 
11060000 60369 393.554 1076307.678 37.834 0.6499 
11070000 60396 374.966 1077316.633 37.786 0.6194 
11080000 60426 323.735 1078190.882 28.42 0.5397 
11090000 60446 437.92 1079123.732 41.157 0.727 
11100000 60468 442.962 1079971.737 39.97 0.7372 
11110000 60496 332.918 1080930.152 35.448 0.5484 
11120000 60517 485.621 1081792.779 41.15 0.8036 
11130000 60535 508.249 1082681.999 46.778 0.8351 
11140000 60555 473.583 1083721.588 50.006 0.7794 
11150000 60577 449.786 1084535.417 40.132 0.7556 
11160000 60605 346.528 1085536.562 34.991 0.5711 
11170000 60627 406.806 1086612.49 43.326 0.6718 
11180000 60651 423.06 1087617.505 45.945 0.6995 
11190000 60673 471.474 1088461.525 40.62 0.7839 
11200000 60693 507.021 1089384.339 48.221 0.8456 
11210000 60712 495.601 1090274.952 44.146 0.83 
11220000 60731 537.597 1091179.842 49.179 0.8905 
11230000 60753 438.752 1092100.616 44.752 0.7267 
11240000 60776 437.685 1093005.573 39.242 0.7257 
11250000 60801 428.848 1094107.1 44.467 0.7132 
11260000 60826 404.761 1095152.949 40.693 0.6718 
11270000 60853 376.417 1096102.693 38.349 0.6232 
11280000 60876 532.599 1096893.72 34.141 0.8912 
11290000 60898 515.322 1097810.337 43.743 0.8619 
11300000 60918 572.158 1098645.187 43.235 0.9507 
11310000 60940 485.809 1099637.452 45.172 0.8043 
11320000 60964 469.411 1100550.334 39.742 0.789 
11330000 60989 398.672 1101553.495 37.242 0.6652 
11340000 61011 397.926 1102396.277 34.794 0.6689 
11350000 61036 386.923 1103319.273 35.705 0.6422 
11360000 61057 496.184 1104177.55 42.554 0.8295 
11370000 61077 465.612 1105026.29 39.456 0.7755 
11380000 61098 386.373 1105917.702 39.641 0.6365 
11390000 61117 546.828 1106948.398 54.255 0.9011 
11400000 61145 402.02 1108000.505 40.16 0.6661 
11410000 61167 451.115 1108830.528 39.977 0.7459 
11420000 61186 465.227 1109675.31 38.232 0.7807 
11430000 61208 419.58 1110653.341 39.985 0.7016 
11440000 61231 436.004 1111481.065 36.218 0.7357 
11450000 61258 358.319 1112337.485 29.826 0.5982 
11460000 61283 401.07 1113141.96 33.102 0.6702 
11470000 61305 437.404 1114008.748 42.968 0.7219 
11480000 61329 443.196 1114927.428 38.016 0.7319 
11490000 61349 517.569 1115782.057 40.823 0.8622 
11500000 61377 338.835 1116637.687 29.379 0.5616 
11510000 61401 415.31 1117579.305 40.52 0.6855 
11520000 61419 510.66 1118410.218 42.323 0.8475 
11530000 61442 394.557 1119277.182 38.721 0.6503 
11540000 61467 365.672 1120295.599 37.604 0.6036 
11550000 61490 421.997 1121362.295 45.89 0.6939 
11560000 61515 372.624 1122354.828 40.678 0.6135 
11570000 61541 333.238 1123309.918 34.39 0.5482 
11580000 61564 438.014 1124291.736 42.34 0.725 
11590000 61590 350.981 1125179.939 32.228 0.5796 
11600000 61619 318.592 1126155.431 30.346 0.5303 
11610000 61645 341.053 1127057.287 28.997 0.5679 
11620000 61664 529.603 1127836.461 43.609 0.8806 
11630000 61688 426.96 1128878.795 39.981 0.7053 
11640000 61708 500.128 1129698.779 45.461 0.8328 
11650000 61730 402.326 1130603.467 39.913 0.6643 
11660000 61744 638.736 1131529.513 58.306 1.0582 
11670000 61767 459.426 1132434.959 42.318 0.7651 
11680000 61789 375.39 1133339.536 37.765 0.6236 
11690000 61810 490.061 1134179.221 40.173 0.8189 
11700000 61827 496.592 1134998.343 45.755 0.8227 
11710000 61848 478.205 1135870.522 41.937 0.7949 
11720000 61875 383.384 1136957.35 39.561 0.6361 
11730000 61894 487.726 1137748.09 42.89 0.8087 
11740000 61916 404.734 1138714.752 42.872 0.6639 
11750000 61938 451.59 1139569.96 39.077 0.7498 
11760000 61957 523.167 1140391.848 45.405 0.8671 
11770000 61981 381.803 1141367.709 40.529 0.631 
11780000 62000 502.618 1142124.983 41.604 0.8434 
11790000 62027 405.056 1143214.94 42.669 0.6718 
11800000 62048 457.651 1144219.669 46.652 0.7591 
11810000 62071 458.58 1145068.937 37.832 0.7705 
11820000 62095 354.668 1145970.28 34.854 0.5866 
11830000 62118 392.952 1146870.307 38.312 0.6512 
11840000 62137 520.892 1147774.353 49.708 0.8623 
11850000 62161 396.273 1148662.307 40.991 0.6545 
11860000 62182 503.005 1149622.481 45.115 0.8341 
11870000 62208 372.01 1150632.518 36.331 0.6168 
11880000 62230 399.022 1151510.465 37.162 0.6627 
11890000 62253 405.458 1152490.89 41.52 0.6738 
11900000 62273 476.796 1153359.875 42.755 0.7982 
11910000 62296 435.158 1154425.148 45.149 0.72 
11920000 62319 420.586 1155340.098 42.317 0.7002 
11930000 62340 447.234 1156127.279 39.068 0.7471 
11940000 62365 363.321 1156974.948 33.791 0.6024 
11950000 62382 526.575 1157664.744 40.29 0.8813 
11960000 62407 461.017 1158610.339 37.133 0.7675 
11970000 62429 518.855 1159524.259 39.904 0.8702 
11980000 62457 363.857 1160545.14 34.912 0.6028 
11990000 62482 403.413 1161460.99 37.239 0.6682 
12000000 62502 472.318 1162407.201 44.214 0.7774 
12010000 62521 499.691 1163254.197 45.035 0.8208 
12020000 62542 437.457 1164095.28 39.116 0.7203 
12030000 62567 347.159 1165035.253 36.148 0.5671 
12040000 62586 421.101 1165899.739 41.459 0.6941 
12050000 62612 401.324 1166841.116 38.506 0.6624 
12060000 62629 469.567 1167663.31 42.108 0.7775 
12070000 62653 419.606 1168603.375 37.676 0.6882 
12080000 62679 397.351 1169541.594 39.079 0.6543 
12090000 62693 599.269 1170375.672 50.153 0.9931 
12100000 62722 365.633 1171537.347 39.491 0.597 
12110000 62742 392.244 1172368.128 35.053 0.6483 
12120000 62763 482.97 1173237.898 40.883 0.7925 
12130000 62788 504.904 1174170.154 41.201 0.8371 
12140000 62812 423.367 1175139.848 44.472 0.6933 
12150000 62837 378.716 1176185.371 38.008 0.6214 
12160000 62858 461.301 1176979.188 38.064 0.763 
12170000 62884 422.906 1177952.694 41.591 0.697 
12180000 62903 548.518 1178817.211 46.897 0.9015 
12190000 62924 488.065 1179729.62 42.663 0.8062 
12200000 62944 498.092 1180556.087 40.289 0.8252 
12210000 62963 498.796 1181281.146 36.614 0.8394 
12220000 62986 439.292 1182283.047 40.605 0.7295 
12230000 63010 384.817 1183131.18 36.454 0.6383 
12240000 63031 438.362 1184011.483 40.109 0.7225 
12250000 63052 441.426 1184974.262 43.926 0.7232 
12260000 63073 575.567 1185903.648 43.024 0.9505 
12270000 63101 369.937 1186895.95 35.718 0.6079 
12280000 63121 417.267 1187765.394 42.358 0.6855 
12290000 63141 490.785 1188600.403 43.522 0.8104 
12300000 63156 607.676 1189444.704 50.693 1.0075 
12310000 63179 416.818 1190455.675 42.683 0.6807 
12320000 63201 478.114 1191511.964 50.378 0.7854 
12330000 63222 461.64 1192470.283 46.756 0.7593 
12340000 63249 375.295 1193551.722 41.712 0.613 
12350000 63273 401.048 1194570.786 45.12 0.6562 
12360000 63296 477.67 1195444.273 37.145 0.7966 
12370000 63317 441.077 1196245.405 35.544 0.7374 
12380000 63340 445.339 1197253.816 43.167 0.7385 
12390000 63361 442.234 1198186.958 39.656 0.7328 
12400000 63386 382.985 1199287.299 43.031 0.6268 
12410000 63408 418.265 1200167.133 40.244 0.6881 
12420000 63428 486.183 1201001.123 40.564 0.8064 
12430000 63447 597.095 1201782.804 42.475 0.986 
12440000 63471 446.846 1202813.813 39.57 0.7378 
12450000 63497 403.058 1203787.531 40.223 0.6569 
12460000 63519 446.235 1204744.782 39.224 0.7379 
12470000 63540 465.569 1205657.421 47.359 0.7629 
12480000 63560 429.31 1206732.241 46.404 0.6993 
12490000 63582 478.123 1207700.273 43.511 0.7908 
12500000 63609 355.707 1208669.3 32.591 0.5847 
12510000 63628 532.901 1209437.307 38.749 0.8856 
12520000 63651 409.886 1210398.696 38.6 0.6748 
12530000 63676 448.957 1211470.545 45.829 0.7402 
12540000 63698 464.709 1212513.92 46.41 0.7637 
12550000 63719 525.995 1213287.643 34.018 0.8717 
12560000 63740 462.336 1214282.89 45.125 0.7622 
12570000 63765 373.969 1215144.95 31.842 0.6196 
12580000 63789 378.404 1216158.632 37.806 0.6205 
12590000 63813 458.05 1217069.869 39.915 0.7575 
12600000 63836 396.51 1217998.001 39.933 0.6512 
12610000 63852 556.301 1218704.947 45.669 0.9237 
12620000 63876 487.658 1219604.681 42.338 0.8045 
12630000 63904 348.736 1220604.559 37.627 0.5698 
12640000 63924 477.218 1221521.819 43.933 0.7884 
12650000 63946 442.031 1222364.043 37.045 0.7341 
12660000 63965 546.491 1223259.531 48.776 0.9076 
12670000 63990 385.856 1224311.989 44.155 0.6345 
12680000 64013 472.744 1225225.209 40.949 0.7942 
12690000 64033 546.228 1226033.76 40.307 0.9103 
12700000 64055 440.268 1226866.943 38.128 0.7301 
12710000 64077 462.246 1227702.294 35.82 0.7667 
12720000 64095 539.551 1228618.249 52.159 0.8907 
12730000 64115 527.397 1229457.114 42.21 0.8782 
12740000 64135 476.792 1230289.491 44.768 0.7889 
12750000 64156 515.213 1231166.804 44.746 0.8532 
12760000 64174 584.547 1231982.64 44.664 0.9657 
12770000 64193 582.994 1232833.87 46.183 0.9569 
12780000 64212 528.089 1233662.75 42.716 0.8839 
12790000 64234 455.689 1234519.434 41.757 0.7534 
12800000 64256 491.531 1235273.425 37.979 0.8179 
12810000 64274 539.101 1236057.567 41.628 0.9007 
12820000 64295 426.948 1237001.307 40.883 0.7131 
12830000 64315 458.199 1237868.144 42.132 0.7621 
12840000 64336 464.581 1238812.892 40.335 0.773 
12850000 64356 514.512 1239843.59 52.06 0.849 
12860000 64378 402.255 1240710.721 38.857 0.6633 
12870000 64401 400.707 1241660.731 40.359 0.664 
12880000 64419 530.493 1242726.184 55.018 0.8775 
12890000 64446 338.383 1243700.157 35.436 0.5579 
12900000 64469 425.197 1244688.59 40.593 0.7106 
12910000 64487 465.715 1245636.761 46.567 0.7787 
12920000 64507 489.331 1246518.459 45.526 0.8153 
12930000 64529 502.014 1247393.553 44.847 0.8345 
12940000 64544 600.48 1248006.143 40.843 1.0185 
12950000 64566 470.892 1249024.57 45.64 0.7847 
12960000 64585 500.902 1249848.052 42.403 0.8357 
12970000 64608 475.836 1250881.748 43.921 0.7916 
12980000 64631 438.982 1251842.262 43.099 0.7291 
12990000 64652 440.523 1252791.878 43.679 0.7362 
13000000 64671 481.964 1253605.238 41.826 0.8075 
13010000 64690 490.476 1254470.668 45.886 0.8193 
13020000 64721 299.451 1255577.972 34.257 0.4934 
13030000 64742 405.5 1256466.688 38.934 0.6739 
13040000 64766 423.586 1257405.864 43.096 0.7048 
13050000 64782 548.235 1258199.105 47.089 0.9126 
13060000 64806 403.031 1259088.977 38.276 0.6747 
13070000 64825 539.826 1260060.981 53.298 0.8979 
13080000 64841 578.625 1260821.759 46.859 0.9689 
13090000 64861 523.586 1261689.342 41.354 0.8826 
13100000 64885 412.041 1262712.685 40.173 0.6852 
13110000 64905 518.014 1263666.783 45.352 0.8654 
13120000 64930 394.833 1264757.025 43.553 0.6559 
13130000 64954 458.603 1265777.18 48.074 0.7565 
13140000 64978 386.701 1266783.3 39.259 0.6456 
13150000 65001 452.759 1267869.743 46.032 0.7528 
13160000 65019 505.319 1268707.623 46.645 0.8452 
13170000 65040 423.312 1269649.398 41.672 0.7035 
13180000 65065 356.955 1270521.713 33.623 0.5954 
13190000 65093 339.558 1271587.54 36.395 0.5618 
13200000 65113 496.674 1272524.455 50.325 0.8251 
13210000 65131 564.904 1273608.676 55.839 0.9332 
13220000 65157 429.547 1274731.23 45.542 0.7039 
13230000 65174 598.443 1275564.166 51.014 0.9843 
13240000 65195 390.857 1276323.828 35.553 0.6415 
13250000 65213 628.576 1277185.105 49.424 1.0388 
13260000 65238 421.558 1278155.721 40.671 0.6977 
13270000 65265 363.899 1279158.394 30.57 0.6035 
13280000 65282 632.939 1279874.422 40.771 1.0642 
13290000 65304 477.556 1280888.01 45.038 0.7825 
13300000 65323 558.96 1281817.04 50.234 0.919 
13310000 65346 459.126 1282799.789 48.157 0.7538 
13320000 65365 484.408 1283653.866 45.291 0.7982 
13330000 65392 355.136 1284760.008 42.534 0.579 
13340000 65409 527.316 1285716.521 48.626 0.8685 
13350000 65433 470.834 1286810.784 50.471 0.7728 
13360000 65453 515.495 1287728.399 50.498 0.8413 
13370000 65478 393.334 1288773.407 37.274 0.6466 
13380000 65498 455.767 1289732.126 44.636 0.753 
13390000 65517 473.68 1290782.239 52.282 0.7766 
13400000 65544 400.939 1291859.163 44.306 0.6548 
13410000 65563 497.125 1292753.734 43.699 0.8249 
13420000 65587 413.784 1293596.393 35.717 0.6822 
13430000 65609 448.468 1294464.745 37.747 0.7431 
13440000 65629 497.666 1295503.244 51.499 0.8205 
13450000 65652 418.465 1296520.4 42.715 0.6835 
13460000 65671 537.969 1297389.989 50.525 0.8888 
13470000 65692 504.801 1298293.827 44.278 0.8421 
13480000 65716 398.235 1299391.068 44.559 0.6543 
13490000 65738 439.303 1300220.8 35.132 0.7182 
13500000 65760 476.825 1300921.286 33.377 0.7946 
13510000 65781 391.95 1301650.433 31.087 0.6525 
13520000 65801 452.717 1302458.793 38.634 0.7435 
13530000 65824 411.653 1303293.95 35.558 0.6793 
13540000 65854 309.483 1304333.279 32.222 0.5053 
13550000 65876 431.532 1305360.874 47.395 0.7072 
13560000 65901 358.914 1306387.674 39.035 0.5876 
13570000 65921 462.072 1307295.764 45.677 0.7581 
13580000 65943 423.292 1308334.175 46.964 0.6943 
13590000 65965 442.56 1309385.576 45.542 0.7309 
13600000 65987 359.833 1310251.925 35.162 0.5941 
13610000 66008 443.094 1311217.256 45.98 0.7262 
13620000 66036 333.52 1312217.452 33.259 0.5481 
13630000 66059 425.113 1313176.72 45.424 0.7006 
13640000 66081 428.38 1314102.579 43.867 0.7013 
13650000 66105 421.256 1315108.763 40.966 0.698 
13660000 66128 441.576 1315955.242 39.33 0.7285 
13670000 66157 318.594 1317037.363 36.338 0.5219 
13680000 66180 430.984 1317981.207 41.17 0.7102 
13690000 66206 374.803 1318819.715 34.476 0.6201 
13700000 66229 465.211 1319785.04 43.289 0.7696 
13710000 66250 471.806 1320720.818 47.426 0.7782 
13720000 66270 534.285 1321587.637 44.392 0.8805 
13730000 66298 337.587 1322712.606 37.079 0.5549 
13740000 66321 384.661 1323711.113 44.348 0.6291 
13750000 66341 498.737 1324588.922 44.679 0.82 
13760000 66363 536.215 1325376.28 34.353 0.8963 
13770000 66383 491.278 1326183.184 39.28 0.8172 
13780000 66399 536.597 1326938.623 42.288 0.8909 
13790000 66422 541.97 1327843.523 42.923 0.9034 
13800000 66442 441.623 1328771.262 45.008 0.727 
13810000 66463 459.684 1329653.323 39.144 0.7598 
13820000 66485 432.969 1330504.3 36.341 0.7203 
13830000 66505 468.316 1331328.131 38.645 0.7815 
13840000 66522 558.288 1332095.586 41.664 0.925 
13850000 66544 449.714 1332986.411 42.433 0.7419 
13860000 66571 360.884 1334078.442 41.32 0.5897 
13870000 66596 379.724 1334956.626 36.373 0.6273 
13880000 66617 456.289 1335791.441 39.804 0.751 
13890000 66641 396.709 1336752.158 39.836 0.655 
13900000 66664 381.526 1337646.512 37.952 0.6278 
13910000 66685 406.224 1338666.155 47.813 0.6624 
13920000 66709 384.552 1339621.535 39.312 0.6342 
13930000 66729 485.58 1340663.063 49.991 0.7937 
13940000 66752 479.265 1341626.387 45.19 0.7914 
13950000 66775 426.538 1342508.256 34.712 0.7042 
13960000 66796 375.514 1343337.354 37.175 0.619 
13970000 66812 529.988 1344150.041 49.451 0.8775 
13980000 66831 514.698 1345126.081 50.526 0.8435 
13990000 66849 588.113 1345967.914 51.834 0.9721 
14000000 66872 402.898 1346944.597 39.616 0.6623 
14010000 66890 526.919 1347910.542 49.974 0.8712 
14020000 66913 479.382 1348844.185 41.364 0.8046 
14030000 66937 446.12 1349812.21 41.169 0.7432 
14040000 66960 401.706 1350849.275 42.464 0.6647 
14050000 66986 384.416 1351895.417 40.763 0.6377 
14060000 67010 373.937 1353109.314 47.3 0.6124 
14070000 67026 585.26 1353935.044 47.921 0.9686 
14080000 67047 431.821 1355088.404 51.791 0.7107 
14090000 67070 427.544 1356137.802 44.678 0.7036 
14100000 67100 347.17 1357124.943 33.855 0.5754 
14110000 67125 341.949 1358114.607 34.297 0.5587 
14120000 67143 525.632 1359062.235 52.34 0.8652 
14130000 67159 556.66 1359767.144 44.341 0.924 
14140000 67182 384.276 1360783.699 37.232 0.6284 
14150000 67204 420.533 1361871.77 49.289 0.6867 
14160000 67229 423.963 1362947.309 44.477 0.6956 
14170000 67251 440.507 1363967.734 46.415 0.7244 
14180000 67274 466.0 1364932.592 41.953 0.7712 
14190000 67293 528.191 1365817.431 44.349 0.8784 
14200000 67314 471.348 1366674.512 42.567 0.7803 
14210000 67337 414.257 1367821.766 48.986 0.6784 
14220000 67359 449.691 1368781.494 43.945 0.7459 
14230000 67390 303.266 1369775.533 30.832 0.4944 
14240000 67406 526.784 1370611.127 47.316 0.8687 
14250000 67424 567.745 1371447.877 47.275 0.9495 
14260000 67445 497.873 1372489.43 46.75 0.8285 
14270000 67467 423.733 1373296.367 38.015 0.7002 
14280000 67485 573.412 1374233.516 50.428 0.9538 
14290000 67509 429.341 1375196.645 36.786 0.7077 
14300000 67531 455.583 1376180.698 46.808 0.7466 
14310000 67556 336.405 1377174.053 35.823 0.553 
14320000 67576 418.191 1378018.385 39.85 0.6935 
14330000 67598 498.669 1379091.577 50.757 0.8299 
14340000 67622 392.099 1379945.171 36.479 0.6524 
14350000 67644 489.677 1380876.826 41.566 0.8209 
14360000 67669 404.381 1381855.338 40.304 0.673 
14370000 67692 437.064 1382886.371 43.877 0.7271 
14380000 67711 485.152 1383687.422 41.485 0.8149 
14390000 67736 381.308 1384792.635 40.575 0.6337 
14400000 67757 421.673 1385852.854 44.993 0.6975 
14410000 67779 466.242 1386863.616 48.473 0.7704 
14420000 67801 471.157 1387788.454 44.673 0.7832 
14430000 67819 528.329 1388619.683 46.666 0.8789 
14440000 67841 436.728 1389648.681 46.217 0.7206 
14450000 67867 369.604 1390694.951 42.266 0.606 
14460000 67887 510.051 1391591.95 45.812 0.8446 
14470000 67906 503.381 1392426.841 41.873 0.8324 
14480000 67927 487.63 1393378.186 46.588 0.8083 
14490000 67950 399.92 1394353.419 39.162 0.66 
14500000 67969 496.874 1395168.818 41.1 0.8218 
14510000 67991 479.681 1396057.665 42.988 0.7943 
14520000 68014 435.97 1396982.296 42.849 0.7143 
14530000 68037 464.744 1397990.052 45.012 0.7642 
14540000 68060 452.066 1398906.664 38.341 0.7534 
14550000 68082 488.093 1399837.781 41.679 0.8072 
14560000 68098 532.675 1400584.352 43.895 0.8815 
14570000 68115 646.428 1401498.321 55.577 1.0728 
14580000 68136 399.556 1402471.547 40.324 0.6586 
14590000 68155 494.104 1403275.616 40.628 0.8231 
14600000 68176 506.342 1404177.471 44.639 0.8383 
14610000 68195 524.679 1405108.988 45.685 0.8777 
14620000 68217 475.934 1405981.734 42.402 0.7944 
14630000 68242 450.12 1407110.015 48.17 0.7395 
14640000 68260 499.771 1407984.043 44.185 0.8217 
14650000 68280 445.676 1408822.158 37.155 0.7361 
14660000 68303 443.318 1409709.78 36.715 0.7304 
14670000 68324 459.196 1410620.937 41.863 0.7578 
14680000 68348 397.685 1411373.016 30.777 0.6603 
14690000 68370 500.857 1412256.01 42.003 0.8242 
14700000 68399 339.854 1413367.569 35.559 0.5578 
14710000 68419 526.036 1414262.24 45.799 0.8743 
14720000 68440 435.068 1415144.81 39.458 0.7189 
14730000 68459 482.713 1415829.272 37.013 0.8106 
14740000 68483 415.89 1416759.862 38.133 0.6891 
14750000 68503 530.775 1417580.505 43.305 0.8819 
14760000 68523 514.726 1418395.453 41.101 0.8487 
14770000 68548 384.285 1419299.7 31.769 0.6294 
14780000 68571 379.612 1420277.447 39.726 0.6235 
14790000 68593 407.434 1421302.75 42.184 0.6737 
14800000 68622 399.091 1422480.888 44.225 0.6567 
14810000 68642 576.33 1423412.436 49.325 0.9578 
14820000 68661 515.603 1424334.216 50.139 0.8489 
14830000 68680 430.967 1425283.192 45.841 0.7107 
14840000 68698 504.663 1426089.846 42.75 0.8325 
14850000 68723 396.701 1427120.555 37.609 0.6622 
14860000 68737 596.567 1427813.414 46.379 0.9988 
14870000 68754 593.7 1428674.009 53.209 0.9904 
14880000 68777 453.23 1429768.922 45.61 0.7528 
14890000 68802 413.048 1430822.438 45.55 0.6845 
14900000 68823 436.228 1431907.718 51.666 0.7206 
14910000 68845 396.5 1432790.255 39.698 0.6561 
14920000 68868 382.981 1433685.349 35.12 0.6344 
14930000 68896 324.608 1434767.938 34.715 0.5351 
14940000 68916 465.463 1435764.761 48.176 0.7737 
14950000 68940 430.017 1436915.794 51.125 0.7102 
14960000 68963 487.861 1437777.45 40.761 0.8207 
14970000 68989 432.753 1438780.983 42.285 0.7247 
14980000 69004 651.207 1439603.944 50.015 1.0999 
14990000 69027 459.219 1440691.127 49.316 0.7619 
15000000 69044 516.172 1441610.86 49.405 0.8547 
15010000 69067 481.092 1442629.052 47.482 0.7982 
15020000 69086 555.13 1443475.645 44.506 0.9225 
15030000 69106 521.362 1444310.601 45.139 0.8631 
15040000 69128 507.817 1445272.704 45.496 0.834 
15050000 69149 536.018 1446160.291 43.905 0.8895 
15060000 69170 389.314 1447002.909 34.578 0.639 
15070000 69192 453.535 1447973.525 44.258 0.7484 
15080000 69213 454.525 1448870.207 43.132 0.7477 
15090000 69235 439.402 1449841.632 46.249 0.7171 
15100000 69260 391.259 1450880.022 40.6 0.6392 
15110000 69281 490.517 1451867.395 46.798 0.811 
15120000 69298 527.578 1452764.199 50.718 0.8712 
15130000 69315 562.456 1453664.636 49.31 0.9316 
15140000 69336 482.033 1454594.027 46.424 0.7964 
15150000 69359 500.102 1455560.48 42.84 0.8378 
15160000 69382 479.74 1456637.936 50.364 0.7889 
15170000 69404 467.593 1457450.889 41.069 0.7759 
15180000 69425 478.99 1458527.05 45.094 0.7897 
15190000 69446 499.643 1459435.287 46.048 0.8289 
15200000 69466 451.756 1460294.556 38.239 0.75 
15210000 69489 446.072 1461105.826 33.301 0.7349 
15220000 69515 366.677 1462062.241 34.27 0.6042 
15230000 69540 453.47 1463124.328 41.385 0.7447 
15240000 69566 388.552 1464136.482 40.276 0.6394 
15250000 69594 343.606 1465152.727 37.71 0.5646 
15260000 69611 564.048 1465933.414 45.345 0.943 
15270000 69630 568.645 1466696.754 42.032 0.9486 
15280000 69653 485.222 1467688.944 45.303 0.8008 
15290000 69670 575.696 1468468.797 49.568 0.9512 
15300000 69696 416.805 1469487.393 37.845 0.6902 
15310000 69717 454.283 1470502.656 48.091 0.7555 
15320000 69737 514.861 1471558.531 52.084 0.8569 
15330000 69764 356.697 1472660.129 41.752 0.5851 
15340000 69788 447.748 1473743.717 49.8 0.7422 
15350000 69808 473.117 1474655.44 44.852 0.7901 
15360000 69827 484.934 1475659.233 48.784 0.8079 
15370000 69853 369.85 1476557.422 33.63 0.6099 
15380000 69871 529.46 1477376.766 42.829 0.877 
15390000 69895 414.545 1478294.485 36.783 0.6922 
15400000 69921 317.248 1479230.174 32.425 0.5244 
15410000 69938 522.96 1480047.133 46.261 0.8661 
15420000 69960 456.799 1480981.521 43.427 0.761 
15430000 69981 521.671 1481912.152 49.316 0.866 
15440000 69997 586.497 1482775.193 48.934 0.9809 
15450000 70022 416.292 1483816.635 42.159 0.6883 
15460000 70042 423.559 1484811.086 47.227 0.6975 
15470000 70061 516.72 1485634.855 44.172 0.8614 
15480000 70083 465.01 1486538.845 39.458 0.7776 
15490000 70099 565.428 1487313.932 46.261 0.9449 
15500000 70120 470.042 1488238.229 39.755 0.7806 
15510000 70143 484.017 1489045.942 37.992 0.8039 
15520000 70163 500.059 1490083.598 50.197 0.8295 
15530000 70185 480.198 1491180.105 52.301 0.7924 
15540000 70202 551.195 1491933.938 50.663 0.9175 
15550000 70217 627.021 1492862.081 60.339 1.0445 
15560000 70237 581.754 1493667.026 42.775 0.9756 
15570000 70257 503.961 1494662.019 51.453 0.8366 
15580000 70277 512.869 1495550.795 46.436 0.8512 
15590000 70293 620.776 1496314.126 45.843 1.0457 
15600000 70317 455.849 1497340.729 44.505 0.7589 
15610000 70336 462.891 1498227.714 42.335 0.7782 
15620000 70353 593.067 1499048.743 49.521 0.9936 
15630000 70373 492.685 1499983.931 48.086 0.8223 
15640000 70395 495.696 1500894.754 42.66 0.8256 
15650000 70416 410.383 1501841.008 39.083 0.6842 
15660000 70437 500.823 1502744.414 41.071 0.836 
15670000 70458 418.893 1503602.919 38.303 0.6991 
15680000 70479 442.96 1504654.964 47.145 0.7334 
15690000 70500 456.758 1505541.004 46.033 0.7616 
15700000 70518 499.281 1506322.209 43.839 0.8332 
15710000 70539 455.276 1507260.751 41.493 0.76 
15720000 70565 351.805 1508212.945 33.933 0.5819 
15730000 70587 462.268 1509227.401 46.918 0.7614 
15740000 70606 508.19 1510030.084 42.275 0.8339 
15750000 70627 470.212 1511025.356 49.239 0.7722 
15760000 70650 442.045 1511928.81 37.297 0.7309 
15770000 70670 468.689 1512835.333 40.861 0.7738 
15780000 70692 443.207 1513712.461 37.181 0.7311 
15790000 70715 477.798 1514544.465 40.81 0.795 
15800000 70734 520.586 1515314.146 37.565 0.8673 
15810000 70756 421.981 1516118.143 33.104 0.7008 
15820000 70777 420.493 1516999.463 40.63 0.696 
15830000 70799 427.358 1517863.007 39.11 0.7056 
15840000 70817 522.423 1518748.99 48.138 0.857 
15850000 70840 406.535 1519654.547 38.965 0.669 
15860000 70860 474.242 1520449.708 37.165 0.7884 
15870000 70882 449.088 1521448.656 44.356 0.7354 
15880000 70907 409.132 1522530.174 45.056 0.6695 
15890000 70929 488.082 1523400.598 41.26 0.8071 
15900000 70948 499.419 1524221.279 42.874 0.8308 
15910000 70971 441.744 1525041.289 34.443 0.7298 
15920000 70998 385.677 1525973.698 33.57 0.643 
15930000 71024 431.405 1527107.418 46.112 0.7127 
15940000 71040 569.192 1527959.078 51.024 0.95 
15950000 71056 607.6 1528599.027 41.556 1.0085 
15960000 71079 444.289 1529590.148 40.808 0.7333 
15970000 71098 430.921 1530439.343 38.276 0.7106 
15980000 71119 521.706 1531369.976 47.145 0.8611 
15990000 71138 558.342 1532417.509 54.341 0.9201 
16000000 71161 409.792 1533479.897 44.805 0.6762 
16010000 71179 528.97 1534303.547 49.131 0.8736 
16020000 71199 449.925 1535319.412 46.48 0.7404 
16030000 71216 607.675 1536198.745 55.698 1.0046 
16040000 71235 556.435 1537098.237 48.813 0.9134 
16050000 71258 472.948 1538069.093 43.459 0.7754 
16060000 71272 623.226 1538903.952 54.261 1.0317 
16070000 71294 429.507 1539898.369 47.742 0.7052 
16080000 71319 385.708 1540874.547 37.853 0.6395 
16090000 71338 505.033 1541844.765 51.257 0.8341 
16100000 71360 447.526 1543020.01 56.3 0.7341 
16110000 71378 572.932 1544064.075 62.489 0.9442 
16120000 71396 551.924 1544827.938 43.46 0.9211 
16130000 71417 465.384 1545796.746 43.72 0.7734 
16140000 71437 495.321 1546710.74 48.392 0.8214 
16150000 71460 374.676 1547618.775 35.374 0.6249 
16160000 71479 498.555 1548590.575 45.674 0.8265 
16170000 71503 402.365 1549629.943 44.86 0.6606 
16180000 71525 429.833 1550578.663 40.387 0.7101 
16190000 71545 532.329 1551501.013 50.649 0.8821 
16200000 71562 472.712 1552250.349 38.522 0.783 
16210000 71580 459.512 1553034.995 40.469 0.7636 
16220000 71603 463.293 1553748.212 32.617 0.774 
16230000 71630 375.834 1554611.467 28.613 0.6295 
16240000 71652 483.079 1555402.252 35.67 0.8017 
16250000 71674 447.556 1556346.826 42.018 0.7312 
16260000 71692 515.271 1557317.809 51.157 0.8498 
16270000 71712 502.429 1558276.614 47.364 0.8318 
16280000 71731 472.232 1559093.882 43.55 0.7829 
16290000 71752 481.834 1559860.769 36.617 0.8021 
16300000 71774 504.974 1560764.226 42.645 0.8367 
16310000 71795 459.615 1561762.063 45.943 0.7535 
16320000 71815 423.796 1562662.645 41.87 0.6943 
16330000 71836 506.798 1563551.443 39.129 0.8346 
16340000 71860 401.12 1564706.145 46.242 0.6543 
16350000 71884 402.871 1565710.201 48.033 0.6569 
16360000 71902 562.851 1566530.268 47.775 0.9293 
16370000 71922 480.316 1567331.27 44.017 0.7914 
16380000 71939 522.527 1568072.849 40.456 0.8624 
16390000 71961 428.293 1569065.997 43.18 0.7031 
16400000 71980 520.237 1570005.375 50.205 0.849 
16410000 71997 610.177 1570964.061 59.025 1.0032 
16420000 72015 491.513 1571939.89 48.759 0.8106 
16430000 72037 501.32 1573012.803 51.835 0.8291 
16440000 72057 473.656 1574000.941 48.417 0.7847 
16450000 72074 525.599 1574928.707 50.866 0.8739 
16460000 72093 506.183 1575872.83 53.686 0.8351 
16470000 72116 475.092 1576940.451 50.917 0.7847 
16480000 72135 611.504 1577902.019 56.778 1.0208 
16490000 72157 473.045 1578974.688 49.363 0.7867 
16500000 72180 409.021 1579935.006 42.287 0.6749 
16510000 72204 326.851 1580889.17 36.313 0.5398 
16520000 72225 440.118 1581668.027 39.703 0.7366 
16530000 72247 450.88 1582679.384 47.114 0.7466 
16540000 72266 508.703 1583616.196 49.724 0.8384 
16550000 72282 620.183 1584566.887 58.974 1.0148 
16560000 72306 479.134 1585551.544 42.941 0.7865 
16570000 72331 380.652 1586782.779 46.729 0.6171 
16580000 72353 463.962 1587885.14 51.342 0.7585 
16590000 72374 412.539 1588816.302 41.641 0.6758 
16600000 72392 525.27 1589641.732 44.252 0.8599 
16610000 72410 544.848 1590479.533 48.659 0.8964 
16620000 72434 391.555 1591275.493 33.085 0.6426 
16630000 72457 420.173 1592226.846 43.053 0.6901 
16640000 72475 526.217 1593174.167 49.779 0.867 
16650000 72497 460.696 1594230.166 53.474 0.7519 
16660000 72514 605.771 1595017.39 50.654 1.0005 
16670000 72534 510.64 1595979.812 47.562 0.8411 
16680000 72555 433.293 1596939.999 44.438 0.7082 
16690000 72580 423.065 1598082.294 47.944 0.6898 
16700000 72600 489.852 1599040.247 50.895 0.8049 
16710000 72620 461.619 1600051.747 48.349 0.7593 
16720000 72637 544.32 1600866.686 46.302 0.901 
16730000 72660 451.414 1601908.192 50.293 0.7409 
16740000 72679 500.559 1602830.04 49.95 0.8278 
16750000 72699 473.806 1603654.928 42.983 0.7881 
16760000 72721 454.715 1604529.602 37.725 0.7567 
16770000 72743 410.29 1605484.947 37.322 0.6818 
16780000 72763 465.843 1606430.258 48.533 0.771 
16790000 72785 461.466 1607411.55 44.66 0.7642 
16800000 72807 462.396 1608448.567 51.157 0.7581 
16810000 72825 621.809 1609191.615 45.502 1.0505 
16820000 72843 567.303 1610031.594 45.791 0.9419 
16830000 72861 534.294 1611020.325 50.188 0.8856 
16840000 72886 430.881 1612047.978 44.13 0.7169 
16850000 72907 505.026 1613098.226 47.792 0.8399 
16860000 72928 453.236 1614153.25 52.397 0.7461 
16870000 72955 352.628 1615249.378 35.94 0.5773 
16880000 72978 418.766 1616228.365 43.797 0.6908 
16890000 72999 455.165 1617235.584 47.3 0.7468 
16900000 73027 349.011 1618375.584 38.472 0.5715 
16910000 73048 510.118 1619394.38 53.57 0.8348 
16920000 73069 489.906 1620509.265 52.909 0.802 
16930000 73090 433.989 1621456.079 46.359 0.7099 
16940000 73114 377.53 1622490.259 43.276 0.6164 
16950000 73134 522.929 1623527.695 54.178 0.8626 
16960000 73155 494.679 1624414.009 46.958 0.8164 
16970000 73181 360.526 1625571.775 40.995 0.5898 
16980000 73200 459.816 1626424.751 46.667 0.7563 
16990000 73220 500.37 1627390.966 48.544 0.8287 
17000000 73243 426.79 1628216.431 35.296 0.7027 
17010000 73267 416.921 1629264.042 41.856 0.6824 
17020000 73283 500.66 1629985.367 42.581 0.825 
17030000 73305 450.724 1630776.561 34.517 0.7439 
17040000 73324 480.82 1631696.032 44.003 0.7948 
17050000 73344 571.197 1632458.034 39.476 0.9471 
17060000 73364 549.997 1633268.397 41.838 0.9142 
17070000 73387 422.305 1634064.028 36.545 0.701 
17080000 73411 374.752 1635170.401 42.485 0.6169 
17090000 73429 585.202 1635921.878 44.934 0.9764 
17100000 73451 464.82 1636930.457 46.46 0.7682 
17110000 73472 513.345 1637902.252 44.256 0.8534 
17120000 73496 449.197 1638857.183 42.6 0.7458 
17130000 73521 413.07 1640032.344 48.334 0.6778 
17140000 73537 518.282 1640794.595 47.473 0.8655 
17150000 73557 480.695 1641268.845 26.176 0.8034 
17160000 73579 386.695 1641950.182 30.901 0.6346 
17170000 73599 492.614 1642730.388 41.11 0.8141 
17180000 73622 399.084 1643532.05 34.551 0.6637 
17190000 73648 397.1 1644553.31 36.517 0.6524 
17200000 73668 440.74 1645359.963 37.81 0.7296 
17210000 73690 501.158 1646391.757 47.464 0.8371 
17220000 73711 487.812 1647290.997 39.627 0.8191 
17230000 73732 500.236 1648312.109 50.598 0.826 
17240000 73749 602.624 1649186.951 54.284 0.9979 
17250000 73774 346.729 1650104.142 31.85 0.5726 
17260000 73798 436.904 1651040.265 38.094 0.7189 
17270000 73819 486.467 1652064.405 48.919 0.7976 
17280000 73840 537.974 1652928.383 45.729 0.8867 
17290000 73860 531.758 1653869.238 48.827 0.8746 
17300000 73882 474.13 1654770.75 45.532 0.7751 
17310000 73911 356.189 1655780.503 33.704 0.5829 
17320000 73930 473.263 1656655.616 41.818 0.7781 
17330000 73946 554.654 1657417.765 46.217 0.9099 
17340000 73972 405.678 1658567.663 46.133 0.6606 
17350000 73994 429.211 1659509.857 42.464 0.7057 
17360000 74011 557.162 1660292.342 44.131 0.9204 
17370000 74033 491.535 1661280.691 49.964 0.8048 
17380000 74058 454.016 1662273.383 41.948 0.7457 
17390000 74077 531.886 1663179.897 42.395 0.8812 
17400000 74093 607.934 1663906.913 43.31 1.0084 
17410000 74112 538.747 1664791.855 45.516 0.8911 
17420000 74131 491.638 1665606.911 41.83 0.8152 
17430000 74161 332.592 1666627.53 33.742 0.5551 
17440000 74182 454.718 1667566.436 42.999 0.7576 
17450000 74202 482.52 1668459.177 42.748 0.8042 
17460000 74223 498.67 1669480.452 46.478 0.8255 
17470000 74242 523.082 1670285.62 43.314 0.8759 
17480000 74265 422.166 1671207.471 42.138 0.7062 
17490000 74287 458.866 1672124.058 40.335 0.7727 
17500000 74307 506.352 1673045.662 44.11 0.8499 
17510000 74329 474.011 1674054.321 46.291 0.7835 
17520000 74351 378.485 1675029.584 40.565 0.6268 
17530000 74377 347.973 1675991.473 36.08 0.5749 
17540000 74401 426.752 1676983.876 41.95 0.7114 
17550000 74420 503.209 1677863.898 46.075 0.838 
17560000 74439 500.537 1678731.391 46.657 0.8325 
17570000 74455 514.601 1679573.76 48.559 0.8576 
17580000 74478 407.52 1680683.33 42.519 0.6707 
17590000 74495 556.835 1681487.919 47.439 0.9266 
17600000 74516 431.856 1682364.112 42.373 0.7171 
17610000 74540 399.895 1683507.425 47.689 0.6588 
17620000 74557 565.694 1684426.303 53.369 0.9432 
17630000 74575 528.072 1685366.705 53.175 0.8732 
17640000 74595 500.735 1686245.786 42.469 0.8391 
17650000 74615 471.378 1687170.289 46.631 0.7838 
17660000 74638 412.329 1688102.92 38.517 0.6877 
17670000 74662 413.677 1689069.022 42.414 0.6804 
17680000 74681 537.418 1689854.91 43.271 0.8963 
17690000 74707 388.31 1690885.954 41.271 0.6389 
17700000 74728 469.993 1691858.267 45.359 0.7815 
17710000 74756 402.848 1692886.319 37.955 0.6697 
17720000 74782 383.341 1693823.004 37.406 0.6299 
17730000 74808 328.616 1694908.126 36.647 0.5349 
17740000 74832 456.991 1695906.466 46.003 0.7538 
17750000 74856 455.111 1696870.974 45.06 0.7477 
17760000 74877 519.517 1697825.325 46.168 0.8549 
17770000 74899 447.703 1698914.216 44.331 0.7349 
17780000 74915 537.677 1699860.41 54.199 0.8861 
17790000 74935 578.062 1700754.176 52.251 0.9479 
17800000 74956 501.28 1701790.571 48.065 0.8182 
17810000 74975 512.011 1702748.611 46.281 0.8508 
17820000 74987 777.171 1703364.663 49.641 1.3034 
17830000 75009 411.141 1704308.837 40.172 0.6761 
17840000 75031 428.979 1705257.369 40.141 0.7191 
17850000 75052 460.842 1706237.405 44.453 0.7719 
17860000 75072 604.037 1706929.766 36.567 1.0301 
17870000 75094 475.509 1707858.761 41.77 0.7978 
17880000 75112 525.062 1708772.378 49.137 0.8841 
17890000 75131 521.445 1709695.969 49.316 0.8699 
17900000 75148 569.06 1710516.976 48.029 0.9547 
17910000 75169 481.633 1711615.64 49.73 0.8029 
17920000 75187 551.263 1712689.337 60.08 0.915 
17930000 75207 437.601 1713662.121 43.084 0.7272 
17940000 75227 476.314 1714609.934 46.514 0.7943 
17950000 75244 521.479 1715426.727 46.402 0.8747 
17960000 75263 566.303 1716408.906 51.299 0.9459 
17970000 75282 567.558 1717406.689 56.856 0.9433 
17980000 75301 668.597 1718342.108 59.043 1.1174 
17990000 75324 546.813 1719331.385 51.224 0.9148 
18000000 75343 597.619 1720241.276 46.927 1.0113 
18010000 75362 508.324 1721046.247 40.049 0.8504 
18020000 75385 419.693 1722044.637 41.759 0.6997 
18030000 75412 384.518 1722974.175 32.043 0.6422 
18040000 75428 483.444 1723828.754 45.767 0.7967 
18050000 75448 507.804 1724671.615 39.752 0.8449 
18060000 75466 514.312 1725511.176 45.761 0.8506 
18070000 75484 540.887 1726586.829 53.699 0.8926 
18080000 75509 408.834 1727617.055 45.208 0.6706 
18090000 75531 478.093 1728570.665 44.252 0.7883 
18100000 75551 533.407 1729460.123 44.467 0.8886 
18110000 75571 475.088 1730413.951 46.431 0.784 
18120000 75595 431.383 1731507.356 44.865 0.7105 
18130000 75615 512.515 1732306.745 39.132 0.8566 
18140000 75634 564.663 1733275.002 53.287 0.9356 
18150000 75653 463.004 1734192.832 49.548 0.7609 
18160000 75676 408.906 1735270.55 43.375 0.6683 
18170000 75689 652.847 1735659.237 33.008 1.086 
18180000 75706 600.862 1736368.064 39.403 0.9927 
18190000 75727 465.664 1737198.212 41.506 0.7656 
18200000 75753 396.207 1738153.931 37.009 0.6532 
18210000 75775 409.087 1738945.211 33.502 0.6879 
18220000 75795 434.185 1739620.639 31.336 0.7287 
18230000 75817 479.37 1740358.983 36.534 0.8007 
18240000 75833 582.151 1741186.653 50.45 0.9634 
18250000 75851 594.017 1741999.372 46.817 0.9772 
18260000 75870 545.978 1742812.987 42.013 0.9023 
18270000 75892 468.586 1743791.003 42.598 0.7687 
18280000 75916 419.682 1744851.862 44.201 0.6863 
18290000 75934 568.157 1745624.998 48.022 0.9369 
18300000 75953 572.781 1746565.006 50.122 0.9384 
18310000 75974 454.31 1747691.755 48.176 0.7457 
18320000 75996 415.441 1748701.282 42.567 0.6798 
18330000 76017 486.348 1749653.101 45.302 0.7974 
18340000 76039 459.184 1750530.513 41.506 0.7558 
18350000 76060 525.351 1751464.102 42.71 0.8634 
18360000 76084 405.492 1752561.697 43.492 0.6655 
18370000 76116 279.741 1753576.673 30.553 0.4604 
18380000 76137 445.254 1754516.285 43.53 0.7351 
18390000 76154 484.266 1755478.769 49.38 0.8004 
18400000 76170 594.43 1756185.233 45.812 0.991 
18410000 76196 410.322 1757253.083 46.123 0.676 
18420000 76212 616.565 1758055.488 49.95 1.0316 
18430000 76233 435.054 1758896.001 35.09 0.7242 
18440000 76256 445.945 1759856.422 40.945 0.739 
18450000 76276 463.274 1760610.977 32.48 0.7688 
18460000 76304 375.31 1761285.923 26.645 0.6235 
18470000 76327 376.464 1761996.858 27.898 0.6291 
18480000 76351 359.707 1762864.431 32.601 0.5976 
18490000 76370 562.727 1763683.76 42.207 0.936 
18500000 76391 458.067 1764514.429 37.638 0.7611 
18510000 76406 663.317 1765309.601 49.196 1.1039 
18520000 76429 421.329 1766445.315 45.61 0.6992 
18530000 76449 570.798 1767418.494 54.578 0.9512 
18540000 76470 416.102 1768520.931 46.308 0.6863 
18550000 76493 468.2 1769517.347 48.243 0.7796 
18560000 76516 417.217 1770519.497 43.913 0.6942 
18570000 76536 429.882 1771326.491 37.499 0.7165 
18580000 76553 541.471 1772117.823 44.702 0.9068 
18590000 76579 410.624 1773227.49 43.034 0.6797 
18600000 76600 501.185 1774108.88 41.944 0.8316 
18610000 76623 408.792 1775186.625 46.037 0.6735 
18620000 76646 377.39 1776100.161 37.057 0.6239 
18630000 76666 502.115 1777123.049 48.923 0.8334 
18640000 76683 615.762 1777938.231 44.899 1.0278 
18650000 76702 505.822 1778833.225 45.815 0.844 
18660000 76724 465.155 1779854.828 45.385 0.7686 
18670000 76743 488.944 1780670.998 40.938 0.8139 
18680000 76758 619.619 1781593.882 57.121 1.0312 
18690000 76777 538.144 1782477.295 48.76 0.8942 
18700000 76798 445.257 1783368.244 39.916 0.7374 
18710000 76813 583.851 1784176.085 48.701 0.9796 
18720000 76834 494.607 1785151.797 45.95 0.8214 
18730000 76855 537.326 1785943.008 40.182 0.9037 
18740000 76869 572.994 1786741.801 47.234 0.9525 
18750000 76888 497.202 1787668.399 47.15 0.8202 
18760000 76908 467.188 1788581.206 41.838 0.774 
18770000 76928 453.101 1789538.238 45.004 0.7477 
18780000 76949 485.058 1790472.858 47.067 0.8043 
18790000 76971 441.482 1791444.087 41.362 0.7391 
18800000 76989 536.691 1792309.654 45.496 0.8942 
18810000 77005 631.926 1793267.693 55.072 1.0573 
18820000 77023 589.669 1794233.471 55.476 0.9752 
18830000 77052 364.484 1795299.31 37.905 0.5992 
18840000 77074 492.116 1796312.483 45.53 0.8089 
18850000 77092 571.694 1797129.173 45.986 0.9465 
18860000 77111 475.251 1798062.245 47.457 0.7839 
18870000 77134 459.761 1799167.104 49.692 0.7531 
18880000 77157 402.891 1800068.036 42.756 0.6607 
18890000 77173 522.703 1800822.626 45.156 0.8578 
18900000 77192 513.837 1801717.343 43.682 0.8535 
18910000 77208 557.774 1802593.117 49.663 0.9187 
18920000 77234 358.802 1803578.384 37.872 0.5865 
18930000 77259 433.704 1804739.906 49.716 0.7102 
18940000 77283 440.33 1805801.426 44.32 0.72 
18950000 77304 485.861 1806668.325 45.64 0.8011 
18960000 77321 553.365 1807655.918 55.922 0.9075 
18970000 77343 463.118 1808616.713 46.617 0.7606 
18980000 77362 507.803 1809682.419 51.707 0.8356 
18990000 77378 637.181 1809975.238 25.736 1.0801 
19000000 77399 445.741 1810525.253 22.331 0.745 
19010000 77420 431.777 1811303.422 30.509 0.7291 
19020000 77444 388.086 1812140.39 35.677 0.6443 
19030000 77468 456.586 1813087.744 43.166 0.754 
19040000 77492 477.295 1813954.974 39.212 0.7916 
19050000 77513 475.845 1814882.683 43.122 0.7825 
19060000 77536 394.587 1815842.375 39.044 0.6482 
19070000 77554 554.611 1816968.682 62.251 0.908 
19080000 77576 463.595 1818083.72 52.191 0.7549 
19090000 77595 482.265 1818943.137 47.457 0.787 
19100000 77616 449.157 1819918.993 44.639 0.7376 
19110000 77630 656.291 1820691.614 50.657 1.085 
19120000 77651 514.403 1821637.125 49.817 0.8494 
19130000 77670 539.654 1822054.137 24.05 0.9188 
19140000 77688 549.23 1822439.83 21.677 0.9348 
19150000 77710 415.712 1823101.362 29.642 0.6919 
19160000 77730 490.521 1823960.393 39.947 0.8067 
19170000 77752 453.634 1824757.945 38.488 0.7528 
19180000 77779 402.979 1825677.96 38.283 0.6637 
19190000 77796 533.006 1826450.184 40.497 0.889 
19200000 77820 388.695 1827416.031 39.963 0.6394 
19210000 77843 397.505 1828222.187 32.43 0.6518 
19220000 77862 501.986 1829046.461 38.4 0.8403 
19230000 77884 469.663 1829950.319 38.633 0.7827 
19240000 77907 405.646 1830748.226 31.331 0.6735 
19250000 77928 415.656 1831661.056 40.615 0.6876 
19260000 77950 459.951 1832571.774 43.751 0.7625 
19270000 77968 591.721 1833420.321 47.998 0.9856 
19280000 77993 437.601 1834436.432 38.733 0.7288 
19290000 78010 499.566 1835315.153 46.695 0.8285 
19300000 78033 399.649 1836363.628 42.223 0.6586 
19310000 78057 442.241 1837420.958 44.973 0.7366 
19320000 78075 629.197 1838143.29 43.91 1.0586 
19330000 78096 502.497 1839177.851 46.553 0.835 
19340000 78118 475.477 1840165.049 47.654 0.7893 
19350000 78135 586.318 1840990.756 46.937 0.9848 
19360000 78154 496.124 1841657.192 36.701 0.828 
19370000 78175 558.362 1842723.652 56.228 0.9244 
19380000 78200 348.039 1843617.609 36.476 0.5731 
19390000 78226 390.008 1844521.009 35.936 0.6497 
19400000 78247 452.43 1845368.575 37.436 0.7559 
19410000 78266 487.323 1846237.727 45.82 0.8113 
19420000 78290 389.656 1847392.096 46.3 0.6392 
19430000 78303 668.803 1848100.017 49.836 1.1126 
19440000 78321 584.107 1848923.21 44.639 0.9702 
19450000 78347 413.019 1850012.879 44.769 0.678 
19460000 78366 572.199 1850858.314 46.501 0.9482 
19470000 78384 524.111 1851738.355 42.512 0.868 
19480000 78405 478.954 1852726.67 46.989 0.7891 
19490000 78423 530.715 1853591.46 48.572 0.8763 
19500000 78437 631.177 1854541.732 61.924 1.044 
19510000 78459 442.014 1855449.494 39.68 0.7286 
19520000 78479 508.023 1856577.586 53.585 0.8309 
19530000 78498 519.043 1857441.619 48.928 0.8594 
19540000 78519 455.665 1858313.043 40.109 0.7556 
19550000 78544 402.545 1859333.182 39.654 0.6664 
19560000 78565 492.941 1860272.208 46.713 0.8166 
19570000 78586 449.894 1861189.979 43.315 0.7457 
19580000 78602 557.834 1861780.832 41.189 0.9278 
19590000 78625 427.268 1862663.347 37.81 0.7099 
19600000 78651 325.336 1863669.196 35.381 0.5366 
19610000 78668 605.252 1864415.081 44.363 1.0095 
19620000 78687 569.315 1865289.754 45.212 0.952 
19630000 78703 553.228 1866134.179 51.653 0.9205 
19640000 78726 483.648 1867237.908 49.536 0.8002 
19650000 78749 409.797 1868180.789 38.278 0.6823 
19660000 78771 425.683 1869169.853 44.432 0.7031 
19670000 78788 532.548 1869947.301 48.11 0.8826 
19680000 78813 475.395 1870945.149 39.905 0.799 
19690000 78837 406.783 1872012.43 42.967 0.6779 
19700000 78853 561.735 1872899.605 53.321 0.9391 
19710000 78875 472.608 1873966.603 47.493 0.7915 
19720000 78898 434.012 1875017.27 47.583 0.7176 
19730000 78919 484.27 1876122.438 51.459 0.8051 
19740000 78936 603.583 1876964.193 50.112 1.011 
19750000 78956 459.12 1877972.255 44.169 0.7667 
19760000 78982 380.554 1879061.179 41.168 0.6334 
19770000 78997 645.77 1879713.188 44.125 1.0913 
19780000 79019 438.598 1880651.9 39.326 0.7325 
19790000 79034 593.967 1881283.601 40.643 0.9983 
19800000 79057 420.53 1882293.729 41.002 0.7008 
19810000 79081 428.393 1883272.053 42.56 0.7152 
19820000 79101 508.209 1884210.185 49.115 0.8425 
19830000 79116 595.478 1885090.094 55.085 0.9886 
19840000 79137 477.217 1886120.272 46.397 0.7906 
19850000 79156 495.893 1886861.011 40.916 0.8294 
19860000 79179 468.446 1887883.382 45.333 0.778 
19870000 79202 420.846 1888900.067 44.839 0.6892 
19880000 79220 533.556 1889727.342 47.689 0.8832 
19890000 79238 573.007 1890506.574 43.333 0.9475 
19900000 79258 482.444 1891514.478 49.81 0.7902 
19910000 79279 449.029 1892470.646 43.388 0.7386 
19920000 79303 432.343 1893370.386 36.674 0.7222 
19930000 79324 480.913 1894381.013 49.0 0.7957 
19940000 79351 385.246 1895490.613 40.943 0.6396 
19950000 79376 430.975 1896359.421 39.364 0.7157 
19960000 79393 503.017 1897107.508 41.657 0.8432 
19970000 79414 413.991 1898137.075 44.9 0.6794 
19980000 79439 379.103 1899134.909 39.03 0.6194 
19990000 79462 433.316 1899960.577 35.756 0.7184 
20000000 79481 532.448 1900868.211 47.211 0.888 
