1000 1 20.0 493.047 9.861 0.0323 
2000 2 39.6 938.022 18.563 0.0675 
3000 3 58.808 1427.96 27.991 0.0987 
4000 4 77.632 1735.89 33.589 0.1407 
5000 5 96.079 2181.074 41.821 0.1685 
6000 6 114.158 2643.882 50.241 0.1963 
7000 7 131.874 3086.453 58.088 0.2235 
8000 8 149.237 3536.738 65.932 0.2525 
9000 9 166.252 3945.511 72.788 0.2888 
10000 10 182.927 4397.864 80.38 0.3247 
11000 11 199.269 4881.137 88.438 0.3522 
12000 12 215.283 5345.997 95.966 0.3857 
13000 13 230.978 5766.061 102.448 0.4135 
14000 14 246.358 6237.987 109.838 0.4363 
15000 15 261.431 6682.826 116.538 0.4579 
16000 16 276.202 7119.514 122.941 0.481 
17000 17 290.678 7479.186 127.675 0.6069 
18000 18 304.865 7721.569 129.969 0.7989 
19000 19 312.407 8005.56 131.214 0.914 
20000 20 326.159 8413.595 135.858 1.082 
21000 22 335.763 8813.722 139.717 1.2529 
22000 25 336.018 9270.305 140.275 1.3818 
23000 28 336.257 9814.288 142.887 1.5626 
24000 33 323.95 10102.082 135.232 1.64 
25000 42 288.621 10535.748 120.808 1.5752 
26000 49 266.019 11017.306 112.305 1.5412 
27000 67 203.775 11437.811 86.147 1.2718 
28000 82 160.366 11872.744 67.347 1.0477 
29000 98 138.93 12306.749 59.041 1.0503 
30000 112 113.844 12693.593 47.815 0.9253 
31000 117 126.61 13144.547 53.164 1.2018 
32000 126 126.564 13582.832 53.962 1.2781 
33000 128 129.087 14004.882 55.902 1.3353 
34000 131 141.495 14491.012 59.842 1.5449 
35000 136 155.677 14989.104 68.261 1.7754 
36000 137 172.564 15427.467 76.045 2.0235 
37000 142 176.645 15890.385 78.0 2.1334 
38000 145 186.297 16396.495 83.839 2.2796 
39000 146 185.431 16851.245 83.574 2.2699 
40000 149 194.526 17365.585 87.471 2.4071 
41000 150 210.635 17855.078 96.577 2.6372 
42000 152 224.494 18365.777 103.275 2.8402 
43000 155 242.584 18880.456 113.374 3.1128 
44000 156 257.732 19398.78 121.519 3.3382 
45000 157 272.577 19943.94 129.926 3.5459 
46000 158 275.506 20485.505 132.145 3.5933 
47000 159 289.996 21019.387 139.678 3.8165 
48000 160 304.196 21471.193 146.951 4.0032 
49000 162 310.838 21890.209 149.703 4.1097 
50000 164 320.569 22387.45 153.378 4.2522 
51000 165 334.157 22786.793 159.6 4.4345 
52000 169 336.457 23234.806 159.341 4.4994 
53000 171 343.133 23749.15 163.089 4.6105 
54000 172 343.991 24227.825 164.357 4.6171 
55000 174 350.389 24631.576 166.392 4.6797 
56000 178 343.187 24986.426 161.103 4.5935 
57000 179 356.324 25486.384 164.545 4.7691 
58000 181 362.253 26016.905 169.465 4.8317 
59000 183 370.628 26536.93 174.801 4.9549 
60000 191 335.492 27073.594 159.465 4.4908 
61000 192 348.782 27536.141 165.914 4.6773 
62000 194 355.271 27978.072 168.136 4.7642 
63000 195 368.165 28431.832 174.762 4.9244 
64000 196 380.802 28951.787 180.723 5.0755 
65000 197 393.186 29474.818 188.359 5.2224 
66000 198 405.322 29869.609 192.648 5.3641 
67000 199 417.216 30267.086 196.338 5.5052 
68000 200 428.871 30710.456 201.36 5.6412 
69000 201 440.294 31165.094 206.375 5.7788 
70000 202 451.488 31647.837 211.515 5.911 
71000 203 462.458 32114.42 217.041 6.0386 
72000 204 473.209 32569.438 221.308 6.1643 
73000 205 483.745 33024.861 226.117 6.3027 
74000 206 494.07 33520.527 231.265 6.4219 
75000 207 504.189 34011.452 236.883 6.5392 
76000 208 514.105 34431.722 240.419 6.6557 
77000 209 523.823 34913.818 245.359 6.7704 
78000 210 533.346 35356.787 250.001 6.88 
79000 211 542.679 35881.425 254.218 7.0129 
80000 212 551.826 36323.345 258.97 7.1205 
81000 214 538.39 36885.901 252.384 6.9419 
82000 215 547.622 37461.577 258.472 7.0485 
83000 216 556.67 38017.416 265.454 7.1504 
84000 217 565.537 38631.268 271.205 7.2547 
85000 218 574.226 39300.04 278.228 7.3594 
86000 219 582.741 39935.523 285.616 7.4562 
87000 220 591.087 40570.569 292.892 7.5514 
88000 221 599.265 41206.029 299.951 7.6482 
89000 222 607.28 41775.24 306.383 7.7407 
90000 223 615.134 42373.076 311.243 7.8327 
91000 224 622.831 43032.526 317.579 7.9249 
92000 225 630.375 43711.891 323.746 8.0126 
93000 226 637.767 44374.556 331.11 8.0984 
94000 227 645.012 45026.852 338.168 8.1822 
95000 228 652.112 45702.475 344.07 8.2623 
96000 229 659.069 46322.864 350.601 8.3449 
97000 230 665.888 46963.477 356.399 8.4231 
98000 231 672.57 47379.03 361.507 8.4996 
99000 232 679.119 47951.133 362.297 8.5746 
100000 236 657.955 48477.325 351.498 8.2923 
101000 237 652.636 49047.306 349.239 8.2236 
102000 239 647.652 49596.71 347.296 8.1667 
103000 244 612.925 50049.168 327.584 7.7187 
104000 248 583.134 50522.602 310.572 7.3377 
105000 256 519.903 51006.416 275.63 6.534 
106000 259 506.324 51465.033 267.313 6.3593 
107000 261 504.179 51960.873 265.199 6.327 
108000 262 503.176 52574.822 264.523 6.3111 
109000 263 513.112 53113.675 271.766 6.4311 
110000 264 522.85 53710.546 277.208 6.5474 
111000 265 532.393 54295.39 283.967 6.6608 
112000 266 541.745 54923.03 289.367 6.7727 
113000 267 550.91 55493.316 296.449 6.8827 
114000 268 559.892 56108.882 302.066 6.9901 
115000 269 568.694 56794.903 308.578 7.0987 
116000 270 577.32 57457.394 316.355 7.2038 
117000 271 585.774 58090.3 323.024 7.3031 
118000 272 594.058 58743.029 328.96 7.4012 
119000 280 531.343 59283.425 295.288 6.6155 
120000 282 530.302 59767.896 294.829 6.5996 
121000 293 445.834 60301.201 246.196 5.5451 
122000 294 442.858 60810.876 244.998 5.5081 
123000 295 454.0 61381.545 249.047 5.6432 
124000 296 464.92 61940.228 256.74 5.776 
125000 297 475.622 62492.179 262.561 5.9054 
126000 298 486.11 63030.358 268.202 6.0334 
127000 299 496.387 63618.953 273.172 6.1577 
128000 300 506.46 64305.868 280.246 6.2781 
129000 301 516.33 64985.603 288.307 6.3983 
130000 302 526.004 65604.075 295.738 6.5172 
131000 303 535.484 66144.998 301.849 6.6302 
132000 304 544.774 66720.293 306.913 6.7445 
133000 305 553.879 67387.269 312.442 6.8677 
134000 307 559.945 67975.643 318.669 6.9635 
135000 308 568.746 68566.404 323.241 7.0817 
136000 309 577.371 69122.548 327.601 7.1853 
137000 310 585.824 69753.155 333.139 7.2885 
138000 311 594.107 70325.605 338.971 7.39 
139000 312 602.225 70953.598 344.704 7.489 
140000 313 610.181 71462.845 349.065 7.5856 
141000 314 617.977 72024.382 352.242 7.6807 
142000 315 625.617 72538.638 355.651 7.8038 
143000 316 633.105 73033.313 357.76 7.9197 
144000 317 640.443 73496.731 361.108 8.064 
145000 318 647.634 74050.121 363.624 8.192 
146000 319 654.681 74554.249 366.577 8.3806 
147000 320 661.588 75269.904 373.254 8.513 
148000 321 668.356 75821.329 377.67 8.6673 
149000 322 674.989 76427.494 382.671 8.7607 
150000 323 681.489 76961.818 385.213 8.8373 
151000 324 687.859 77525.093 389.859 8.904 
152000 325 694.102 78080.571 391.968 8.9715 
153000 326 700.22 78653.583 396.061 9.0383 
154000 327 706.216 79240.055 399.218 9.1008 
155000 328 712.091 79888.019 404.412 9.1623 
156000 329 717.85 80473.312 408.405 9.2237 
157000 330 723.493 81119.484 412.325 9.2866 
158000 331 729.023 81728.685 416.615 9.3471 
159000 332 734.442 82360.212 421.028 9.4071 
160000 333 739.753 83080.824 426.247 9.4638 
161000 334 744.958 83817.164 432.456 9.5231 
162000 335 750.059 84515.679 438.33 9.5789 
163000 336 755.058 85232.621 443.361 9.6338 
164000 337 759.957 85951.045 449.237 9.6871 
165000 338 764.758 86667.335 454.282 9.7396 
166000 339 769.463 87396.91 459.73 9.7937 
167000 340 774.073 88098.785 464.188 9.8439 
168000 341 778.592 88769.582 468.582 9.8938 
169000 342 783.02 89392.489 471.769 9.9414 
170000 343 787.36 90012.203 475.314 9.9883 
171000 344 791.612 90633.47 478.076 10.0343 
172000 345 795.78 91269.964 480.627 10.0773 
173000 346 799.865 91981.207 485.493 10.1212 
174000 347 803.867 92669.292 490.321 10.1667 
175000 348 807.79 93234.07 491.074 10.208 
176000 349 811.634 93931.746 495.234 10.2667 
177000 350 815.401 94616.779 499.088 10.3264 
178000 351 819.093 95283.89 503.015 10.3888 
179000 352 822.712 95951.671 505.737 10.5276 
180000 353 826.257 96637.13 509.368 10.6183 
181000 354 829.732 97330.147 513.534 10.6478 
182000 355 833.138 98003.367 516.292 10.6781 
183000 356 836.475 98762.424 520.516 10.7064 
184000 357 839.745 99354.705 523.076 10.7331 
185000 358 842.95 99996.627 524.278 10.7625 
186000 359 846.091 100690.367 528.065 10.7891 
187000 360 849.17 101343.948 530.811 10.8251 
188000 361 842.746 101909.625 527.313 10.7537 
189000 362 845.891 102485.473 527.68 10.8139 
190000 363 848.973 103020.796 529.095 10.8425 
191000 364 851.994 103694.61 528.654 10.8689 
192000 365 854.954 104404.676 532.412 10.8955 
193000 366 857.855 105056.191 535.728 10.9232 
194000 367 860.698 105660.341 537.864 10.9486 
195000 368 863.484 106288.283 539.208 10.9758 
196000 369 866.214 106771.414 540.401 11.0021 
197000 370 868.89 107456.758 539.774 11.0272 
198000 371 871.512 108001.369 542.977 11.0483 
199000 372 874.082 108513.702 542.188 11.0725 
200000 373 876.6 108977.535 541.888 11.1189 
201000 374 879.068 109706.262 540.151 11.1646 
202000 375 881.487 110464.112 544.861 11.2058 
203000 376 883.857 111079.576 548.707 11.3432 
204000 377 886.18 111606.612 549.541 11.4353 
205000 378 888.456 112312.591 549.431 11.4861 
206000 379 890.687 112982.166 553.12 11.5289 
207000 380 892.874 113668.838 554.698 11.5599 
208000 381 895.016 114237.411 557.878 11.5711 
209000 382 897.116 114893.368 557.495 11.5863 
210000 383 899.173 115585.083 559.849 11.6575 
211000 384 901.19 116319.239 562.83 11.7485 
212000 385 903.166 116995.821 566.063 11.7556 
213000 386 905.103 117694.058 568.423 11.7664 
214000 387 907.001 118318.704 570.956 11.7723 
215000 388 908.861 118950.295 571.855 11.7793 
216000 389 910.684 119642.32 572.95 11.7864 
217000 390 912.47 120277.115 575.564 11.7955 
218000 391 914.221 120966.384 576.9 11.8043 
219000 392 915.936 121680.668 579.146 11.8157 
220000 393 917.617 122181.482 581.511 11.8222 
221000 394 919.265 122797.646 579.535 11.828 
222000 395 920.88 123522.582 580.4 11.8368 
223000 396 922.462 124259.882 584.069 11.8424 
224000 397 924.013 124942.648 587.09 11.8464 
225000 398 925.533 125668.736 588.251 11.8533 
226000 399 927.022 126388.41 591.504 11.8599 
227000 400 928.482 127011.896 594.231 11.8698 
228000 401 929.912 127615.377 594.272 11.9097 
229000 402 931.314 128417.062 594.467 12.1339 
230000 403 932.687 129151.584 598.83 12.2141 
231000 404 934.034 129873.959 601.667 12.222 
232000 405 935.353 130675.077 604.316 12.2678 
233000 406 936.646 131467.794 608.424 12.2913 
234000 407 937.913 132342.15 611.82 12.3755 
235000 408 939.155 133058.2 616.731 12.4435 
236000 409 940.372 133721.702 619.112 12.4466 
237000 410 941.564 134409.791 619.559 12.4524 
238000 411 942.733 135063.713 620.785 12.4598 
239000 412 943.878 135831.745 621.799 12.4536 
240000 413 945.001 136437.881 624.641 12.4513 
241000 414 946.101 137170.923 624.482 12.4708 
242000 415 947.179 137858.909 626.674 12.4859 
243000 416 948.235 138581.426 627.557 12.4874 
244000 417 949.27 139194.494 630.019 12.4929 
245000 418 950.285 139930.735 629.091 12.5017 
246000 419 951.279 140659.878 631.475 12.5063 
247000 420 952.254 141284.787 633.353 12.5002 
248000 421 953.209 142062.945 632.953 12.5015 
249000 422 954.144 142791.535 636.349 12.5081 
250000 423 955.062 143509.255 637.792 12.52 
251000 424 955.96 144276.39 640.005 12.5151 
252000 425 956.841 145010.668 642.369 12.5102 
253000 426 957.704 145761.547 643.833 12.5048 
254000 427 958.55 146381.286 646.571 12.5 
255000 428 959.379 147074.98 645.122 12.4977 
256000 429 960.192 147707.123 646.45 12.4949 
257000 430 960.988 148392.124 646.152 12.4887 
258000 431 961.768 149056.626 647.081 12.4821 
259000 432 962.533 149760.207 646.87 12.4778 
260000 433 963.282 150461.25 648.643 12.4726 
261000 434 964.016 151068.073 649.661 12.4655 
262000 435 964.736 151791.74 648.76 12.4613 
263000 436 965.441 152437.775 650.33 12.4545 
264000 437 966.133 153171.373 649.989 12.4505 
265000 438 966.81 153847.202 651.899 12.4455 
266000 439 967.474 154584.666 652.232 12.4425 
267000 440 968.124 155328.892 654.013 12.4375 
268000 441 968.762 156090.956 655.959 12.4333 
269000 442 969.386 156693.467 657.975 12.4283 
270000 443 969.999 157441.053 656.741 12.4252 
271000 444 970.599 158123.55 659.078 12.4199 
272000 445 971.187 158842.717 659.257 12.4162 
273000 446 971.763 159499.211 660.088 12.4111 
274000 447 972.328 160185.921 660.317 12.406 
275000 448 972.881 160793.246 660.656 12.4043 
276000 449 973.424 161474.821 659.791 12.3982 
277000 450 973.955 162220.734 660.095 12.3962 
278000 451 974.476 162855.823 662.14 12.3924 
279000 452 974.987 163418.466 661.45 12.3897 
280000 453 975.487 164192.519 658.944 12.3895 
281000 454 975.977 164935.802 661.876 12.3872 
282000 455 976.458 165799.452 662.15 12.3832 
283000 456 976.928 166804.768 667.761 12.3829 
284000 457 977.39 167535.189 673.838 12.3793 
285000 458 977.842 168062.769 675.352 12.3757 
286000 460 974.039 168673.597 667.174 12.3133 
287000 461 974.559 169373.606 668.121 12.312 
288000 462 975.067 170230.743 671.604 12.3066 
289000 463 975.566 170808.609 669.863 12.3045 
290000 464 976.055 171780.642 675.651 12.3031 
291000 465 976.534 172495.749 676.48 12.3045 
292000 466 977.003 173358.515 680.523 12.3018 
293000 467 977.463 174249.432 684.454 12.3013 
294000 468 977.914 175139.819 688.628 12.298 
295000 469 978.355 175993.179 691.908 12.3 
296000 470 978.788 176866.52 695.838 12.2992 
297000 471 979.213 177687.97 698.052 12.2988 
298000 472 979.628 178564.933 702.428 12.2953 
299000 473 980.036 179214.407 700.914 12.2932 
300000 474 980.435 180069.185 703.743 12.2911 
301000 475 980.826 180837.753 705.141 12.2895 
302000 476 981.21 181648.218 706.876 12.2881 
303000 477 981.586 182551.06 710.986 12.2868 
304000 478 981.954 183360.206 712.797 12.2849 
305000 479 982.315 184333.956 718.22 12.2842 
306000 480 982.669 185170.211 720.442 12.2821 
307000 481 983.015 185826.535 719.197 12.2804 
308000 482 983.355 186880.656 725.829 12.2829 
309000 483 983.688 187587.421 725.672 12.2794 
310000 484 984.014 188584.273 731.034 12.2816 
311000 485 984.334 189222.202 729.015 12.2809 
312000 486 984.647 190081.345 732.188 12.2796 
313000 487 984.954 190854.897 732.872 12.2765 
314000 488 985.255 191521.108 731.033 12.2744 
315000 489 985.55 192138.767 729.056 12.2745 
316000 490 985.839 192806.047 727.953 12.2741 
317000 491 986.122 193569.269 728.833 12.274 
318000 492 986.4 194199.682 726.683 12.273 
319000 493 986.672 194671.907 721.241 12.2711 
320000 494 986.938 195087.147 715.59 12.2719 
321000 495 987.2 195680.922 713.156 12.2734 
322000 496 987.456 196425.333 713.799 12.2734 
323000 497 987.706 197198.686 715.046 12.2739 
324000 498 987.952 198259.122 722.122 12.2747 
325000 499 988.193 199069.117 723.877 12.2742 
326000 500 988.429 200039.061 728.531 12.2711 
327000 501 988.661 200959.322 732.528 12.2732 
328000 502 988.888 202070.571 739.923 12.2712 
329000 503 989.11 203046.533 744.627 12.2701 
330000 504 989.328 204132.823 751.267 12.2689 
331000 505 989.541 204923.942 752.16 12.266 
332000 506 989.75 205734.018 753.253 12.265 
333000 507 989.955 206454.391 752.502 12.2624 
334000 508 990.156 207463.098 757.343 12.2587 
335000 509 990.353 208275.138 758.644 12.2593 
336000 510 990.546 209265.959 763.224 12.2582 
337000 511 990.735 209814.871 759.314 12.2589 
338000 512 990.92 210545.674 758.547 12.2574 
339000 513 991.102 211267.08 757.729 12.2557 
340000 514 991.28 212204.556 760.897 12.2537 
341000 515 991.454 213033.639 762.665 12.2529 
342000 516 991.625 213834.717 763.518 12.2527 
343000 517 991.793 214758.998 766.494 12.2529 
344000 518 991.957 215664.55 769.474 12.2518 
345000 519 992.118 216476.421 770.636 12.2497 
346000 520 992.275 217257.827 770.353 12.2498 
347000 521 992.43 218091.098 772.111 12.2503 
348000 522 992.581 218999.495 774.319 12.2499 
349000 523 992.73 219818.525 775.245 12.2476 
350000 524 992.875 220659.383 776.482 12.2502 
351000 525 993.018 221678.692 781.091 12.2488 
352000 526 993.157 222671.253 785.562 12.2494 
353000 527 993.294 223498.795 786.629 12.2475 
354000 528 993.428 224652.943 793.507 12.2444 
355000 529 993.56 225845.159 802.475 12.2447 
356000 530 993.688 226711.791 802.955 12.2464 
357000 531 993.815 227516.736 802.95 12.2504 
358000 532 993.938 228528.145 807.294 12.2495 
359000 533 994.06 229538.073 811.292 12.248 
360000 534 994.178 230581.633 815.523 12.2497 
361000 535 994.295 231488.279 817.343 12.2486 
362000 536 994.409 232395.695 819.542 12.2502 
363000 537 994.521 233125.455 817.667 12.249 
364000 538 994.63 234167.457 822.268 12.2479 
365000 539 994.738 235177.027 825.937 12.2484 
366000 540 994.843 236265.756 830.858 12.2507 
367000 541 994.946 236797.588 825.609 12.2526 
368000 542 995.047 237540.34 823.316 12.2551 
369000 543 995.146 238481.586 826.86 12.2559 
370000 544 995.243 239571.32 831.739 12.2564 
371000 545 995.338 240334.95 829.977 12.2558 
372000 546 995.432 241166.173 830.027 12.2539 
373000 547 995.523 242168.996 833.91 12.2527 
374000 548 995.613 243037.87 834.251 12.2502 
375000 549 995.7 243911.306 835.101 12.2487 
376000 550 995.786 244908.68 838.164 12.2506 
377000 551 995.871 245943.794 842.413 12.2501 
378000 552 995.953 247286.033 851.748 12.2468 
379000 553 996.034 248402.571 857.459 12.2459 
380000 554 996.113 249503.759 862.232 12.2454 
381000 555 996.191 250263.667 860.365 12.2429 
382000 556 996.267 251581.372 869.771 12.2423 
383000 557 996.342 252358.402 867.065 12.2398 
384000 558 996.415 253267.494 868.158 12.2383 
385000 559 996.487 254195.298 869.642 12.2401 
386000 560 996.557 255475.402 878.813 12.2417 
387000 561 996.626 256380.651 878.126 12.2414 
388000 562 996.693 256980.445 873.295 12.2392 
389000 563 996.76 258236.376 880.345 12.2388 
390000 564 996.824 259559.91 889.262 12.2374 
391000 565 996.888 260947.405 898.869 12.2357 
392000 566 996.95 262034.628 902.925 12.2356 
393000 567 997.011 262898.267 901.605 12.235 
394000 568 997.071 263860.132 903.661 12.2366 
395000 569 997.13 265282.045 913.934 12.2351 
396000 570 997.187 266596.646 921.473 12.2325 
397000 571 997.243 267962.526 930.53 12.2329 
398000 572 997.298 269382.693 940.147 12.2313 
399000 573 997.352 270819.041 949.941 12.2313 
400000 574 997.405 272244.163 959.446 12.2302 
401000 575 997.457 273632.911 967.881 12.2288 
402000 576 997.508 275103.938 978.114 12.2295 
403000 577 997.558 275985.976 976.466 12.2308 
404000 578 997.607 276828.702 973.838 12.2311 
405000 579 997.655 278202.973 981.593 12.2306 
406000 580 997.702 279043.317 979.209 12.2324 
407000 581 997.747 279847.543 976.26 12.2321 
408000 582 997.793 280676.388 972.609 12.2305 
409000 583 997.837 281483.594 969.169 12.2307 
410000 584 997.88 282197.952 965.105 12.2308 
411000 585 997.922 282709.675 955.461 12.2298 
412000 586 997.964 284015.323 962.417 12.2307 
413000 587 998.005 284763.994 958.074 12.2307 
414000 588 998.045 286157.278 966.657 12.2311 
415000 589 998.084 287607.266 976.883 12.2297 
416000 590 998.122 288992.336 984.554 12.2289 
417000 591 998.16 290168.308 987.882 12.2285 
418000 592 998.196 291029.92 985.368 12.2314 
419000 593 998.232 292506.558 995.356 12.2302 
420000 594 998.268 293818.433 1001.895 12.232 
421000 595 998.302 294599.564 997.1 12.2335 
422000 596 998.336 295376.807 992.683 12.2329 
423000 597 998.37 296288.444 991.718 12.231 
424000 598 998.402 297039.824 987.004 12.232 
425000 599 998.434 298311.937 992.538 12.2344 
426000 600 998.466 299105.531 988.165 12.2319 
427000 601 998.496 299939.287 985.672 12.2315 
428000 602 998.526 300762.94 981.846 12.2311 
429000 603 998.556 301795.855 983.323 12.2291 
430000 604 998.585 302842.44 984.158 12.2297 
431000 605 998.613 304307.124 993.75 12.2279 
432000 606 998.641 305529.723 998.059 12.2304 
433000 607 998.668 306275.214 993.26 12.2296 
434000 608 998.695 307199.831 992.551 12.2293 
435000 609 998.721 308028.386 988.326 12.2279 
436000 610 998.746 309034.481 988.643 12.2279 
437000 611 998.771 310293.51 994.784 12.2271 
438000 612 998.796 311664.423 1001.584 12.2294 
439000 613 998.82 312514.718 998.893 12.2283 
440000 614 998.844 313879.372 1005.787 12.2273 
441000 615 998.867 315233.672 1012.726 12.2241 
442000 616 998.889 316047.419 1008.744 12.2246 
443000 617 998.912 317034.158 1008.389 12.2245 
444000 618 998.933 318031.565 1008.841 12.2236 
445000 619 998.955 318757.14 1002.783 12.2246 
446000 620 998.976 319603.724 999.195 12.2265 
447000 621 998.996 320648.362 1000.261 12.2261 
448000 622 999.016 321776.706 1002.42 12.225 
449000 623 999.036 322653.048 1001.061 12.2234 
450000 624 999.055 323947.247 1006.78 12.2223 
451000 625 999.074 324795.058 1003.845 12.2219 
452000 626 999.093 326027.117 1008.276 12.222 
453000 627 999.111 326871.988 1004.388 12.2229 
454000 628 999.128 328182.864 1010.575 12.2262 
455000 629 999.146 329265.087 1012.127 12.2258 
456000 630 999.163 330550.116 1017.495 12.2256 
457000 631 999.18 331848.571 1024.582 12.2283 
458000 632 999.196 332537.03 1016.549 12.2282 
459000 633 999.212 333515.626 1015.854 12.2272 
460000 634 999.228 334138.265 1008.629 12.2292 
461000 635 999.243 335003.01 1004.807 12.2273 
462000 636 999.259 336384.195 1012.318 12.2271 
463000 637 999.273 337362.677 1011.683 12.2256 
464000 638 999.288 338181.527 1008.371 12.2246 
465000 639 999.302 339330.705 1010.513 12.2233 
466000 640 999.316 340748.849 1019.136 12.2206 
467000 641 999.33 342091.113 1025.471 12.221 
468000 642 999.343 343245.919 1027.911 12.221 
469000 643 999.356 344667.688 1036.0 12.2192 
470000 644 999.369 345610.995 1034.052 12.2189 
471000 645 999.382 347132.895 1044.055 12.2168 
472000 646 999.394 348230.958 1045.58 12.217 
473000 647 999.406 349076.729 1041.031 12.2205 
474000 648 999.418 350481.013 1047.931 12.22 
475000 649 999.43 351478.594 1047.452 12.222 
476000 650 999.441 352890.247 1054.456 12.2199 
477000 651 999.452 354296.772 1061.611 12.222 
478000 652 999.463 355637.164 1066.808 12.2234 
479000 653 999.474 356533.96 1063.657 12.2258 
480000 654 999.485 357803.983 1067.554 12.2263 
481000 655 999.495 358663.299 1063.447 12.2246 
482000 656 999.505 360133.512 1071.411 12.225 
483000 657 999.515 361159.662 1070.608 12.2246 
484000 658 999.525 362774.499 1081.43 12.2245 
485000 659 999.534 363694.455 1078.166 12.2241 
486000 660 999.543 365238.266 1087.632 12.2225 
487000 661 999.553 366867.698 1098.319 12.2217 
488000 662 999.561 368396.696 1107.03 12.2206 
489000 663 999.57 369980.043 1116.658 12.2192 
490000 664 999.579 371502.481 1125.461 12.218 
491000 665 999.587 372935.373 1131.007 12.2146 
492000 666 999.596 374460.19 1139.451 12.213 
493000 667 999.604 376063.836 1147.933 12.211 
494000 668 999.612 377343.737 1151.126 12.2105 
495000 669 999.619 378912.049 1159.192 12.211 
496000 670 999.627 380467.993 1167.249 12.2147 
497000 671 999.634 381966.846 1174.204 12.2168 
498000 672 999.642 383370.886 1178.772 12.2165 
499000 673 999.649 384846.576 1184.153 12.2169 
500000 674 999.656 386296.785 1190.143 12.2172 
501000 675 999.663 387139.516 1183.211 12.2167 
502000 676 999.67 388173.944 1181.747 12.2158 
503000 677 999.676 389569.217 1185.366 12.2147 
504000 678 999.683 391011.95 1189.604 12.2152 
505000 679 999.689 392265.493 1191.053 12.2161 
506000 680 999.695 393283.764 1187.34 12.218 
507000 681 999.701 394575.62 1190.422 12.2177 
508000 682 999.707 395509.217 1185.154 12.1726 
509000 683 999.713 396927.703 1190.189 12.109 
510000 684 999.719 398050.356 1188.536 12.0471 
511000 685 999.724 398781.883 1179.6 11.9863 
512000 686 999.73 399550.081 1171.247 11.927 
513000 687 999.735 400383.603 1163.288 11.8682 
514000 688 999.741 401468.726 1162.101 11.8111 
515000 689 999.746 402960.547 1167.405 11.7549 
516000 690 999.751 404453.691 1174.013 11.7002 
517000 691 999.756 405848.727 1179.811 11.6458 
518000 692 999.761 406620.419 1170.331 11.5938 
519000 693 999.766 408146.548 1177.545 11.5419 
520000 694 999.77 409637.115 1183.594 11.4918 
521000 695 999.775 411144.987 1191.292 11.4421 
522000 696 999.779 412073.535 1185.188 11.3936 
523000 697 999.784 413655.319 1193.112 11.3454 
524000 698 999.788 415274.023 1201.347 11.299 
525000 699 999.792 416881.674 1209.627 11.253 
526000 700 999.796 418524.619 1218.901 11.2088 
527000 701 999.801 419941.194 1222.432 11.1653 
528000 702 999.805 421040.011 1220.467 11.1228 
529000 703 999.808 422087.941 1216.381 11.0807 
530000 704 999.812 422956.569 1210.644 11.0401 
531000 705 999.816 424302.199 1212.614 10.9995 
532000 706 999.82 425109.83 1204.533 10.9607 
533000 707 999.823 425680.861 1192.288 10.9224 
534000 708 999.827 426491.663 1185.006 10.8843 
535000 709 999.83 426965.899 1169.641 10.8473 
536000 710 999.834 427911.558 1166.187 10.8115 
537000 711 999.837 428605.394 1156.583 10.7753 
538000 712 999.84 429148.402 1144.66 10.7404 
539000 713 999.844 429898.203 1135.48 10.7059 
540000 714 999.847 430970.976 1134.215 10.6728 
541000 715 999.85 432560.075 1143.071 10.6392 
542000 716 999.853 433573.559 1140.797 10.6077 
543000 717 999.856 434888.677 1144.046 10.5756 
544000 718 999.859 435961.088 1143.395 10.5448 
545000 719 999.861 436688.494 1134.998 10.5142 
546000 720 999.864 437456.769 1127.407 10.4849 
547000 721 999.867 438593.703 1127.361 10.4557 
548000 722 999.87 439591.607 1124.648 10.4274 
549000 723 999.872 440893.274 1128.771 10.3989 
550000 724 999.875 442280.516 1133.265 10.3716 
551000 725 999.877 443270.04 1130.389 10.3441 
552000 726 999.88 444440.169 1131.289 10.3181 
553000 727 999.882 445867.959 1137.536 10.2919 
554000 728 999.884 446711.57 1132.012 10.2667 
555000 729 999.887 448146.327 1137.456 10.2415 
556000 730 999.889 449080.097 1133.232 10.2177 
557000 731 999.891 450775.142 1144.566 10.1932 
558000 732 999.893 452309.05 1152.16 10.1698 
559000 733 999.896 453013.05 1143.361 10.1467 
560000 734 999.898 454644.371 1153.149 10.124 
561000 735 999.9 456058.025 1158.445 10.1015 
562000 736 999.902 457722.966 1169.025 10.0796 
563000 737 999.904 459081.444 1173.69 10.0581 
564000 738 999.906 460664.24 1181.197 10.0379 
565000 739 999.907 462266.015 1189.117 10.0171 
566000 740 999.909 463860.831 1197.248 9.9973 
567000 741 999.911 465439.501 1204.932 9.9772 
568000 742 999.913 466988.735 1211.468 9.9588 
569000 743 999.915 468100.814 1209.784 9.9395 
570000 744 999.916 469682.349 1217.093 9.921 
571000 745 999.918 471265.478 1224.212 9.9025 
572000 746 999.92 472904.719 1232.566 9.8849 
573000 747 999.921 474457.912 1239.242 9.8673 
574000 748 999.923 475722.242 1240.257 9.8508 
575000 749 999.924 476269.546 1226.068 9.8346 
576000 750 999.926 477555.451 1227.699 9.8191 
577000 751 999.927 478405.725 1220.503 9.8024 
578000 752 999.929 479224.864 1212.804 9.7875 
579000 753 999.93 480063.74 1205.342 9.7715 
580000 754 999.932 480778.33 1195.488 9.7569 
581000 755 999.933 481494.243 1185.66 9.7422 
582000 756 999.934 482158.947 1175.454 9.7281 
583000 757 999.936 482950.628 1167.364 9.7133 
584000 758 999.937 484105.58 1166.719 9.6994 
585000 759 999.938 484721.758 1156.181 9.6857 
586000 760 999.939 485527.24 1149.319 9.6723 
587000 761 999.941 486372.583 1142.728 9.6585 
588000 762 999.942 487188.954 1136.34 9.6461 
589000 763 999.943 488822.281 1145.611 9.6331 
590000 764 999.944 489530.095 1136.643 9.6217 
591000 765 999.945 491141.127 1146.379 9.6091 
592000 766 999.946 492324.156 1146.954 9.5973 
593000 767 999.947 493988.204 1157.601 9.585 
594000 768 999.948 495196.128 1158.788 9.5738 
595000 769 999.95 496112.511 1154.059 9.5624 
596000 770 999.951 496896.035 1147.103 9.5517 
597000 771 999.952 497739.451 1140.274 9.5408 
598000 772 999.952 498528.286 1134.038 9.5308 
599000 773 999.953 499596.198 1133.132 9.5207 
600000 774 999.954 500380.013 1125.07 9.5109 
601000 775 999.955 501764.845 1129.534 9.5005 
602000 776 999.956 502887.795 1129.903 9.4915 
603000 777 999.957 504169.747 1132.924 9.4812 
604000 778 999.958 505578.372 1138.344 9.4721 
605000 779 999.959 506461.614 1133.816 9.4627 
606000 780 999.96 507104.412 1124.021 9.4546 
607000 781 999.96 507953.719 1117.966 9.4454 
608000 782 999.961 509005.221 1116.823 9.4376 
609000 783 999.962 510553.844 1125.849 9.429 
610000 784 999.963 511266.141 1117.948 9.4208 
611000 785 999.963 512009.236 1110.217 9.4123 
612000 786 999.964 512909.152 1104.96 9.4052 
613000 787 999.965 513979.161 1105.271 9.3972 
614000 788 999.966 514541.158 1094.379 9.3908 
615000 789 999.966 515186.625 1084.858 9.3831 
616000 790 999.967 516177.232 1083.677 9.3764 
617000 791 999.968 517157.981 1080.553 9.3691 
618000 792 999.968 518272.138 1081.576 9.3624 
619000 793 999.969 519142.424 1077.743 9.3558 
620000 794 999.97 519830.732 1069.26 9.3492 
621000 795 999.97 520672.502 1064.34 9.3429 
622000 796 999.971 521440.123 1058.764 9.337 
623000 797 999.971 522312.499 1054.68 9.3301 
624000 798 999.972 523308.856 1053.765 9.3247 
625000 799 999.972 524616.889 1058.899 9.3182 
626000 800 999.973 526291.484 1071.514 9.312 
627000 801 999.974 527064.022 1064.937 9.3061 
628000 802 999.974 528207.433 1066.665 9.3009 
629000 803 999.975 529617.724 1073.36 9.2948 
630000 804 999.975 531099.776 1081.659 9.2894 
631000 805 999.976 532065.9 1079.45 9.2836 
632000 806 999.976 533234.331 1080.956 9.2789 
633000 807 999.977 534324.381 1081.275 9.2735 
634000 808 999.977 535673.232 1086.494 9.2685 
635000 809 999.977 537110.71 1093.522 9.2631 
636000 810 999.978 538483.729 1099.382 9.2587 
637000 811 999.978 540010.874 1107.72 9.2534 
638000 812 999.979 541376.038 1112.778 9.2487 
639000 813 999.979 542768.194 1118.341 9.2435 
640000 814 999.98 544239.983 1125.557 9.2391 
641000 815 999.98 545813.488 1135.482 9.2339 
642000 816 999.98 547207.426 1139.774 9.2304 
643000 817 999.981 548764.137 1148.432 9.2256 
644000 818 999.981 550528.851 1160.65 9.2214 
645000 819 999.982 552171.755 1170.142 9.2164 
646000 820 999.982 553825.143 1179.653 9.2123 
647000 821 999.982 555301.277 1186.361 9.2079 
648000 822 999.983 556956.337 1194.987 9.2043 
649000 823 999.983 557984.986 1191.822 9.2006 
650000 824 999.983 559037.509 1188.832 9.1974 
651000 825 999.984 560074.573 1185.786 9.1937 
652000 826 999.984 561332.899 1187.225 9.1906 
653000 827 999.984 563166.487 1200.291 9.1862 
654000 828 999.985 564946.062 1211.887 9.1828 
655000 829 999.985 565989.146 1208.585 9.1795 
656000 830 999.985 567720.582 1219.138 9.1767 
657000 831 999.986 568704.244 1215.325 9.1736 
658000 832 999.986 569523.545 1206.826 9.1708 
659000 833 999.986 571202.248 1216.099 9.1672 
660000 834 999.986 572959.926 1226.725 9.1646 
661000 835 999.987 574638.494 1236.069 9.161 
662000 836 999.987 576227.195 1242.848 9.1591 
663000 837 999.987 577332.618 1240.288 9.1564 
664000 838 999.987 578906.699 1247.934 9.1536 
665000 839 999.988 579763.499 1239.169 9.1504 
666000 840 999.988 580486.981 1228.612 9.1484 
667000 841 999.988 581325.839 1221.031 9.1457 
668000 842 999.988 582317.017 1216.066 9.1437 
669000 843 999.989 583684.718 1219.112 9.1409 
670000 844 999.989 584976.982 1220.617 9.1384 
671000 845 999.989 586106.936 1218.621 9.1355 
672000 846 999.989 587815.231 1229.175 9.133 
673000 847 999.99 588487.696 1217.351 9.1307 
674000 848 999.99 589358.458 1210.799 9.1287 
675000 849 999.99 590470.074 1208.561 9.1265 
676000 850 999.99 591352.87 1201.635 9.1247 
677000 851 999.99 592342.849 1199.155 9.1222 
678000 852 999.991 593106.969 1189.375 9.1203 
679000 853 999.991 593908.459 1182.391 9.1181 
680000 854 999.991 594710.668 1174.785 9.1165 
681000 855 999.991 595395.99 1163.731 9.1143 
682000 856 999.991 596282.75 1158.19 9.1139 
683000 857 999.991 597635.995 1161.952 9.1117 
684000 858 999.992 598907.374 1164.354 9.1103 
685000 859 999.992 599801.915 1158.982 9.1084 
686000 860 999.992 601164.017 1163.871 9.107 
687000 861 999.992 602263.265 1163.014 9.1049 
688000 862 999.992 603502.545 1163.744 9.1037 
689000 863 999.992 605197.897 1174.907 9.1017 
690000 864 999.993 606094.687 1169.329 9.1008 
691000 865 999.993 606982.648 1162.77 9.0991 
692000 866 999.993 607415.26 1149.345 9.0992 
693000 867 999.993 608282.654 1142.638 9.0976 
694000 868 999.993 609723.831 1149.157 9.0959 
695000 869 999.993 610634.926 1143.677 9.094 
696000 870 999.993 611794.92 1143.962 9.0925 
697000 871 999.994 613659.238 1159.091 9.0901 
698000 872 999.994 614243.353 1147.405 9.0887 
699000 873 999.994 615166.617 1142.933 9.0867 
700000 874 999.994 616017.082 1137.093 9.0858 
701000 875 999.994 616813.202 1130.257 9.0849 
702000 876 999.994 617696.663 1125.437 9.0841 
703000 877 999.994 618490.742 1119.277 9.0828 
704000 878 999.994 619320.938 1113.138 9.0817 
705000 879 999.995 620647.89 1117.779 9.0801 
706000 880 999.995 621477.783 1111.778 9.0793 
707000 881 999.995 622362.262 1107.182 9.0778 
708000 882 999.995 623597.699 1109.504 9.0769 
709000 883 999.995 624341.546 1101.729 9.076 
710000 884 999.995 625897.486 1110.773 9.0751 
711000 885 999.995 626734.429 1106.261 9.0738 
712000 886 999.995 627516.952 1100.386 9.073 
713000 887 999.995 629097.062 1109.637 9.0714 
714000 888 999.995 629838.553 1101.702 9.0805 
715000 889 999.996 630589.671 1094.786 9.0901 
716000 890 999.996 631361.17 1088.431 9.1868 
717000 891 999.996 632187.97 1083.392 9.2202 
718000 892 999.996 632897.155 1076.035 9.2612 
719000 893 999.996 633743.309 1071.73 9.3042 
720000 894 999.996 635045.545 1076.42 9.362 
721000 895 999.996 635710.031 1068.307 9.4378 
722000 896 999.996 636452.897 1060.518 9.5854 
723000 897 999.996 637180.438 1055.017 9.8579 
724000 898 999.996 637867.969 1047.616 10.2581 
725000 899 999.996 638690.123 1042.849 10.3723 
726000 900 999.996 640103.086 1049.056 10.5643 
727000 901 999.996 641128.097 1048.473 10.7117 
728000 902 999.997 642716.494 1059.071 10.7585 
729000 903 999.997 644007.665 1063.757 10.7854 
730000 904 999.997 645500.793 1072.565 10.823 
731000 905 999.997 646411.967 1069.264 10.8595 
732000 906 999.997 648149.47 1082.226 10.8898 
733000 907 999.997 649680.349 1091.472 10.94 
734000 908 999.997 650986.569 1097.272 10.9924 
735000 909 999.997 651776.544 1091.07 11.0405 
736000 910 999.997 652538.745 1083.317 11.0855 
737000 911 999.997 653572.979 1083.284 11.134 
738000 912 999.997 654167.027 1073.222 11.1546 
739000 913 999.997 654897.394 1066.632 11.1783 
740000 914 999.997 655452.609 1056.694 11.2012 
741000 915 999.997 656317.069 1052.801 11.2217 
742000 916 999.997 657110.594 1047.077 11.2413 
743000 917 999.997 657956.001 1043.241 11.259 
744000 918 999.998 658769.657 1038.004 11.2786 
745000 919 999.998 659717.802 1035.692 11.2997 
746000 920 999.998 661098.105 1043.522 11.316 
747000 921 999.998 661823.934 1036.965 11.3348 
748000 922 999.998 663374.045 1047.22 11.3528 
749000 923 999.998 664282.456 1044.101 11.3725 
750000 924 999.998 665609.487 1051.016 11.3888 
751000 925 999.998 666469.605 1047.135 11.403 
752000 926 999.998 667300.893 1042.55 11.4186 
753000 927 999.998 668139.849 1037.596 11.4391 
754000 928 999.998 669136.11 1036.491 11.4704 
755000 929 999.998 670029.217 1033.401 11.4844 
756000 930 999.998 671821.784 1049.146 11.5264 
757000 931 999.998 673605.116 1063.883 11.5433 
758000 932 999.998 675066.9 1071.491 11.5549 
759000 933 999.998 675993.598 1068.718 11.5767 
760000 934 999.998 677222.135 1071.887 11.5893 
761000 935 999.998 678941.645 1084.438 11.5999 
762000 936 999.998 680007.756 1084.713 11.6129 
763000 937 999.998 681195.085 1086.369 11.6227 
764000 938 999.998 682716.787 1095.257 11.6361 
765000 939 999.998 683923.748 1097.101 11.6474 
766000 940 999.998 685143.526 1099.769 11.6566 
767000 941 999.998 686251.257 1099.875 11.6656 
768000 942 999.998 687657.092 1106.029 11.6751 
769000 943 999.998 688828.905 1107.303 11.6862 
770000 944 999.999 690238.686 1114.116 11.6989 
771000 945 999.999 691379.586 1114.196 11.7048 
772000 946 999.999 692523.565 1114.417 11.7153 
773000 947 999.999 694160.528 1124.977 11.7323 
774000 948 999.999 695693.27 1134.441 11.7942 
775000 949 999.999 696222.023 1121.269 11.8916 
776000 950 999.999 697488.032 1124.784 11.8978 
777000 951 999.999 698188.317 1115.301 11.9042 
778000 952 999.999 700077.928 1130.775 11.9102 
779000 953 999.999 701019.165 1126.95 11.9195 
780000 954 999.999 702336.974 1131.109 11.9243 
781000 955 999.999 704116.817 1144.128 11.9307 
782000 956 999.999 705868.019 1156.388 11.9362 
783000 957 999.999 707720.179 1169.45 11.9418 
784000 958 999.999 709004.634 1173.023 11.9508 
785000 959 999.999 710843.374 1185.361 11.9547 
786000 960 999.999 712694.374 1198.888 11.961 
787000 961 999.999 714525.49 1211.175 11.9654 
788000 962 999.999 716363.341 1223.989 11.9706 
789000 963 999.999 717008.264 1214.239 11.9728 
790000 964 999.999 717631.72 1200.794 11.9792 
791000 965 999.999 719398.602 1212.355 12.0068 
792000 966 999.999 721127.317 1222.902 12.0463 
793000 967 999.999 722912.74 1233.963 12.0491 
794000 968 999.999 724488.03 1241.944 12.0543 
795000 969 999.999 725934.396 1245.451 12.0596 
796000 970 999.999 726821.446 1237.75 12.0823 
797000 971 999.999 728653.445 1249.759 12.1048 
798000 972 999.999 730424.148 1260.912 12.1282 
799000 973 999.999 732219.625 1270.39 12.1668 
800000 974 999.999 733913.988 1279.133 12.2744 
801000 975 999.999 735656.484 1290.0 12.2862 
802000 976 999.999 736385.298 1279.027 12.2862 
803000 977 999.999 737256.844 1270.478 12.298 
804000 978 999.999 738418.405 1267.481 12.3168 
805000 979 999.999 740123.783 1277.081 12.3247 
806000 980 999.999 741877.766 1285.199 12.3396 
807000 981 999.999 743573.324 1293.376 12.359 
808000 982 999.999 745334.347 1302.643 12.3555 
809000 983 999.999 747108.306 1312.032 12.3566 
810000 984 999.999 749000.87 1323.468 12.3515 
811000 985 999.999 750915.302 1335.154 12.3505 
812000 986 999.999 751819.431 1326.87 12.3806 
813000 987 999.999 753387.992 1331.212 12.3992 
814000 988 999.999 755271.96 1342.875 12.5009 
815000 989 999.999 757092.066 1353.969 12.5259 
816000 990 999.999 758904.672 1360.878 12.5694 
817000 991 999.999 760734.18 1370.991 12.6637 
818000 992 999.999 762494.853 1380.113 12.6855 
819000 993 999.999 764262.588 1386.579 12.7355 
820000 994 999.999 765725.456 1389.506 12.7631 
821000 995 999.999 766236.151 1371.98 12.7798 
822000 996 999.999 767926.265 1378.453 12.8046 
823000 997 999.999 769181.437 1374.187 12.8424 
824000 998 1000.0 771085.041 1384.803 12.8852 
825000 999 1000.0 773014.993 1395.557 12.9321 
