1000 42 24.014 -530.229 -14.017 0.021 
2000 84 22.288 -872.752 -9.067 0.0236 
3000 128 22.95 -1338.524 -7.977 0.0233 
4000 172 25.113 -1774.056 -10.464 0.046 
5000 215 22.787 -2267.613 -10.644 0.0419 
6000 255 26.998 -2696.213 -10.669 0.0629 
7000 297 22.677 -3203.341 -10.4 0.0476 
8000 342 21.285 -3683.674 -10.376 0.0381 
9000 390 20.351 -4172.424 -9.687 0.0378 
10000 433 23.876 -4656.116 -12.198 0.06 
11000 472 26.734 -5220.153 -14.901 0.0875 
12000 511 27.222 -5680.394 -9.983 0.0815 
13000 551 24.91 -6231.801 -14.302 0.0909 
14000 594 22.473 -6731.229 -10.988 0.0644 
15000 639 21.786 -7337.805 -13.349 0.069 
16000 686 22.655 -7791.568 -9.039 0.0735 
17000 727 25.106 -8323.927 -12.059 0.1229 
18000 763 26.184 -8894.277 -16.504 0.1737 
19000 797 30.624 -9464.05 -17.281 0.1976 
20000 830 29.075 -9963.894 -14.138 0.2199 
