1000 1 100.0 365.255 36.526 0.1574 
2000 2 190.0 816.484 77.996 0.3139 
3000 3 271.0 1263.855 114.933 0.4909 
4000 4 343.9 1748.016 151.856 0.6239 
5000 5 409.51 2118.129 173.682 0.8282 
6000 6 468.559 2618.468 206.348 1.0541 
7000 7 521.703 2978.819 221.748 1.1779 
8000 8 569.533 3429.464 244.638 1.3197 
9000 9 612.58 3988.088 276.036 1.3787 
10000 10 651.322 4388.648 288.489 1.44 
11000 11 686.189 4832.37 304.012 1.4887 
12000 12 717.57 5279.462 318.32 1.5078 
13000 13 745.813 5738.162 332.358 1.5219 
14000 14 771.232 6283.514 353.657 1.537 
15000 15 794.109 6742.515 364.192 1.5499 
16000 16 814.698 7334.215 386.943 1.5601 
17000 17 833.228 7781.024 392.929 1.7973 
18000 18 849.905 7959.816 371.515 2.1626 
19000 19 864.915 8278.395 366.222 2.4936 
20000 20 878.423 8543.833 356.143 2.794 
21000 21 890.581 8854.76 351.622 3.0813 
22000 22 901.523 9147.297 345.713 3.3417 
23000 23 911.371 9664.418 362.854 3.5598 
24000 24 920.234 10174.965 377.623 3.7693 
25000 26 749.189 10673.523 306.428 3.0749 
26000 61 43.947 10950.983 13.871 0.2181 
27000 78 39.587 11413.36 14.832 0.2172 
28000 87 28.265 11884.404 9.141 0.1642 
29000 92 89.178 12483.007 40.65 0.5053 
30000 103 83.708 12964.111 42.869 0.4749 
31000 104 175.337 13473.548 90.648 0.9946 
32000 105 257.804 13966.246 131.701 1.4666 
33000 106 332.023 14527.917 166.057 1.8967 
34000 107 398.821 15070.461 212.892 2.2866 
35000 111 373.791 15504.388 189.71 2.1597 
36000 114 361.002 15999.178 182.008 2.0894 
37000 115 424.901 16432.803 206.263 2.4792 
38000 116 482.411 16956.192 239.046 2.8327 
39000 117 534.17 17563.228 275.492 3.1422 
40000 118 580.753 18060.805 297.397 3.4069 
41000 119 622.678 18570.292 318.704 3.6463 
42000 120 568.51 19115.472 290.691 3.3304 
43000 122 590.893 19577.403 305.689 3.4601 
44000 124 605.823 20028.526 301.42 3.5496 
45000 126 579.417 20628.017 296.509 3.3933 
46000 128 569.828 21090.49 288.224 3.3339 
47000 129 612.845 21583.761 309.533 3.5834 
48000 130 651.56 22037.804 324.93 3.7993 
49000 131 686.404 22459.791 334.277 4.0018 
50000 132 717.764 23087.178 361.823 4.1782 
51000 133 745.988 23687.761 387.412 4.3427 
52000 134 771.389 24227.366 401.855 4.5037 
53000 135 782.85 24794.277 411.915 4.5851 
54000 136 804.565 25299.054 421.299 4.7256 
55000 137 749.908 25879.647 393.746 4.4042 
56000 139 741.996 26354.579 395.528 4.3592 
57000 141 726.717 26868.865 381.07 4.2684 
58000 142 687.645 27444.505 360.181 4.0335 
59000 144 662.982 28010.431 352.73 3.8716 
60000 145 668.084 28601.241 357.902 3.8973 
61000 146 701.276 29077.215 381.244 4.0805 
62000 147 731.148 29560.388 390.784 4.2551 
63000 155 411.913 30046.883 214.615 2.4024 
64000 161 286.237 30457.861 141.875 1.6758 
65000 165 194.751 30912.592 94.582 1.1393 
66000 166 275.276 31448.577 131.713 1.6154 
67000 167 347.748 31920.266 172.307 2.0228 
68000 168 412.973 32379.78 202.69 2.3825 
69000 171 464.088 32980.961 234.888 2.6684 
70000 173 467.731 33518.496 240.04 2.6862 
71000 174 520.958 34104.621 274.838 2.9882 
72000 175 568.862 34671.609 303.567 3.2658 
73000 176 611.976 35198.37 325.588 3.5219 
74000 177 650.778 35817.295 354.692 3.7476 
75000 178 610.5 36369.31 334.322 3.516 
76000 179 649.45 36916.133 354.985 3.7522 
77000 181 651.555 37400.784 357.494 3.7687 
78000 182 686.399 37766.194 358.886 3.9661 
79000 183 717.759 38152.151 360.889 4.147 
80000 184 745.983 38485.935 365.353 4.3119 
81000 186 725.247 39051.941 353.867 4.198 
82000 187 720.722 39593.232 350.259 4.1797 
83000 188 748.65 40093.536 369.646 4.3476 
84000 189 773.785 40620.839 386.216 4.5003 
85000 190 796.406 41192.407 401.03 4.6228 
86000 191 816.766 41751.189 417.871 4.7391 
87000 193 758.78 42348.95 393.808 4.3948 
88000 194 782.902 42907.619 414.343 4.5216 
89000 196 760.651 43422.4 399.849 4.3722 
90000 197 784.586 44030.827 421.176 4.4984 
91000 198 734.027 44622.975 395.266 4.2095 
92000 202 617.879 45210.493 339.252 3.539 
93000 205 538.515 45814.909 300.651 3.0808 
94000 206 531.463 46385.88 298.638 3.0386 
95000 207 578.317 46864.97 320.311 3.3098 
96000 208 620.485 47342.535 327.932 3.5568 
97000 210 632.693 47900.714 341.76 3.6266 
98000 211 669.424 48527.285 370.282 3.8295 
99000 212 647.481 49127.049 359.142 3.701 
100000 214 679.46 49739.562 385.381 3.8692 
101000 217 596.498 50332.109 341.303 3.3985 
102000 218 599.248 50928.558 343.217 3.4139 
103000 220 575.981 51520.786 332.349 3.2793 
104000 223 548.734 52129.266 320.769 3.1131 
105000 224 546.361 52745.485 320.215 3.0993 
106000 226 539.392 53334.803 318.732 3.0544 
107000 230 456.371 53894.414 270.042 2.5877 
108000 232 478.76 54460.003 277.051 2.7168 
109000 236 365.667 55076.756 213.421 2.0719 
110000 238 377.21 55677.715 221.711 2.1396 
111000 240 404.0 56288.871 240.069 2.288 
112000 241 463.6 56882.301 275.569 2.6158 
113000 242 517.24 57435.285 303.867 2.9074 
114000 243 565.516 57949.682 331.32 3.1759 
115000 244 608.965 58428.764 337.958 3.4193 
116000 245 621.368 59032.758 350.248 3.4944 
117000 247 627.738 59623.947 358.269 3.5351 
118000 248 664.964 60261.882 383.197 3.7712 
119000 250 659.321 60895.498 387.306 3.7632 
120000 251 634.289 61491.405 374.558 3.622 
121000 252 670.86 62178.827 396.344 3.8121 
122000 253 703.774 62830.892 424.8 3.9845 
123000 254 733.397 63480.988 448.889 4.1407 
124000 255 760.057 64134.887 468.345 4.2872 
125000 256 784.051 64778.501 488.861 4.4202 
126000 257 805.646 65421.625 503.57 4.5513 
127000 259 819.073 66045.206 512.674 4.6434 
128000 262 661.713 66626.319 411.608 3.7659 
129000 264 652.587 67250.817 405.047 3.709 
130000 265 678.328 67893.456 423.288 3.8481 
131000 267 651.346 68512.927 405.965 3.6838 
132000 268 686.211 69059.008 420.007 3.8754 
133000 269 674.19 69645.308 409.81 3.8002 
134000 271 644.294 70277.254 393.202 3.6311 
135000 272 679.865 70919.485 416.648 3.8264 
136000 274 656.59 71499.274 402.743 3.6945 
137000 275 690.931 72084.412 419.573 3.8867 
138000 276 721.838 72662.179 434.545 4.0615 
139000 277 749.654 73253.682 451.562 4.2305 
140000 279 670.96 73838.495 400.491 3.7903 
141000 280 703.864 74469.055 424.65 3.9875 
142000 281 733.478 75082.582 444.948 4.158 
143000 282 760.13 75699.379 460.141 4.3093 
144000 284 709.105 76340.857 431.627 4.0233 
145000 285 738.195 76911.215 448.607 4.1825 
146000 286 764.375 77520.04 460.682 4.3254 
147000 287 787.938 78230.356 482.71 4.4566 
148000 288 809.144 78856.836 499.596 4.5796 
149000 289 828.23 79413.422 507.517 4.6902 
150000 290 845.407 80037.032 521.716 4.8027 
151000 291 860.866 80616.486 524.899 4.8981 
152000 292 874.779 81248.585 534.536 4.9914 
153000 293 887.301 81901.156 544.559 5.0626 
154000 294 898.571 82481.331 554.932 5.1221 
155000 295 908.714 83048.654 550.043 5.175 
156000 296 917.843 83676.929 560.032 5.2255 
157000 298 863.453 84200.483 518.943 4.9173 
158000 299 817.807 84821.483 491.611 4.6556 
159000 301 797.824 85465.363 484.203 4.5544 
160000 302 756.342 86069.036 460.908 4.3189 
161000 304 741.037 86690.497 452.854 4.2382 
162000 307 646.855 87265.853 393.333 3.6939 
163000 309 627.852 87851.412 378.885 3.5806 
164000 310 665.067 88447.25 398.907 3.7975 
165000 313 551.538 89034.671 332.606 3.1529 
166000 316 509.921 89613.915 304.941 2.9264 
167000 322 353.267 90211.866 209.734 2.0265 
168000 324 371.716 90870.673 226.749 2.1263 
169000 325 356.145 91377.584 217.988 2.038 
170000 327 401.377 92038.33 237.882 2.2961 
171000 328 461.239 92547.628 275.969 2.6414 
172000 329 515.115 93109.161 296.063 2.959 
173000 331 514.543 93687.766 298.484 2.9707 
174000 333 533.78 94285.396 312.197 3.0959 
175000 334 580.402 94944.691 343.483 3.3723 
176000 335 565.762 95517.164 337.364 3.2878 
177000 336 609.186 96015.932 361.077 3.5382 
178000 337 648.267 96623.514 374.831 3.7579 
179000 338 683.44 97257.719 398.25 3.9557 
180000 339 715.096 97664.573 421.688 4.1414 
181000 340 743.587 98157.138 420.054 4.3058 
182000 341 769.228 98820.643 427.389 4.4592 
183000 342 792.305 99453.774 451.155 4.5995 
184000 343 813.075 100079.507 469.33 4.7313 
185000 345 784.591 100632.61 459.279 4.5811 
186000 346 806.132 101143.38 465.679 4.7204 
187000 347 825.518 101662.169 470.657 4.8468 
188000 349 791.77 102221.041 446.682 4.6467 
189000 350 812.593 102801.94 455.729 4.7556 
190000 351 774.634 103383.108 439.827 4.5281 
191000 353 778.353 104036.418 449.005 4.5293 
192000 354 800.518 104664.398 466.809 4.6402 
193000 358 613.386 105287.692 361.752 3.532 
194000 359 652.048 105958.348 391.541 3.735 
195000 361 592.869 106604.079 358.514 3.387 
196000 363 613.624 107149.61 368.831 3.5098 
197000 364 652.261 107717.331 388.184 3.7914 
198000 367 554.867 108331.187 333.348 3.256 
199000 368 599.38 108875.191 352.561 3.7373 
200000 370 583.398 109377.078 335.653 3.8501 
201000 371 608.858 110028.538 355.824 4.1137 
202000 372 579.472 110673.056 340.588 3.9392 
203000 373 621.525 111317.534 371.535 4.2802 
204000 376 598.952 111965.527 364.758 4.0736 
205000 377 575.956 112486.713 352.218 3.9141 
206000 378 618.361 112982.808 368.998 4.1273 
207000 380 643.572 113632.883 378.126 4.1853 
208000 381 679.215 114284.109 405.049 4.3585 
209000 382 711.294 114944.169 431.218 4.5141 
210000 384 701.658 115580.598 428.802 4.4124 
211000 385 731.492 116265.337 455.003 4.5542 
212000 388 609.316 116911.57 379.494 3.7526 
213000 389 648.384 117550.796 406.337 3.9517 
214000 391 584.831 118222.659 368.71 3.5449 
215000 392 626.348 118894.443 399.907 3.7661 
216000 394 629.542 119568.398 405.893 3.7662 
217000 395 666.588 120224.096 431.534 3.971 
218000 397 604.546 120874.547 390.845 3.5935 
219000 399 616.942 121530.861 399.753 3.6596 
220000 400 655.248 122188.554 425.999 3.897 
221000 402 588.101 122842.258 383.246 3.5158 
222000 403 629.291 123434.631 411.239 3.8066 
223000 405 632.926 124061.103 404.541 3.8389 
224000 406 606.333 124717.848 388.132 3.6769 
225000 409 581.297 125397.893 374.871 3.5192 
226000 410 572.867 126045.257 372.303 3.4669 
227000 411 615.58 126640.574 398.982 3.7281 
228000 412 654.022 127296.871 419.488 3.9648 
229000 413 688.62 127990.364 441.536 4.1793 
230000 415 693.682 128679.208 452.696 4.2139 
231000 417 659.453 129355.633 432.572 4.0081 
232000 418 693.507 129969.62 451.566 4.2071 
233000 419 663.257 130567.062 432.807 4.0222 
234000 421 653.238 131263.175 421.88 3.9463 
235000 422 687.914 131945.938 450.296 4.1492 
236000 423 719.123 132572.429 468.37 4.3254 
237000 424 719.11 133274.406 469.213 4.3173 
238000 426 733.379 133964.702 486.477 4.3871 
239000 427 760.041 134513.253 492.164 4.5498 
240000 428 784.037 135116.086 502.635 4.6973 
241000 429 753.134 135776.374 485.273 4.5064 
242000 430 777.82 136442.528 500.069 4.6157 
243000 433 701.721 137121.898 456.833 4.1186 
244000 434 729.749 137796.016 477.838 4.2619 
245000 438 587.439 138449.889 384.887 3.4082 
246000 439 628.695 139087.533 410.79 3.6218 
247000 442 538.956 139756.619 352.219 3.0907 
248000 444 542.274 140449.404 358.84 3.0957 
249000 445 588.047 141138.189 392.18 3.3462 
250000 448 499.484 141824.15 334.177 2.8392 
251000 449 549.536 142515.343 368.951 3.1259 
252000 451 547.494 143208.689 370.026 3.122 
253000 453 556.97 143808.255 371.226 3.1813 
254000 454 601.273 144498.945 403.254 3.441 
255000 455 613.346 145193.1 412.298 3.5177 
256000 456 606.011 145868.575 407.864 3.4835 
257000 457 645.41 146553.738 434.86 3.7134 
258000 459 680.782 147223.639 459.465 3.9346 
259000 463 538.488 147861.25 360.7 3.1316 
260000 464 544.539 148558.153 366.025 3.1747 
261000 466 522.877 149175.666 352.601 3.0634 
262000 467 570.589 149709.437 370.371 3.3525 
263000 471 493.911 150298.876 313.567 2.8989 
264000 475 407.884 151000.984 264.491 2.3936 
265000 478 382.83 151660.953 249.285 2.243 
266000 479 377.347 152345.404 245.489 2.2088 
267000 481 464.221 153022.18 307.986 2.7154 
268000 485 389.981 153700.547 259.498 2.2809 
269000 488 352.052 154357.742 234.124 2.0572 
270000 489 367.247 154971.171 242.816 2.1457 
271000 492 394.373 155641.312 258.122 2.3102 
272000 494 417.932 156286.36 273.63 2.4495 
273000 498 367.06 156928.744 239.832 2.1463 
274000 501 345.367 157581.729 224.273 2.0084 
275000 506 283.601 158200.804 181.056 1.6477 
276000 507 284.741 158736.746 183.127 1.6526 
277000 510 346.566 159396.656 214.242 2.0187 
278000 511 387.21 160096.281 245.032 2.2543 
279000 512 424.989 160785.05 273.885 2.477 
280000 514 502.381 161459.306 329.421 2.9353 
281000 515 490.443 162130.775 322.66 2.8652 
282000 519 457.791 162771.908 300.719 2.6873 
283000 525 332.061 163412.167 216.701 1.9544 
284000 526 398.855 163867.162 240.527 2.3551 
285000 528 399.132 164555.823 246.66 2.3603 
286000 530 413.607 165249.748 261.498 2.4489 
287000 533 403.821 165895.198 258.278 2.393 
288000 536 397.853 166555.114 257.187 2.3416 
289000 538 404.951 167225.424 263.554 2.3763 
290000 539 464.456 167874.801 300.997 2.7241 
291000 542 409.085 168529.929 267.145 2.3985 
292000 543 468.177 169201.283 305.897 2.7318 
293000 547 378.506 169836.861 248.513 2.1893 
294000 549 393.07 170429.768 253.894 2.2641 
295000 550 420.463 171086.97 266.988 2.4148 
296000 551 478.416 171708.142 307.324 2.7454 
297000 552 518.575 172390.806 330.437 2.9717 
298000 556 485.455 173041.325 314.53 2.773 
299000 558 471.009 173674.656 303.424 2.6967 
300000 560 473.237 174336.586 304.98 2.7135 
301000 562 474.052 175001.329 308.309 2.7288 
302000 563 526.647 175646.673 343.415 3.0335 
303000 566 501.716 176305.438 327.051 2.8992 
304000 568 481.12 176961.541 313.737 2.7922 
305000 569 519.908 177639.247 341.261 3.0294 
306000 571 530.746 178317.072 349.444 3.1051 
307000 574 488.898 178987.84 323.407 2.8644 
308000 577 445.925 179658.618 295.816 2.6136 
309000 578 450.533 180319.463 298.931 2.6421 
310000 580 468.732 180986.002 311.34 2.7574 
311000 583 458.745 181654.415 304.799 2.7037 
312000 584 445.771 182341.2 296.608 2.6256 
313000 587 480.277 183026.966 322.673 2.844 
314000 588 532.249 183718.795 360.672 3.1567 
315000 590 524.222 184404.87 355.807 3.1168 
316000 592 479.86 185091.331 326.128 2.8599 
317000 593 531.874 185791.984 362.536 3.1864 
318000 595 555.618 186480.018 380.287 3.3467 
319000 596 521.456 187178.503 355.249 3.1404 
320000 601 432.992 187841.989 294.8 2.6244 
321000 602 489.693 188548.101 336.604 2.9847 
322000 603 473.824 189047.641 324.015 2.8941 
323000 606 499.458 189630.99 319.875 3.1588 
