1000 6 17.756 -541.379 -10.66 0.3733 0.0 
2000 10 31.286 -976.641 -18.041 0.6351 0.0 
3000 16 52.144 -1573.908 -27.414 1.0957 0.0 
4000 18 63.821 -1910.484 -32.464 1.2897 0.0 
5000 20 81.674 -2230.154 -37.753 1.5477 0.0 
6000 25 91.944 -2780.139 -45.121 1.7325 0.0 
7000 30 108.853 -3332.429 -51.229 2.0217 0.0 
8000 34 113.965 -3786.419 -55.813 2.1644 0.0 
9000 36 122.845 -4071.595 -58.486 2.3473 0.0 
10000 43 134.988 -4806.67 -65.586 2.5518 0.0 
11000 50 134.683 -5535.289 -70.897 2.5846 0.0 
12000 52 144.655 -5771.364 -72.586 2.7498 0.0 
13000 56 153.212 -6205.665 -74.422 2.8743 0.0 
14000 60 166.289 -6661.293 -78.439 3.0338 0.0 
15000 64 168.109 -7168.977 -81.204 3.1039 0.0 
16000 67 181.521 -7470.156 -83.726 3.3088 0.0 
17000 73 181.652 -8225.421 -87.92 3.4012 0.0 
18000 88 151.55 -9826.021 -92.593 3.2645 0.0 
19000 93 155.904 -10453.019 -95.801 3.386 0.0 
20000 96 156.319 -10827.303 -95.805 3.4232 0.0 
21000 104 158.471 -11427.653 -93.891 3.5526 0.0 
22000 112 154.939 -12154.049 -94.157 3.566 0.0 
23000 132 120.465 -13017.188 -76.174 3.1879 0.0 
24000 149 102.745 -13499.692 -62.112 3.0204 0.0 
25000 158 100.996 -12705.122 -43.487 3.0586 0.0 
26000 175 90.391 -13083.936 -33.013 2.9671 0.0 
27000 190 84.195 -13027.591 -23.796 2.9699 0.0 
28000 204 78.492 -13432.973 -22.527 2.9347 0.0 
29000 217 81.625 -13718.424 -22.249 2.9912 0.0 
30000 219 81.958 -13673.845 -19.24 2.9965 0.0 
31000 227 102.31 -14178.284 -27.275 3.4031 0.0 
32000 228 110.304 -14029.661 -28.021 3.5628 0.0 
33000 233 125.878 -13926.572 -17.97 3.8841 0.0 
34000 240 123.03 -13895.682 -14.443 3.9893 0.0 
35000 242 137.714 -13962.228 -17.787 4.273 0.0 
36000 244 147.579 -13195.434 -5.365 4.4776 0.0 
37000 248 161.3 -13073.677 -1.369 4.7824 0.0 
38000 250 166.321 -13332.422 -1.924 4.8739 0.0 
39000 254 182.426 -13573.573 -6.812 5.1544 0.0 
40000 258 185.332 -13608.083 -9.851 5.228 0.0 
41000 258 185.332 -13808.083 -9.851 5.228 0.0 
42000 261 209.723 -13965.446 -14.415 5.7517 0.0 
43000 262 235.568 -14137.229 -17.169 6.2134 0.0 
44000 262 235.568 -14309.327 -17.169 6.2134 0.0 
45000 263 260.897 -14123.395 -21.76 6.7326 0.0 
46000 264 285.719 -14288.382 -19.43 7.2284 0.0 
47000 268 280.445 -14115.866 -17.743 7.1366 0.0 
48000 268 280.445 -14314.038 -17.743 7.1366 0.0 
49000 269 300.616 -14474.688 -20.004 7.5536 0.0 
50000 270 324.644 -14646.387 -22.829 8.0047 0.0 
51000 271 332.231 -14737.494 -26.232 8.1287 0.0 
52000 272 343.126 -14708.237 -23.987 8.3147 0.0 
53000 274 360.458 -15000.359 -27.982 8.6337 0.0 
54000 274 360.458 -15195.139 -27.982 8.6337 0.0 
55000 278 373.851 -15012.997 -28.221 8.853 0.0 
56000 285 343.29 -15518.399 -33.843 8.2438 0.0 
57000 289 324.461 -15942.268 -39.141 7.8938 0.0 
58000 290 348.012 -15856.472 -40.936 8.3688 0.0 
59000 295 326.882 -15868.707 -30.659 7.9706 0.0 
60000 295 326.882 -16068.707 -30.659 7.9706 0.0 
61000 300 332.276 -16430.397 -39.223 8.0398 0.0 
62000 302 345.325 -15860.593 -28.664 8.4406 0.0 
63000 306 333.782 -15194.399 -24.023 8.2736 0.0 
64000 312 315.062 -15129.231 -17.124 8.0106 0.0 
65000 320 292.551 -15303.123 -11.187 7.6567 0.0 
66000 320 292.551 -14828.61 -11.187 7.6567 0.0 
67000 321 316.74 -15028.61 -2.959 8.1808 0.0 
68000 322 323.665 -15328.41 -7.548 8.3205 0.0 
69000 323 339.132 -15628.21 -13.781 8.6191 0.0 
70000 324 362.389 -15701.333 -19.513 9.091 0.0 
71000 327 363.423 -15921.514 -23.94 9.1619 0.0 
72000 328 362.474 -15392.704 -9.922 9.1735 0.0 
73000 329 379.905 -15559.568 -13.678 9.5084 0.0 
74000 330 402.347 -15674.753 -16.753 10.0062 0.0 
75000 330 402.347 -15311.409 -16.753 10.0062 0.0 
76000 331 424.34 -15511.409 -9.463 10.5079 0.0 
77000 332 445.893 -15634.663 -15.116 10.9464 0.0 
78000 332 445.893 -15661.872 -15.116 10.9464 0.0 
79000 333 467.015 -15841.007 -15.97 11.441 0.0 
80000 334 487.715 -16010.54 -20.659 11.8892 0.0 
81000 334 487.715 -16158.361 -20.659 11.8892 0.0 
82000 336 503.441 -16419.389 -27.252 12.2201 0.0 
83000 336 503.441 -16618.073 -27.252 12.2201 0.0 
84000 337 523.412 -16808.996 -32.492 12.6251 0.0 
85000 338 542.983 -17001.866 -37.669 13.0635 0.0 
86000 338 542.983 -17190.826 -37.669 13.0635 0.0 
87000 342 543.481 -17531.893 -46.478 13.1298 0.0 
88000 343 533.851 -17733.0 -46.058 12.9178 0.0 
89000 344 553.214 -17928.426 -50.016 13.4114 0.0 
90000 344 553.214 -18080.032 -50.016 13.4114 0.0 
91000 345 572.19 -18273.49 -53.962 13.8538 0.0 
92000 346 590.786 -18459.723 -58.854 14.2031 0.0 
93000 346 590.786 -18659.723 -58.854 14.2031 0.0 
94000 347 609.01 -18854.632 -63.41 14.5592 0.0 
95000 348 626.87 -19054.632 -68.048 14.9535 0.0 
96000 348 626.87 -19254.632 -68.048 14.9535 0.0 
97000 349 644.373 -19387.538 -72.695 15.3279 0.0 
98000 350 661.525 -19571.522 -75.587 15.6234 0.0 
99000 350 661.525 -19771.522 -75.587 15.6234 0.0 
100000 352 676.188 -20058.052 -82.761 15.973 0.0 
