1000 1 100.0 455.935 45.594 0.1831 
2000 2 190.0 769.416 72.382 0.3507 
3000 3 271.0 1183.395 106.542 0.496 
4000 4 343.9 1518.749 129.423 0.7114 
5000 5 353.21 1950.177 134.9 0.7929 
6000 7 386.1 2424.428 152.411 0.9057 
7000 8 447.49 2859.965 189.604 1.0218 
8000 9 502.741 3287.092 202.674 1.0958 
9000 10 552.467 3691.921 229.097 1.1684 
10000 11 597.22 4095.643 241.671 1.3187 
11000 12 637.498 4568.194 267.279 1.4822 
12000 13 673.748 5042.515 284.848 1.547 
13000 14 706.374 5474.941 310.809 1.5657 
14000 15 735.736 5802.272 307.149 1.5989 
15000 16 762.163 6114.756 313.074 1.62 
16000 17 785.946 6451.266 309.998 1.6417 
17000 19 763.017 6806.452 299.289 1.756 
18000 20 786.715 7069.153 295.175 2.1617 
19000 21 808.043 7276.19 287.764 2.524 
20000 22 774.339 7565.956 277.639 2.5479 
21000 25 667.743 7904.443 231.74 2.4944 
22000 26 700.969 8203.081 235.527 2.8906 
23000 27 730.872 8574.282 249.007 3.1626 
24000 28 757.785 8983.108 263.448 3.3973 
25000 29 782.006 9445.218 281.919 3.6832 
26000 30 803.806 9978.535 306.215 3.9046 
27000 31 823.425 10463.482 323.59 4.154 
28000 32 841.083 11019.997 346.714 4.3095 
29000 33 856.974 11579.699 367.301 4.5351 
30000 34 871.277 12173.569 389.977 4.767 
31000 35 884.149 12659.927 400.872 4.8694 
32000 36 895.734 13227.763 418.873 5.0837 
33000 37 906.161 13755.491 430.063 5.1215 
34000 38 856.545 14287.702 405.505 4.8329 
35000 39 870.89 14831.689 418.73 4.8882 
36000 40 883.801 15330.336 431.028 4.9739 
37000 42 807.979 15853.677 394.011 4.5813 
38000 45 696.787 16355.921 342.785 4.0623 
39000 48 648.478 16838.656 320.372 4.0628 
40000 55 361.124 17297.225 175.187 2.3225 
41000 59 305.235 17807.842 148.79 1.9138 
42000 61 339.441 18277.893 163.185 2.06 
43000 65 307.525 18805.393 152.88 1.8944 
44000 68 309.186 19308.734 154.126 1.9218 
45000 69 306.967 19800.954 152.997 1.9514 
46000 91 94.79 20171.415 42.173 0.6714 
47000 98 64.802 20603.784 27.931 0.451 
48000 101 149.241 21094.655 64.652 1.0135 
49000 103 213.185 21638.665 99.776 1.5434 
50000 104 291.867 22237.863 151.644 2.0467 
51000 105 362.68 22793.012 191.976 2.4884 
52000 107 385.771 23348.617 207.973 2.5999 
53000 108 447.194 23921.473 245.057 2.9252 
54000 110 497.597 24468.221 272.798 3.2861 
55000 111 547.837 25080.274 305.674 3.6931 
56000 112 593.053 25619.383 330.098 3.9797 
57000 113 633.748 26149.09 350.082 4.262 
58000 115 605.336 26668.898 330.984 4.03 
59000 116 644.802 27255.984 356.717 4.4572 
60000 117 680.322 27783.686 373.958 4.7039 
61000 118 712.29 28295.811 387.277 5.6336 
62000 119 741.061 29008.925 419.538 11.6266 
63000 120 766.955 29495.569 426.774 11.1779 
64000 121 790.259 29986.029 433.958 10.7071 
65000 122 811.233 30592.995 450.938 10.2352 
66000 123 830.11 31113.923 457.565 9.8261 
67000 124 847.099 31625.364 463.027 9.5611 
68000 125 862.389 32245.378 478.608 9.3281 
69000 126 876.15 32888.268 494.698 9.0395 
70000 127 888.535 33529.38 508.937 8.7912 
71000 128 899.682 34171.583 522.76 8.5169 
72000 129 909.714 34770.0 530.528 8.2109 
73000 130 918.742 35384.907 538.916 8.0653 
74000 131 926.868 35878.705 533.104 7.819 
75000 132 934.181 36380.457 530.977 7.6035 
76000 133 940.763 36932.265 532.636 7.417 
77000 134 946.687 37348.822 522.009 7.2631 
78000 135 952.018 37937.003 527.821 7.1103 
79000 136 956.816 38499.813 531.45 7.0768 
80000 137 961.135 39139.587 541.741 6.9815 
81000 138 965.021 39787.441 552.866 6.9872 
82000 139 968.519 40423.971 561.606 6.9748 
83000 140 971.667 40990.765 562.582 6.9003 
84000 141 974.5 41560.935 563.096 6.8057 
85000 142 951.45 42101.772 545.387 6.5692 
86000 143 952.305 42649.24 544.2 6.4824 
87000 144 957.075 43223.164 545.524 6.4225 
88000 145 961.367 43772.825 546.102 6.3696 
89000 146 965.231 44304.161 546.565 6.3228 
90000 147 968.708 44895.625 547.185 6.2765 
91000 148 971.837 45586.359 560.891 6.3215 
92000 149 974.653 46190.538 567.272 6.2962 
93000 150 977.188 46774.334 572.457 6.2768 
94000 151 979.469 47328.003 567.97 6.252 
95000 152 981.522 47928.685 567.788 6.1643 
96000 153 983.37 48369.1 556.792 6.138 
97000 154 985.033 48905.153 552.937 6.1829 
98000 155 986.53 49436.316 550.914 6.1843 
99000 156 987.877 50057.19 563.749 6.1715 
100000 157 989.089 50516.681 549.299 6.1839 
101000 158 990.18 51106.461 556.228 6.183 
102000 159 991.162 51603.048 547.333 6.1687 
103000 160 992.046 52210.156 552.127 6.1102 
104000 161 992.841 52823.432 560.708 6.1283 
105000 162 993.557 53385.554 556.427 6.0862 
106000 163 994.201 53920.907 560.12 6.0631 
107000 164 994.781 54371.119 548.816 6.0278 
108000 165 995.303 54872.078 548.919 6.001 
109000 166 995.773 55322.655 533.674 5.9846 
110000 167 996.196 55803.839 528.114 5.9715 
111000 168 996.576 56189.011 519.472 5.9672 
112000 169 996.918 56584.324 505.679 5.9839 
113000 170 997.227 57062.515 497.076 6.0072 
114000 171 997.504 57621.318 504.278 6.0863 
115000 172 997.754 58139.592 501.654 6.0897 
116000 173 997.978 58599.411 499.998 6.2402 
117000 174 998.18 59284.127 516.865 6.2528 
118000 175 998.362 59941.205 530.833 6.2563 
119000 176 998.526 60615.64 548.593 6.2321 
120000 177 998.673 61312.928 560.064 6.2159 
121000 178 998.806 62041.184 578.192 6.1828 
122000 179 998.926 62706.664 584.566 6.1377 
123000 180 999.033 63335.099 595.196 6.0995 
124000 181 999.13 63960.963 600.07 6.1184 
125000 182 999.217 64316.746 577.685 6.1404 
126000 183 999.295 64846.006 567.951 6.1469 
127000 184 999.366 65434.317 568.905 6.166 
128000 185 962.029 66098.442 546.794 5.9363 
129000 186 965.826 66822.407 566.838 6.0172 
130000 189 839.257 67395.216 497.354 5.2771 
131000 190 783.731 68042.316 465.574 4.9271 
132000 191 805.358 68716.591 483.925 5.0515 
133000 192 824.823 69375.76 504.732 5.1768 
134000 193 842.34 70060.841 518.452 5.2892 
135000 194 858.106 70764.193 535.7 5.4042 
136000 195 872.296 71424.289 551.396 5.4971 
137000 196 885.066 72243.206 562.441 5.5226 
138000 197 896.559 72972.605 586.616 5.5384 
139000 198 906.903 73644.304 600.34 5.5571 
140000 199 916.213 74396.881 610.9 5.5728 
141000 200 924.592 75060.209 622.853 5.5955 
142000 201 932.133 75540.534 629.062 5.6238 
143000 202 938.919 76127.222 607.161 5.6867 
144000 203 945.027 76759.957 605.191 5.8493 
145000 204 950.525 77444.302 613.307 5.8695 
146000 205 955.472 78277.206 622.539 5.9401 
147000 206 959.925 78890.108 641.98 5.9457 
148000 207 963.933 79563.913 637.654 6.0006 
149000 208 967.539 80261.781 643.532 6.08 
150000 209 970.785 80926.828 646.859 6.1569 
151000 210 973.707 81486.192 650.246 6.1325 
152000 211 976.336 82069.646 638.805 6.1658 
153000 212 978.703 82758.598 634.364 6.1788 
154000 213 980.832 83505.681 642.107 6.1724 
155000 214 982.749 84187.617 650.687 6.1556 
156000 215 984.474 84866.97 651.998 6.1377 
157000 216 986.027 85503.892 657.108 6.1571 
158000 217 987.424 86236.617 656.42 6.296 
159000 218 988.682 86939.163 663.8 6.3829 
160000 219 989.813 87600.464 666.138 6.4225 
161000 220 990.832 88207.731 665.719 6.3897 
162000 221 991.749 88859.047 661.97 6.4159 
163000 222 992.574 89425.469 657.499 6.3675 
164000 223 993.317 90189.764 649.474 6.3633 
165000 224 993.985 90873.444 661.784 6.4313 
166000 225 994.586 91525.901 662.844 6.3377 
167000 226 995.128 92209.355 662.897 6.3641 
168000 227 995.615 93011.134 667.493 6.3565 
169000 228 996.054 93665.67 678.927 6.3903 
170000 229 996.448 94426.967 676.432 6.4035 
171000 230 996.803 95106.482 684.109 6.4093 
172000 231 997.123 95862.136 679.383 6.4001 
173000 232 997.411 96563.986 692.657 6.3976 
174000 233 997.67 97302.139 692.773 6.3741 
175000 234 997.903 97933.953 697.023 6.3983 
176000 235 998.112 98642.23 690.008 6.5127 
177000 236 998.301 99529.393 692.529 6.5456 
178000 237 998.471 100404.216 712.083 6.5912 
179000 238 998.624 101099.612 730.844 6.5372 
180000 239 998.762 102021.171 729.676 6.4752 
181000 240 998.885 102782.169 746.318 6.4339 
182000 241 998.997 103522.402 744.521 6.4621 
183000 242 999.097 104345.635 743.416 6.4937 
184000 243 999.187 105185.905 753.196 6.6719 
185000 244 999.269 106146.908 763.769 6.6623 
186000 245 999.342 107084.674 786.67 6.6202 
187000 246 999.408 107990.475 804.523 6.5813 
188000 247 999.467 108632.057 804.74 6.5072 
189000 248 999.52 109243.029 789.881 6.4377 
190000 249 992.268 109858.887 766.45 6.352 
191000 250 993.041 110473.56 752.137 6.4018 
192000 251 993.737 111086.841 738.677 6.4236 
193000 252 990.164 111694.095 723.067 6.5738 
194000 253 991.147 112640.961 711.303 6.917 
195000 254 992.032 113233.752 736.1 6.9481 
196000 256 944.146 113854.347 677.114 6.4744 
197000 258 899.858 114474.102 635.36 6.1939 
198000 259 909.873 115104.26 634.843 6.2567 
199000 260 918.885 115747.24 635.723 6.2315 
200000 261 926.997 116610.15 658.383 6.1964 
201000 262 934.297 117165.81 648.098 6.2945 
202000 263 940.867 117750.175 641.73 6.424 
203000 264 946.781 118596.793 662.213 6.4467 
204000 265 952.103 119152.984 651.629 6.4152 
205000 266 956.892 119874.997 658.655 6.4532 
206000 267 961.203 120551.448 660.419 6.6311 
207000 268 965.083 121373.539 676.593 6.623 
208000 269 968.575 122021.328 673.736 6.5978 
209000 270 971.717 122702.485 674.485 6.6253 
210000 271 974.545 123359.689 672.708 6.598 
211000 272 977.091 123901.286 659.696 6.6636 
212000 273 979.382 124500.176 653.509 6.6364 
213000 274 981.444 125199.89 658.244 6.722 
214000 275 983.299 126078.067 680.173 6.7915 
215000 276 984.969 126938.275 698.211 6.8092 
216000 277 986.472 127381.367 672.584 6.7863 
217000 278 987.825 128111.41 678.44 6.7695 
218000 279 989.043 128956.067 695.042 6.7691 
219000 280 990.138 129789.584 708.855 6.7375 
220000 281 991.125 130517.613 710.767 6.7283 
221000 282 992.012 131201.831 708.178 6.714 
222000 283 992.811 131841.466 701.266 6.6452 
223000 284 993.53 132530.628 700.071 6.6809 
224000 285 949.377 133186.153 665.861 6.5228 
225000 286 954.439 133839.81 665.155 6.4328 
226000 287 958.995 134465.163 662.076 6.5632 
227000 288 926.796 134938.546 634.5 6.3677 
228000 289 934.116 135534.08 618.789 6.4923 
229000 291 868.734 136096.882 569.388 6.1032 
230000 292 881.861 136697.213 567.318 6.1977 
231000 294 859.607 137282.865 546.557 6.2018 
232000 295 873.646 138039.528 567.538 6.2097 
233000 296 886.282 138647.325 570.951 6.2657 
234000 297 897.654 139493.935 598.244 6.3439 
235000 298 907.888 140134.931 603.104 6.3979 
236000 299 917.099 140963.325 624.895 6.5729 
237000 300 925.389 141900.759 656.3 6.6613 
238000 301 909.151 142583.829 639.651 6.533 
239000 302 918.235 143264.81 639.297 6.4921 
240000 303 926.412 144244.568 672.66 6.4098 
241000 304 933.771 144989.603 682.696 6.4334 
242000 305 940.394 145961.672 718.145 6.4421 
243000 306 946.354 146542.449 706.507 6.3948 
244000 307 951.719 147223.049 689.664 6.4092 
245000 308 956.547 148153.104 723.536 6.4365 
246000 309 960.892 148670.437 702.685 6.461 
247000 310 964.803 149271.678 693.941 6.4622 
248000 311 968.323 149960.853 685.456 6.522 
249000 312 971.49 150674.418 694.395 6.4752 
250000 313 974.341 151425.153 688.675 6.4321 
251000 314 976.907 152054.479 694.522 6.5951 
252000 315 979.217 152770.389 696.722 6.6338 
253000 316 981.295 153401.261 690.262 6.7387 
254000 317 983.165 154096.447 683.504 6.7304 
255000 318 984.849 155038.858 710.846 6.6541 
256000 319 986.364 155754.064 711.442 6.5727 
257000 320 987.728 156416.723 712.442 6.5549 
258000 321 988.955 157171.978 705.407 6.558 
259000 322 990.059 158089.512 724.113 6.6263 
260000 323 991.053 159028.986 749.808 6.8391 
261000 324 991.948 159975.036 774.754 6.8264 
262000 325 992.753 160755.077 767.492 7.1197 
263000 326 993.478 161781.74 800.549 7.063 
264000 327 994.13 162450.373 789.597 6.9957 
265000 328 994.717 163145.653 777.415 6.9478 
266000 329 995.245 163885.961 768.863 6.8888 
267000 330 995.721 164793.841 785.519 6.8702 
268000 331 996.149 165467.959 781.189 6.9861 
269000 332 996.534 166103.17 768.186 6.8892 
270000 333 996.881 166736.106 751.456 6.8753 
271000 334 997.192 167372.182 744.421 6.8568 
272000 335 997.473 167992.292 731.599 6.7772 
273000 336 997.726 168748.647 720.999 6.8307 
274000 337 997.953 169498.248 727.267 6.8086 
275000 338 998.158 170133.914 721.062 6.8036 
276000 339 998.342 171010.125 737.254 6.8347 
277000 340 998.508 171762.267 736.226 6.9377 
278000 341 998.657 172729.828 759.399 6.9645 
279000 342 998.791 173641.858 779.751 7.0334 
280000 343 998.912 174375.665 766.292 7.0706 
281000 344 999.021 175382.946 791.562 7.0519 
282000 345 999.119 176291.62 803.574 7.1565 
283000 346 999.207 177143.777 817.821 7.1244 
284000 347 999.286 177918.748 801.862 7.0452 
285000 348 999.358 178863.527 828.931 7.1064 
286000 349 999.422 179668.664 812.639 7.2063 
287000 350 999.48 180701.068 841.356 7.3327 
288000 351 999.532 181730.382 858.391 7.2492 
289000 352 999.579 182563.616 861.087 7.1471 
290000 353 999.621 183614.953 870.714 7.0198 
291000 354 999.659 184482.902 878.241 6.9391 
292000 355 999.693 185484.522 884.964 6.8671 
293000 356 999.724 186314.603 894.124 6.7562 
294000 357 999.751 186959.167 861.071 6.8184 
295000 358 999.776 187548.092 835.612 7.1338 
296000 359 999.798 188420.259 840.792 7.1125 
297000 360 999.819 189209.378 825.277 6.9702 
298000 361 999.837 190332.861 853.228 6.9036 
299000 362 999.853 191308.482 877.09 6.7874 
300000 363 999.868 192325.981 880.973 6.8701 
301000 364 999.881 193107.847 880.327 7.03 
302000 365 999.893 194000.993 879.17 7.1212 
303000 366 999.904 194941.951 878.594 7.0409 
304000 367 999.913 195922.359 892.164 6.9067 
305000 368 999.922 196891.891 895.383 6.9375 
306000 369 999.93 197871.669 905.083 6.8666 
307000 370 999.937 198847.979 917.481 6.7425 
308000 371 999.943 199572.72 896.542 6.6463 
309000 372 999.949 200443.291 892.625 6.6058 
310000 373 999.954 201301.055 890.577 6.6772 
311000 374 999.959 202255.76 894.189 6.7165 
312000 375 999.963 203284.99 909.075 6.7304 
313000 376 999.966 204222.2 914.094 6.654 
314000 377 999.97 205252.527 918.716 6.5568 
315000 378 999.973 206361.425 942.165 6.4675 
316000 379 999.975 207348.772 940.856 6.4446 
317000 380 999.978 208450.813 962.346 6.3849 
318000 381 999.98 209337.873 952.779 6.4243 
319000 382 999.982 210265.447 955.997 6.5232 
320000 383 999.984 211438.967 969.619 6.5292 
321000 384 999.986 212512.461 985.507 6.5329 
322000 385 999.987 213596.441 995.585 6.5495 
323000 386 999.988 214738.171 1007.649 6.466 
324000 387 999.989 215845.847 1018.593 7.1871 
325000 388 999.991 216856.182 1018.211 7.2286 
326000 389 999.991 217922.911 1017.489 7.4398 
327000 390 999.992 219094.037 1034.711 7.3786 
328000 391 999.993 220038.327 1023.129 7.2589 
329000 392 999.994 220568.334 982.363 7.1782 
330000 393 999.994 221549.123 977.466 7.1312 
331000 394 999.995 222702.942 999.007 7.0762 
332000 395 999.995 223851.477 1007.711 7.3506 
333000 396 999.996 224895.898 1015.125 7.5809 
334000 397 999.996 225784.661 1002.378 7.4604 
335000 398 999.997 226842.076 1003.324 7.3147 
336000 399 999.997 227605.101 991.671 7.2699 
337000 400 999.997 228379.52 959.664 7.1803 
338000 401 999.998 229539.235 980.349 7.0866 
339000 402 999.998 230610.655 995.582 6.9456 
340000 403 999.998 231389.189 970.56 6.818 
341000 404 999.998 232365.279 968.756 6.7903 
342000 405 999.998 233357.393 972.952 6.7177 
343000 406 999.999 234477.258 985.872 6.6473 
344000 407 999.999 235598.68 998.033 6.6913 
345000 408 999.999 236620.482 1012.092 6.8237 
346000 409 999.999 237497.122 984.328 6.7541 
347000 410 999.999 238634.06 1006.891 6.7606 
348000 411 999.999 239773.692 1016.504 6.6832 
349000 412 999.999 240577.545 991.824 6.5821 
350000 413 999.999 241652.934 1013.999 6.5218 
351000 414 999.999 242382.23 978.262 6.4457 
352000 415 999.999 243208.754 959.329 6.3736 
353000 416 1000.0 244158.568 966.958 6.4168 
354000 417 1000.0 244886.334 934.532 6.5294 
355000 418 1000.0 245724.1 936.475 6.462 
356000 419 1000.0 246386.984 906.485 6.456 
357000 420 1000.0 246902.562 871.994 6.5432 
358000 421 1000.0 247538.552 837.544 6.5828 
359000 422 1000.0 248342.417 837.442 6.5433 
360000 423 1000.0 249231.054 849.042 6.515 
361000 424 1000.0 249886.17 826.72 6.4391 
362000 425 1000.0 250886.439 845.002 6.3745 
363000 426 1000.0 251509.457 823.848 6.35 
364000 427 1000.0 252052.201 800.209 6.344 
365000 428 1000.0 252560.313 769.127 6.3468 
366000 429 1000.0 253186.84 749.234 6.3504 
367000 430 1000.0 254039.932 749.434 6.345 
368000 431 1000.0 255206.314 795.669 6.3178 
369000 432 1000.0 256123.457 803.178 6.2887 
370000 433 1000.0 257133.761 836.905 6.2844 
371000 434 1000.0 257874.123 815.215 6.3039 
372000 435 1000.0 258962.653 846.383 6.3067 
373000 436 1000.0 259995.217 867.113 6.2449 
374000 437 1000.0 261074.516 884.469 6.1709 
375000 438 1000.0 262020.673 891.768 6.0999 
376000 439 1000.0 263132.185 916.924 6.0386 
377000 440 1000.0 264108.51 922.607 5.9744 
378000 441 1000.0 265143.629 929.027 5.9125 
379000 442 1000.0 266211.602 943.537 5.885 
380000 443 1000.0 267188.913 957.519 5.9069 
381000 444 1000.0 267959.885 927.097 5.8824 
382000 445 1000.0 269095.415 947.165 5.8719 
383000 446 1000.0 269812.934 928.316 5.9163 
384000 447 1000.0 270901.723 942.99 5.9482 
385000 448 1000.0 271942.325 956.215 5.9344 
386000 449 1000.0 272944.181 957.081 5.9435 
387000 450 1000.0 273887.029 953.843 5.9648 
388000 451 1000.0 274975.293 968.416 5.9701 
389000 452 1000.0 275972.333 972.744 5.9297 
390000 453 1000.0 276908.515 978.603 5.9206 
391000 454 1000.0 277471.485 935.922 5.9404 
392000 455 1000.0 278266.405 910.259 6.0037 
393000 456 1000.0 279080.737 905.112 6.1172 
394000 457 1000.0 280080.692 909.815 6.0669 
395000 458 1000.0 281107.536 920.905 6.0285 
396000 459 1000.0 282025.636 930.98 5.9996 
397000 460 1000.0 282807.819 917.503 5.9785 
398000 461 1000.0 283423.957 887.833 5.9412 
399000 462 1000.0 284213.86 874.063 5.8959 
400000 463 1000.0 285045.469 865.327 5.8596 
401000 464 1000.0 286131.585 894.476 5.8253 
402000 465 1000.0 286841.238 869.225 5.8043 
403000 466 1000.0 287413.507 844.446 5.7876 
404000 467 1000.0 288278.477 838.192 5.7738 
405000 468 1000.0 289211.445 855.851 5.7598 
406000 469 1000.0 289905.283 839.765 5.7339 
407000 470 1000.0 290712.689 828.005 5.7153 
408000 471 1000.0 291764.095 858.346 5.6953 
409000 472 1000.0 292554.638 851.95 5.6814 
410000 473 1000.0 293356.139 848.289 5.6688 
411000 474 1000.0 294066.929 834.369 5.6632 
412000 475 1000.0 294978.573 831.119 5.6584 
413000 476 1000.0 295857.037 844.386 5.6453 
414000 477 1000.0 296648.277 842.963 5.634 
415000 478 1000.0 297421.069 837.718 5.6204 
416000 479 1000.0 298030.447 814.218 5.6124 
417000 480 1000.0 298746.758 804.244 5.6017 
418000 481 1000.0 299595.151 792.295 5.6019 
419000 482 1000.0 300531.92 810.148 5.5935 
420000 483 1000.0 301452.552 822.584 5.5889 
421000 484 1000.0 302391.845 835.769 5.5716 
422000 485 1000.0 303274.47 842.447 5.563 
423000 486 1000.0 304298.174 860.302 5.5479 
424000 487 1000.0 305141.886 859.33 5.53 
425000 488 1000.0 305894.59 857.906 5.5115 
426000 489 1000.0 306779.006 845.956 5.4961 
427000 490 1000.0 307790.798 874.14 5.4878 
428000 491 1000.0 308830.402 879.681 5.4798 
429000 492 1000.0 310011.315 909.427 5.4734 
430000 493 1000.0 311107.963 927.395 5.4717 
431000 494 1000.0 312108.886 937.747 5.4718 
432000 495 1000.0 313154.9 950.741 5.4705 
433000 496 1000.0 314173.745 953.663 5.4938 
434000 497 1000.0 315098.625 962.558 5.5313 
435000 498 1000.0 315965.467 954.245 5.5541 
436000 499 1000.0 316708.882 934.769 5.542 
437000 500 1000.0 317380.2 905.276 5.5324 
438000 501 1000.0 318066.664 888.138 5.5364 
439000 502 1000.0 318595.827 849.85 5.5672 
440000 503 1000.0 319162.35 827.677 5.6122 
441000 504 1000.0 319825.854 790.655 5.6051 
442000 505 1000.0 320886.272 828.732 5.6253 
443000 506 1000.0 321770.239 824.199 5.6432 
444000 507 1000.0 322875.604 864.474 5.6694 
445000 508 1000.0 323682.282 848.368 5.6638 
446000 509 1000.0 324935.092 886.124 5.6559 
447000 510 1000.0 326148.754 920.113 5.6372 
448000 511 1000.0 327395.067 951.509 5.6175 
449000 512 1000.0 328635.785 979.728 5.6079 
450000 513 1000.0 329865.202 1004.949 5.597 
451000 514 1000.0 330490.045 980.691 5.5882 
452000 515 1000.0 331354.986 954.05 5.5743 
453000 516 1000.0 332571.671 982.84 5.5538 
454000 517 1000.0 333803.738 1004.82 5.5315 
455000 518 1000.0 334921.404 1017.901 5.514 
456000 519 1000.0 336271.988 1048.948 5.5008 
457000 520 1000.0 336945.507 1029.8 5.4934 
458000 521 1000.0 337599.688 991.809 5.4897 
459000 522 1000.0 338363.203 961.841 5.4886 
460000 523 1000.0 339403.393 963.7 5.5133 
461000 524 1000.0 340531.26 978.796 5.547 
462000 525 1000.0 341444.714 984.572 5.5322 
463000 526 1000.0 342313.805 957.681 5.5182 
464000 527 1000.0 343488.951 980.227 5.4999 
465000 528 1000.0 344636.292 998.806 5.4763 
466000 529 1000.0 345694.422 1013.803 5.4598 
467000 530 1000.0 346528.068 992.134 5.4541 
468000 531 1000.0 347392.389 984.464 5.4568 
469000 532 1000.0 348598.349 1002.046 5.5215 
470000 533 1000.0 349586.453 1006.475 5.5728 
471000 534 1000.0 350298.327 979.481 5.5957 
472000 535 1000.0 351062.028 947.46 5.6036 
473000 536 1000.0 352214.305 972.314 5.6009 
474000 537 1000.0 353141.359 956.03 5.5772 
475000 538 1000.0 354472.96 994.949 5.5597 
476000 539 1000.0 355783.567 1027.892 5.5452 
477000 540 1000.0 357008.147 1046.799 5.5374 
478000 541 1000.0 358142.597 1067.015 5.5473 
479000 542 1000.0 358877.636 1033.849 5.5929 
480000 543 1000.0 359770.073 1008.397 5.5919 
481000 544 1000.0 360884.551 1029.892 5.5858 
482000 545 1000.0 361700.244 1003.981 5.5832 
483000 546 1000.0 362400.67 981.434 5.5853 
484000 547 967.1 363378.509 929.458 5.4074 
485000 548 970.39 364322.978 956.365 5.4278 
486000 549 973.351 365436.969 954.238 5.4487 
487000 550 976.016 366218.859 944.037 5.4585 
488000 551 978.414 367218.807 934.7 5.4714 
489000 552 980.573 368153.689 932.655 5.4819 
490000 553 982.516 369341.298 965.578 5.4918 
491000 554 984.264 370388.076 962.843 5.5126 
492000 555 985.838 371534.39 985.954 5.5304 
493000 556 987.254 372576.347 985.682 5.5373 
494000 557 988.528 373683.034 1006.223 5.541 
495000 558 989.676 374778.692 1023.171 5.5504 
496000 559 990.708 376030.206 1032.966 5.5516 
497000 560 991.637 377231.527 1053.116 5.545 
498000 561 992.474 378265.365 1065.388 5.5297 
499000 562 993.226 379286.51 1044.381 5.5203 
500000 563 993.904 380504.52 1060.528 5.5127 
501000 564 994.513 381683.854 1075.952 5.504 
502000 565 995.062 382943.226 1092.196 5.5018 
503000 566 995.556 384039.629 1095.95 5.5004 
504000 567 996.0 385231.081 1100.025 5.5126 
505000 568 996.4 386309.725 1108.167 5.5255 
506000 569 996.76 387381.583 1100.106 5.5339 
507000 570 997.084 388601.459 1106.955 5.5376 
508000 571 997.376 389814.187 1118.977 5.5428 
509000 572 997.638 391080.519 1134.036 5.5951 
510000 573 997.874 392234.479 1136.164 5.5884 
511000 574 998.087 393400.689 1148.043 5.5742 
512000 575 998.278 394255.167 1135.005 5.5673 
513000 576 998.45 395327.131 1102.131 5.5673 
514000 577 998.605 396547.269 1115.921 5.5878 
515000 578 998.745 397440.357 1128.561 5.5892 
516000 579 998.87 398155.766 1074.954 5.5732 
517000 580 998.983 398770.684 1050.515 5.556 
518000 581 999.085 399359.397 987.818 5.5454 
519000 582 999.176 400383.753 962.077 5.533 
520000 583 999.259 401259.928 988.75 5.519 
521000 584 999.333 402244.114 950.888 5.5201 
522000 585 999.4 403523.601 986.937 5.5153 
523000 586 999.46 404610.417 1010.576 5.5117 
524000 587 999.514 405772.755 1014.465 5.5105 
525000 588 999.562 406869.606 1021.379 5.4987 
526000 589 999.606 407823.603 1041.248 5.4837 
527000 590 999.645 408860.311 1011.537 5.4675 
528000 591 999.681 409682.382 1029.1 5.452 
529000 592 999.713 410890.927 1013.751 5.4352 
530000 593 999.742 411697.452 1021.553 5.4237 
531000 594 999.767 412350.742 989.971 5.4056 
532000 595 999.791 413080.294 958.759 5.3958 
533000 596 999.812 414052.538 936.268 5.3834 
534000 597 999.83 415109.2 948.726 5.3767 
535000 598 999.847 416307.981 970.372 5.37 
536000 599 999.863 417207.633 987.318 5.3645 
537000 600 999.876 418296.973 966.4 5.3594 
538000 601 999.889 419492.986 995.92 5.3626 
539000 602 999.9 420574.116 999.869 5.3639 
540000 603 999.91 421709.21 1017.589 5.3618 
541000 604 999.919 422694.027 1019.182 5.3626 
542000 605 999.927 423624.597 1015.576 5.3629 
543000 606 999.934 424533.25 1001.554 5.3675 
544000 607 999.941 425558.896 995.273 5.3715 
545000 608 999.947 426708.67 1006.095 5.3843 
546000 609 999.952 427836.525 1028.133 5.3922 
547000 610 999.957 428995.353 1042.615 5.3961 
548000 611 999.961 430085.494 1033.822 5.4022 
549000 612 999.965 431390.913 1062.306 5.4112 
550000 613 999.969 432594.497 1071.689 5.4203 
551000 614 999.972 433545.848 1096.14 5.4293 
552000 615 999.975 434312.873 1061.705 5.4382 
553000 616 999.977 435426.431 1035.397 5.4457 
554000 617 999.979 436446.132 1064.638 5.4565 
555000 618 999.981 437313.17 1043.324 5.464 
556000 619 999.983 438097.143 1021.552 5.4759 
557000 620 999.985 438905.232 998.61 5.4751 
558000 621 999.986 439687.698 976.489 5.471 
559000 622 999.988 440744.01 958.393 5.4641 
560000 623 999.989 441463.555 959.719 5.471 
561000 624 999.99 442554.947 943.111 5.4761 
562000 625 999.991 443846.515 981.388 5.4625 
563000 626 999.992 444932.833 989.347 5.4475 
564000 627 999.993 446013.932 1004.396 5.4363 
565000 628 999.994 446838.175 1015.301 5.4316 
566000 629 999.994 447914.098 987.189 5.428 
567000 630 999.995 448940.416 990.662 5.4312 
568000 631 999.995 450101.838 1006.79 5.426 
569000 632 999.996 450754.304 1003.17 5.4461 
570000 633 999.996 451723.686 981.522 5.4927 
571000 634 999.997 452342.458 966.544 5.5413 
572000 635 999.997 453010.806 935.569 5.5307 
573000 636 999.997 453981.674 920.818 5.511 
574000 637 999.997 454943.517 924.49 5.496 
575000 638 999.998 455973.146 926.912 5.4866 
576000 639 999.998 456868.599 953.069 5.4998 
577000 640 999.998 457477.427 922.654 5.5034 
578000 641 999.998 458406.993 887.539 5.5031 
579000 642 999.999 459691.357 919.038 5.5027 
580000 643 999.999 460640.324 963.207 5.5051 
581000 644 999.999 461176.777 926.281 5.51 
582000 645 999.999 461791.693 887.822 5.5222 
583000 646 999.999 462546.91 865.884 5.5373 
584000 647 999.999 463229.384 858.816 5.5457 
585000 648 999.999 463935.226 839.704 5.553 
586000 649 999.999 464965.321 829.754 5.5581 
587000 650 999.999 465900.841 849.422 5.5667 
588000 651 999.999 466734.456 861.029 5.5679 
589000 652 999.999 467598.329 859.354 5.5678 
590000 653 1000.0 468480.871 861.523 5.5704 
591000 654 1000.0 469409.169 855.846 5.5794 
592000 655 1000.0 470379.839 860.943 5.5893 
593000 656 1000.0 471301.851 891.75 5.5986 
594000 657 1000.0 472448.883 883.935 5.6091 
595000 658 1000.0 473546.818 913.152 5.6116 
596000 659 1000.0 474582.568 930.115 5.598 
597000 660 1000.0 475582.287 944.249 5.5851 
598000 661 1000.0 476299.247 928.663 5.5794 
599000 662 1000.0 477219.966 911.548 5.5754 
600000 663 1000.0 478390.552 925.326 5.5679 
601000 664 1000.0 479437.183 955.562 5.5553 
602000 665 1000.0 480486.396 955.036 5.5486 
603000 666 1000.0 481646.116 973.34 5.5488 
604000 667 1000.0 482625.233 998.294 5.5518 
605000 668 1000.0 483759.944 981.372 5.5547 
606000 669 1000.0 484918.786 997.51 5.5624 
607000 670 1000.0 485857.981 1030.077 5.5705 
608000 671 1000.0 486874.133 1003.575 5.5801 
609000 672 1000.0 487984.446 1003.525 5.5945 
610000 673 1000.0 489221.502 1028.217 5.6045 
611000 674 1000.0 490433.635 1049.662 5.615 
612000 675 1000.0 491633.762 1054.448 5.6219 
613000 676 1000.0 492871.49 1082.71 5.6254 
614000 677 1000.0 493800.095 1094.622 5.6351 
615000 678 1000.0 494967.388 1070.074 5.6299 
616000 679 1000.0 495848.936 1081.005 5.6268 
617000 680 1000.0 496858.991 1055.982 5.6276 
618000 681 1000.0 497985.564 1056.95 5.6285 
619000 682 1000.0 499118.365 1061.726 5.6241 
620000 683 1000.0 500008.937 1073.048 5.6128 
621000 684 1000.0 501020.203 1048.952 5.6058 
622000 685 1000.0 501668.902 1030.299 5.6059 
623000 686 1000.0 502721.82 1004.551 5.6093 
624000 687 1000.0 503587.355 997.101 5.6117 
625000 688 1000.0 504415.039 984.032 5.6186 
626000 689 1000.0 505103.606 969.332 5.6221 
627000 690 1000.0 506116.06 953.298 5.6268 
628000 691 1000.0 507162.868 957.302 5.6298 
629000 692 1000.0 508305.755 973.636 5.625 
630000 693 1000.0 509398.789 992.185 5.6184 
631000 694 1000.0 510490.579 991.208 5.6187 
632000 695 1000.0 511412.343 1014.854 5.6046 
633000 696 1000.0 512415.823 996.03 5.5927 
634000 697 1000.0 513437.037 1000.056 5.5852 
635000 698 1000.0 514286.756 1000.245 5.5768 
636000 699 1000.0 515114.73 985.077 5.5708 
637000 700 1000.0 516230.634 968.998 5.564 
638000 701 1000.0 516929.553 972.861 5.5653 
639000 702 1000.0 518096.317 956.448 5.5617 
640000 703 1000.0 519170.473 983.222 5.5582 
641000 704 1000.0 520073.248 990.236 5.5549 
642000 705 1000.0 521138.23 978.262 5.5556 
643000 706 1000.0 522051.412 977.617 5.6207 
644000 707 1000.0 522704.712 962.975 5.6349 
645000 708 1000.0 523784.645 948.485 5.6368 
646000 709 1000.0 524798.594 957.827 5.6282 
647000 710 1000.0 525785.134 961.264 5.6227 
648000 711 1000.0 527089.325 978.396 5.6177 
649000 712 1000.0 528410.286 1020.912 5.6189 
650000 713 1000.0 529628.186 1042.555 5.6151 
651000 714 1000.0 530830.348 1047.226 5.6137 
652000 715 1000.0 532045.896 1075.386 5.6162 
653000 716 1000.0 533402.153 1095.727 5.6175 
654000 717 1000.0 534735.198 1124.381 5.6218 
655000 718 1000.0 536104.276 1146.561 5.6212 
656000 719 1000.0 537269.58 1157.02 5.6164 
657000 720 1000.0 538294.476 1143.406 5.6147 
658000 721 1000.0 539212.904 1148.363 5.6143 
659000 722 1000.0 540226.684 1097.815 5.6188 
660000 723 1000.0 541340.764 1117.884 5.6177 
661000 724 1000.0 542303.784 1095.584 5.6149 
662000 725 1000.0 543391.749 1095.289 5.6158 
663000 726 1000.0 544571.35 1097.033 5.6188 
664000 727 1000.0 545320.491 1103.919 5.618 
665000 728 1000.0 546217.349 1047.847 5.6261 
666000 729 1000.0 547348.756 1044.146 5.6181 
667000 730 1000.0 548505.517 1063.004 5.6158 
668000 731 1000.0 549618.947 1065.865 5.6127 
669000 732 1000.0 550743.072 1074.357 5.6036 
670000 733 1000.0 551906.743 1081.709 5.5981 
671000 734 1000.0 553105.243 1092.825 5.5882 
672000 735 1000.0 554258.115 1099.868 5.5747 
673000 736 1000.0 555284.184 1102.828 5.5731 
674000 737 1000.0 556043.815 1089.326 5.575 
675000 738 1000.0 556614.379 1048.986 5.5738 
676000 739 1000.0 557609.686 1011.439 5.5766 
677000 740 1000.0 558465.471 1006.62 5.5727 
678000 741 1000.0 559480.262 993.789 5.5731 
679000 742 1000.0 560595.135 988.501 5.5798 
680000 743 1000.0 562029.864 1039.274 5.5841 
681000 744 1000.0 563014.131 1047.062 5.5946 
682000 745 1000.0 564116.894 1036.324 5.6059 
683000 746 1000.0 565085.181 1074.359 5.614 
684000 747 1000.0 566114.481 1033.02 5.6227 
685000 748 1000.0 567449.296 1064.806 5.6339 
686000 749 1000.0 568411.291 1066.769 5.6309 
687000 750 1000.0 569479.627 1051.339 5.6171 
688000 751 1000.0 570659.769 1063.85 5.6107 
689000 752 1000.0 571386.722 1065.77 5.6278 
690000 753 1000.0 572577.2 1035.554 5.7373 
691000 754 1000.0 573871.14 1070.349 6.4986 
692000 755 1000.0 575148.607 1087.349 6.8543 
693000 756 1000.0 576462.074 1113.529 6.8527 
694000 757 1000.0 577690.616 1119.936 6.9117 
695000 758 1000.0 579096.548 1146.503 7.0627 
696000 759 1000.0 580301.582 1155.578 7.0607 
697000 760 1000.0 581531.746 1162.414 7.2243 
698000 761 1000.0 582970.727 1182.87 7.1522 
699000 762 1000.0 584457.463 1218.014 7.5872 
700000 763 1000.0 585775.794 1226.364 7.9155 
701000 764 1000.0 587059.648 1245.515 7.7916 
702000 765 1000.0 588256.558 1227.44 7.7184 
703000 766 1000.0 589486.345 1226.247 7.6626 
704000 767 1000.0 590639.294 1238.165 7.5965 
705000 768 1000.0 591881.13 1216.358 7.5264 
706000 769 1000.0 593356.996 1239.979 7.4606 
707000 770 1000.0 594849.237 1272.058 7.391 
708000 771 1000.0 596266.403 1287.627 7.3089 
709000 772 1000.0 597499.439 1281.716 7.274 
710000 773 1000.0 598894.931 1301.954 7.2289 
711000 774 1000.0 600060.582 1284.661 7.182 
712000 775 1000.0 601273.804 1274.534 7.0551 
713000 776 1000.0 602566.785 1278.765 6.9318 
714000 777 1000.0 603764.498 1286.2 6.8269 
715000 778 1000.0 605136.749 1268.772 6.7694 
716000 779 1000.0 606513.951 1294.594 6.708 
717000 780 1000.0 607433.122 1286.837 6.7296 
718000 781 1000.0 608497.363 1233.134 6.7373 
719000 782 1000.0 609467.95 1234.879 6.7802 
720000 783 1000.0 610690.819 1195.276 6.7957 
721000 784 1000.0 612133.386 1223.302 6.7865 
722000 785 1000.0 613320.12 1227.156 6.775 
723000 786 1000.0 614488.328 1210.676 6.7801 
724000 787 1000.0 615832.611 1234.689 6.7768 
725000 788 1000.0 617091.526 1229.266 6.7807 
726000 789 1000.0 618492.519 1240.289 6.7637 
727000 790 1000.0 619947.619 1259.768 6.8133 
728000 791 1000.0 621401.135 1284.663 6.8112 
729000 792 1000.0 622685.756 1293.308 6.821 
730000 793 1000.0 623985.74 1286.129 6.8886 
731000 794 1000.0 625365.893 1303.528 6.9113 
732000 795 1000.0 626678.536 1289.6 6.9309 
733000 796 1000.0 628078.233 1305.901 6.8848 
734000 797 1000.0 629689.933 1331.484 6.9301 
735000 798 1000.0 631063.179 1346.01 6.9084 
736000 799 1000.0 632553.498 1358.855 6.8612 
737000 800 1000.0 633746.441 1332.911 6.8341 
738000 801 1000.0 635200.515 1352.553 6.8035 
739000 802 1000.0 636640.75 1366.143 6.801 
740000 803 1000.0 637375.614 1345.387 7.0107 
741000 804 1000.0 638459.869 1271.923 7.1858 
742000 805 1000.0 639814.234 1271.677 7.1443 
743000 806 1000.0 640800.653 1296.049 7.0006 
744000 807 1000.0 641962.982 1233.719 6.9228 
745000 808 1000.0 643420.736 1255.751 6.9276 
746000 809 1000.0 644634.163 1248.401 7.2026 
747000 810 1000.0 646087.085 1283.806 7.3707 
748000 811 1000.0 646745.366 1262.035 7.2636 
749000 812 1000.0 647890.775 1203.351 7.1611 
750000 813 1000.0 649112.709 1215.11 7.0518 
751000 814 1000.0 650313.837 1201.656 7.0167 
752000 815 1000.0 651634.463 1224.72 6.8925 
753000 816 1000.0 652606.475 1205.921 6.7753 
754000 817 1000.0 653971.202 1191.914 6.6735 
755000 818 1000.0 655447.195 1240.983 6.5864 
756000 819 1000.0 656834.175 1240.831 6.507 
757000 820 1000.0 658427.64 1277.134 6.432 
758000 821 1000.0 659734.849 1288.819 6.452 
759000 822 1000.0 660886.397 1287.427 6.3888 
760000 823 1000.0 661954.767 1272.673 6.3445 
761000 824 1000.0 663079.0 1235.659 6.3077 
762000 825 1000.0 663820.813 1236.007 6.3465 
763000 826 1000.0 664724.702 1177.816 6.3656 
764000 827 1000.0 665531.446 1146.527 6.4252 
765000 828 1000.0 666603.846 1119.672 6.687 
766000 829 1000.0 667460.176 1103.784 6.6629 
767000 830 1000.0 668379.754 1093.696 6.7612 
768000 831 1000.0 669575.043 1088.704 6.7659 
769000 832 1000.0 670689.157 1082.291 7.0317 
770000 833 1000.0 671818.421 1110.453 7.2796 
771000 834 1000.0 672727.331 1088.966 7.3069 
772000 835 1000.0 674051.023 1079.655 7.2803 
773000 836 1000.0 675250.816 1131.732 7.235 
774000 837 1000.0 675889.48 1094.146 7.3293 
775000 838 1000.0 676593.052 1054.229 7.4146 
776000 839 1000.0 677831.665 1018.262 7.3616 
777000 840 1000.0 679007.026 1069.386 7.3223 
778000 841 1000.0 680128.384 1057.376 7.3377 
779000 842 1000.0 680826.81 1056.196 7.4085 
780000 843 1000.0 681529.071 1017.477 7.478 
781000 844 1000.0 682756.86 989.666 7.5332 
782000 845 1000.0 684186.662 1037.554 7.5673 
783000 846 1000.0 685432.473 1086.813 7.5224 
784000 847 1000.0 686595.77 1067.793 7.4109 
785000 848 1000.0 687880.799 1095.639 7.3605 
786000 849 1000.0 689233.163 1121.39 7.2226 
787000 850 1000.0 690579.494 1145.106 7.1818 
788000 851 1000.0 691953.67 1173.541 7.3655 
789000 852 1000.0 693223.223 1184.866 7.2994 
790000 853 1000.0 694756.664 1204.615 7.29 
791000 854 1000.0 695876.436 1235.008 7.2789 
792000 855 1000.0 697278.434 1210.365 7.2399 
793000 856 1000.0 698679.85 1244.211 7.1905 
794000 857 1000.0 699794.81 1227.231 7.1878 
795000 858 1000.0 701180.104 1237.435 7.1928 
796000 859 1000.0 702496.743 1250.421 7.1818 
797000 860 1000.0 703715.919 1249.315 7.1997 
798000 861 1000.0 704768.327 1238.584 7.2938 
799000 862 1000.0 705883.946 1220.264 7.324 
800000 863 1000.0 707146.007 1221.286 7.2735 
801000 864 1000.0 708401.113 1218.688 7.2453 
802000 865 1000.0 709552.905 1212.506 7.1621 
803000 866 1000.0 710694.404 1206.447 7.2385 
804000 867 1000.0 711866.124 1198.872 7.2529 
805000 868 1000.0 713219.174 1215.811 7.2456 
806000 869 1000.0 714628.816 1231.288 7.1378 
807000 870 1000.0 715835.104 1230.552 7.0638 
808000 871 1000.0 717376.994 1258.842 7.0775 
809000 872 1000.0 718453.551 1263.172 7.0447 
810000 873 1000.0 719684.207 1239.178 7.0795 
811000 874 1000.0 720956.476 1241.058 7.1705 
812000 875 1000.0 722277.057 1258.746 7.1839 
813000 876 1000.0 723302.813 1246.893 7.224 
814000 877 1000.0 724590.329 1227.929 7.1507 
815000 878 1000.0 725869.615 1247.443 7.0639 
816000 879 1000.0 727075.455 1238.34 7.1757 
817000 880 1000.0 728421.839 1239.058 7.1326 
818000 881 1000.0 729899.062 1270.685 7.0439 
819000 882 1000.0 731189.48 1280.394 6.968 
820000 883 1000.0 732460.05 1262.24 6.8998 
821000 884 1000.0 733746.46 1272.523 6.8258 
822000 885 1000.0 735064.175 1272.004 6.7955 
823000 886 1000.0 736494.955 1287.641 6.7861 
824000 887 1000.0 738071.12 1317.831 6.7768 
825000 888 1000.0 739421.362 1319.147 6.8375 
826000 889 1000.0 740883.128 1335.461 6.8405 
827000 890 1000.0 742150.688 1331.485 6.816 
828000 891 1000.0 742923.845 1326.879 6.7681 
829000 892 1000.0 743950.176 1254.232 6.7392 
830000 893 1000.0 745176.703 1242.213 6.8219 
831000 894 1000.0 746724.077 1272.242 6.7965 
832000 895 1000.0 748176.591 1297.408 6.7784 
833000 896 1000.0 749452.0 1286.382 6.8435 
834000 897 1000.0 750934.596 1307.726 6.8381 
835000 898 1000.0 752447.006 1334.277 6.7838 
836000 899 1000.0 753888.074 1339.407 6.8196 
837000 900 1000.0 755479.876 1357.488 6.8728 
838000 901 1000.0 756952.234 1384.571 6.8764 
839000 902 1000.0 758377.853 1375.767 6.9075 
840000 903 1000.0 759689.569 1376.563 6.8621 
841000 904 1000.0 760999.229 1366.697 6.8444 
842000 905 1000.0 762424.382 1383.484 6.8316 
843000 906 1000.0 763503.402 1354.858 6.7739 
844000 907 1000.0 764571.213 1323.791 6.7481 
845000 908 1000.0 765279.231 1308.671 6.7568 
846000 909 1000.0 765772.735 1231.638 6.8335 
847000 910 1000.0 766308.46 1157.671 6.7614 
848000 911 1000.0 766856.717 1098.345 6.7217 
849000 912 1000.0 767407.019 1043.713 6.7767 
850000 913 1000.0 768598.461 992.848 6.9826 
851000 914 1000.0 769464.167 1044.971 7.0843 
852000 915 1000.0 769989.432 996.279 7.1503 
853000 916 1000.0 770940.495 944.416 7.1402 
854000 917 1000.0 771513.057 953.766 7.3252 
855000 918 1000.0 772591.01 911.464 7.2988 
856000 919 1000.0 773700.944 931.26 7.1746 
857000 920 1000.0 775122.135 979.022 7.1544 
858000 921 1000.0 776450.75 1002.439 7.3325 
859000 922 1000.0 777842.108 1060.917 7.6834 
860000 923 1000.0 779197.296 1078.563 7.7849 
861000 924 1000.0 780679.07 1119.388 7.8182 
862000 925 1000.0 782176.641 1152.141 7.8283 
863000 926 1000.0 783510.151 1181.531 7.6835 
864000 927 1000.0 784678.29 1185.545 7.7343 
865000 928 1000.0 785726.59 1184.327 7.5943 
866000 929 1000.0 786969.246 1159.677 7.4834 
867000 930 1000.0 788583.225 1205.169 7.3801 
868000 931 1000.0 789637.984 1216.434 7.2928 
869000 932 1000.0 790850.136 1197.975 7.1832 
870000 933 1000.0 792322.1 1221.438 7.0618 
871000 934 1000.0 793731.334 1236.891 6.9553 
872000 935 1000.0 795000.618 1248.465 6.8604 
873000 936 1000.0 796514.23 1267.066 6.7746 
874000 937 1000.0 798099.699 1299.495 6.6831 
875000 938 1000.0 799478.806 1303.142 6.6185 
876000 939 1000.0 801021.783 1337.381 6.5557 
877000 940 1000.0 801961.406 1338.814 6.4888 
878000 941 1000.0 803126.095 1274.477 6.5205 
879000 942 1000.0 804058.391 1301.59 6.6183 
880000 943 1000.0 805200.113 1225.01 6.7841 
881000 944 1000.0 806812.449 1257.791 6.9492 
882000 945 1000.0 808385.375 1292.454 7.296 
883000 946 1000.0 809949.787 1322.861 7.3948 
884000 947 1000.0 811565.443 1345.168 7.3006 
885000 948 1000.0 813124.607 1368.668 7.3107 
886000 949 1000.0 814469.299 1391.757 7.318 
887000 950 1000.0 815578.082 1341.98 7.3301 
888000 951 1000.0 816869.657 1335.413 7.4365 
889000 952 1000.0 818438.389 1357.733 7.6076 
890000 953 1000.0 820007.853 1380.392 7.6242 
891000 954 1000.0 821448.731 1402.482 7.629 
892000 955 1000.0 822787.121 1392.561 7.5317 
893000 956 1000.0 823892.152 1359.79 7.4172 
894000 957 1000.0 825051.438 1336.632 7.3901 
895000 958 1000.0 826221.85 1344.04 7.3279 
896000 959 1000.0 827472.441 1304.551 7.3836 
897000 960 1000.0 828925.064 1332.231 7.2917 
898000 961 1000.0 830091.765 1319.433 7.3095 
899000 962 1000.0 831486.823 1311.469 7.2591 
900000 963 1000.0 833149.607 1340.393 7.2414 
901000 964 1000.0 834810.349 1374.942 7.2802 
902000 965 1000.0 836500.398 1401.099 7.19 
903000 966 1000.0 838129.615 1429.403 7.1062 
904000 967 1000.0 839842.934 1454.274 7.0185 
905000 968 1000.0 841572.146 1481.238 7.0722 
906000 969 1000.0 843146.248 1496.968 7.3274 
907000 970 1000.0 844714.871 1505.818 7.5742 
908000 971 1000.0 845854.924 1496.444 7.4808 
909000 972 1000.0 847005.012 1448.274 7.693 
910000 973 1000.0 848104.003 1412.463 7.6549 
911000 974 1000.0 848689.334 1381.62 7.6743 
912000 975 1000.0 849376.574 1291.486 7.7211 
913000 976 1000.0 850773.26 1282.856 7.7063 
914000 977 1000.0 852002.351 1250.177 7.9137 
915000 978 1000.0 853321.379 1272.022 8.2553 
916000 979 1000.0 854410.981 1244.092 8.4843 
917000 980 1000.0 855657.467 1245.811 8.4513 
918000 981 1000.0 856969.035 1246.908 8.5215 
919000 982 1000.0 858341.699 1259.205 8.421 
920000 983 1000.0 859635.571 1266.044 8.3643 
921000 984 1000.0 860893.608 1261.382 8.2009 
922000 985 1000.0 862063.221 1263.935 8.0754 
923000 986 1000.0 863111.328 1246.806 7.9994 
924000 987 1000.0 864225.29 1229.654 7.909 
925000 988 1000.0 865393.498 1219.839 7.7994 
926000 989 1000.0 866698.463 1213.353 7.6329 
927000 990 1000.0 867828.09 1233.209 7.4629 
928000 991 1000.0 869102.952 1213.051 7.3954 
929000 992 1000.0 870446.488 1231.458 7.4155 
930000 993 1000.0 871562.701 1236.081 7.3318 
931000 994 1000.0 872697.758 1216.754 7.2326 
932000 995 1000.0 874014.36 1211.022 7.1411 
933000 996 1000.0 875283.191 1225.336 7.1704 
934000 997 1000.0 876539.056 1229.414 7.3014 
935000 998 1000.0 877844.96 1230.47 7.3295 
936000 999 1000.0 879495.229 1267.363 7.3747 
