1000 1 60.1 504.056 31.479 0.0585 
2000 2 154.09 914.598 73.539 0.1506 
3000 3 238.681 1331.549 104.665 0.2316 
4000 4 314.813 1603.036 125.185 0.3067 
5000 6 368.498 1984.631 145.152 0.3613 
6000 7 431.649 2378.712 167.177 0.4241 
7000 8 488.484 2816.414 196.252 0.4794 
8000 9 539.635 3228.483 216.302 0.5295 
9000 11 489.385 3655.332 200.462 0.4797 
10000 12 540.446 4055.359 218.958 0.528 
11000 14 552.461 4446.699 224.227 0.5389 
12000 15 597.215 4822.463 239.509 0.5866 
13000 16 637.494 5257.585 253.14 0.6287 
14000 17 673.744 5679.196 273.757 0.6637 
15000 18 706.37 6105.784 290.281 0.6941 
16000 19 735.733 6538.683 301.197 0.7245 
17000 20 762.16 6849.444 311.061 0.825 
18000 21 785.944 7040.412 299.298 1.1473 
19000 23 763.614 7256.204 270.195 1.5237 
20000 24 787.253 7508.418 268.359 1.8551 
21000 25 808.528 7821.179 272.81 2.1561 
22000 26 827.675 8336.058 297.011 2.4466 
23000 27 844.907 8801.767 313.918 2.8534 
24000 28 860.217 9300.992 332.375 3.2646 
25000 29 874.195 9869.561 355.979 3.6227 
26000 30 886.775 10451.384 378.526 4.0725 
27000 31 898.098 11023.64 397.929 4.5795 
28000 32 908.288 11567.51 412.486 5.4007 
29000 33 917.459 12100.27 424.536 6.1838 
30000 34 925.713 12690.889 441.162 6.8912 
31000 35 933.142 13132.952 441.251 7.5268 
32000 36 939.828 13644.902 448.3 8.0941 
33000 37 945.845 14204.455 459.458 8.6068 
34000 39 818.285 14719.241 399.075 7.6653 
35000 41 758.01 15256.689 369.582 7.4689 
36000 46 543.209 15764.692 269.287 5.6718 
37000 48 492.25 16244.742 245.162 5.2855 
38000 75 54.268 16562.301 20.722 0.6463 
39000 125 20.48 16736.081 3.488 0.2687 
40000 140 20.185 17099.025 3.342 0.2652 
41000 141 99.067 17601.052 39.028 1.31 
42000 144 190.79 18039.44 84.758 2.5167 
43000 145 271.711 18498.641 119.595 3.5881 
44000 146 344.54 18944.965 154.193 4.3688 
45000 148 357.297 19401.532 161.388 4.3398 
46000 150 381.611 19736.351 170.002 4.457 
47000 152 401.205 20009.959 167.988 4.5505 
48000 153 461.084 20303.732 171.369 4.9269 
49000 155 485.478 20659.746 185.121 4.7167 
50000 157 487.337 20871.476 167.596 4.4317 
51000 158 538.604 21111.158 171.61 4.6424 
52000 160 544.569 21466.589 174.295 4.4626 
53000 162 533.201 21861.623 180.955 4.2111 
54000 163 579.881 22349.983 209.435 4.4418 
55000 164 621.893 22851.992 239.223 4.6493 
56000 165 659.703 23276.877 257.64 4.836 
57000 166 693.733 23848.615 285.788 5.0057 
58000 167 724.36 24511.899 322.405 5.1572 
59000 168 727.324 25140.542 339.422 5.132 
60000 169 754.591 25650.377 358.109 5.2706 
61000 170 779.132 26153.301 371.842 5.3936 
62000 171 801.219 26616.534 381.612 5.5052 
63000 172 821.097 27118.182 393.201 5.6057 
64000 173 838.987 27686.143 410.425 5.6972 
65000 174 855.089 28203.538 426.443 5.7772 
66000 175 869.58 28732.234 435.249 5.8493 
67000 176 882.622 29222.236 441.948 5.9136 
68000 177 894.36 29611.641 440.836 5.9708 
69000 178 904.924 30053.446 438.179 6.0262 
70000 179 914.431 30518.282 438.728 6.0747 
71000 180 922.988 30908.101 437.655 6.1242 
72000 181 930.689 31386.249 435.719 6.2768 
73000 182 937.62 31969.968 448.731 6.5366 
74000 183 943.858 32469.457 451.696 7.0735 
75000 184 949.473 32998.609 460.57 7.6865 
76000 185 954.525 33442.903 469.569 8.24 
77000 186 959.073 33975.645 471.749 8.7347 
78000 187 963.165 34422.628 465.598 9.1811 
79000 188 966.849 34864.332 464.536 9.5825 
80000 189 970.164 35293.281 459.549 9.9405 
81000 190 973.148 35787.148 459.283 10.2655 
82000 191 975.833 36283.354 463.802 10.5597 
83000 192 978.25 36761.688 467.973 10.8283 
84000 193 980.425 37267.628 468.689 11.0649 
85000 194 982.382 37815.231 478.719 11.2792 
86000 195 984.144 38286.173 478.938 11.4724 
87000 196 985.73 38739.919 474.16 11.643 
88000 197 987.157 39256.178 479.58 11.7996 
89000 198 988.441 39736.773 478.703 11.9431 
90000 199 989.597 40233.776 485.016 12.0722 
91000 200 990.637 40659.335 478.823 12.1876 
92000 201 991.573 41226.749 483.96 12.285 
93000 202 992.416 41715.709 486.527 12.3752 
94000 203 967.074 42213.054 476.187 12.1124 
95000 206 850.517 42584.562 408.297 10.7465 
96000 208 742.089 43094.01 356.694 9.4112 
97000 210 708.092 43617.031 341.442 9.0363 
98000 211 737.283 44161.866 364.169 9.4533 
99000 212 763.555 44667.377 377.591 9.8211 
100000 213 787.199 45148.904 389.305 10.1561 
101000 214 808.479 45564.256 390.075 10.4598 
102000 215 827.631 46098.921 405.427 10.7357 
103000 216 844.868 46626.98 421.647 10.9801 
104000 217 860.381 47171.12 427.799 11.199 
105000 218 874.343 47592.191 432.237 11.4009 
106000 219 886.909 47935.183 423.519 11.5804 
107000 220 898.218 48368.973 418.796 11.7447 
108000 221 908.396 48731.674 416.557 11.8899 
109000 222 917.557 49129.483 414.151 12.0274 
110000 223 925.801 49564.08 418.956 12.1455 
111000 224 933.221 50015.148 421.173 12.2519 
112000 225 939.899 50503.317 426.446 12.3469 
113000 226 945.909 50819.974 417.503 12.4329 
114000 227 951.318 51241.142 420.546 12.5063 
115000 228 956.186 51844.942 429.742 12.5758 
116000 229 960.568 52354.527 438.571 12.6364 
117000 230 964.511 52922.693 453.933 12.6929 
118000 231 968.06 53541.873 470.424 12.7481 
119000 232 971.254 54199.01 488.527 12.7964 
120000 233 974.128 54722.983 493.097 12.8374 
121000 234 976.716 55354.434 507.368 12.8765 
122000 235 979.044 56016.859 520.345 12.9116 
123000 236 981.14 56658.679 533.64 12.9415 
124000 237 983.026 57266.085 540.576 12.9705 
125000 238 984.723 57928.703 549.902 12.9886 
126000 239 986.251 58602.41 563.644 13.0097 
127000 240 987.626 59264.053 571.643 13.031 
128000 241 988.863 59914.029 581.718 13.0481 
129000 242 989.977 60520.717 585.339 13.0636 
130000 243 990.979 61180.353 592.158 13.078 
131000 244 991.881 61752.041 596.057 13.0909 
132000 245 992.693 62215.663 573.577 13.1055 
133000 246 993.424 62866.642 584.449 13.1132 
134000 247 994.081 63478.009 591.84 13.1215 
135000 248 994.673 64072.728 586.577 13.1312 
136000 249 995.206 64702.506 595.621 13.1363 
137000 250 995.685 65296.609 589.573 13.1397 
138000 251 996.117 65912.408 594.135 13.1442 
139000 252 996.505 66625.629 603.202 13.1483 
140000 253 996.855 67279.261 612.911 13.1506 
141000 254 997.169 67948.708 617.561 13.1548 
142000 255 997.452 68638.629 626.767 13.1585 
143000 256 997.707 69253.712 621.653 13.1645 
144000 257 997.936 69913.778 626.846 13.166 
145000 258 998.143 70582.775 635.029 13.1678 
146000 259 998.328 71184.964 628.975 13.1672 
147000 260 998.496 71995.821 642.625 13.1685 
148000 261 998.646 72513.718 634.37 13.1743 
149000 262 998.781 73026.462 622.143 13.1816 
150000 263 998.903 73624.53 617.106 13.1804 
151000 264 999.013 74251.605 621.401 13.1813 
152000 265 999.112 74911.225 624.836 13.178 
153000 266 999.2 75581.228 626.397 13.1788 
154000 267 999.28 76239.379 630.938 13.1841 
155000 268 999.352 76911.804 634.086 13.1847 
156000 269 999.417 77528.839 634.279 13.1866 
157000 270 999.475 78166.964 632.187 13.1871 
158000 271 999.528 78914.993 643.722 13.189 
159000 272 999.575 79411.722 635.182 13.1854 
160000 273 999.618 79961.579 621.51 13.1867 
161000 274 999.656 80706.448 634.136 13.187 
162000 275 999.69 81257.54 621.746 13.1847 
163000 276 999.721 81843.942 621.685 13.1881 
164000 277 999.749 82429.485 621.536 13.1942 
165000 278 999.774 83012.275 615.621 13.1975 
166000 279 999.797 83603.52 612.172 13.1979 
167000 280 999.817 84142.334 603.605 13.1964 
168000 281 999.835 84850.016 613.963 13.197 
169000 282 999.852 85549.302 624.289 13.1992 
170000 283 999.867 86179.531 624.05 13.1976 
171000 284 999.88 86864.369 628.318 13.1948 
172000 285 999.892 87499.345 626.735 13.1972 
173000 286 999.903 88244.544 642.035 13.2029 
174000 287 999.913 88935.798 648.913 13.2047 
175000 288 999.921 89729.477 661.104 13.2057 
176000 289 999.929 90473.017 667.595 13.2071 
177000 290 999.936 91245.872 680.416 13.2066 
178000 291 999.943 91957.722 681.465 13.208 
179000 292 999.948 92708.868 691.972 13.2056 
180000 293 999.954 93437.564 693.636 13.2069 
181000 294 999.958 94068.29 689.095 13.2048 
182000 295 999.962 94736.055 685.86 13.2068 
183000 296 999.966 95344.944 677.894 12.9704 
184000 297 999.969 96054.235 679.661 12.3277 
185000 298 999.973 96756.718 682.749 11.7472 
186000 299 999.975 97470.658 685.489 11.2253 
187000 300 999.978 98164.824 687.513 10.7562 
188000 301 999.98 98821.714 686.159 10.3331 
189000 302 999.982 99484.737 681.161 9.9534 
190000 303 999.984 100071.512 672.891 9.6116 
191000 304 999.985 100755.74 671.042 9.3088 
192000 305 999.987 101561.827 681.033 9.0406 
193000 306 999.988 102277.29 686.052 8.7981 
194000 307 999.989 102924.56 685.356 8.5797 
195000 308 999.99 103654.344 686.59 8.3757 
196000 309 999.991 104537.375 712.562 8.19 
197000 310 999.992 105287.021 711.574 8.0255 
198000 311 999.993 106247.666 732.531 7.8985 
199000 312 999.994 107148.292 753.025 7.932 
200000 313 999.994 107691.391 737.649 8.0438 
201000 314 999.995 108669.331 755.71 8.5205 
202000 315 999.995 109595.727 769.879 8.9848 
203000 316 999.996 110402.841 784.367 9.4103 
204000 317 999.996 111339.19 794.155 9.7916 
205000 318 999.997 112150.053 797.638 10.1341 
206000 319 999.997 112928.04 794.097 10.4423 
207000 320 999.997 113831.11 794.388 10.7198 
208000 321 999.998 114683.478 810.469 10.9689 
209000 322 999.998 115578.771 814.324 11.1924 
210000 323 999.998 116416.172 822.274 11.3937 
211000 324 999.998 117243.759 816.843 11.5752 
212000 325 999.998 118011.703 819.085 11.7382 
213000 326 999.999 118796.415 814.743 11.8853 
214000 327 999.999 119471.205 803.459 12.0224 
215000 328 999.999 120216.711 793.69 12.1427 
216000 329 999.999 121184.706 801.881 12.2508 
217000 330 999.999 121934.242 809.681 12.3489 
218000 331 999.999 122644.641 798.31 12.4339 
219000 332 999.999 123447.949 792.974 12.5119 
220000 333 999.999 124270.107 797.387 12.582 
221000 334 999.999 124933.623 791.009 12.6446 
222000 335 999.999 125655.125 780.984 12.6995 
223000 336 999.999 126483.235 783.728 12.7494 
224000 337 1000.0 127217.24 777.021 12.7922 
225000 338 1000.0 128090.043 786.326 12.8303 
226000 339 1000.0 128794.817 792.272 12.8653 
227000 340 1000.0 129441.307 763.684 12.9009 
228000 341 1000.0 129885.681 736.399 12.9303 
229000 342 1000.0 130423.715 707.392 12.9572 
230000 343 1000.0 131196.362 720.668 12.9848 
231000 344 1000.0 132156.359 741.045 13.0066 
232000 345 1000.0 132871.597 738.224 13.0265 
233000 346 1000.0 133686.897 745.767 13.0429 
234000 347 1000.0 134693.139 770.752 13.0589 
235000 348 1000.0 135522.031 777.394 13.0785 
236000 349 1000.0 136320.657 779.553 13.0932 
237000 350 1000.0 136979.477 762.706 13.1034 
238000 351 1000.0 137743.065 766.499 13.1121 
239000 352 1000.0 138455.493 762.015 13.1195 
240000 353 1000.0 139375.554 778.287 13.1251 
241000 354 1000.0 140305.523 800.925 13.1317 
242000 355 1000.0 141270.636 809.758 13.1402 
243000 356 1000.0 142166.158 818.956 13.1479 
244000 357 1000.0 143256.738 840.021 13.1578 
245000 358 1000.0 144045.688 843.592 13.1643 
246000 359 1000.0 144690.399 825.683 13.1704 
247000 360 1000.0 145433.827 809.248 13.172 
248000 361 1000.0 146231.101 812.486 13.176 
249000 362 1000.0 147133.502 818.979 13.1794 
250000 363 1000.0 148001.136 826.247 13.1821 
251000 365 910.7 148708.337 743.594 12.0103 
252000 366 919.63 149501.753 750.5 12.1294 
253000 367 927.667 150283.384 749.95 12.2358 
254000 368 934.9 151019.686 753.678 12.3297 
255000 369 941.41 151737.869 749.064 12.4199 
256000 370 947.269 152498.495 743.876 12.4999 
257000 371 952.542 153304.225 751.031 12.5672 
258000 372 957.288 154054.228 750.149 12.6276 
259000 373 961.559 154874.151 759.913 12.6825 
260000 374 965.403 155496.265 742.548 12.7341 
261000 375 968.863 155988.258 718.899 12.7808 
262000 376 971.977 156664.692 716.454 12.8245 
263000 377 974.779 157438.483 721.567 12.8645 
264000 378 977.301 158083.371 713.805 12.9008 
265000 379 979.571 158547.11 687.76 12.9358 
266000 380 981.614 159079.404 679.744 12.9609 
267000 381 983.453 159539.241 650.785 12.9873 
268000 382 985.107 160149.542 646.956 13.0102 
269000 383 986.597 160889.871 655.026 13.0283 
270000 384 987.937 161515.502 658.983 13.0471 
271000 385 989.143 162245.892 666.136 13.062 
272000 386 990.229 162904.283 665.334 13.0767 
273000 387 991.206 163612.35 666.575 13.0889 
274000 388 992.085 164175.089 658.429 13.1029 
275000 389 992.877 164843.394 660.526 13.1096 
276000 390 993.589 165726.328 681.077 13.1193 
277000 391 994.23 166608.615 699.381 13.1217 
278000 392 994.807 167192.191 689.83 13.1327 
279000 393 995.327 167895.789 687.71 13.1459 
280000 394 995.794 168455.327 676.947 13.1536 
281000 395 996.214 169035.067 669.906 13.157 
282000 396 996.593 169731.76 663.884 13.1598 
283000 397 996.934 170515.807 681.889 13.1624 
284000 398 997.24 171187.935 680.417 13.1638 
285000 399 997.516 171806.63 675.477 13.1675 
286000 400 997.765 172990.768 727.046 13.1708 
287000 401 997.988 173675.039 720.711 13.1779 
288000 402 998.189 174765.117 757.197 13.1784 
289000 403 998.37 175424.043 749.473 13.1821 
290000 404 998.533 176223.89 747.261 13.1889 
291000 405 998.68 176959.853 751.875 13.1899 
292000 406 998.812 177531.821 734.597 13.1941 
293000 407 998.931 178432.686 751.11 13.1962 
294000 408 999.038 179286.299 758.659 13.2014 
295000 409 999.134 179907.81 746.229 13.2036 
296000 410 999.221 180545.678 737.312 13.2066 
297000 411 999.299 181305.865 736.508 13.2066 
298000 412 999.369 182152.138 746.965 13.206 
299000 413 999.432 182883.315 748.567 13.209 
300000 414 999.489 183582.389 745.542 13.2051 
301000 415 999.54 184408.295 748.948 13.2045 
302000 416 999.586 185037.956 742.648 13.2027 
303000 417 999.627 185621.25 716.107 13.2018 
304000 418 999.664 186287.558 722.14 13.2009 
305000 419 999.698 186798.463 694.785 13.1998 
306000 420 999.728 187368.88 683.761 13.2044 
307000 421 999.755 188318.255 707.911 13.2072 
308000 422 999.78 189053.238 713.232 13.2044 
309000 423 999.802 189700.521 704.03 13.2019 
310000 424 999.822 190410.416 705.984 13.1984 
311000 425 999.84 191185.273 712.897 13.1952 
312000 426 999.856 191823.003 700.001 13.1987 
313000 427 999.87 192762.907 733.35 13.2027 
314000 428 999.883 193497.053 733.09 13.201 
315000 429 999.895 194393.588 749.556 13.1976 
316000 430 999.905 195246.529 754.407 13.2002 
317000 431 999.915 195911.041 744.1 13.201 
318000 432 999.923 196567.047 735.778 13.2017 
319000 433 999.931 197341.47 739.913 13.2045 
320000 434 999.938 198084.758 739.27 13.2057 
321000 435 999.944 198928.869 751.679 13.2053 
322000 436 999.95 199833.751 766.977 13.2062 
323000 437 999.955 200690.142 778.698 13.2047 
324000 438 999.959 201569.384 785.434 13.2018 
325000 439 999.963 202382.722 787.205 13.2008 
326000 440 999.967 203031.302 777.824 13.2034 
327000 441 999.97 203942.785 785.798 13.2037 
328000 442 999.973 204801.469 793.146 13.2012 
329000 443 999.976 205659.674 798.887 13.204 
330000 444 999.978 206517.554 803.238 13.2055 
331000 445 999.98 207541.507 827.227 13.2018 
332000 446 999.982 208559.733 844.495 13.1989 
333000 447 999.984 209519.748 858.677 13.1994 
334000 448 999.986 210271.778 846.737 13.2039 
335000 449 999.987 211110.797 848.679 13.2047 
336000 450 999.988 211910.63 842.8 13.2058 
337000 451 999.99 213065.731 873.121 13.2084 
338000 452 999.991 214109.188 890.841 13.2112 
339000 453 999.992 214921.071 879.969 13.211 
340000 454 999.992 215659.264 867.415 13.2086 
341000 455 999.993 216483.312 866.788 13.2122 
342000 456 999.994 217455.569 874.257 13.2124 
343000 457 999.994 218256.539 866.883 13.2116 
344000 458 999.995 219131.725 866.25 13.2113 
345000 459 999.996 220050.754 875.032 13.2129 
346000 460 999.996 220987.492 879.684 13.2103 
347000 461 999.996 221695.231 867.069 13.2131 
348000 462 999.997 222409.583 845.566 13.2116 
349000 463 999.997 223350.724 857.232 13.2103 
350000 464 999.997 224149.752 850.162 13.207 
351000 465 999.998 224939.556 843.504 13.2084 
352000 466 999.998 225882.011 855.782 13.2097 
353000 467 999.998 226779.9 860.289 13.2086 
354000 468 999.998 227734.12 867.393 13.2085 
355000 469 999.998 228753.329 882.53 13.2037 
356000 470 999.999 229680.684 887.759 13.2011 
357000 471 999.999 230227.234 854.688 13.2027 
358000 472 999.999 230881.475 836.717 13.2054 
359000 473 999.999 231437.058 803.916 13.2025 
360000 474 999.999 232342.815 813.265 13.1993 
361000 475 999.999 233258.13 824.151 13.2012 
362000 476 999.999 233735.613 789.457 13.2076 
363000 477 999.999 234298.333 769.524 13.207 
364000 478 999.999 235101.835 770.922 13.2121 
365000 479 999.999 235900.804 774.943 13.2106 
366000 480 1000.0 236539.468 763.043 13.2098 
367000 481 1000.0 237445.742 781.185 13.208 
368000 482 1000.0 238424.915 798.272 13.2079 
369000 483 1000.0 239032.693 777.465 13.2068 
370000 484 1000.0 239721.094 770.8 13.208 
371000 485 1000.0 240551.178 775.703 13.2087 
372000 486 1000.0 241517.906 792.752 13.2056 
373000 487 1000.0 242336.593 795.259 13.2063 
374000 488 1000.0 243161.464 798.181 13.2061 
375000 489 1000.0 244106.965 813.881 13.2062 
376000 490 1000.0 245003.871 818.514 13.2079 
377000 491 1000.0 246131.252 850.318 13.208 
378000 492 1000.0 247080.457 860.75 13.2059 
379000 493 1000.0 248146.126 879.425 13.2054 
380000 494 1000.0 248944.57 875.868 13.2052 
381000 495 1000.0 249691.371 862.509 13.2061 
382000 496 1000.0 250230.041 827.893 13.2079 
383000 497 1000.0 251008.022 822.47 13.2063 
384000 498 1000.0 251384.84 780.009 13.2069 
385000 499 1000.0 252107.49 777.877 13.2076 
386000 500 1000.0 253160.515 804.642 13.2081 
387000 501 1000.0 254023.072 811.771 13.2085 
388000 502 1000.0 255008.967 827.994 13.2051 
389000 503 1000.0 255791.953 821.245 13.2016 
390000 504 1000.0 256953.608 859.519 13.2018 
391000 505 1000.0 257867.357 864.49 13.2041 
392000 506 1000.0 258624.417 849.943 13.2042 
393000 507 1000.0 259451.675 849.998 13.2026 
394000 508 1000.0 260194.707 839.753 13.1982 
395000 509 1000.0 261100.654 841.725 13.1975 
396000 510 1000.0 262487.321 897.647 13.2001 
397000 511 1000.0 263677.978 927.999 13.2033 
398000 512 1000.0 264616.09 923.36 13.203 
399000 513 1000.0 265524.233 931.2 13.2079 
400000 514 1000.0 266812.297 958.33 13.2081 
401000 515 1000.0 267649.856 945.064 13.2083 
402000 516 1000.0 268793.404 963.783 13.2055 
403000 517 1000.0 269832.51 981.273 13.2018 
404000 518 1000.0 270910.925 982.087 13.2003 
405000 519 1000.0 271857.853 981.767 13.1982 
406000 520 1000.0 272972.713 1001.303 13.2001 
407000 521 1000.0 274062.939 1002.797 13.1992 
408000 522 1000.0 275216.075 1016.915 13.1994 
409000 523 1000.0 276114.409 1011.037 13.2008 
410000 524 1000.0 277237.16 1019.457 13.2008 
411000 525 1000.0 278240.375 1015.644 13.2011 
412000 526 1000.0 279418.348 1032.703 13.2025 
413000 527 1000.0 280530.403 1041.336 13.2056 
414000 528 1000.0 281537.112 1034.211 13.2087 
415000 529 1000.0 282514.103 1029.729 13.2057 
416000 530 1000.0 283633.774 1038.455 13.2067 
417000 531 1000.0 284633.184 1035.965 13.2035 
418000 532 1000.0 285709.693 1039.046 13.2025 
419000 533 1000.0 286427.706 1012.882 13.2017 
420000 534 1000.0 287290.458 1005.629 13.2 
421000 535 1000.0 288310.508 1001.733 13.2008 
422000 536 1000.0 289425.731 1010.351 13.2001 
423000 537 1000.0 290619.704 1025.226 13.2 
424000 538 1000.0 291701.067 1031.04 13.2017 
425000 539 1000.0 292877.951 1047.181 13.1994 
426000 540 1000.0 294239.609 1075.41 13.2032 
427000 541 1000.0 295197.176 1064.307 13.207 
428000 542 1000.0 296259.011 1063.391 13.2079 
429000 543 1000.0 297280.775 1063.81 13.2101 
430000 544 1000.0 298352.484 1062.699 13.2132 
431000 545 1000.0 299430.026 1060.62 13.2174 
432000 546 1000.0 300707.569 1087.471 13.22 
433000 547 1000.0 301697.335 1074.246 13.2203 
434000 548 1000.0 302491.129 1045.163 13.2181 
435000 549 1000.0 303384.225 1034.474 13.2137 
436000 550 1000.0 304279.379 1020.812 13.2115 
437000 551 1000.0 305340.624 1020.465 13.2125 
438000 552 1000.0 306299.971 1017.153 13.2126 
439000 553 1000.0 307139.653 995.669 13.2098 
440000 554 1000.0 307750.022 963.827 13.2069 
441000 555 1000.0 308742.248 959.746 13.2065 
442000 556 1000.0 309301.905 922.096 13.2035 
443000 557 1000.0 310011.345 901.822 13.2074 
444000 558 1000.0 310701.939 878.584 13.214 
445000 559 1000.0 311555.106 874.722 13.2146 
446000 560 1000.0 312499.784 887.649 13.2115 
447000 561 1000.0 313398.63 883.059 13.2109 
448000 562 1000.0 314179.576 875.458 13.2102 
449000 563 1000.0 314843.618 857.579 13.2099 
450000 564 1000.0 315532.488 839.507 13.2099 
451000 565 1000.0 316199.573 821.05 13.2065 
452000 566 1000.0 316957.443 817.447 13.2094 
453000 567 1000.0 317742.398 807.364 13.2092 
454000 568 1000.0 318350.149 790.359 13.212 
455000 569 1000.0 319485.063 823.424 13.2081 
456000 570 1000.0 320463.96 838.7 13.2077 
457000 571 1000.0 321333.01 841.313 13.2034 
458000 572 1000.0 322388.281 861.409 13.1995 
459000 573 1000.0 323047.355 845.242 13.1972 
460000 574 1000.0 323829.133 834.304 13.1969 
461000 575 1000.0 324715.141 839.136 13.1933 
462000 576 1000.0 325633.765 849.886 13.1944 
463000 577 1000.0 326421.985 843.715 13.197 
464000 578 1000.0 326982.233 819.921 13.1985 
465000 579 1000.0 327764.576 811.09 12.9814 
466000 580 1000.0 328580.123 813.464 12.4261 
467000 581 1000.0 329477.033 819.777 11.8449 
468000 582 1000.0 330160.601 808.756 11.3211 
469000 583 1000.0 331165.72 825.835 10.8373 
470000 584 1000.0 332471.57 872.244 10.4051 
471000 585 1000.0 333320.173 874.565 10.0141 
472000 586 1000.0 334318.128 888.171 9.6622 
473000 587 1000.0 335159.922 882.694 9.3463 
474000 588 1000.0 335885.156 868.109 9.0607 
475000 589 1000.0 336506.805 844.677 8.8042 
476000 590 1000.0 337380.12 846.233 8.5718 
477000 591 1000.0 338098.496 835.859 8.3722 
478000 592 1000.0 338928.515 828.5 8.1856 
479000 593 1000.0 340106.027 861.825 8.0181 
480000 594 1000.0 340787.423 850.625 7.8673 
481000 595 1000.0 341610.597 844.414 7.7323 
482000 596 1000.0 342303.769 827.75 7.6095 
483000 597 1000.0 343246.086 838.418 7.4972 
484000 598 1000.0 344307.36 863.237 7.3971 
485000 599 1000.0 345284.948 872.97 7.3096 
486000 600 1000.0 346060.97 868.58 7.228 
487000 601 1000.0 347241.083 899.634 7.1567 
488000 602 1000.0 348452.615 930.411 7.0923 
489000 603 1000.0 349559.239 946.041 7.034 
490000 604 1000.0 350632.092 961.992 6.9814 
491000 605 1000.0 351441.815 952.141 6.9334 
492000 606 1000.0 352671.975 974.973 6.891 
493000 607 1000.0 353589.352 968.483 6.8518 
494000 608 1000.0 354929.956 1006.385 6.8182 
495000 609 1000.0 355737.861 986.476 6.7875 
496000 610 1000.0 356835.743 994.119 6.7592 
497000 611 1000.0 357700.031 979.002 6.7341 
498000 612 1000.0 358505.215 966.61 6.7099 
499000 613 1000.0 359436.501 958.929 6.6893 
500000 614 1000.0 360554.666 974.016 6.6718 
501000 615 1000.0 361583.969 985.549 6.6559 
502000 616 1000.0 362888.927 1011.35 6.6409 
503000 617 1000.0 364179.346 1040.249 6.6277 
504000 618 1000.0 365162.555 1042.518 6.6166 
505000 619 1000.0 365893.544 1001.934 6.6067 
506000 620 1000.0 367291.71 1043.356 6.6004 
507000 621 1000.0 368557.494 1064.377 6.5987 
508000 622 1000.0 369809.147 1085.829 6.5957 
509000 623 1000.0 371044.087 1100.981 6.5896 
510000 624 1000.0 372230.834 1106.048 6.5828 
511000 625 1000.0 373247.98 1098.657 6.5775 
512000 626 1000.0 374368.378 1102.583 6.5718 
513000 627 1000.0 375327.21 1083.935 6.5658 
514000 628 1000.0 376444.318 1087.747 6.5575 
515000 629 1000.0 377344.137 1068.854 6.5517 
516000 630 1000.0 378264.781 1060.912 6.547 
517000 631 1000.0 379078.379 1030.107 6.5418 
518000 632 1000.0 379994.86 1019.083 6.5364 
519000 633 1000.0 381006.67 1017.266 6.5313 
520000 634 1000.0 382097.585 1025.228 6.5272 
521000 635 1000.0 383314.387 1044.092 6.5249 
522000 636 1000.0 384425.509 1050.135 6.5217 
523000 637 1000.0 385370.118 1047.608 6.5188 
524000 638 1000.0 386582.439 1057.07 6.5168 
525000 639 1000.0 387613.215 1056.925 6.515 
526000 640 1000.0 388817.533 1067.473 6.5144 
527000 641 1000.0 390113.941 1090.244 6.5145 
528000 642 1000.0 391210.896 1089.739 6.5144 
529000 643 1000.0 392059.274 1066.102 6.5149 
530000 644 1000.0 393608.142 1113.779 6.5141 
531000 645 1000.0 394526.735 1096.407 6.5133 
532000 646 1000.0 395651.333 1099.155 6.5142 
533000 647 1000.0 396545.309 1081.671 6.5124 
534000 648 1000.0 397305.746 1046.309 6.511 
535000 649 1000.0 398143.186 1028.922 6.51 
536000 650 1000.0 398927.908 1004.525 6.5092 
537000 651 1000.0 399961.557 1002.947 6.5083 
538000 652 1000.0 401367.939 1052.32 6.5076 
539000 653 1000.0 402787.867 1082.983 6.5081 
540000 654 1000.0 404161.048 1112.396 6.5102 
541000 655 1000.0 405131.096 1099.128 6.5115 
542000 656 1000.0 406518.485 1128.775 6.5094 
543000 657 1000.0 407210.063 1091.915 6.5078 
544000 658 1000.0 407952.834 1051.828 6.5056 
545000 659 1000.0 408695.058 1020.382 6.5038 
546000 660 1000.0 409447.547 991.095 6.5005 
547000 661 1000.0 410355.945 983.832 6.5005 
548000 662 1000.0 411281.474 974.076 6.4996 
549000 663 1000.0 412231.17 972.497 6.503 
550000 664 1000.0 413127.893 968.3 6.5051 
551000 665 1000.0 414087.173 967.642 6.5065 
552000 666 1000.0 415344.115 998.256 6.5107 
553000 667 1000.0 416401.897 1004.528 6.5126 
554000 668 1000.0 417421.012 1003.798 6.5161 
555000 669 1000.0 418599.475 1027.185 6.5181 
556000 670 1000.0 419734.297 1031.862 6.5192 
557000 671 1000.0 421038.684 1058.534 6.523 
558000 672 1000.0 422050.389 1053.717 6.522 
559000 673 1000.0 423290.217 1071.668 6.5221 
560000 674 1000.0 424125.132 1046.23 6.5198 
561000 675 1000.0 425247.16 1055.466 6.5195 
562000 676 1000.0 426551.82 1080.33 6.5194 
563000 677 1000.0 427326.107 1049.289 6.5188 
564000 678 1000.0 428593.272 1069.355 6.5205 
565000 679 1000.0 429884.469 1096.342 6.5234 
566000 680 1000.0 431131.43 1108.644 6.526 
567000 681 1000.0 432351.288 1120.247 6.5306 
568000 682 1000.0 433423.54 1119.457 6.533 
569000 683 1000.0 434583.275 1115.051 6.5341 
570000 684 1000.0 435907.339 1140.851 6.5362 
571000 685 1000.0 436739.672 1105.885 6.5338 
572000 686 1000.0 437604.445 1082.393 6.5357 
573000 687 1000.0 438543.259 1070.425 6.5313 
574000 688 1000.0 439334.252 1041.656 6.5271 
575000 689 1000.0 440267.54 1028.63 6.5224 
576000 690 1000.0 441651.46 1066.127 6.522 
577000 691 1000.0 442771.639 1070.938 6.5205 
578000 692 1000.0 443794.003 1065.203 6.5178 
579000 693 1000.0 444839.753 1062.314 6.5147 
580000 694 1000.0 445651.943 1036.098 6.5115 
581000 695 1000.0 446456.089 1016.802 6.5091 
582000 696 1000.0 447810.879 1051.51 6.5068 
583000 697 1000.0 448582.414 1018.594 6.5053 
584000 698 1000.0 449344.543 1005.585 6.5049 
585000 699 1000.0 450048.089 962.017 6.5055 
586000 700 1000.0 451473.543 1012.555 6.5055 
587000 701 1000.0 452568.535 1028.314 6.5057 
588000 702 1000.0 453254.075 986.317 6.5068 
589000 703 1000.0 454149.001 975.963 6.5083 
590000 704 1000.0 455406.852 1003.347 6.5075 
591000 705 1000.0 456726.826 1036.418 6.5068 
592000 706 1000.0 457462.145 1006.303 6.5059 
593000 707 1000.0 458281.554 988.1 6.5036 
594000 708 1000.0 459679.117 1032.819 6.5038 
595000 709 1000.0 460983.971 1058.454 6.5032 
596000 710 1000.0 462539.796 1104.067 6.5044 
597000 711 1000.0 464059.234 1148.205 6.5035 
598000 712 1000.0 465444.005 1170.278 6.5031 
599000 713 1000.0 466774.175 1187.509 6.5055 
600000 714 1000.0 468148.355 1204.763 6.5087 
601000 715 1000.0 469556.224 1224.203 6.5112 
602000 716 1000.0 470993.51 1245.255 6.5135 
603000 717 1000.0 472558.891 1277.288 6.5175 
604000 718 1000.0 474122.814 1308.661 6.5209 
605000 719 1000.0 475712.955 1336.98 6.5256 
606000 720 1000.0 477208.796 1353.618 6.5295 
607000 721 1000.0 478585.538 1351.318 6.5324 
608000 722 1000.0 479263.729 1293.107 6.5331 
609000 723 1000.0 480044.027 1244.119 6.5318 
610000 724 1000.0 480853.178 1193.133 6.5322 
611000 725 1000.0 481580.938 1148.49 6.5324 
612000 726 1000.0 482420.869 1108.681 6.5335 
613000 727 1000.0 483147.748 1076.127 6.5341 
614000 728 1000.0 484355.596 1088.452 6.5349 
615000 729 1000.0 485395.642 1093.996 6.5343 
616000 730 1000.0 486220.178 1064.215 6.5347 
617000 731 1000.0 486969.269 1029.504 6.5339 
618000 732 1000.0 487638.734 991.05 6.5303 
619000 733 1000.0 488292.423 964.845 6.5278 
620000 734 1000.0 488940.389 928.994 6.524 
621000 735 1000.0 489669.082 908.998 6.5213 
622000 736 1000.0 490468.113 898.148 6.5216 
623000 737 1000.0 491184.206 879.068 6.5196 
624000 738 1000.0 491937.605 866.091 6.518 
625000 739 1000.0 492603.138 850.543 6.5176 
626000 740 1000.0 493376.876 836.993 6.5207 
627000 741 1000.0 494079.405 827.303 6.5207 
628000 742 1000.0 494843.399 814.337 6.5193 
629000 743 1000.0 495505.957 803.059 6.5189 
630000 744 1000.0 496462.704 818.597 6.5187 
631000 745 1000.0 497648.061 855.925 6.5158 
632000 746 1000.0 498968.865 899.183 6.5122 
633000 747 1000.0 499764.071 891.413 6.5131 
634000 748 1000.0 500615.514 889.916 6.516 
635000 749 1000.0 501374.882 876.696 6.5186 
636000 750 1000.0 502327.454 880.41 6.5193 
637000 751 1000.0 503135.063 875.887 6.5201 
638000 752 1000.0 503932.483 871.364 6.5201 
639000 753 1000.0 504792.165 868.206 6.5215 
640000 754 1000.0 505671.333 866.708 6.5257 
641000 755 1000.0 506640.588 885.188 6.529 
642000 756 1000.0 507726.841 896.294 6.5317 
643000 757 1000.0 508784.901 912.574 6.5337 
644000 758 1000.0 509858.255 928.505 6.5361 
645000 759 1000.0 510485.618 897.772 6.536 
646000 760 1000.0 511762.298 936.978 6.5324 
647000 761 1000.0 512676.478 933.334 6.5304 
648000 762 1000.0 513636.417 937.776 6.5262 
649000 763 1000.0 514790.021 959.86 6.5241 
650000 764 1000.0 515939.461 979.48 6.5228 
651000 765 1000.0 517087.241 993.366 6.5222 
652000 766 1000.0 518170.457 1004.713 6.5225 
653000 767 1000.0 519109.132 995.992 6.5208 
654000 768 1000.0 520170.451 1004.564 6.5191 
655000 769 1000.0 521140.83 1000.607 6.5205 
656000 770 1000.0 522051.202 992.459 6.5283 
657000 771 1000.0 522904.018 977.908 6.5336 
658000 772 1000.0 523499.348 938.642 6.5409 
659000 773 1000.0 524281.43 923.939 6.5472 
660000 774 1000.0 525124.081 915.887 6.5483 
661000 775 1000.0 526129.907 918.583 6.5494 
662000 776 1000.0 526895.102 911.172 6.5514 
663000 777 1000.0 527991.552 926.86 6.5533 
664000 778 1000.0 529161.632 951.777 6.5535 
665000 779 1000.0 530014.535 947.974 6.5535 
666000 780 1000.0 530836.042 928.7 6.5509 
667000 781 1000.0 531408.209 899.977 6.5491 
668000 782 1000.0 531983.511 866.856 6.5457 
669000 783 1000.0 532603.652 845.083 6.5414 
670000 784 1000.0 533562.317 855.318 6.5407 
671000 785 1000.0 533947.592 807.66 6.5393 
672000 786 1000.0 534463.216 777.938 6.5367 
673000 787 1000.0 535620.654 808.937 6.5369 
674000 788 1000.0 536746.946 849.494 6.5361 
675000 789 1000.0 537278.373 815.262 6.535 
676000 790 1000.0 538106.271 818.866 6.532 
677000 791 1000.0 538509.66 778.589 6.5302 
678000 792 1000.0 538959.95 742.194 6.5279 
679000 793 1000.0 539527.403 725.829 6.5259 
680000 794 1000.0 539931.652 695.594 6.5225 
681000 795 1000.0 540268.305 659.041 6.5232 
682000 796 1000.0 540588.439 621.624 6.52 
683000 797 1000.0 541167.443 616.679 6.5188 
684000 798 1000.0 541725.718 607.402 6.5173 
685000 799 1000.0 542675.361 649.557 6.5163 
686000 800 1000.0 543025.556 620.839 6.5159 
687000 801 1000.0 543523.825 595.746 6.5136 
688000 802 1000.0 544533.673 638.917 6.5148 
689000 803 1000.0 545858.084 716.337 6.518 
690000 804 1000.0 546261.328 687.243 6.5224 
691000 805 1000.0 546507.759 643.611 6.5237 
692000 806 1000.0 546777.452 596.781 6.524 
693000 807 1000.0 547511.048 613.896 6.5231 
694000 808 1000.0 548152.813 613.441 6.5178 
695000 809 1000.0 549157.567 659.576 6.5168 
696000 810 1000.0 549711.57 644.804 6.5134 
697000 811 1000.0 550344.8 642.09 6.5089 
698000 812 1000.0 551356.223 680.658 6.5105 
699000 813 1000.0 552244.764 704.767 6.5142 
700000 814 1000.0 552755.756 680.794 6.5143 
701000 815 1000.0 554037.671 734.52 6.5182 
702000 816 1000.0 555448.686 803.291 6.5218 
703000 817 1000.0 556581.654 845.898 6.5242 
704000 818 1000.0 557090.215 802.85 6.5215 
705000 819 1000.0 557649.046 789.767 6.5208 
706000 820 1000.0 558110.575 744.962 6.5182 
707000 821 1000.0 559526.43 813.647 6.5211 
708000 822 1000.0 560476.298 828.126 6.522 
709000 823 1000.0 561659.825 864.92 6.5229 
710000 824 1000.0 562307.639 842.77 6.5204 
711000 825 1000.0 563303.992 865.836 6.5218 
712000 826 1000.0 563905.963 828.262 6.5188 
713000 827 1000.0 565575.719 914.262 6.5233 
714000 828 1000.0 566988.621 963.175 6.5271 
715000 829 1000.0 568004.158 966.623 6.5289 
716000 830 1000.0 568738.118 948.223 6.5272 
717000 831 1000.0 569612.463 939.985 6.5262 
718000 832 1000.0 571138.508 1005.409 6.5278 
719000 833 1000.0 572348.824 1013.202 6.5287 
720000 834 1000.0 573878.072 1074.232 6.5306 
721000 835 1000.0 575540.75 1125.31 6.5296 
722000 836 1000.0 577097.429 1174.302 6.53 
723000 837 1000.0 577892.606 1141.622 6.5295 
724000 838 1000.0 578934.229 1126.01 6.5289 
725000 839 1000.0 580128.049 1127.318 6.5317 
726000 840 1000.0 581017.803 1102.724 6.5308 
727000 841 1000.0 582248.249 1123.104 6.5332 
728000 842 1000.0 583604.049 1140.236 6.5358 
729000 843 1000.0 584992.304 1168.574 6.5371 
730000 844 1000.0 586387.971 1191.855 6.5379 
731000 845 1000.0 587523.181 1198.216 6.5384 
732000 846 1000.0 587854.154 1102.081 6.5336 
733000 847 1000.0 588590.334 1063.569 6.5389 
734000 848 1000.0 589368.156 1040.53 6.5447 
735000 849 1000.0 589884.392 984.727 6.5491 
736000 850 1000.0 590678.196 961.424 6.5467 
737000 851 1000.0 591430.793 937.456 6.5419 
738000 852 1000.0 592622.423 968.835 6.5433 
739000 853 1000.0 593572.16 968.779 6.542 
740000 854 1000.0 594867.747 997.088 6.5403 
741000 855 1000.0 595748.104 987.952 6.5379 
742000 856 1000.0 596780.115 991.851 6.5353 
743000 857 1000.0 597774.559 985.997 6.5327 
744000 858 1000.0 599262.409 1036.55 6.5353 
745000 859 1000.0 600534.296 1065.329 6.5368 
746000 860 1000.0 601796.589 1085.112 6.5376 
747000 861 1000.0 603033.066 1100.485 6.5382 
748000 862 1000.0 604041.97 1091.531 6.5383 
749000 863 1000.0 605152.607 1091.18 6.5366 
750000 864 1000.0 606299.172 1098.605 6.5377 
751000 865 1000.0 607356.427 1098.51 6.538 
752000 866 1000.0 608371.128 1085.295 6.5348 
753000 867 1000.0 609639.208 1108.768 6.5319 
754000 868 1000.0 610295.281 1064.117 6.5294 
755000 869 1000.0 611528.259 1075.656 6.5283 
756000 870 1000.0 612568.649 1071.689 6.5267 
757000 871 1000.0 613746.515 1084.088 6.5259 
758000 872 1000.0 614792.782 1084.207 6.5229 
759000 873 1000.0 615470.742 1036.206 6.5231 
760000 874 1000.0 616288.307 1016.486 6.521 
761000 875 1000.0 617022.672 986.695 6.5174 
762000 876 1000.0 617790.04 966.209 6.5172 
763000 877 1000.0 618666.743 955.184 6.5157 
764000 878 1000.0 619414.864 936.136 6.5159 
765000 879 1000.0 620057.412 918.923 6.5138 
766000 880 1000.0 620692.943 872.888 6.5135 
767000 881 1000.0 621625.382 886.789 6.5134 
768000 882 1000.0 622475.958 881.378 6.5132 
769000 883 1000.0 623191.805 864.664 6.5137 
770000 884 1000.0 623827.902 848.68 6.513 
771000 885 1000.0 624859.731 858.879 6.5125 
772000 886 1000.0 625927.434 884.301 6.5119 
773000 887 1000.0 626541.949 861.748 6.5125 
774000 888 1000.0 626957.807 818.056 6.5114 
775000 889 1000.0 627484.84 775.601 6.5127 
776000 890 1000.0 628551.095 815.019 6.5135 
777000 891 1000.0 629079.076 784.779 6.5145 
778000 892 1000.0 629514.832 756.165 6.5142 
779000 893 1000.0 629889.664 715.886 6.5141 
780000 894 1000.0 630457.935 689.548 6.5129 
781000 895 1000.0 631243.733 711.198 6.5123 
782000 896 1000.0 631797.202 692.674 6.5107 
783000 897 1000.0 632713.402 714.261 6.5105 
784000 898 1000.0 633371.626 708.966 6.5101 
785000 899 1000.0 633912.665 685.848 6.5092 
786000 900 1000.0 634623.078 687.775 6.5085 
787000 901 1000.0 635401.104 696.931 6.5064 
788000 902 1000.0 636410.511 733.655 6.5072 
789000 903 1000.0 637137.647 731.857 6.5081 
790000 904 1000.0 638004.692 746.456 6.5077 
791000 905 1000.0 638743.564 742.274 6.5099 
792000 906 1000.0 639451.613 740.106 6.5112 
793000 907 1000.0 640129.081 735.487 6.5131 
794000 908 1000.0 640932.568 742.172 6.5128 
795000 909 1000.0 641585.397 735.782 6.5142 
796000 910 1000.0 641967.75 695.95 6.5157 
797000 911 1000.0 642628.604 696.852 6.5166 
798000 912 1000.0 643296.384 693.068 6.5179 
799000 913 1000.0 643996.524 692.381 6.5197 
800000 914 1000.0 644678.414 690.284 6.5183 
801000 915 1000.0 645349.367 691.804 6.516 
802000 916 1000.0 645970.908 683.268 6.5151 
803000 917 1000.0 646394.955 657.992 6.5152 
804000 918 1000.0 647077.67 662.25 6.5129 
805000 919 1000.0 647569.278 646.575 6.5129 
806000 920 1000.0 647996.534 617.093 6.5118 
807000 921 1000.0 648582.614 617.203 6.5105 
808000 922 1000.0 649063.847 602.566 6.5083 
809000 923 1000.0 649561.531 596.131 6.5072 
810000 924 1000.0 649908.14 567.436 6.5098 
811000 925 920.2 650418.666 527.61 5.9886 
812000 926 928.18 650721.951 524.069 6.0404 
813000 927 935.362 651032.219 500.825 6.0886 
814000 928 941.826 651772.29 482.872 6.1295 
815000 929 947.643 652259.257 510.312 6.1645 
816000 930 952.879 652618.447 506.316 6.1976 
817000 931 957.591 653002.696 491.278 6.2286 
818000 932 961.832 653329.355 480.269 6.2567 
819000 933 965.649 653812.633 465.049 6.2822 
820000 934 969.084 654392.492 468.073 6.304 
821000 935 972.175 655023.288 479.045 6.3234 
822000 936 974.958 655607.584 494.324 6.3446 
823000 937 977.462 656313.049 503.152 6.3625 
824000 938 979.716 656931.464 523.548 6.3788 
825000 939 981.744 657433.797 533.496 6.3925 
826000 940 983.57 657679.36 528.897 6.4051 
827000 941 985.213 658179.803 499.221 6.4221 
828000 942 986.692 658585.776 501.252 6.4285 
829000 943 988.022 658956.604 491.404 6.4339 
830000 944 989.22 659341.826 478.929 6.4402 
831000 945 990.298 659872.852 469.546 6.4474 
832000 946 991.268 660490.801 476.235 6.4557 
833000 947 992.142 661144.804 490.593 6.4623 
834000 948 992.927 661646.456 507.573 6.4678 
835000 949 993.635 662112.865 506.228 6.4705 
836000 950 994.271 662582.161 502.208 6.4746 
837000 951 994.844 663035.027 499.007 6.478 
838000 952 995.36 663659.383 494.277 6.4807 
839000 953 995.824 664150.114 507.715 6.4852 
840000 954 996.241 664671.11 506.09 6.4903 
841000 955 996.617 665376.708 507.123 6.4937 
842000 956 996.955 666108.544 528.53 6.4972 
843000 957 997.26 666793.513 547.437 6.4974 
844000 958 997.534 667379.713 562.452 6.4991 
845000 959 997.781 667889.757 564.913 6.4981 
846000 960 998.002 668514.526 557.307 6.5015 
847000 961 998.202 668878.713 565.144 6.5019 
848000 962 998.382 669318.093 542.894 6.5043 
849000 963 998.544 669914.918 534.186 6.5047 
850000 964 998.689 670430.252 540.92 6.5064 
851000 965 998.82 671032.275 538.485 6.5053 
852000 966 998.938 671573.256 544.37 6.5089 
853000 967 999.045 672125.563 543.968 6.5092 
854000 968 999.14 672553.873 545.106 6.5095 
855000 969 999.226 673094.617 533.144 6.5072 
856000 970 999.304 673475.846 533.873 6.5076 
857000 971 999.373 674011.729 518.028 6.5071 
858000 972 999.436 674290.539 520.918 6.5099 
859000 973 999.492 674707.622 495.268 6.5123 
860000 974 999.543 675189.567 488.347 6.5149 
861000 975 999.589 675768.977 487.858 6.5139 
862000 976 999.63 676228.3 497.66 6.5136 
863000 977 999.667 676657.375 492.822 6.5121 
864000 978 999.7 677201.862 486.085 6.5119 
865000 979 999.73 677744.595 492.403 6.5139 
866000 980 999.757 678191.139 497.489 6.5142 
867000 981 999.781 678516.064 492.936 6.5137 
868000 982 999.803 678880.662 474.465 6.5122 
869000 983 999.823 679262.871 463.595 6.5148 
870000 984 999.841 679486.938 455.373 6.5152 
871000 985 999.857 679817.21 431.71 6.5154 
872000 986 999.871 680180.063 422.603 6.5141 
873000 987 999.884 680500.248 416.69 6.5146 
874000 988 999.895 680719.313 406.566 6.5167 
875000 989 999.906 681323.478 387.191 6.5163 
876000 990 999.915 681679.317 411.897 6.5132 
877000 991 999.924 681959.965 405.537 6.5119 
878000 992 999.931 682463.763 390.753 6.5116 
879000 993 999.938 682900.008 403.728 6.5111 
880000 994 999.944 683315.059 406.972 6.5115 
881000 995 999.95 683879.043 407.114 6.5128 
882000 996 999.955 684355.511 424.283 6.512 
883000 997 999.959 685060.15 428.023 6.5161 
884000 998 999.964 685722.389 457.465 6.5187 
885000 999 999.967 686238.202 477.911 6.5229 
886000 1000 999.97 686702.743 480.527 6.526 
887000 1001 999.973 686934.919 478.906 6.5219 
888000 1002 999.976 687434.753 453.25 6.5174 
889000 1003 999.978 687956.417 459.574 6.5116 
890000 1004 999.981 688381.133 465.281 6.5134 
891000 1005 999.983 688767.111 460.696 6.5175 
892000 1006 999.984 689225.248 452.889 6.5254 
893000 1007 999.986 689706.374 454.215 6.5352 
894000 1008 999.987 690023.328 456.864 6.5418 
895000 1009 999.989 690342.596 442.298 6.5416 
896000 1010 999.99 690813.342 430.044 6.5376 
897000 1011 999.991 691121.183 434.638 6.5349 
898000 1012 999.992 691663.913 421.256 6.5296 
899000 1013 999.992 692181.715 434.588 6.527 
900000 1014 999.993 692545.027 443.444 6.5239 
901000 1015 999.994 692996.378 433.861 6.5231 
902000 1016 999.995 693244.312 435.568 6.5225 
903000 1017 999.995 693639.085 416.282 6.5234 
904000 1018 999.996 694146.093 415.264 6.5239 
905000 1019 999.996 694712.509 425.504 6.5239 
906000 1020 999.996 695083.88 439.655 6.522 
907000 1021 999.997 695420.331 431.201 6.5212 
908000 1022 999.997 695852.032 421.623 6.5214 
909000 1023 999.997 696150.22 423.188 6.5212 
910000 1024 999.998 696645.807 409.395 6.5215 
911000 1025 999.998 697145.379 419.834 6.5219 
912000 1026 999.998 697449.416 427.574 6.5196 
913000 1027 999.998 697677.489 413.819 6.5193 
914000 1028 999.998 697872.333 395.257 6.5185 
915000 1029 999.999 698043.378 375.068 6.5234 
916000 1030 999.999 698271.017 354.781 6.5254 
917000 1031 999.999 698378.627 342.175 6.5255 
918000 1032 999.999 698966.359 318.054 6.5249 
919000 1033 999.999 699283.661 347.089 6.5209 
920000 1034 999.999 699540.998 342.736 6.5178 
921000 1035 999.999 699772.311 334.517 6.5152 
922000 1036 999.999 699954.679 323.838 6.5199 
923000 1037 999.999 700184.028 310.107 6.5195 
924000 1038 999.999 700298.718 301.791 6.5149 
925000 1039 1000.0 700419.848 282.28 6.5165 
926000 1040 1000.0 700717.286 266.508 6.5194 
927000 1041 1000.0 701275.454 271.72 6.521 
928000 1042 1000.0 701835.78 300.02 6.5188 
929000 1043 1000.0 702559.572 328.535 6.5177 
930000 1044 1000.0 702806.302 365.992 6.5132 
931000 1045 1000.0 703362.461 352.642 6.514 
932000 1046 1000.0 704017.293 374.142 6.515 
933000 1047 1000.0 704738.175 404.043 6.5131 
934000 1048 1000.0 705114.619 435.303 6.5109 
935000 1049 1000.0 705715.648 426.911 6.5128 
936000 1050 1000.0 706052.867 445.305 6.509 
937000 1051 1000.0 706671.046 432.995 6.5112 
938000 1052 1000.0 707017.441 453.054 6.5094 
939000 1053 1000.0 707324.592 441.265 6.5103 
940000 1054 1000.0 707613.998 427.678 6.5107 
941000 1055 1000.0 708002.241 414.124 6.5094 
942000 1056 1000.0 708572.127 411.214 6.5103 
943000 1057 1000.0 709011.379 427.375 6.5088 
944000 1058 1000.0 709284.433 429.189 6.5067 
945000 1059 1000.0 709781.014 412.43 6.5033 
946000 1060 1000.0 710196.926 420.95 6.5004 
947000 1061 1000.0 710734.428 420.942 6.4997 
948000 1062 1000.0 711215.717 432.164 6.4991 
949000 1063 1000.0 711790.326 437.39 6.497 
950000 1064 1000.0 712583.95 453.997 6.4986 
951000 1065 1000.0 713326.048 485.904 6.5014 
952000 1066 1000.0 713913.879 512.477 6.5026 
953000 1067 1000.0 714309.63 518.241 6.505 
954000 1068 1000.0 715013.81 507.134 6.5088 
955000 1069 1000.0 715426.444 526.84 6.5123 
956000 1070 1000.0 715780.596 514.333 6.5148 
957000 1071 1000.0 716280.455 498.257 6.5171 
958000 1072 1000.0 716914.316 499.538 6.5184 
959000 1073 1000.0 717514.905 514.218 6.5239 
960000 1074 1000.0 717984.52 522.19 6.5304 
961000 1075 1000.0 718559.002 516.87 6.5375 
962000 1076 1000.0 718949.506 522.197 6.5447 
963000 1077 1000.0 719367.653 511.427 6.5498 
964000 1078 1000.0 719883.277 498.552 6.5521 
965000 1079 1000.0 720349.089 500.861 6.5565 
966000 1080 1000.0 720892.315 497.322 6.5551 
967000 1081 1000.0 721324.265 501.779 6.5502 
968000 1082 1000.0 721828.243 495.428 6.5477 
969000 1083 1000.0 722390.147 495.741 6.5469 
970000 1084 1000.0 722921.222 502.964 6.5386 
971000 1085 1000.0 723563.338 505.11 6.5351 
972000 1086 1000.0 723952.831 519.519 6.536 
973000 1087 1000.0 724385.214 505.884 6.5356 
974000 1088 1000.0 724988.068 498.567 6.5356 
975000 1089 1000.0 725561.578 510.46 6.5345 
976000 1090 1000.0 726164.622 515.491 6.5333 
977000 1091 1000.0 726726.39 525.104 6.5323 
978000 1092 1000.0 727378.484 529.493 6.5321 
979000 1093 1000.0 727953.556 541.468 6.532 
980000 1094 1000.0 728306.4 543.796 6.5297 
981000 1095 1000.0 728672.504 523.797 6.528 
982000 1096 1000.0 729276.829 510.729 6.529 
983000 1097 1000.0 729607.813 518.361 6.5285 
984000 1098 1000.0 730060.81 498.577 6.5268 
985000 1099 1000.0 730760.56 496.235 6.5266 
986000 1100 1000.0 731480.982 516.077 6.5259 
987000 1101 1000.0 732091.42 536.476 6.5232 
988000 1102 1000.0 732433.737 543.235 6.5231 
989000 1103 1000.0 732940.93 522.812 6.5229 
990000 1104 1000.0 733571.456 521.663 6.5212 
991000 1105 1000.0 734042.374 531.965 6.523 
992000 1106 1000.0 734750.131 528.138 6.5204 
993000 1107 1000.0 735116.426 544.406 6.5205 
994000 1108 1000.0 735555.631 525.906 6.5175 
995000 1109 1000.0 735892.146 516.851 6.5154 
996000 1110 1000.0 736568.104 499.113 6.5115 
997000 1111 1000.0 736943.315 518.145 6.5114 
998000 1112 1000.0 737334.885 502.149 6.5106 
999000 1113 1000.0 737710.392 491.009 6.5079 
1000000 1114 1000.0 738057.98 479.493 6.5054 
1001000 1115 1000.0 738351.068 466.292 6.5039 
1002000 1116 1000.0 738671.341 448.908 6.5026 
1003000 1117 1000.0 739040.414 436.22 6.5007 
1004000 1118 1000.0 739639.277 429.716 6.4977 
1005000 1119 1000.0 740115.879 448.042 6.4955 
1006000 1120 1000.0 740545.821 449.261 6.4917 
1007000 1121 1000.0 740990.863 447.868 6.4899 
1008000 1122 1000.0 741691.419 447.657 6.4886 
1009000 1123 1000.0 742157.598 473.643 6.4861 
1010000 1124 1000.0 742505.744 472.088 6.4841 
1011000 1125 1000.0 742856.471 459.1 6.4844 
1012000 1126 1000.0 743528.534 448.268 6.4839 
1013000 1127 1000.0 744267.309 471.673 6.4825 
1014000 1128 1000.0 744750.505 497.86 6.483 
1015000 1129 1000.0 745129.511 495.848 6.4843 
1016000 1130 1000.0 745692.34 483.793 6.4841 
1017000 1131 1000.0 745981.024 491.745 6.4822 
1018000 1132 1000.0 746300.899 470.605 6.4839 
1019000 1133 1000.0 746545.617 457.278 6.4849 
1020000 1134 1000.0 746903.858 435.184 6.4856 
1021000 1135 1000.0 747252.201 427.836 6.4851 
1022000 1136 1000.0 747685.899 420.8 6.4853 
1023000 1137 1000.0 748142.859 420.554 6.4925 
1024000 1138 1000.0 748482.355 424.427 6.4993 
1025000 1139 1000.0 748948.383 416.287 6.5051 
1026000 1140 1000.0 749179.044 421.079 6.5028 
1027000 1141 1000.0 749561.77 401.697 6.5006 
1028000 1142 1000.0 750481.681 400.171 6.4985 
1029000 1143 1000.0 751069.629 455.276 6.4985 
1030000 1144 1000.0 751952.729 468.525 6.4992 
1031000 1145 1000.0 752712.824 511.205 6.5013 
1032000 1146 1000.0 753579.407 531.907 6.5027 
1033000 1147 1000.0 754201.237 568.345 6.505 
1034000 1148 1000.0 754714.088 571.879 6.5065 
1035000 1149 1000.0 755489.437 564.168 6.5079 
1036000 1150 1000.0 756014.462 586.123 6.5073 
1037000 1151 1000.0 756673.465 580.483 6.5059 
1038000 1152 1000.0 757628.557 590.831 6.5045 
1039000 1153 1000.0 758584.317 627.891 6.5044 
1040000 1154 1000.0 759174.716 660.596 6.505 
1041000 1155 1000.0 760099.495 652.5 6.5047 
1042000 1156 1000.0 761162.577 679.469 6.5036 
1043000 1157 1000.0 762245.321 719.175 6.5071 
1044000 1158 1000.0 762884.755 756.821 6.5099 
1045000 1159 1000.0 763177.777 741.72 6.5102 
1046000 1160 1000.0 763831.368 694.605 6.5086 
1047000 1161 1000.0 764207.652 691.053 6.5102 
1048000 1162 1000.0 764481.171 658.595 6.506 
1049000 1164 908.5 765044.098 560.719 5.91 
1050000 1165 917.65 765411.746 562.422 5.9706 
1051000 1166 925.885 765998.387 543.768 6.0225 
1052000 1167 933.296 766563.613 545.817 6.0739 
1053000 1168 939.967 767123.77 558.28 6.1179 
1054000 1169 945.97 767848.276 551.024 6.1612 
1055000 1170 951.373 768313.406 567.709 6.1954 
1056000 1171 956.236 768855.191 559.615 6.2265 
1057000 1172 960.612 769676.105 559.479 6.2552 
1058000 1173 964.551 770537.025 586.383 6.2791 
1059000 1174 968.096 770866.848 617.723 6.3009 
1060000 1175 971.286 771202.246 577.104 6.3218 
1061000 1176 974.158 771882.433 554.366 6.3388 
1062000 1177 976.742 772628.009 568.007 6.3564 
1063000 1178 979.068 773177.399 592.505 6.374 
1064000 1179 981.161 773710.942 581.261 6.3907 
1065000 1180 983.045 774175.76 578.953 6.4038 
1066000 1181 984.74 774865.102 564.874 6.4178 
1067000 1182 986.266 775650.009 579.917 6.4295 
1068000 1183 987.64 776345.181 606.9 6.4394 
1069000 1184 988.876 777030.172 608.198 6.4476 
1070000 1185 989.988 777651.441 617.703 6.45 
1071000 1186 990.989 778374.352 624.042 6.4564 
1072000 1187 991.89 778945.934 627.463 6.4682 
1073000 1188 992.701 779613.034 621.872 6.4779 
1074000 1189 993.431 780369.748 625.842 6.4852 
1075000 1190 994.088 780788.568 637.491 6.4917 
1076000 1191 994.679 781403.342 615.881 6.497 
1077000 1192 995.211 781874.348 615.996 6.4999 
1078000 1193 995.69 782406.741 602.271 6.5028 
1079000 1194 996.121 782992.593 595.319 6.5123 
1080000 1195 996.509 783538.664 590.493 6.5187 
1081000 1196 996.858 784133.723 591.239 6.5181 
1082000 1197 997.172 784553.49 589.655 6.5164 
1083000 1198 997.455 785031.761 570.998 6.5139 
1084000 1199 997.71 785637.415 561.554 6.5108 
1085000 1200 997.939 786175.583 569.047 6.5097 
1086000 1201 998.145 786854.443 565.824 6.5107 
1087000 1202 998.33 787372.094 577.378 6.5105 
