1000 10 54.776 1437.452 76.071 0.1279 
2000 19 96.201 2938.942 144.394 0.2262 
3000 28 107.236 4414.426 162.23 0.2578 
4000 36 105.007 5942.062 157.607 0.2553 
5000 45 106.849 7306.58 149.919 0.2691 
6000 54 107.147 8775.906 155.069 0.2788 
7000 62 122.155 10225.068 180.845 0.4507 
8000 72 109.357 11572.764 152.008 0.4834 
9000 79 127.167 13011.662 181.557 1.1451 
10000 88 116.859 14418.548 166.106 1.5848 
11000 95 129.352 15761.494 177.18 1.7317 
12000 104 118.8 17055.531 152.791 1.8588 
13000 112 126.352 18485.126 173.193 1.9496 
14000 120 123.838 19909.417 177.193 1.8422 
15000 130 108.064 21268.945 149.363 1.5388 
16000 139 115.578 22492.124 148.746 1.4958 
17000 149 101.815 23757.355 128.349 1.2396 
18000 158 112.852 25135.283 154.571 1.8085 
19000 164 131.074 26416.251 172.314 1.9023 
20000 174 118.251 27690.321 154.07 1.5062 
21000 181 133.761 28719.491 154.725 1.6005 
22000 189 122.584 29727.793 134.568 1.5456 
23000 199 108.493 30912.982 126.499 1.3277 
24000 207 123.395 31998.38 136.806 1.4862 
25000 214 127.179 33097.991 138.87 1.5226 
26000 221 130.631 34185.512 145.856 1.5592 
27000 229 135.566 35240.059 146.776 1.6164 
28000 235 149.769 36262.616 158.374 1.7846 
29000 242 143.022 37240.269 142.987 1.7026 
