1000 1 12.02 -277.43 -3.953 0.1757 0.0 
2000 2 27.02 -565.478 -8.871 0.4238 0.0 
3000 4 47.455 -935.224 -16.386 0.7282 0.0 
4000 5 67.966 -1168.0 -20.91 1.0846 0.0 
5000 5 67.966 -1368.0 -20.91 1.0846 0.0 
6000 7 103.974 -1647.762 -29.397 1.84 0.0 
7000 8 131.934 -1830.514 -34.279 2.4308 0.0 
8000 9 149.096 -2067.798 -38.22 2.8208 0.0 
9000 10 152.134 -2324.675 -40.615 2.8931 0.0 
10000 11 175.231 -2586.77 -45.962 3.418 0.0 
11000 12 184.826 -2853.953 -49.152 3.6607 0.0 
12000 13 211.17 -3043.293 -53.524 4.2876 0.0 
13000 13 211.17 -3243.293 -53.524 4.2876 0.0 
14000 15 240.932 -3610.648 -62.461 4.9713 0.0 
15000 15 240.932 -3804.711 -62.461 4.9713 0.0 
16000 17 273.331 -4092.644 -69.88 5.6627 0.0 
17000 18 287.904 -4348.489 -74.135 5.9802 0.0 
18000 24 268.089 -5096.949 -78.107 5.7736 0.0 
19000 24 268.089 -5278.294 -78.107 5.7736 0.0 
20000 25 292.767 -5470.721 -82.18 6.3916 0.0 
21000 26 316.952 -5651.865 -86.393 7.0057 0.0 
22000 26 316.952 -5833.011 -86.393 7.0057 0.0 
23000 27 340.653 -6029.464 -89.919 7.6003 0.0 
24000 28 363.88 -6219.236 -94.057 8.2205 0.0 
25000 28 363.88 -6411.904 -94.057 8.2205 0.0 
26000 29 386.642 -6609.989 -97.833 8.8177 0.0 
27000 30 408.949 -6802.639 -101.846 9.4463 0.0 
28000 31 426.31 -7079.041 -106.435 9.9289 0.0 
