1000 0 0.0 -200.0 0.0 0.0 0.0 
2000 1 30.04 -385.957 -6.008 0.5162 0.0 
3000 1 30.04 -571.726 -6.008 0.5162 0.0 
4000 2 59.479 -763.519 -11.33 1.0013 0.0 
5000 3 88.33 -932.121 -16.702 1.4964 0.0 
6000 3 88.33 -1125.502 -16.702 1.4964 0.0 
7000 5 130.551 -1416.895 -26.546 2.1701 0.0 
8000 5 130.551 -1608.7 -26.546 2.1701 0.0 
9000 6 156.6 -1894.01 -33.541 2.6138 0.0 
10000 7 183.508 -2094.01 -38.588 3.0893 0.0 
11000 8 201.398 -2371.266 -44.125 3.4205 0.0 
12000 8 201.398 -2571.266 -44.125 3.4205 0.0 
13000 9 227.41 -2771.266 -48.799 3.8869 0.0 
14000 10 252.902 -2947.746 -53.415 4.3222 0.0 
15000 10 252.902 -3147.746 -53.415 4.3222 0.0 
16000 11 277.884 -3347.746 -58.301 4.7477 0.0 
17000 16 275.024 -3820.836 -63.144 5.1593 0.0 
18000 17 292.444 -4105.787 -67.812 7.3565 0.0 
19000 18 302.115 -4404.021 -71.476 8.7919 0.0 
20000 18 302.115 -4604.021 -71.476 8.7919 0.0 
21000 19 326.113 -4797.877 -76.023 11.6019 0.0 
22000 20 349.63 -4992.432 -80.388 14.3918 0.0 
23000 20 349.63 -5177.276 -80.388 14.3918 0.0 
24000 21 372.678 -5236.976 -84.376 17.1412 0.0 
25000 22 395.264 -5371.936 -84.717 19.8599 0.0 
26000 22 395.264 -5553.413 -84.717 19.8599 0.0 
27000 23 417.399 -5750.218 -88.501 22.5146 0.0 
28000 24 439.091 -5950.218 -92.707 25.129 0.0 
29000 25 450.789 -6228.107 -96.945 26.7253 0.0 
30000 25 450.789 -6379.552 -96.945 26.7253 0.0 
31000 26 470.853 -6624.87 -101.408 29.1948 0.0 
32000 27 491.476 -6816.899 -104.281 31.6815 0.0 
33000 27 491.476 -7002.923 -104.281 31.6815 0.0 
34000 28 511.687 -7180.74 -107.782 34.1534 0.0 
35000 29 531.493 -7363.308 -111.138 36.5773 0.0 
36000 30 545.703 -7646.915 -115.583 38.3808 0.0 
37000 30 545.703 -7846.915 -115.583 38.3808 0.0 
38000 31 562.329 -8138.748 -120.328 40.4885 0.0 
39000 34 561.832 -8620.221 -125.601 41.5494 0.0 
40000 35 566.355 -8823.854 -127.637 42.3591 0.0 
41000 39 543.934 -9318.99 -126.791 41.3623 0.0 
42000 44 512.867 -9886.651 -125.835 39.6385 0.0 
43000 50 475.321 -10591.952 -124.891 37.3569 0.0 
44000 57 424.878 -11354.745 -122.127 33.8267 0.0 
45000 61 415.118 -11822.425 -122.808 33.6835 0.0 
46000 66 390.602 -12440.348 -121.3 32.149 0.0 
47000 70 385.728 -12908.793 -122.231 32.3373 0.0 
48000 78 347.571 -13747.363 -119.79 29.6669 0.0 
49000 84 327.197 -14459.92 -119.584 28.4168 0.0 
50000 92 293.872 -15245.347 -116.467 25.9113 0.0 
51000 106 241.217 -16440.12 -109.149 21.8093 0.0 
52000 114 224.036 -17296.472 -108.763 20.6217 0.0 
