1000 11 60.925 -1479.212 -97.495 0.0841 
2000 21 89.033 -3461.665 -161.05 0.1102 
3000 29 103.201 -5549.422 -217.558 0.1558 
4000 40 98.616 -8039.829 -220.975 0.1061 
5000 41 98.254 -8101.909 -212.977 0.1025 
6000 52 120.461 -10035.374 -180.249 0.23 
7000 64 94.738 -11787.88 -152.843 0.1503 
8000 75 93.545 -13628.265 -156.825 0.0956 
9000 87 86.096 -15141.206 -129.852 0.1065 
10000 97 92.238 -16652.714 -137.311 0.0853 
11000 108 92.12 -18198.323 -143.219 0.1147 
12000 118 97.349 -19732.33 -162.789 0.0953 
13000 127 100.078 -21278.47 -150.015 0.1322 
14000 137 103.367 -22719.283 -147.066 0.0987 
15000 147 98.492 -24034.35 -136.118 0.1224 
16000 158 98.255 -25111.547 -113.812 0.089 
17000 168 95.476 -26094.813 -103.463 0.1204 
18000 176 107.925 -26927.12 -103.796 0.1041 
19000 186 100.239 -27884.987 -93.597 0.1307 
20000 194 111.343 -28720.992 -96.621 0.1108 
21000 203 118.039 -29663.891 -101.212 0.1561 
22000 211 114.556 -30071.683 -67.972 0.1208 
23000 218 120.592 -30687.411 -81.987 0.1915 
24000 226 132.423 -31094.343 -60.626 0.1589 
25000 233 137.103 -31831.235 -78.439 0.2107 
26000 240 131.494 -32250.919 -66.98 0.1574 
27000 247 133.782 -32615.736 -63.618 0.2152 
28000 255 137.997 -32775.514 -41.773 0.171 
29000 261 150.042 -33546.224 -77.549 0.2708 
30000 268 152.743 -33942.091 -64.535 0.1978 
31000 275 147.629 -34262.684 -56.662 0.2331 
32000 279 144.312 -34376.705 -54.877 0.188 
33000 284 189.883 -34658.496 -47.905 0.4198 
34000 290 179.002 -34791.439 -40.912 0.2986 
35000 292 171.052 -34919.719 -42.159 0.2646 
36000 297 220.911 -35005.238 -30.348 0.5372 
37000 301 240.366 -35246.394 -37.159 0.6192 
38000 302 316.329 -35322.973 -49.25 0.8584 
39000 306 287.391 -35548.765 -49.028 0.7657 
40000 309 274.172 -35571.64 -39.296 0.6237 
41000 310 346.755 -35657.926 -46.623 0.8693 
42000 314 334.292 -35755.452 -34.802 0.8287 
43000 315 400.863 -35827.654 -40.36 1.2429 
44000 321 279.18 -35716.941 -21.929 0.7809 
45000 323 327.936 -35881.245 -18.124 0.9008 
46000 325 320.228 -35754.454 -14.113 0.8726 
47000 328 351.986 -35779.469 -12.053 0.9015 
48000 331 297.136 -35791.813 -5.643 0.7659 
49000 333 343.88 -35809.352 -5.008 0.8537 
50000 336 361.649 -35835.567 -8.297 0.9216 
51000 337 358.284 -36078.506 -27.666 0.8761 
52000 343 320.896 -36195.016 -24.445 0.766 
53000 349 238.179 -36225.295 -16.501 0.475 
54000 355 208.441 -36359.139 -17.195 0.4105 
55000 356 215.096 -36320.805 -12.992 0.399 
56000 357 293.587 -36272.278 -9.569 0.6457 
57000 358 364.228 -36212.859 -4.057 1.0213 
58000 359 427.805 -36157.29 4.728 1.1381 
59000 360 485.025 -36233.814 4.039 1.3792 
60000 365 415.292 -36085.07 10.27 1.0709 
61000 367 372.746 -36269.526 7.462 0.897 
62000 372 317.983 -36356.738 -13.026 0.7547 
63000 375 345.9 -36399.31 -7.714 0.7958 
64000 381 257.072 -36115.614 9.351 0.6168 
65000 386 213.267 -35936.155 19.097 0.4407 
66000 389 260.891 -35910.465 23.754 0.6669 
67000 395 216.559 -35763.733 20.116 0.4372 
68000 397 199.713 -35683.34 24.127 0.3802 
69000 401 241.962 -35723.274 7.089 0.5788 
70000 402 317.765 -35673.72 10.13 0.7346 
71000 404 360.09 -35579.926 11.775 0.9348 
72000 406 408.373 -35605.002 22.688 1.0295 
73000 407 389.636 -35564.388 20.31 0.9483 
74000 410 402.164 -35490.845 18.396 0.9856 
75000 412 441.653 -35417.267 19.758 1.1739 
76000 413 497.488 -35394.651 28.687 1.3905 
77000 414 547.739 -35353.64 28.168 1.4539 
78000 415 592.965 -35287.865 28.695 1.631 
79000 416 633.669 -35239.896 31.932 1.6304 
80000 417 670.302 -35193.807 33.999 1.7346 
81000 418 703.272 -35071.533 40.17 1.823 
82000 419 696.244 -35191.285 13.685 1.7783 
83000 420 726.62 -35117.254 25.142 1.9264 
84000 421 753.958 -35084.92 28.842 1.9466 
85000 423 719.606 -34954.667 28.797 1.89 
86000 425 689.881 -34887.301 41.248 1.7178 
87000 426 645.093 -34859.819 36.912 1.6595 
88000 429 592.363 -34667.629 36.546 1.4368 
89000 430 633.126 -34607.47 42.865 1.6053 
90000 431 669.814 -34574.186 45.041 1.7065 
91000 432 702.832 -34481.16 45.206 1.9346 
92000 433 732.549 -34362.84 48.973 2.0343 
93000 436 655.948 -34460.301 40.648 1.7765 
94000 437 690.353 -34333.047 44.525 1.8563 
95000 438 721.318 -34264.062 50.173 1.9712 
96000 439 749.186 -34167.809 53.343 2.027 
97000 440 774.268 -34227.075 46.592 2.1286 
98000 441 715.541 -34061.898 43.503 1.9308 
99000 442 743.987 -33924.698 49.586 1.9338 
100000 443 769.588 -33764.46 60.343 1.989 
101000 444 792.629 -33658.496 66.674 2.0002 
102000 446 741.53 -33553.245 67.581 1.8885 
103000 447 767.377 -33440.449 68.503 1.9277 
104000 448 790.639 -33369.465 71.26 2.014 
105000 449 811.575 -33245.852 73.5 2.026 
106000 450 830.418 -33114.853 78.692 2.0722 
107000 451 847.376 -33023.979 80.995 2.0711 
108000 453 799.574 -32856.531 78.78 1.9682 
109000 456 699.97 -32770.574 69.181 1.6975 
110000 458 602.916 -32705.861 60.744 1.4341 
111000 459 642.624 -32567.614 66.509 1.5679 
112000 460 678.362 -32521.996 70.245 1.7413 
113000 463 611.946 -32270.687 63.978 1.4534 
114000 464 650.751 -32156.844 72.529 1.5637 
115000 465 685.676 -32084.24 77.659 1.574 
116000 467 662.198 -31893.126 72.391 1.5551 
117000 469 646.68 -31910.03 73.935 1.4811 
118000 470 682.012 -31849.763 74.255 1.544 
119000 471 713.811 -31722.259 78.772 1.6822 
120000 472 742.43 -31665.643 78.968 1.6844 
121000 473 708.287 -31670.512 57.301 1.5602 
122000 474 737.458 -31521.953 58.421 1.7315 
123000 476 704.941 -31384.187 65.337 1.576 
124000 477 734.447 -31322.338 69.169 1.7131 
125000 478 761.002 -31208.576 68.538 1.7615 
126000 479 784.902 -31052.414 72.921 1.9761 
127000 480 806.412 -30873.963 82.483 1.9862 
128000 481 825.771 -30766.56 90.95 2.0624 
129000 482 843.194 -30767.987 83.216 2.0676 
130000 484 806.387 -30848.397 64.342 1.9684 
131000 486 684.033 -30765.563 58.193 1.6258 
132000 487 715.63 -30668.576 55.719 1.7081 
133000 488 744.067 -30573.507 63.431 1.7096 
134000 490 714.694 -30354.328 66.298 1.6183 
135000 491 743.225 -30295.016 71.862 1.6193 
136000 494 665.141 -30287.161 56.247 1.4184 
137000 495 618.827 -30279.523 52.581 1.2938 
138000 498 572.605 -30206.099 35.26 1.2003 
139000 499 615.344 -30114.508 41.756 1.2606 
140000 500 653.81 -29988.583 48.906 1.3623 
141000 502 644.386 -29903.166 52.534 1.295 
142000 503 679.947 -29839.441 55.717 1.4351 
143000 504 711.953 -29715.031 55.984 1.5291 
144000 505 740.757 -29596.108 64.952 1.6512 
145000 506 766.682 -29507.126 60.424 1.6639 
146000 507 790.013 -29393.281 70.01 1.717 
147000 509 752.411 -29315.385 75.695 1.5632 
148000 510 777.17 -29186.335 81.58 1.6463 
149000 511 799.453 -29030.855 86.935 1.6391 
150000 513 682.627 -28875.184 73.853 1.3561 
151000 514 714.364 -28743.939 79.069 1.461 
152000 515 742.928 -28728.254 84.051 1.4658 
153000 516 768.635 -28599.05 76.603 1.563 
154000 517 791.771 -28506.426 82.82 1.5744 
155000 518 812.594 -28369.743 84.426 1.6329 
156000 519 831.335 -28239.691 88.911 1.6657 
157000 520 848.201 -28138.405 92.522 1.7162 
158000 521 863.381 -28056.876 93.93 1.7629 
159000 522 877.043 -27951.126 91.857 1.9319 
160000 523 889.339 -27831.74 93.7 1.9503 
161000 524 900.405 -27817.457 95.492 2.0594 
162000 525 910.364 -27729.433 88.294 2.0147 
163000 526 919.328 -27612.486 87.417 2.0701 
164000 527 927.395 -27456.685 90.561 2.0773 
165000 528 934.656 -27374.398 95.978 2.1774 
166000 530 869.771 -27212.169 87.645 1.9871 
167000 531 882.794 -27127.817 93.542 2.0299 
168000 532 894.515 -27008.338 93.287 1.9847 
169000 533 905.063 -26956.268 95.613 2.0344 
170000 534 914.557 -26874.699 88.533 2.0398 
171000 535 923.101 -26721.813 90.807 2.0789 
172000 536 930.791 -26589.105 96.055 2.0201 
173000 537 937.712 -26435.691 100.164 2.0818 
174000 538 943.941 -26290.785 105.658 2.038 
175000 539 949.547 -26127.327 109.796 2.0966 
176000 540 954.592 -25972.9 115.382 2.0568 
177000 542 882.52 -25809.967 111.452 1.9176 
178000 543 894.268 -25664.874 114.1 1.8577 
179000 544 904.841 -25504.051 118.811 1.943 
180000 545 914.357 -25415.535 119.838 1.9368 
181000 546 922.921 -25267.944 122.208 1.9754 
182000 548 806.546 -25374.05 88.259 1.6647 
183000 549 825.891 -25247.509 90.669 1.7817 
184000 550 843.302 -25123.782 93.148 1.7407 
185000 551 858.972 -24975.358 96.874 1.7944 
186000 552 873.075 -24822.262 102.228 1.7632 
187000 553 885.767 -24695.674 104.618 1.817 
188000 554 897.191 -24541.203 109.334 1.8577 
189000 555 907.472 -24416.337 114.372 1.8796 
190000 556 916.724 -24260.232 113.854 1.9279 
191000 558 850.547 -24103.24 110.519 1.7914 
192000 559 865.492 -23974.221 111.953 1.7656 
193000 560 878.943 -23839.229 110.127 1.8736 
194000 563 750.469 -23733.745 92.871 1.5074 
195000 564 687.722 -23691.424 86.793 1.3662 
196000 565 718.95 -23506.683 93.807 1.4941 
197000 566 747.055 -23485.36 101.831 1.5287 
198000 568 710.615 -23296.703 86.408 1.5047 
199000 569 739.553 -23186.482 93.938 1.5395 
200000 570 765.598 -23056.092 95.811 1.6207 
