10000 564 17.909 -1483.927 -2.738 0.013 
20000 1099 20.684 -1672.445 3.85 0.0678 
30000 1618 19.373 -172.563 3.502 0.0656 
40000 2126 19.905 2237.289 5.052 0.0688 
50000 2636 19.986 4991.505 5.967 0.0723 
60000 3140 19.77 7773.347 6.069 0.0711 
70000 3613 21.527 10934.435 6.835 0.0778 
80000 4073 22.589 14526.195 8.836 0.0818 
90000 4492 24.613 18383.002 10.205 0.0893 
100000 4890 25.637 22444.71 10.14 0.0931 
110000 5289 25.977 26612.294 11.764 0.0909 
120000 5639 30.64 31074.227 14.141 0.1065 
130000 5969 28.563 35916.64 12.75 0.1034 
140000 6311 30.29 41333.122 16.596 0.1095 
150000 6633 30.437 46926.513 17.115 0.1109 
160000 6927 34.599 52662.48 19.706 0.1261 
170000 7202 35.94 58618.342 21.849 0.1311 
180000 7436 43.455 64470.976 24.104 0.1595 
190000 7659 44.974 69948.975 23.523 0.1651 
200000 7891 47.124 75655.875 28.838 0.1726 
210000 8120 42.94 81709.073 26.542 0.1555 
220000 8321 46.311 88333.783 30.044 0.1704 
230000 8511 52.457 95085.618 35.067 0.1932 
240000 8701 51.844 101980.758 35.869 0.1904 
250000 8898 51.208 109425.169 38.916 0.1882 
260000 9090 53.37 117207.903 41.44 0.1703 
270000 9287 48.245 125038.943 37.623 0.1767 
280000 9488 50.553 133147.314 41.463 0.186 
290000 9689 48.718 141343.362 40.34 0.179 
300000 9919 45.169 149779.241 38.533 0.1658 
310000 10139 47.294 158035.63 39.348 0.1733 
320000 10351 47.806 165997.526 38.134 0.1747 
330000 10587 42.483 174057.664 33.614 0.1569 
340000 10811 45.287 182230.551 37.541 0.1673 
350000 11028 46.142 190053.7 35.984 0.1702 
360000 11249 43.998 198256.948 36.091 0.1617 
370000 11464 43.794 206630.401 36.521 0.1612 
380000 11713 40.033 215137.77 32.797 0.1482 
390000 11935 44.883 223463.951 38.118 0.1656 
400000 12149 45.941 231611.138 38.745 0.1688 
410000 12382 40.401 240156.272 36.114 0.1488 
420000 12616 43.025 248621.43 35.92 0.1585 
430000 12830 45.866 257122.553 39.305 0.1689 
440000 13064 41.672 265946.932 36.74 0.1545 
450000 13299 41.85 274762.536 36.034 0.1548 
460000 13535 41.377 283611.644 36.518 0.1529 
470000 13762 41.669 292509.047 37.063 0.1539 
480000 13999 40.798 301286.453 35.199 0.13 
490000 14228 40.705 310026.531 35.647 0.147 
500000 14475 41.087 319098.566 37.114 0.1519 
510000 14710 41.807 327877.853 36.364 0.1543 
520000 14946 41.511 336926.216 36.687 0.1536 
530000 15186 40.896 346028.743 37.079 0.1509 
540000 15424 42.06 354729.859 36.766 0.155 
550000 15651 45.575 363683.898 41.699 0.1682 
560000 15884 43.727 372968.107 41.613 0.1615 
570000 16103 44.812 382271.225 41.598 0.1653 
580000 16338 41.531 391486.455 37.647 0.1529 
590000 16576 44.356 400654.826 38.965 0.1458 
600000 16810 43.844 409917.04 41.181 0.1624 
610000 17059 40.078 419449.282 39.324 0.1458 
620000 17303 41.081 429168.696 39.485 0.1528 
630000 17549 41.404 439129.099 41.535 0.1541 
640000 17794 41.221 448891.91 40.268 0.1414 
650000 18048 40.781 458671.438 40.705 0.1515 
660000 18284 40.854 468690.595 41.501 0.152 
670000 18534 41.145 478843.637 41.553 0.153 
680000 18775 41.082 489122.056 42.614 0.153 
690000 19018 42.158 499485.472 43.979 0.1573 
700000 19260 41.318 509718.522 42.243 0.1542 
710000 19506 40.274 520183.54 42.365 0.1504 
720000 19761 38.892 530585.9 41.049 0.1451 
730000 20006 39.467 540999.475 40.601 0.1475 
740000 20247 40.786 551319.738 42.514 0.1528 
750000 20491 39.954 562029.619 42.517 0.1491 
760000 20749 38.686 572728.239 41.351 0.1442 
770000 20998 40.586 583530.429 44.482 0.1328 
780000 21231 41.342 594242.864 43.988 0.143 
790000 21477 42.347 605191.103 46.509 0.1586 
800000 21726 39.919 616347.987 44.449 0.1496 
810000 21960 41.667 627383.681 46.058 0.1559 
820000 22203 40.998 638610.104 46.717 0.154 
830000 22451 40.555 649901.981 46.327 0.1524 
840000 22695 41.07 661337.816 47.158 0.1541 
850000 22926 45.292 672753.034 52.246 0.1697 
860000 23158 44.815 683982.525 49.453 0.1682 
870000 23399 41.577 695501.684 47.989 0.1559 
880000 23652 41.019 706941.778 47.657 0.1538 
890000 23891 41.525 718549.024 48.053 0.1557 
900000 24141 38.645 730233.704 44.844 0.1457 
910000 24391 41.243 741978.982 48.653 0.156 
920000 24632 41.065 753713.589 48.052 0.1347 
930000 24869 42.176 765524.16 49.201 0.1385 
940000 25101 43.623 777450.322 52.031 0.1433 
950000 25339 42.09 789433.756 50.158 0.1384 
960000 25579 40.919 801482.143 49.296 0.1542 
970000 25811 42.143 813654.742 51.539 0.1484 
980000 26049 42.259 825970.155 52.365 0.1394 
990000 26290 41.787 838442.276 51.852 0.1562 
1000000 26528 41.782 850693.13 51.354 0.1449 
1010000 26768 41.328 863134.953 51.399 0.1363 
1020000 26994 45.123 875590.47 56.013 0.1517 
1030000 27225 41.563 887993.241 52.071 0.1574 
1040000 27471 41.979 900764.869 53.622 0.1509 
1050000 27709 40.324 913704.863 51.924 0.1382 
1060000 27955 40.773 926589.187 52.806 0.1347 
1070000 28201 41.572 939518.483 53.927 0.1374 
1080000 28431 43.847 952537.258 56.97 0.1662 
1090000 28674 41.436 965685.637 54.101 0.1574 
1100000 28921 41.108 978912.391 54.507 0.1564 
1110000 29172 39.36 992364.0 53.487 0.15 
1120000 29409 42.314 1006025.199 57.839 0.1616 
1130000 29651 41.684 1019819.256 57.892 0.1592 
1140000 29887 41.302 1033569.173 57.251 0.1576 
1150000 30129 41.257 1047650.656 57.715 0.1578 
1160000 30367 42.081 1061875.619 60.271 0.1612 
1170000 30603 42.283 1076284.621 60.979 0.1483 
1180000 30843 41.823 1090776.563 61.088 0.1403 
1190000 31094 40.189 1105328.325 58.221 0.1391 
1200000 31334 42.347 1120057.626 62.711 0.1422 
1210000 31574 41.147 1134863.994 60.925 0.138 
1220000 31807 42.903 1149688.699 63.725 0.1649 
1230000 32045 41.636 1164683.06 62.576 0.1498 
1240000 32287 41.036 1179865.867 62.62 0.144 
1250000 32538 39.885 1195150.637 60.932 0.1345 
1260000 32780 41.035 1210495.459 63.163 0.1587 
1270000 33022 41.651 1226049.694 65.071 0.1617 
1280000 33266 40.638 1241910.447 64.777 0.1584 
1290000 33513 40.191 1257755.287 63.824 0.1369 
1300000 33756 41.216 1273852.85 66.898 0.1474 
1310000 34006 39.651 1290221.893 65.152 0.1548 
1320000 34248 41.526 1306753.346 68.573 0.1456 
1330000 34485 42.201 1323225.244 69.285 0.144 
1340000 34721 42.246 1339919.225 70.82 0.1626 
1350000 34962 40.816 1356782.334 68.629 0.1592 
1360000 35204 42.267 1373572.462 70.868 0.1657 
1370000 35446 40.725 1390640.817 69.787 0.1403 
1380000 35690 41.501 1407905.399 71.857 0.1426 
1390000 35933 41.774 1425235.453 72.224 0.1638 
1400000 36173 40.967 1442654.482 71.803 0.1619 
1410000 36411 42.996 1460175.566 74.458 0.17 
1420000 36645 42.627 1477562.218 74.38 0.1674 
1430000 36887 41.233 1495073.353 72.557 0.1623 
1440000 37134 40.543 1512672.971 71.349 0.16 
1450000 37378 41.184 1530312.497 72.945 0.1627 
1460000 37622 41.192 1548003.82 73.191 0.1623 
1470000 37861 41.647 1565790.803 74.774 0.1647 
1480000 38101 41.923 1583598.125 74.482 0.1473 
1490000 38340 41.661 1601330.905 74.103 0.1509 
1500000 38580 41.808 1619263.079 75.496 0.1454 
1510000 38825 40.411 1637279.804 72.737 0.1418 
1520000 39072 41.439 1655310.169 75.006 0.1442 
1530000 39314 41.495 1673516.57 75.594 0.1446 
1540000 39562 41.767 1691605.727 76.277 0.1457 
1550000 39805 41.125 1709980.972 75.78 0.1436 
1560000 40050 40.676 1728368.251 74.406 0.1421 
1570000 40296 39.934 1746801.066 73.284 0.1404 
1580000 40538 41.258 1765401.064 76.755 0.1458 
1590000 40780 41.325 1784053.277 77.359 0.1459 
1600000 41023 41.494 1802704.731 77.56 0.1556 
1610000 41263 41.291 1821301.222 76.673 0.1465 
1620000 41509 41.274 1839794.964 76.967 0.1668 
1630000 41743 43.251 1858579.35 81.315 0.1769 
1640000 41978 42.358 1877347.901 79.787 0.1563 
1650000 42217 42.355 1896134.937 79.402 0.1505 
1660000 42459 41.54 1914782.575 78.098 0.1565 
1670000 42701 41.375 1933582.603 77.651 0.1468 
1680000 42935 43.169 1952363.298 81.609 0.1529 
1690000 43169 42.084 1971297.947 79.824 0.166 
1700000 43407 41.878 1990256.579 79.546 0.1643 
1710000 43651 40.139 2009129.26 75.289 0.1426 
1720000 43895 41.189 2028030.392 78.064 0.1538 
1730000 44136 41.359 2047004.257 78.283 0.1475 
1740000 44377 42.191 2066086.728 80.664 0.1696 
1750000 44616 41.967 2085366.611 80.932 0.1504 
1760000 44854 41.582 2104663.583 80.106 0.149 
1770000 45096 41.665 2123829.374 79.807 0.1594 
1780000 45336 42.022 2142957.408 80.691 0.1511 
1790000 45574 41.194 2162224.72 79.018 0.1682 
1800000 45824 40.482 2181378.175 77.775 0.1469 
1810000 46066 41.838 2200641.036 80.845 0.1715 
1820000 46299 43.252 2220089.042 84.097 0.16 
1830000 46546 38.872 2239327.893 73.416 0.1413 
1840000 46811 39.17 2257684.975 72.735 0.1428 
1850000 47075 37.723 2276215.903 69.84 0.1475 
1860000 47329 39.385 2294977.634 74.096 0.1601 
1870000 47580 39.67 2313912.775 74.657 0.1507 
1880000 47832 40.368 2332773.602 76.381 0.1537 
1890000 48078 40.783 2351946.877 78.558 0.1695 
1900000 48325 40.722 2371236.903 78.858 0.1488 
1910000 48566 41.546 2390661.587 80.747 0.1514 
1920000 48811 40.39 2410188.249 78.947 0.1535 
1930000 49057 40.579 2429461.448 77.876 0.168 
1940000 49299 42.127 2449098.372 83.255 0.1564 
1950000 49543 40.28 2468498.526 77.927 0.1472 
1960000 49789 41.184 2487827.403 80.074 0.1655 
1970000 50025 42.587 2507457.119 82.299 0.1555 
1980000 50268 40.668 2526042.667 74.918 0.1489 
1990000 50507 41.923 2544884.609 80.195 0.1541 
2000000 50742 42.324 2563862.793 80.461 0.1767 
2010000 50984 41.29 2583233.726 80.113 0.1576 
2020000 51225 42.99 2602651.873 84.202 0.1563 
2030000 51446 45.212 2621811.533 86.828 0.1649 
2040000 51681 44.135 2640927.902 83.348 0.1792 
2050000 51898 45.173 2659559.635 84.556 0.1656 
2060000 52140 40.29 2677723.683 72.246 0.1462 
2070000 52392 41.415 2696100.958 77.094 0.15 
2080000 52638 39.383 2714737.874 72.994 0.1426 
2090000 52902 38.26 2733180.049 71.217 0.1571 
2100000 53154 40.341 2751967.25 75.542 0.1455 
2110000 53405 39.862 2770776.212 74.597 0.1436 
2120000 53657 39.446 2789731.391 74.894 0.1427 
2130000 53908 40.806 2808797.717 77.839 0.1483 
2140000 54155 39.892 2828008.72 76.574 0.1466 
2150000 54397 41.184 2847268.624 79.585 0.1506 
2160000 54638 41.113 2866703.036 80.155 0.1629 
2170000 54879 41.574 2886309.378 81.747 0.1717 
2180000 55111 43.546 2905779.85 84.261 0.1738 
2190000 55353 39.631 2924357.886 72.591 0.1457 
2200000 55580 44.951 2943534.502 87.106 0.1853 
2210000 55813 42.689 2962551.105 80.244 0.1579 
2220000 56028 46.861 2981010.535 85.664 0.1789 
2230000 56243 48.06 2999260.856 86.674 0.1761 
2240000 56454 48.69 3017605.361 89.265 0.2041 
2250000 56663 47.73 3036239.858 88.202 0.1756 
2260000 56876 46.251 3055066.885 87.508 0.1696 
2270000 57093 47.321 3074022.543 89.428 0.1737 
2280000 57298 49.791 3092874.489 93.621 0.1829 
2290000 57504 48.264 3111883.886 91.272 0.2017 
2300000 57715 46.488 3130796.493 88.258 0.1719 
2310000 57933 44.755 3149929.55 85.513 0.1647 
2320000 58146 47.809 3169083.391 91.474 0.1756 
2330000 58366 45.08 3188269.8 86.339 0.1646 
2340000 58590 43.868 3207675.425 84.805 0.1739 
2350000 58818 45.689 3226875.234 87.886 0.1916 
2360000 59049 42.314 3246163.278 81.359 0.1563 
2370000 59283 42.536 3265160.546 80.758 0.1675 
2380000 59507 44.264 3284250.574 83.535 0.1663 
2390000 59746 41.323 3303045.426 77.878 0.1519 
2400000 59991 41.15 3321625.325 77.021 0.1511 
2410000 60231 42.454 3340286.095 79.056 0.1562 
2420000 60471 41.167 3358991.974 76.923 0.1524 
2430000 60703 44.099 3377996.37 83.72 0.1624 
2440000 60925 45.222 3396978.007 85.54 0.1734 
2450000 61146 44.803 3416190.833 85.866 0.1838 
2460000 61365 45.707 3435681.738 89.391 0.1704 
2470000 61597 42.222 3454777.585 80.023 0.1657 
2480000 61825 43.356 3474244.172 84.282 0.1614 
2490000 62039 46.181 3493704.062 89.612 0.1939 
2500000 62259 45.522 3513052.345 87.615 0.1696 
2510000 62473 45.804 3531998.716 86.559 0.1715 
2520000 62705 43.737 3550179.411 78.55 0.1618 
2530000 62915 51.773 3568748.772 97.53 0.2129 
2540000 63127 45.031 3587638.03 84.82 0.1641 
2550000 63340 45.218 3606448.465 83.732 0.1641 
2560000 63594 40.464 3623909.554 69.847 0.1473 
2570000 63785 55.468 3642397.519 103.514 0.2016 
2580000 63980 52.394 3660822.806 96.596 0.1904 
2590000 64189 46.035 3678279.351 80.474 0.1673 
2600000 64394 51.675 3696441.963 96.631 0.1935 
2610000 64555 61.268 3714241.792 104.827 0.2226 
2620000 64751 55.078 3732180.914 101.551 0.1983 
2630000 64920 52.882 3750956.4 98.78 0.2061 
2640000 65092 56.626 3769891.441 106.735 0.2338 
2650000 65276 55.865 3788444.958 103.642 0.2036 
2660000 65480 50.692 3806572.197 93.623 0.1837 
2670000 65664 57.141 3825579.221 108.822 0.2074 
2680000 65866 48.925 3843905.967 89.532 0.2019 
2690000 66014 65.326 3862510.072 121.868 0.2722 
2700000 66195 56.403 3881230.066 106.753 0.2093 
2710000 66366 54.553 3900321.047 102.781 0.2006 
2720000 66540 60.415 3919071.304 113.55 0.2432 
2730000 66707 55.689 3937922.86 105.09 0.2324 
2740000 66853 71.917 3956905.609 137.502 0.2836 
2750000 66979 76.366 3976609.28 150.165 0.3069 
2760000 67128 78.595 3996295.429 157.264 0.3287 
2770000 67202 123.889 4016865.377 252.838 0.4904 
2780000 67293 100.656 4036852.302 201.24 0.3939 
2790000 67373 129.153 4056890.763 259.429 0.4831 
2800000 67428 167.903 4077718.409 346.65 0.6241 
2810000 67547 69.422 4092772.778 114.787 0.2597 
2820000 67643 108.739 4112154.304 210.613 0.3973 
2830000 67816 50.726 4129537.667 83.051 0.184 
2840000 67990 58.787 4147108.705 104.908 0.2227 
2850000 68025 185.933 4167787.081 377.855 0.7015 
2860000 68107 138.721 4187573.734 277.149 0.5456 
2870000 68236 86.009 4206050.371 160.557 0.3549 
2880000 68366 77.724 4224797.058 146.398 0.3216 
2890000 68488 85.602 4244258.998 167.264 0.3451 
2900000 68641 58.37 4261818.699 99.381 0.2177 
2910000 68782 81.221 4280266.245 152.079 0.3347 
2920000 68914 66.632 4298337.689 118.678 0.2599 
2930000 69026 87.654 4316458.762 158.714 0.3412 
2940000 69127 95.624 4335177.49 179.244 0.3917 
2950000 69211 123.675 4355090.046 245.966 0.4619 
2960000 69251 195.776 4376779.222 414.867 0.7188 
2970000 69403 67.745 4395651.491 128.408 0.2476 
2980000 69560 68.052 4413988.081 125.95 0.2583 
2990000 69649 115.354 4434152.123 233.814 0.4508 
3000000 69727 122.817 4455046.598 254.353 0.4913 
3010000 69823 111.113 4475317.288 227.287 0.4597 
3020000 69888 154.473 4496506.063 326.524 0.6383 
3030000 69984 104.502 4516652.282 211.558 0.4343 
3040000 70139 49.806 4535306.967 87.037 0.2061 
3050000 70315 70.112 4553529.02 134.453 0.2923 
3060000 70529 54.975 4569921.19 94.144 0.2294 
3070000 70614 114.317 4589803.87 226.895 0.4772 
3080000 70677 141.141 4610121.38 284.3 0.5895 
3090000 70826 81.644 4628013.757 153.511 0.3417 
3100000 70894 129.046 4647894.776 252.995 0.5297 
3110000 70987 106.901 4667093.075 204.884 0.4402 
3120000 71093 101.229 4685839.883 193.363 0.4214 
3130000 71196 78.584 4705404.156 148.06 0.3111 
3140000 71462 40.601 4720428.397 62.78 0.1483 
3150000 71720 34.094 4735955.445 50.177 0.1243 
3160000 71828 100.683 4753989.338 180.199 0.3669 
3170000 71899 144.897 4773330.296 281.184 0.5265 
3180000 71932 221.699 4795311.109 467.632 0.8085 
3190000 72008 138.446 4815633.006 282.661 0.5029 
3200000 72120 106.09 4835255.9 213.046 0.3856 
3210000 72229 92.626 4854909.893 182.517 0.3357 
3220000 72334 98.307 4874504.423 193.72 0.374 
3230000 72502 57.413 4891972.978 100.338 0.2098 
3240000 72631 85.044 4911101.654 167.279 0.3082 
3250000 72728 97.014 4931756.546 197.582 0.352 
3260000 72847 81.433 4951272.089 157.503 0.2951 
3270000 73006 65.37 4969664.66 121.868 0.2363 
3280000 73182 58.313 4987412.56 104.385 0.2109 
3290000 73349 59.956 5005347.742 108.015 0.2171 
3300000 73534 60.006 5022774.849 107.805 0.2173 
3310000 73695 64.383 5040632.272 114.939 0.2337 
3320000 73850 63.624 5059391.173 119.071 0.2305 
3330000 74039 56.87 5076870.751 101.39 0.2305 
3340000 74184 68.718 5096035.985 131.121 0.2708 
3350000 74327 66.772 5114827.556 122.241 0.2607 
3360000 74481 63.568 5133159.855 117.146 0.2303 
3370000 74565 115.616 5153516.239 233.92 0.4232 
3380000 74689 69.258 5172265.078 126.219 0.2762 
3390000 74866 63.487 5189085.546 109.158 0.2313 
3400000 74957 109.051 5207621.028 204.391 0.3929 
3410000 75032 124.606 5225814.821 232.199 0.4685 
3420000 75119 108.981 5244894.879 204.303 0.396 
3430000 75183 142.117 5263545.142 263.783 0.5126 
3440000 75260 128.949 5282195.836 241.097 0.4721 
3450000 75392 77.465 5300487.835 142.703 0.2796 
3460000 75498 91.597 5319908.895 176.662 0.33 
3470000 75639 72.331 5338166.9 131.913 0.2616 
3480000 75791 72.112 5355439.064 128.688 0.2604 
3490000 75902 88.908 5374373.362 168.043 0.3593 
3500000 76047 70.505 5392043.249 127.042 0.2846 
3510000 76148 90.589 5411079.727 170.024 0.3311 
3520000 76276 71.156 5428862.376 123.583 0.2874 
3530000 76416 66.838 5446384.164 116.302 0.2752 
3540000 76571 64.324 5464066.838 113.307 0.256 
3550000 76724 64.209 5481993.248 114.364 0.2564 
3560000 76934 47.27 5498101.268 75.812 0.1718 
3570000 77122 55.83 5514650.126 93.133 0.2015 
3580000 77288 62.047 5531077.075 103.371 0.2316 
3590000 77409 81.089 5549386.496 148.145 0.2942 
3600000 77518 89.79 5568133.848 167.671 0.3253 
3610000 77635 85.291 5586829.819 159.358 0.3169 
3620000 77786 64.443 5604563.919 114.361 0.2418 
3630000 77929 84.607 5622667.309 158.604 0.3412 
3640000 78024 100.964 5640623.114 177.47 0.3846 
3650000 78133 86.957 5658760.115 157.761 0.3562 
3660000 78210 119.375 5678599.07 234.402 0.4751 
3670000 78311 105.67 5698114.539 206.556 0.3879 
3680000 78413 96.908 5716833.848 181.806 0.3942 
3690000 78533 88.114 5734626.67 158.225 0.3552 
3700000 78621 126.754 5752269.734 224.075 0.5127 
3710000 78699 120.864 5769691.94 210.133 0.4997 
3720000 78751 177.246 5789342.183 340.943 0.7375 
3730000 78883 64.793 5807612.187 113.274 0.2466 
3740000 79064 56.898 5823364.722 90.823 0.207 
3750000 79279 44.338 5839018.292 68.971 0.1606 
3760000 79507 50.096 5852874.436 73.608 0.1819 
3770000 79721 42.901 5868919.957 66.954 0.1597 
3780000 79913 63.925 5885069.749 104.934 0.2319 
3790000 80025 95.631 5899509.942 135.605 0.3464 
3800000 80140 83.091 5917485.987 145.304 0.3118 
3810000 80253 94.978 5935258.68 172.357 0.3883 
3820000 80361 88.029 5953221.631 156.577 0.3657 
3830000 80481 87.898 5971019.024 159.834 0.3649 
3840000 80579 97.749 5990328.836 186.809 0.397 
3850000 80714 76.0 6008495.766 140.851 0.3103 
3860000 80921 52.436 6025467.705 90.516 0.2136 
3870000 81036 84.756 6044419.732 158.983 0.35 
3880000 81171 71.602 6061877.312 125.053 0.2991 
3890000 81298 87.9 6080026.466 162.263 0.3662 
3900000 81364 142.337 6099075.086 271.329 0.5891 
3910000 81447 119.423 6116887.686 212.654 0.4968 
3920000 81516 132.274 6129172.597 184.81 0.5306 
3930000 81634 90.735 6147186.989 159.189 0.3749 
3940000 81766 70.588 6165448.735 126.686 0.2947 
3950000 81927 58.241 6182643.635 97.366 0.2375 
3960000 82192 35.52 6196205.183 47.143 0.1294 
3970000 82384 75.176 6211724.775 127.968 0.2741 
3980000 82479 95.466 6228750.332 159.91 0.3615 
3990000 82538 144.796 6247482.189 263.325 0.5313 
4000000 82617 120.23 6266420.406 223.51 0.4834 
4010000 82739 85.301 6283569.316 147.352 0.3158 
4020000 82924 45.052 6299827.895 69.319 0.1641 
4030000 83153 53.428 6314985.069 86.622 0.1949 
4040000 83307 64.559 6331820.744 106.839 0.2477 
4050000 83470 62.49 6348867.049 109.797 0.2287 
4060000 83625 71.845 6366822.639 131.46 0.2621 
4070000 83764 71.387 6384568.265 123.84 0.2604 
4080000 83935 62.734 6400540.962 100.85 0.229 
4090000 84039 103.841 6418098.09 184.637 0.3805 
4100000 84066 208.326 6437665.653 396.477 0.7623 
4110000 84136 177.225 6456921.438 344.608 0.7063 
4120000 84264 70.033 6475199.04 125.422 0.2661 
4130000 84485 45.643 6491178.62 72.772 0.1685 
4140000 84663 51.696 6508812.092 90.239 0.2129 
4150000 84863 51.393 6525505.822 81.872 0.2078 
4160000 84994 69.45 6542558.233 119.186 0.2642 
4170000 85151 64.558 6559786.214 110.968 0.2604 
4180000 85261 84.848 6578515.384 156.08 0.3237 
4190000 85359 110.014 6597682.24 213.019 0.4156 
4200000 85535 64.537 6614013.993 108.978 0.258 
4210000 85636 107.646 6632193.513 197.105 0.441 
4220000 85781 59.994 6649124.028 96.955 0.2484 
4230000 85918 77.999 6666674.671 139.135 0.3276 
4240000 85998 123.132 6685597.694 233.371 0.5154 
4250000 86043 181.084 6705566.028 356.593 0.7608 
4260000 86114 148.534 6724117.355 279.964 0.6236 
4270000 86141 253.305 6744501.268 503.65 1.063 
4280000 86158 341.651 6765336.532 694.498 1.4297 
4290000 86200 279.597 6785664.925 568.086 1.1747 
4300000 86281 158.089 6805171.394 313.589 0.646 
4310000 86332 176.174 6825481.748 353.759 0.6898 
4320000 86359 256.481 6846450.118 528.623 1.0499 
4330000 86393 270.784 6868009.26 571.61 1.0837 
4340000 86469 156.425 6888184.309 319.237 0.608 
4350000 86585 79.347 6907114.831 146.21 0.2944 
4360000 86746 64.353 6924554.405 113.989 0.2678 
4370000 86945 54.509 6940821.78 91.68 0.2295 
4380000 87043 99.583 6960228.644 192.999 0.4185 
4390000 87144 99.903 6979576.601 192.747 0.4141 
4400000 87257 95.012 6997221.274 167.946 0.3957 
4410000 87336 116.655 7015734.36 213.329 0.4889 
4420000 87426 111.782 7033180.472 194.477 0.4689 
4430000 87534 94.014 7049798.814 161.152 0.3949 
4440000 87653 74.694 7067275.013 127.018 0.3151 
4450000 87838 57.674 7082611.546 90.031 0.2296 
4460000 88004 60.896 7098740.496 99.245 0.255 
4470000 88165 68.694 7114478.875 108.344 0.2704 
4480000 88331 55.133 7129587.369 80.527 0.2315 
4490000 88488 64.172 7144842.773 100.182 0.2704 
4500000 88635 63.53 7161097.235 101.362 0.249 
4510000 88871 38.742 7175556.324 53.686 0.1632 
4520000 89013 76.935 7191250.133 121.702 0.3132 
4530000 89163 60.732 7207211.452 93.697 0.2527 
4540000 89338 59.21 7221432.51 84.308 0.2499 
4550000 89468 81.599 7237238.397 131.746 0.3318 
4560000 89656 54.662 7252756.015 85.315 0.2283 
4570000 89812 71.098 7268766.157 114.481 0.2744 
4580000 89924 92.645 7285014.225 150.304 0.3813 
4590000 90067 79.154 7301551.84 132.375 0.3282 
4600000 90162 102.508 7318485.588 174.361 0.4302 
4610000 90348 56.565 7334465.168 91.005 0.2382 
4620000 90428 134.339 7353117.478 252.605 0.5656 
4630000 90520 112.513 7371065.34 203.146 0.4452 
4640000 90579 158.427 7390025.388 298.696 0.6352 
4650000 90670 113.349 7408159.613 205.361 0.4295 
4660000 90788 92.079 7425281.245 162.15 0.3402 
4670000 90896 92.893 7443022.872 165.186 0.3525 
4680000 91014 81.558 7460764.504 143.415 0.3307 
4690000 91171 71.036 7477547.039 121.629 0.2678 
4700000 91298 60.096 7495005.006 99.021 0.2251 
4710000 91597 34.521 7508154.424 46.725 0.1271 
4720000 91772 64.889 7524533.077 109.558 0.272 
4730000 91916 61.104 7541562.868 101.614 0.2264 
4740000 92085 66.599 7558346.515 114.968 0.279 
4750000 92227 69.11 7575338.152 116.398 0.2875 
4760000 92367 72.465 7592533.847 125.861 0.3051 
4770000 92529 57.971 7610494.37 102.593 0.2423 
4780000 92664 77.659 7628722.457 141.601 0.3284 
4790000 92764 104.816 7647375.098 195.204 0.4062 
4800000 92827 146.709 7666470.152 279.256 0.6062 
4810000 92949 81.893 7684944.293 151.471 0.3391 
4820000 93088 78.294 7702982.169 141.318 0.2934 
4830000 93172 110.232 7721608.384 204.789 0.4108 
4840000 93284 87.67 7740028.272 160.978 0.3295 
4850000 93430 64.927 7757637.628 113.036 0.2612 
4860000 93539 97.99 7776083.168 180.991 0.3705 
4870000 93629 97.811 7794712.2 179.661 0.3646 
4880000 93722 106.365 7812663.78 191.408 0.3964 
4890000 93812 104.875 7830990.364 190.743 0.3907 
4900000 93907 115.22 7847622.162 188.342 0.462 
4910000 93981 129.247 7866865.164 240.986 0.5227 
4920000 94154 51.217 7883444.14 82.323 0.2119 
4930000 94444 33.775 7896441.766 44.988 0.1257 
4940000 94493 164.179 7913786.847 280.028 0.6298 
4950000 94582 111.7 7930709.279 193.077 0.463 
4960000 94669 119.603 7947765.444 206.19 0.4943 
4970000 94807 75.739 7964776.856 126.676 0.3007 
4980000 94894 96.327 7981502.865 162.556 0.372 
4990000 95028 68.616 7999107.048 116.982 0.2851 
5000000 95169 72.301 8016034.017 121.148 0.3023 
