1000 1 20.0 418.741 8.375 0.0269 0.0 
2000 2 39.6 848.344 16.799 0.0532 0.0 
3000 3 58.808 1287.355 25.244 0.0801 0.0 
4000 4 77.632 1670.817 32.408 0.1074 0.0 
5000 5 96.079 2066.7 39.677 0.1347 0.0 
6000 6 114.158 2497.123 47.492 0.1601 0.0 
7000 7 131.874 2928.054 55.161 0.1836 0.0 
8000 8 149.237 3325.96 62.016 0.2084 0.0 
9000 9 154.632 3792.227 65.015 0.2159 0.0 
10000 10 171.54 4220.832 72.401 0.24 0.0 
11000 11 188.109 4622.588 79.376 0.2632 0.0 
12000 12 204.347 5023.904 85.66 0.2849 0.0 
13000 13 220.26 5445.326 92.109 0.3082 0.0 
14000 14 235.854 5840.371 98.633 0.3335 0.0 
15000 15 251.137 6258.349 104.691 0.3563 0.0 
16000 16 266.115 6667.733 110.73 0.3787 0.0 
17000 18 278.217 7016.67 115.46 0.4129 0.0 
18000 22 278.839 7275.026 112.132 0.5025 0.0 
19000 23 293.262 7579.04 116.645 0.6235 0.0 
20000 24 307.397 7742.887 117.906 0.7328 0.0 
21000 25 321.249 8102.743 121.801 0.8321 0.0 
22000 26 334.824 8545.654 127.334 0.9357 0.0 
23000 44 251.84 8947.723 96.372 0.7606 0.0 
24000 67 171.97 9296.648 65.017 0.5496 0.0 
25000 71 179.24 9724.137 68.924 0.6095 0.0 
26000 72 177.055 10184.885 68.127 0.6036 0.0 
27000 75 187.296 10662.52 73.469 0.6629 0.0 
28000 77 199.879 11132.293 80.2 0.7375 0.0 
29000 80 208.124 11630.203 84.888 0.7864 0.0 
30000 92 195.813 12093.022 82.346 0.7663 0.0 
31000 93 192.297 12586.746 80.771 0.7528 0.0 
32000 97 211.43 13071.593 91.455 0.8512 0.0 
33000 100 220.571 13536.292 95.907 0.9096 0.0 
34000 101 236.159 14026.636 103.818 0.9952 0.0 
35000 102 251.436 14514.96 111.634 1.0676 0.0 
36000 103 266.408 15081.341 120.725 1.1385 0.0 
37000 104 281.079 15578.631 128.084 1.2158 0.0 
38000 107 284.864 15942.463 128.2 1.2446 0.0 
39000 108 299.166 16503.042 136.823 1.3116 0.0 
40000 109 313.183 16901.126 142.031 1.3779 0.0 
41000 110 326.919 17428.29 149.722 1.4426 0.0 
42000 111 339.301 18025.123 158.082 1.501 0.0 
43000 112 352.515 18612.426 166.643 1.5638 0.0 
44000 113 365.465 19090.023 172.807 1.6255 0.0 
45000 114 368.615 19568.199 174.199 1.6415 0.0 
46000 115 381.243 20015.696 180.253 1.7019 0.0 
47000 116 393.618 20503.078 185.537 1.7661 0.0 
48000 117 405.746 20996.016 191.587 1.8241 0.0 
49000 118 417.631 21427.664 196.845 1.8802 0.0 
50000 119 429.278 21907.607 202.371 1.9354 0.0 
51000 120 440.693 22362.39 207.465 1.9895 0.0 
52000 121 451.879 22863.289 212.288 2.0425 0.0 
53000 122 455.981 23371.838 215.656 2.0622 0.0 
54000 124 457.924 23897.578 216.992 2.073 0.0 
55000 127 461.467 24474.124 221.357 2.0925 0.0 
56000 129 468.533 25055.732 227.316 2.1367 0.0 
57000 130 479.162 25660.471 234.891 2.201 0.0 
58000 131 489.579 26161.68 240.227 2.2504 0.0 
59000 133 478.825 26727.643 235.711 2.2014 0.0 
60000 134 489.248 27276.292 241.358 2.2623 0.0 
61000 135 499.463 27727.286 248.164 2.3153 0.0 
62000 136 509.474 28194.434 250.532 2.3625 0.0 
63000 137 519.284 28767.336 256.232 2.4078 0.0 
64000 140 508.766 29340.577 253.174 2.359 0.0 
65000 141 518.591 29812.986 258.416 2.4049 0.0 
66000 143 524.374 30263.559 260.032 2.4321 0.0 
67000 144 533.887 30728.809 264.105 2.4766 0.0 
68000 146 532.745 31254.041 264.408 2.4719 0.0 
69000 149 511.396 31743.046 253.529 2.3731 0.0 
70000 151 522.324 32149.463 257.376 2.4244 0.0 
71000 152 531.878 32541.714 259.921 2.4693 0.0 
72000 156 500.186 33057.711 244.304 2.3225 0.0 
73000 157 510.182 33655.459 250.621 2.3687 0.0 
74000 158 519.979 34273.393 257.93 2.415 0.0 
75000 160 515.662 34812.031 257.507 2.3955 0.0 
76000 161 525.349 35394.247 263.1 2.4419 0.0 
77000 162 531.482 35981.529 267.62 2.4707 0.0 
78000 164 545.735 36598.268 278.301 2.5388 0.0 
79000 167 532.077 37201.486 273.251 2.4753 0.0 
80000 168 541.436 37632.244 276.663 2.5194 0.0 
81000 169 550.607 38082.245 279.529 2.5623 0.0 
82000 170 559.595 38667.332 286.35 2.6043 0.0 
83000 171 568.403 39106.687 289.278 2.6453 0.0 
84000 172 574.295 39618.071 292.482 2.673 0.0 
85000 173 582.809 40077.589 295.145 2.7184 0.0 
86000 175 580.37 40630.159 295.649 2.7068 0.0 
87000 176 588.762 40994.804 297.601 2.7466 0.0 
88000 177 583.587 41416.708 293.973 2.7226 0.0 
89000 178 591.915 42042.637 296.613 2.7655 0.0 
90000 179 600.077 42592.019 303.339 2.8032 0.0 
91000 180 608.076 43023.733 308.155 2.8409 0.0 
92000 181 615.914 43638.78 310.622 2.8779 0.0 
93000 182 623.596 44118.625 316.738 2.9132 0.0 
94000 183 631.124 44582.81 319.948 2.9484 0.0 
95000 184 638.501 45023.504 322.871 2.9828 0.0 
96000 186 651.997 45567.31 329.192 3.0461 0.0 
97000 187 658.957 46103.769 333.413 3.0789 0.0 
98000 188 665.778 46561.086 335.892 3.1107 0.0 
99000 189 672.462 47012.882 338.116 3.1421 0.0 
100000 190 675.673 47613.761 341.377 3.1615 0.0 
101000 193 644.975 48251.173 326.458 3.0263 0.0 
102000 195 643.554 48826.235 329.423 3.0359 0.0 
103000 196 650.683 49350.534 331.63 3.0734 0.0 
104000 198 650.024 49940.433 334.242 3.0707 0.0 
105000 199 657.024 50444.538 337.191 3.1035 0.0 
106000 200 650.823 51105.823 334.914 3.0739 0.0 
107000 202 650.871 51692.636 337.751 3.0737 0.0 
108000 206 626.377 52223.13 325.99 2.957 0.0 
109000 209 603.809 52826.289 315.914 2.8498 0.0 
110000 211 603.038 53284.487 314.414 2.8454 0.0 
111000 213 599.438 53875.759 313.412 2.8277 0.0 
112000 214 597.269 54407.748 313.306 2.8168 0.0 
113000 216 600.737 54983.227 315.489 2.8322 0.0 
114000 217 603.982 55497.436 317.672 2.8474 0.0 
115000 218 608.423 56021.065 319.019 2.8683 0.0 
116000 222 589.107 56513.426 308.829 2.7765 0.0 
117000 224 586.018 57010.349 306.601 2.7617 0.0 
118000 227 574.416 57633.291 302.479 2.7068 0.0 
119000 230 548.517 58217.129 289.085 2.5845 0.0 
120000 231 557.546 58808.019 295.276 2.6265 0.0 
121000 233 555.468 59269.952 295.223 2.6167 0.0 
122000 234 564.358 59675.052 297.369 2.6593 0.0 
123000 237 561.065 60260.62 295.055 2.6538 0.0 
124000 238 558.803 60665.758 294.215 2.6465 0.0 
125000 239 567.627 61054.938 295.453 2.6876 0.0 
126000 240 576.275 61546.688 296.923 2.7286 0.0 
127000 241 584.749 62186.328 302.838 2.7786 0.0 
128000 242 593.054 62638.849 309.4 2.8167 0.0 
129000 244 595.429 63147.465 308.031 2.8275 0.0 
130000 245 594.001 63569.746 307.945 2.8204 0.0 
131000 246 602.121 63926.955 309.566 2.8589 0.0 
132000 250 583.199 64496.128 297.899 2.7687 0.0 
133000 251 591.535 64988.442 301.256 2.8079 0.0 
134000 252 599.704 65648.293 308.607 2.8459 0.0 
135000 253 607.71 66132.539 312.587 2.884 0.0 
136000 255 610.444 66599.351 313.535 2.9174 0.0 
137000 265 515.792 67117.609 264.991 2.475 0.0 
138000 268 506.889 67726.939 262.423 2.4303 0.0 
139000 269 516.751 68135.42 265.371 2.4757 0.0 
140000 270 526.416 68622.467 269.795 2.5201 0.0 
141000 271 535.888 69302.13 277.982 2.5637 0.0 
142000 273 530.907 69908.737 276.734 2.5382 0.0 
143000 274 529.968 70506.057 277.474 2.5326 0.0 
144000 277 531.817 71061.571 279.735 2.5415 0.0 
145000 279 527.621 71699.109 279.591 2.5343 0.0 
146000 280 537.068 72086.51 281.357 2.5938 0.0 
147000 281 546.327 72578.668 285.882 2.6454 0.0 
148000 283 537.107 73145.772 281.271 2.5989 0.0 
149000 284 546.364 73649.535 285.561 2.6406 0.0 
150000 286 552.648 74286.859 291.995 2.6687 0.0 
151000 287 561.595 74799.49 296.191 2.7114 0.0 
152000 288 562.944 75450.742 298.957 2.7156 0.0 
153000 289 571.685 76043.457 304.485 2.7548 0.0 
154000 290 580.251 76543.712 308.509 2.7933 0.0 
155000 291 588.646 77168.116 314.903 2.8316 0.0 
156000 292 596.873 77731.957 321.519 2.8691 0.0 
157000 293 604.936 78162.36 323.104 2.9058 0.0 
158000 294 612.837 78652.249 325.473 2.9413 0.0 
159000 295 620.58 79182.394 329.294 2.9761 0.0 
160000 296 628.168 79837.984 336.155 3.0107 0.0 
161000 297 635.605 80365.593 339.773 3.0448 0.0 
162000 298 642.893 81002.967 345.542 3.0782 0.0 
163000 299 650.035 81576.101 350.833 3.1112 0.0 
164000 301 644.674 82161.598 348.554 3.0847 0.0 
165000 303 641.705 82720.639 347.584 3.0692 0.0 
166000 305 636.753 83316.258 345.799 3.0441 0.0 
167000 306 644.018 83821.286 348.878 3.0768 0.0 
168000 307 651.138 84539.662 356.429 3.1086 0.0 
169000 308 658.115 85160.308 361.442 3.1401 0.0 
170000 310 643.762 85806.417 354.755 3.0704 0.0 
171000 314 621.752 86408.161 344.709 2.9625 0.0 
172000 315 617.317 86898.836 342.377 2.941 0.0 
173000 319 603.576 87516.597 334.866 2.8887 0.0 
174000 323 575.55 88160.676 320.988 2.7594 0.0 
175000 326 558.538 88820.881 313.098 2.6759 0.0 
176000 328 551.313 89471.64 310.465 2.6403 0.0 
177000 331 541.242 90105.753 306.529 2.59 0.0 
178000 332 550.417 90665.066 311.763 2.632 0.0 
179000 334 553.771 91163.787 312.646 2.6466 0.0 
180000 335 546.095 91693.464 308.33 2.6096 0.0 
181000 336 555.173 92281.442 312.292 2.6521 0.0 
182000 337 561.75 92751.535 316.858 2.6828 0.0 
183000 339 572.625 93398.732 322.517 2.7331 0.0 
184000 340 567.092 93925.871 319.699 2.7061 0.0 
185000 341 575.75 94350.664 323.822 2.7461 0.0 
186000 342 584.235 94761.562 325.837 2.7944 0.0 
187000 346 574.098 95371.881 318.19 2.743 0.0 
188000 347 582.616 95925.373 322.961 2.7824 0.0 
189000 349 576.928 96528.293 320.602 2.7541 0.0 
190000 350 585.39 97059.509 325.022 2.7931 0.0 
191000 353 570.322 97655.114 317.226 2.72 0.0 
192000 356 559.843 98279.918 313.111 2.6685 0.0 
193000 365 486.022 98869.177 272.429 2.3152 0.0 
194000 366 476.821 99504.23 267.174 2.2712 0.0 
195000 367 487.285 100129.405 274.608 2.3195 0.0 
196000 368 497.539 100740.601 281.581 2.367 0.0 
197000 369 507.588 101312.078 288.162 2.4138 0.0 
198000 370 517.437 101861.11 293.831 2.4597 0.0 
199000 372 529.786 102496.381 301.74 2.5169 0.0 
200000 373 526.17 103094.114 299.742 2.4992 0.0 
201000 375 534.994 103652.742 304.978 2.5399 0.0 
202000 376 544.294 104133.543 308.023 2.5837 0.0 
203000 377 553.408 104685.058 313.057 2.626 0.0 
204000 379 557.893 105300.969 316.941 2.6461 0.0 
205000 380 566.735 105873.844 321.887 2.6875 0.0 
206000 381 575.401 106385.984 326.189 2.728 0.0 
207000 384 558.622 107051.205 317.853 2.6477 0.0 
208000 385 567.449 107695.075 324.66 2.6887 0.0 
209000 386 576.1 108297.241 330.015 2.7292 0.0 
210000 387 584.578 108748.615 332.651 2.7713 0.0 
211000 388 592.887 109217.904 335.608 2.8214 0.0 
212000 389 601.029 109720.561 338.81 2.8597 0.0 
213000 390 599.408 110229.042 337.199 2.857 0.0 
214000 391 607.42 110648.206 341.544 2.9091 0.0 
215000 392 615.272 111109.569 341.494 2.9521 0.0 
216000 393 622.966 111721.173 344.32 2.9878 0.0 
217000 394 630.507 112316.316 351.508 3.0222 0.0 
218000 395 637.897 113009.599 356.053 3.0562 0.0 
219000 396 645.139 113585.208 363.409 3.0891 0.0 
220000 397 652.236 114114.671 365.4 3.1218 0.0 
221000 398 659.191 114523.196 368.96 3.1536 0.0 
222000 399 666.008 115002.97 369.71 3.1856 0.0 
223000 401 672.554 115607.769 373.102 3.2159 0.0 
224000 402 679.103 116146.462 376.612 3.2465 0.0 
225000 403 685.52 116836.036 382.74 3.2762 0.0 
226000 404 691.81 117521.995 388.978 3.3127 0.0 
227000 405 689.574 118200.126 389.322 3.3025 0.0 
228000 406 695.782 118867.685 395.725 3.3307 0.0 
229000 407 698.007 119575.336 397.466 3.3409 0.0 
230000 408 704.047 120322.929 404.903 3.3685 0.0 
231000 409 709.966 121060.997 411.215 3.3957 0.0 
232000 411 714.911 121711.228 417.866 3.4176 0.0 
233000 412 720.613 122499.29 425.258 3.4439 0.0 
234000 413 726.201 123227.997 431.324 3.4695 0.0 
235000 414 731.677 123910.549 436.394 3.4973 0.0 
236000 415 721.323 124774.685 430.151 3.4502 0.0 
237000 420 684.908 125396.02 413.817 3.2791 0.0 
238000 421 675.69 126216.989 408.088 3.2346 0.0 
239000 422 682.176 127055.937 417.547 3.2639 0.0 
240000 423 688.533 127782.541 425.116 3.2926 0.0 
241000 424 694.762 128613.134 431.166 3.3207 0.0 
242000 426 694.89 129298.692 435.419 3.3188 0.0 
243000 427 700.992 130058.733 442.81 3.348 0.0 
244000 428 706.972 130693.261 446.35 3.3932 0.0 
245000 429 712.833 131333.47 451.068 3.4223 0.0 
246000 430 718.576 132109.092 456.119 3.4504 0.0 
247000 431 724.204 132828.642 461.491 3.4756 0.0 
248000 432 729.72 133516.19 466.604 3.5063 0.0 
249000 433 724.406 134271.979 463.38 3.4862 0.0 
250000 434 729.918 135102.45 469.309 3.524 0.0 
251000 435 735.319 135982.331 476.572 3.5629 0.0 
252000 436 740.613 136532.312 484.64 3.6014 0.0 
253000 437 745.801 137210.46 485.817 3.6247 0.0 
254000 438 750.885 137943.136 489.736 3.6471 0.0 
255000 439 755.867 138690.353 494.65 3.6859 0.0 
256000 441 754.315 139459.089 496.373 3.6804 0.0 
257000 442 754.308 140166.905 497.907 3.678 0.0 
258000 443 759.222 140870.963 500.71 3.6989 0.0 
259000 444 764.038 141609.878 506.795 3.7193 0.0 
260000 445 768.757 142349.792 510.754 3.7395 0.0 
261000 447 767.674 143115.768 512.607 3.7301 0.0 
262000 448 772.321 143956.833 519.295 3.7497 0.0 
263000 449 776.874 144643.404 523.005 3.7697 0.0 
264000 450 781.337 145303.911 525.33 3.7893 0.0 
265000 451 785.71 145880.505 527.285 3.8084 0.0 
266000 452 789.996 146530.377 529.402 3.8274 0.0 
267000 453 794.196 147209.2 532.424 3.8457 0.0 
268000 454 798.312 147908.93 535.777 3.8639 0.0 
269000 455 802.346 148630.965 539.32 3.8817 0.0 
270000 456 806.299 149318.44 542.647 3.8998 0.0 
271000 457 810.173 150025.281 545.833 3.9172 0.0 
272000 458 813.97 150755.171 548.726 3.9439 0.0 
273000 459 817.69 151592.237 555.263 3.9728 0.0 
274000 460 821.336 152176.388 555.301 3.998 0.0 
275000 461 824.91 152903.683 559.701 4.0149 0.0 
276000 462 828.411 153686.75 561.996 4.0462 0.0 
277000 463 831.843 154497.538 568.931 4.0776 0.0 
278000 464 835.206 155104.294 569.384 4.1015 0.0 
279000 465 838.502 155736.522 570.265 4.1143 0.0 
280000 466 841.732 156390.043 572.541 4.1271 0.0 
281000 467 844.898 157150.522 574.692 4.1395 0.0 
282000 468 848.0 157840.567 578.012 4.1518 0.0 
283000 469 851.04 158585.549 579.882 4.164 0.0 
284000 470 854.019 159335.748 585.051 4.1759 0.0 
285000 471 856.938 160003.969 586.758 4.1878 0.0 
286000 472 859.8 160715.34 588.909 4.1992 0.0 
287000 473 862.604 161354.294 590.491 4.2104 0.0 
288000 474 853.692 162160.24 584.227 4.1666 0.0 
289000 475 856.618 162814.431 588.699 4.1787 0.0 
290000 476 859.485 163449.041 589.663 4.1902 0.0 
291000 479 844.947 163998.036 576.207 4.1258 0.0 
292000 480 848.048 164601.97 576.845 4.1416 0.0 
293000 481 851.087 165442.602 582.08 4.1537 0.0 
294000 482 854.065 166099.732 583.605 4.166 0.0 
295000 483 844.104 166827.07 576.689 4.1217 0.0 
296000 484 847.222 167489.599 579.934 4.1481 0.0 
297000 485 850.277 168070.937 580.666 4.1614 0.0 
298000 486 853.272 168711.301 580.804 4.1741 0.0 
299000 487 856.206 169290.028 581.886 4.1891 0.0 
300000 488 859.082 169886.674 581.692 4.2145 0.0 
301000 489 861.901 170488.233 582.222 4.2265 0.0 
302000 490 864.663 171106.147 582.539 4.2386 0.0 
303000 491 867.369 171760.845 583.808 4.2491 0.0 
304000 492 870.022 172349.617 584.767 4.2601 0.0 
305000 493 872.621 172953.006 584.231 4.2716 0.0 
306000 494 875.169 173597.02 584.946 4.2824 0.0 
307000 495 877.666 174194.169 586.966 4.2919 0.0 
308000 496 880.112 174647.299 585.977 4.3022 0.0 
309000 497 882.51 175109.814 583.479 4.3168 0.0 
310000 498 884.86 175514.089 580.143 4.3402 0.0 
311000 499 887.163 175971.783 576.483 4.3578 0.0 
312000 500 889.419 176425.085 574.782 4.367 0.0 
313000 501 891.631 177051.053 571.847 4.3752 0.0 
314000 502 893.798 177783.342 575.352 4.383 0.0 
315000 503 895.922 178157.029 577.374 4.391 0.0 
316000 504 898.004 178698.228 570.783 4.3992 0.0 
317000 505 900.044 179329.655 573.191 4.4067 0.0 
318000 506 902.043 180006.66 573.971 4.4142 0.0 
319000 507 904.002 180575.749 575.598 4.4335 0.0 
320000 508 905.922 180938.972 574.211 4.4548 0.0 
321000 510 892.673 181546.819 560.541 4.39 0.0 
322000 511 894.82 182274.703 564.624 4.4055 0.0 
323000 512 896.923 182934.443 566.793 4.4256 0.0 
324000 513 898.985 183583.978 568.317 4.4412 0.0 
325000 514 901.005 184270.46 570.556 4.4488 0.0 
326000 515 902.985 184847.946 572.91 4.456 0.0 
327000 516 898.465 185436.331 567.488 4.432 0.0 
328000 519 879.048 185917.459 552.23 4.3326 0.0 
329000 522 848.827 186291.952 528.354 4.1814 0.0 
330000 523 843.651 186698.888 522.743 4.1549 0.0 
331000 524 846.778 187293.23 522.001 4.1685 0.0 
332000 525 849.842 188130.166 525.993 4.1824 0.0 
333000 526 852.845 188884.515 530.829 4.2012 0.0 
334000 527 855.788 189687.422 537.56 4.2193 0.0 
335000 528 858.673 190500.917 540.569 4.2327 0.0 
336000 529 861.499 191356.138 550.189 4.2498 0.0 
337000 530 864.269 192010.415 551.361 4.2649 0.0 
338000 531 866.984 192751.55 553.829 4.2772 0.0 
339000 532 869.644 193782.994 562.174 4.2891 0.0 
340000 533 872.251 194465.581 568.084 4.3009 0.0 
341000 534 874.806 195194.858 567.944 4.313 0.0 
342000 535 877.31 196225.297 576.726 4.3245 0.0 
343000 536 879.764 197026.997 584.857 4.3364 0.0 
344000 538 865.465 197678.145 575.596 4.2657 0.0 
345000 539 868.156 198321.445 576.46 4.2779 0.0 
346000 540 870.793 198830.557 577.484 4.289 0.0 
347000 541 873.377 199347.794 574.653 4.3001 0.0 
348000 542 875.909 200002.993 575.622 4.3103 0.0 
349000 543 878.391 200614.565 576.363 4.32 0.0 
350000 545 868.727 201260.237 569.651 4.27 0.0 
351000 546 855.512 201915.058 561.107 4.2046 0.0 
352000 547 858.402 202552.473 562.871 4.2165 0.0 
353000 548 861.234 203205.604 564.366 4.2287 0.0 
354000 549 864.009 204335.632 565.952 4.2404 0.0 
355000 550 866.729 205155.28 578.388 4.251 0.0 
356000 551 869.395 205827.562 581.766 4.2619 0.0 
357000 553 868.447 206578.8 582.676 4.2535 0.0 
358000 555 850.01 207372.969 572.015 4.1712 0.0 
359000 556 853.01 208153.216 576.487 4.1993 0.0 
360000 557 855.95 208937.454 580.569 4.2281 0.0 
361000 558 858.831 209667.683 583.777 4.2396 0.0 
362000 559 861.654 210503.795 590.925 4.2505 0.0 
363000 560 864.421 211050.753 587.862 4.2621 0.0 
364000 562 853.95 211822.736 582.232 4.207 0.0 
365000 563 856.871 212483.802 583.724 4.2187 0.0 
366000 564 859.734 213211.564 587.56 4.2301 0.0 
367000 565 862.539 213832.075 587.401 4.2487 0.0 
368000 566 865.288 214375.455 585.441 4.2617 0.0 
369000 567 867.982 215054.351 588.602 4.2866 0.0 
370000 568 870.623 215762.216 589.917 4.303 0.0 
371000 569 873.21 216520.912 593.91 4.3122 0.0 
372000 570 875.746 217464.643 600.888 4.3211 0.0 
373000 571 878.231 218555.539 610.099 4.3301 0.0 
374000 572 880.667 219295.119 615.094 4.3393 0.0 
375000 573 883.053 219914.073 614.497 4.3489 0.0 
376000 574 885.392 220596.276 615.66 4.3579 0.0 
377000 575 887.684 221358.561 618.168 4.3666 0.0 
378000 576 889.931 222178.558 622.333 4.3751 0.0 
379000 577 892.132 222969.711 625.775 4.3835 0.0 
380000 578 894.289 223831.499 630.518 4.3917 0.0 
381000 579 896.404 224731.543 636.264 4.3998 0.0 
382000 580 898.475 225131.654 631.486 4.4084 0.0 
383000 581 900.506 225737.116 631.164 4.4241 0.0 
384000 582 902.496 226429.953 632.5 4.4313 0.0 
385000 583 904.446 227195.122 633.508 4.4393 0.0 
386000 584 906.357 227932.701 637.453 4.4464 0.0 
387000 585 894.01 228703.8 628.485 4.3852 0.0 
388000 586 896.13 229468.652 631.4 4.3936 0.0 
389000 587 898.207 230152.524 634.219 4.4017 0.0 
390000 589 890.178 230826.958 627.728 4.3594 0.0 
391000 590 892.375 231561.716 628.5 4.3684 0.0 
392000 591 894.527 232288.603 631.392 4.3878 0.0 
393000 592 896.636 232975.524 632.797 4.4109 0.0 
394000 593 898.704 233669.954 633.172 4.4333 0.0 
395000 594 900.73 234411.876 636.112 4.455 0.0 
396000 595 902.715 235127.512 635.267 4.4784 0.0 
397000 596 904.661 235881.677 639.227 4.4969 0.0 
398000 597 906.568 236556.704 641.025 4.5032 0.0 
399000 598 908.436 237275.225 641.921 4.5096 0.0 
400000 599 910.267 238051.382 643.325 4.5156 0.0 
401000 600 912.062 238831.064 646.958 4.5215 0.0 
402000 601 913.821 239694.771 648.369 4.5274 0.0 
403000 602 915.544 240410.822 653.568 4.533 0.0 
404000 603 917.234 241003.073 653.07 4.5386 0.0 
405000 605 907.331 241579.506 642.452 4.4865 0.0 
406000 606 909.185 242268.005 642.419 4.4932 0.0 
407000 607 911.001 243035.137 644.632 4.5103 0.0 
408000 608 912.781 243830.797 648.136 4.5218 0.0 
409000 609 914.525 244476.224 648.499 4.5377 0.0 
410000 610 916.235 245316.749 651.76 4.5458 0.0 
411000 611 917.91 246003.686 652.249 4.5517 0.0 
412000 612 919.552 246743.746 654.793 4.5573 0.0 
413000 613 921.161 247338.267 653.621 4.5634 0.0 
414000 614 922.738 248027.614 654.451 4.5685 0.0 
415000 615 924.283 248710.357 654.205 4.5738 0.0 
416000 616 925.797 249438.1 656.211 4.5788 0.0 
417000 617 927.281 250283.598 658.438 4.5835 0.0 
418000 618 928.736 251037.349 662.114 4.5912 0.0 
419000 619 930.161 251738.83 662.396 4.6147 0.0 
420000 620 931.558 252214.48 659.189 4.6361 0.0 
421000 621 932.926 252862.097 658.573 4.6551 0.0 
422000 622 934.268 253522.84 658.005 4.6688 0.0 
423000 623 935.583 254405.531 662.197 4.6717 0.0 
424000 624 936.871 255125.991 664.511 4.6749 0.0 
425000 625 938.134 255900.668 666.782 4.678 0.0 
426000 626 939.371 256643.372 667.835 4.6811 0.0 
427000 627 940.583 257497.442 670.836 4.6841 0.0 
428000 628 941.772 258596.365 679.155 4.6868 0.0 
429000 629 942.936 259525.594 684.793 4.6898 0.0 
430000 630 944.078 260198.454 685.343 4.6946 0.0 
431000 631 945.196 260795.155 682.986 4.698 0.0 
432000 632 946.292 261641.407 686.118 4.7004 0.0 
433000 633 947.366 262582.953 691.796 4.711 0.0 
434000 634 948.419 263676.525 698.846 4.7169 0.0 
435000 635 949.451 264391.943 700.44 4.7194 0.0 
436000 636 950.462 265049.747 698.026 4.7224 0.0 
437000 637 951.452 266165.489 706.737 4.7246 0.0 
438000 638 952.423 267067.038 710.662 4.7271 0.0 
439000 639 953.375 267907.349 713.759 4.743 0.0 
440000 640 954.307 268841.635 717.032 4.7482 0.0 
441000 641 955.221 269696.229 721.358 4.7502 0.0 
442000 642 956.117 270636.414 725.104 4.7547 0.0 
443000 643 956.994 271701.168 730.761 4.7565 0.0 
444000 644 957.855 272683.862 735.659 4.7583 0.0 
445000 645 958.697 273723.214 742.123 4.7606 0.0 
446000 646 959.524 274733.849 747.378 4.7625 0.0 
447000 647 960.333 275829.093 754.531 4.7643 0.0 
448000 648 961.126 276782.509 758.059 4.7666 0.0 
449000 649 961.904 277857.029 764.422 4.7688 0.0 
450000 650 962.666 278721.69 766.334 4.7714 0.0 
451000 651 963.412 280022.6 778.498 4.7734 0.0 
452000 652 964.144 280862.599 779.041 4.7753 0.0 
453000 653 964.861 282126.441 789.983 4.7891 0.0 
454000 654 965.564 283354.307 799.322 4.7973 0.0 
455000 656 948.148 283941.912 779.707 4.7098 0.0 
456000 658 931.941 284664.338 764.335 4.6288 0.0 
457000 659 933.302 285767.958 771.113 4.6451 0.0 
458000 660 934.636 287163.476 783.561 4.6537 0.0 
459000 661 935.944 287868.729 782.14 4.6601 0.0 
460000 662 937.225 288706.772 783.213 4.6668 0.0 
461000 663 938.48 289125.485 775.946 4.6738 0.0 
462000 664 939.711 290342.299 784.706 4.6798 0.0 
463000 665 928.756 291437.681 774.156 4.6253 0.0 
464000 666 930.181 292672.597 785.09 4.6321 0.0 
465000 667 931.578 293668.527 795.133 4.639 0.0 
466000 668 932.946 294948.429 798.786 4.6483 0.0 
467000 670 920.881 295992.214 795.833 4.593 0.0 
468000 672 909.854 297192.428 793.265 4.5375 0.0 
469000 673 911.657 298076.08 795.051 4.5464 0.0 
470000 674 913.424 298981.953 797.696 4.5547 0.0 
471000 675 915.156 300301.893 808.135 4.5627 0.0 
472000 676 916.853 301155.342 808.993 4.5708 0.0 
473000 677 918.516 301977.821 809.472 4.579 0.0 
474000 678 920.145 302772.346 809.187 4.5902 0.0 
475000 679 921.742 303557.111 808.212 4.5977 0.0 
476000 680 923.308 304133.196 804.184 4.6051 0.0 
477000 681 924.841 304770.158 800.861 4.6124 0.0 
478000 682 926.345 305440.417 798.068 4.6291 0.0 
479000 683 927.818 306459.934 802.517 4.6525 0.0 
480000 684 929.261 307240.186 801.913 4.6666 0.0 
481000 685 930.676 308104.542 803.56 4.6863 0.0 
482000 686 932.063 308573.769 796.474 4.6987 0.0 
483000 687 933.421 309818.571 804.532 4.7051 0.0 
484000 688 934.753 311227.062 817.339 4.7118 0.0 
485000 689 936.058 312267.669 821.81 4.7312 0.0 
486000 690 937.337 313316.627 826.161 4.7376 0.0 
487000 691 938.59 314080.072 824.581 4.7439 0.0 
488000 692 939.818 315059.779 827.638 4.7501 0.0 
489000 693 941.022 315837.694 826.711 4.762 0.0 
490000 694 942.201 317032.921 834.057 4.7835 0.0 
491000 695 943.357 318077.744 838.215 4.7906 0.0 
492000 696 944.49 319216.943 844.716 4.8039 0.0 
493000 697 945.6 320100.213 845.556 4.8236 0.0 
494000 698 946.688 321178.83 849.496 4.8284 0.0 
495000 699 947.755 322181.652 852.707 4.829 0.0 
496000 700 948.799 323186.308 855.689 4.8297 0.0 
497000 701 949.823 324356.601 862.036 4.8302 0.0 
498000 702 950.827 325459.897 867.33 4.8309 0.0 
499000 703 951.81 326109.747 862.678 4.8319 0.0 
500000 704 952.774 327184.271 867.165 4.8323 0.0 
501000 705 953.719 328597.293 877.955 4.8426 0.0 
502000 706 954.644 329926.206 887.613 4.8589 0.0 
503000 707 955.552 331161.028 894.057 4.8724 0.0 
504000 708 956.44 332384.549 901.013 4.8727 0.0 
505000 709 957.312 333910.91 913.453 4.8718 0.0 
506000 710 958.165 334529.984 906.988 4.872 0.0 
507000 711 959.002 335167.9 901.865 4.872 0.0 
508000 712 959.822 336576.487 912.358 4.8713 0.0 
509000 713 960.626 337369.054 909.569 4.8712 0.0 
510000 714 961.413 338074.541 906.097 4.871 0.0 
511000 715 962.185 338811.144 901.901 4.8709 0.0 
512000 716 962.941 339898.074 905.809 4.8707 0.0 
513000 717 963.682 341425.571 917.839 4.8827 0.0 
514000 718 964.409 342940.618 929.915 4.8824 0.0 
515000 719 965.121 344282.96 938.387 4.8821 0.0 
516000 720 965.818 345642.352 946.611 4.8857 0.0 
517000 721 966.502 347084.487 956.436 4.8848 0.0 
518000 722 967.172 348575.129 967.043 4.8841 0.0 
519000 723 967.828 350062.342 977.444 4.8832 0.0 
520000 724 968.472 351588.27 989.07 4.8824 0.0 
521000 725 969.102 352175.27 981.073 4.8827 0.0 
522000 726 969.72 352867.121 974.995 4.8827 0.0 
523000 727 970.326 354372.145 985.215 4.882 0.0 
524000 728 970.919 355970.466 997.82 4.8812 0.0 
525000 729 971.501 356631.019 990.624 4.8901 0.0 
526000 730 972.071 358050.635 999.996 4.8961 0.0 
527000 731 972.63 358727.616 993.134 4.8957 0.0 
528000 732 973.177 359341.256 985.18 4.8959 0.0 
529000 733 973.713 360928.148 997.31 4.895 0.0 
530000 734 974.239 362006.813 999.235 4.8946 0.0 
531000 735 974.754 363550.838 1009.597 4.8941 0.0 
532000 736 975.259 365135.386 1021.092 4.8935 0.0 
533000 737 975.754 366643.761 1030.723 4.8929 0.0 
534000 738 976.239 368080.036 1040.302 4.8923 0.0 
535000 739 976.714 368701.064 1031.568 4.9047 0.0 
536000 740 977.18 369186.615 1020.173 4.905 0.0 
537000 741 977.636 370531.806 1026.986 4.9105 0.0 
538000 742 978.084 371099.918 1017.54 4.91 0.0 
539000 743 978.522 372452.015 1024.542 4.9092 0.0 
540000 744 978.951 373085.19 1015.824 4.9137 0.0 
541000 745 979.372 374530.943 1025.066 4.9133 0.0 
542000 746 979.785 376017.768 1033.759 4.913 0.0 
543000 747 980.189 377497.462 1043.433 4.9126 0.0 
544000 748 980.586 378178.468 1035.43 4.913 0.0 
545000 749 980.974 379207.478 1035.459 4.9137 0.0 
546000 750 981.354 380608.266 1042.256 4.9139 0.0 
547000 751 981.727 382064.822 1051.339 4.9136 0.0 
548000 752 982.093 383328.775 1055.273 4.9139 0.0 
549000 753 982.451 384612.055 1060.181 4.9226 0.0 
550000 754 982.802 386098.316 1068.167 4.9231 0.0 
551000 755 983.146 387493.658 1075.244 4.9241 0.0 
552000 756 983.483 388822.908 1080.951 4.9309 0.0 
553000 757 983.813 389453.096 1070.819 4.9459 0.0 
554000 758 984.137 390254.958 1066.129 4.9482 0.0 
555000 759 984.454 391655.208 1072.401 4.9582 0.0 
556000 760 984.765 392884.363 1075.832 4.9585 0.0 
557000 761 985.07 393734.993 1071.349 4.9597 0.0 
558000 762 985.368 394815.178 1070.982 4.9605 0.0 
559000 763 985.661 395752.322 1068.644 4.9613 0.0 
560000 764 985.948 397122.321 1075.108 4.9628 0.0 
561000 765 986.229 398420.984 1079.588 4.9784 0.0 
562000 766 986.504 399778.464 1084.766 4.9929 0.0 
563000 767 986.774 401184.41 1091.524 5.0029 0.0 
564000 768 987.039 402290.003 1091.474 5.0042 0.0 
565000 769 987.298 403829.093 1100.037 5.0054 0.0 
566000 770 987.552 405035.056 1102.536 5.0216 0.0 
567000 771 987.801 405748.084 1094.507 5.0392 0.0 
568000 772 988.045 406577.365 1089.491 5.0514 0.0 
569000 773 988.284 407829.274 1092.517 5.0657 0.0 
570000 774 988.518 408851.767 1091.057 5.0765 0.0 
571000 775 988.748 409709.263 1086.166 5.077 0.0 
572000 776 988.973 410667.406 1083.61 5.0786 0.0 
573000 777 989.194 411961.409 1087.788 5.0928 0.0 
574000 778 989.41 413192.06 1090.868 5.1092 0.0 
575000 779 989.622 414585.361 1097.133 5.1216 0.0 
576000 780 989.829 416001.057 1103.658 5.1263 0.0 
577000 781 990.032 417375.838 1108.735 5.1274 0.0 
578000 782 990.232 418649.519 1111.837 5.1362 0.0 
579000 783 990.427 420079.982 1118.405 5.1434 0.0 
580000 784 990.619 421558.353 1126.149 5.1438 0.0 
581000 785 990.806 422372.172 1119.037 5.1443 0.0 
582000 786 990.99 423914.979 1128.134 5.145 0.0 
583000 787 991.17 424750.545 1122.179 5.151 0.0 
584000 788 991.347 425413.15 1113.263 5.1518 0.0 
585000 789 991.52 426524.061 1112.626 5.1505 0.0 
586000 790 991.69 427549.891 1111.09 5.1496 0.0 
587000 791 991.856 428481.941 1107.532 5.1489 0.0 
588000 792 992.019 429777.655 1111.215 5.1478 0.0 
589000 793 992.178 431256.831 1118.684 5.1466 0.0 
590000 794 992.335 432106.607 1113.083 5.1463 0.0 
591000 795 992.488 433191.954 1113.035 5.1464 0.0 
592000 796 992.638 433735.996 1101.287 5.1478 0.0 
593000 797 992.786 434371.826 1091.788 5.1479 0.0 
594000 798 992.93 435275.74 1088.385 5.1485 0.0 
595000 799 993.071 436146.88 1083.669 5.1487 0.0 
596000 800 993.21 437703.917 1093.337 5.148 0.0 
597000 801 993.346 439258.023 1102.709 5.1477 0.0 
598000 802 993.479 440765.667 1110.381 5.1474 0.0 
599000 803 993.609 441543.168 1103.843 5.1481 0.0 
600000 804 993.737 442243.986 1095.725 5.1491 0.0 
601000 805 993.862 443677.439 1102.459 5.1503 0.0 
602000 806 993.985 444529.462 1097.828 5.1524 0.0 
603000 807 994.105 446116.161 1107.611 5.1544 0.0 
604000 808 994.223 447710.904 1117.137 5.1562 0.0 
605000 809 994.339 448502.531 1111.384 5.168 0.0 
606000 810 994.452 449694.325 1112.023 5.1803 0.0 
607000 811 994.563 451235.689 1121.171 5.18 0.0 
608000 812 994.672 452629.206 1126.697 5.1798 0.0 
609000 813 994.778 453698.962 1125.348 5.1802 0.0 
610000 814 994.883 454665.246 1122.788 5.1807 0.0 
611000 815 994.985 455335.868 1113.198 5.1813 0.0 
612000 816 995.085 456037.051 1104.957 5.1823 0.0 
613000 817 995.184 456591.052 1094.399 5.1848 0.0 
614000 818 995.28 457189.923 1084.299 5.1859 0.0 
615000 819 995.374 457877.748 1076.56 5.1863 0.0 
616000 820 995.467 458490.218 1066.944 5.1869 0.0 
617000 821 995.557 459137.534 1058.511 5.1935 0.0 
618000 822 995.646 459823.832 1050.752 5.2051 0.0 
619000 823 995.733 460667.139 1046.923 5.2124 0.0 
620000 824 995.819 461575.329 1044.043 5.2261 0.0 
621000 825 995.902 462160.775 1035.089 5.2261 0.0 
622000 826 995.984 463063.675 1031.664 5.2232 0.0 
623000 827 996.065 463833.772 1027.361 5.2213 0.0 
624000 828 996.143 464549.754 1021.134 5.2186 0.0 
625000 829 996.22 465279.289 1015.175 5.216 0.0 
626000 830 996.296 465971.704 1008.659 5.2134 0.0 
627000 831 996.37 466956.629 1008.035 5.2114 0.0 
628000 832 996.443 467755.176 1003.782 5.2095 0.0 
629000 833 996.514 468889.014 1006.029 5.2074 0.0 
630000 834 996.584 469622.042 1000.561 5.206 0.0 
631000 835 996.652 470312.957 994.603 5.2122 0.0 
632000 836 996.719 471029.285 989.387 5.2142 0.0 
633000 837 996.785 472199.616 992.546 5.2131 0.0 
634000 838 996.849 473053.66 989.784 5.2112 0.0 
635000 839 996.912 473810.783 984.948 5.2094 0.0 
636000 840 996.974 474963.689 988.519 5.2074 0.0 
637000 841 997.034 475717.068 983.946 5.2059 0.0 
638000 842 997.093 477118.731 992.071 5.204 0.0 
639000 843 997.152 478674.311 1003.27 5.2021 0.0 
640000 844 997.209 479910.71 1008.175 5.2008 0.0 
641000 845 997.264 481120.328 1012.435 5.1999 0.0 
642000 846 997.319 482630.882 1022.576 5.2002 0.0 
643000 847 997.373 483869.906 1026.365 5.1989 0.0 
644000 848 997.425 485364.346 1036.072 5.1971 0.0 
645000 849 997.477 486893.349 1045.952 5.1954 0.0 
646000 850 997.527 487731.286 1041.566 5.1941 0.0 
647000 851 997.577 488532.879 1037.147 5.1936 0.0 
648000 852 997.625 489298.596 1031.54 5.1931 0.0 
649000 853 997.673 490586.754 1036.288 5.1925 0.0 
650000 854 997.719 492117.602 1046.894 5.192 0.0 
651000 855 997.765 492672.628 1037.562 5.1923 0.0 
652000 856 997.81 493352.149 1028.838 5.2071 0.0 
653000 857 997.853 494422.055 1030.348 5.2068 0.0 
654000 858 997.896 495997.478 1041.414 5.2061 0.0 
655000 859 997.938 497599.771 1052.235 5.2187 0.0 
656000 860 997.98 498782.996 1054.957 5.2246 0.0 
657000 861 998.02 500318.624 1064.508 5.2234 0.0 
658000 862 998.06 500970.968 1056.288 5.2227 0.0 
659000 863 998.098 501600.962 1047.788 5.2251 0.0 
660000 864 998.136 502211.805 1039.643 5.2392 0.0 
661000 865 998.174 502840.878 1030.898 5.2413 0.0 
662000 866 998.21 504451.601 1042.44 5.2407 0.0 
663000 867 998.246 506062.433 1053.777 5.2575 0.0 
664000 868 998.281 507011.307 1051.807 5.2605 0.0 
665000 869 998.315 508700.843 1064.829 5.2595 0.0 
666000 870 998.349 509478.2 1058.479 5.2707 0.0 
667000 871 998.382 510894.692 1065.381 5.2731 0.0 
668000 872 998.415 512342.282 1072.967 5.2709 0.0 
669000 873 998.446 513285.235 1070.759 5.2749 0.0 
670000 874 998.477 514156.217 1067.342 5.2736 0.0 
671000 875 998.508 514733.003 1057.258 5.2726 0.0 
672000 876 998.538 515702.162 1055.201 5.2718 0.0 
673000 877 998.567 516321.151 1046.704 5.2711 0.0 
674000 878 998.596 517017.821 1039.8 5.2816 0.0 
675000 879 998.624 517729.599 1032.881 5.2901 0.0 
676000 880 998.651 518413.262 1026.09 5.2908 0.0 
677000 881 998.678 519083.452 1018.871 5.2922 0.0 
678000 882 998.705 519716.949 1011.127 5.2932 0.0 
679000 883 998.73 521082.402 1018.15 5.2932 0.0 
680000 884 998.756 522128.332 1019.141 5.2932 0.0 
681000 885 998.781 522842.529 1013.652 5.2936 0.0 
682000 886 998.805 523702.666 1009.763 5.2939 0.0 
683000 887 998.829 524394.69 1003.975 5.2949 0.0 
684000 888 998.852 525027.159 996.519 5.3062 0.0 
685000 889 998.875 525647.029 988.961 5.3159 0.0 
686000 890 998.898 526340.156 982.952 5.3237 0.0 
687000 891 998.92 526990.718 976.171 5.3393 0.0 
688000 892 998.942 527990.992 976.917 5.3413 0.0 
689000 893 998.963 528613.528 969.427 5.3423 0.0 
690000 894 998.983 529505.527 967.894 5.3428 0.0 
691000 895 999.004 530369.404 965.731 5.3433 0.0 
692000 896 999.024 531258.075 964.613 5.3437 0.0 
693000 897 999.043 531918.602 959.011 5.364 0.0 
694000 898 999.062 532535.853 952.335 5.3923 0.0 
695000 899 999.081 533071.924 943.245 5.4002 0.0 
696000 900 999.099 533731.491 938.067 5.4006 0.0 
697000 901 999.117 534509.754 934.384 5.4013 0.0 
698000 902 999.135 535218.779 929.834 5.4108 0.0 
699000 903 999.152 536031.154 927.417 5.4273 0.0 
700000 904 999.169 536900.371 925.702 5.4419 0.0 
701000 905 999.186 537681.565 923.193 5.4423 0.0 
702000 906 999.202 538317.686 917.593 5.4432 0.0 
703000 907 999.218 539067.39 913.623 5.4442 0.0 
704000 908 999.234 539893.753 912.158 5.4453 0.0 
705000 909 999.249 540819.359 912.595 5.4467 0.0 
706000 910 999.264 541686.69 911.508 5.4479 0.0 
707000 911 999.279 542350.458 906.217 5.4489 0.0 
708000 912 999.293 543020.047 901.674 5.4492 0.0 
709000 913 999.307 543717.721 897.552 5.45 0.0 
710000 914 999.321 544252.779 890.784 5.4512 0.0 
711000 915 999.335 545250.039 892.923 5.4516 0.0 
712000 916 999.348 546141.461 892.561 5.4521 0.0 
713000 917 999.361 547060.229 893.171 5.4524 0.0 
714000 918 999.374 548215.09 898.312 5.4507 0.0 
715000 919 999.387 549047.094 896.567 5.4483 0.0 
716000 920 999.399 549717.146 892.114 5.4472 0.0 
717000 921 999.411 550946.718 899.881 5.4621 0.0 
718000 923 972.796 551601.933 873.015 5.3251 0.0 
719000 924 965.56 552630.338 863.094 5.2949 0.0 
720000 925 966.249 553386.108 868.218 5.31 0.0 
721000 926 966.924 553919.032 864.21 5.3178 0.0 
722000 927 967.585 555099.62 857.45 5.3322 0.0 
723000 928 968.234 555856.715 864.198 5.3459 0.0 
724000 929 968.869 557159.485 862.889 5.3546 0.0 
725000 930 969.491 558534.238 871.787 5.3563 0.0 
726000 931 970.102 559174.985 881.552 5.3614 0.0 
727000 932 970.7 559947.112 876.361 5.3777 0.0 
728000 933 971.286 560716.923 874.321 5.3821 0.0 
729000 934 971.86 561388.069 871.922 5.3841 0.0 
730000 935 972.423 562220.624 868.155 5.3864 0.0 
731000 936 972.974 563584.497 867.703 5.3884 0.0 
732000 937 973.515 565057.274 879.1 5.3902 0.0 
733000 938 974.044 565709.755 889.6 5.392 0.0 
734000 939 974.564 566809.117 883.808 5.3947 0.0 
735000 940 975.072 567500.435 888.188 5.3973 0.0 
736000 941 975.571 568387.096 885.003 5.4003 0.0 
737000 942 976.059 569715.25 885.057 5.4036 0.0 
738000 943 976.538 571263.263 896.138 5.4068 0.0 
739000 944 977.007 571949.706 909.8 5.4248 0.0 
740000 945 977.467 572631.647 902.387 5.4439 0.0 
741000 946 977.918 573303.352 898.112 5.4613 0.0 
742000 947 978.36 574198.606 893.588 5.4728 0.0 
743000 948 978.792 575056.957 896.829 5.522 0.0 
744000 949 979.217 576282.952 892.77 5.5543 0.0 
745000 950 979.632 577514.784 899.808 5.6098 0.0 
746000 951 980.04 578229.172 906.178 5.6319 0.0 
747000 952 980.439 579672.582 902.294 5.654 0.0 
748000 953 980.83 581347.75 916.724 5.6874 0.0 
749000 954 981.213 582895.878 932.288 5.7109 0.0 
750000 955 981.589 583833.357 943.608 5.7726 0.0 
751000 956 981.957 585169.866 942.832 5.8828 0.0 
752000 957 982.318 586099.754 947.855 5.9238 0.0 
753000 958 982.672 587099.678 947.125 5.9598 0.0 
754000 959 983.018 588403.188 948.501 6.025 0.0 
755000 960 983.358 589303.614 959.757 6.0608 0.0 
756000 961 983.691 590227.265 958.016 6.0795 0.0 
757000 962 984.017 590927.154 954.482 6.0896 0.0 
758000 963 984.337 592384.953 948.864 6.0978 0.0 
759000 964 984.65 593920.435 959.141 6.1031 0.0 
760000 965 984.957 595661.705 974.816 6.1137 0.0 
761000 966 985.258 597255.815 989.039 6.131 0.0 
762000 967 985.553 598724.898 999.053 6.1555 0.0 
763000 968 985.842 599415.194 1010.448 6.1775 0.0 
764000 969 986.125 599886.157 1000.777 6.1894 0.0 
765000 970 986.402 601190.066 989.888 6.2225 0.0 
766000 971 986.674 602637.759 999.7 6.2327 0.0 
767000 972 986.941 603364.507 1007.873 6.2517 0.0 
768000 973 987.202 604501.019 1000.274 6.2755 0.0 
769000 974 987.458 605402.463 1005.672 6.2829 0.0 
770000 975 987.709 606652.859 1000.936 6.2955 0.0 
771000 976 987.955 608092.263 1008.384 6.3533 0.0 
772000 977 988.196 608923.999 1016.031 6.4052 0.0 
773000 978 988.432 609657.514 1011.189 6.438 0.0 
774000 979 988.663 610405.048 1005.35 6.4474 0.0 
775000 980 988.89 611377.636 1000.452 6.4853 0.0 
776000 981 989.112 612275.582 1002.948 6.5166 0.0 
777000 982 989.33 613021.749 998.133 6.5445 0.0 
778000 983 989.543 613701.757 992.713 6.5576 0.0 
779000 984 989.752 614367.229 986.15 6.5611 0.0 
780000 985 989.957 615661.677 979.454 6.589 0.0 
781000 986 990.158 616483.866 987.809 6.6008 0.0 
782000 987 990.355 617908.72 983.078 6.6052 0.0 
783000 988 990.548 618736.698 994.308 6.6433 0.0 
784000 989 990.737 619472.817 988.609 6.6905 0.0 
785000 990 990.922 620742.135 983.21 6.7065 0.0 
786000 991 991.104 622097.712 988.923 6.7621 0.0 
787000 992 991.282 623534.001 996.284 6.7849 0.0 
788000 993 991.456 624645.681 1008.138 6.7893 0.0 
789000 994 991.627 625598.008 1006.722 6.8362 0.0 
790000 995 991.794 626381.628 1005.812 6.8781 0.0 
791000 996 991.958 627346.449 1002.021 6.8715 0.0 
792000 997 992.119 628667.863 1001.968 6.8557 0.0 
793000 998 992.277 629868.084 1009.718 6.8337 0.0 
794000 999 992.431 631293.449 1011.384 6.8232 0.0 
795000 1000 992.583 632209.925 1022.647 6.8124 0.0 
796000 1001 992.731 633374.475 1017.522 6.7904 0.0 
797000 1002 992.876 634662.347 1019.813 6.7884 0.0 
798000 1003 993.019 636075.004 1028.393 6.7792 0.0 
799000 1004 993.159 637339.897 1035.979 6.7595 0.0 
800000 1005 993.295 638175.445 1040.365 6.7406 0.0 
801000 1006 993.429 638900.809 1033.686 6.7189 0.0 
802000 1007 993.561 639966.976 1026.796 6.698 0.0 
803000 1008 993.69 640823.751 1031.272 6.677 0.0 
804000 1009 993.816 641970.587 1024.872 6.6585 0.0 
805000 1010 993.94 643043.599 1026.221 6.639 0.0 
806000 1011 994.061 644165.197 1030.74 6.6333 0.0 
807000 1012 994.18 644973.107 1030.403 6.616 0.0 
808000 1013 994.296 646205.555 1025.369 6.5979 0.0 
809000 1014 994.41 647590.953 1032.339 6.579 0.0 
810000 1015 994.522 648991.114 1039.257 6.561 0.0 
811000 1016 994.631 650435.747 1047.016 6.5514 0.0 
812000 1017 994.739 651713.032 1054.724 6.5495 0.0 
813000 1018 994.844 652905.699 1056.905 6.55 0.0 
814000 1019 994.947 654419.293 1059.549 6.541 0.0 
815000 1020 995.048 655770.094 1071.824 6.5241 0.0 
816000 1021 995.147 656745.552 1074.242 6.5193 0.0 
817000 1022 995.244 658132.967 1071.791 6.5144 0.0 
818000 1023 995.339 659752.467 1081.893 6.5032 0.0 
819000 1024 995.433 661338.868 1091.251 6.4972 0.0 
820000 1025 995.524 663023.033 1102.276 6.4972 0.0 
821000 1026 995.613 664030.445 1114.039 6.4979 0.0 
822000 1027 995.701 665503.163 1107.836 6.4944 0.0 
823000 1028 995.787 667102.417 1118.447 6.4786 0.0 
824000 1029 995.871 668766.576 1128.8 6.4632 0.0 
825000 1030 995.954 670364.707 1139.477 6.4485 0.0 
826000 1031 996.035 671971.083 1148.778 6.4339 0.0 
827000 1032 996.114 673462.394 1157.985 6.4246 0.0 
828000 1033 996.192 674875.006 1160.583 6.4134 0.0 
829000 1034 996.268 676466.502 1169.573 6.4118 0.0 
830000 1035 996.343 677724.719 1177.368 6.4038 0.0 
831000 1036 996.416 679126.237 1175.872 6.4044 0.0 
832000 1037 996.488 680701.011 1183.697 6.4055 0.0 
833000 1038 996.558 682288.925 1191.084 6.396 0.0 
834000 1039 996.627 683935.642 1200.029 6.3824 0.0 
835000 1040 996.694 685556.228 1208.333 6.3694 0.0 
836000 1041 996.76 687239.311 1216.707 6.3675 0.0 
837000 1042 996.825 688660.165 1226.752 6.3591 0.0 
838000 1043 996.889 689951.22 1226.376 6.3518 0.0 
839000 1044 996.951 691421.528 1227.216 6.3493 0.0 
840000 1045 997.012 693021.985 1236.684 6.3454 0.0 
841000 1046 997.071 694641.607 1243.911 6.3438 0.0 
842000 1047 997.13 696309.198 1251.485 6.3522 0.0 
843000 1048 997.187 697801.439 1259.38 6.3518 0.0 
844000 1049 997.244 699224.297 1262.775 6.3528 0.0 
845000 1050 997.299 700833.926 1266.736 6.3497 0.0 
846000 1051 997.353 702412.817 1273.202 6.3517 0.0 
847000 1052 997.406 704086.982 1280.145 6.355 0.0 
848000 1053 997.458 705743.085 1288.209 6.3587 0.0 
849000 1054 997.509 707425.403 1295.44 6.3541 0.0 
850000 1055 997.558 709104.575 1303.345 6.3499 0.0 
851000 1056 997.607 710953.124 1310.555 6.3519 0.0 
852000 1057 997.655 712845.581 1322.576 6.3438 0.0 
853000 1058 997.702 714676.124 1334.024 6.3357 0.0 
854000 1059 997.748 716413.915 1344.102 6.3316 0.0 
855000 1060 997.793 718053.599 1351.635 6.364 0.0 
856000 1061 997.837 719708.776 1356.219 6.3624 0.0 
857000 1062 997.88 721254.29 1362.008 6.3604 0.0 
858000 1063 997.923 722857.041 1365.481 6.3588 0.0 
859000 1064 997.964 724479.213 1370.767 6.3571 0.0 
860000 1065 998.005 726104.499 1374.601 6.3607 0.0 
861000 1066 998.045 727658.218 1379.218 6.3576 0.0 
862000 1067 998.084 729281.021 1383.467 6.3451 0.0 
863000 1068 998.122 730606.313 1389.29 6.338 0.0 
864000 1069 998.16 732057.138 1384.011 6.3289 0.0 
865000 1070 998.197 733651.077 1388.162 6.3193 0.0 
866000 1071 998.233 735413.004 1393.554 6.3122 0.0 
867000 1072 998.268 737154.449 1401.062 6.3081 0.0 
868000 1073 998.303 738838.246 1407.943 6.2962 0.0 
869000 1074 998.337 740526.925 1413.6 6.2846 0.0 
870000 1075 998.37 742201.334 1419.238 6.2766 0.0 
871000 1076 998.403 743735.381 1423.468 6.2717 0.0 
872000 1077 998.434 745322.161 1425.254 6.2604 0.0 
873000 1078 998.466 746865.431 1428.156 6.2494 0.0 
874000 1079 998.496 748468.821 1431.489 6.2419 0.0 
875000 1080 998.527 750115.991 1434.966 6.2321 0.0 
876000 1081 998.556 751686.464 1438.926 6.2223 0.0 
877000 1082 998.585 753287.819 1442.012 6.2128 0.0 
878000 1083 998.613 754288.734 1444.53 6.2039 0.0 
879000 1084 998.641 755181.637 1432.834 6.2021 0.0 
880000 1085 998.668 756284.332 1422.015 6.1917 0.0 
881000 1086 998.695 756712.229 1415.754 6.1814 0.0 
882000 1087 998.721 757371.941 1393.854 6.1728 0.0 
883000 1088 998.746 758663.503 1384.997 6.1635 0.0 
884000 1089 998.772 759661.327 1379.82 6.1543 0.0 
885000 1090 998.796 760710.82 1371.935 6.1587 0.0 
886000 1091 998.82 761368.467 1364.835 6.1493 0.0 
887000 1092 998.844 762341.819 1350.887 6.14 0.0 
888000 1093 998.867 763383.115 1343.586 6.1301 0.0 
889000 1094 998.89 764734.208 1336.78 6.1184 0.0 
890000 1095 998.912 766176.398 1340.694 6.1062 0.0 
891000 1096 998.934 767699.677 1343.099 6.0946 0.0 
892000 1097 998.955 768609.369 1346.676 6.0857 0.0 
893000 1098 998.976 769393.549 1334.171 6.0872 0.0 
894000 1099 998.996 770896.475 1324.035 6.0766 0.0 
895000 1100 999.016 771861.558 1331.05 6.0779 0.0 
896000 1101 999.036 772679.82 1319.303 6.0844 0.0 
897000 1102 999.055 773661.465 1311.233 6.0789 0.0 
898000 1103 999.074 774378.484 1303.53 6.0681 0.0 
899000 1104 999.093 775497.434 1290.92 6.063 0.0 
900000 1105 999.111 776607.432 1287.595 6.0683 0.0 
901000 1106 999.129 777676.715 1283.906 6.0556 0.0 
902000 1107 999.146 778555.529 1279.639 6.0432 0.0 
903000 1108 999.163 779952.2 1271.893 6.0311 0.0 
904000 1109 999.18 781063.518 1276.683 6.0195 0.0 
905000 1110 999.196 781925.166 1271.451 6.0078 0.0 
906000 1111 999.212 783295.387 1263.152 5.9962 0.0 
907000 1112 999.228 784625.824 1265.075 5.9844 0.0 
908000 1113 999.244 785947.29 1269.729 5.9733 0.0 
909000 1114 999.259 786831.959 1267.662 5.9628 0.0 
910000 1115 999.273 787722.327 1259.704 5.9618 0.0 
911000 1116 999.288 788699.672 1252.908 5.9654 0.0 
912000 1117 999.302 789628.864 1245.815 5.9547 0.0 
913000 1118 999.316 790498.543 1241.31 5.9437 0.0 
914000 1119 999.33 791944.044 1232.804 5.9335 0.0 
915000 1120 999.343 793010.323 1240.399 5.9233 0.0 
916000 1121 999.356 794105.131 1233.605 5.9251 0.0 
917000 1122 999.369 795326.318 1232.641 5.9277 0.0 
918000 1123 999.382 796482.126 1234.156 5.9179 0.0 
919000 1124 999.394 797382.939 1229.022 5.9087 0.0 
920000 1125 999.406 798200.776 1223.223 5.8999 0.0 
921000 1126 999.418 799009.565 1214.952 5.8928 0.0 
922000 1127 999.43 800417.502 1207.223 5.8847 0.0 
923000 1128 999.441 801299.495 1213.033 5.8761 0.0 
924000 1129 999.452 802715.56 1205.966 5.8684 0.0 
925000 1130 999.463 803593.755 1208.654 5.8604 0.0 
926000 1131 999.474 805029.155 1201.847 5.8559 0.0 
927000 1132 999.485 806434.194 1211.412 5.8626 0.0 
928000 1133 999.495 808114.535 1210.37 5.8598 0.0 
929000 1134 999.505 810069.516 1223.664 5.854 0.0 
930000 1135 999.515 811151.354 1238.029 5.8519 0.0 
931000 1136 999.525 812174.267 1231.618 5.8648 0.0 
932000 1137 999.534 812914.099 1226.089 5.8737 0.0 
933000 1138 999.543 813721.752 1217.555 5.8858 0.0 
934000 1139 999.553 814505.285 1209.259 5.8932 0.0 
935000 1140 999.562 816031.874 1200.321 5.8882 0.0 
936000 1141 999.57 817403.718 1207.049 5.8828 0.0 
937000 1142 999.579 818148.729 1210.14 5.8767 0.0 
938000 1143 999.587 818961.036 1201.123 5.8713 0.0 
939000 1144 999.596 820456.71 1193.5 5.8713 0.0 
940000 1145 999.604 821336.707 1202.265 5.882 0.0 
941000 1146 999.612 823003.609 1192.935 5.8849 0.0 
942000 1147 999.619 824939.287 1206.233 5.8855 0.0 
943000 1148 999.627 826643.121 1221.308 5.8827 0.0 
944000 1149 999.634 828045.289 1230.241 5.8799 0.0 
945000 1150 999.642 829865.484 1232.331 5.8774 0.0 
946000 1151 999.649 830694.611 1244.853 5.8749 0.0 
947000 1152 999.656 831502.607 1232.964 5.8735 0.0 
948000 1153 999.663 833120.46 1225.466 5.8716 0.0 
949000 1154 999.67 834734.886 1236.986 5.8697 0.0 
950000 1155 999.676 836430.393 1244.348 5.868 0.0 
951000 1156 999.683 837449.858 1253.33 5.866 0.0 
952000 1157 999.689 838230.152 1245.246 5.875 0.0 
953000 1158 999.695 838991.357 1235.26 5.873 0.0 
954000 1159 999.701 839649.843 1225.371 5.871 0.0 
955000 1160 999.707 840691.02 1214.139 5.8693 0.0 
956000 1161 999.713 841545.423 1210.995 5.8694 0.0 
957000 1162 999.719 842904.924 1204.356 5.8797 0.0 
958000 1163 999.725 844543.893 1208.036 5.8819 0.0 
959000 1164 999.73 846128.097 1219.977 5.882 0.0 
960000 1165 999.735 847229.438 1226.268 5.8818 0.0 
961000 1166 999.741 848004.952 1220.877 5.8822 0.0 
962000 1167 999.746 848876.557 1211.093 5.8827 0.0 
963000 1168 999.751 849811.715 1205.273 5.883 0.0 
964000 1169 999.756 850646.41 1199.821 5.8834 0.0 
965000 1170 999.761 851509.28 1192.388 5.8842 0.0 
966000 1171 999.766 852382.971 1185.727 5.8849 0.0 
967000 1172 999.77 853263.335 1179.477 5.8945 0.0 
968000 1173 999.775 854045.234 1173.555 5.8965 0.0 
969000 1174 999.779 854981.522 1164.703 5.8987 0.0 
970000 1175 999.784 855794.999 1161.53 5.9007 0.0 
971000 1176 999.788 856693.727 1154.556 5.903 0.0 
972000 1177 999.792 857435.217 1148.345 5.9092 0.0 
973000 1178 999.797 858268.033 1140.526 5.9117 0.0 
974000 1179 999.801 859091.015 1135.013 5.9143 0.0 
975000 1180 999.805 860032.779 1128.5 5.917 0.0 
976000 1181 999.809 860839.262 1125.596 5.9304 0.0 
977000 1182 999.812 861654.556 1118.38 5.9395 0.0 
978000 1183 999.816 862324.578 1112.297 5.9428 0.0 
979000 1184 999.82 863099.249 1102.752 5.9469 0.0 
980000 1185 999.823 863886.519 1096.435 5.9504 0.0 
981000 1186 999.827 864590.037 1091.009 5.9549 0.0 
982000 1187 999.83 865413.033 1082.299 5.96 0.0 
983000 1188 999.834 866220.19 1077.829 5.9646 0.0 
984000 1189 999.837 867043.266 1072.232 5.9691 0.0 
985000 1190 999.84 867893.624 1067.108 5.9736 0.0 
986000 1191 999.844 868780.053 1063.222 5.978 0.0 
987000 1192 999.847 869449.937 1059.115 5.9824 0.0 
988000 1193 999.85 870145.7 1051.31 5.9873 0.0 
989000 1194 999.853 870838.945 1044.694 5.9921 0.0 
990000 1195 999.856 871590.107 1036.884 5.997 0.0 
991000 1196 999.859 872360.73 1031.274 6.0017 0.0 
992000 1197 999.861 873021.029 1026.439 6.0054 0.0 
993000 1198 999.864 873671.808 1018.366 6.0075 0.0 
994000 1199 999.867 874298.35 1011.788 6.0091 0.0 
995000 1200 999.87 874966.512 1003.236 6.011 0.0 
996000 1201 999.872 875612.143 997.166 6.0178 0.0 
997000 1202 999.875 876717.959 990.265 6.0199 0.0 
998000 1203 999.877 877888.712 994.508 6.0213 0.0 
999000 1204 999.88 879020.549 997.411 6.0226 0.0 
1000000 1205 999.882 879798.698 998.882 6.0239 0.0 
