1000 2 81.09 422.533 32.859 0.1538 
2000 4 150.423 873.517 67.08 0.2784 
3000 6 228.243 1297.019 98.058 0.4739 
4000 8 254.906 1773.194 112.835 0.5228 
5000 11 260.604 2188.838 117.401 0.5572 
6000 12 334.543 2581.634 139.0 0.6946 
7000 13 366.589 3012.321 157.273 0.7522 
8000 15 449.437 3464.568 194.4 1.0158 
9000 16 504.493 3866.533 211.928 1.1903 
10000 17 554.044 4312.123 237.184 1.4244 
11000 18 598.64 4804.067 263.179 1.7092 
12000 20 565.068 5279.142 250.544 1.946 
13000 22 549.975 5741.577 247.911 2.1004 
14000 25 503.962 6189.606 225.873 1.9484 
15000 26 553.066 6612.964 243.61 2.2309 
16000 27 586.059 7110.551 263.449 2.2848 
17000 28 600.853 7515.503 274.56 2.2747 
18000 29 640.768 7769.954 280.118 3.0305 
19000 30 676.691 7945.718 272.246 3.6175 
20000 31 699.222 8090.504 257.775 3.9329 
21000 32 729.3 8357.995 249.405 4.2324 
22000 33 756.37 8608.54 254.064 4.7853 
23000 34 780.733 8867.706 253.967 5.1066 
24000 35 802.66 9166.91 252.727 5.2865 
25000 37 743.554 9484.412 234.729 4.9694 
26000 38 769.199 9837.642 243.482 5.2458 
27000 49 315.067 10127.771 98.431 2.3316 
28000 64 119.427 10297.164 29.206 0.8631 
29000 100 23.324 10374.438 1.416 0.1433 
30000 150 20.017 10428.91 2.393 0.1224 
31000 200 20.0 10584.798 3.355 0.1243 
32000 250 20.0 10720.204 2.101 0.1205 
33000 293 21.839 10894.621 3.989 0.1317 
34000 321 31.007 10784.346 -4.076 0.1872 
35000 323 33.756 11165.143 -3.838 0.2059 
36000 324 130.38 11433.511 36.935 0.7941 
37000 325 217.342 11733.939 58.68 1.3216 
38000 326 295.608 12078.816 84.641 1.7921 
39000 328 366.643 12363.634 114.235 2.2226 
40000 329 429.978 12627.72 125.556 2.6424 
41000 330 486.981 13070.474 146.701 3.4511 
42000 331 538.282 13342.048 168.374 4.0991 
43000 332 584.454 13724.502 185.552 4.3774 
44000 333 626.009 14141.807 207.122 4.5965 
45000 334 663.408 14486.226 221.226 4.7754 
46000 335 697.067 14929.134 242.461 4.9201 
47000 336 698.46 15155.779 246.384 4.8876 
48000 339 600.718 15394.467 203.091 4.1426 
49000 340 640.646 15701.398 199.727 4.4061 
50000 341 676.581 16120.945 219.108 4.7665 
51000 343 647.931 16455.9 218.438 4.508 
52000 344 683.138 16874.476 224.086 4.6961 
53000 345 714.824 17254.924 254.082 4.8676 
54000 346 743.342 17611.529 262.602 5.179 
55000 347 769.007 18120.426 274.335 5.3244 
56000 348 792.107 18630.662 299.239 5.4255 
57000 349 812.896 19107.349 321.828 5.5895 
58000 350 831.606 19548.542 328.823 5.7158 
59000 351 848.446 19969.327 341.092 5.7859 
60000 352 863.601 20391.313 347.837 5.991 
61000 353 877.241 20776.412 361.204 6.0452 
62000 354 889.517 21129.836 360.016 6.0555 
63000 355 900.565 21463.97 355.381 6.2524 
64000 356 910.509 21870.082 357.309 6.3459 
65000 357 919.458 22232.379 365.756 6.4741 
66000 358 927.512 22637.57 358.081 6.5587 
67000 359 934.761 22990.937 367.642 6.5654 
68000 360 941.285 23368.314 365.023 6.5493 
69000 361 947.156 23862.137 371.674 6.5263 
70000 362 952.441 24286.432 380.137 6.505 
71000 363 957.197 24656.877 384.555 6.4888 
72000 365 902.929 25097.635 361.572 6.069 
73000 370 598.838 25616.186 244.421 4.0226 
74000 371 638.954 26126.117 275.793 4.3984 
75000 372 645.059 26454.504 279.352 4.5076 
76000 379 390.531 26770.463 158.897 2.9171 
77000 380 451.478 27153.556 174.616 3.6014 
78000 382 484.997 27625.595 198.715 3.9744 
79000 384 482.748 28053.223 199.444 3.9022 
80000 388 355.576 28549.296 150.34 2.8222 
81000 390 373.706 29034.464 161.997 2.8865 
82000 392 387.802 29455.302 175.88 2.9489 
83000 393 449.022 29960.035 202.635 3.5477 
84000 395 457.108 30394.011 206.542 3.5418 
85000 399 393.402 30874.202 178.707 2.9818 
86000 400 454.062 31321.233 209.923 3.3762 
87000 402 471.39 31782.454 213.45 3.468 
88000 406 391.736 32147.302 171.823 2.8571 
89000 408 411.106 32516.125 173.97 2.9971 
90000 410 360.946 33017.764 151.673 2.6197 
91000 414 325.146 33505.982 144.073 2.3298 
92000 416 361.398 33952.115 164.368 2.5688 
93000 430 145.048 34494.778 70.846 1.193 
94000 440 105.703 35016.506 53.072 0.8346 
95000 441 195.133 35448.263 91.036 1.5068 
96000 442 275.62 35770.306 115.465 2.2293 
97000 443 348.058 36067.868 132.488 2.9873 
98000 444 413.252 36526.107 167.58 3.5115 
99000 445 471.927 37022.894 200.963 4.503 
100000 448 430.655 37345.706 173.148 4.2051 
101000 451 399.137 37691.018 156.268 3.8201 
102000 457 236.559 37957.383 94.658 2.1917 
103000 460 257.341 38365.377 86.534 2.1583 
104000 465 257.91 38743.82 98.601 2.0276 
105000 473 177.547 39118.734 66.877 1.3447 
106000 495 55.246 39622.485 25.151 0.3791 
107000 497 62.329 40139.154 28.849 0.4299 
108000 498 156.096 40462.547 77.813 1.1711 
109000 500 228.438 40814.609 95.605 1.7322 
110000 501 305.594 41232.807 123.78 2.1906 
111000 502 375.035 41705.514 152.606 2.7665 
112000 503 437.531 42264.268 183.977 3.2748 
113000 504 493.778 42798.753 225.677 3.7892 
114000 505 544.4 43262.126 253.525 4.2192 
115000 508 535.998 43843.52 257.965 4.0878 
116000 511 444.31 44365.511 214.71 3.3131 
117000 515 397.299 44921.343 201.862 2.8446 
