1000 2 10.709 -351.352 -5.296 0.2766 0.0 
2000 3 33.775 -634.658 -11.677 0.8971 0.0 
3000 3 33.775 -805.525 -11.677 0.8971 0.0 
4000 5 74.956 -1075.513 -20.459 1.7982 0.0 
5000 6 95.997 -1360.716 -26.03 2.1985 0.0 
6000 6 95.997 -1476.666 -26.03 2.1985 0.0 
7000 8 130.348 -1850.028 -34.746 2.8311 0.0 
8000 9 134.581 -2115.37 -36.938 2.9413 0.0 
9000 10 158.649 -2378.168 -42.999 3.3843 0.0 
10000 10 158.649 -2541.709 -42.999 3.3843 0.0 
11000 11 185.516 -2735.396 -46.646 3.8511 0.0 
12000 12 209.566 -3008.186 -53.167 4.2541 0.0 
13000 13 221.495 -3292.988 -56.783 4.4851 0.0 
14000 15 239.908 -3674.446 -63.368 4.8101 0.0 
15000 16 258.61 -3972.311 -68.695 5.1189 0.0 
16000 16 258.61 -4172.311 -68.695 5.1189 0.0 
17000 17 277.037 -4443.761 -73.999 5.4649 0.0 
18000 18 301.537 -4639.903 -77.92 5.9597 0.0 
19000 22 302.137 -5108.405 -82.31 6.078 0.0 
20000 22 302.137 -5302.025 -82.31 6.078 0.0 
21000 28 295.937 -6086.078 -89.126 6.1437 0.0 
22000 29 320.058 -6266.857 -93.122 6.6584 0.0 
23000 29 320.058 -6466.857 -93.122 6.6584 0.0 
24000 31 342.323 -6434.866 -97.019 7.1997 0.0 
25000 33 351.204 -6153.404 -86.92 7.6099 0.0 
26000 40 325.004 -6388.743 -77.158 7.2623 0.0 
27000 44 317.569 -6555.312 -75.893 7.2568 0.0 
28000 48 306.708 -6914.622 -76.399 7.1175 0.0 
29000 51 316.483 -7166.656 -76.594 7.402 0.0 
30000 52 326.853 -7255.676 -78.927 7.6264 0.0 
31000 55 325.016 -7313.93 -74.087 7.6967 0.0 
32000 59 317.031 -7534.225 -75.539 7.5968 0.0 
33000 61 323.079 -7523.341 -68.637 7.8379 0.0 
34000 65 326.359 -7166.453 -56.323 8.0567 0.0 
35000 69 319.844 -6791.175 -45.128 8.0307 0.0 
36000 73 311.744 -6324.273 -34.82 8.0084 0.0 
37000 79 294.43 -6377.977 -29.679 7.7112 0.0 
38000 89 261.18 -6592.253 -28.571 8.7454 0.0 
39000 92 265.903 -6136.914 -17.907 8.9174 0.0 
40000 96 260.425 -6089.234 -18.425 8.8349 0.0 
41000 99 266.51 -4999.323 2.159 9.2517 0.0 
42000 102 272.712 -4402.05 18.36 9.6072 0.0 
43000 105 271.608 -3351.608 30.177 9.7176 0.0 
