1000 7 17.398 -592.881 -11.533 0.4555 0.0 
2000 13 35.041 -1251.072 -22.241 0.8853 0.0 
3000 18 50.271 -1806.544 -30.728 1.2233 0.0 
4000 24 58.775 -2407.777 -37.964 1.4921 0.0 
5000 27 80.785 -2675.586 -42.043 2.009 0.0 
6000 31 89.551 -3105.094 -47.466 2.315 0.0 
7000 34 96.097 -3335.494 -50.16 2.4404 0.0 
8000 39 115.869 -3865.182 -53.862 2.7738 0.0 
9000 41 122.25 -4096.839 -56.95 2.8564 0.0 
10000 44 140.887 -4473.636 -60.666 3.1348 0.0 
11000 50 140.436 -5029.616 -64.472 3.1264 0.0 
12000 52 157.879 -5347.543 -67.967 3.4055 0.0 
13000 58 162.83 -5962.603 -71.919 3.4971 0.0 
14000 65 159.137 -6626.639 -75.689 3.428 0.0 
15000 66 174.795 -6872.672 -78.198 3.6432 0.0 
16000 69 180.662 -7182.083 -79.542 3.7204 0.0 
17000 71 185.496 -7497.553 -80.819 3.7736 0.0 
18000 72 206.586 -7755.275 -84.734 4.2318 0.0 
19000 82 193.264 -8788.596 -89.46 4.2774 0.0 
20000 93 172.575 -10072.267 -94.814 4.3704 0.0 
21000 105 154.211 -10515.677 -82.282 4.1552 0.0 
22000 121 128.481 -10955.121 -67.359 3.7385 0.0 
23000 136 111.807 -11468.063 -59.387 3.4885 0.0 
24000 153 96.088 -12031.417 -52.721 3.3253 0.0 
25000 160 101.022 -12561.406 -53.376 3.4777 0.0 
26000 162 103.423 -12885.287 -55.921 3.5393 0.0 
27000 164 127.629 -13242.234 -61.808 4.1912 0.0 
28000 166 138.911 -13585.605 -65.442 4.4346 0.0 
29000 167 162.993 -13863.868 -70.884 5.0477 0.0 
30000 167 162.993 -14063.868 -70.884 5.0477 0.0 
31000 168 189.773 -14220.213 -75.143 5.7664 0.0 
32000 169 216.017 -14401.724 -78.766 6.4811 0.0 
33000 171 231.631 -14778.876 -83.908 6.9146 0.0 
34000 176 227.773 -14362.907 -69.51 7.0801 0.0 
35000 182 218.026 -13686.228 -51.622 6.9727 0.0 
36000 185 223.338 -12610.104 -31.298 7.2781 0.0 
37000 188 226.522 -11495.473 -12.096 7.533 0.0 
38000 192 236.051 -10331.985 23.454 8.1699 0.0 
39000 195 241.976 -8966.099 49.129 8.4614 0.0 
40000 199 241.385 -7228.859 76.601 8.6314 0.0 
41000 202 248.286 -5432.821 110.316 8.9291 0.0 
42000 204 254.325 -3538.437 135.786 9.2355 0.0 
43000 207 261.047 -1923.732 163.301 9.4588 0.0 
44000 213 249.341 -849.482 165.588 9.0634 0.0 
45000 218 245.504 775.426 180.406 8.8998 0.0 
46000 225 232.781 1789.052 177.529 8.5011 0.0 
47000 229 232.825 3263.632 189.77 8.5215 0.0 
48000 234 231.15 5097.99 210.081 8.5137 0.0 
49000 237 234.059 7025.546 228.032 8.6566 0.0 
50000 240 237.641 8592.954 239.974 8.8337 0.0 
51000 243 242.458 10816.826 269.607 9.0955 0.0 
52000 246 247.777 12958.325 296.813 9.3769 0.0 
53000 250 254.01 15260.692 330.071 9.6922 0.0 
54000 252 256.235 17359.238 344.996 9.8383 0.0 
55000 257 257.914 19518.202 366.072 10.0473 0.0 
56000 260 259.413 21646.933 379.501 10.128 0.0 
57000 263 261.627 24169.995 400.136 10.2762 0.0 
58000 266 264.88 26208.669 419.087 10.4343 0.0 
59000 269 269.995 28431.731 437.967 10.7175 0.0 
60000 272 273.67 30553.647 452.34 10.9266 0.0 
61000 276 275.453 32730.043 467.731 11.0026 0.0 
62000 279 277.934 35043.036 484.057 11.1281 0.0 
63000 283 276.795 37392.188 494.518 11.1618 0.0 
64000 286 278.138 39992.298 509.922 11.2908 0.0 
65000 289 279.816 42410.813 525.665 11.4568 0.0 
66000 293 280.964 44657.888 536.914 11.7793 0.0 
67000 297 279.768 46703.311 537.283 11.8746 0.0 
68000 300 281.289 49164.382 550.03 12.022 0.0 
69000 303 283.095 51619.479 563.004 12.2848 0.0 
70000 306 285.627 53776.223 572.247 12.6245 0.0 
71000 310 285.81 56264.014 582.157 12.6507 0.0 
72000 313 284.131 58282.559 576.993 12.5312 0.0 
73000 317 285.166 60971.546 592.589 12.8114 0.0 
74000 320 285.863 63469.824 602.864 12.7696 0.0 
75000 323 288.004 65731.695 609.822 12.7856 0.0 
76000 326 289.8 68142.143 616.876 12.8092 0.0 
77000 329 291.012 70573.531 626.954 12.81 0.0 
78000 333 291.456 73255.384 637.936 12.7551 0.0 
79000 336 292.385 75805.4 645.443 12.7714 0.0 
80000 340 289.506 78107.807 643.335 12.5908 0.0 
81000 343 291.292 80102.474 645.72 12.6123 0.0 
82000 346 292.652 82134.278 642.024 12.6227 0.0 
83000 351 287.698 84771.785 639.879 12.3405 0.0 
84000 354 288.972 87389.996 649.386 12.3654 0.0 
85000 357 289.583 89761.614 651.313 12.3743 0.0 
86000 361 290.901 92221.48 661.422 12.3897 0.0 
87000 364 292.137 94441.304 662.614 12.4125 0.0 
88000 367 293.151 96866.456 668.412 12.4049 0.0 
89000 370 293.858 99089.754 667.758 12.3859 0.0 
90000 373 295.546 101558.777 675.452 12.4531 0.0 
91000 377 296.405 104125.64 683.852 12.459 0.0 
92000 380 297.384 106632.676 689.054 12.4556 0.0 
93000 383 297.091 109158.625 693.113 12.4272 0.0 
94000 388 291.339 111396.35 678.283 12.1263 0.0 
95000 391 291.662 114075.061 683.998 12.1244 0.0 
96000 395 288.846 116314.451 678.592 12.0022 0.0 
97000 399 288.049 118432.272 670.802 11.9587 0.0 
98000 402 288.06 120702.478 669.447 11.9346 0.0 
99000 405 288.363 123486.147 676.751 11.9358 0.0 
100000 409 289.701 125936.161 684.454 11.966 0.0 
