1000 1 49.1 56.0 2.6 0.0915 
2000 3 131.671 107.0 6.716 0.244 
3000 4 190.104 148.0 9.244 0.3521 
4000 6 296.754 193.0 13.288 0.5461 
5000 7 331.579 229.0 15.359 0.6101 
6000 9 397.949 295.0 17.691 0.7288 
7000 11 422.039 349.0 20.48 0.7728 
8000 12 447.535 416.0 24.432 0.8221 
9000 14 488.953 466.0 26.64 0.8965 
10000 16 496.922 531.0 27.398 0.9103 
11000 18 506.817 567.0 26.802 0.9292 
12000 20 508.442 624.0 27.18 0.9321 
13000 22 499.458 680.0 26.976 0.9146 
14000 24 495.481 733.0 26.23 0.9094 
15000 26 488.699 789.0 26.477 0.8961 
16000 28 485.807 847.0 26.776 0.8887 
17000 30 494.073 896.0 25.639 0.9065 
18000 31 518.466 935.0 26.275 0.9494 
19000 34 504.781 988.0 26.473 0.9243 
20000 36 503.522 1030.0 25.423 0.9228 
21000 37 535.37 1078.0 25.381 0.9829 
22000 38 532.833 1122.0 26.043 0.9782 
23000 40 574.885 1163.0 27.055 1.0526 
24000 42 560.807 1205.0 25.624 1.0271 
25000 43 585.326 1237.0 26.462 1.0742 
26000 45 582.324 1289.0 25.694 1.0681 
27000 47 587.733 1318.0 25.532 1.0761 
28000 48 590.759 1370.0 25.879 1.0823 
29000 49 598.883 1409.0 26.791 1.0965 
30000 50 632.895 1472.0 27.312 1.1608 
31000 52 661.125 1536.0 31.913 1.2118 
32000 53 668.712 1588.0 32.521 1.227 
33000 55 637.367 1644.0 32.042 1.1702 
34000 57 626.367 1707.0 32.844 1.151 
35000 59 607.318 1753.0 31.474 1.115 
36000 61 573.477 1821.0 29.604 1.0535 
37000 63 564.397 1863.0 29.509 1.0359 
38000 65 557.411 1938.0 30.482 1.022 
39000 66 575.87 1979.0 30.034 1.0567 
40000 68 572.085 2029.0 29.958 1.0506 
41000 70 583.349 2082.0 30.466 1.0716 
42000 71 601.714 2145.0 31.019 1.1037 
43000 73 594.648 2196.0 31.506 1.0887 
44000 75 601.585 2246.0 32.679 1.1023 
45000 76 614.327 2325.0 35.112 1.1266 
46000 78 618.694 2372.0 34.95 1.1348 
47000 79 620.125 2456.0 35.355 1.1393 
48000 80 663.213 2496.0 38.52 1.2174 
49000 82 647.162 2544.0 37.051 1.1892 
50000 84 601.721 2598.0 33.451 1.1044 
51000 86 584.634 2669.0 33.766 1.0755 
52000 88 571.904 2740.0 34.28 1.0511 
53000 89 583.513 2811.0 34.652 1.0713 
54000 91 588.156 2864.0 35.978 1.0805 
55000 93 585.796 2932.0 35.022 1.0756 
56000 94 624.717 3003.0 38.72 1.1445 
57000 96 604.51 3038.0 35.813 1.108 
58000 99 539.843 3070.0 29.485 0.9894 
59000 101 529.503 3133.0 29.353 0.9684 
60000 102 571.653 3202.0 33.717 1.047 
61000 104 565.489 3281.0 34.331 1.0346 
62000 105 576.14 3359.0 37.998 1.0536 
63000 106 619.826 3404.0 37.898 1.1337 
64000 108 623.229 3452.0 36.238 1.1404 
65000 109 628.906 3480.0 35.014 1.1526 
66000 111 640.844 3534.0 34.921 1.1722 
67000 112 650.559 3580.0 35.229 1.1903 
68000 113 666.704 3637.0 35.506 1.2187 
69000 116 617.165 3681.0 32.592 1.1295 
70000 117 608.948 3750.0 32.933 1.1141 
71000 119 623.378 3807.0 34.306 1.1418 
72000 121 592.696 3879.0 33.008 1.0852 
73000 122 605.327 3915.0 34.107 1.1099 
74000 124 606.025 3959.0 31.966 1.1083 
75000 126 600.12 4009.0 31.123 1.0972 
76000 127 607.608 4056.0 32.011 1.1099 
77000 129 601.312 4110.0 31.679 1.101 
78000 131 588.813 4159.0 30.11 1.0769 
79000 133 584.899 4210.0 30.229 1.07 
80000 134 598.709 4264.0 31.306 1.0929 
81000 136 583.184 4324.0 31.628 1.0644 
82000 138 561.499 4361.0 29.249 1.0272 
83000 140 568.784 4433.0 29.561 1.0396 
84000 141 616.306 4479.0 32.605 1.126 
85000 143 607.378 4521.0 31.45 1.1102 
86000 144 608.54 4593.0 33.305 1.1142 
87000 146 622.467 4627.0 32.047 1.1401 
88000 147 633.921 4714.0 34.342 1.1586 
89000 149 622.906 4780.0 36.367 1.1383 
90000 151 605.824 4850.0 35.868 1.1095 
91000 153 581.677 4907.0 33.913 1.0638 
92000 154 586.609 4972.0 33.221 1.0731 
93000 156 590.274 5027.0 35.659 1.0815 
94000 157 599.346 5094.0 34.893 1.0968 
95000 159 603.45 5154.0 36.604 1.1044 
96000 161 607.185 5200.0 35.699 1.1109 
97000 163 588.94 5246.0 33.546 1.0766 
98000 164 590.346 5279.0 32.292 1.0769 
99000 165 606.211 5349.0 31.962 1.1063 
100000 167 624.661 5395.0 33.02 1.14 
101000 168 625.995 5454.0 32.818 1.1428 
102000 170 656.486 5495.0 34.942 1.1975 
103000 172 624.494 5544.0 32.203 1.14 
104000 174 590.04 5594.0 29.885 1.0771 
105000 176 590.222 5639.0 30.027 1.0763 
106000 177 592.4 5702.0 31.624 1.0808 
107000 179 603.264 5745.0 31.425 1.0999 
108000 181 598.294 5824.0 33.865 1.0915 
109000 182 597.564 5889.0 33.378 1.09 
110000 184 598.397 5918.0 31.986 1.0904 
111000 185 611.357 5971.0 31.688 1.1147 
112000 187 603.55 6044.0 32.767 1.1001 
113000 189 585.835 6084.0 31.921 1.0679 
114000 191 595.566 6144.0 33.086 1.0853 
115000 193 580.869 6186.0 30.79 1.0588 
116000 194 582.182 6251.0 32.111 1.0594 
117000 196 580.037 6304.0 30.91 1.056 
118000 197 608.934 6338.0 31.519 1.1094 
119000 199 609.326 6382.0 30.04 1.1112 
120000 201 605.544 6424.0 29.953 1.1036 
121000 202 590.79 6481.0 29.857 1.075 
122000 204 587.6 6542.0 29.774 1.0694 
123000 206 606.246 6585.0 30.907 1.1038 
124000 208 567.959 6650.0 29.425 1.036 
125000 210 561.067 6700.0 29.084 1.0227 
126000 211 575.86 6756.0 30.776 1.0519 
127000 213 548.347 6804.0 28.968 0.9994 
128000 214 578.912 6875.0 29.972 1.0559 
129000 216 613.639 6931.0 33.407 1.1187 
130000 217 617.975 6993.0 33.466 1.1259 
131000 218 635.077 7046.0 35.72 1.1568 
132000 220 637.403 7100.0 36.333 1.1601 
133000 222 625.746 7178.0 35.54 1.1391 
134000 224 607.094 7232.0 36.127 1.1076 
135000 226 593.446 7296.0 35.093 1.0821 
136000 227 603.802 7341.0 34.784 1.0998 
137000 229 613.549 7402.0 35.515 1.12 
138000 231 601.745 7446.0 33.967 1.0964 
139000 233 583.404 7501.0 32.723 1.0631 
140000 235 569.067 7561.0 32.166 1.0376 
141000 237 537.354 7621.0 29.954 0.9792 
142000 239 532.417 7678.0 30.423 0.9701 
143000 241 517.508 7718.0 27.833 0.9425 
144000 243 526.751 7764.0 27.794 0.9596 
145000 244 544.276 7812.0 27.615 0.9932 
146000 246 538.654 7859.0 27.018 0.9825 
147000 247 560.088 7926.0 28.216 1.0216 
148000 249 587.011 7998.0 33.115 1.0705 
149000 251 590.199 8061.0 34.473 1.0753 
150000 253 564.441 8125.0 32.753 1.0282 
151000 254 570.297 8193.0 34.278 1.0392 
152000 256 588.451 8244.0 34.865 1.0741 
153000 258 577.185 8280.0 31.991 1.0533 
154000 259 596.767 8340.0 33.392 1.0888 
155000 261 569.641 8392.0 31.737 1.0388 
156000 263 569.419 8453.0 31.677 1.0392 
157000 264 570.277 8493.0 31.01 1.0395 
158000 266 612.705 8555.0 33.598 1.1187 
159000 267 620.934 8617.0 35.238 1.1333 
160000 269 625.807 8647.0 32.643 1.146 
161000 270 639.526 8683.0 32.178 1.1689 
162000 272 616.096 8740.0 31.825 1.1297 
163000 274 588.018 8792.0 30.398 1.0778 
164000 275 606.616 8839.0 30.158 1.1121 
165000 277 613.169 8930.0 34.498 1.1246 
166000 279 608.957 8983.0 34.613 1.1172 
167000 281 572.425 9042.0 32.387 1.0524 
168000 283 546.194 9091.0 30.283 1.0051 
169000 285 535.367 9159.0 30.16 0.9834 
170000 286 554.631 9232.0 32.844 1.0201 
171000 288 583.781 9286.0 33.823 1.0736 
172000 289 583.103 9328.0 33.541 1.0727 
173000 291 624.343 9398.0 36.798 1.1476 
174000 292 628.809 9448.0 36.018 1.1551 
175000 294 618.685 9504.0 35.155 1.1364 
176000 295 627.917 9575.0 35.739 1.1548 
177000 297 614.343 9643.0 35.839 1.1303 
178000 299 613.507 9708.0 37.98 1.1274 
179000 300 616.157 9744.0 35.882 1.1324 
180000 302 615.347 9814.0 36.534 1.1325 
181000 304 629.551 9873.0 37.783 1.1565 
182000 305 642.896 9954.0 40.004 1.1813 
183000 307 639.296 10013.0 40.054 1.176 
184000 308 616.666 10054.0 38.148 1.134 
185000 310 614.21 10126.0 37.78 1.131 
186000 312 581.24 10178.0 34.102 1.0704 
187000 314 577.494 10256.0 34.242 1.0638 
188000 315 598.145 10299.0 35.718 1.1004 
189000 317 620.827 10379.0 38.362 1.1395 
190000 318 619.245 10414.0 37.726 1.1368 
191000 320 647.228 10460.0 37.228 1.1837 
192000 321 647.405 10526.0 37.305 1.1863 
193000 323 644.918 10587.0 37.797 1.1814 
194000 325 623.214 10640.0 36.466 1.1413 
195000 326 623.792 10727.0 37.719 1.1431 
196000 328 617.362 10805.0 38.982 1.1318 
197000 330 598.643 10853.0 37.676 1.098 
198000 332 586.431 10907.0 35.897 1.0756 
199000 334 580.699 10951.0 34.087 1.0666 
200000 335 583.129 10998.0 33.278 1.0719 
201000 337 563.195 11035.0 30.455 1.0341 
202000 340 541.817 11081.0 28.292 0.9971 
203000 341 544.935 11130.0 28.063 1.0016 
204000 342 594.642 11197.0 31.156 1.0927 
205000 343 584.477 11240.0 31.241 1.0744 
206000 345 629.767 11313.0 34.235 1.1577 
207000 346 637.39 11382.0 36.212 1.1726 
208000 348 647.156 11418.0 35.451 1.1878 
209000 350 626.456 11461.0 33.366 1.1512 
210000 352 600.46 11523.0 32.506 1.1019 
211000 353 618.814 11577.0 33.256 1.1369 
212000 355 610.709 11636.0 32.917 1.1225 
213000 356 643.338 11683.0 34.225 1.1815 
214000 358 623.304 11749.0 34.012 1.1437 
215000 359 640.974 11817.0 35.711 1.1784 
216000 361 622.139 11881.0 36.706 1.143 
217000 363 600.652 11949.0 35.872 1.1041 
218000 364 613.587 12017.0 36.385 1.1291 
219000 366 589.645 12076.0 36.532 1.0834 
220000 367 593.481 12158.0 35.778 1.0909 
221000 369 646.9 12216.0 40.561 1.1903 
222000 371 626.289 12275.0 39.954 1.1536 
223000 372 610.46 12342.0 40.459 1.1222 
224000 374 621.522 12403.0 38.162 1.1437 
225000 376 612.643 12452.0 37.271 1.1253 
226000 378 582.621 12493.0 32.909 1.0699 
227000 379 609.759 12557.0 35.818 1.1177 
228000 381 602.015 12610.0 33.693 1.1041 
229000 382 612.413 12671.0 35.824 1.1243 
230000 384 625.955 12727.0 36.107 1.1468 
231000 385 627.159 12785.0 37.396 1.1489 
232000 387 648.199 12847.0 38.481 1.1898 
233000 388 623.079 12911.0 36.533 1.1433 
234000 390 613.484 12990.0 37.952 1.1253 
235000 392 592.842 13034.0 35.561 1.0875 
236000 394 610.172 13096.0 36.214 1.1173 
237000 395 619.555 13166.0 38.293 1.1362 
238000 397 633.389 13205.0 37.197 1.1616 
239000 398 621.251 13253.0 35.878 1.1393 
240000 399 640.025 13310.0 34.89 1.1723 
241000 401 663.051 13371.0 37.621 1.2152 
242000 402 670.846 13416.0 37.859 1.2298 
243000 404 652.635 13469.0 34.725 1.1964 
244000 405 659.971 13507.0 35.953 1.2081 
245000 407 651.767 13550.0 33.602 1.1942 
246000 409 630.211 13589.0 31.548 1.1565 
247000 411 585.701 13644.0 30.093 1.0745 
248000 413 583.848 13694.0 29.386 1.0711 
249000 415 583.917 13764.0 30.852 1.071 
250000 417 555.093 13828.0 30.15 1.0186 
251000 418 577.483 13872.0 31.235 1.0585 
252000 420 570.661 13935.0 30.991 1.0444 
253000 423 542.489 13991.0 30.215 0.9939 
254000 425 525.096 14039.0 28.164 0.9627 
255000 427 520.318 14078.0 26.433 0.9548 
256000 428 538.786 14137.0 28.59 0.9874 
257000 430 536.417 14191.0 28.518 0.9853 
258000 432 537.258 14258.0 28.959 0.986 
259000 434 519.999 14309.0 27.667 0.9546 
260000 436 534.219 14344.0 27.31 0.9793 
261000 438 525.627 14402.0 26.651 0.9647 
262000 439 536.065 14472.0 28.786 0.9838 
263000 441 539.262 14517.0 29.167 0.9909 
264000 444 515.707 14568.0 28.171 0.9458 
265000 446 510.093 14615.0 26.778 0.9369 
266000 448 501.205 14671.0 26.27 0.9202 
267000 450 514.286 14712.0 26.569 0.9445 
268000 451 525.158 14769.0 27.212 0.9652 
269000 454 505.418 14815.0 26.131 0.9295 
270000 456 507.528 14852.0 24.666 0.9332 
271000 458 499.648 14913.0 25.269 0.9184 
272000 460 484.905 14982.0 24.648 0.8924 
273000 461 509.714 15008.0 26.183 0.9358 
274000 463 526.979 15054.0 25.688 0.9693 
275000 465 514.883 15099.0 24.098 0.9468 
276000 467 546.465 15167.0 28.649 1.0041 
277000 468 554.019 15238.0 28.784 1.0184 
278000 470 568.305 15290.0 30.825 1.0445 
279000 471 584.875 15359.0 32.743 1.0754 
280000 473 589.998 15419.0 33.622 1.0848 
281000 474 584.399 15493.0 33.459 1.0737 
282000 476 625.783 15547.0 37.532 1.1472 
283000 477 638.305 15634.0 40.179 1.1704 
284000 478 624.274 15695.0 39.061 1.1445 
285000 480 643.482 15753.0 39.479 1.1797 
286000 481 671.234 15809.0 40.331 1.2307 
287000 483 654.429 15864.0 40.189 1.1991 
288000 485 615.868 15920.0 37.423 1.1283 
289000 488 563.678 15965.0 32.793 1.0348 
290000 490 536.119 16022.0 30.002 0.9838 
291000 491 572.407 16080.0 33.202 1.0505 
292000 493 556.59 16121.0 30.284 1.0217 
293000 495 547.138 16171.0 29.71 1.0037 
294000 496 560.424 16214.0 29.239 1.0262 
295000 498 584.953 16274.0 31.443 1.0702 
296000 500 575.012 16320.0 30.309 1.0531 
297000 502 571.27 16366.0 29.53 1.0439 
298000 503 580.243 16417.0 29.277 1.0595 
299000 504 570.119 16481.0 29.35 1.0417 
300000 506 615.386 16537.0 32.873 1.1245 
301000 507 630.747 16578.0 33.186 1.1519 
302000 509 654.275 16614.0 32.681 1.1947 
303000 510 637.048 16677.0 31.613 1.1609 
304000 512 631.719 16735.0 32.706 1.1522 
305000 513 672.547 16755.0 32.636 1.2259 
306000 515 657.583 16816.0 32.575 1.1981 
307000 517 625.692 16857.0 30.566 1.1408 
308000 519 599.521 16907.0 29.458 1.0913 
309000 520 587.769 16968.0 29.012 1.0707 
310000 522 612.193 17011.0 30.49 1.1147 
311000 524 586.986 17060.0 28.807 1.0701 
312000 526 584.529 17105.0 28.574 1.066 
313000 527 574.676 17143.0 27.416 1.0484 
314000 529 596.627 17184.0 27.567 1.0883 
315000 531 592.228 17221.0 26.199 1.0777 
316000 533 575.825 17267.0 26.011 1.0482 
317000 535 565.298 17313.0 25.899 1.0301 
318000 536 575.468 17370.0 26.309 1.0519 
319000 538 580.419 17416.0 27.151 1.0605 
320000 540 554.87 17466.0 26.162 1.0145 
321000 542 547.204 17529.0 27.191 1.0008 
322000 544 548.136 17583.0 27.675 1.0041 
323000 545 554.222 17634.0 27.707 1.0161 
324000 547 570.21 17687.0 29.243 1.0456 
325000 548 570.389 17742.0 29.719 1.0447 
326000 550 594.965 17817.0 32.812 1.0906 
327000 552 601.122 17863.0 32.838 1.1023 
328000 553 614.109 17939.0 34.854 1.1273 
329000 555 595.969 18000.0 34.552 1.0939 
330000 557 591.445 18052.0 33.637 1.0864 
331000 559 569.06 18095.0 30.996 1.0434 
332000 561 546.849 18141.0 29.937 1.0011 
333000 562 562.664 18202.0 31.043 1.0309 
334000 564 591.428 18267.0 32.875 1.0817 
335000 565 590.485 18309.0 32.687 1.078 
336000 567 599.173 18330.0 29.647 1.0933 
337000 569 587.5 18368.0 28.074 1.0732 
338000 571 575.195 18405.0 25.64 1.0498 
339000 572 576.775 18464.0 27.176 1.0508 
340000 574 575.388 18519.0 28.292 1.0482 
341000 576 562.594 18598.0 28.007 1.025 
342000 578 556.371 18673.0 30.056 1.0161 
343000 580 554.171 18717.0 30.635 1.01 
344000 582 547.218 18767.0 30.684 0.997 
345000 584 543.237 18837.0 31.364 0.9922 
346000 586 511.852 18879.0 28.095 0.9321 
347000 588 530.77 18921.0 27.337 0.9676 
348000 590 521.974 18986.0 28.373 0.9528 
349000 592 518.969 19042.0 29.012 0.9448 
350000 594 531.415 19106.0 30.42 0.9701 
351000 596 517.866 19158.0 29.16 0.945 
352000 597 511.479 19229.0 29.244 0.9317 
353000 599 541.368 19277.0 30.748 0.9873 
354000 601 534.688 19349.0 31.046 0.975 
355000 603 537.457 19407.0 30.857 0.981 
356000 605 532.821 19471.0 31.644 0.9724 
357000 607 538.175 19512.0 30.932 0.9795 
358000 608 550.557 19561.0 30.539 1.0043 
359000 610 546.751 19612.0 29.726 0.9963 
360000 612 564.719 19648.0 29.378 1.0287 
361000 613 543.547 19708.0 29.04 0.9909 
362000 615 580.013 19748.0 29.793 1.0559 
363000 616 601.212 19815.0 31.413 1.0937 
364000 618 616.761 19863.0 32.825 1.1232 
365000 619 625.485 19936.0 34.542 1.1407 
366000 621 607.623 19971.0 32.089 1.1072 
367000 622 631.761 20037.0 33.88 1.152 
368000 624 637.866 20070.0 33.333 1.1623 
369000 625 623.48 20106.0 31.1 1.1366 
370000 627 622.408 20148.0 30.541 1.1345 
371000 629 610.771 20192.0 28.788 1.1115 
372000 630 616.494 20229.0 28.809 1.1213 
373000 632 622.64 20277.0 28.316 1.1349 
374000 634 599.468 20339.0 28.656 1.09 
375000 635 605.922 20380.0 29.39 1.1043 
376000 637 606.746 20425.0 28.376 1.1041 
377000 639 613.125 20472.0 29.004 1.1155 
378000 640 621.812 20519.0 28.504 1.1331 
379000 641 627.931 20573.0 29.654 1.1431 
380000 643 659.694 20617.0 31.529 1.1997 
381000 644 635.925 20668.0 31.077 1.1586 
382000 646 651.759 20725.0 31.692 1.187 
383000 648 641.395 20776.0 32.25 1.1675 
384000 649 627.355 20838.0 30.925 1.1422 
385000 651 645.748 20880.0 31.92 1.1749 
386000 653 600.636 20945.0 31.375 1.0951 
387000 654 612.372 20999.0 32.937 1.1149 
388000 656 622.841 21051.0 32.349 1.135 
389000 658 605.372 21100.0 31.053 1.1028 
390000 660 592.651 21135.0 29.313 1.0809 
391000 661 599.286 21201.0 30.782 1.0922 
392000 663 597.282 21269.0 31.623 1.0875 
393000 665 591.078 21321.0 32.445 1.0766 
394000 667 560.223 21380.0 30.94 1.0213 
395000 669 550.811 21422.0 29.852 1.0036 
396000 671 551.267 21479.0 29.55 1.0024 
397000 672 575.84 21532.0 29.695 1.0494 
398000 674 561.28 21598.0 30.603 1.0205 
399000 675 579.552 21660.0 32.443 1.0545 
400000 677 591.657 21705.0 32.508 1.0789 
401000 678 609.892 21748.0 32.658 1.1117 
402000 680 608.352 21814.0 33.903 1.1072 
403000 681 614.317 21870.0 33.412 1.1174 
404000 683 607.477 21927.0 33.264 1.1061 
405000 685 600.086 21993.0 34.844 1.0945 
406000 686 621.978 22039.0 35.459 1.1374 
407000 688 607.602 22093.0 32.952 1.1103 
408000 690 565.918 22132.0 31.021 1.0373 
409000 692 568.653 22192.0 30.597 1.0421 
410000 694 568.099 22258.0 31.344 1.0424 
411000 696 564.94 22331.0 33.248 1.0352 
412000 698 544.512 22372.0 30.621 1.0003 
413000 699 540.56 22430.0 30.259 0.9898 
414000 701 559.224 22490.0 31.5 1.0257 
415000 703 580.841 22562.0 35.025 1.0626 
416000 705 550.882 22613.0 31.89 1.0079 
417000 706 575.993 22668.0 33.201 1.0525 
418000 708 568.165 22740.0 33.043 1.0366 
419000 710 557.813 22788.0 32.285 1.0167 
420000 712 576.969 22833.0 32.511 1.0535 
421000 713 568.972 22880.0 30.56 1.0393 
422000 715 558.517 22941.0 30.713 1.0194 
423000 716 614.766 22984.0 32.642 1.1196 
424000 718 597.62 23048.0 32.15 1.091 
425000 720 580.542 23079.0 30.841 1.0604 
426000 722 578.089 23134.0 30.202 1.0529 
427000 724 559.252 23182.0 28.573 1.0202 
428000 726 536.644 23248.0 29.084 0.9796 
429000 728 530.292 23304.0 28.608 0.9683 
430000 729 555.863 23380.0 31.148 1.0145 
431000 731 555.789 23446.0 32.729 1.0149 
432000 732 589.11 23495.0 32.957 1.0726 
433000 734 587.409 23538.0 33.275 1.0721 
434000 736 594.551 23582.0 32.303 1.0851 
435000 738 579.687 23634.0 31.305 1.0583 
436000 739 586.418 23705.0 31.775 1.0703 
437000 740 604.876 23789.0 35.597 1.1041 
438000 742 616.36 23844.0 37.144 1.1235 
439000 744 598.331 23919.0 37.056 1.0896 
440000 746 585.618 23986.0 36.886 1.0656 
441000 748 569.611 24060.0 37.447 1.0374 
442000 750 553.345 24141.0 36.952 1.0096 
443000 751 558.01 24201.0 37.557 1.0175 
444000 752 596.709 24245.0 38.601 1.0871 
445000 754 635.525 24306.0 39.937 1.1571 
446000 755 619.972 24384.0 39.043 1.1297 
447000 757 603.617 24471.0 40.195 1.1018 
448000 759 597.6 24519.0 39.858 1.0881 
449000 761 586.886 24568.0 36.935 1.0702 
450000 762 613.297 24633.0 38.042 1.119 
451000 764 608.721 24700.0 38.364 1.1104 
452000 766 599.254 24765.0 37.805 1.0913 
453000 768 591.356 24830.0 38.192 1.0779 
454000 769 580.52 24909.0 37.573 1.059 
455000 771 598.371 24968.0 38.664 1.0925 
456000 772 592.834 25029.0 38.897 1.0817 
457000 774 591.156 25101.0 38.307 1.0785 
458000 776 601.946 25173.0 40.269 1.0982 
459000 777 605.251 25238.0 40.942 1.1045 
460000 779 613.424 25340.0 43.403 1.1191 
461000 781 595.733 25409.0 41.436 1.0877 
462000 782 604.26 25496.0 44.093 1.1048 
463000 784 595.121 25575.0 45.165 1.0866 
464000 786 587.608 25644.0 43.644 1.0748 
465000 788 569.782 25720.0 43.121 1.0426 
466000 790 579.124 25785.0 42.558 1.0568 
467000 791 590.711 25865.0 43.602 1.0793 
468000 793 606.596 25944.0 45.878 1.107 
469000 794 615.136 26033.0 47.69 1.1239 
470000 795 639.823 26110.0 48.721 1.1684 
471000 797 642.946 26166.0 46.094 1.1768 
472000 798 631.452 26250.0 46.885 1.1552 
473000 799 661.707 26353.0 49.496 1.2095 
474000 801 663.672 26398.0 50.912 1.2146 
475000 803 631.425 26470.0 46.639 1.1545 
476000 805 608.944 26539.0 44.457 1.1124 
477000 807 607.325 26603.0 43.87 1.1108 
478000 808 591.292 26665.0 42.183 1.0799 
479000 810 621.357 26720.0 42.899 1.1351 
480000 812 610.989 26778.0 40.658 1.1162 
481000 813 624.39 26839.0 40.092 1.141 
482000 815 610.586 26920.0 41.405 1.1144 
483000 816 629.327 27009.0 43.664 1.1478 
484000 818 628.155 27078.0 44.118 1.1462 
485000 819 648.04 27161.0 47.206 1.1844 
486000 821 649.082 27239.0 47.907 1.1865 
487000 822 657.874 27353.0 50.916 1.1996 
488000 824 659.468 27426.0 52.292 1.2039 
489000 825 658.321 27513.0 52.263 1.2013 
490000 826 683.789 27583.0 53.237 1.2468 
491000 828 651.909 27654.0 50.882 1.188 
492000 830 617.386 27723.0 47.824 1.1269 
493000 832 630.793 27778.0 46.148 1.1483 
494000 833 631.114 27841.0 45.733 1.1488 
495000 835 627.672 27892.0 43.484 1.143 
496000 837 607.234 27964.0 41.282 1.1051 
497000 838 612.511 28020.0 40.954 1.1139 
498000 839 632.56 28078.0 41.758 1.1522 
499000 841 643.103 28143.0 42.484 1.1689 
500000 843 630.274 28198.0 40.132 1.1461 
501000 844 629.146 28250.0 39.919 1.1444 
502000 846 644.779 28320.0 40.194 1.1742 
503000 847 645.001 28371.0 38.975 1.1748 
504000 849 630.461 28425.0 38.25 1.149 
505000 851 605.273 28499.0 36.062 1.104 
506000 853 604.971 28541.0 36.28 1.1025 
507000 854 582.474 28603.0 34.152 1.0616 
508000 856 612.434 28668.0 36.213 1.1169 
509000 858 602.002 28731.0 36.493 1.0981 
510000 859 599.401 28793.0 36.144 1.092 
511000 861 610.445 28874.0 38.036 1.1143 
512000 863 610.371 28952.0 41.409 1.1125 
513000 864 605.533 29045.0 41.868 1.1026 
514000 866 622.732 29115.0 43.943 1.1349 
515000 868 587.053 29203.0 42.434 1.0705 
516000 869 600.248 29265.0 44.091 1.0958 
517000 870 603.723 29327.0 42.982 1.102 
518000 872 636.336 29397.0 44.735 1.1607 
519000 873 626.302 29479.0 45.062 1.1419 
520000 875 668.515 29561.0 49.51 1.2207 
521000 876 674.963 29660.0 50.859 1.2305 
522000 878 652.33 29730.0 49.556 1.1904 
523000 880 619.657 29810.0 47.25 1.132 
524000 882 599.033 29866.0 44.443 1.0944 
525000 883 619.829 29942.0 46.398 1.1312 
526000 885 623.962 30027.0 47.353 1.1389 
527000 887 602.079 30088.0 44.256 1.0988 
528000 888 596.271 30144.0 42.73 1.0876 
529000 890 590.56 30199.0 40.661 1.078 
530000 892 597.173 30271.0 41.276 1.0913 
531000 894 589.77 30343.0 41.153 1.0756 
532000 895 616.893 30435.0 44.838 1.1261 
533000 896 612.904 30525.0 46.454 1.1205 
534000 898 647.012 30599.0 49.068 1.1833 
535000 899 650.911 30703.0 49.761 1.1906 
536000 900 664.22 30791.0 53.485 1.2197 
537000 902 648.328 30870.0 52.053 1.1933 
538000 903 651.995 30966.0 51.648 1.1999 
539000 904 698.296 31046.0 57.383 1.2873 
540000 906 697.36 31127.0 57.85 1.2892 
541000 908 676.151 31230.0 58.219 1.2511 
542000 909 673.636 31323.0 55.897 1.2476 
543000 911 651.005 31416.0 57.356 1.2066 
544000 913 622.684 31506.0 54.949 1.1529 
545000 915 618.014 31588.0 53.548 1.1468 
546000 917 594.112 31674.0 51.164 1.1003 
547000 918 598.3 31746.0 52.648 1.1083 
548000 920 597.653 31823.0 49.135 1.1082 
549000 922 601.029 31878.0 47.739 1.1126 
550000 923 595.026 31972.0 47.665 1.101 
551000 925 599.821 32045.0 46.449 1.1107 
552000 926 653.139 32100.0 49.304 1.2095 
553000 927 650.425 32196.0 50.574 1.2044 
554000 929 649.334 32273.0 50.225 1.2019 
555000 931 603.981 32333.0 46.692 1.1167 
556000 934 544.811 32393.0 39.944 1.0051 
557000 937 505.121 32472.0 38.439 0.9326 
558000 939 494.748 32544.0 35.806 0.9134 
559000 940 523.173 32590.0 37.625 0.966 
560000 942 549.87 32626.0 35.367 1.0141 
561000 943 559.083 32738.0 38.13 1.031 
562000 945 585.878 32806.0 41.975 1.0813 
563000 946 614.79 32906.0 46.778 1.1356 
564000 947 627.211 33028.0 50.3 1.1592 
565000 949 625.061 33133.0 53.593 1.1534 
566000 950 623.455 33238.0 54.834 1.1512 
567000 952 642.598 33299.0 55.265 1.1878 
568000 954 601.465 33392.0 51.165 1.1098 
569000 955 604.818 33516.0 52.648 1.1165 
570000 957 619.333 33572.0 53.885 1.1439 
571000 958 632.799 33663.0 54.797 1.1693 
572000 959 646.119 33726.0 55.817 1.1936 
573000 961 648.257 33798.0 54.352 1.1963 
574000 963 653.598 33881.0 54.075 1.2073 
575000 964 642.538 33970.0 54.567 1.1863 
576000 966 620.666 34073.0 53.25 1.1451 
577000 967 606.999 34161.0 52.025 1.1205 
578000 969 643.299 34234.0 54.59 1.1892 
579000 970 652.27 34327.0 54.931 1.2038 
580000 972 680.018 34400.0 57.294 1.2572 
581000 973 668.216 34497.0 56.965 1.2337 
582000 976 607.955 34571.0 51.438 1.124 
583000 977 598.759 34670.0 52.194 1.1067 
584000 979 611.455 34727.0 49.807 1.1283 
585000 980 620.11 34807.0 51.427 1.146 
586000 982 623.929 34893.0 50.806 1.1527 
587000 984 609.542 34993.0 51.203 1.1243 
588000 985 601.888 35063.0 48.682 1.1098 
589000 986 609.699 35144.0 50.114 1.1268 
590000 988 661.886 35225.0 53.482 1.2233 
591000 989 665.798 35312.0 54.534 1.2292 
592000 991 670.526 35384.0 55.373 1.238 
593000 992 676.274 35483.0 56.435 1.2494 
594000 994 671.062 35551.0 55.653 1.2396 
595000 995 690.955 35635.0 56.187 1.2767 
596000 996 689.36 35702.0 55.869 1.2728 
597000 998 686.762 35789.0 55.204 1.2665 
598000 999 663.585 35884.0 54.383 1.2252 
599000 1001 654.164 35966.0 53.8 1.2087 
600000 1003 637.253 36050.0 52.548 1.1753 
601000 1004 645.328 36138.0 53.294 1.1916 
602000 1006 658.205 36226.0 55.338 1.2146 
603000 1007 674.985 36306.0 54.904 1.2471 
604000 1009 667.518 36406.0 58.702 1.2335 
605000 1011 638.509 36491.0 55.629 1.1798 
606000 1011 638.509 36587.0 55.629 1.1798 
607000 1013 696.723 36656.0 59.109 1.2917 
608000 1014 696.65 36767.0 59.498 1.2917 
609000 1015 702.785 36862.0 61.849 1.3032 
610000 1017 692.936 36969.0 62.787 1.2839 
611000 1019 687.788 37027.0 60.758 1.2759 
612000 1021 636.868 37127.0 56.414 1.1789 
613000 1022 632.882 37224.0 55.172 1.1718 
614000 1024 632.034 37312.0 56.47 1.1695 
615000 1026 637.458 37366.0 54.56 1.1789 
616000 1027 623.812 37478.0 52.604 1.1535 
617000 1029 613.868 37559.0 54.35 1.1345 
618000 1031 584.963 37642.0 50.473 1.0798 
619000 1032 602.066 37742.0 52.126 1.1112 
620000 1034 625.584 37820.0 55.142 1.1551 
621000 1035 626.125 37925.0 56.228 1.1558 
622000 1037 651.102 37991.0 57.364 1.1983 
623000 1038 664.291 38096.0 59.228 1.2208 
624000 1040 640.026 38180.0 56.765 1.1731 
625000 1041 647.923 38279.0 56.888 1.1879 
626000 1043 639.028 38382.0 58.389 1.1691 
627000 1045 633.083 38462.0 57.855 1.1589 
628000 1046 635.174 38551.0 56.17 1.1618 
629000 1047 642.857 38635.0 56.653 1.1767 
630000 1048 666.171 38701.0 58.988 1.2162 
631000 1050 697.739 38792.0 61.12 1.2731 
632000 1051 711.665 38868.0 61.608 1.3001 
633000 1053 674.709 38971.0 58.952 1.2323 
634000 1054 670.738 39061.0 58.457 1.2251 
635000 1056 645.828 39169.0 57.18 1.1776 
636000 1058 661.4 39240.0 59.286 1.2072 
637000 1059 668.16 39326.0 59.157 1.22 
638000 1061 634.26 39422.0 55.418 1.1561 
639000 1062 673.534 39524.0 61.776 1.2276 
640000 1064 637.982 39621.0 58.088 1.1636 
641000 1065 640.184 39681.0 56.68 1.1674 
642000 1067 632.339 39770.0 55.43 1.1544 
643000 1068 633.405 39856.0 56.087 1.1563 
644000 1070 656.148 39910.0 54.951 1.1948 
645000 1071 679.433 39974.0 51.356 1.2375 
646000 1072 682.59 40024.0 54.12 1.2447 
647000 1074 678.098 40116.0 52.057 1.2346 
648000 1076 657.289 40190.0 51.366 1.1966 
649000 1077 690.16 40285.0 54.43 1.2582 
650000 1078 690.844 40369.0 55.087 1.258 
651000 1080 675.794 40487.0 57.17 1.2323 
652000 1081 673.315 40562.0 57.053 1.2274 
653000 1083 663.625 40660.0 56.913 1.2104 
654000 1085 658.906 40740.0 56.06 1.202 
655000 1087 631.984 40817.0 53.518 1.1524 
656000 1088 647.986 40921.0 54.766 1.1806 
657000 1089 654.687 41003.0 55.99 1.1942 
658000 1091 660.226 41096.0 56.472 1.2021 
659000 1092 665.804 41163.0 56.725 1.2136 
660000 1094 641.931 41267.0 56.697 1.1687 
661000 1096 635.644 41366.0 56.345 1.1588 
662000 1098 618.572 41439.0 54.219 1.1269 
663000 1099 628.215 41537.0 53.497 1.1459 
664000 1101 631.644 41613.0 55.063 1.1521 
665000 1102 615.579 41700.0 53.956 1.1238 
666000 1104 625.849 41812.0 55.995 1.1405 
667000 1105 630.364 41903.0 55.795 1.1508 
668000 1106 684.228 41970.0 60.316 1.2485 
669000 1108 676.595 42052.0 58.816 1.2341 
670000 1109 704.935 42122.0 59.034 1.2843 
671000 1110 701.342 42202.0 59.231 1.2771 
672000 1112 685.937 42275.0 56.897 1.2497 
673000 1113 705.743 42356.0 58.907 1.2863 
674000 1115 691.772 42432.0 55.695 1.2612 
675000 1117 666.915 42508.0 54.543 1.2164 
676000 1118 656.524 42609.0 53.589 1.1964 
677000 1120 654.374 42691.0 54.667 1.1924 
678000 1121 658.537 42775.0 53.4 1.2018 
679000 1122 682.383 42841.0 56.06 1.245 
680000 1124 664.26 42900.0 53.099 1.2119 
681000 1126 628.941 42968.0 49.16 1.1458 
682000 1128 620.042 43041.0 47.66 1.1296 
683000 1130 612.124 43121.0 47.184 1.1148 
684000 1131 612.712 43200.0 47.766 1.1167 
685000 1133 633.576 43269.0 48.36 1.1564 
686000 1134 638.319 43339.0 48.124 1.1635 
687000 1136 614.598 43429.0 46.751 1.1209 
688000 1137 625.138 43510.0 47.176 1.1409 
689000 1139 640.542 43599.0 49.962 1.1683 
690000 1141 623.599 43649.0 47.169 1.1348 
691000 1142 612.639 43730.0 47.852 1.1148 
692000 1144 641.418 43833.0 51.85 1.1677 
693000 1145 655.676 43921.0 52.565 1.1968 
694000 1147 632.288 43997.0 50.008 1.1531 
695000 1148 629.459 44091.0 50.607 1.149 
696000 1149 671.813 44143.0 52.546 1.2257 
697000 1151 659.268 44218.0 51.703 1.2008 
698000 1153 640.597 44310.0 51.219 1.1679 
699000 1154 641.438 44385.0 50.797 1.1692 
700000 1155 662.994 44442.0 51.618 1.2098 
701000 1157 664.095 44532.0 50.76 1.2101 
702000 1158 657.586 44615.0 51.484 1.1992 
703000 1160 666.804 44707.0 53.242 1.2162 
704000 1162 652.431 44801.0 54.586 1.1894 
705000 1163 670.588 44876.0 54.728 1.2241 
706000 1165 644.027 44981.0 53.349 1.175 
707000 1167 622.262 45065.0 53.093 1.1343 
708000 1168 649.335 45145.0 54.784 1.1836 
709000 1170 643.202 45202.0 52.385 1.1732 
710000 1171 666.681 45308.0 55.246 1.2165 
711000 1172 668.113 45424.0 56.922 1.2185 
712000 1174 654.042 45513.0 57.457 1.195 
713000 1176 648.384 45562.0 54.54 1.1848 
714000 1177 631.145 45647.0 52.786 1.1512 
715000 1179 619.838 45743.0 51.307 1.1308 
716000 1181 611.769 45808.0 51.298 1.1162 
717000 1182 611.792 45927.0 51.668 1.1171 
718000 1184 615.501 46025.0 54.081 1.1237 
719000 1186 607.306 46126.0 55.136 1.1087 
720000 1188 600.448 46201.0 54.21 1.0963 
721000 1189 600.703 46283.0 52.889 1.0971 
722000 1191 585.23 46342.0 49.38 1.069 
723000 1193 596.166 46422.0 49.078 1.0925 
724000 1194 590.149 46507.0 48.37 1.0816 
725000 1196 599.181 46586.0 48.87 1.1002 
726000 1197 605.463 46660.0 48.383 1.112 
727000 1199 648.285 46727.0 51.99 1.1924 
728000 1200 675.356 46806.0 53.591 1.2429 
729000 1201 683.821 46889.0 55.532 1.2594 
730000 1202 684.339 46999.0 56.279 1.2628 
731000 1204 687.044 47069.0 56.716 1.2658 
732000 1206 646.566 47158.0 53.33 1.1937 
733000 1207 643.209 47242.0 53.097 1.1885 
734000 1209 644.8 47315.0 54.268 1.1907 
735000 1210 658.82 47395.0 54.742 1.216 
736000 1212 655.654 47481.0 53.051 1.2101 
737000 1214 629.8 47593.0 52.521 1.1631 
738000 1215 657.22 47670.0 54.669 1.2139 
739000 1217 663.838 47728.0 54.662 1.2265 
740000 1218 670.554 47816.0 55.496 1.2373 
741000 1220 650.119 47884.0 51.711 1.2016 
742000 1221 653.707 47960.0 51.84 1.2077 
743000 1223 652.523 48039.0 51.961 1.2085 
744000 1224 630.97 48141.0 51.065 1.1667 
745000 1225 686.473 48232.0 56.458 1.2681 
746000 1226 709.026 48316.0 57.912 1.3084 
747000 1228 703.001 48408.0 59.729 1.2963 
748000 1229 716.501 48473.0 57.556 1.3215 
749000 1231 660.326 48561.0 54.51 1.2153 
750000 1233 635.774 48650.0 53.733 1.171 
751000 1235 631.317 48726.0 52.914 1.1603 
752000 1237 633.117 48792.0 51.82 1.1635 
753000 1238 641.605 48886.0 52.238 1.1801 
754000 1240 647.42 48975.0 54.403 1.1903 
755000 1241 629.178 49053.0 52.963 1.1579 
756000 1243 601.744 49136.0 49.38 1.1049 
757000 1245 604.503 49225.0 49.228 1.1108 
758000 1246 633.253 49275.0 50.705 1.1636 
759000 1248 612.285 49360.0 49.081 1.1239 
760000 1250 597.99 49431.0 47.586 1.0991 
761000 1252 560.232 49480.0 43.014 1.0293 
762000 1254 576.308 49538.0 40.972 1.0583 
763000 1256 550.68 49612.0 39.397 1.0114 
764000 1257 578.012 49653.0 38.457 1.0597 
765000 1259 561.689 49739.0 38.42 1.0309 
766000 1261 594.348 49802.0 41.211 1.0899 
767000 1262 591.614 49860.0 39.689 1.0863 
768000 1265 559.786 49916.0 36.753 1.0274 
769000 1266 563.408 49970.0 35.277 1.0349 
770000 1268 564.28 50052.0 36.025 1.0367 
771000 1270 561.327 50127.0 36.92 1.0298 
772000 1272 562.755 50197.0 38.485 1.0326 
773000 1274 541.131 50281.0 38.003 0.9928 
774000 1275 561.618 50347.0 39.203 1.0301 
775000 1278 522.718 50424.0 36.805 0.9599 
776000 1280 515.731 50480.0 35.072 0.9451 
777000 1282 509.372 50542.0 33.508 0.9349 
778000 1284 499.932 50599.0 32.862 0.9173 
779000 1286 526.435 50640.0 32.738 0.9647 
780000 1288 519.862 50706.0 32.698 0.9526 
781000 1290 508.908 50769.0 32.045 0.9312 
782000 1291 557.017 50825.0 34.341 1.0165 
783000 1293 545.864 50898.0 33.986 0.9965 
784000 1295 533.67 50970.0 33.999 0.9754 
785000 1297 528.523 51033.0 34.629 0.9662 
786000 1298 521.87 51103.0 34.266 0.9519 
787000 1300 559.215 51165.0 36.955 1.0224 
788000 1302 542.794 51220.0 34.604 0.9905 
789000 1304 528.073 51293.0 33.669 0.9626 
790000 1307 507.158 51339.0 31.634 0.9257 
791000 1308 532.543 51394.0 32.67 0.9723 
792000 1310 520.669 51459.0 31.913 0.9491 
793000 1313 498.826 51533.0 31.902 0.9111 
794000 1315 472.839 51618.0 30.78 0.8619 
795000 1317 480.12 51694.0 32.302 0.8751 
796000 1319 487.217 51782.0 34.965 0.8877 
797000 1320 491.395 51864.0 36.668 0.8979 
798000 1322 542.49 51941.0 39.871 0.9884 
799000 1323 528.941 52022.0 39.284 0.9664 
800000 1325 567.612 52095.0 42.12 1.0355 
801000 1326 566.451 52171.0 42.008 1.0323 
802000 1328 588.005 52247.0 45.117 1.0725 
803000 1330 589.394 52347.0 46.104 1.0742 
804000 1332 565.429 52409.0 43.185 1.0327 
805000 1333 608.186 52463.0 45.666 1.1087 
806000 1335 604.911 52541.0 45.19 1.1051 
807000 1336 620.62 52616.0 45.571 1.1305 
808000 1338 620.862 52699.0 46.862 1.1323 
809000 1339 637.576 52790.0 49.376 1.1623 
810000 1341 637.097 52868.0 50.265 1.1615 
811000 1342 635.987 52963.0 51.038 1.1596 
812000 1343 650.288 53042.0 51.434 1.1857 
813000 1345 669.153 53138.0 54.452 1.2216 
814000 1346 671.838 53212.0 54.907 1.2249 
815000 1348 671.529 53312.0 56.304 1.2261 
816000 1350 635.128 53413.0 54.537 1.1586 
817000 1351 654.516 53510.0 56.583 1.1954 
818000 1352 688.964 53598.0 61.125 1.2562 
819000 1353 692.268 53678.0 60.212 1.2635 
820000 1354 721.941 53741.0 61.591 1.3186 
821000 1355 736.647 53849.0 62.632 1.3461 
822000 1357 727.894 53963.0 64.672 1.3273 
823000 1358 752.004 54054.0 66.505 1.374 
824000 1360 715.514 54145.0 64.429 1.3092 
825000 1361 734.262 54206.0 64.186 1.3445 
826000 1363 677.782 54277.0 57.881 1.2406 
827000 1365 674.394 54365.0 57.963 1.2323 
828000 1366 684.454 54431.0 57.067 1.25 
829000 1368 658.468 54502.0 54.174 1.2031 
830000 1369 659.021 54592.0 54.157 1.2041 
831000 1371 661.117 54678.0 54.277 1.2062 
832000 1372 687.805 54814.0 59.149 1.2578 
833000 1373 703.525 54890.0 61.634 1.2851 
834000 1375 690.965 54987.0 61.274 1.2613 
835000 1376 707.169 55045.0 60.546 1.2919 
836000 1378 689.697 55131.0 58.523 1.2606 
837000 1379 679.827 55240.0 58.67 1.2408 
838000 1380 716.144 55301.0 60.303 1.3069 
839000 1382 682.817 55406.0 59.386 1.2478 
840000 1383 673.435 55484.0 58.347 1.2285 
841000 1385 699.042 55572.0 61.081 1.2764 
842000 1386 694.438 55659.0 60.673 1.2675 
843000 1388 686.425 55740.0 58.945 1.2524 
844000 1390 665.654 55819.0 57.256 1.217 
845000 1391 670.389 55930.0 56.93 1.2236 
846000 1393 667.025 55983.0 56.853 1.2166 
847000 1395 638.15 56082.0 55.671 1.1636 
848000 1396 642.635 56170.0 56.504 1.1738 
849000 1397 656.172 56251.0 56.554 1.1979 
850000 1398 660.754 56332.0 56.198 1.2046 
851000 1400 692.451 56446.0 60.451 1.2623 
852000 1402 672.935 56544.0 61.395 1.2298 
853000 1403 705.042 56616.0 62.456 1.2866 
854000 1404 691.538 56725.0 61.81 1.2643 
855000 1406 686.246 56836.0 63.856 1.2543 
856000 1407 698.521 56952.0 66.07 1.2763 
857000 1409 680.952 57050.0 66.907 1.2467 
858000 1410 678.257 57144.0 65.616 1.242 
859000 1412 666.238 57256.0 65.399 1.2217 
860000 1414 652.253 57353.0 65.103 1.1957 
861000 1415 679.328 57454.0 66.993 1.2447 
862000 1416 705.695 57526.0 67.494 1.2923 
863000 1417 679.325 57625.0 64.344 1.2464 
864000 1419 674.403 57754.0 64.909 1.2354 
865000 1421 667.267 57837.0 65.646 1.2223 
866000 1422 662.44 57931.0 64.082 1.2157 
867000 1424 668.627 58014.0 64.516 1.2268 
868000 1425 657.664 58124.0 62.465 1.2055 
869000 1428 607.028 58231.0 60.254 1.1153 
870000 1429 602.625 58338.0 59.128 1.1055 
871000 1431 615.386 58448.0 61.574 1.1301 
872000 1432 640.848 58504.0 62.717 1.1746 
873000 1434 638.367 58604.0 61.99 1.1706 
874000 1435 623.13 58731.0 61.691 1.1431 
875000 1436 657.617 58795.0 63.622 1.2044 
876000 1438 674.95 58881.0 63.364 1.2368 
877000 1439 685.355 58992.0 64.728 1.2562 
878000 1441 677.897 59061.0 63.759 1.2441 
879000 1442 672.008 59143.0 60.283 1.231 
880000 1444 672.666 59225.0 61.54 1.2334 
881000 1445 648.5 59338.0 60.086 1.1881 
882000 1447 650.995 59429.0 61.119 1.1951 
883000 1449 640.876 59525.0 59.687 1.1745 
884000 1451 614.799 59622.0 58.176 1.1267 
885000 1452 638.919 59731.0 60.559 1.1719 
886000 1454 632.175 59833.0 62.002 1.1576 
887000 1455 665.457 59928.0 65.102 1.2192 
888000 1456 648.311 60047.0 63.592 1.1848 
889000 1458 654.232 60178.0 66.76 1.197 
890000 1459 653.809 60259.0 67.284 1.1957 
891000 1461 671.615 60360.0 68.31 1.2294 
892000 1462 679.854 60464.0 69.279 1.2462 
893000 1463 682.868 60552.0 68.351 1.2515 
894000 1465 670.763 60655.0 66.654 1.2295 
895000 1467 645.978 60746.0 62.25 1.1822 
896000 1469 639.872 60795.0 59.522 1.1726 
897000 1470 639.185 60885.0 60.47 1.1715 
898000 1471 685.267 60990.0 62.523 1.2576 
899000 1472 735.34 61068.0 66.871 1.3491 
900000 1473 721.206 61162.0 65.784 1.3246 
901000 1475 708.047 61268.0 64.775 1.2999 
902000 1477 686.458 61360.0 65.038 1.2584 
903000 1478 704.312 61480.0 68.134 1.2913 
904000 1479 729.081 61573.0 69.02 1.3348 
905000 1480 716.873 61666.0 68.618 1.3125 
906000 1482 709.857 61741.0 65.941 1.2992 
907000 1483 713.371 61824.0 64.647 1.3077 
908000 1485 706.351 61895.0 63.244 1.2923 
909000 1486 710.116 61976.0 63.42 1.2998 
910000 1488 681.444 62059.0 59.08 1.2467 
911000 1489 706.399 62147.0 60.872 1.2914 
912000 1490 717.459 62249.0 63.385 1.3101 
913000 1492 695.212 62347.0 63.462 1.2711 
914000 1494 662.742 62462.0 60.694 1.2107 
915000 1495 673.668 62561.0 62.224 1.2299 
916000 1497 654.381 62659.0 63.122 1.1943 
917000 1499 656.588 62738.0 61.979 1.1975 
918000 1500 646.93 62874.0 61.781 1.1819 
919000 1501 686.437 62943.0 65.903 1.2531 
920000 1503 670.554 63061.0 66.771 1.223 
921000 1505 639.188 63180.0 63.795 1.1657 
922000 1506 648.67 63269.0 64.715 1.1842 
923000 1508 631.112 63375.0 62.419 1.1527 
924000 1509 650.801 63443.0 63.177 1.1874 
925000 1510 677.421 63522.0 63.26 1.2364 
926000 1512 649.051 63620.0 62.19 1.1881 
927000 1514 631.031 63698.0 59.294 1.157 
928000 1516 614.425 63799.0 57.298 1.125 
929000 1518 619.105 63880.0 57.332 1.1327 
930000 1519 621.194 63997.0 58.298 1.1365 
931000 1521 629.177 64073.0 59.012 1.1512 
932000 1522 620.56 64168.0 57.511 1.1342 
933000 1523 630.104 64292.0 59.66 1.1498 
934000 1524 685.393 64358.0 63.594 1.2531 
935000 1526 702.878 64441.0 65.361 1.2837 
936000 1527 711.991 64559.0 67.025 1.2997 
937000 1529 667.102 64664.0 64.03 1.2167 
938000 1531 655.643 64751.0 63.294 1.1965 
939000 1532 677.379 64871.0 65.465 1.2361 
940000 1533 684.841 64958.0 66.118 1.25 
941000 1534 676.057 65056.0 65.807 1.2321 
942000 1536 677.266 65171.0 66.633 1.2346 
943000 1537 697.239 65246.0 67.27 1.2716 
944000 1539 689.314 65365.0 68.269 1.2563 
945000 1540 693.182 65459.0 68.842 1.2643 
946000 1542 695.798 65543.0 67.492 1.2696 
947000 1544 670.756 65637.0 65.358 1.2241 
948000 1545 680.081 65753.0 65.823 1.2415 
949000 1547 670.225 65861.0 67.906 1.2237 
950000 1548 647.403 65955.0 64.916 1.1808 
951000 1550 648.316 66063.0 65.252 1.1817 
952000 1551 648.285 66175.0 66.227 1.1818 
953000 1553 647.021 66266.0 64.883 1.1787 
954000 1554 638.318 66360.0 64.495 1.1651 
955000 1556 633.198 66451.0 61.431 1.1562 
956000 1558 616.77 66538.0 59.109 1.1248 
957000 1560 616.904 66645.0 61.418 1.1257 
958000 1561 642.914 66743.0 61.977 1.1737 
959000 1563 631.04 66828.0 61.351 1.1515 
960000 1564 620.236 66910.0 57.616 1.1314 
961000 1566 619.091 67023.0 59.909 1.1302 
962000 1567 628.382 67137.0 61.818 1.1457 
963000 1569 646.929 67227.0 63.323 1.1816 
964000 1571 614.803 67355.0 62.791 1.1233 
965000 1572 621.323 67472.0 65.112 1.1379 
966000 1574 611.271 67594.0 64.831 1.1184 
967000 1576 601.16 67703.0 64.943 1.1017 
968000 1578 593.699 67826.0 65.784 1.0899 
969000 1579 645.529 67916.0 70.005 1.1867 
970000 1580 624.577 68055.0 68.505 1.1471 
971000 1582 633.037 68151.0 69.269 1.1644 
972000 1583 659.533 68240.0 71.442 1.2145 
973000 1584 661.38 68387.0 72.998 1.2186 
974000 1585 698.242 68477.0 75.898 1.2876 
975000 1587 699.656 68574.0 75.797 1.2902 
976000 1588 702.59 68684.0 74.618 1.2975 
977000 1590 672.728 68822.0 74.64 1.2404 
978000 1591 676.655 68916.0 73.976 1.2485 
979000 1593 675.301 69034.0 73.871 1.2432 
980000 1594 683.871 69136.0 74.784 1.2588 
981000 1596 675.665 69254.0 74.775 1.2434 
982000 1598 642.599 69391.0 72.348 1.1826 
983000 1599 650.939 69462.0 72.713 1.1988 
984000 1600 655.945 69580.0 71.742 1.2064 
985000 1602 660.536 69689.0 73.561 1.213 
986000 1604 666.804 69779.0 72.494 1.2239 
987000 1606 632.701 69887.0 68.36 1.1613 
988000 1607 636.531 70031.0 71.124 1.1669 
989000 1609 637.19 70129.0 70.651 1.1668 
990000 1610 651.971 70238.0 71.686 1.1927 
991000 1612 629.217 70339.0 68.725 1.1497 
992000 1613 616.095 70441.0 67.553 1.1262 
993000 1615 652.297 70544.0 69.478 1.1929 
994000 1616 632.567 70648.0 67.43 1.1553 
995000 1618 649.169 70776.0 71.068 1.1877 
996000 1619 632.152 70846.0 68.761 1.1557 
997000 1621 663.594 70944.0 67.747 1.2118 
998000 1622 674.034 71058.0 69.772 1.2304 
999000 1624 644.598 71167.0 66.905 1.1759 
1000000 1625 669.838 71272.0 69.315 1.2222 
1001000 1627 680.669 71343.0 69.415 1.2439 
1002000 1628 678.202 71464.0 70.074 1.2387 
1003000 1629 702.982 71515.0 70.566 1.2826 
1004000 1630 720.783 71626.0 70.71 1.3154 
1005000 1632 723.465 71725.0 71.485 1.3188 
1006000 1633 712.218 71831.0 70.636 1.2988 
1007000 1634 714.496 71922.0 70.273 1.3039 
1008000 1636 718.162 72032.0 70.141 1.3087 
1009000 1637 719.246 72135.0 71.927 1.3113 
1010000 1639 712.239 72258.0 72.761 1.3001 
1011000 1640 729.215 72340.0 74.085 1.3308 
1012000 1642 677.354 72451.0 68.419 1.2361 
1013000 1643 687.419 72529.0 69.377 1.2542 
1014000 1645 668.019 72655.0 68.425 1.2187 
1015000 1647 678.806 72763.0 70.704 1.2378 
1016000 1648 676.425 72889.0 70.934 1.2334 
1017000 1649 676.883 72983.0 71.241 1.236 
1018000 1650 683.594 73095.0 71.316 1.246 
1019000 1652 710.721 73220.0 75.526 1.2959 
1020000 1653 731.149 73314.0 77.674 1.3356 
1021000 1654 717.334 73404.0 76.306 1.3099 
1022000 1656 707.551 73508.0 73.598 1.2929 
1023000 1657 689.296 73617.0 72.238 1.2594 
1024000 1659 716.64 73734.0 75.723 1.3087 
1025000 1660 705.576 73838.0 74.751 1.2889 
1026000 1662 700.416 73934.0 73.268 1.2773 
1027000 1664 673.197 74048.0 72.037 1.2286 
1028000 1665 715.377 74150.0 76.433 1.3072 
1029000 1666 687.54 74280.0 74.39 1.2549 
1030000 1668 696.257 74368.0 74.026 1.2694 
1031000 1669 699.631 74452.0 72.523 1.2768 
1032000 1670 695.268 74531.0 71.371 1.2686 
1033000 1671 729.941 74617.0 70.134 1.3318 
1034000 1672 760.247 74710.0 73.421 1.3896 
1035000 1674 747.8 74833.0 73.591 1.3698 
1036000 1676 715.058 74941.0 73.328 1.3116 
1037000 1677 704.152 75060.0 72.196 1.2932 
1038000 1679 692.513 75179.0 72.618 1.2728 
1039000 1680 716.462 75277.0 74.557 1.3183 
1040000 1682 695.944 75344.0 71.091 1.2799 
1041000 1683 715.35 75449.0 71.782 1.3165 
1042000 1684 691.215 75547.0 70.304 1.2732 
1043000 1686 687.514 75661.0 68.676 1.2659 
1044000 1688 656.996 75731.0 64.797 1.2123 
1045000 1690 632.317 75855.0 63.446 1.1666 
1046000 1691 652.185 75934.0 64.701 1.2021 
1047000 1692 678.067 76027.0 65.931 1.253 
1048000 1694 641.914 76110.0 62.754 1.184 
1049000 1696 631.88 76229.0 62.101 1.1678 
1050000 1697 629.792 76322.0 62.991 1.162 
1051000 1699 656.962 76413.0 64.273 1.213 
1052000 1700 676.566 76502.0 64.445 1.2507 
1053000 1701 687.009 76610.0 64.701 1.27 
1054000 1702 721.708 76681.0 68.431 1.3346 
1055000 1704 688.404 76797.0 65.969 1.2746 
1056000 1705 693.463 76895.0 65.872 1.2843 
1057000 1707 709.015 76969.0 68.236 1.3125 
1058000 1708 725.014 77077.0 70.013 1.3427 
1059000 1709 711.312 77188.0 68.911 1.3153 
1060000 1710 742.081 77259.0 70.12 1.3728 
1061000 1711 749.573 77338.0 69.708 1.3884 
1062000 1713 765.334 77401.0 69.524 1.4167 
1063000 1714 755.901 77499.0 68.171 1.3984 
1064000 1715 775.311 77582.0 68.054 1.4349 
1065000 1717 747.532 77695.0 68.614 1.38 
1066000 1718 764.978 77790.0 69.253 1.414 
1067000 1719 770.781 77878.0 70.427 1.4227 
1068000 1721 734.302 77982.0 68.296 1.3545 
1069000 1722 746.472 78092.0 70.366 1.377 
1070000 1723 728.825 78172.0 70.53 1.3427 
1071000 1725 723.788 78293.0 68.829 1.3313 
1072000 1726 740.809 78350.0 69.746 1.3627 
1073000 1728 741.686 78417.0 67.364 1.3646 
1074000 1729 733.017 78540.0 67.628 1.348 
1075000 1731 724.954 78625.0 67.949 1.3344 
1076000 1732 718.058 78719.0 66.654 1.3208 
1077000 1734 677.837 78826.0 62.31 1.2469 
1078000 1736 666.408 78891.0 60.721 1.2233 
1079000 1737 662.467 78994.0 59.849 1.2159 
1080000 1739 635.249 79085.0 57.697 1.1677 
1081000 1740 643.824 79170.0 59.928 1.1812 
1082000 1742 645.157 79293.0 61.631 1.1861 
1083000 1744 639.667 79371.0 59.911 1.174 
1084000 1745 633.501 79476.0 59.82 1.1641 
1085000 1747 654.235 79555.0 61.654 1.1985 
1086000 1748 646.212 79677.0 62.289 1.1852 
1087000 1750 664.272 79766.0 64.674 1.2155 
1088000 1751 661.245 79912.0 66.207 1.2101 
1089000 1752 707.32 79974.0 68.586 1.2946 
1090000 1753 686.688 80086.0 66.427 1.257 
1091000 1755 717.647 80160.0 70.286 1.3117 
1092000 1756 728.683 80260.0 71.558 1.3331 
1093000 1757 748.014 80377.0 72.902 1.3674 
1094000 1758 733.613 80486.0 72.612 1.3417 
1095000 1759 750.452 80574.0 74.35 1.3716 
1096000 1761 745.736 80666.0 73.854 1.3617 
1097000 1763 727.566 80741.0 70.262 1.3282 
1098000 1764 731.909 80855.0 71.135 1.3363 
1099000 1766 712.817 80945.0 69.69 1.3022 
1100000 1767 701.035 81065.0 68.121 1.2818 
1101000 1768 738.631 81179.0 72.909 1.349 
1102000 1769 778.468 81251.0 76.918 1.423 
1103000 1770 778.121 81373.0 77.626 1.4233 
1104000 1771 756.709 81492.0 76.463 1.3873 
1105000 1773 770.645 81601.0 79.465 1.4159 
1106000 1774 756.58 81716.0 79.419 1.3928 
1107000 1776 740.26 81803.0 75.479 1.3622 
1108000 1777 785.534 81865.0 78.031 1.4474 
1109000 1777 785.534 81969.0 78.031 1.4474 
1110000 1779 800.542 82078.0 79.565 1.4719 
1111000 1780 786.988 82164.0 77.909 1.4495 
1112000 1781 785.389 82266.0 77.618 1.4463 
1113000 1783 809.605 82348.0 79.091 1.4895 
1114000 1784 792.745 82472.0 77.581 1.4581 
1115000 1785 827.37 82545.0 79.123 1.5211 
1116000 1786 817.733 82633.0 78.911 1.5012 
1117000 1787 825.36 82725.0 80.12 1.5147 
1118000 1789 802.102 82829.0 76.177 1.4723 
1119000 1790 811.191 82942.0 78.359 1.4895 
1120000 1792 755.305 83010.0 71.381 1.3866 
1121000 1794 723.377 83116.0 70.649 1.3306 
1122000 1795 713.139 83247.0 70.384 1.3093 
1123000 1796 748.925 83326.0 73.345 1.3777 
1124000 1797 764.033 83433.0 75.811 1.4045 
1125000 1798 758.83 83529.0 75.53 1.3934 
1126000 1800 749.242 83643.0 73.659 1.3794 
1127000 1801 765.618 83721.0 75.393 1.4078 
1128000 1803 716.1 83828.0 71.419 1.3161 
1129000 1805 681.221 83949.0 68.449 1.25 
1130000 1807 672.169 84021.0 67.024 1.2338 
1131000 1808 676.952 84124.0 67.221 1.2445 
1132000 1810 670.981 84194.0 64.179 1.2334 
1133000 1811 681.583 84307.0 66.361 1.2526 
1134000 1813 675.532 84346.0 60.733 1.2416 
1135000 1814 676.679 84427.0 60.759 1.2429 
1136000 1816 658.82 84509.0 56.525 1.2093 
1137000 1817 638.138 84562.0 55.073 1.1726 
1138000 1819 648.822 84636.0 52.649 1.1922 
1139000 1820 663.34 84682.0 50.984 1.2183 
1140000 1822 670.735 84738.0 48.707 1.2317 
1141000 1823 670.962 84789.0 48.336 1.2314 
1142000 1824 689.365 84850.0 49.203 1.2663 
1143000 1826 693.766 84920.0 46.984 1.2734 
1144000 1827 733.489 84988.0 50.886 1.3434 
1145000 1828 743.34 85085.0 52.197 1.3623 
1146000 1829 768.606 85166.0 54.477 1.409 
1147000 1830 753.946 85243.0 54.43 1.3821 
1148000 1832 746.796 85322.0 55.768 1.3671 
1149000 1834 716.245 85423.0 56.512 1.3099 
1150000 1835 703.52 85547.0 56.461 1.2877 
1151000 1836 735.468 85629.0 61.015 1.3461 
1152000 1837 720.721 85746.0 61.213 1.3173 
1153000 1838 746.649 85833.0 65.292 1.3658 
1154000 1840 751.726 85932.0 65.827 1.3743 
1155000 1841 741.753 85981.0 64.244 1.3556 
1156000 1842 731.678 86053.0 62.519 1.3367 
1157000 1844 748.689 86169.0 63.061 1.3667 
1158000 1845 790.42 86242.0 67.655 1.4426 
1159000 1847 731.65 86347.0 64.72 1.3369 
1160000 1849 696.277 86444.0 63.243 1.2705 
1161000 1850 694.949 86533.0 61.819 1.2701 
1162000 1852 663.119 86611.0 59.473 1.2118 
1163000 1854 625.226 86672.0 54.754 1.1433 
1164000 1856 631.643 86781.0 55.39 1.1569 
1165000 1857 633.879 86863.0 56.151 1.1651 
1166000 1859 647.552 86980.0 59.643 1.192 
1167000 1860 622.997 87046.0 57.678 1.1467 
1168000 1862 622.497 87140.0 53.269 1.1444 
1169000 1863 633.748 87237.0 54.042 1.1668 
1170000 1865 642.676 87338.0 56.804 1.1851 
1171000 1866 672.108 87406.0 59.224 1.2388 
1172000 1867 660.197 87483.0 58.002 1.2192 
1173000 1869 671.48 87581.0 59.621 1.2399 
1174000 1871 656.739 87673.0 58.983 1.2096 
1175000 1873 616.178 87781.0 56.846 1.1339 
1176000 1875 582.554 87887.0 55.146 1.0711 
1177000 1877 561.049 87978.0 52.518 1.029 
1178000 1879 590.51 88075.0 56.05 1.0809 
1179000 1881 574.513 88187.0 56.1 1.0515 
1180000 1882 580.562 88284.0 56.29 1.0625 
1181000 1884 570.285 88395.0 55.705 1.0455 
1182000 1886 578.351 88476.0 56.271 1.0578 
1183000 1887 585.016 88581.0 57.444 1.0699 
1184000 1889 564.983 88711.0 56.33 1.0343 
1185000 1891 569.136 88806.0 57.227 1.0408 
1186000 1893 563.72 88925.0 58.394 1.0296 
1187000 1894 586.448 88995.0 59.454 1.0735 
1188000 1896 588.103 89087.0 56.888 1.0751 
1189000 1898 572.333 89194.0 56.639 1.0462 
1190000 1899 582.9 89289.0 57.975 1.0649 
1191000 1901 572.559 89385.0 56.51 1.0448 
1192000 1903 573.203 89470.0 54.573 1.0463 
1193000 1904 602.683 89575.0 59.216 1.1014 
1194000 1906 600.913 89689.0 59.735 1.0997 
1195000 1907 651.022 89771.0 62.961 1.1895 
1196000 1909 637.227 89845.0 60.389 1.1639 
1197000 1910 651.205 89938.0 61.75 1.1894 
1198000 1912 624.746 90048.0 60.667 1.1415 
1199000 1913 626.871 90137.0 59.401 1.145 
1200000 1914 648.284 90221.0 61.361 1.1853 
1201000 1916 643.08 90324.0 60.182 1.1761 
1202000 1918 636.665 90415.0 60.867 1.163 
1203000 1919 667.698 90550.0 64.581 1.2218 
1204000 1920 715.129 90630.0 69.323 1.3088 
1205000 1922 680.694 90731.0 67.301 1.2446 
1206000 1923 674.225 90821.0 65.871 1.2334 
1207000 1925 654.212 90936.0 64.826 1.1966 
1208000 1927 631.402 91051.0 63.379 1.155 
1209000 1929 627.405 91149.0 64.027 1.1518 
1210000 1930 643.765 91268.0 65.524 1.1822 
1211000 1931 675.588 91340.0 66.372 1.2389 
1212000 1933 664.567 91399.0 62.921 1.2199 
1213000 1934 652.11 91517.0 63.329 1.1973 
1214000 1936 631.609 91645.0 62.296 1.1623 
1215000 1937 659.748 91708.0 64.667 1.2144 
1216000 1939 655.276 91797.0 62.81 1.2069 
1217000 1940 671.148 91904.0 63.529 1.2357 
1218000 1941 714.234 91986.0 67.176 1.3173 
1219000 1942 749.61 92071.0 68.959 1.3824 
1220000 1944 719.464 92156.0 67.756 1.3272 
1221000 1946 676.346 92271.0 65.643 1.2488 
1222000 1947 665.111 92395.0 64.878 1.2299 
1223000 1949 661.13 92506.0 66.522 1.2231 
1224000 1951 618.666 92613.0 63.382 1.1423 
1225000 1954 567.626 92711.0 58.477 1.0482 
1226000 1955 565.864 92811.0 58.629 1.047 
1227000 1957 563.389 92924.0 58.18 1.0407 
1228000 1959 554.955 92987.0 53.005 1.0264 
1229000 1961 555.364 93061.0 51.474 1.0223 
1230000 1963 561.955 93153.0 52.534 1.035 
1231000 1964 563.959 93248.0 51.781 1.0358 
1232000 1966 561.097 93382.0 53.652 1.0306 
1233000 1967 582.987 93464.0 56.387 1.0698 
1234000 1968 620.889 93550.0 59.349 1.1369 
1235000 1970 652.04 93637.0 62.082 1.1942 
1236000 1971 633.836 93750.0 60.574 1.1614 
1237000 1972 633.452 93847.0 61.717 1.1579 
1238000 1974 673.716 93938.0 64.19 1.2326 
1239000 1975 669.245 94065.0 65.471 1.2241 
1240000 1977 686.998 94152.0 68.922 1.256 
1241000 1978 690.398 94277.0 70.23 1.26 
1242000 1979 675.459 94382.0 67.507 1.2348 
1243000 1981 697.011 94495.0 72.52 1.2736 
1244000 1982 717.21 94595.0 74.268 1.3104 
1245000 1984 682.08 94689.0 70.597 1.2451 
1246000 1985 667.672 94802.0 68.638 1.2179 
1247000 1987 671.575 94914.0 69.557 1.2254 
1248000 1988 662.517 94996.0 69.701 1.2104 
1249000 1990 661.869 95091.0 68.268 1.2087 
1250000 1992 667.284 95183.0 67.157 1.2189 
1251000 1993 668.855 95299.0 66.541 1.221 
1252000 1994 668.67 95392.0 67.087 1.22 
1253000 1996 691.273 95486.0 69.66 1.2631 
1254000 1997 726.845 95553.0 70.194 1.3276 
1255000 1998 703.261 95676.0 67.875 1.2849 
1256000 2000 706.881 95759.0 68.749 1.2902 
1257000 2001 678.393 95884.0 67.174 1.2375 
1258000 2003 695.598 95948.0 67.591 1.2718 
1259000 2004 725.339 96042.0 68.832 1.3238 
1260000 2005 717.605 96144.0 69.049 1.3094 
1261000 2006 702.844 96224.0 68.044 1.284 
1262000 2008 705.274 96305.0 66.495 1.287 
1263000 2010 696.572 96410.0 65.041 1.2708 
1264000 2012 673.423 96496.0 62.963 1.2288 
1265000 2013 667.081 96625.0 63.367 1.2177 
1266000 2015 657.435 96719.0 64.137 1.2012 
1267000 2016 647.892 96818.0 63.524 1.1824 
1268000 2018 640.882 96922.0 63.334 1.1705 
1269000 2019 645.294 97008.0 62.001 1.1777 
1270000 2021 639.488 97133.0 62.761 1.1679 
1271000 2022 642.839 97228.0 64.285 1.1733 
1272000 2023 662.156 97311.0 66.956 1.2091 
1273000 2024 704.94 97373.0 67.96 1.2856 
1274000 2026 703.651 97495.0 66.568 1.2837 
1275000 2027 709.086 97592.0 68.411 1.294 
1276000 2029 683.51 97706.0 67.473 1.2469 
1277000 2031 683.043 97784.0 66.123 1.2469 
1278000 2032 695.739 97883.0 66.911 1.2698 
1279000 2033 699.165 97989.0 67.42 1.2771 
1280000 2034 723.748 98081.0 68.978 1.321 
1281000 2035 769.674 98168.0 72.68 1.407 
1282000 2037 736.546 98286.0 72.311 1.3456 
1283000 2038 734.891 98387.0 73.18 1.3437 
1284000 2040 711.372 98490.0 69.856 1.2988 
1285000 2041 726.335 98576.0 71.17 1.327 
1286000 2042 737.201 98671.0 71.453 1.3455 
1287000 2044 729.333 98787.0 72.367 1.3312 
1288000 2045 735.0 98882.0 73.03 1.3413 
1289000 2046 733.7 98964.0 72.727 1.3401 
1290000 2048 711.767 99077.0 71.629 1.3007 
1291000 2050 685.981 99186.0 69.66 1.2535 
1292000 2051 706.383 99289.0 71.094 1.2906 
1293000 2053 698.25 99388.0 70.866 1.2745 
1294000 2054 714.425 99506.0 72.379 1.3048 
1295000 2055 731.483 99603.0 74.441 1.3361 
1296000 2056 732.834 99698.0 73.797 1.3389 
1297000 2057 730.951 99805.0 75.017 1.3339 
1298000 2059 763.14 99889.0 77.074 1.3925 
1299000 2060 743.426 100027.0 76.167 1.3583 
1300000 2061 763.884 100094.0 77.05 1.3944 
1301000 2063 767.356 100186.0 76.841 1.4009 
1302000 2064 757.42 100314.0 76.656 1.3857 
1303000 2065 748.978 100412.0 76.191 1.37 
1304000 2067 761.992 100482.0 75.775 1.3954 
1305000 2068 748.493 100588.0 75.597 1.371 
1306000 2070 727.609 100697.0 73.154 1.3332 
1307000 2071 719.048 100806.0 72.838 1.3176 
1308000 2072 716.344 100881.0 71.454 1.3116 
1309000 2074 714.808 100974.0 69.888 1.3091 
1310000 2075 713.327 101036.0 68.499 1.308 
1311000 2077 714.835 101127.0 65.174 1.3103 
1312000 2078 719.152 101187.0 63.257 1.3181 
1313000 2079 727.237 101245.0 62.031 1.3322 
1314000 2080 760.813 101323.0 63.528 1.393 
1315000 2081 756.732 101389.0 62.875 1.3869 
1316000 2083 748.453 101478.0 60.809 1.3713 
1317000 2084 742.907 101550.0 61.428 1.363 
1318000 2086 747.545 101613.0 57.927 1.3711 
1319000 2087 750.39 101698.0 59.334 1.3758 
1320000 2089 720.546 101760.0 56.101 1.3202 
1321000 2091 685.652 101827.0 51.752 1.2576 
1322000 2092 701.787 101901.0 50.976 1.2851 
1323000 2093 703.709 101968.0 52.279 1.29 
1324000 2094 716.338 102061.0 53.651 1.3116 
1325000 2096 725.654 102143.0 55.677 1.3286 
1326000 2097 738.088 102240.0 57.609 1.3527 
1327000 2098 727.079 102307.0 57.949 1.3326 
1328000 2100 718.584 102400.0 58.278 1.3184 
1329000 2102 674.573 102502.0 55.805 1.2356 
1330000 2103 676.816 102585.0 56.025 1.2413 
1331000 2105 696.441 102674.0 59.12 1.2772 
1332000 2107 658.377 102782.0 58.357 1.2081 
1333000 2108 637.839 102880.0 57.322 1.1689 
1334000 2110 667.53 102960.0 59.63 1.2246 
1335000 2111 677.677 103067.0 60.867 1.2428 
1336000 2112 671.509 103156.0 60.181 1.2321 
1337000 2114 664.452 103246.0 58.746 1.2192 
1338000 2115 680.707 103343.0 61.372 1.2478 
1339000 2117 696.073 103411.0 62.361 1.2746 
1340000 2119 649.839 103516.0 58.922 1.1895 
1341000 2121 621.85 103623.0 58.727 1.1381 
1342000 2122 618.965 103740.0 58.654 1.1337 
1343000 2125 579.51 103835.0 56.534 1.0607 
1344000 2126 577.759 103948.0 57.281 1.0563 
1345000 2128 586.575 104065.0 59.267 1.0735 
1346000 2130 591.586 104151.0 59.867 1.0836 
1347000 2131 626.327 104238.0 61.38 1.1458 
1348000 2133 600.935 104322.0 56.928 1.1001 
1349000 2135 587.587 104432.0 57.801 1.0744 
1350000 2137 575.746 104491.0 53.079 1.0516 
1351000 2138 577.271 104584.0 53.571 1.0555 
1352000 2140 590.6 104707.0 56.583 1.079 
1353000 2141 601.04 104792.0 57.024 1.0967 
1354000 2143 605.042 104890.0 57.18 1.1053 
1355000 2144 614.738 104982.0 58.062 1.1213 
1356000 2146 628.158 105071.0 59.06 1.1467 
1357000 2147 621.342 105166.0 58.354 1.1359 
1358000 2149 642.917 105255.0 60.457 1.173 
1359000 2150 630.425 105345.0 57.911 1.1501 
1360000 2152 625.754 105484.0 60.898 1.1429 
1361000 2153 619.079 105583.0 61.308 1.1299 
1362000 2155 667.844 105688.0 67.91 1.22 
1363000 2156 650.86 105820.0 67.219 1.189 
1364000 2157 682.674 105896.0 69.197 1.2452 
1365000 2159 663.976 106031.0 68.669 1.2131 
1366000 2161 663.69 106117.0 69.342 1.2121 
1367000 2162 672.521 106225.0 68.608 1.2282 
1368000 2163 679.869 106343.0 71.147 1.2419 
1369000 2165 664.784 106478.0 71.179 1.2137 
1370000 2166 683.806 106559.0 72.261 1.2494 
1371000 2168 652.053 106696.0 70.712 1.1912 
1372000 2170 664.453 106784.0 72.386 1.2137 
1373000 2171 675.107 106908.0 74.048 1.2327 
1374000 2173 666.597 106989.0 71.009 1.2174 
1375000 2174 670.537 107127.0 73.008 1.2229 
1376000 2175 678.083 107217.0 73.107 1.2372 
1377000 2177 683.708 107310.0 72.497 1.2473 
1378000 2178 668.637 107429.0 71.847 1.2192 
1379000 2179 692.273 107531.0 73.062 1.2655 
1380000 2181 705.481 107629.0 74.67 1.2869 
1381000 2182 699.833 107739.0 73.903 1.2795 
1382000 2183 741.35 107810.0 74.813 1.3534 
1383000 2185 726.873 107907.0 74.619 1.3286 
1384000 2186 736.186 108021.0 73.657 1.3446 
1385000 2187 753.467 108112.0 74.991 1.3759 
1386000 2189 706.549 108227.0 72.503 1.2906 
1387000 2190 704.794 108322.0 72.052 1.2878 
1388000 2192 715.333 108416.0 73.193 1.3044 
1389000 2193 714.5 108542.0 73.373 1.3043 
1390000 2195 693.085 108648.0 73.652 1.2643 
1391000 2196 701.576 108731.0 72.987 1.28 
1392000 2198 687.727 108853.0 72.0 1.2555 
1393000 2200 645.909 108981.0 68.42 1.1796 
1394000 2202 635.606 109075.0 68.45 1.1611 
1395000 2204 613.761 109176.0 65.044 1.1215 
1396000 2205 594.285 109315.0 64.24 1.085 
1397000 2207 611.391 109422.0 67.514 1.1168 
1398000 2209 589.376 109573.0 66.977 1.0774 
1399000 2211 591.635 109677.0 68.581 1.0802 
1400000 2212 583.171 109807.0 67.823 1.0646 
1401000 2214 598.919 109909.0 68.637 1.0916 
1402000 2215 625.227 110016.0 70.673 1.1405 
1403000 2216 643.404 110120.0 70.506 1.1726 
1404000 2217 688.364 110204.0 74.255 1.2559 
1405000 2218 706.227 110315.0 74.93 1.2894 
1406000 2220 711.274 110382.0 74.343 1.2978 
1407000 2221 704.847 110480.0 72.809 1.2864 
1408000 2223 667.956 110548.0 65.905 1.2184 
1409000 2224 663.76 110620.0 64.515 1.2117 
1410000 2226 657.616 110710.0 61.167 1.2016 
1411000 2228 624.339 110812.0 58.965 1.1422 
1412000 2230 642.194 110876.0 58.892 1.1742 
1413000 2232 616.938 110945.0 54.472 1.1281 
1414000 2233 610.544 111039.0 53.225 1.1155 
1415000 2235 622.21 111107.0 52.802 1.138 
1416000 2237 609.34 111160.0 49.54 1.1146 
1417000 2238 607.506 111258.0 48.386 1.109 
1418000 2240 601.33 111352.0 50.393 1.0979 
1419000 2241 626.897 111423.0 51.453 1.1459 
1420000 2243 599.477 111480.0 48.287 1.0963 
1421000 2245 606.226 111551.0 46.743 1.1077 
1422000 2247 570.163 111656.0 44.492 1.0401 
1423000 2249 586.972 111735.0 48.778 1.0713 
1424000 2250 587.675 111837.0 48.9 1.0737 
1425000 2252 575.707 111919.0 49.019 1.0507 
1426000 2254 585.632 111976.0 47.306 1.0697 
1427000 2256 567.292 112061.0 46.368 1.0365 
1428000 2257 574.663 112142.0 47.131 1.0504 
1429000 2259 566.957 112246.0 46.206 1.0347 
1430000 2260 593.961 112277.0 47.285 1.0858 
1431000 2262 612.069 112370.0 47.691 1.1195 
1432000 2263 631.062 112434.0 49.522 1.1536 
1433000 2266 583.332 112504.0 44.787 1.0642 
1434000 2267 584.899 112580.0 44.408 1.0679 
1435000 2269 591.008 112645.0 44.46 1.0803 
1436000 2271 589.467 112712.0 43.463 1.0768 
1437000 2273 561.058 112789.0 40.715 1.0241 
1438000 2275 548.747 112862.0 40.009 0.9997 
1439000 2276 558.672 112908.0 38.908 1.0177 
1440000 2278 571.754 112962.0 37.756 1.0416 
1441000 2280 577.811 113012.0 37.072 1.0546 
1442000 2282 549.497 113076.0 35.118 1.0009 
1443000 2284 530.703 113131.0 32.916 0.9697 
1444000 2286 525.029 113186.0 31.802 0.9572 
1445000 2288 535.694 113261.0 34.26 0.9764 
1446000 2290 526.182 113316.0 32.02 0.9603 
1447000 2292 535.937 113376.0 33.506 0.9774 
1448000 2293 573.044 113458.0 36.856 1.0449 
1449000 2294 613.339 113518.0 39.07 1.1192 
1450000 2296 575.835 113617.0 38.807 1.0492 
1451000 2298 555.776 113700.0 39.394 1.0146 
1452000 2300 571.419 113762.0 40.569 1.0432 
1453000 2301 577.277 113831.0 41.212 1.0527 
1454000 2303 600.174 113913.0 43.942 1.093 
1455000 2304 575.657 113985.0 42.247 1.0494 
1456000 2306 577.652 114080.0 41.78 1.0549 
1457000 2308 600.858 114158.0 45.242 1.095 
1458000 2310 593.485 114222.0 44.516 1.0823 
1459000 2310 593.485 114309.0 44.516 1.0823 
1460000 2313 603.821 114394.0 47.488 1.1008 
1461000 2315 588.425 114490.0 47.706 1.0724 
1462000 2317 569.744 114574.0 46.591 1.0395 
1463000 2319 555.983 114652.0 45.099 1.0146 
1464000 2320 569.284 114729.0 44.789 1.0374 
1465000 2322 571.49 114806.0 45.829 1.0416 
1466000 2323 593.241 114877.0 46.746 1.0811 
1467000 2325 591.425 114977.0 47.355 1.0777 
1468000 2327 576.045 115053.0 45.777 1.0491 
1469000 2329 567.156 115097.0 42.749 1.035 
1470000 2330 592.241 115162.0 42.475 1.0793 
1471000 2332 572.555 115237.0 42.744 1.0445 
1472000 2335 528.117 115331.0 40.001 0.962 
1473000 2336 525.806 115401.0 40.501 0.9581 
1474000 2339 521.323 115481.0 40.466 0.9523 
1475000 2341 505.262 115561.0 38.027 0.9209 
1476000 2343 521.502 115632.0 39.912 0.952 
1477000 2344 518.052 115721.0 40.121 0.9434 
1478000 2346 516.502 115809.0 40.638 0.9422 
1479000 2348 551.427 115870.0 42.287 1.004 
1480000 2349 561.584 115931.0 42.958 1.0224 
1481000 2351 579.133 116013.0 43.246 1.056 
1482000 2353 567.928 116095.0 43.699 1.0352 
1483000 2354 566.935 116181.0 45.229 1.0324 
1484000 2357 548.318 116272.0 44.104 0.9989 
1485000 2359 527.847 116362.0 42.914 0.9618 
1486000 2361 533.616 116449.0 44.471 0.9734 
1487000 2362 578.855 116495.0 44.624 1.0567 
1488000 2363 571.169 116587.0 44.561 1.0399 
1489000 2364 622.552 116629.0 44.805 1.1349 
1490000 2366 609.617 116716.0 45.212 1.1116 
1491000 2368 597.33 116810.0 45.912 1.0881 
1492000 2369 583.197 116903.0 46.021 1.0637 
1493000 2372 577.847 116969.0 45.996 1.0518 
1494000 2373 591.062 117074.0 48.096 1.0778 
1495000 2375 584.5 117183.0 50.498 1.0668 
1496000 2377 574.745 117258.0 48.963 1.0478 
1497000 2378 612.971 117353.0 53.467 1.1162 
1498000 2379 601.574 117430.0 51.62 1.0962 
1499000 2380 623.516 117515.0 53.858 1.1384 
1500000 2382 645.938 117622.0 56.625 1.1777 
1501000 2384 629.48 117727.0 56.826 1.1483 
1502000 2385 633.432 117809.0 57.044 1.1548 
1503000 2387 628.59 117923.0 58.816 1.1474 
1504000 2389 619.358 118000.0 56.151 1.1305 
1505000 2390 639.822 118083.0 56.336 1.1666 
1506000 2392 636.026 118152.0 55.322 1.1606 
1507000 2393 635.823 118267.0 56.29 1.1605 
1508000 2394 636.841 118349.0 57.261 1.1627 
1509000 2396 663.491 118444.0 59.891 1.2102 
1510000 2397 651.342 118503.0 58.402 1.1899 
1511000 2399 686.697 118573.0 58.256 1.2543 
1512000 2400 680.427 118672.0 58.13 1.2432 
1513000 2401 678.585 118760.0 57.517 1.2392 
1514000 2403 694.244 118866.0 61.099 1.2678 
1515000 2405 671.987 118970.0 61.42 1.2274 
1516000 2406 661.089 119077.0 60.678 1.2062 
1517000 2408 655.062 119158.0 58.879 1.1957 
1518000 2410 620.62 119250.0 56.622 1.1319 
1519000 2411 664.958 119309.0 57.46 1.2141 
1520000 2413 650.306 119390.0 56.563 1.1877 
1521000 2414 667.975 119470.0 57.406 1.2184 
1522000 2416 656.46 119554.0 56.809 1.1993 
1523000 2417 656.914 119667.0 57.828 1.1994 
1524000 2419 653.67 119754.0 58.501 1.1934 
1525000 2420 664.903 119834.0 57.551 1.2141 
1526000 2421 651.213 119924.0 57.496 1.1887 
1527000 2423 671.143 120024.0 58.641 1.2256 
1528000 2424 689.128 120090.0 61.577 1.2595 
1529000 2425 692.015 120214.0 61.92 1.2627 
1530000 2427 711.723 120309.0 65.315 1.3011 
1531000 2429 682.605 120388.0 62.065 1.2456 
1532000 2430 679.645 120485.0 61.959 1.2404 
1533000 2433 614.866 120567.0 55.753 1.124 
1534000 2434 621.679 120666.0 55.578 1.1353 
1535000 2436 626.74 120774.0 59.458 1.1439 
1536000 2437 611.766 120861.0 57.212 1.1176 
1537000 2439 643.291 120916.0 56.332 1.1744 
1538000 2440 642.262 121032.0 56.299 1.1727 
1539000 2442 632.772 121125.0 57.412 1.1573 
1540000 2444 613.835 121242.0 58.994 1.1218 
1541000 2445 599.052 121339.0 56.694 1.0958 
1542000 2447 605.862 121428.0 57.432 1.1073 
1543000 2449 577.678 121537.0 54.83 1.0554 
1544000 2451 580.869 121619.0 55.332 1.0598 
1545000 2452 587.682 121707.0 55.699 1.0721 
1546000 2453 601.214 121787.0 56.929 1.098 
1547000 2456 597.844 121876.0 55.608 1.0915 
1548000 2457 596.56 121953.0 54.248 1.0901 
1549000 2459 574.723 122084.0 52.721 1.0484 
1550000 2460 638.351 122148.0 58.649 1.1656 
1551000 2461 630.616 122234.0 57.884 1.1503 
1552000 2463 660.579 122325.0 59.116 1.2044 
1553000 2464 659.421 122453.0 61.604 1.2023 
1554000 2466 651.901 122546.0 62.589 1.1892 
1555000 2467 684.011 122631.0 62.63 1.2488 
1556000 2468 708.41 122705.0 64.767 1.2924 
1557000 2470 700.502 122773.0 62.392 1.2796 
1558000 2471 713.452 122870.0 63.552 1.3021 
1559000 2473 689.176 122975.0 63.707 1.2577 
1560000 2474 653.658 123089.0 60.137 1.194 
