1000 11 61.283 -111.765 -6.513 0.4759 
2000 21 84.818 -171.603 -6.677 0.6343 
3000 31 96.205 -228.25 -5.658 0.7434 
4000 42 89.531 -256.752 -3.558 0.6738 
5000 52 90.728 -275.048 -2.52 0.71 
6000 62 101.078 -306.132 -2.781 1.1816 
7000 71 109.937 -330.336 -2.51 1.1682 
8000 79 111.564 -348.621 -2.428 1.0386 
9000 88 113.063 -333.991 -0.046 1.0038 
10000 94 132.142 -325.812 0.943 1.3715 
11000 100 150.173 -342.043 -1.456 1.5032 
12000 107 153.175 -322.985 1.149 1.6385 
13000 112 167.114 -314.871 0.427 2.1505 
14000 118 174.594 -287.212 2.796 2.4098 
15000 125 156.061 -274.466 2.627 2.0128 
16000 133 142.02 -238.314 3.679 1.696 
17000 139 149.618 -215.568 3.747 1.6392 
18000 142 154.319 -196.787 3.673 1.7667 
19000 146 222.713 -180.424 4.257 3.349 
20000 149 252.399 -175.243 3.91 3.6623 
21000 150 327.16 -161.654 4.751 4.9272 
22000 156 231.453 -109.819 5.56 3.1172 
23000 158 296.677 -89.404 7.061 3.898 
24000 159 367.009 -82.214 7.552 4.9786 
25000 160 430.308 -66.063 8.218 6.2998 
26000 164 369.057 -27.564 8.563 5.4686 
27000 165 346.152 -13.32 8.467 5.1087 
28000 166 411.537 7.288 8.955 5.9962 
29000 169 443.99 45.881 10.28 6.604 
30000 170 499.591 55.073 10.953 7.4293 
31000 177 331.224 117.894 10.505 4.8484 
32000 180 301.176 156.992 9.766 4.23 
33000 182 357.153 164.411 9.31 4.8148 
34000 183 342.437 177.461 9.034 4.572 
35000 184 408.194 184.023 9.557 5.7704 
36000 185 467.374 199.389 9.501 6.6507 
37000 187 512.873 212.899 8.979 7.9886 
38000 188 561.586 228.136 9.28 8.9143 
39000 193 431.052 258.798 8.688 6.5109 
40000 197 330.588 306.541 9.282 4.7296 
41000 201 327.707 336.605 9.519 4.2948 
42000 202 394.936 344.335 9.204 4.7656 
43000 203 455.443 358.534 9.985 5.5127 
44000 205 402.889 384.923 9.805 4.8376 
45000 207 433.24 399.311 9.293 5.1753 
46000 208 489.916 413.826 9.264 6.156 
47000 209 540.924 422.16 9.833 7.004 
48000 210 586.832 432.987 9.52 7.5753 
49000 214 503.236 472.19 10.475 6.4054 
50000 219 352.555 537.686 10.631 4.5695 
51000 220 417.3 547.064 10.881 5.3967 
52000 221 475.57 564.875 11.123 6.4182 
53000 222 528.013 576.892 11.405 7.2472 
54000 223 575.211 593.624 11.857 8.0205 
55000 225 582.721 606.828 11.396 8.2387 
56000 226 624.449 625.06 11.826 8.754 
57000 229 505.138 668.572 11.741 6.9329 
58000 230 554.625 682.842 12.61 7.5752 
59000 231 599.162 694.288 12.507 8.2526 
60000 232 639.246 710.47 12.548 8.8819 
61000 233 675.321 732.626 13.256 9.4028 
62000 235 658.41 760.559 13.64 9.2408 
63000 237 642.212 780.456 13.321 9.0311 
64000 238 598.891 797.619 13.165 8.371 
65000 242 522.636 836.53 11.94 7.0109 
66000 244 533.736 852.172 11.757 7.059 
67000 245 580.362 855.278 12.285 7.5661 
68000 249 460.846 858.281 7.039 6.0491 
69000 250 514.761 868.654 7.377 6.8217 
70000 252 519.557 888.488 8.549 7.0561 
71000 253 486.201 908.936 8.855 6.6171 
72000 254 537.581 928.714 9.25 7.2434 
73000 255 583.823 944.549 10.194 7.6736 
74000 256 625.441 954.009 10.915 8.2076 
75000 257 662.897 969.979 10.75 8.6423 
76000 260 624.952 981.782 9.307 9.3154 
77000 261 662.456 997.954 9.602 10.3886 
78000 262 696.211 1010.447 10.609 11.3067 
79000 263 726.59 1016.982 10.555 11.8225 
80000 264 710.331 1032.642 10.039 11.6899 
81000 266 692.868 1051.782 10.184 11.3317 
82000 267 723.581 1058.377 10.173 12.03 
83000 269 700.501 1078.811 10.245 11.4147 
84000 270 730.451 1090.518 10.424 11.8502 
85000 271 757.406 1104.5 10.696 12.0784 
86000 272 702.865 1123.11 10.637 11.1167 
87000 273 732.579 1131.05 11.06 11.5088 
88000 274 759.321 1143.89 10.839 11.6652 
89000 276 724.55 1167.631 10.484 10.8972 
90000 281 546.841 1212.905 10.774 7.6876 
91000 289 306.426 1289.102 9.797 3.9042 
92000 297 201.301 1364.488 9.849 2.2488 
93000 306 147.383 1415.188 7.302 1.4167 
94000 315 128.368 1483.086 7.435 1.0933 
95000 320 121.555 1520.954 7.303 1.0153 
96000 321 209.4 1533.404 7.101 1.9141 
97000 322 288.46 1546.369 7.896 2.9901 
98000 323 359.614 1564.673 8.667 4.1928 
99000 327 346.442 1593.71 9.176 4.2253 
100000 330 290.724 1640.804 9.483 3.4486 
