1000 8 69.955 -155.737 -9.503 0.5782 
2000 13 130.216 -209.528 -10.408 1.2836 
3000 22 120.152 -357.246 -14.497 1.5188 
4000 30 120.512 -403.718 -8.723 1.5977 
5000 36 135.53 -588.374 -18.371 1.645 
6000 40 176.6 -616.782 -16.155 2.3185 
7000 49 137.349 -911.558 -27.028 1.9438 
8000 58 124.637 -1108.002 -24.145 1.7313 
9000 65 125.254 -1291.325 -21.91 1.6151 
10000 73 129.125 -1328.805 -12.63 1.5935 
11000 79 149.249 -1330.875 -6.734 2.2847 
12000 88 127.312 -1354.473 -4.925 2.1788 
13000 93 154.489 -1363.645 -3.573 2.5533 
14000 104 108.525 -1312.351 2.484 1.8798 
15000 107 110.638 -1279.053 3.238 1.7401 
16000 116 130.757 -1341.707 -3.437 2.0082 
17000 122 114.767 -1417.019 -7.199 1.5412 
18000 126 179.964 -1443.556 -6.243 2.2342 
19000 135 134.771 -1544.439 -9.613 1.5604 
20000 145 117.906 -1595.76 -7.488 1.2972 
21000 156 103.511 -1704.463 -10.493 1.0494 
22000 167 89.538 -1822.671 -10.758 0.9369 
23000 177 103.363 -1872.381 -7.921 1.0041 
24000 185 107.633 -2022.812 -14.155 1.1057 
25000 194 110.767 -2168.707 -14.546 1.3886 
26000 202 123.317 -2235.013 -11.85 1.3788 
27000 210 123.795 -2235.922 -5.869 1.4515 
28000 218 118.641 -2264.051 -4.292 1.6164 
29000 223 117.541 -2259.536 -3.404 1.4878 
30000 229 162.407 -2330.528 -5.883 2.6463 
31000 238 124.661 -2396.376 -6.448 2.1092 
32000 248 111.836 -2474.552 -8.252 1.4945 
33000 258 103.577 -2508.588 -4.192 1.2113 
34000 268 100.147 -2511.506 -1.395 1.1042 
35000 276 114.736 -2487.959 0.318 1.1744 
36000 283 113.635 -2525.981 -2.976 1.2503 
37000 288 155.557 -2566.58 -4.34 1.9656 
38000 296 127.597 -2840.471 -17.988 1.6382 
39000 307 105.958 -2909.625 -9.035 1.5639 
40000 317 98.216 -3008.916 -9.677 1.3356 
41000 329 87.147 -3059.44 -5.075 1.0256 
