1000 11 59.547 -82.408 -5.495 0.4403 
2000 22 81.076 -122.554 -4.01 0.6456 
3000 34 85.623 -186.665 -4.941 0.6655 
4000 45 89.066 -242.767 -4.995 0.6823 
5000 55 95.339 -289.373 -4.893 0.8498 
6000 65 95.291 -349.752 -5.371 0.9031 
7000 76 90.395 -346.123 -1.754 0.8957 
8000 87 96.369 -350.609 -0.86 0.9897 
9000 92 128.719 -330.166 0.624 1.458 
10000 94 204.262 -330.797 1.252 2.6744 
11000 103 151.255 -282.853 3.589 2.2559 
12000 109 150.695 -242.124 4.571 2.5624 
13000 115 161.977 -203.512 5.589 2.9948 
14000 123 148.374 -176.424 4.56 2.5551 
15000 131 136.125 -126.56 5.55 1.8719 
16000 135 142.529 -84.393 6.062 1.8191 
17000 139 194.487 -73.028 5.889 2.912 
18000 149 135.461 -34.698 5.022 1.6822 
19000 154 145.68 24.085 6.242 1.6819 
20000 156 226.601 38.748 7.86 2.8471 
21000 157 224.141 55.001 7.538 2.8517 
22000 160 314.589 61.147 7.153 4.7116 
23000 166 242.646 103.247 6.949 3.431 
24000 167 318.382 121.651 8.032 4.4172 
25000 175 212.211 176.751 7.704 2.7331 
26000 183 161.495 241.186 7.646 1.8577 
27000 192 133.193 310.146 7.905 1.4017 
28000 200 126.543 381.333 8.335 1.3016 
29000 207 132.28 440.759 8.453 1.4545 
30000 215 131.242 503.194 8.212 1.4855 
31000 216 218.118 513.361 9.152 3.7388 
32000 223 180.678 543.208 6.439 2.8705 
33000 231 143.366 624.688 8.274 2.1923 
34000 240 129.32 697.031 8.676 1.7471 
35000 243 139.393 735.526 8.193 1.9393 
36000 244 225.453 751.361 8.914 4.0794 
37000 246 294.317 771.874 9.544 5.6007 
38000 249 319.117 788.327 9.191 6.0609 
39000 255 228.079 854.852 9.429 4.1899 
40000 260 225.366 907.874 10.15 3.5612 
41000 268 172.509 985.011 10.372 2.4283 
42000 276 147.169 1058.867 9.723 1.8189 
43000 283 140.47 1133.732 9.561 1.5904 
44000 289 158.767 1198.289 10.679 2.0158 
45000 290 242.89 1214.779 11.289 3.4424 
46000 292 221.711 1239.104 10.145 3.0979 
47000 294 317.986 1228.776 8.895 4.8341 
48000 298 310.448 1252.696 7.45 4.8832 
49000 299 379.403 1257.55 7.256 6.2009 
50000 300 441.463 1266.809 7.304 7.4042 
51000 304 354.98 1311.266 7.745 5.9893 
52000 305 419.482 1320.015 7.925 6.9842 
53000 307 448.38 1330.487 7.963 7.5384 
54000 309 398.398 1344.58 7.482 6.5925 
55000 310 458.558 1360.3 7.869 7.5585 
56000 314 437.577 1390.024 8.819 7.0414 
57000 315 493.819 1403.943 9.481 8.2121 
58000 316 544.437 1405.789 8.712 9.3802 
59000 317 589.994 1415.385 8.804 10.1481 
60000 320 473.892 1442.568 8.335 7.9824 
61000 322 448.443 1470.3 8.228 7.4746 
62000 327 389.06 1515.302 9.467 6.188 
63000 329 422.738 1530.194 9.598 6.8997 
64000 330 480.464 1547.312 10.245 7.9537 
65000 331 532.418 1566.165 11.125 8.9834 
66000 334 426.847 1618.618 10.751 7.1709 
67000 335 484.162 1630.823 12.121 8.2528 
68000 336 535.746 1654.37 12.314 9.006 
69000 337 582.171 1672.796 13.392 9.8402 
70000 338 623.954 1682.536 13.781 10.5386 
71000 339 661.559 1699.234 13.268 11.2836 
72000 340 695.403 1716.6 13.592 11.8528 
73000 341 725.863 1734.161 14.061 12.4021 
74000 343 697.449 1750.789 13.218 11.9467 
75000 344 727.704 1765.188 13.249 12.1136 
76000 345 754.933 1774.617 13.139 12.3828 
77000 349 602.368 1808.011 12.484 9.6974 
78000 351 512.528 1833.6 11.752 8.1733 
79000 355 446.846 1878.934 10.449 6.8384 
80000 356 502.161 1900.138 11.662 7.5687 
81000 357 551.945 1913.467 12.591 8.3768 
82000 358 596.75 1929.393 13.009 9.0737 
83000 359 637.075 1945.772 13.311 10.0286 
84000 360 673.368 1950.655 12.635 10.7051 
85000 363 600.395 1966.05 11.586 9.6198 
86000 364 640.356 1983.184 11.915 10.0871 
87000 371 377.991 2034.27 9.049 5.8376 
88000 380 220.615 2108.285 9.462 3.0429 
89000 385 190.903 2179.473 10.281 2.5163 
90000 387 260.632 2207.311 11.229 3.6957 
91000 388 334.568 2222.407 11.677 4.9473 
92000 389 317.112 2239.431 11.574 4.6498 
93000 390 385.4 2259.459 11.718 5.6424 
94000 391 446.86 2272.744 12.792 6.469 
95000 393 469.657 2296.597 12.131 6.9485 
96000 395 487.322 2311.041 11.784 7.4108 
97000 396 538.59 2329.682 11.681 8.4214 
98000 397 584.731 2335.137 12.573 9.1615 
99000 399 584.732 2360.643 11.242 9.1716 
100000 400 626.259 2372.48 12.14 9.9331 
