1000 1 20.0 499.78 9.996 0.0452 0.0 
2000 2 39.6 960.743 19.015 0.0894 0.0 
3000 3 58.808 1488.77 29.195 0.1324 0.0 
4000 4 77.632 2003.378 38.903 0.1747 0.0 
5000 5 96.079 2351.07 45.079 0.2171 0.0 
6000 6 114.158 2891.136 54.979 0.2574 0.0 
7000 7 131.874 3458.467 65.226 0.2971 0.0 
8000 8 149.237 4045.15 75.655 0.3361 0.0 
9000 9 166.252 4607.501 85.389 0.3743 0.0 
10000 10 182.927 5113.547 93.802 0.4115 0.0 
11000 11 199.269 5651.807 102.691 0.448 0.0 
12000 12 215.283 6158.065 110.763 0.4842 0.0 
13000 13 230.978 6730.147 119.989 0.5193 0.0 
14000 14 246.358 7237.511 127.737 0.5535 0.0 
15000 15 261.431 7713.91 134.71 0.5873 0.0 
16000 16 276.202 8037.522 138.488 0.6209 0.0 
17000 17 290.678 8452.782 144.023 1.3377 0.0 
18000 18 304.865 8660.358 145.294 2.48 0.0 
19000 19 318.767 9016.962 149.521 3.6061 0.0 
20000 20 332.392 9300.048 152.192 4.7292 0.0 
21000 21 345.744 9693.275 157.013 5.7955 0.0 
22000 22 358.829 10168.767 163.382 6.8422 0.0 
23000 23 371.653 10599.815 168.735 7.8719 0.0 
24000 24 384.22 10999.556 173.356 8.892 0.0 
25000 25 396.535 11455.626 179.01 9.8822 0.0 
26000 26 408.605 11895.158 184.22 10.8535 0.0 
27000 51 256.879 12264.456 113.801 7.1552 0.0 
28000 64 215.449 12682.804 95.554 6.5452 0.0 
29000 73 202.343 13084.053 89.163 6.7881 0.0 
30000 80 186.753 13598.565 82.704 6.5419 0.0 
31000 86 188.151 14087.459 84.694 7.124 0.0 
32000 88 203.884 14590.682 93.215 8.1968 0.0 
33000 94 190.703 15126.147 87.716 7.8543 0.0 
34000 95 206.889 15598.223 96.619 8.8696 0.0 
35000 98 214.722 15984.951 98.689 9.524 0.0 
36000 103 219.187 16475.101 101.158 10.0873 0.0 
37000 112 198.042 16948.208 91.285 9.3167 0.0 
38000 114 210.2 17485.996 98.631 10.1321 0.0 
39000 118 208.532 17972.548 97.968 10.2197 0.0 
40000 120 220.374 18463.35 103.83 11.0023 0.0 
41000 121 227.286 18958.754 107.273 11.4464 0.0 
42000 123 239.466 19393.023 113.711 12.2483 0.0 
43000 128 237.598 19829.551 111.334 12.3212 0.0 
44000 129 252.847 20286.308 118.055 13.2509 0.0 
45000 134 256.819 20735.962 119.52 13.653 0.0 
46000 141 242.951 21222.366 113.739 13.0374 0.0 
47000 146 232.945 21705.943 108.697 12.5734 0.0 
48000 147 248.286 22164.636 115.933 13.4969 0.0 
49000 156 228.184 22629.567 106.698 12.4945 0.0 
50000 158 224.806 23136.277 105.086 12.3293 0.0 
51000 160 239.384 23637.7 112.891 13.2155 0.0 
52000 162 258.024 24086.717 121.525 14.3534 0.0 
53000 165 262.87 24542.926 123.486 14.6866 0.0 
54000 167 272.46 25020.491 128.604 15.2781 0.0 
55000 168 269.951 25527.126 127.135 15.1414 0.0 
56000 169 284.552 26039.899 134.762 16.0208 0.0 
57000 170 298.861 26468.412 142.427 16.8761 0.0 
58000 171 312.884 26925.819 148.066 17.7189 0.0 
59000 172 326.626 27317.229 154.265 18.5486 0.0 
60000 173 340.093 27819.15 158.948 19.3506 0.0 
61000 174 353.292 28410.202 165.959 20.1404 0.0 
62000 175 366.226 28967.053 174.372 20.9196 0.0 
63000 176 378.901 29550.477 182.047 21.6755 0.0 
64000 177 391.323 30021.731 190.025 22.4166 0.0 
65000 178 403.497 30504.419 195.707 23.1535 0.0 
66000 179 415.427 30969.773 201.379 23.8745 0.0 
67000 180 427.118 31461.437 206.765 24.5823 0.0 
68000 181 438.576 32032.45 212.424 25.2803 0.0 
69000 182 449.804 32481.113 219.576 25.9467 0.0 
70000 183 460.808 32909.791 224.064 26.6016 0.0 
71000 184 471.592 33397.893 228.179 27.2391 0.0 
72000 185 482.16 33846.049 233.413 27.8748 0.0 
73000 186 492.517 34469.4 237.635 28.4959 0.0 
74000 187 502.667 34964.125 245.543 29.0978 0.0 
75000 188 512.613 35384.08 250.355 29.6934 0.0 
76000 189 522.361 35964.571 253.672 30.2937 0.0 
77000 190 531.914 36553.341 260.363 30.8742 0.0 
78000 191 541.276 37099.86 266.958 31.4364 0.0 
79000 192 550.45 37615.381 272.488 31.9785 0.0 
80000 193 559.441 38154.477 277.378 32.51 0.0 
81000 194 568.252 38819.062 282.586 33.0429 0.0 
82000 195 576.887 39232.593 290.273 33.5659 0.0 
83000 196 585.349 39696.118 292.603 34.0747 0.0 
84000 197 593.643 40116.69 296.102 34.5669 0.0 
85000 199 603.594 40644.464 299.119 35.1635 0.0 
86000 200 611.522 41299.476 305.908 35.6421 0.0 
87000 201 619.292 41808.224 310.568 36.1043 0.0 
88000 202 626.906 42341.59 315.199 36.5577 0.0 
89000 203 634.368 42794.718 318.691 36.9964 0.0 
90000 204 641.681 43339.751 322.09 37.4346 0.0 
91000 205 648.847 43972.853 328.071 37.854 0.0 
92000 206 655.87 44433.004 331.49 38.276 0.0 
93000 207 662.753 44959.122 335.395 38.6867 0.0 
94000 208 669.498 45556.049 340.174 39.0872 0.0 
95000 209 676.108 46031.333 343.074 39.4847 0.0 
96000 210 682.586 46457.049 345.022 39.8827 0.0 
97000 211 688.934 47064.316 350.077 40.268 0.0 
98000 212 695.155 47616.946 354.538 40.6357 0.0 
99000 213 701.252 48165.962 358.167 41.001 0.0 
100000 214 707.227 48743.108 362.403 41.3691 0.0 
101000 215 713.082 49301.529 366.068 41.7163 0.0 
102000 216 718.821 49800.119 368.404 42.0596 0.0 
103000 217 724.444 50334.631 372.899 42.4081 0.0 
104000 218 729.955 50861.483 375.543 42.7369 0.0 
105000 219 735.356 51376.032 378.559 43.0491 0.0 
106000 220 740.649 51971.105 382.247 43.3636 0.0 
107000 221 745.836 52568.93 386.463 43.6785 0.0 
108000 222 750.92 53013.943 388.334 43.998 0.0 
109000 223 755.901 53589.006 391.566 44.2948 0.0 
110000 224 760.783 54073.468 393.065 44.5826 0.0 
111000 225 765.567 54540.155 395.26 44.8727 0.0 
112000 226 770.256 55116.303 398.749 45.1644 0.0 
113000 227 774.851 55684.546 401.916 45.4336 0.0 
114000 228 779.354 56248.417 405.514 45.7026 0.0 
115000 229 783.767 56734.195 407.623 45.9602 0.0 
116000 230 788.092 57257.229 408.855 46.216 0.0 
117000 231 792.33 57777.739 411.536 46.4822 0.0 
118000 232 796.483 58226.214 412.064 46.7372 0.0 
119000 233 800.553 58714.596 413.243 46.9825 0.0 
120000 234 804.542 59274.436 416.411 47.2157 0.0 
121000 235 808.452 59788.855 419.306 47.4496 0.0 
122000 236 812.283 60280.348 420.339 47.6831 0.0 
123000 237 816.037 60788.98 422.327 47.8958 0.0 
124000 238 819.716 61235.239 423.183 48.1142 0.0 
125000 239 823.322 61685.154 423.054 48.3402 0.0 
126000 240 826.855 62157.085 423.874 48.5509 0.0 
127000 241 830.318 62612.151 424.946 48.7634 0.0 
128000 242 833.712 63133.327 426.06 48.972 0.0 
129000 243 837.038 63611.958 427.408 49.1831 0.0 
130000 244 840.297 64119.838 429.221 49.3824 0.0 
131000 245 843.491 64575.655 430.171 49.5871 0.0 
132000 246 846.621 65043.677 430.388 49.7845 0.0 
133000 247 849.689 65535.643 431.922 49.9752 0.0 
134000 248 852.695 65958.24 431.962 50.1622 0.0 
135000 249 855.641 66382.262 431.976 50.3365 0.0 
136000 250 853.348 66818.559 429.729 50.2144 0.0 
137000 251 856.281 67274.737 429.593 50.3882 0.0 
138000 252 859.156 67735.292 430.052 50.5644 0.0 
139000 253 861.973 68240.477 431.148 50.7308 0.0 
140000 254 864.733 68753.673 432.903 50.8942 0.0 
141000 255 867.438 69261.567 435.018 51.0472 0.0 
142000 256 870.09 69729.919 435.839 51.2034 0.0 
143000 257 872.688 70276.831 437.3 51.3715 0.0 
144000 258 875.234 70832.299 439.167 51.5173 0.0 
145000 259 877.729 71403.936 441.79 51.6611 0.0 
146000 260 880.175 71949.545 444.48 51.8147 0.0 
147000 261 882.571 72380.644 445.633 51.9541 0.0 
148000 262 884.92 73003.653 446.69 52.0887 0.0 
149000 263 887.222 73556.889 450.041 52.2235 0.0 
150000 264 889.477 74059.775 451.375 52.3551 0.0 
151000 265 891.688 74620.1 452.358 52.4941 0.0 
152000 266 893.854 75163.992 454.488 52.6257 0.0 
153000 267 895.977 75658.19 455.646 52.7601 0.0 
154000 268 898.057 76158.174 456.943 52.8781 0.0 
155000 269 900.096 76650.615 457.569 53.002 0.0 
156000 270 902.094 77123.124 458.951 53.1125 0.0 
157000 271 904.052 77598.43 458.459 53.235 0.0 
158000 272 905.971 78117.622 458.894 53.3545 0.0 
159000 273 907.852 78687.332 460.82 53.4712 0.0 
160000 274 909.695 79270.781 463.058 53.591 0.0 
161000 275 911.501 79826.711 465.689 53.7004 0.0 
162000 276 913.271 80271.076 466.832 53.8061 0.0 
163000 277 915.005 80739.982 465.058 53.9027 0.0 
164000 278 916.705 81310.043 467.189 54.0075 0.0 
165000 279 918.371 81857.884 469.255 54.1037 0.0 
166000 280 920.004 82383.669 470.288 54.189 0.0 
167000 281 921.604 82893.861 470.852 54.2851 0.0 
168000 282 923.172 83480.969 472.369 54.3763 0.0 
169000 283 924.708 84094.008 474.899 54.4571 0.0 
170000 284 926.214 84737.066 478.833 54.5402 0.0 
171000 285 927.69 85320.016 481.224 54.63 0.0 
172000 286 929.136 85839.788 482.802 54.7135 0.0 
173000 287 930.553 86367.116 482.72 54.8074 0.0 
174000 288 931.942 86953.445 484.666 54.8801 0.0 
175000 289 933.303 87584.244 486.805 54.9599 0.0 
176000 290 934.637 88249.554 491.26 55.0359 0.0 
177000 291 935.945 88917.508 493.859 55.1271 0.0 
178000 292 937.226 89558.342 496.772 55.2093 0.0 
179000 293 938.481 90194.23 499.22 55.2758 0.0 
180000 294 939.711 90879.52 502.807 55.3456 0.0 
181000 295 940.917 91520.032 506.288 55.4328 0.0 
182000 296 942.099 92035.581 508.59 55.5017 0.0 
183000 297 943.257 92518.507 507.678 55.5793 0.0 
184000 298 944.392 93109.102 509.018 55.6408 0.0 
185000 299 945.504 93704.061 509.813 55.7054 0.0 
186000 300 946.594 94322.34 511.671 55.7642 0.0 
187000 301 947.662 94899.492 514.194 55.8323 0.0 
188000 302 948.709 95447.637 514.691 55.8893 0.0 
189000 303 949.735 96095.017 517.023 55.963 0.0 
190000 304 950.74 96796.745 517.539 56.0204 0.0 
191000 305 951.725 97499.262 524.39 56.0815 0.0 
192000 306 952.691 98029.799 525.83 56.1471 0.0 
193000 307 953.637 98486.218 523.426 56.2049 0.0 
194000 308 954.564 99234.485 526.481 56.2586 0.0 
195000 309 955.473 99757.175 529.053 56.3162 0.0 
196000 310 956.363 100534.238 530.867 56.379 0.0 
197000 311 957.236 101292.33 534.389 56.4424 0.0 
198000 312 958.091 102018.972 539.713 56.4999 0.0 
199000 313 958.929 102831.51 544.106 56.5488 0.0 
200000 314 959.751 103647.182 549.327 56.604 0.0 
201000 315 960.556 104290.199 553.846 56.6491 0.0 
202000 316 961.345 105097.558 556.54 56.6984 0.0 
203000 317 962.118 105901.544 562.181 56.7439 0.0 
204000 318 962.876 106605.147 565.39 56.79 0.0 
205000 319 963.618 107455.078 569.117 56.828 0.0 
206000 320 964.346 108141.431 572.847 56.8815 0.0 
207000 321 965.059 108917.338 576.875 56.9272 0.0 
208000 322 965.758 109700.469 579.483 56.9653 0.0 
209000 323 966.442 110443.782 585.313 56.9933 0.0 
210000 324 967.114 111134.981 585.834 57.0322 0.0 
211000 325 967.771 111982.948 590.338 57.064 0.0 
212000 326 968.416 112854.836 595.824 57.1032 0.0 
213000 327 969.048 113694.246 600.512 57.13 0.0 
214000 328 969.667 114402.573 604.944 57.1699 0.0 
215000 329 970.273 114980.303 608.622 57.2127 0.0 
216000 330 970.868 115530.674 601.912 57.2555 0.0 
217000 331 971.45 116170.358 604.055 57.2851 0.0 
218000 332 972.021 116756.108 604.487 57.3396 0.0 
219000 333 972.581 117546.43 606.156 57.3763 0.0 
220000 334 973.129 118289.027 608.954 57.4032 0.0 
221000 335 973.667 119067.867 613.368 57.4351 0.0 
222000 336 974.193 119772.609 616.225 57.4704 0.0 
223000 337 974.71 120574.923 616.739 57.5033 0.0 
224000 338 975.215 121144.306 618.958 57.5255 0.0 
225000 339 975.711 121916.6 620.235 57.5526 0.0 
226000 340 976.197 122464.715 619.558 57.5811 0.0 
227000 341 976.673 123200.811 620.477 57.6141 0.0 
228000 342 977.139 123702.602 620.772 57.6444 0.0 
229000 343 977.597 124344.445 620.446 57.6722 0.0 
230000 344 978.045 125157.246 624.14 57.6869 0.0 
231000 345 978.484 125853.953 624.356 57.7168 0.0 
232000 346 978.914 126487.169 625.655 57.7381 0.0 
233000 347 979.336 127014.643 625.118 57.7603 0.0 
234000 348 979.749 127522.103 622.451 57.7774 0.0 
235000 349 980.154 128249.22 623.242 57.7943 0.0 
