904 10 81 -2192.478 -140.771 -147.036 0.4289 
1779 20 92 -3800.391 -120.582 -151.292 0.7635 
2729 30 92 -5919.066 -193.023 -188.216 0.7498 
3694 40 155 -7963.635 -165.012 -201.184 0.7854 
4757 50 95 -9627.983 -133.28 -180.999 0.7828 
5706 60 74 -11441.688 -46.44 -174.431 0.7296 
6765 70 70 -12725.85 -73.104 -150.126 0.7396 
7649 80 86 -14457.665 -116.217 -161.645 0.6693 
8567 90 85 -16179.259 -294.831 -173.53 0.6511 
9471 100 113 -17436.326 -233.881 -148.601 0.6511 
10378 110 76 -18867.319 -114.739 -142.614 0.6472 
11406 120 105 -20388.398 -104.289 -146.712 0.7015 
12403 130 117 -21895.252 -21.489 -142.586 0.7147 
13376 140 72 -23515.845 -123.82 -157.901 0.7596 
14312 150 77 -25357.46 -80.894 -166.19 0.7876 
15178 160 94 -26408.213 -143.121 -126.877 0.7326 
16130 170 103 -28107.728 -105.298 -147.429 0.8153 
16984 180 66 -28926.269 -60.342 -106.338 0.7253 
17890 190 73 -30611.057 -101.195 -141.891 0.7292 
18835 200 67 -31682.112 -80.112 -120.621 0.7472 
19787 210 108 -33101.585 -87.768 -131.912 0.7404 
20730 220 136 -34330.212 -96.7 -127.931 0.7915 
21690 230 76 -35446.937 -71.108 -116.808 0.8509 
22648 240 97 -36845.827 -212.018 -131.037 0.8604 
23955 250 144 -38660.338 -87.572 -153.7 1.0145 
25012 260 93 -40102.876 -251.276 -149.188 1.1829 
26198 270 167 -41869.574 -313.12 -169.889 1.1271 
27324 280 85 -43401.412 -159.608 -153.143 1.0063 
28272 290 80 -44567.255 -55.964 -122.205 0.906 
29332 300 96 -46028.142 -171.934 -138.444 0.9127 
31155 310 126 -46885.461 -96.129 -99.931 1.6021 
32146 320 86 -48314.215 -228.553 -130.826 1.1721 
33154 330 83 -49774.523 -208.538 -142.848 0.9756 
33979 340 92 -50762.439 -148.322 -117.847 0.8422 
34796 350 80 -51830.707 -80.241 -109.135 0.8751 
36561 360 88 -52540.434 -132.792 -84.158 1.4653 
37527 370 125 -53744.58 -72.541 -103.856 0.9986 
38389 380 108 -54885.408 -271.263 -115.306 0.816 
39239 390 91 -55784.535 -84.472 -98.887 0.7677 
40261 400 94 -57166.205 -95.514 -122.413 0.8229 
41242 410 106 -58213.836 -145.568 -113.266 0.8583 
42158 420 84 -59120.5 -108.747 -96.231 0.788 
43272 430 133 -59967.374 -137.366 -89.438 0.9281 
44292 440 122 -60997.889 -54.955 -99.525 0.8583 
45406 450 69 -61998.189 -59.458 -97.947 0.8637 
46543 460 118 -63089.036 -119.989 -106.384 0.9334 
47579 470 102 -63854.542 -60.106 -87.722 0.8775 
48511 480 98 -64727.072 -79.005 -85.665 0.8419 
49587 490 101 -65605.793 -39.362 -86.975 0.9332 
51634 500 1000 -66294.458 12.916 -73.992 1.8435 
52727 510 112 -67104.668 -92.135 -77.099 1.3071 
54693 520 93 -67814.276 -40.707 -76.156 1.8782 
55677 530 74 -68358.231 -66.246 -63.528 1.1543 
56843 540 204 -68993.061 -186.763 -70.073 1.2003 
