1000 1 4.92 -242.657 -2.19 0.1181 0.0 
2000 2 34.862 -422.991 -7.475 0.5412 0.0 
3000 3 42.764 -711.058 -10.975 0.6956 0.0 
4000 4 68.429 -1008.459 -17.82 1.1023 0.0 
5000 4 68.429 -1208.459 -17.82 1.1023 0.0 
6000 5 97.1 -1381.368 -23.424 1.6561 0.0 
7000 6 125.198 -1543.147 -28.288 2.254 0.0 
8000 6 125.198 -1733.59 -28.288 2.254 0.0 
9000 7 152.735 -1921.363 -32.899 2.8473 0.0 
10000 8 179.02 -2199.769 -39.693 3.41 0.0 
11000 9 194.119 -2476.796 -44.187 3.77 0.0 
12000 10 220.277 -2667.839 -49.049 4.3548 0.0 
13000 11 220.392 -2942.803 -50.789 4.3766 0.0 
14000 12 246.024 -3139.322 -55.284 4.9114 0.0 
15000 12 246.024 -3311.883 -55.284 4.9114 0.0 
16000 13 270.283 -3611.465 -61.388 5.4279 0.0 
17000 14 294.918 -3807.708 -66.093 5.9625 0.0 
18000 16 309.056 -4179.517 -72.443 6.3676 0.0 
19000 24 282.829 -5146.115 -79.67 6.1476 0.0 
20000 37 234.591 -5843.211 -73.896 5.4687 0.0 
21000 38 238.919 -6132.759 -75.525 5.6253 0.0 
22000 39 248.761 -6431.281 -78.805 5.8938 0.0 
23000 41 269.285 -6829.164 -85.687 6.3985 0.0 
24000 44 277.917 -7320.948 -91.264 6.6891 0.0 
25000 47 272.721 -7820.348 -93.96 6.6478 0.0 
26000 49 280.219 -8207.31 -97.775 6.9202 0.0 
27000 51 299.556 -8565.296 -103.057 7.5007 0.0 
28000 51 299.556 -8750.919 -103.057 7.5007 0.0 
29000 53 318.008 -9134.238 -108.279 8.03 0.0 
30000 54 330.728 -9419.365 -111.915 8.4124 0.0 
31000 55 350.153 -9718.124 -116.598 8.9416 0.0 
32000 55 350.153 -9918.124 -116.598 8.9416 0.0 
33000 56 373.19 -10108.523 -120.253 9.562 0.0 
34000 58 379.641 -10491.691 -123.451 9.7637 0.0 
35000 59 397.088 -10785.621 -127.707 10.227 0.0 
36000 60 398.607 -11066.534 -128.924 10.28 0.0 
37000 61 420.675 -11266.534 -131.975 10.8497 0.0 
38000 64 412.86 -11737.052 -132.902 10.7265 0.0 
39000 65 433.223 -11989.934 -137.423 11.2338 0.0 
40000 66 440.038 -12248.469 -138.544 11.4108 0.0 
41000 66 440.038 -12417.476 -138.544 11.4108 0.0 
42000 67 461.278 -12570.575 -141.161 11.9644 0.0 
43000 68 482.092 -12757.817 -143.189 12.4938 0.0 
44000 69 497.01 -13057.617 -147.197 12.8619 0.0 
45000 70 506.25 -13357.417 -150.085 13.1068 0.0 
46000 72 509.087 -13512.931 -148.372 13.2245 0.0 
47000 79 450.328 -14147.978 -138.64 11.9099 0.0 
48000 80 471.361 -14177.492 -139.801 12.4552 0.0 
49000 82 462.274 -13756.384 -133.794 12.2856 0.0 
50000 85 456.035 -14029.65 -121.345 12.3092 0.0 
51000 86 476.954 -14224.4 -123.749 12.8648 0.0 
52000 86 476.954 -14420.786 -123.749 12.8648 0.0 
53000 87 497.455 -14578.394 -127.209 13.3442 0.0 
54000 88 511.026 -14769.289 -128.986 13.7515 0.0 
55000 91 504.058 -15172.125 -129.632 13.624 0.0 
56000 92 500.937 -15359.732 -129.84 13.6013 0.0 
57000 93 520.958 -15543.354 -131.273 14.0876 0.0 
58000 93 520.958 -15720.455 -131.273 14.0876 0.0 
59000 94 540.579 -15876.849 -133.433 14.5804 0.0 
60000 95 559.807 -16048.592 -136.125 15.1128 0.0 
61000 96 572.051 -16331.318 -139.771 15.4446 0.0 
62000 96 572.051 -16528.689 -139.771 15.4446 0.0 
63000 97 585.05 -16822.844 -143.465 15.7813 0.0 
64000 98 603.389 -15967.828 -136.291 16.3516 0.0 
65000 107 527.715 -16354.537 -112.918 14.68 0.0 
66000 113 486.07 -16345.172 -100.89 13.6974 0.0 
67000 118 457.817 -16024.254 -84.827 13.193 0.0 
68000 118 457.817 -15792.569 -84.827 13.193 0.0 
69000 119 478.701 -15321.323 -74.767 14.3289 0.0 
70000 121 485.746 -14747.424 -56.49 14.84 0.0 
71000 122 494.611 -13868.242 -42.548 15.3382 0.0 
72000 123 498.679 -13150.265 -31.836 15.6221 0.0 
73000 125 502.439 -11626.274 -1.713 16.0183 0.0 
74000 127 503.22 -10125.551 28.386 16.2978 0.0 
75000 131 489.379 -8674.502 62.876 16.1681 0.0 
76000 134 479.361 -6731.481 94.145 16.0416 0.0 
77000 139 451.456 -5340.219 107.495 15.248 0.0 
78000 142 445.07 -3146.198 148.872 15.2334 0.0 
79000 147 424.393 -1672.977 168.051 14.6602 0.0 
80000 151 406.178 -32.977 174.769 14.1485 0.0 
81000 154 402.315 2044.916 206.32 14.1941 0.0 
82000 158 394.974 4056.48 240.887 14.1091 0.0 
83000 161 390.913 6470.445 273.127 14.0818 0.0 
84000 164 386.687 8526.82 294.747 14.0211 0.0 
85000 166 384.755 10693.074 315.295 14.0492 0.0 
86000 170 379.39 12818.657 339.714 14.0119 0.0 
87000 173 374.837 15335.384 361.356 13.9413 0.0 
88000 177 363.66 17913.373 382.506 13.6624 0.0 
89000 181 358.611 20276.322 408.026 13.6618 0.0 
90000 184 354.748 22984.291 430.875 13.6495 0.0 
91000 188 350.863 25244.214 452.515 13.6565 0.0 
92000 191 349.031 27654.827 471.006 13.6737 0.0 
93000 194 346.499 30220.359 490.236 13.6637 0.0 
94000 197 341.362 32344.027 494.938 13.5311 0.0 
95000 201 339.894 34852.223 516.002 13.6284 0.0 
96000 205 333.581 37384.066 526.925 13.5106 0.0 
97000 208 331.003 40235.406 544.253 13.4897 0.0 
98000 211 330.026 42492.299 554.944 13.5735 0.0 
99000 214 329.075 45075.213 570.848 13.6009 0.0 
100000 217 329.219 47660.468 586.17 13.6797 0.0 
